<?xml version="1.0" encoding="UTF-8" standalone="yes"?>
<testsuites name="TS_checkURLTokenValidity" time="4" tests="7" failures="0" errors="0">
    <testsuite name="TS_checkURLTokenValidity" tests="7" failures="0" errors="0" time="4" timestamp="2019-12-18 09:37:39" hostname="Silvi - LAPTOP-ALMT97O4" id="Test Suites/Dashboard_App/TS_checkURLTokenValidity/TS_checkURLTokenValidity">
        <properties>
            <property name="deviceName" value=""/>
            <property name="devicePlatform" value=""/>
            <property name="logFolder" value="D:\\katalon-ewallet\\Reports\\Dashboard_App\\TS_checkURLTokenValidity\\TS_checkURLTokenValidity\\20191218_093737"/>
            <property name="logFiles" value="D:\\katalon-ewallet\\Reports\\Dashboard_App\\TS_checkURLTokenValidity\\TS_checkURLTokenValidity\\20191218_093737\\execution0.log"/>
            <property name="attachments" value=""/>
            <property name="hostName" value="Silvi - LAPTOP-ALMT97O4"/>
            <property name="hostAddress" value="172.18.4.57"/>
            <property name="os" value="Windows 10 64bit"/>
            <property name="katalonVersion" value="6.2.2.4"/>
        </properties>
        <testcase name="Test Cases/Account/TC_loginMerchant/TC_loginMerchantSysAdmin" classname="Test Cases/Account/TC_loginMerchant/TC_loginMerchantSysAdmin" status="PASSED">
            <system-out>2019-12-18 09:37:39 - [TEST_CASE][PASSED] - Test Cases/Account/TC_loginMerchant/TC_loginMerchantSysAdmin: Test Cases/Account/TC_loginMerchant/TC_loginMerchantSysAdmin&#xD;
&#xD;
2019-12-18 09:37:40 - [TEST_STEP][PASSED] - var_enciphered_password = SecureUtils.doEncryptPinRsaEwallet(dev_public_pem_file, var_user_password): null&#xD;
&#xD;
2019-12-18 09:37:41 - [TEST_STEP][PASSED] - plain = "{" + ""email_address":"" + var_email_address + ""," + ""user_agent":"" + var_user_agent + ""," + ""password":"" + var_enciphered_password + ""}": null&#xD;
&#xD;
2019-12-18 09:37:41 - [TEST_STEP][PASSED] - out.println(plain): null&#xD;
&#xD;
2019-12-18 09:37:41 - [TEST_STEP][PASSED] - encipheredData = SecureUtils.encryptAesEwallet(plain, var_aes_key): null&#xD;
&#xD;
2019-12-18 09:37:41 - [TEST_STEP][PASSED] - body = "{"organisation_id":"" + var_organisation_id + ""," + ""data":"" + encipheredData + ""," + ""lang":"" + var_lang + ""}": null&#xD;
&#xD;
2019-12-18 09:37:41 - [TEST_STEP][PASSED] - out.println(body): null&#xD;
&#xD;
2019-12-18 09:37:41 - [TEST_STEP][PASSED] - request = findTestObject("Account/obj_loginMerchant"): null&#xD;
&#xD;
2019-12-18 09:37:41 - [TEST_STEP][PASSED] - request.setBodyContent(new com.kms.katalon.core.testobject.impl.HttpTextBodyContent(body, UTF-8, application/json)): null&#xD;
&#xD;
2019-12-18 09:37:41 - [TEST_STEP][PASSED] - response = sendRequest(request): Send request successfully&#xD;
&#xD;
2019-12-18 09:37:42 - [MESSAGE][INFO] - HAR: D:\katalon-ewallet\Reports\Dashboard_App\TS_checkURLTokenValidity\TS_checkURLTokenValidity\20191218_093737\requests\main\0.har&#xD;
&#xD;
2019-12-18 09:37:42 - [MESSAGE][PASSED] - Send request successfully&#xD;
&#xD;
2019-12-18 09:37:42 - [TEST_STEP][PASSED] - body_content = responseBodyContent: null&#xD;
&#xD;
2019-12-18 09:37:42 - [TEST_STEP][PASSED] - status_code = statusCode: null&#xD;
&#xD;
2019-12-18 09:37:42 - [TEST_STEP][PASSED] - out.println(body_content): null&#xD;
&#xD;
2019-12-18 09:37:42 - [TEST_STEP][PASSED] - respDataMap = JsonSlurper().parseText(body_content): null&#xD;
&#xD;
2019-12-18 09:37:42 - [TEST_STEP][PASSED] - out.println(respDataMap): null&#xD;
&#xD;
2019-12-18 09:37:42 - [TEST_STEP][PASSED] - rc_ref = ReturnCodeWrapper(var_expected_rc).getEnumRC(): null&#xD;
&#xD;
2019-12-18 09:37:42 - [TEST_STEP][PASSED] - out.println(var_expected_rc): null&#xD;
&#xD;
2019-12-18 09:37:42 - [TEST_STEP][PASSED] - out.println(rc_ref.getRCName()): null&#xD;
&#xD;
2019-12-18 09:37:42 - [TEST_STEP][PASSED] - out.println(rc_ref.getHttpResponse()): null&#xD;
&#xD;
2019-12-18 09:37:42 - [TEST_STEP][PASSED] - rcIsTrue = verifyEqual(response_code, rc_ref.getRCName()): Actual object 'RC00' and expected object 'RC00' are equal&#xD;
&#xD;
2019-12-18 09:37:42 - [MESSAGE][PASSED] - Actual object 'RC00' and expected object 'RC00' are equal&#xD;
&#xD;
2019-12-18 09:37:42 - [TEST_STEP][PASSED] - httpRespIsTrue = verifyEqual(statusCode, rc_ref.getHttpResponse()): Actual object '200' and expected object '200' are equal&#xD;
&#xD;
2019-12-18 09:37:42 - [MESSAGE][PASSED] - Actual object '200' and expected object '200' are equal&#xD;
&#xD;
2019-12-18 09:37:42 - [TEST_STEP][PASSED] - if (rc_ref == RC00): null&#xD;
&#xD;
2019-12-18 09:37:42 - [TEST_STEP][PASSED] - decipheredResponseData = SecureUtils.decryptAesEwallet(data, var_aes_key): null&#xD;
&#xD;
2019-12-18 09:37:42 - [TEST_STEP][PASSED] - decipheredRespDataMap = JsonSlurper().parseText(decipheredResponseData): null&#xD;
&#xD;
2019-12-18 09:37:42 - [TEST_STEP][PASSED] - out.println(decipheredRespDataMap): null&#xD;
&#xD;
2019-12-18 09:37:42 - [TEST_STEP][PASSED] - access_token_merchant = access_token: null</system-out>
            <system-err></system-err>
        </testcase>
        <testcase name="Test Cases/Dashboard_App/TC_checkURLTokenValidity/TC_checkURLTokenValidity" classname="Test Cases/Dashboard_App/TC_checkURLTokenValidity/TC_checkURLTokenValidity" status="PASSED">
            <system-out>2019-12-18 09:37:42 - [TEST_CASE][PASSED] - Test Cases/Dashboard_App/TC_checkURLTokenValidity/TC_checkURLTokenValidity: Test Cases/Dashboard_App/TC_checkURLTokenValidity/TC_checkURLTokenValidity&#xD;
&#xD;
2019-12-18 09:37:43 - [TEST_STEP][PASSED] - plain = "{""}": null&#xD;
&#xD;
2019-12-18 09:37:43 - [TEST_STEP][PASSED] - out.println("var_merchant_token" + var_merchant_token): null&#xD;
&#xD;
2019-12-18 09:37:43 - [TEST_STEP][PASSED] - out.println("var_partner_token" + var_partner_token): null&#xD;
&#xD;
2019-12-18 09:37:43 - [TEST_STEP][PASSED] - encipheredData = SecureUtils.encryptAesEwallet(plain, var_aes_key): null&#xD;
&#xD;
2019-12-18 09:37:43 - [TEST_STEP][PASSED] - body = "{"data":"" + encipheredData + ""}": null&#xD;
&#xD;
2019-12-18 09:37:43 - [TEST_STEP][PASSED] - out.println(body): null&#xD;
&#xD;
2019-12-18 09:37:43 - [TEST_STEP][PASSED] - println(hostname): null&#xD;
&#xD;
2019-12-18 09:37:43 - [TEST_STEP][PASSED] - println(access_token_merchant): null&#xD;
&#xD;
2019-12-18 09:37:43 - [TEST_STEP][PASSED] - partner_token = partner_token: null&#xD;
&#xD;
2019-12-18 09:37:43 - [TEST_STEP][PASSED] - println(partner_token): null&#xD;
&#xD;
2019-12-18 09:37:43 - [TEST_STEP][PASSED] - request = findTestObject("Dashboard_App/obj_checkURLTokenValidity"): null&#xD;
&#xD;
2019-12-18 09:37:43 - [TEST_STEP][PASSED] - println(request.getRestUrl()): null&#xD;
&#xD;
2019-12-18 09:37:43 - [TEST_STEP][PASSED] - request.setBodyContent(new com.kms.katalon.core.testobject.impl.HttpTextBodyContent(body, UTF-8, application/json)): null&#xD;
&#xD;
2019-12-18 09:37:43 - [TEST_STEP][PASSED] - if (var_merchant_token == "0"): null&#xD;
&#xD;
2019-12-18 09:37:43 - [TEST_STEP][PASSED] - else: null&#xD;
&#xD;
2019-12-18 09:37:43 - [TEST_STEP][PASSED] - out.println("using access-token = " + access_token_merchant): null&#xD;
&#xD;
2019-12-18 09:37:43 - [TEST_STEP][PASSED] - listQuery = new java.util.ArrayList(): null&#xD;
&#xD;
2019-12-18 09:37:43 - [TEST_STEP][PASSED] - listQuery.add(new com.kms.katalon.core.testobject.TestObjectProperty(token, com.kms.katalon.core.testobject.ConditionType.EQUALS, internal.GlobalVariable.access_token_merchant)): null&#xD;
&#xD;
2019-12-18 09:37:43 - [TEST_STEP][PASSED] - println(access_token_merchant): null&#xD;
&#xD;
2019-12-18 09:37:43 - [TEST_STEP][PASSED] - println(partner_token): null&#xD;
&#xD;
2019-12-18 09:37:43 - [TEST_STEP][PASSED] - request.setRestParameters(listQuery): null&#xD;
&#xD;
2019-12-18 09:37:43 - [TEST_STEP][PASSED] - response = sendRequest(request): Send request successfully&#xD;
&#xD;
2019-12-18 09:37:43 - [MESSAGE][INFO] - HAR: D:\katalon-ewallet\Reports\Dashboard_App\TS_checkURLTokenValidity\TS_checkURLTokenValidity\20191218_093737\requests\main\1.har&#xD;
&#xD;
2019-12-18 09:37:43 - [MESSAGE][PASSED] - Send request successfully&#xD;
&#xD;
2019-12-18 09:37:43 - [TEST_STEP][PASSED] - body_content = responseBodyContent: null&#xD;
&#xD;
2019-12-18 09:37:43 - [TEST_STEP][PASSED] - status_code = statusCode: null&#xD;
&#xD;
2019-12-18 09:37:43 - [TEST_STEP][PASSED] - respDataMap = JsonSlurper().parseText(body_content): null&#xD;
&#xD;
2019-12-18 09:37:43 - [TEST_STEP][PASSED] - out.println(respDataMap): null&#xD;
&#xD;
2019-12-18 09:37:43 - [TEST_STEP][PASSED] - println(body_content): null&#xD;
&#xD;
2019-12-18 09:37:43 - [TEST_STEP][PASSED] - rc_ref = ReturnCodeWrapper(var_expected_rc).getEnumRC(): null&#xD;
&#xD;
2019-12-18 09:37:43 - [TEST_STEP][PASSED] - out.println(var_expected_rc): null&#xD;
&#xD;
2019-12-18 09:37:43 - [TEST_STEP][PASSED] - out.println(rc_ref.getRCName()): null&#xD;
&#xD;
2019-12-18 09:37:43 - [TEST_STEP][PASSED] - out.println(rc_ref.getHttpResponse()): null&#xD;
&#xD;
2019-12-18 09:37:43 - [TEST_STEP][PASSED] - result = verifyEqual(response_code, rc_ref.getRCName()): Actual object 'RC09' and expected object 'RC09' are equal&#xD;
&#xD;
2019-12-18 09:37:43 - [MESSAGE][PASSED] - Actual object 'RC09' and expected object 'RC09' are equal&#xD;
&#xD;
2019-12-18 09:37:43 - [TEST_STEP][PASSED] - if (result == false): null&#xD;
&#xD;
2019-12-18 09:37:43 - [TEST_STEP][PASSED] - else: Actual object '401' and expected object '401' are equal&#xD;
&#xD;
2019-12-18 09:37:43 - [TEST_STEP][PASSED] - verifyEqual(statusCode, rc_ref.getHttpResponse()): Actual object '401' and expected object '401' are equal&#xD;
&#xD;
2019-12-18 09:37:43 - [MESSAGE][PASSED] - Actual object '401' and expected object '401' are equal</system-out>
            <system-err></system-err>
        </testcase>
        <testcase name="Test Cases/Dashboard_App/TC_checkURLTokenValidity/TC_checkURLTokenValidity" classname="Test Cases/Dashboard_App/TC_checkURLTokenValidity/TC_checkURLTokenValidity" status="PASSED">
            <system-out>2019-12-18 09:37:43 - [TEST_CASE][PASSED] - Test Cases/Dashboard_App/TC_checkURLTokenValidity/TC_checkURLTokenValidity: Test Cases/Dashboard_App/TC_checkURLTokenValidity/TC_checkURLTokenValidity&#xD;
&#xD;
2019-12-18 09:37:43 - [TEST_STEP][PASSED] - plain = "{""}": null&#xD;
&#xD;
2019-12-18 09:37:43 - [TEST_STEP][PASSED] - out.println("var_merchant_token" + var_merchant_token): null&#xD;
&#xD;
2019-12-18 09:37:43 - [TEST_STEP][PASSED] - out.println("var_partner_token" + var_partner_token): null&#xD;
&#xD;
2019-12-18 09:37:43 - [TEST_STEP][PASSED] - encipheredData = SecureUtils.encryptAesEwallet(plain, var_aes_key): null&#xD;
&#xD;
2019-12-18 09:37:43 - [TEST_STEP][PASSED] - body = "{"data":"" + encipheredData + ""}": null&#xD;
&#xD;
2019-12-18 09:37:43 - [TEST_STEP][PASSED] - out.println(body): null&#xD;
&#xD;
2019-12-18 09:37:43 - [TEST_STEP][PASSED] - println(hostname): null&#xD;
&#xD;
2019-12-18 09:37:43 - [TEST_STEP][PASSED] - println(access_token_merchant): null&#xD;
&#xD;
2019-12-18 09:37:43 - [TEST_STEP][PASSED] - partner_token = partner_token: null&#xD;
&#xD;
2019-12-18 09:37:43 - [TEST_STEP][PASSED] - println(partner_token): null&#xD;
&#xD;
2019-12-18 09:37:43 - [TEST_STEP][PASSED] - request = findTestObject("Dashboard_App/obj_checkURLTokenValidity"): null&#xD;
&#xD;
2019-12-18 09:37:43 - [TEST_STEP][PASSED] - println(request.getRestUrl()): null&#xD;
&#xD;
2019-12-18 09:37:43 - [TEST_STEP][PASSED] - request.setBodyContent(new com.kms.katalon.core.testobject.impl.HttpTextBodyContent(body, UTF-8, application/json)): null&#xD;
&#xD;
2019-12-18 09:37:43 - [TEST_STEP][PASSED] - if (var_merchant_token == "0"): null&#xD;
&#xD;
2019-12-18 09:37:43 - [TEST_STEP][PASSED] - else: null&#xD;
&#xD;
2019-12-18 09:37:43 - [TEST_STEP][PASSED] - out.println("using access-token = " + access_token_merchant): null&#xD;
&#xD;
2019-12-18 09:37:43 - [TEST_STEP][PASSED] - listQuery = new java.util.ArrayList(): null&#xD;
&#xD;
2019-12-18 09:37:43 - [TEST_STEP][PASSED] - listQuery.add(new com.kms.katalon.core.testobject.TestObjectProperty(token, com.kms.katalon.core.testobject.ConditionType.EQUALS, internal.GlobalVariable.access_token_merchant)): null&#xD;
&#xD;
2019-12-18 09:37:43 - [TEST_STEP][PASSED] - println(access_token_merchant): null&#xD;
&#xD;
2019-12-18 09:37:43 - [TEST_STEP][PASSED] - println(partner_token): null&#xD;
&#xD;
2019-12-18 09:37:43 - [TEST_STEP][PASSED] - request.setRestParameters(listQuery): null&#xD;
&#xD;
2019-12-18 09:37:43 - [TEST_STEP][PASSED] - response = sendRequest(request): Send request successfully&#xD;
&#xD;
2019-12-18 09:37:43 - [MESSAGE][INFO] - HAR: D:\katalon-ewallet\Reports\Dashboard_App\TS_checkURLTokenValidity\TS_checkURLTokenValidity\20191218_093737\requests\main\2.har&#xD;
&#xD;
2019-12-18 09:37:43 - [MESSAGE][PASSED] - Send request successfully&#xD;
&#xD;
2019-12-18 09:37:43 - [TEST_STEP][PASSED] - body_content = responseBodyContent: null&#xD;
&#xD;
2019-12-18 09:37:43 - [TEST_STEP][PASSED] - status_code = statusCode: null&#xD;
&#xD;
2019-12-18 09:37:43 - [TEST_STEP][PASSED] - respDataMap = JsonSlurper().parseText(body_content): null&#xD;
&#xD;
2019-12-18 09:37:43 - [TEST_STEP][PASSED] - out.println(respDataMap): null&#xD;
&#xD;
2019-12-18 09:37:43 - [TEST_STEP][PASSED] - println(body_content): null&#xD;
&#xD;
2019-12-18 09:37:43 - [TEST_STEP][PASSED] - rc_ref = ReturnCodeWrapper(var_expected_rc).getEnumRC(): null&#xD;
&#xD;
2019-12-18 09:37:43 - [TEST_STEP][PASSED] - out.println(var_expected_rc): null&#xD;
&#xD;
2019-12-18 09:37:43 - [TEST_STEP][PASSED] - out.println(rc_ref.getRCName()): null&#xD;
&#xD;
2019-12-18 09:37:43 - [TEST_STEP][PASSED] - out.println(rc_ref.getHttpResponse()): null&#xD;
&#xD;
2019-12-18 09:37:43 - [TEST_STEP][PASSED] - result = verifyEqual(response_code, rc_ref.getRCName()): Actual object 'RC09' and expected object 'RC09' are equal&#xD;
&#xD;
2019-12-18 09:37:43 - [MESSAGE][PASSED] - Actual object 'RC09' and expected object 'RC09' are equal&#xD;
&#xD;
2019-12-18 09:37:43 - [TEST_STEP][PASSED] - if (result == false): null&#xD;
&#xD;
2019-12-18 09:37:43 - [TEST_STEP][PASSED] - else: Actual object '401' and expected object '401' are equal&#xD;
&#xD;
2019-12-18 09:37:43 - [TEST_STEP][PASSED] - verifyEqual(statusCode, rc_ref.getHttpResponse()): Actual object '401' and expected object '401' are equal&#xD;
&#xD;
2019-12-18 09:37:43 - [MESSAGE][PASSED] - Actual object '401' and expected object '401' are equal</system-out>
            <system-err></system-err>
        </testcase>
        <testcase name="Test Cases/Dashboard_App/TC_checkURLTokenValidity/TC_checkURLTokenValidity" classname="Test Cases/Dashboard_App/TC_checkURLTokenValidity/TC_checkURLTokenValidity" status="PASSED">
            <system-out>2019-12-18 09:37:43 - [TEST_CASE][PASSED] - Test Cases/Dashboard_App/TC_checkURLTokenValidity/TC_checkURLTokenValidity: Test Cases/Dashboard_App/TC_checkURLTokenValidity/TC_checkURLTokenValidity&#xD;
&#xD;
2019-12-18 09:37:43 - [TEST_STEP][PASSED] - plain = "{""}": null&#xD;
&#xD;
2019-12-18 09:37:43 - [TEST_STEP][PASSED] - out.println("var_merchant_token" + var_merchant_token): null&#xD;
&#xD;
2019-12-18 09:37:43 - [TEST_STEP][PASSED] - out.println("var_partner_token" + var_partner_token): null&#xD;
&#xD;
2019-12-18 09:37:43 - [TEST_STEP][PASSED] - encipheredData = SecureUtils.encryptAesEwallet(plain, var_aes_key): null&#xD;
&#xD;
2019-12-18 09:37:43 - [TEST_STEP][PASSED] - body = "{"data":"" + encipheredData + ""}": null&#xD;
&#xD;
2019-12-18 09:37:43 - [TEST_STEP][PASSED] - out.println(body): null&#xD;
&#xD;
2019-12-18 09:37:43 - [TEST_STEP][PASSED] - println(hostname): null&#xD;
&#xD;
2019-12-18 09:37:43 - [TEST_STEP][PASSED] - println(access_token_merchant): null&#xD;
&#xD;
2019-12-18 09:37:43 - [TEST_STEP][PASSED] - partner_token = partner_token: null&#xD;
&#xD;
2019-12-18 09:37:43 - [TEST_STEP][PASSED] - println(partner_token): null&#xD;
&#xD;
2019-12-18 09:37:43 - [TEST_STEP][PASSED] - request = findTestObject("Dashboard_App/obj_checkURLTokenValidity"): null&#xD;
&#xD;
2019-12-18 09:37:43 - [TEST_STEP][PASSED] - println(request.getRestUrl()): null&#xD;
&#xD;
2019-12-18 09:37:43 - [TEST_STEP][PASSED] - request.setBodyContent(new com.kms.katalon.core.testobject.impl.HttpTextBodyContent(body, UTF-8, application/json)): null&#xD;
&#xD;
2019-12-18 09:37:43 - [TEST_STEP][PASSED] - if (var_merchant_token == "0"): null&#xD;
&#xD;
2019-12-18 09:37:43 - [TEST_STEP][PASSED] - else: null&#xD;
&#xD;
2019-12-18 09:37:43 - [TEST_STEP][PASSED] - out.println("using access-token = " + access_token_merchant): null&#xD;
&#xD;
2019-12-18 09:37:43 - [TEST_STEP][PASSED] - listQuery = new java.util.ArrayList(): null&#xD;
&#xD;
2019-12-18 09:37:43 - [TEST_STEP][PASSED] - listQuery.add(new com.kms.katalon.core.testobject.TestObjectProperty(token, com.kms.katalon.core.testobject.ConditionType.EQUALS, internal.GlobalVariable.access_token_merchant)): null&#xD;
&#xD;
2019-12-18 09:37:43 - [TEST_STEP][PASSED] - println(access_token_merchant): null&#xD;
&#xD;
2019-12-18 09:37:43 - [TEST_STEP][PASSED] - println(partner_token): null&#xD;
&#xD;
2019-12-18 09:37:43 - [TEST_STEP][PASSED] - request.setRestParameters(listQuery): null&#xD;
&#xD;
2019-12-18 09:37:43 - [TEST_STEP][PASSED] - response = sendRequest(request): Send request successfully&#xD;
&#xD;
2019-12-18 09:37:44 - [MESSAGE][INFO] - HAR: D:\katalon-ewallet\Reports\Dashboard_App\TS_checkURLTokenValidity\TS_checkURLTokenValidity\20191218_093737\requests\main\3.har&#xD;
&#xD;
2019-12-18 09:37:44 - [MESSAGE][PASSED] - Send request successfully&#xD;
&#xD;
2019-12-18 09:37:44 - [TEST_STEP][PASSED] - body_content = responseBodyContent: null&#xD;
&#xD;
2019-12-18 09:37:44 - [TEST_STEP][PASSED] - status_code = statusCode: null&#xD;
&#xD;
2019-12-18 09:37:44 - [TEST_STEP][PASSED] - respDataMap = JsonSlurper().parseText(body_content): null&#xD;
&#xD;
2019-12-18 09:37:44 - [TEST_STEP][PASSED] - out.println(respDataMap): null&#xD;
&#xD;
2019-12-18 09:37:44 - [TEST_STEP][PASSED] - println(body_content): null&#xD;
&#xD;
2019-12-18 09:37:44 - [TEST_STEP][PASSED] - rc_ref = ReturnCodeWrapper(var_expected_rc).getEnumRC(): null&#xD;
&#xD;
2019-12-18 09:37:44 - [TEST_STEP][PASSED] - out.println(var_expected_rc): null&#xD;
&#xD;
2019-12-18 09:37:44 - [TEST_STEP][PASSED] - out.println(rc_ref.getRCName()): null&#xD;
&#xD;
2019-12-18 09:37:44 - [TEST_STEP][PASSED] - out.println(rc_ref.getHttpResponse()): null&#xD;
&#xD;
2019-12-18 09:37:44 - [TEST_STEP][PASSED] - result = verifyEqual(response_code, rc_ref.getRCName()): Actual object 'RC00' and expected object 'RC00' are equal&#xD;
&#xD;
2019-12-18 09:37:44 - [MESSAGE][PASSED] - Actual object 'RC00' and expected object 'RC00' are equal&#xD;
&#xD;
2019-12-18 09:37:44 - [TEST_STEP][PASSED] - if (result == false): null&#xD;
&#xD;
2019-12-18 09:37:44 - [TEST_STEP][PASSED] - else: Actual object '200' and expected object '200' are equal&#xD;
&#xD;
2019-12-18 09:37:44 - [TEST_STEP][PASSED] - verifyEqual(statusCode, rc_ref.getHttpResponse()): Actual object '200' and expected object '200' are equal&#xD;
&#xD;
2019-12-18 09:37:44 - [MESSAGE][PASSED] - Actual object '200' and expected object '200' are equal</system-out>
            <system-err></system-err>
        </testcase>
        <testcase name="Test Cases/Dashboard_App/TC_checkURLTokenValidity/TC_checkURLTokenValidity" classname="Test Cases/Dashboard_App/TC_checkURLTokenValidity/TC_checkURLTokenValidity" status="PASSED">
            <system-out>2019-12-18 09:37:44 - [TEST_CASE][PASSED] - Test Cases/Dashboard_App/TC_checkURLTokenValidity/TC_checkURLTokenValidity: Test Cases/Dashboard_App/TC_checkURLTokenValidity/TC_checkURLTokenValidity&#xD;
&#xD;
2019-12-18 09:37:44 - [TEST_STEP][PASSED] - plain = "{""}": null&#xD;
&#xD;
2019-12-18 09:37:44 - [TEST_STEP][PASSED] - out.println("var_merchant_token" + var_merchant_token): null&#xD;
&#xD;
2019-12-18 09:37:44 - [TEST_STEP][PASSED] - out.println("var_partner_token" + var_partner_token): null&#xD;
&#xD;
2019-12-18 09:37:44 - [TEST_STEP][PASSED] - encipheredData = SecureUtils.encryptAesEwallet(plain, var_aes_key): null&#xD;
&#xD;
2019-12-18 09:37:44 - [TEST_STEP][PASSED] - body = "{"data":"" + encipheredData + ""}": null&#xD;
&#xD;
2019-12-18 09:37:44 - [TEST_STEP][PASSED] - out.println(body): null&#xD;
&#xD;
2019-12-18 09:37:44 - [TEST_STEP][PASSED] - println(hostname): null&#xD;
&#xD;
2019-12-18 09:37:44 - [TEST_STEP][PASSED] - println(access_token_merchant): null&#xD;
&#xD;
2019-12-18 09:37:44 - [TEST_STEP][PASSED] - partner_token = partner_token: null&#xD;
&#xD;
2019-12-18 09:37:44 - [TEST_STEP][PASSED] - println(partner_token): null&#xD;
&#xD;
2019-12-18 09:37:44 - [TEST_STEP][PASSED] - request = findTestObject("Dashboard_App/obj_checkURLTokenValidity"): null&#xD;
&#xD;
2019-12-18 09:37:44 - [TEST_STEP][PASSED] - println(request.getRestUrl()): null&#xD;
&#xD;
2019-12-18 09:37:44 - [TEST_STEP][PASSED] - request.setBodyContent(new com.kms.katalon.core.testobject.impl.HttpTextBodyContent(body, UTF-8, application/json)): null&#xD;
&#xD;
2019-12-18 09:37:44 - [TEST_STEP][PASSED] - if (var_merchant_token == "0"): null&#xD;
&#xD;
2019-12-18 09:37:44 - [TEST_STEP][PASSED] - out.println("using partner-token"): null&#xD;
&#xD;
2019-12-18 09:37:44 - [TEST_STEP][PASSED] - access_token_merchant = var_access_token: null&#xD;
&#xD;
2019-12-18 09:37:44 - [TEST_STEP][PASSED] - println(access_token_merchant): null&#xD;
&#xD;
2019-12-18 09:37:44 - [TEST_STEP][PASSED] - println(partner_token): null&#xD;
&#xD;
2019-12-18 09:37:44 - [TEST_STEP][PASSED] - response = sendRequest(request): Send request successfully&#xD;
&#xD;
2019-12-18 09:37:44 - [MESSAGE][INFO] - HAR: D:\katalon-ewallet\Reports\Dashboard_App\TS_checkURLTokenValidity\TS_checkURLTokenValidity\20191218_093737\requests\main\4.har&#xD;
&#xD;
2019-12-18 09:37:44 - [MESSAGE][PASSED] - Send request successfully&#xD;
&#xD;
2019-12-18 09:37:44 - [TEST_STEP][PASSED] - body_content = responseBodyContent: null&#xD;
&#xD;
2019-12-18 09:37:44 - [TEST_STEP][PASSED] - status_code = statusCode: null&#xD;
&#xD;
2019-12-18 09:37:44 - [TEST_STEP][PASSED] - respDataMap = JsonSlurper().parseText(body_content): null&#xD;
&#xD;
2019-12-18 09:37:44 - [TEST_STEP][PASSED] - out.println(respDataMap): null&#xD;
&#xD;
2019-12-18 09:37:44 - [TEST_STEP][PASSED] - println(body_content): null&#xD;
&#xD;
2019-12-18 09:37:44 - [TEST_STEP][PASSED] - rc_ref = ReturnCodeWrapper(var_expected_rc).getEnumRC(): null&#xD;
&#xD;
2019-12-18 09:37:44 - [TEST_STEP][PASSED] - out.println(var_expected_rc): null&#xD;
&#xD;
2019-12-18 09:37:44 - [TEST_STEP][PASSED] - out.println(rc_ref.getRCName()): null&#xD;
&#xD;
2019-12-18 09:37:44 - [TEST_STEP][PASSED] - out.println(rc_ref.getHttpResponse()): null&#xD;
&#xD;
2019-12-18 09:37:44 - [TEST_STEP][PASSED] - result = verifyEqual(response_code, rc_ref.getRCName()): Actual object 'RC01' and expected object 'RC01' are equal&#xD;
&#xD;
2019-12-18 09:37:44 - [MESSAGE][PASSED] - Actual object 'RC01' and expected object 'RC01' are equal&#xD;
&#xD;
2019-12-18 09:37:44 - [TEST_STEP][PASSED] - if (result == false): null&#xD;
&#xD;
2019-12-18 09:37:44 - [TEST_STEP][PASSED] - else: Actual object '400' and expected object '400' are equal&#xD;
&#xD;
2019-12-18 09:37:44 - [TEST_STEP][PASSED] - verifyEqual(statusCode, rc_ref.getHttpResponse()): Actual object '400' and expected object '400' are equal&#xD;
&#xD;
2019-12-18 09:37:44 - [MESSAGE][PASSED] - Actual object '400' and expected object '400' are equal</system-out>
            <system-err></system-err>
        </testcase>
        <testcase name="Test Cases/Dashboard_App/TC_checkURLTokenValidity/TC_checkURLTokenValidity" classname="Test Cases/Dashboard_App/TC_checkURLTokenValidity/TC_checkURLTokenValidity" status="PASSED">
            <system-out>2019-12-18 09:37:44 - [TEST_CASE][PASSED] - Test Cases/Dashboard_App/TC_checkURLTokenValidity/TC_checkURLTokenValidity: Test Cases/Dashboard_App/TC_checkURLTokenValidity/TC_checkURLTokenValidity&#xD;
&#xD;
2019-12-18 09:37:44 - [TEST_STEP][PASSED] - plain = "{""}": null&#xD;
&#xD;
2019-12-18 09:37:44 - [TEST_STEP][PASSED] - out.println("var_merchant_token" + var_merchant_token): null&#xD;
&#xD;
2019-12-18 09:37:44 - [TEST_STEP][PASSED] - out.println("var_partner_token" + var_partner_token): null&#xD;
&#xD;
2019-12-18 09:37:44 - [TEST_STEP][PASSED] - encipheredData = SecureUtils.encryptAesEwallet(plain, var_aes_key): null&#xD;
&#xD;
2019-12-18 09:37:44 - [TEST_STEP][PASSED] - body = "{"data":"" + encipheredData + ""}": null&#xD;
&#xD;
2019-12-18 09:37:44 - [TEST_STEP][PASSED] - out.println(body): null&#xD;
&#xD;
2019-12-18 09:37:44 - [TEST_STEP][PASSED] - println(hostname): null&#xD;
&#xD;
2019-12-18 09:37:44 - [TEST_STEP][PASSED] - println(access_token_merchant): null&#xD;
&#xD;
2019-12-18 09:37:44 - [TEST_STEP][PASSED] - partner_token = partner_token: null&#xD;
&#xD;
2019-12-18 09:37:44 - [TEST_STEP][PASSED] - println(partner_token): null&#xD;
&#xD;
2019-12-18 09:37:44 - [TEST_STEP][PASSED] - request = findTestObject("Dashboard_App/obj_checkURLTokenValidity"): null&#xD;
&#xD;
2019-12-18 09:37:44 - [TEST_STEP][PASSED] - println(request.getRestUrl()): null&#xD;
&#xD;
2019-12-18 09:37:44 - [TEST_STEP][PASSED] - request.setBodyContent(new com.kms.katalon.core.testobject.impl.HttpTextBodyContent(body, UTF-8, application/json)): null&#xD;
&#xD;
2019-12-18 09:37:44 - [TEST_STEP][PASSED] - if (var_merchant_token == "0"): null&#xD;
&#xD;
2019-12-18 09:37:44 - [TEST_STEP][PASSED] - out.println("using partner-token"): null&#xD;
&#xD;
2019-12-18 09:37:44 - [TEST_STEP][PASSED] - access_token_merchant = var_access_token: null&#xD;
&#xD;
2019-12-18 09:37:44 - [TEST_STEP][PASSED] - println(access_token_merchant): null&#xD;
&#xD;
2019-12-18 09:37:44 - [TEST_STEP][PASSED] - println(partner_token): null&#xD;
&#xD;
2019-12-18 09:37:44 - [TEST_STEP][PASSED] - response = sendRequest(request): Send request successfully&#xD;
&#xD;
2019-12-18 09:37:44 - [MESSAGE][INFO] - HAR: D:\katalon-ewallet\Reports\Dashboard_App\TS_checkURLTokenValidity\TS_checkURLTokenValidity\20191218_093737\requests\main\5.har&#xD;
&#xD;
2019-12-18 09:37:44 - [MESSAGE][PASSED] - Send request successfully&#xD;
&#xD;
2019-12-18 09:37:44 - [TEST_STEP][PASSED] - body_content = responseBodyContent: null&#xD;
&#xD;
2019-12-18 09:37:44 - [TEST_STEP][PASSED] - status_code = statusCode: null&#xD;
&#xD;
2019-12-18 09:37:44 - [TEST_STEP][PASSED] - respDataMap = JsonSlurper().parseText(body_content): null&#xD;
&#xD;
2019-12-18 09:37:44 - [TEST_STEP][PASSED] - out.println(respDataMap): null&#xD;
&#xD;
2019-12-18 09:37:44 - [TEST_STEP][PASSED] - println(body_content): null&#xD;
&#xD;
2019-12-18 09:37:44 - [TEST_STEP][PASSED] - rc_ref = ReturnCodeWrapper(var_expected_rc).getEnumRC(): null&#xD;
&#xD;
2019-12-18 09:37:44 - [TEST_STEP][PASSED] - out.println(var_expected_rc): null&#xD;
&#xD;
2019-12-18 09:37:44 - [TEST_STEP][PASSED] - out.println(rc_ref.getRCName()): null&#xD;
&#xD;
2019-12-18 09:37:44 - [TEST_STEP][PASSED] - out.println(rc_ref.getHttpResponse()): null&#xD;
&#xD;
2019-12-18 09:37:44 - [TEST_STEP][PASSED] - result = verifyEqual(response_code, rc_ref.getRCName()): Actual object 'RC01' and expected object 'RC01' are equal&#xD;
&#xD;
2019-12-18 09:37:44 - [MESSAGE][PASSED] - Actual object 'RC01' and expected object 'RC01' are equal&#xD;
&#xD;
2019-12-18 09:37:44 - [TEST_STEP][PASSED] - if (result == false): null&#xD;
&#xD;
2019-12-18 09:37:44 - [TEST_STEP][PASSED] - else: Actual object '400' and expected object '400' are equal&#xD;
&#xD;
2019-12-18 09:37:44 - [TEST_STEP][PASSED] - verifyEqual(statusCode, rc_ref.getHttpResponse()): Actual object '400' and expected object '400' are equal&#xD;
&#xD;
2019-12-18 09:37:44 - [MESSAGE][PASSED] - Actual object '400' and expected object '400' are equal</system-out>
            <system-err></system-err>
        </testcase>
        <testcase name="Test Cases/Dashboard_App/TC_checkURLTokenValidity/TC_checkURLTokenValidity" classname="Test Cases/Dashboard_App/TC_checkURLTokenValidity/TC_checkURLTokenValidity" status="PASSED">
            <system-out>2019-12-18 09:37:44 - [TEST_CASE][PASSED] - Test Cases/Dashboard_App/TC_checkURLTokenValidity/TC_checkURLTokenValidity: Test Cases/Dashboard_App/TC_checkURLTokenValidity/TC_checkURLTokenValidity&#xD;
&#xD;
2019-12-18 09:37:44 - [TEST_STEP][PASSED] - plain = "{""}": null&#xD;
&#xD;
2019-12-18 09:37:44 - [TEST_STEP][PASSED] - out.println("var_merchant_token" + var_merchant_token): null&#xD;
&#xD;
2019-12-18 09:37:44 - [TEST_STEP][PASSED] - out.println("var_partner_token" + var_partner_token): null&#xD;
&#xD;
2019-12-18 09:37:44 - [TEST_STEP][PASSED] - encipheredData = SecureUtils.encryptAesEwallet(plain, var_aes_key): null&#xD;
&#xD;
2019-12-18 09:37:44 - [TEST_STEP][PASSED] - body = "{"data":"" + encipheredData + ""}": null&#xD;
&#xD;
2019-12-18 09:37:44 - [TEST_STEP][PASSED] - out.println(body): null&#xD;
&#xD;
2019-12-18 09:37:44 - [TEST_STEP][PASSED] - println(hostname): null&#xD;
&#xD;
2019-12-18 09:37:44 - [TEST_STEP][PASSED] - println(access_token_merchant): null&#xD;
&#xD;
2019-12-18 09:37:44 - [TEST_STEP][PASSED] - partner_token = partner_token: null&#xD;
&#xD;
2019-12-18 09:37:44 - [TEST_STEP][PASSED] - println(partner_token): null&#xD;
&#xD;
2019-12-18 09:37:44 - [TEST_STEP][PASSED] - request = findTestObject("Dashboard_App/obj_checkURLTokenValidity"): null&#xD;
&#xD;
2019-12-18 09:37:44 - [TEST_STEP][PASSED] - println(request.getRestUrl()): null&#xD;
&#xD;
2019-12-18 09:37:44 - [TEST_STEP][PASSED] - request.setBodyContent(new com.kms.katalon.core.testobject.impl.HttpTextBodyContent(body, UTF-8, application/json)): null&#xD;
&#xD;
2019-12-18 09:37:44 - [TEST_STEP][PASSED] - if (var_merchant_token == "0"): null&#xD;
&#xD;
2019-12-18 09:37:44 - [TEST_STEP][PASSED] - out.println("using partner-token"): null&#xD;
&#xD;
2019-12-18 09:37:44 - [TEST_STEP][PASSED] - access_token_merchant = var_access_token: null&#xD;
&#xD;
2019-12-18 09:37:44 - [TEST_STEP][PASSED] - println(access_token_merchant): null&#xD;
&#xD;
2019-12-18 09:37:44 - [TEST_STEP][PASSED] - println(partner_token): null&#xD;
&#xD;
2019-12-18 09:37:44 - [TEST_STEP][PASSED] - response = sendRequest(request): Send request successfully&#xD;
&#xD;
2019-12-18 09:37:44 - [MESSAGE][INFO] - HAR: D:\katalon-ewallet\Reports\Dashboard_App\TS_checkURLTokenValidity\TS_checkURLTokenValidity\20191218_093737\requests\main\6.har&#xD;
&#xD;
2019-12-18 09:37:44 - [MESSAGE][PASSED] - Send request successfully&#xD;
&#xD;
2019-12-18 09:37:44 - [TEST_STEP][PASSED] - body_content = responseBodyContent: null&#xD;
&#xD;
2019-12-18 09:37:44 - [TEST_STEP][PASSED] - status_code = statusCode: null&#xD;
&#xD;
2019-12-18 09:37:44 - [TEST_STEP][PASSED] - respDataMap = JsonSlurper().parseText(body_content): null&#xD;
&#xD;
2019-12-18 09:37:44 - [TEST_STEP][PASSED] - out.println(respDataMap): null&#xD;
&#xD;
2019-12-18 09:37:44 - [TEST_STEP][PASSED] - println(body_content): null&#xD;
&#xD;
2019-12-18 09:37:44 - [TEST_STEP][PASSED] - rc_ref = ReturnCodeWrapper(var_expected_rc).getEnumRC(): null&#xD;
&#xD;
2019-12-18 09:37:44 - [TEST_STEP][PASSED] - out.println(var_expected_rc): null&#xD;
&#xD;
2019-12-18 09:37:44 - [TEST_STEP][PASSED] - out.println(rc_ref.getRCName()): null&#xD;
&#xD;
2019-12-18 09:37:44 - [TEST_STEP][PASSED] - out.println(rc_ref.getHttpResponse()): null&#xD;
&#xD;
2019-12-18 09:37:44 - [TEST_STEP][PASSED] - result = verifyEqual(response_code, rc_ref.getRCName()): Actual object 'RC01' and expected object 'RC01' are equal&#xD;
&#xD;
2019-12-18 09:37:44 - [MESSAGE][PASSED] - Actual object 'RC01' and expected object 'RC01' are equal&#xD;
&#xD;
2019-12-18 09:37:44 - [TEST_STEP][PASSED] - if (result == false): null&#xD;
&#xD;
2019-12-18 09:37:44 - [TEST_STEP][PASSED] - else: Actual object '400' and expected object '400' are equal&#xD;
&#xD;
2019-12-18 09:37:44 - [TEST_STEP][PASSED] - verifyEqual(statusCode, rc_ref.getHttpResponse()): Actual object '400' and expected object '400' are equal&#xD;
&#xD;
2019-12-18 09:37:44 - [MESSAGE][PASSED] - Actual object '400' and expected object '400' are equal</system-out>
            <system-err></system-err>
        </testcase>
        <system-out>2019-12-18 09:37:39 - [TEST_SUITE][INCOMPLETE] - TS_checkURLTokenValidity: null</system-out>
        <system-err>2019-12-18 09:37:39 - [TEST_SUITE][INCOMPLETE] - TS_checkURLTokenValidity: null</system-err>
    </testsuite>
</testsuites>
