<?xml version="1.0" encoding="UTF-8" standalone="yes"?>
<testsuites name="TS_cancelQR_Manual" time="2" tests="1" failures="0" errors="0">
    <testsuite name="TS_cancelQR_Manual" tests="1" failures="0" errors="0" time="2" timestamp="2019-12-06 10:14:20" hostname="Silvi - LAPTOP-ALMT97O4" id="Test Suites/E_Wallet/TS_cancelQR/TS_cancelQR_Manual">
        <properties>
            <property name="deviceName" value=""/>
            <property name="devicePlatform" value=""/>
            <property name="logFolder" value="D:\\katalon-ewallet\\Reports\\E_Wallet\\TS_cancelQR\\TS_cancelQR_Manual\\20191206_101418"/>
            <property name="logFiles" value="D:\\katalon-ewallet\\Reports\\E_Wallet\\TS_cancelQR\\TS_cancelQR_Manual\\20191206_101418\\execution0.log"/>
            <property name="attachments" value=""/>
            <property name="hostName" value="Silvi - LAPTOP-ALMT97O4"/>
            <property name="hostAddress" value="172.18.4.57"/>
            <property name="os" value="Windows 10 64bit"/>
            <property name="katalonVersion" value="6.2.2.4"/>
        </properties>
        <testcase name="Test Cases/E_Wallet/TC_cancelQR/TC_cancelQR" classname="Test Cases/E_Wallet/TC_cancelQR/TC_cancelQR" status="PASSED">
            <system-out>2019-12-06 10:14:20 - [TEST_CASE][PASSED] - Test Cases/E_Wallet/TC_cancelQR/TC_cancelQR: Test Cases/E_Wallet/TC_cancelQR/TC_cancelQR&#xD;
&#xD;
2019-12-06 10:14:21 - [TEST_STEP][PASSED] - plain = "{" + ""user_agent":"" + var_user_agent + ""," + ""unique_code":"" + var_unique_code + ""}": null&#xD;
&#xD;
2019-12-06 10:14:21 - [TEST_STEP][PASSED] - partner_token = partner_token: null&#xD;
&#xD;
2019-12-06 10:14:21 - [TEST_STEP][PASSED] - out.println(plain): null&#xD;
&#xD;
2019-12-06 10:14:21 - [TEST_STEP][PASSED] - encipheredData = SecureUtils.encryptAesEwallet(plain, var_aes_key): null&#xD;
&#xD;
2019-12-06 10:14:21 - [TEST_STEP][PASSED] - body = "{"organisation_id":"" + var_organisation_id + ""," + ""data":"" + encipheredData + ""," + ""lang":"" + var_lang + ""}": null&#xD;
&#xD;
2019-12-06 10:14:21 - [TEST_STEP][PASSED] - out.println(body): null&#xD;
&#xD;
2019-12-06 10:14:21 - [TEST_STEP][PASSED] - request = findTestObject("E_Wallet/obj_cancelQR"): null&#xD;
&#xD;
2019-12-06 10:14:21 - [TEST_STEP][PASSED] - request.setBodyContent(new com.kms.katalon.core.testobject.impl.HttpTextBodyContent(body, UTF-8, application/json)): null&#xD;
&#xD;
2019-12-06 10:14:21 - [TEST_STEP][PASSED] - if (var_customer_token == 0): null&#xD;
&#xD;
2019-12-06 10:14:21 - [TEST_STEP][PASSED] - else: null&#xD;
&#xD;
2019-12-06 10:14:21 - [TEST_STEP][PASSED] - out.println("using access_token = " + access_token_customer): null&#xD;
&#xD;
2019-12-06 10:14:21 - [TEST_STEP][PASSED] - listQuery = new java.util.ArrayList(): null&#xD;
&#xD;
2019-12-06 10:14:21 - [TEST_STEP][PASSED] - listQuery.add(new com.kms.katalon.core.testobject.TestObjectProperty(token, com.kms.katalon.core.testobject.ConditionType.EQUALS, internal.GlobalVariable.access_token_customer)): null&#xD;
&#xD;
2019-12-06 10:14:21 - [TEST_STEP][PASSED] - request.setRestParameters(listQuery): null&#xD;
&#xD;
2019-12-06 10:14:21 - [TEST_STEP][PASSED] - response = sendRequest(request): Send request successfully&#xD;
&#xD;
2019-12-06 10:14:22 - [MESSAGE][INFO] - HAR: D:\katalon-ewallet\Reports\E_Wallet\TS_cancelQR\TS_cancelQR_Manual\20191206_101418\requests\main\0.har&#xD;
&#xD;
2019-12-06 10:14:22 - [MESSAGE][PASSED] - Send request successfully&#xD;
&#xD;
2019-12-06 10:14:22 - [TEST_STEP][PASSED] - println(request.getRestUrl()): null&#xD;
&#xD;
2019-12-06 10:14:22 - [TEST_STEP][PASSED] - body_content = responseBodyContent: null&#xD;
&#xD;
2019-12-06 10:14:22 - [TEST_STEP][PASSED] - status_code = statusCode: null&#xD;
&#xD;
2019-12-06 10:14:22 - [TEST_STEP][PASSED] - respDataMap = JsonSlurper().parseText(body_content): null&#xD;
&#xD;
2019-12-06 10:14:22 - [TEST_STEP][PASSED] - out.println(respDataMap): null&#xD;
&#xD;
2019-12-06 10:14:22 - [TEST_STEP][PASSED] - println(body_content): null&#xD;
&#xD;
2019-12-06 10:14:22 - [TEST_STEP][PASSED] - rc_ref = ReturnCodeWrapper(var_expected_rc).getEnumRC(): null&#xD;
&#xD;
2019-12-06 10:14:22 - [TEST_STEP][PASSED] - out.println(var_expected_rc): null&#xD;
&#xD;
2019-12-06 10:14:22 - [TEST_STEP][PASSED] - out.println(rc_ref.getRCName()): null&#xD;
&#xD;
2019-12-06 10:14:22 - [TEST_STEP][PASSED] - out.println(rc_ref.getHttpResponse()): null</system-out>
            <system-err></system-err>
        </testcase>
        <system-out>2019-12-06 10:14:20 - [TEST_SUITE][INCOMPLETE] - TS_cancelQR_Manual: null</system-out>
        <system-err>2019-12-06 10:14:20 - [TEST_SUITE][INCOMPLETE] - TS_cancelQR_Manual: null</system-err>
    </testsuite>
</testsuites>
