<?xml version="1.0" encoding="UTF-8" standalone="yes"?>
<testsuites name="TS_addRegyt" time="10" tests="21" failures="0" errors="0">
    <testsuite name="TS_addRegyt" tests="21" failures="0" errors="0" time="10" timestamp="2019-12-18 10:06:16" hostname="Silvi - LAPTOP-ALMT97O4" id="Test Suites/Dashboard_App/TS_addRegyt/TS_addRegyt">
        <properties>
            <property name="deviceName" value=""/>
            <property name="devicePlatform" value=""/>
            <property name="logFolder" value="D:\\katalon-ewallet\\Reports\\Dashboard_App\\TS_addRegyt\\TS_addRegyt\\20191218_100614"/>
            <property name="logFiles" value="D:\\katalon-ewallet\\Reports\\Dashboard_App\\TS_addRegyt\\TS_addRegyt\\20191218_100614\\execution0.log"/>
            <property name="attachments" value=""/>
            <property name="hostName" value="Silvi - LAPTOP-ALMT97O4"/>
            <property name="hostAddress" value="172.18.4.57"/>
            <property name="os" value="Windows 10 64bit"/>
            <property name="katalonVersion" value="6.2.2.4"/>
        </properties>
        <testcase name="Test Cases/Account/TC_loginMerchant/TC_loginMerchantSysAdmin" classname="Test Cases/Account/TC_loginMerchant/TC_loginMerchantSysAdmin" status="PASSED">
            <system-out>2019-12-18 10:06:17 - [TEST_CASE][PASSED] - Test Cases/Account/TC_loginMerchant/TC_loginMerchantSysAdmin: Test Cases/Account/TC_loginMerchant/TC_loginMerchantSysAdmin&#xD;
&#xD;
2019-12-18 10:06:17 - [TEST_STEP][PASSED] - var_enciphered_password = SecureUtils.doEncryptPinRsaEwallet(dev_public_pem_file, var_user_password): null&#xD;
&#xD;
2019-12-18 10:06:18 - [TEST_STEP][PASSED] - plain = "{" + ""email_address":"" + var_email_address + ""," + ""user_agent":"" + var_user_agent + ""," + ""password":"" + var_enciphered_password + ""}": null&#xD;
&#xD;
2019-12-18 10:06:18 - [TEST_STEP][PASSED] - out.println(plain): null&#xD;
&#xD;
2019-12-18 10:06:18 - [TEST_STEP][PASSED] - encipheredData = SecureUtils.encryptAesEwallet(plain, var_aes_key): null&#xD;
&#xD;
2019-12-18 10:06:18 - [TEST_STEP][PASSED] - body = "{"organisation_id":"" + var_organisation_id + ""," + ""data":"" + encipheredData + ""," + ""lang":"" + var_lang + ""}": null&#xD;
&#xD;
2019-12-18 10:06:18 - [TEST_STEP][PASSED] - out.println(body): null&#xD;
&#xD;
2019-12-18 10:06:18 - [TEST_STEP][PASSED] - request = findTestObject("Account/obj_loginMerchant"): null&#xD;
&#xD;
2019-12-18 10:06:19 - [TEST_STEP][PASSED] - request.setBodyContent(new com.kms.katalon.core.testobject.impl.HttpTextBodyContent(body, UTF-8, application/json)): null&#xD;
&#xD;
2019-12-18 10:06:19 - [TEST_STEP][PASSED] - response = sendRequest(request): Send request successfully&#xD;
&#xD;
2019-12-18 10:06:19 - [MESSAGE][INFO] - HAR: D:\katalon-ewallet\Reports\Dashboard_App\TS_addRegyt\TS_addRegyt\20191218_100614\requests\main\0.har&#xD;
&#xD;
2019-12-18 10:06:20 - [MESSAGE][PASSED] - Send request successfully&#xD;
&#xD;
2019-12-18 10:06:20 - [TEST_STEP][PASSED] - body_content = responseBodyContent: null&#xD;
&#xD;
2019-12-18 10:06:20 - [TEST_STEP][PASSED] - status_code = statusCode: null&#xD;
&#xD;
2019-12-18 10:06:20 - [TEST_STEP][PASSED] - out.println(body_content): null&#xD;
&#xD;
2019-12-18 10:06:20 - [TEST_STEP][PASSED] - respDataMap = JsonSlurper().parseText(body_content): null&#xD;
&#xD;
2019-12-18 10:06:20 - [TEST_STEP][PASSED] - out.println(respDataMap): null&#xD;
&#xD;
2019-12-18 10:06:20 - [TEST_STEP][PASSED] - rc_ref = ReturnCodeWrapper(var_expected_rc).getEnumRC(): null&#xD;
&#xD;
2019-12-18 10:06:20 - [TEST_STEP][PASSED] - out.println(var_expected_rc): null&#xD;
&#xD;
2019-12-18 10:06:20 - [TEST_STEP][PASSED] - out.println(rc_ref.getRCName()): null&#xD;
&#xD;
2019-12-18 10:06:20 - [TEST_STEP][PASSED] - out.println(rc_ref.getHttpResponse()): null&#xD;
&#xD;
2019-12-18 10:06:20 - [TEST_STEP][PASSED] - rcIsTrue = verifyEqual(response_code, rc_ref.getRCName()): Actual object 'RC00' and expected object 'RC00' are equal&#xD;
&#xD;
2019-12-18 10:06:20 - [MESSAGE][PASSED] - Actual object 'RC00' and expected object 'RC00' are equal&#xD;
&#xD;
2019-12-18 10:06:20 - [TEST_STEP][PASSED] - httpRespIsTrue = verifyEqual(statusCode, rc_ref.getHttpResponse()): Actual object '200' and expected object '200' are equal&#xD;
&#xD;
2019-12-18 10:06:20 - [MESSAGE][PASSED] - Actual object '200' and expected object '200' are equal&#xD;
&#xD;
2019-12-18 10:06:20 - [TEST_STEP][PASSED] - if (rc_ref == RC00): null&#xD;
&#xD;
2019-12-18 10:06:20 - [TEST_STEP][PASSED] - decipheredResponseData = SecureUtils.decryptAesEwallet(data, var_aes_key): null&#xD;
&#xD;
2019-12-18 10:06:20 - [TEST_STEP][PASSED] - decipheredRespDataMap = JsonSlurper().parseText(decipheredResponseData): null&#xD;
&#xD;
2019-12-18 10:06:20 - [TEST_STEP][PASSED] - out.println(decipheredRespDataMap): null&#xD;
&#xD;
2019-12-18 10:06:20 - [TEST_STEP][PASSED] - access_token_merchant = access_token: null</system-out>
            <system-err></system-err>
        </testcase>
        <testcase name="Test Cases/Dashboard_App/TC_addRegyt/TC_addRegyt" classname="Test Cases/Dashboard_App/TC_addRegyt/TC_addRegyt" status="PASSED">
            <system-out>2019-12-18 10:06:20 - [TEST_CASE][PASSED] - Test Cases/Dashboard_App/TC_addRegyt/TC_addRegyt: Test Cases/Dashboard_App/TC_addRegyt/TC_addRegyt&#xD;
&#xD;
2019-12-18 10:06:20 - [TEST_STEP][PASSED] - trace_numbera = &lt;not implemented yet for class: org.codehaus.groovy.ast.expr.EmptyExpression&gt;: null&#xD;
&#xD;
2019-12-18 10:06:20 - [TEST_STEP][PASSED] - trace_numbera = Math.random() * 10000: null&#xD;
&#xD;
2019-12-18 10:06:20 - [TEST_STEP][PASSED] - trace_numberb = &lt;not implemented yet for class: org.codehaus.groovy.ast.expr.EmptyExpression&gt;: null&#xD;
&#xD;
2019-12-18 10:06:20 - [TEST_STEP][PASSED] - trace_numberb = Math.random() * 10000: null&#xD;
&#xD;
2019-12-18 10:06:20 - [TEST_STEP][PASSED] - plain = "{" + ""user_agent":"" + var_user_agent + "","imei":"" + var_imei + "" + trace_numbera + "","token_code":"" + var_token_code + "" + trace_numberb + ""}": null&#xD;
&#xD;
2019-12-18 10:06:20 - [TEST_STEP][PASSED] - out.println(plain): null&#xD;
&#xD;
2019-12-18 10:06:20 - [TEST_STEP][PASSED] - encipheredData = SecureUtils.encryptAesEwallet(plain, var_aes_key): null&#xD;
&#xD;
2019-12-18 10:06:20 - [TEST_STEP][PASSED] - body = "{"organisation_id":"" + var_organisation_id + ""," + ""data":"" + encipheredData + ""," + ""lang":"" + var_lang + ""}": null&#xD;
&#xD;
2019-12-18 10:06:20 - [TEST_STEP][PASSED] - out.println(body): null&#xD;
&#xD;
2019-12-18 10:06:20 - [TEST_STEP][PASSED] - header1 = new com.kms.katalon.core.testobject.TestObjectProperty(partner-token, com.kms.katalon.core.testobject.ConditionType.EQUALS, var_partner_token): null&#xD;
&#xD;
2019-12-18 10:06:20 - [TEST_STEP][PASSED] - header2 = new com.kms.katalon.core.testobject.TestObjectProperty(Content-Type, com.kms.katalon.core.testobject.ConditionType.EQUALS, application/json): null&#xD;
&#xD;
2019-12-18 10:06:20 - [TEST_STEP][PASSED] - defaultHeaders = Arrays.asList(header1, header2): null&#xD;
&#xD;
2019-12-18 10:06:20 - [TEST_STEP][PASSED] - request = findTestObject("Dashboard_App/obj_addRegyt"): null&#xD;
&#xD;
2019-12-18 10:06:20 - [TEST_STEP][PASSED] - request.setHttpHeaderProperties(defaultHeaders): null&#xD;
&#xD;
2019-12-18 10:06:20 - [TEST_STEP][PASSED] - request.setBodyContent(new com.kms.katalon.core.testobject.impl.HttpTextBodyContent(body, UTF-8, application/json)): null&#xD;
&#xD;
2019-12-18 10:06:20 - [TEST_STEP][PASSED] - response = sendRequest(request): Send request successfully&#xD;
&#xD;
2019-12-18 10:06:20 - [MESSAGE][INFO] - HAR: D:\katalon-ewallet\Reports\Dashboard_App\TS_addRegyt\TS_addRegyt\20191218_100614\requests\main\1.har&#xD;
&#xD;
2019-12-18 10:06:20 - [MESSAGE][PASSED] - Send request successfully&#xD;
&#xD;
2019-12-18 10:06:20 - [TEST_STEP][PASSED] - body_content = responseBodyContent: null&#xD;
&#xD;
2019-12-18 10:06:20 - [TEST_STEP][PASSED] - status_code = statusCode: null&#xD;
&#xD;
2019-12-18 10:06:20 - [TEST_STEP][PASSED] - respDataMap = JsonSlurper().parseText(body_content): null&#xD;
&#xD;
2019-12-18 10:06:20 - [TEST_STEP][PASSED] - out.println(respDataMap): null&#xD;
&#xD;
2019-12-18 10:06:20 - [TEST_STEP][PASSED] - println(body_content): null&#xD;
&#xD;
2019-12-18 10:06:20 - [TEST_STEP][PASSED] - rc_ref = ReturnCodeWrapper(var_expected_rc).getEnumRC(): null&#xD;
&#xD;
2019-12-18 10:06:20 - [TEST_STEP][PASSED] - out.println(var_expected_rc): null&#xD;
&#xD;
2019-12-18 10:06:20 - [TEST_STEP][PASSED] - out.println(rc_ref.getRCName()): null&#xD;
&#xD;
2019-12-18 10:06:20 - [TEST_STEP][PASSED] - out.println(rc_ref.getHttpResponse()): null&#xD;
&#xD;
2019-12-18 10:06:20 - [TEST_STEP][PASSED] - result = verifyEqual(response_code, rc_ref.getRCName()): Actual object 'RC00' and expected object 'RC00' are equal&#xD;
&#xD;
2019-12-18 10:06:20 - [MESSAGE][PASSED] - Actual object 'RC00' and expected object 'RC00' are equal</system-out>
            <system-err></system-err>
        </testcase>
        <testcase name="Test Cases/Dashboard_App/TC_addRegyt/TC_addRegyt" classname="Test Cases/Dashboard_App/TC_addRegyt/TC_addRegyt" status="PASSED">
            <system-out>2019-12-18 10:06:20 - [TEST_CASE][PASSED] - Test Cases/Dashboard_App/TC_addRegyt/TC_addRegyt: Test Cases/Dashboard_App/TC_addRegyt/TC_addRegyt&#xD;
&#xD;
2019-12-18 10:06:20 - [TEST_STEP][PASSED] - trace_numbera = &lt;not implemented yet for class: org.codehaus.groovy.ast.expr.EmptyExpression&gt;: null&#xD;
&#xD;
2019-12-18 10:06:20 - [TEST_STEP][PASSED] - trace_numbera = Math.random() * 10000: null&#xD;
&#xD;
2019-12-18 10:06:20 - [TEST_STEP][PASSED] - trace_numberb = &lt;not implemented yet for class: org.codehaus.groovy.ast.expr.EmptyExpression&gt;: null&#xD;
&#xD;
2019-12-18 10:06:20 - [TEST_STEP][PASSED] - trace_numberb = Math.random() * 10000: null&#xD;
&#xD;
2019-12-18 10:06:20 - [TEST_STEP][PASSED] - plain = "{" + ""user_agent":"" + var_user_agent + "","imei":"" + var_imei + "" + trace_numbera + "","token_code":"" + var_token_code + "" + trace_numberb + ""}": null&#xD;
&#xD;
2019-12-18 10:06:20 - [TEST_STEP][PASSED] - out.println(plain): null&#xD;
&#xD;
2019-12-18 10:06:20 - [TEST_STEP][PASSED] - encipheredData = SecureUtils.encryptAesEwallet(plain, var_aes_key): null&#xD;
&#xD;
2019-12-18 10:06:20 - [TEST_STEP][PASSED] - body = "{"organisation_id":"" + var_organisation_id + ""," + ""data":"" + encipheredData + ""," + ""lang":"" + var_lang + ""}": null&#xD;
&#xD;
2019-12-18 10:06:20 - [TEST_STEP][PASSED] - out.println(body): null&#xD;
&#xD;
2019-12-18 10:06:20 - [TEST_STEP][PASSED] - header1 = new com.kms.katalon.core.testobject.TestObjectProperty(partner-token, com.kms.katalon.core.testobject.ConditionType.EQUALS, var_partner_token): null&#xD;
&#xD;
2019-12-18 10:06:20 - [TEST_STEP][PASSED] - header2 = new com.kms.katalon.core.testobject.TestObjectProperty(Content-Type, com.kms.katalon.core.testobject.ConditionType.EQUALS, application/json): null&#xD;
&#xD;
2019-12-18 10:06:20 - [TEST_STEP][PASSED] - defaultHeaders = Arrays.asList(header1, header2): null&#xD;
&#xD;
2019-12-18 10:06:20 - [TEST_STEP][PASSED] - request = findTestObject("Dashboard_App/obj_addRegyt"): null&#xD;
&#xD;
2019-12-18 10:06:20 - [TEST_STEP][PASSED] - request.setHttpHeaderProperties(defaultHeaders): null&#xD;
&#xD;
2019-12-18 10:06:20 - [TEST_STEP][PASSED] - request.setBodyContent(new com.kms.katalon.core.testobject.impl.HttpTextBodyContent(body, UTF-8, application/json)): null&#xD;
&#xD;
2019-12-18 10:06:20 - [TEST_STEP][PASSED] - response = sendRequest(request): Send request successfully&#xD;
&#xD;
2019-12-18 10:06:21 - [MESSAGE][INFO] - HAR: D:\katalon-ewallet\Reports\Dashboard_App\TS_addRegyt\TS_addRegyt\20191218_100614\requests\main\2.har&#xD;
&#xD;
2019-12-18 10:06:21 - [MESSAGE][PASSED] - Send request successfully&#xD;
&#xD;
2019-12-18 10:06:21 - [TEST_STEP][PASSED] - body_content = responseBodyContent: null&#xD;
&#xD;
2019-12-18 10:06:21 - [TEST_STEP][PASSED] - status_code = statusCode: null&#xD;
&#xD;
2019-12-18 10:06:21 - [TEST_STEP][PASSED] - respDataMap = JsonSlurper().parseText(body_content): null&#xD;
&#xD;
2019-12-18 10:06:21 - [TEST_STEP][PASSED] - out.println(respDataMap): null&#xD;
&#xD;
2019-12-18 10:06:21 - [TEST_STEP][PASSED] - println(body_content): null&#xD;
&#xD;
2019-12-18 10:06:21 - [TEST_STEP][PASSED] - rc_ref = ReturnCodeWrapper(var_expected_rc).getEnumRC(): null&#xD;
&#xD;
2019-12-18 10:06:21 - [TEST_STEP][PASSED] - out.println(var_expected_rc): null&#xD;
&#xD;
2019-12-18 10:06:21 - [TEST_STEP][PASSED] - out.println(rc_ref.getRCName()): null&#xD;
&#xD;
2019-12-18 10:06:21 - [TEST_STEP][PASSED] - out.println(rc_ref.getHttpResponse()): null&#xD;
&#xD;
2019-12-18 10:06:21 - [TEST_STEP][PASSED] - result = verifyEqual(response_code, rc_ref.getRCName()): Actual object 'RC01' and expected object 'RC01' are equal&#xD;
&#xD;
2019-12-18 10:06:21 - [MESSAGE][PASSED] - Actual object 'RC01' and expected object 'RC01' are equal</system-out>
            <system-err></system-err>
        </testcase>
        <testcase name="Test Cases/Dashboard_App/TC_addRegyt/TC_addRegyt" classname="Test Cases/Dashboard_App/TC_addRegyt/TC_addRegyt" status="PASSED">
            <system-out>2019-12-18 10:06:21 - [TEST_CASE][PASSED] - Test Cases/Dashboard_App/TC_addRegyt/TC_addRegyt: Test Cases/Dashboard_App/TC_addRegyt/TC_addRegyt&#xD;
&#xD;
2019-12-18 10:06:21 - [TEST_STEP][PASSED] - trace_numbera = &lt;not implemented yet for class: org.codehaus.groovy.ast.expr.EmptyExpression&gt;: null&#xD;
&#xD;
2019-12-18 10:06:21 - [TEST_STEP][PASSED] - trace_numbera = Math.random() * 10000: null&#xD;
&#xD;
2019-12-18 10:06:21 - [TEST_STEP][PASSED] - trace_numberb = &lt;not implemented yet for class: org.codehaus.groovy.ast.expr.EmptyExpression&gt;: null&#xD;
&#xD;
2019-12-18 10:06:21 - [TEST_STEP][PASSED] - trace_numberb = Math.random() * 10000: null&#xD;
&#xD;
2019-12-18 10:06:21 - [TEST_STEP][PASSED] - plain = "{" + ""user_agent":"" + var_user_agent + "","imei":"" + var_imei + "" + trace_numbera + "","token_code":"" + var_token_code + "" + trace_numberb + ""}": null&#xD;
&#xD;
2019-12-18 10:06:21 - [TEST_STEP][PASSED] - out.println(plain): null&#xD;
&#xD;
2019-12-18 10:06:21 - [TEST_STEP][PASSED] - encipheredData = SecureUtils.encryptAesEwallet(plain, var_aes_key): null&#xD;
&#xD;
2019-12-18 10:06:21 - [TEST_STEP][PASSED] - body = "{"organisation_id":"" + var_organisation_id + ""," + ""data":"" + encipheredData + ""," + ""lang":"" + var_lang + ""}": null&#xD;
&#xD;
2019-12-18 10:06:21 - [TEST_STEP][PASSED] - out.println(body): null&#xD;
&#xD;
2019-12-18 10:06:21 - [TEST_STEP][PASSED] - header1 = new com.kms.katalon.core.testobject.TestObjectProperty(partner-token, com.kms.katalon.core.testobject.ConditionType.EQUALS, var_partner_token): null&#xD;
&#xD;
2019-12-18 10:06:21 - [TEST_STEP][PASSED] - header2 = new com.kms.katalon.core.testobject.TestObjectProperty(Content-Type, com.kms.katalon.core.testobject.ConditionType.EQUALS, application/json): null&#xD;
&#xD;
2019-12-18 10:06:21 - [TEST_STEP][PASSED] - defaultHeaders = Arrays.asList(header1, header2): null&#xD;
&#xD;
2019-12-18 10:06:21 - [TEST_STEP][PASSED] - request = findTestObject("Dashboard_App/obj_addRegyt"): null&#xD;
&#xD;
2019-12-18 10:06:21 - [TEST_STEP][PASSED] - request.setHttpHeaderProperties(defaultHeaders): null&#xD;
&#xD;
2019-12-18 10:06:21 - [TEST_STEP][PASSED] - request.setBodyContent(new com.kms.katalon.core.testobject.impl.HttpTextBodyContent(body, UTF-8, application/json)): null&#xD;
&#xD;
2019-12-18 10:06:21 - [TEST_STEP][PASSED] - response = sendRequest(request): Send request successfully&#xD;
&#xD;
2019-12-18 10:06:21 - [MESSAGE][INFO] - HAR: D:\katalon-ewallet\Reports\Dashboard_App\TS_addRegyt\TS_addRegyt\20191218_100614\requests\main\3.har&#xD;
&#xD;
2019-12-18 10:06:21 - [MESSAGE][PASSED] - Send request successfully&#xD;
&#xD;
2019-12-18 10:06:21 - [TEST_STEP][PASSED] - body_content = responseBodyContent: null&#xD;
&#xD;
2019-12-18 10:06:21 - [TEST_STEP][PASSED] - status_code = statusCode: null&#xD;
&#xD;
2019-12-18 10:06:21 - [TEST_STEP][PASSED] - respDataMap = JsonSlurper().parseText(body_content): null&#xD;
&#xD;
2019-12-18 10:06:21 - [TEST_STEP][PASSED] - out.println(respDataMap): null&#xD;
&#xD;
2019-12-18 10:06:21 - [TEST_STEP][PASSED] - println(body_content): null&#xD;
&#xD;
2019-12-18 10:06:21 - [TEST_STEP][PASSED] - rc_ref = ReturnCodeWrapper(var_expected_rc).getEnumRC(): null&#xD;
&#xD;
2019-12-18 10:06:21 - [TEST_STEP][PASSED] - out.println(var_expected_rc): null&#xD;
&#xD;
2019-12-18 10:06:21 - [TEST_STEP][PASSED] - out.println(rc_ref.getRCName()): null&#xD;
&#xD;
2019-12-18 10:06:21 - [TEST_STEP][PASSED] - out.println(rc_ref.getHttpResponse()): null&#xD;
&#xD;
2019-12-18 10:06:21 - [TEST_STEP][PASSED] - result = verifyEqual(response_code, rc_ref.getRCName()): Actual object 'RC01' and expected object 'RC01' are equal&#xD;
&#xD;
2019-12-18 10:06:21 - [MESSAGE][PASSED] - Actual object 'RC01' and expected object 'RC01' are equal</system-out>
            <system-err></system-err>
        </testcase>
        <testcase name="Test Cases/Dashboard_App/TC_addRegyt/TC_addRegyt" classname="Test Cases/Dashboard_App/TC_addRegyt/TC_addRegyt" status="PASSED">
            <system-out>2019-12-18 10:06:21 - [TEST_CASE][PASSED] - Test Cases/Dashboard_App/TC_addRegyt/TC_addRegyt: Test Cases/Dashboard_App/TC_addRegyt/TC_addRegyt&#xD;
&#xD;
2019-12-18 10:06:21 - [TEST_STEP][PASSED] - trace_numbera = &lt;not implemented yet for class: org.codehaus.groovy.ast.expr.EmptyExpression&gt;: null&#xD;
&#xD;
2019-12-18 10:06:21 - [TEST_STEP][PASSED] - trace_numbera = Math.random() * 10000: null&#xD;
&#xD;
2019-12-18 10:06:21 - [TEST_STEP][PASSED] - trace_numberb = &lt;not implemented yet for class: org.codehaus.groovy.ast.expr.EmptyExpression&gt;: null&#xD;
&#xD;
2019-12-18 10:06:21 - [TEST_STEP][PASSED] - trace_numberb = Math.random() * 10000: null&#xD;
&#xD;
2019-12-18 10:06:21 - [TEST_STEP][PASSED] - plain = "{" + ""user_agent":"" + var_user_agent + "","imei":"" + var_imei + "" + trace_numbera + "","token_code":"" + var_token_code + "" + trace_numberb + ""}": null&#xD;
&#xD;
2019-12-18 10:06:21 - [TEST_STEP][PASSED] - out.println(plain): null&#xD;
&#xD;
2019-12-18 10:06:21 - [TEST_STEP][PASSED] - encipheredData = SecureUtils.encryptAesEwallet(plain, var_aes_key): null&#xD;
&#xD;
2019-12-18 10:06:21 - [TEST_STEP][PASSED] - body = "{"organisation_id":"" + var_organisation_id + ""," + ""data":"" + encipheredData + ""," + ""lang":"" + var_lang + ""}": null&#xD;
&#xD;
2019-12-18 10:06:21 - [TEST_STEP][PASSED] - out.println(body): null&#xD;
&#xD;
2019-12-18 10:06:21 - [TEST_STEP][PASSED] - header1 = new com.kms.katalon.core.testobject.TestObjectProperty(partner-token, com.kms.katalon.core.testobject.ConditionType.EQUALS, var_partner_token): null&#xD;
&#xD;
2019-12-18 10:06:21 - [TEST_STEP][PASSED] - header2 = new com.kms.katalon.core.testobject.TestObjectProperty(Content-Type, com.kms.katalon.core.testobject.ConditionType.EQUALS, application/json): null&#xD;
&#xD;
2019-12-18 10:06:21 - [TEST_STEP][PASSED] - defaultHeaders = Arrays.asList(header1, header2): null&#xD;
&#xD;
2019-12-18 10:06:21 - [TEST_STEP][PASSED] - request = findTestObject("Dashboard_App/obj_addRegyt"): null&#xD;
&#xD;
2019-12-18 10:06:21 - [TEST_STEP][PASSED] - request.setHttpHeaderProperties(defaultHeaders): null&#xD;
&#xD;
2019-12-18 10:06:21 - [TEST_STEP][PASSED] - request.setBodyContent(new com.kms.katalon.core.testobject.impl.HttpTextBodyContent(body, UTF-8, application/json)): null&#xD;
&#xD;
2019-12-18 10:06:21 - [TEST_STEP][PASSED] - response = sendRequest(request): Send request successfully&#xD;
&#xD;
2019-12-18 10:06:22 - [MESSAGE][INFO] - HAR: D:\katalon-ewallet\Reports\Dashboard_App\TS_addRegyt\TS_addRegyt\20191218_100614\requests\main\4.har&#xD;
&#xD;
2019-12-18 10:06:22 - [MESSAGE][PASSED] - Send request successfully&#xD;
&#xD;
2019-12-18 10:06:22 - [TEST_STEP][PASSED] - body_content = responseBodyContent: null&#xD;
&#xD;
2019-12-18 10:06:22 - [TEST_STEP][PASSED] - status_code = statusCode: null&#xD;
&#xD;
2019-12-18 10:06:22 - [TEST_STEP][PASSED] - respDataMap = JsonSlurper().parseText(body_content): null&#xD;
&#xD;
2019-12-18 10:06:22 - [TEST_STEP][PASSED] - out.println(respDataMap): null&#xD;
&#xD;
2019-12-18 10:06:22 - [TEST_STEP][PASSED] - println(body_content): null&#xD;
&#xD;
2019-12-18 10:06:22 - [TEST_STEP][PASSED] - rc_ref = ReturnCodeWrapper(var_expected_rc).getEnumRC(): null&#xD;
&#xD;
2019-12-18 10:06:22 - [TEST_STEP][PASSED] - out.println(var_expected_rc): null&#xD;
&#xD;
2019-12-18 10:06:22 - [TEST_STEP][PASSED] - out.println(rc_ref.getRCName()): null&#xD;
&#xD;
2019-12-18 10:06:22 - [TEST_STEP][PASSED] - out.println(rc_ref.getHttpResponse()): null&#xD;
&#xD;
2019-12-18 10:06:22 - [TEST_STEP][PASSED] - result = verifyEqual(response_code, rc_ref.getRCName()): Actual object 'RC01' and expected object 'RC01' are equal&#xD;
&#xD;
2019-12-18 10:06:22 - [MESSAGE][PASSED] - Actual object 'RC01' and expected object 'RC01' are equal</system-out>
            <system-err></system-err>
        </testcase>
        <testcase name="Test Cases/Dashboard_App/TC_addRegyt/TC_addRegyt" classname="Test Cases/Dashboard_App/TC_addRegyt/TC_addRegyt" status="PASSED">
            <system-out>2019-12-18 10:06:22 - [TEST_CASE][PASSED] - Test Cases/Dashboard_App/TC_addRegyt/TC_addRegyt: Test Cases/Dashboard_App/TC_addRegyt/TC_addRegyt&#xD;
&#xD;
2019-12-18 10:06:22 - [TEST_STEP][PASSED] - trace_numbera = &lt;not implemented yet for class: org.codehaus.groovy.ast.expr.EmptyExpression&gt;: null&#xD;
&#xD;
2019-12-18 10:06:22 - [TEST_STEP][PASSED] - trace_numbera = Math.random() * 10000: null&#xD;
&#xD;
2019-12-18 10:06:22 - [TEST_STEP][PASSED] - trace_numberb = &lt;not implemented yet for class: org.codehaus.groovy.ast.expr.EmptyExpression&gt;: null&#xD;
&#xD;
2019-12-18 10:06:22 - [TEST_STEP][PASSED] - trace_numberb = Math.random() * 10000: null&#xD;
&#xD;
2019-12-18 10:06:22 - [TEST_STEP][PASSED] - plain = "{" + ""user_agent":"" + var_user_agent + "","imei":"" + var_imei + "" + trace_numbera + "","token_code":"" + var_token_code + "" + trace_numberb + ""}": null&#xD;
&#xD;
2019-12-18 10:06:22 - [TEST_STEP][PASSED] - out.println(plain): null&#xD;
&#xD;
2019-12-18 10:06:22 - [TEST_STEP][PASSED] - encipheredData = SecureUtils.encryptAesEwallet(plain, var_aes_key): null&#xD;
&#xD;
2019-12-18 10:06:22 - [TEST_STEP][PASSED] - body = "{"organisation_id":"" + var_organisation_id + ""," + ""data":"" + encipheredData + ""," + ""lang":"" + var_lang + ""}": null&#xD;
&#xD;
2019-12-18 10:06:22 - [TEST_STEP][PASSED] - out.println(body): null&#xD;
&#xD;
2019-12-18 10:06:22 - [TEST_STEP][PASSED] - header1 = new com.kms.katalon.core.testobject.TestObjectProperty(partner-token, com.kms.katalon.core.testobject.ConditionType.EQUALS, var_partner_token): null&#xD;
&#xD;
2019-12-18 10:06:22 - [TEST_STEP][PASSED] - header2 = new com.kms.katalon.core.testobject.TestObjectProperty(Content-Type, com.kms.katalon.core.testobject.ConditionType.EQUALS, application/json): null&#xD;
&#xD;
2019-12-18 10:06:22 - [TEST_STEP][PASSED] - defaultHeaders = Arrays.asList(header1, header2): null&#xD;
&#xD;
2019-12-18 10:06:22 - [TEST_STEP][PASSED] - request = findTestObject("Dashboard_App/obj_addRegyt"): null&#xD;
&#xD;
2019-12-18 10:06:22 - [TEST_STEP][PASSED] - request.setHttpHeaderProperties(defaultHeaders): null&#xD;
&#xD;
2019-12-18 10:06:22 - [TEST_STEP][PASSED] - request.setBodyContent(new com.kms.katalon.core.testobject.impl.HttpTextBodyContent(body, UTF-8, application/json)): null&#xD;
&#xD;
2019-12-18 10:06:22 - [TEST_STEP][PASSED] - response = sendRequest(request): Send request successfully&#xD;
&#xD;
2019-12-18 10:06:23 - [MESSAGE][INFO] - HAR: D:\katalon-ewallet\Reports\Dashboard_App\TS_addRegyt\TS_addRegyt\20191218_100614\requests\main\5.har&#xD;
&#xD;
2019-12-18 10:06:23 - [MESSAGE][PASSED] - Send request successfully&#xD;
&#xD;
2019-12-18 10:06:23 - [TEST_STEP][PASSED] - body_content = responseBodyContent: null&#xD;
&#xD;
2019-12-18 10:06:23 - [TEST_STEP][PASSED] - status_code = statusCode: null&#xD;
&#xD;
2019-12-18 10:06:23 - [TEST_STEP][PASSED] - respDataMap = JsonSlurper().parseText(body_content): null&#xD;
&#xD;
2019-12-18 10:06:23 - [TEST_STEP][PASSED] - out.println(respDataMap): null&#xD;
&#xD;
2019-12-18 10:06:23 - [TEST_STEP][PASSED] - println(body_content): null&#xD;
&#xD;
2019-12-18 10:06:23 - [TEST_STEP][PASSED] - rc_ref = ReturnCodeWrapper(var_expected_rc).getEnumRC(): null&#xD;
&#xD;
2019-12-18 10:06:23 - [TEST_STEP][PASSED] - out.println(var_expected_rc): null&#xD;
&#xD;
2019-12-18 10:06:23 - [TEST_STEP][PASSED] - out.println(rc_ref.getRCName()): null&#xD;
&#xD;
2019-12-18 10:06:23 - [TEST_STEP][PASSED] - out.println(rc_ref.getHttpResponse()): null&#xD;
&#xD;
2019-12-18 10:06:23 - [TEST_STEP][PASSED] - result = verifyEqual(response_code, rc_ref.getRCName()): Actual object 'RC01' and expected object 'RC01' are equal&#xD;
&#xD;
2019-12-18 10:06:23 - [MESSAGE][PASSED] - Actual object 'RC01' and expected object 'RC01' are equal</system-out>
            <system-err></system-err>
        </testcase>
        <testcase name="Test Cases/Dashboard_App/TC_addRegyt/TC_addRegyt" classname="Test Cases/Dashboard_App/TC_addRegyt/TC_addRegyt" status="PASSED">
            <system-out>2019-12-18 10:06:23 - [TEST_CASE][PASSED] - Test Cases/Dashboard_App/TC_addRegyt/TC_addRegyt: Test Cases/Dashboard_App/TC_addRegyt/TC_addRegyt&#xD;
&#xD;
2019-12-18 10:06:23 - [TEST_STEP][PASSED] - trace_numbera = &lt;not implemented yet for class: org.codehaus.groovy.ast.expr.EmptyExpression&gt;: null&#xD;
&#xD;
2019-12-18 10:06:23 - [TEST_STEP][PASSED] - trace_numbera = Math.random() * 10000: null&#xD;
&#xD;
2019-12-18 10:06:23 - [TEST_STEP][PASSED] - trace_numberb = &lt;not implemented yet for class: org.codehaus.groovy.ast.expr.EmptyExpression&gt;: null&#xD;
&#xD;
2019-12-18 10:06:23 - [TEST_STEP][PASSED] - trace_numberb = Math.random() * 10000: null&#xD;
&#xD;
2019-12-18 10:06:23 - [TEST_STEP][PASSED] - plain = "{" + ""user_agent":"" + var_user_agent + "","imei":"" + var_imei + "" + trace_numbera + "","token_code":"" + var_token_code + "" + trace_numberb + ""}": null&#xD;
&#xD;
2019-12-18 10:06:23 - [TEST_STEP][PASSED] - out.println(plain): null&#xD;
&#xD;
2019-12-18 10:06:23 - [TEST_STEP][PASSED] - encipheredData = SecureUtils.encryptAesEwallet(plain, var_aes_key): null&#xD;
&#xD;
2019-12-18 10:06:23 - [TEST_STEP][PASSED] - body = "{"organisation_id":"" + var_organisation_id + ""," + ""data":"" + encipheredData + ""," + ""lang":"" + var_lang + ""}": null&#xD;
&#xD;
2019-12-18 10:06:23 - [TEST_STEP][PASSED] - out.println(body): null&#xD;
&#xD;
2019-12-18 10:06:23 - [TEST_STEP][PASSED] - header1 = new com.kms.katalon.core.testobject.TestObjectProperty(partner-token, com.kms.katalon.core.testobject.ConditionType.EQUALS, var_partner_token): null&#xD;
&#xD;
2019-12-18 10:06:23 - [TEST_STEP][PASSED] - header2 = new com.kms.katalon.core.testobject.TestObjectProperty(Content-Type, com.kms.katalon.core.testobject.ConditionType.EQUALS, application/json): null&#xD;
&#xD;
2019-12-18 10:06:23 - [TEST_STEP][PASSED] - defaultHeaders = Arrays.asList(header1, header2): null&#xD;
&#xD;
2019-12-18 10:06:23 - [TEST_STEP][PASSED] - request = findTestObject("Dashboard_App/obj_addRegyt"): null&#xD;
&#xD;
2019-12-18 10:06:23 - [TEST_STEP][PASSED] - request.setHttpHeaderProperties(defaultHeaders): null&#xD;
&#xD;
2019-12-18 10:06:23 - [TEST_STEP][PASSED] - request.setBodyContent(new com.kms.katalon.core.testobject.impl.HttpTextBodyContent(body, UTF-8, application/json)): null&#xD;
&#xD;
2019-12-18 10:06:23 - [TEST_STEP][PASSED] - response = sendRequest(request): Send request successfully&#xD;
&#xD;
2019-12-18 10:06:23 - [MESSAGE][INFO] - HAR: D:\katalon-ewallet\Reports\Dashboard_App\TS_addRegyt\TS_addRegyt\20191218_100614\requests\main\6.har&#xD;
&#xD;
2019-12-18 10:06:23 - [MESSAGE][PASSED] - Send request successfully&#xD;
&#xD;
2019-12-18 10:06:23 - [TEST_STEP][PASSED] - body_content = responseBodyContent: null&#xD;
&#xD;
2019-12-18 10:06:23 - [TEST_STEP][PASSED] - status_code = statusCode: null&#xD;
&#xD;
2019-12-18 10:06:23 - [TEST_STEP][PASSED] - respDataMap = JsonSlurper().parseText(body_content): null&#xD;
&#xD;
2019-12-18 10:06:23 - [TEST_STEP][PASSED] - out.println(respDataMap): null&#xD;
&#xD;
2019-12-18 10:06:23 - [TEST_STEP][PASSED] - println(body_content): null&#xD;
&#xD;
2019-12-18 10:06:23 - [TEST_STEP][PASSED] - rc_ref = ReturnCodeWrapper(var_expected_rc).getEnumRC(): null&#xD;
&#xD;
2019-12-18 10:06:23 - [TEST_STEP][PASSED] - out.println(var_expected_rc): null&#xD;
&#xD;
2019-12-18 10:06:23 - [TEST_STEP][PASSED] - out.println(rc_ref.getRCName()): null&#xD;
&#xD;
2019-12-18 10:06:23 - [TEST_STEP][PASSED] - out.println(rc_ref.getHttpResponse()): null&#xD;
&#xD;
2019-12-18 10:06:23 - [TEST_STEP][PASSED] - result = verifyEqual(response_code, rc_ref.getRCName()): Actual object 'RC01' and expected object 'RC01' are equal&#xD;
&#xD;
2019-12-18 10:06:23 - [MESSAGE][PASSED] - Actual object 'RC01' and expected object 'RC01' are equal</system-out>
            <system-err></system-err>
        </testcase>
        <testcase name="Test Cases/Dashboard_App/TC_addRegyt/TC_addRegyt" classname="Test Cases/Dashboard_App/TC_addRegyt/TC_addRegyt" status="PASSED">
            <system-out>2019-12-18 10:06:23 - [TEST_CASE][PASSED] - Test Cases/Dashboard_App/TC_addRegyt/TC_addRegyt: Test Cases/Dashboard_App/TC_addRegyt/TC_addRegyt&#xD;
&#xD;
2019-12-18 10:06:23 - [TEST_STEP][PASSED] - trace_numbera = &lt;not implemented yet for class: org.codehaus.groovy.ast.expr.EmptyExpression&gt;: null&#xD;
&#xD;
2019-12-18 10:06:23 - [TEST_STEP][PASSED] - trace_numbera = Math.random() * 10000: null&#xD;
&#xD;
2019-12-18 10:06:23 - [TEST_STEP][PASSED] - trace_numberb = &lt;not implemented yet for class: org.codehaus.groovy.ast.expr.EmptyExpression&gt;: null&#xD;
&#xD;
2019-12-18 10:06:23 - [TEST_STEP][PASSED] - trace_numberb = Math.random() * 10000: null&#xD;
&#xD;
2019-12-18 10:06:23 - [TEST_STEP][PASSED] - plain = "{" + ""user_agent":"" + var_user_agent + "","imei":"" + var_imei + "" + trace_numbera + "","token_code":"" + var_token_code + "" + trace_numberb + ""}": null&#xD;
&#xD;
2019-12-18 10:06:23 - [TEST_STEP][PASSED] - out.println(plain): null&#xD;
&#xD;
2019-12-18 10:06:23 - [TEST_STEP][PASSED] - encipheredData = SecureUtils.encryptAesEwallet(plain, var_aes_key): null&#xD;
&#xD;
2019-12-18 10:06:23 - [TEST_STEP][PASSED] - body = "{"organisation_id":"" + var_organisation_id + ""," + ""data":"" + encipheredData + ""," + ""lang":"" + var_lang + ""}": null&#xD;
&#xD;
2019-12-18 10:06:23 - [TEST_STEP][PASSED] - out.println(body): null&#xD;
&#xD;
2019-12-18 10:06:23 - [TEST_STEP][PASSED] - header1 = new com.kms.katalon.core.testobject.TestObjectProperty(partner-token, com.kms.katalon.core.testobject.ConditionType.EQUALS, var_partner_token): null&#xD;
&#xD;
2019-12-18 10:06:23 - [TEST_STEP][PASSED] - header2 = new com.kms.katalon.core.testobject.TestObjectProperty(Content-Type, com.kms.katalon.core.testobject.ConditionType.EQUALS, application/json): null&#xD;
&#xD;
2019-12-18 10:06:23 - [TEST_STEP][PASSED] - defaultHeaders = Arrays.asList(header1, header2): null&#xD;
&#xD;
2019-12-18 10:06:23 - [TEST_STEP][PASSED] - request = findTestObject("Dashboard_App/obj_addRegyt"): null&#xD;
&#xD;
2019-12-18 10:06:23 - [TEST_STEP][PASSED] - request.setHttpHeaderProperties(defaultHeaders): null&#xD;
&#xD;
2019-12-18 10:06:23 - [TEST_STEP][PASSED] - request.setBodyContent(new com.kms.katalon.core.testobject.impl.HttpTextBodyContent(body, UTF-8, application/json)): null&#xD;
&#xD;
2019-12-18 10:06:23 - [TEST_STEP][PASSED] - response = sendRequest(request): Send request successfully&#xD;
&#xD;
2019-12-18 10:06:23 - [MESSAGE][INFO] - HAR: D:\katalon-ewallet\Reports\Dashboard_App\TS_addRegyt\TS_addRegyt\20191218_100614\requests\main\7.har&#xD;
&#xD;
2019-12-18 10:06:23 - [MESSAGE][PASSED] - Send request successfully&#xD;
&#xD;
2019-12-18 10:06:23 - [TEST_STEP][PASSED] - body_content = responseBodyContent: null&#xD;
&#xD;
2019-12-18 10:06:23 - [TEST_STEP][PASSED] - status_code = statusCode: null&#xD;
&#xD;
2019-12-18 10:06:23 - [TEST_STEP][PASSED] - respDataMap = JsonSlurper().parseText(body_content): null&#xD;
&#xD;
2019-12-18 10:06:23 - [TEST_STEP][PASSED] - out.println(respDataMap): null&#xD;
&#xD;
2019-12-18 10:06:23 - [TEST_STEP][PASSED] - println(body_content): null&#xD;
&#xD;
2019-12-18 10:06:23 - [TEST_STEP][PASSED] - rc_ref = ReturnCodeWrapper(var_expected_rc).getEnumRC(): null&#xD;
&#xD;
2019-12-18 10:06:23 - [TEST_STEP][PASSED] - out.println(var_expected_rc): null&#xD;
&#xD;
2019-12-18 10:06:23 - [TEST_STEP][PASSED] - out.println(rc_ref.getRCName()): null&#xD;
&#xD;
2019-12-18 10:06:23 - [TEST_STEP][PASSED] - out.println(rc_ref.getHttpResponse()): null&#xD;
&#xD;
2019-12-18 10:06:23 - [TEST_STEP][PASSED] - result = verifyEqual(response_code, rc_ref.getRCName()): Actual object 'RC01' and expected object 'RC01' are equal&#xD;
&#xD;
2019-12-18 10:06:23 - [MESSAGE][PASSED] - Actual object 'RC01' and expected object 'RC01' are equal</system-out>
            <system-err></system-err>
        </testcase>
        <testcase name="Test Cases/Dashboard_App/TC_addRegyt/TC_addRegyt" classname="Test Cases/Dashboard_App/TC_addRegyt/TC_addRegyt" status="PASSED">
            <system-out>2019-12-18 10:06:23 - [TEST_CASE][PASSED] - Test Cases/Dashboard_App/TC_addRegyt/TC_addRegyt: Test Cases/Dashboard_App/TC_addRegyt/TC_addRegyt&#xD;
&#xD;
2019-12-18 10:06:23 - [TEST_STEP][PASSED] - trace_numbera = &lt;not implemented yet for class: org.codehaus.groovy.ast.expr.EmptyExpression&gt;: null&#xD;
&#xD;
2019-12-18 10:06:23 - [TEST_STEP][PASSED] - trace_numbera = Math.random() * 10000: null&#xD;
&#xD;
2019-12-18 10:06:23 - [TEST_STEP][PASSED] - trace_numberb = &lt;not implemented yet for class: org.codehaus.groovy.ast.expr.EmptyExpression&gt;: null&#xD;
&#xD;
2019-12-18 10:06:23 - [TEST_STEP][PASSED] - trace_numberb = Math.random() * 10000: null&#xD;
&#xD;
2019-12-18 10:06:23 - [TEST_STEP][PASSED] - plain = "{" + ""user_agent":"" + var_user_agent + "","imei":"" + var_imei + "" + trace_numbera + "","token_code":"" + var_token_code + "" + trace_numberb + ""}": null&#xD;
&#xD;
2019-12-18 10:06:23 - [TEST_STEP][PASSED] - out.println(plain): null&#xD;
&#xD;
2019-12-18 10:06:23 - [TEST_STEP][PASSED] - encipheredData = SecureUtils.encryptAesEwallet(plain, var_aes_key): null&#xD;
&#xD;
2019-12-18 10:06:23 - [TEST_STEP][PASSED] - body = "{"organisation_id":"" + var_organisation_id + ""," + ""data":"" + encipheredData + ""," + ""lang":"" + var_lang + ""}": null&#xD;
&#xD;
2019-12-18 10:06:23 - [TEST_STEP][PASSED] - out.println(body): null&#xD;
&#xD;
2019-12-18 10:06:23 - [TEST_STEP][PASSED] - header1 = new com.kms.katalon.core.testobject.TestObjectProperty(partner-token, com.kms.katalon.core.testobject.ConditionType.EQUALS, var_partner_token): null&#xD;
&#xD;
2019-12-18 10:06:23 - [TEST_STEP][PASSED] - header2 = new com.kms.katalon.core.testobject.TestObjectProperty(Content-Type, com.kms.katalon.core.testobject.ConditionType.EQUALS, application/json): null&#xD;
&#xD;
2019-12-18 10:06:23 - [TEST_STEP][PASSED] - defaultHeaders = Arrays.asList(header1, header2): null&#xD;
&#xD;
2019-12-18 10:06:23 - [TEST_STEP][PASSED] - request = findTestObject("Dashboard_App/obj_addRegyt"): null&#xD;
&#xD;
2019-12-18 10:06:23 - [TEST_STEP][PASSED] - request.setHttpHeaderProperties(defaultHeaders): null&#xD;
&#xD;
2019-12-18 10:06:23 - [TEST_STEP][PASSED] - request.setBodyContent(new com.kms.katalon.core.testobject.impl.HttpTextBodyContent(body, UTF-8, application/json)): null&#xD;
&#xD;
2019-12-18 10:06:23 - [TEST_STEP][PASSED] - response = sendRequest(request): Send request successfully&#xD;
&#xD;
2019-12-18 10:06:24 - [MESSAGE][INFO] - HAR: D:\katalon-ewallet\Reports\Dashboard_App\TS_addRegyt\TS_addRegyt\20191218_100614\requests\main\8.har&#xD;
&#xD;
2019-12-18 10:06:24 - [MESSAGE][PASSED] - Send request successfully&#xD;
&#xD;
2019-12-18 10:06:24 - [TEST_STEP][PASSED] - body_content = responseBodyContent: null&#xD;
&#xD;
2019-12-18 10:06:24 - [TEST_STEP][PASSED] - status_code = statusCode: null&#xD;
&#xD;
2019-12-18 10:06:24 - [TEST_STEP][PASSED] - respDataMap = JsonSlurper().parseText(body_content): null&#xD;
&#xD;
2019-12-18 10:06:24 - [TEST_STEP][PASSED] - out.println(respDataMap): null&#xD;
&#xD;
2019-12-18 10:06:24 - [TEST_STEP][PASSED] - println(body_content): null&#xD;
&#xD;
2019-12-18 10:06:24 - [TEST_STEP][PASSED] - rc_ref = ReturnCodeWrapper(var_expected_rc).getEnumRC(): null&#xD;
&#xD;
2019-12-18 10:06:24 - [TEST_STEP][PASSED] - out.println(var_expected_rc): null&#xD;
&#xD;
2019-12-18 10:06:24 - [TEST_STEP][PASSED] - out.println(rc_ref.getRCName()): null&#xD;
&#xD;
2019-12-18 10:06:24 - [TEST_STEP][PASSED] - out.println(rc_ref.getHttpResponse()): null&#xD;
&#xD;
2019-12-18 10:06:24 - [TEST_STEP][PASSED] - result = verifyEqual(response_code, rc_ref.getRCName()): Actual object 'RC00' and expected object 'RC00' are equal&#xD;
&#xD;
2019-12-18 10:06:24 - [MESSAGE][PASSED] - Actual object 'RC00' and expected object 'RC00' are equal</system-out>
            <system-err></system-err>
        </testcase>
        <testcase name="Test Cases/Dashboard_App/TC_addRegyt/TC_addRegyt" classname="Test Cases/Dashboard_App/TC_addRegyt/TC_addRegyt" status="PASSED">
            <system-out>2019-12-18 10:06:24 - [TEST_CASE][PASSED] - Test Cases/Dashboard_App/TC_addRegyt/TC_addRegyt: Test Cases/Dashboard_App/TC_addRegyt/TC_addRegyt&#xD;
&#xD;
2019-12-18 10:06:24 - [TEST_STEP][PASSED] - trace_numbera = &lt;not implemented yet for class: org.codehaus.groovy.ast.expr.EmptyExpression&gt;: null&#xD;
&#xD;
2019-12-18 10:06:24 - [TEST_STEP][PASSED] - trace_numbera = Math.random() * 10000: null&#xD;
&#xD;
2019-12-18 10:06:24 - [TEST_STEP][PASSED] - trace_numberb = &lt;not implemented yet for class: org.codehaus.groovy.ast.expr.EmptyExpression&gt;: null&#xD;
&#xD;
2019-12-18 10:06:24 - [TEST_STEP][PASSED] - trace_numberb = Math.random() * 10000: null&#xD;
&#xD;
2019-12-18 10:06:24 - [TEST_STEP][PASSED] - plain = "{" + ""user_agent":"" + var_user_agent + "","imei":"" + var_imei + "" + trace_numbera + "","token_code":"" + var_token_code + "" + trace_numberb + ""}": null&#xD;
&#xD;
2019-12-18 10:06:24 - [TEST_STEP][PASSED] - out.println(plain): null&#xD;
&#xD;
2019-12-18 10:06:24 - [TEST_STEP][PASSED] - encipheredData = SecureUtils.encryptAesEwallet(plain, var_aes_key): null&#xD;
&#xD;
2019-12-18 10:06:24 - [TEST_STEP][PASSED] - body = "{"organisation_id":"" + var_organisation_id + ""," + ""data":"" + encipheredData + ""," + ""lang":"" + var_lang + ""}": null&#xD;
&#xD;
2019-12-18 10:06:24 - [TEST_STEP][PASSED] - out.println(body): null&#xD;
&#xD;
2019-12-18 10:06:24 - [TEST_STEP][PASSED] - header1 = new com.kms.katalon.core.testobject.TestObjectProperty(partner-token, com.kms.katalon.core.testobject.ConditionType.EQUALS, var_partner_token): null&#xD;
&#xD;
2019-12-18 10:06:24 - [TEST_STEP][PASSED] - header2 = new com.kms.katalon.core.testobject.TestObjectProperty(Content-Type, com.kms.katalon.core.testobject.ConditionType.EQUALS, application/json): null&#xD;
&#xD;
2019-12-18 10:06:24 - [TEST_STEP][PASSED] - defaultHeaders = Arrays.asList(header1, header2): null&#xD;
&#xD;
2019-12-18 10:06:24 - [TEST_STEP][PASSED] - request = findTestObject("Dashboard_App/obj_addRegyt"): null&#xD;
&#xD;
2019-12-18 10:06:24 - [TEST_STEP][PASSED] - request.setHttpHeaderProperties(defaultHeaders): null&#xD;
&#xD;
2019-12-18 10:06:24 - [TEST_STEP][PASSED] - request.setBodyContent(new com.kms.katalon.core.testobject.impl.HttpTextBodyContent(body, UTF-8, application/json)): null&#xD;
&#xD;
2019-12-18 10:06:24 - [TEST_STEP][PASSED] - response = sendRequest(request): Send request successfully&#xD;
&#xD;
2019-12-18 10:06:24 - [MESSAGE][INFO] - HAR: D:\katalon-ewallet\Reports\Dashboard_App\TS_addRegyt\TS_addRegyt\20191218_100614\requests\main\9.har&#xD;
&#xD;
2019-12-18 10:06:24 - [MESSAGE][PASSED] - Send request successfully&#xD;
&#xD;
2019-12-18 10:06:24 - [TEST_STEP][PASSED] - body_content = responseBodyContent: null&#xD;
&#xD;
2019-12-18 10:06:24 - [TEST_STEP][PASSED] - status_code = statusCode: null&#xD;
&#xD;
2019-12-18 10:06:24 - [TEST_STEP][PASSED] - respDataMap = JsonSlurper().parseText(body_content): null&#xD;
&#xD;
2019-12-18 10:06:24 - [TEST_STEP][PASSED] - out.println(respDataMap): null&#xD;
&#xD;
2019-12-18 10:06:24 - [TEST_STEP][PASSED] - println(body_content): null&#xD;
&#xD;
2019-12-18 10:06:24 - [TEST_STEP][PASSED] - rc_ref = ReturnCodeWrapper(var_expected_rc).getEnumRC(): null&#xD;
&#xD;
2019-12-18 10:06:24 - [TEST_STEP][PASSED] - out.println(var_expected_rc): null&#xD;
&#xD;
2019-12-18 10:06:24 - [TEST_STEP][PASSED] - out.println(rc_ref.getRCName()): null&#xD;
&#xD;
2019-12-18 10:06:24 - [TEST_STEP][PASSED] - out.println(rc_ref.getHttpResponse()): null&#xD;
&#xD;
2019-12-18 10:06:24 - [TEST_STEP][PASSED] - result = verifyEqual(response_code, rc_ref.getRCName()): Actual object 'RC01' and expected object 'RC01' are equal&#xD;
&#xD;
2019-12-18 10:06:24 - [MESSAGE][PASSED] - Actual object 'RC01' and expected object 'RC01' are equal</system-out>
            <system-err></system-err>
        </testcase>
        <testcase name="Test Cases/Dashboard_App/TC_addRegyt/TC_addRegyt" classname="Test Cases/Dashboard_App/TC_addRegyt/TC_addRegyt" status="PASSED">
            <system-out>2019-12-18 10:06:24 - [TEST_CASE][PASSED] - Test Cases/Dashboard_App/TC_addRegyt/TC_addRegyt: Test Cases/Dashboard_App/TC_addRegyt/TC_addRegyt&#xD;
&#xD;
2019-12-18 10:06:24 - [TEST_STEP][PASSED] - trace_numbera = &lt;not implemented yet for class: org.codehaus.groovy.ast.expr.EmptyExpression&gt;: null&#xD;
&#xD;
2019-12-18 10:06:24 - [TEST_STEP][PASSED] - trace_numbera = Math.random() * 10000: null&#xD;
&#xD;
2019-12-18 10:06:24 - [TEST_STEP][PASSED] - trace_numberb = &lt;not implemented yet for class: org.codehaus.groovy.ast.expr.EmptyExpression&gt;: null&#xD;
&#xD;
2019-12-18 10:06:24 - [TEST_STEP][PASSED] - trace_numberb = Math.random() * 10000: null&#xD;
&#xD;
2019-12-18 10:06:24 - [TEST_STEP][PASSED] - plain = "{" + ""user_agent":"" + var_user_agent + "","imei":"" + var_imei + "" + trace_numbera + "","token_code":"" + var_token_code + "" + trace_numberb + ""}": null&#xD;
&#xD;
2019-12-18 10:06:24 - [TEST_STEP][PASSED] - out.println(plain): null&#xD;
&#xD;
2019-12-18 10:06:24 - [TEST_STEP][PASSED] - encipheredData = SecureUtils.encryptAesEwallet(plain, var_aes_key): null&#xD;
&#xD;
2019-12-18 10:06:24 - [TEST_STEP][PASSED] - body = "{"organisation_id":"" + var_organisation_id + ""," + ""data":"" + encipheredData + ""," + ""lang":"" + var_lang + ""}": null&#xD;
&#xD;
2019-12-18 10:06:24 - [TEST_STEP][PASSED] - out.println(body): null&#xD;
&#xD;
2019-12-18 10:06:24 - [TEST_STEP][PASSED] - header1 = new com.kms.katalon.core.testobject.TestObjectProperty(partner-token, com.kms.katalon.core.testobject.ConditionType.EQUALS, var_partner_token): null&#xD;
&#xD;
2019-12-18 10:06:24 - [TEST_STEP][PASSED] - header2 = new com.kms.katalon.core.testobject.TestObjectProperty(Content-Type, com.kms.katalon.core.testobject.ConditionType.EQUALS, application/json): null&#xD;
&#xD;
2019-12-18 10:06:24 - [TEST_STEP][PASSED] - defaultHeaders = Arrays.asList(header1, header2): null&#xD;
&#xD;
2019-12-18 10:06:24 - [TEST_STEP][PASSED] - request = findTestObject("Dashboard_App/obj_addRegyt"): null&#xD;
&#xD;
2019-12-18 10:06:24 - [TEST_STEP][PASSED] - request.setHttpHeaderProperties(defaultHeaders): null&#xD;
&#xD;
2019-12-18 10:06:24 - [TEST_STEP][PASSED] - request.setBodyContent(new com.kms.katalon.core.testobject.impl.HttpTextBodyContent(body, UTF-8, application/json)): null&#xD;
&#xD;
2019-12-18 10:06:24 - [TEST_STEP][PASSED] - response = sendRequest(request): Send request successfully&#xD;
&#xD;
2019-12-18 10:06:24 - [MESSAGE][INFO] - HAR: D:\katalon-ewallet\Reports\Dashboard_App\TS_addRegyt\TS_addRegyt\20191218_100614\requests\main\10.har&#xD;
&#xD;
2019-12-18 10:06:24 - [MESSAGE][PASSED] - Send request successfully&#xD;
&#xD;
2019-12-18 10:06:24 - [TEST_STEP][PASSED] - body_content = responseBodyContent: null&#xD;
&#xD;
2019-12-18 10:06:24 - [TEST_STEP][PASSED] - status_code = statusCode: null&#xD;
&#xD;
2019-12-18 10:06:24 - [TEST_STEP][PASSED] - respDataMap = JsonSlurper().parseText(body_content): null&#xD;
&#xD;
2019-12-18 10:06:24 - [TEST_STEP][PASSED] - out.println(respDataMap): null&#xD;
&#xD;
2019-12-18 10:06:24 - [TEST_STEP][PASSED] - println(body_content): null&#xD;
&#xD;
2019-12-18 10:06:24 - [TEST_STEP][PASSED] - rc_ref = ReturnCodeWrapper(var_expected_rc).getEnumRC(): null&#xD;
&#xD;
2019-12-18 10:06:24 - [TEST_STEP][PASSED] - out.println(var_expected_rc): null&#xD;
&#xD;
2019-12-18 10:06:24 - [TEST_STEP][PASSED] - out.println(rc_ref.getRCName()): null&#xD;
&#xD;
2019-12-18 10:06:24 - [TEST_STEP][PASSED] - out.println(rc_ref.getHttpResponse()): null&#xD;
&#xD;
2019-12-18 10:06:24 - [TEST_STEP][PASSED] - result = verifyEqual(response_code, rc_ref.getRCName()): Actual object 'RC00' and expected object 'RC00' are equal&#xD;
&#xD;
2019-12-18 10:06:24 - [MESSAGE][PASSED] - Actual object 'RC00' and expected object 'RC00' are equal</system-out>
            <system-err></system-err>
        </testcase>
        <testcase name="Test Cases/Dashboard_App/TC_addRegyt/TC_addRegyt" classname="Test Cases/Dashboard_App/TC_addRegyt/TC_addRegyt" status="PASSED">
            <system-out>2019-12-18 10:06:24 - [TEST_CASE][PASSED] - Test Cases/Dashboard_App/TC_addRegyt/TC_addRegyt: Test Cases/Dashboard_App/TC_addRegyt/TC_addRegyt&#xD;
&#xD;
2019-12-18 10:06:24 - [TEST_STEP][PASSED] - trace_numbera = &lt;not implemented yet for class: org.codehaus.groovy.ast.expr.EmptyExpression&gt;: null&#xD;
&#xD;
2019-12-18 10:06:24 - [TEST_STEP][PASSED] - trace_numbera = Math.random() * 10000: null&#xD;
&#xD;
2019-12-18 10:06:24 - [TEST_STEP][PASSED] - trace_numberb = &lt;not implemented yet for class: org.codehaus.groovy.ast.expr.EmptyExpression&gt;: null&#xD;
&#xD;
2019-12-18 10:06:24 - [TEST_STEP][PASSED] - trace_numberb = Math.random() * 10000: null&#xD;
&#xD;
2019-12-18 10:06:24 - [TEST_STEP][PASSED] - plain = "{" + ""user_agent":"" + var_user_agent + "","imei":"" + var_imei + "" + trace_numbera + "","token_code":"" + var_token_code + "" + trace_numberb + ""}": null&#xD;
&#xD;
2019-12-18 10:06:24 - [TEST_STEP][PASSED] - out.println(plain): null&#xD;
&#xD;
2019-12-18 10:06:24 - [TEST_STEP][PASSED] - encipheredData = SecureUtils.encryptAesEwallet(plain, var_aes_key): null&#xD;
&#xD;
2019-12-18 10:06:24 - [TEST_STEP][PASSED] - body = "{"organisation_id":"" + var_organisation_id + ""," + ""data":"" + encipheredData + ""," + ""lang":"" + var_lang + ""}": null&#xD;
&#xD;
2019-12-18 10:06:24 - [TEST_STEP][PASSED] - out.println(body): null&#xD;
&#xD;
2019-12-18 10:06:24 - [TEST_STEP][PASSED] - header1 = new com.kms.katalon.core.testobject.TestObjectProperty(partner-token, com.kms.katalon.core.testobject.ConditionType.EQUALS, var_partner_token): null&#xD;
&#xD;
2019-12-18 10:06:24 - [TEST_STEP][PASSED] - header2 = new com.kms.katalon.core.testobject.TestObjectProperty(Content-Type, com.kms.katalon.core.testobject.ConditionType.EQUALS, application/json): null&#xD;
&#xD;
2019-12-18 10:06:24 - [TEST_STEP][PASSED] - defaultHeaders = Arrays.asList(header1, header2): null&#xD;
&#xD;
2019-12-18 10:06:24 - [TEST_STEP][PASSED] - request = findTestObject("Dashboard_App/obj_addRegyt"): null&#xD;
&#xD;
2019-12-18 10:06:24 - [TEST_STEP][PASSED] - request.setHttpHeaderProperties(defaultHeaders): null&#xD;
&#xD;
2019-12-18 10:06:24 - [TEST_STEP][PASSED] - request.setBodyContent(new com.kms.katalon.core.testobject.impl.HttpTextBodyContent(body, UTF-8, application/json)): null&#xD;
&#xD;
2019-12-18 10:06:24 - [TEST_STEP][PASSED] - response = sendRequest(request): Send request successfully&#xD;
&#xD;
2019-12-18 10:06:24 - [MESSAGE][INFO] - HAR: D:\katalon-ewallet\Reports\Dashboard_App\TS_addRegyt\TS_addRegyt\20191218_100614\requests\main\11.har&#xD;
&#xD;
2019-12-18 10:06:24 - [MESSAGE][PASSED] - Send request successfully&#xD;
&#xD;
2019-12-18 10:06:24 - [TEST_STEP][PASSED] - body_content = responseBodyContent: null&#xD;
&#xD;
2019-12-18 10:06:24 - [TEST_STEP][PASSED] - status_code = statusCode: null&#xD;
&#xD;
2019-12-18 10:06:24 - [TEST_STEP][PASSED] - respDataMap = JsonSlurper().parseText(body_content): null&#xD;
&#xD;
2019-12-18 10:06:24 - [TEST_STEP][PASSED] - out.println(respDataMap): null&#xD;
&#xD;
2019-12-18 10:06:24 - [TEST_STEP][PASSED] - println(body_content): null&#xD;
&#xD;
2019-12-18 10:06:24 - [TEST_STEP][PASSED] - rc_ref = ReturnCodeWrapper(var_expected_rc).getEnumRC(): null&#xD;
&#xD;
2019-12-18 10:06:24 - [TEST_STEP][PASSED] - out.println(var_expected_rc): null&#xD;
&#xD;
2019-12-18 10:06:24 - [TEST_STEP][PASSED] - out.println(rc_ref.getRCName()): null&#xD;
&#xD;
2019-12-18 10:06:24 - [TEST_STEP][PASSED] - out.println(rc_ref.getHttpResponse()): null&#xD;
&#xD;
2019-12-18 10:06:24 - [TEST_STEP][PASSED] - result = verifyEqual(response_code, rc_ref.getRCName()): Actual object 'RC00' and expected object 'RC00' are equal&#xD;
&#xD;
2019-12-18 10:06:24 - [MESSAGE][PASSED] - Actual object 'RC00' and expected object 'RC00' are equal</system-out>
            <system-err></system-err>
        </testcase>
        <testcase name="Test Cases/Dashboard_App/TC_addRegyt/TC_addRegyt" classname="Test Cases/Dashboard_App/TC_addRegyt/TC_addRegyt" status="PASSED">
            <system-out>2019-12-18 10:06:24 - [TEST_CASE][PASSED] - Test Cases/Dashboard_App/TC_addRegyt/TC_addRegyt: Test Cases/Dashboard_App/TC_addRegyt/TC_addRegyt&#xD;
&#xD;
2019-12-18 10:06:24 - [TEST_STEP][PASSED] - trace_numbera = &lt;not implemented yet for class: org.codehaus.groovy.ast.expr.EmptyExpression&gt;: null&#xD;
&#xD;
2019-12-18 10:06:24 - [TEST_STEP][PASSED] - trace_numbera = Math.random() * 10000: null&#xD;
&#xD;
2019-12-18 10:06:24 - [TEST_STEP][PASSED] - trace_numberb = &lt;not implemented yet for class: org.codehaus.groovy.ast.expr.EmptyExpression&gt;: null&#xD;
&#xD;
2019-12-18 10:06:24 - [TEST_STEP][PASSED] - trace_numberb = Math.random() * 10000: null&#xD;
&#xD;
2019-12-18 10:06:24 - [TEST_STEP][PASSED] - plain = "{" + ""user_agent":"" + var_user_agent + "","imei":"" + var_imei + "" + trace_numbera + "","token_code":"" + var_token_code + "" + trace_numberb + ""}": null&#xD;
&#xD;
2019-12-18 10:06:24 - [TEST_STEP][PASSED] - out.println(plain): null&#xD;
&#xD;
2019-12-18 10:06:24 - [TEST_STEP][PASSED] - encipheredData = SecureUtils.encryptAesEwallet(plain, var_aes_key): null&#xD;
&#xD;
2019-12-18 10:06:24 - [TEST_STEP][PASSED] - body = "{"organisation_id":"" + var_organisation_id + ""," + ""data":"" + encipheredData + ""," + ""lang":"" + var_lang + ""}": null&#xD;
&#xD;
2019-12-18 10:06:24 - [TEST_STEP][PASSED] - out.println(body): null&#xD;
&#xD;
2019-12-18 10:06:24 - [TEST_STEP][PASSED] - header1 = new com.kms.katalon.core.testobject.TestObjectProperty(partner-token, com.kms.katalon.core.testobject.ConditionType.EQUALS, var_partner_token): null&#xD;
&#xD;
2019-12-18 10:06:24 - [TEST_STEP][PASSED] - header2 = new com.kms.katalon.core.testobject.TestObjectProperty(Content-Type, com.kms.katalon.core.testobject.ConditionType.EQUALS, application/json): null&#xD;
&#xD;
2019-12-18 10:06:24 - [TEST_STEP][PASSED] - defaultHeaders = Arrays.asList(header1, header2): null&#xD;
&#xD;
2019-12-18 10:06:24 - [TEST_STEP][PASSED] - request = findTestObject("Dashboard_App/obj_addRegyt"): null&#xD;
&#xD;
2019-12-18 10:06:24 - [TEST_STEP][PASSED] - request.setHttpHeaderProperties(defaultHeaders): null&#xD;
&#xD;
2019-12-18 10:06:24 - [TEST_STEP][PASSED] - request.setBodyContent(new com.kms.katalon.core.testobject.impl.HttpTextBodyContent(body, UTF-8, application/json)): null&#xD;
&#xD;
2019-12-18 10:06:24 - [TEST_STEP][PASSED] - response = sendRequest(request): Send request successfully&#xD;
&#xD;
2019-12-18 10:06:25 - [MESSAGE][INFO] - HAR: D:\katalon-ewallet\Reports\Dashboard_App\TS_addRegyt\TS_addRegyt\20191218_100614\requests\main\12.har&#xD;
&#xD;
2019-12-18 10:06:25 - [MESSAGE][PASSED] - Send request successfully&#xD;
&#xD;
2019-12-18 10:06:25 - [TEST_STEP][PASSED] - body_content = responseBodyContent: null&#xD;
&#xD;
2019-12-18 10:06:25 - [TEST_STEP][PASSED] - status_code = statusCode: null&#xD;
&#xD;
2019-12-18 10:06:25 - [TEST_STEP][PASSED] - respDataMap = JsonSlurper().parseText(body_content): null&#xD;
&#xD;
2019-12-18 10:06:25 - [TEST_STEP][PASSED] - out.println(respDataMap): null&#xD;
&#xD;
2019-12-18 10:06:25 - [TEST_STEP][PASSED] - println(body_content): null&#xD;
&#xD;
2019-12-18 10:06:25 - [TEST_STEP][PASSED] - rc_ref = ReturnCodeWrapper(var_expected_rc).getEnumRC(): null&#xD;
&#xD;
2019-12-18 10:06:25 - [TEST_STEP][PASSED] - out.println(var_expected_rc): null&#xD;
&#xD;
2019-12-18 10:06:25 - [TEST_STEP][PASSED] - out.println(rc_ref.getRCName()): null&#xD;
&#xD;
2019-12-18 10:06:25 - [TEST_STEP][PASSED] - out.println(rc_ref.getHttpResponse()): null&#xD;
&#xD;
2019-12-18 10:06:25 - [TEST_STEP][PASSED] - result = verifyEqual(response_code, rc_ref.getRCName()): Actual object 'RC00' and expected object 'RC00' are equal&#xD;
&#xD;
2019-12-18 10:06:25 - [MESSAGE][PASSED] - Actual object 'RC00' and expected object 'RC00' are equal</system-out>
            <system-err></system-err>
        </testcase>
        <testcase name="Test Cases/Dashboard_App/TC_addRegyt/TC_addRegyt" classname="Test Cases/Dashboard_App/TC_addRegyt/TC_addRegyt" status="PASSED">
            <system-out>2019-12-18 10:06:25 - [TEST_CASE][PASSED] - Test Cases/Dashboard_App/TC_addRegyt/TC_addRegyt: Test Cases/Dashboard_App/TC_addRegyt/TC_addRegyt&#xD;
&#xD;
2019-12-18 10:06:25 - [TEST_STEP][PASSED] - trace_numbera = &lt;not implemented yet for class: org.codehaus.groovy.ast.expr.EmptyExpression&gt;: null&#xD;
&#xD;
2019-12-18 10:06:25 - [TEST_STEP][PASSED] - trace_numbera = Math.random() * 10000: null&#xD;
&#xD;
2019-12-18 10:06:25 - [TEST_STEP][PASSED] - trace_numberb = &lt;not implemented yet for class: org.codehaus.groovy.ast.expr.EmptyExpression&gt;: null&#xD;
&#xD;
2019-12-18 10:06:25 - [TEST_STEP][PASSED] - trace_numberb = Math.random() * 10000: null&#xD;
&#xD;
2019-12-18 10:06:25 - [TEST_STEP][PASSED] - plain = "{" + ""user_agent":"" + var_user_agent + "","imei":"" + var_imei + "" + trace_numbera + "","token_code":"" + var_token_code + "" + trace_numberb + ""}": null&#xD;
&#xD;
2019-12-18 10:06:25 - [TEST_STEP][PASSED] - out.println(plain): null&#xD;
&#xD;
2019-12-18 10:06:25 - [TEST_STEP][PASSED] - encipheredData = SecureUtils.encryptAesEwallet(plain, var_aes_key): null&#xD;
&#xD;
2019-12-18 10:06:25 - [TEST_STEP][PASSED] - body = "{"organisation_id":"" + var_organisation_id + ""," + ""data":"" + encipheredData + ""," + ""lang":"" + var_lang + ""}": null&#xD;
&#xD;
2019-12-18 10:06:25 - [TEST_STEP][PASSED] - out.println(body): null&#xD;
&#xD;
2019-12-18 10:06:25 - [TEST_STEP][PASSED] - header1 = new com.kms.katalon.core.testobject.TestObjectProperty(partner-token, com.kms.katalon.core.testobject.ConditionType.EQUALS, var_partner_token): null&#xD;
&#xD;
2019-12-18 10:06:25 - [TEST_STEP][PASSED] - header2 = new com.kms.katalon.core.testobject.TestObjectProperty(Content-Type, com.kms.katalon.core.testobject.ConditionType.EQUALS, application/json): null&#xD;
&#xD;
2019-12-18 10:06:25 - [TEST_STEP][PASSED] - defaultHeaders = Arrays.asList(header1, header2): null&#xD;
&#xD;
2019-12-18 10:06:25 - [TEST_STEP][PASSED] - request = findTestObject("Dashboard_App/obj_addRegyt"): null&#xD;
&#xD;
2019-12-18 10:06:25 - [TEST_STEP][PASSED] - request.setHttpHeaderProperties(defaultHeaders): null&#xD;
&#xD;
2019-12-18 10:06:25 - [TEST_STEP][PASSED] - request.setBodyContent(new com.kms.katalon.core.testobject.impl.HttpTextBodyContent(body, UTF-8, application/json)): null&#xD;
&#xD;
2019-12-18 10:06:25 - [TEST_STEP][PASSED] - response = sendRequest(request): Send request successfully&#xD;
&#xD;
2019-12-18 10:06:25 - [MESSAGE][INFO] - HAR: D:\katalon-ewallet\Reports\Dashboard_App\TS_addRegyt\TS_addRegyt\20191218_100614\requests\main\13.har&#xD;
&#xD;
2019-12-18 10:06:25 - [MESSAGE][PASSED] - Send request successfully&#xD;
&#xD;
2019-12-18 10:06:25 - [TEST_STEP][PASSED] - body_content = responseBodyContent: null&#xD;
&#xD;
2019-12-18 10:06:25 - [TEST_STEP][PASSED] - status_code = statusCode: null&#xD;
&#xD;
2019-12-18 10:06:25 - [TEST_STEP][PASSED] - respDataMap = JsonSlurper().parseText(body_content): null&#xD;
&#xD;
2019-12-18 10:06:25 - [TEST_STEP][PASSED] - out.println(respDataMap): null&#xD;
&#xD;
2019-12-18 10:06:25 - [TEST_STEP][PASSED] - println(body_content): null&#xD;
&#xD;
2019-12-18 10:06:25 - [TEST_STEP][PASSED] - rc_ref = ReturnCodeWrapper(var_expected_rc).getEnumRC(): null&#xD;
&#xD;
2019-12-18 10:06:25 - [TEST_STEP][PASSED] - out.println(var_expected_rc): null&#xD;
&#xD;
2019-12-18 10:06:25 - [TEST_STEP][PASSED] - out.println(rc_ref.getRCName()): null&#xD;
&#xD;
2019-12-18 10:06:25 - [TEST_STEP][PASSED] - out.println(rc_ref.getHttpResponse()): null&#xD;
&#xD;
2019-12-18 10:06:25 - [TEST_STEP][PASSED] - result = verifyEqual(response_code, rc_ref.getRCName()): Actual object 'RC00' and expected object 'RC00' are equal&#xD;
&#xD;
2019-12-18 10:06:25 - [MESSAGE][PASSED] - Actual object 'RC00' and expected object 'RC00' are equal</system-out>
            <system-err></system-err>
        </testcase>
        <testcase name="Test Cases/Dashboard_App/TC_addRegyt/TC_addRegyt" classname="Test Cases/Dashboard_App/TC_addRegyt/TC_addRegyt" status="PASSED">
            <system-out>2019-12-18 10:06:25 - [TEST_CASE][PASSED] - Test Cases/Dashboard_App/TC_addRegyt/TC_addRegyt: Test Cases/Dashboard_App/TC_addRegyt/TC_addRegyt&#xD;
&#xD;
2019-12-18 10:06:25 - [TEST_STEP][PASSED] - trace_numbera = &lt;not implemented yet for class: org.codehaus.groovy.ast.expr.EmptyExpression&gt;: null&#xD;
&#xD;
2019-12-18 10:06:25 - [TEST_STEP][PASSED] - trace_numbera = Math.random() * 10000: null&#xD;
&#xD;
2019-12-18 10:06:25 - [TEST_STEP][PASSED] - trace_numberb = &lt;not implemented yet for class: org.codehaus.groovy.ast.expr.EmptyExpression&gt;: null&#xD;
&#xD;
2019-12-18 10:06:25 - [TEST_STEP][PASSED] - trace_numberb = Math.random() * 10000: null&#xD;
&#xD;
2019-12-18 10:06:25 - [TEST_STEP][PASSED] - plain = "{" + ""user_agent":"" + var_user_agent + "","imei":"" + var_imei + "" + trace_numbera + "","token_code":"" + var_token_code + "" + trace_numberb + ""}": null&#xD;
&#xD;
2019-12-18 10:06:25 - [TEST_STEP][PASSED] - out.println(plain): null&#xD;
&#xD;
2019-12-18 10:06:25 - [TEST_STEP][PASSED] - encipheredData = SecureUtils.encryptAesEwallet(plain, var_aes_key): null&#xD;
&#xD;
2019-12-18 10:06:25 - [TEST_STEP][PASSED] - body = "{"organisation_id":"" + var_organisation_id + ""," + ""data":"" + encipheredData + ""," + ""lang":"" + var_lang + ""}": null&#xD;
&#xD;
2019-12-18 10:06:25 - [TEST_STEP][PASSED] - out.println(body): null&#xD;
&#xD;
2019-12-18 10:06:25 - [TEST_STEP][PASSED] - header1 = new com.kms.katalon.core.testobject.TestObjectProperty(partner-token, com.kms.katalon.core.testobject.ConditionType.EQUALS, var_partner_token): null&#xD;
&#xD;
2019-12-18 10:06:25 - [TEST_STEP][PASSED] - header2 = new com.kms.katalon.core.testobject.TestObjectProperty(Content-Type, com.kms.katalon.core.testobject.ConditionType.EQUALS, application/json): null&#xD;
&#xD;
2019-12-18 10:06:25 - [TEST_STEP][PASSED] - defaultHeaders = Arrays.asList(header1, header2): null&#xD;
&#xD;
2019-12-18 10:06:25 - [TEST_STEP][PASSED] - request = findTestObject("Dashboard_App/obj_addRegyt"): null&#xD;
&#xD;
2019-12-18 10:06:25 - [TEST_STEP][PASSED] - request.setHttpHeaderProperties(defaultHeaders): null&#xD;
&#xD;
2019-12-18 10:06:25 - [TEST_STEP][PASSED] - request.setBodyContent(new com.kms.katalon.core.testobject.impl.HttpTextBodyContent(body, UTF-8, application/json)): null&#xD;
&#xD;
2019-12-18 10:06:25 - [TEST_STEP][PASSED] - response = sendRequest(request): Send request successfully&#xD;
&#xD;
2019-12-18 10:06:25 - [MESSAGE][INFO] - HAR: D:\katalon-ewallet\Reports\Dashboard_App\TS_addRegyt\TS_addRegyt\20191218_100614\requests\main\14.har&#xD;
&#xD;
2019-12-18 10:06:25 - [MESSAGE][PASSED] - Send request successfully&#xD;
&#xD;
2019-12-18 10:06:25 - [TEST_STEP][PASSED] - body_content = responseBodyContent: null&#xD;
&#xD;
2019-12-18 10:06:25 - [TEST_STEP][PASSED] - status_code = statusCode: null&#xD;
&#xD;
2019-12-18 10:06:25 - [TEST_STEP][PASSED] - respDataMap = JsonSlurper().parseText(body_content): null&#xD;
&#xD;
2019-12-18 10:06:25 - [TEST_STEP][PASSED] - out.println(respDataMap): null&#xD;
&#xD;
2019-12-18 10:06:25 - [TEST_STEP][PASSED] - println(body_content): null&#xD;
&#xD;
2019-12-18 10:06:25 - [TEST_STEP][PASSED] - rc_ref = ReturnCodeWrapper(var_expected_rc).getEnumRC(): null&#xD;
&#xD;
2019-12-18 10:06:25 - [TEST_STEP][PASSED] - out.println(var_expected_rc): null&#xD;
&#xD;
2019-12-18 10:06:25 - [TEST_STEP][PASSED] - out.println(rc_ref.getRCName()): null&#xD;
&#xD;
2019-12-18 10:06:25 - [TEST_STEP][PASSED] - out.println(rc_ref.getHttpResponse()): null&#xD;
&#xD;
2019-12-18 10:06:25 - [TEST_STEP][PASSED] - result = verifyEqual(response_code, rc_ref.getRCName()): Actual object 'RC00' and expected object 'RC00' are equal&#xD;
&#xD;
2019-12-18 10:06:25 - [MESSAGE][PASSED] - Actual object 'RC00' and expected object 'RC00' are equal</system-out>
            <system-err></system-err>
        </testcase>
        <testcase name="Test Cases/Dashboard_App/TC_addRegyt/TC_addRegyt" classname="Test Cases/Dashboard_App/TC_addRegyt/TC_addRegyt" status="PASSED">
            <system-out>2019-12-18 10:06:25 - [TEST_CASE][PASSED] - Test Cases/Dashboard_App/TC_addRegyt/TC_addRegyt: Test Cases/Dashboard_App/TC_addRegyt/TC_addRegyt&#xD;
&#xD;
2019-12-18 10:06:25 - [TEST_STEP][PASSED] - trace_numbera = &lt;not implemented yet for class: org.codehaus.groovy.ast.expr.EmptyExpression&gt;: null&#xD;
&#xD;
2019-12-18 10:06:25 - [TEST_STEP][PASSED] - trace_numbera = Math.random() * 10000: null&#xD;
&#xD;
2019-12-18 10:06:25 - [TEST_STEP][PASSED] - trace_numberb = &lt;not implemented yet for class: org.codehaus.groovy.ast.expr.EmptyExpression&gt;: null&#xD;
&#xD;
2019-12-18 10:06:25 - [TEST_STEP][PASSED] - trace_numberb = Math.random() * 10000: null&#xD;
&#xD;
2019-12-18 10:06:25 - [TEST_STEP][PASSED] - plain = "{" + ""user_agent":"" + var_user_agent + "","imei":"" + var_imei + "" + trace_numbera + "","token_code":"" + var_token_code + "" + trace_numberb + ""}": null&#xD;
&#xD;
2019-12-18 10:06:25 - [TEST_STEP][PASSED] - out.println(plain): null&#xD;
&#xD;
2019-12-18 10:06:25 - [TEST_STEP][PASSED] - encipheredData = SecureUtils.encryptAesEwallet(plain, var_aes_key): null&#xD;
&#xD;
2019-12-18 10:06:25 - [TEST_STEP][PASSED] - body = "{"organisation_id":"" + var_organisation_id + ""," + ""data":"" + encipheredData + ""," + ""lang":"" + var_lang + ""}": null&#xD;
&#xD;
2019-12-18 10:06:25 - [TEST_STEP][PASSED] - out.println(body): null&#xD;
&#xD;
2019-12-18 10:06:25 - [TEST_STEP][PASSED] - header1 = new com.kms.katalon.core.testobject.TestObjectProperty(partner-token, com.kms.katalon.core.testobject.ConditionType.EQUALS, var_partner_token): null&#xD;
&#xD;
2019-12-18 10:06:25 - [TEST_STEP][PASSED] - header2 = new com.kms.katalon.core.testobject.TestObjectProperty(Content-Type, com.kms.katalon.core.testobject.ConditionType.EQUALS, application/json): null&#xD;
&#xD;
2019-12-18 10:06:25 - [TEST_STEP][PASSED] - defaultHeaders = Arrays.asList(header1, header2): null&#xD;
&#xD;
2019-12-18 10:06:25 - [TEST_STEP][PASSED] - request = findTestObject("Dashboard_App/obj_addRegyt"): null&#xD;
&#xD;
2019-12-18 10:06:25 - [TEST_STEP][PASSED] - request.setHttpHeaderProperties(defaultHeaders): null&#xD;
&#xD;
2019-12-18 10:06:25 - [TEST_STEP][PASSED] - request.setBodyContent(new com.kms.katalon.core.testobject.impl.HttpTextBodyContent(body, UTF-8, application/json)): null&#xD;
&#xD;
2019-12-18 10:06:25 - [TEST_STEP][PASSED] - response = sendRequest(request): Send request successfully&#xD;
&#xD;
2019-12-18 10:06:25 - [MESSAGE][INFO] - HAR: D:\katalon-ewallet\Reports\Dashboard_App\TS_addRegyt\TS_addRegyt\20191218_100614\requests\main\15.har&#xD;
&#xD;
2019-12-18 10:06:25 - [MESSAGE][PASSED] - Send request successfully&#xD;
&#xD;
2019-12-18 10:06:25 - [TEST_STEP][PASSED] - body_content = responseBodyContent: null&#xD;
&#xD;
2019-12-18 10:06:25 - [TEST_STEP][PASSED] - status_code = statusCode: null&#xD;
&#xD;
2019-12-18 10:06:25 - [TEST_STEP][PASSED] - respDataMap = JsonSlurper().parseText(body_content): null&#xD;
&#xD;
2019-12-18 10:06:25 - [TEST_STEP][PASSED] - out.println(respDataMap): null&#xD;
&#xD;
2019-12-18 10:06:25 - [TEST_STEP][PASSED] - println(body_content): null&#xD;
&#xD;
2019-12-18 10:06:25 - [TEST_STEP][PASSED] - rc_ref = ReturnCodeWrapper(var_expected_rc).getEnumRC(): null&#xD;
&#xD;
2019-12-18 10:06:25 - [TEST_STEP][PASSED] - out.println(var_expected_rc): null&#xD;
&#xD;
2019-12-18 10:06:25 - [TEST_STEP][PASSED] - out.println(rc_ref.getRCName()): null&#xD;
&#xD;
2019-12-18 10:06:25 - [TEST_STEP][PASSED] - out.println(rc_ref.getHttpResponse()): null&#xD;
&#xD;
2019-12-18 10:06:25 - [TEST_STEP][PASSED] - result = verifyEqual(response_code, rc_ref.getRCName()): Actual object 'RC00' and expected object 'RC00' are equal&#xD;
&#xD;
2019-12-18 10:06:25 - [MESSAGE][PASSED] - Actual object 'RC00' and expected object 'RC00' are equal</system-out>
            <system-err></system-err>
        </testcase>
        <testcase name="Test Cases/Dashboard_App/TC_addRegyt/TC_addRegyt" classname="Test Cases/Dashboard_App/TC_addRegyt/TC_addRegyt" status="PASSED">
            <system-out>2019-12-18 10:06:25 - [TEST_CASE][PASSED] - Test Cases/Dashboard_App/TC_addRegyt/TC_addRegyt: Test Cases/Dashboard_App/TC_addRegyt/TC_addRegyt&#xD;
&#xD;
2019-12-18 10:06:25 - [TEST_STEP][PASSED] - trace_numbera = &lt;not implemented yet for class: org.codehaus.groovy.ast.expr.EmptyExpression&gt;: null&#xD;
&#xD;
2019-12-18 10:06:25 - [TEST_STEP][PASSED] - trace_numbera = Math.random() * 10000: null&#xD;
&#xD;
2019-12-18 10:06:25 - [TEST_STEP][PASSED] - trace_numberb = &lt;not implemented yet for class: org.codehaus.groovy.ast.expr.EmptyExpression&gt;: null&#xD;
&#xD;
2019-12-18 10:06:25 - [TEST_STEP][PASSED] - trace_numberb = Math.random() * 10000: null&#xD;
&#xD;
2019-12-18 10:06:25 - [TEST_STEP][PASSED] - plain = "{" + ""user_agent":"" + var_user_agent + "","imei":"" + var_imei + "" + trace_numbera + "","token_code":"" + var_token_code + "" + trace_numberb + ""}": null&#xD;
&#xD;
2019-12-18 10:06:25 - [TEST_STEP][PASSED] - out.println(plain): null&#xD;
&#xD;
2019-12-18 10:06:25 - [TEST_STEP][PASSED] - encipheredData = SecureUtils.encryptAesEwallet(plain, var_aes_key): null&#xD;
&#xD;
2019-12-18 10:06:25 - [TEST_STEP][PASSED] - body = "{"organisation_id":"" + var_organisation_id + ""," + ""data":"" + encipheredData + ""," + ""lang":"" + var_lang + ""}": null&#xD;
&#xD;
2019-12-18 10:06:25 - [TEST_STEP][PASSED] - out.println(body): null&#xD;
&#xD;
2019-12-18 10:06:25 - [TEST_STEP][PASSED] - header1 = new com.kms.katalon.core.testobject.TestObjectProperty(partner-token, com.kms.katalon.core.testobject.ConditionType.EQUALS, var_partner_token): null&#xD;
&#xD;
2019-12-18 10:06:25 - [TEST_STEP][PASSED] - header2 = new com.kms.katalon.core.testobject.TestObjectProperty(Content-Type, com.kms.katalon.core.testobject.ConditionType.EQUALS, application/json): null&#xD;
&#xD;
2019-12-18 10:06:25 - [TEST_STEP][PASSED] - defaultHeaders = Arrays.asList(header1, header2): null&#xD;
&#xD;
2019-12-18 10:06:25 - [TEST_STEP][PASSED] - request = findTestObject("Dashboard_App/obj_addRegyt"): null&#xD;
&#xD;
2019-12-18 10:06:25 - [TEST_STEP][PASSED] - request.setHttpHeaderProperties(defaultHeaders): null&#xD;
&#xD;
2019-12-18 10:06:25 - [TEST_STEP][PASSED] - request.setBodyContent(new com.kms.katalon.core.testobject.impl.HttpTextBodyContent(body, UTF-8, application/json)): null&#xD;
&#xD;
2019-12-18 10:06:25 - [TEST_STEP][PASSED] - response = sendRequest(request): Send request successfully&#xD;
&#xD;
2019-12-18 10:06:25 - [MESSAGE][INFO] - HAR: D:\katalon-ewallet\Reports\Dashboard_App\TS_addRegyt\TS_addRegyt\20191218_100614\requests\main\16.har&#xD;
&#xD;
2019-12-18 10:06:25 - [MESSAGE][PASSED] - Send request successfully&#xD;
&#xD;
2019-12-18 10:06:25 - [TEST_STEP][PASSED] - body_content = responseBodyContent: null&#xD;
&#xD;
2019-12-18 10:06:25 - [TEST_STEP][PASSED] - status_code = statusCode: null&#xD;
&#xD;
2019-12-18 10:06:25 - [TEST_STEP][PASSED] - respDataMap = JsonSlurper().parseText(body_content): null&#xD;
&#xD;
2019-12-18 10:06:25 - [TEST_STEP][PASSED] - out.println(respDataMap): null&#xD;
&#xD;
2019-12-18 10:06:25 - [TEST_STEP][PASSED] - println(body_content): null&#xD;
&#xD;
2019-12-18 10:06:25 - [TEST_STEP][PASSED] - rc_ref = ReturnCodeWrapper(var_expected_rc).getEnumRC(): null&#xD;
&#xD;
2019-12-18 10:06:25 - [TEST_STEP][PASSED] - out.println(var_expected_rc): null&#xD;
&#xD;
2019-12-18 10:06:25 - [TEST_STEP][PASSED] - out.println(rc_ref.getRCName()): null&#xD;
&#xD;
2019-12-18 10:06:25 - [TEST_STEP][PASSED] - out.println(rc_ref.getHttpResponse()): null&#xD;
&#xD;
2019-12-18 10:06:25 - [TEST_STEP][PASSED] - result = verifyEqual(response_code, rc_ref.getRCName()): Actual object 'RC01' and expected object 'RC01' are equal&#xD;
&#xD;
2019-12-18 10:06:25 - [MESSAGE][PASSED] - Actual object 'RC01' and expected object 'RC01' are equal</system-out>
            <system-err></system-err>
        </testcase>
        <testcase name="Test Cases/Dashboard_App/TC_addRegyt/TC_addRegyt" classname="Test Cases/Dashboard_App/TC_addRegyt/TC_addRegyt" status="PASSED">
            <system-out>2019-12-18 10:06:25 - [TEST_CASE][PASSED] - Test Cases/Dashboard_App/TC_addRegyt/TC_addRegyt: Test Cases/Dashboard_App/TC_addRegyt/TC_addRegyt&#xD;
&#xD;
2019-12-18 10:06:25 - [TEST_STEP][PASSED] - trace_numbera = &lt;not implemented yet for class: org.codehaus.groovy.ast.expr.EmptyExpression&gt;: null&#xD;
&#xD;
2019-12-18 10:06:25 - [TEST_STEP][PASSED] - trace_numbera = Math.random() * 10000: null&#xD;
&#xD;
2019-12-18 10:06:25 - [TEST_STEP][PASSED] - trace_numberb = &lt;not implemented yet for class: org.codehaus.groovy.ast.expr.EmptyExpression&gt;: null&#xD;
&#xD;
2019-12-18 10:06:25 - [TEST_STEP][PASSED] - trace_numberb = Math.random() * 10000: null&#xD;
&#xD;
2019-12-18 10:06:25 - [TEST_STEP][PASSED] - plain = "{" + ""user_agent":"" + var_user_agent + "","imei":"" + var_imei + "" + trace_numbera + "","token_code":"" + var_token_code + "" + trace_numberb + ""}": null&#xD;
&#xD;
2019-12-18 10:06:25 - [TEST_STEP][PASSED] - out.println(plain): null&#xD;
&#xD;
2019-12-18 10:06:25 - [TEST_STEP][PASSED] - encipheredData = SecureUtils.encryptAesEwallet(plain, var_aes_key): null&#xD;
&#xD;
2019-12-18 10:06:25 - [TEST_STEP][PASSED] - body = "{"organisation_id":"" + var_organisation_id + ""," + ""data":"" + encipheredData + ""," + ""lang":"" + var_lang + ""}": null&#xD;
&#xD;
2019-12-18 10:06:25 - [TEST_STEP][PASSED] - out.println(body): null&#xD;
&#xD;
2019-12-18 10:06:25 - [TEST_STEP][PASSED] - header1 = new com.kms.katalon.core.testobject.TestObjectProperty(partner-token, com.kms.katalon.core.testobject.ConditionType.EQUALS, var_partner_token): null&#xD;
&#xD;
2019-12-18 10:06:25 - [TEST_STEP][PASSED] - header2 = new com.kms.katalon.core.testobject.TestObjectProperty(Content-Type, com.kms.katalon.core.testobject.ConditionType.EQUALS, application/json): null&#xD;
&#xD;
2019-12-18 10:06:25 - [TEST_STEP][PASSED] - defaultHeaders = Arrays.asList(header1, header2): null&#xD;
&#xD;
2019-12-18 10:06:25 - [TEST_STEP][PASSED] - request = findTestObject("Dashboard_App/obj_addRegyt"): null&#xD;
&#xD;
2019-12-18 10:06:25 - [TEST_STEP][PASSED] - request.setHttpHeaderProperties(defaultHeaders): null&#xD;
&#xD;
2019-12-18 10:06:25 - [TEST_STEP][PASSED] - request.setBodyContent(new com.kms.katalon.core.testobject.impl.HttpTextBodyContent(body, UTF-8, application/json)): null&#xD;
&#xD;
2019-12-18 10:06:25 - [TEST_STEP][PASSED] - response = sendRequest(request): Send request successfully&#xD;
&#xD;
2019-12-18 10:06:26 - [MESSAGE][INFO] - HAR: D:\katalon-ewallet\Reports\Dashboard_App\TS_addRegyt\TS_addRegyt\20191218_100614\requests\main\17.har&#xD;
&#xD;
2019-12-18 10:06:26 - [MESSAGE][PASSED] - Send request successfully&#xD;
&#xD;
2019-12-18 10:06:26 - [TEST_STEP][PASSED] - body_content = responseBodyContent: null&#xD;
&#xD;
2019-12-18 10:06:26 - [TEST_STEP][PASSED] - status_code = statusCode: null&#xD;
&#xD;
2019-12-18 10:06:26 - [TEST_STEP][PASSED] - respDataMap = JsonSlurper().parseText(body_content): null&#xD;
&#xD;
2019-12-18 10:06:26 - [TEST_STEP][PASSED] - out.println(respDataMap): null&#xD;
&#xD;
2019-12-18 10:06:26 - [TEST_STEP][PASSED] - println(body_content): null&#xD;
&#xD;
2019-12-18 10:06:26 - [TEST_STEP][PASSED] - rc_ref = ReturnCodeWrapper(var_expected_rc).getEnumRC(): null&#xD;
&#xD;
2019-12-18 10:06:26 - [TEST_STEP][PASSED] - out.println(var_expected_rc): null&#xD;
&#xD;
2019-12-18 10:06:26 - [TEST_STEP][PASSED] - out.println(rc_ref.getRCName()): null&#xD;
&#xD;
2019-12-18 10:06:26 - [TEST_STEP][PASSED] - out.println(rc_ref.getHttpResponse()): null&#xD;
&#xD;
2019-12-18 10:06:26 - [TEST_STEP][PASSED] - result = verifyEqual(response_code, rc_ref.getRCName()): Actual object 'RC09' and expected object 'RC09' are equal&#xD;
&#xD;
2019-12-18 10:06:26 - [MESSAGE][PASSED] - Actual object 'RC09' and expected object 'RC09' are equal</system-out>
            <system-err></system-err>
        </testcase>
        <testcase name="Test Cases/Dashboard_App/TC_addRegyt/TC_addRegyt" classname="Test Cases/Dashboard_App/TC_addRegyt/TC_addRegyt" status="PASSED">
            <system-out>2019-12-18 10:06:26 - [TEST_CASE][PASSED] - Test Cases/Dashboard_App/TC_addRegyt/TC_addRegyt: Test Cases/Dashboard_App/TC_addRegyt/TC_addRegyt&#xD;
&#xD;
2019-12-18 10:06:26 - [TEST_STEP][PASSED] - trace_numbera = &lt;not implemented yet for class: org.codehaus.groovy.ast.expr.EmptyExpression&gt;: null&#xD;
&#xD;
2019-12-18 10:06:26 - [TEST_STEP][PASSED] - trace_numbera = Math.random() * 10000: null&#xD;
&#xD;
2019-12-18 10:06:26 - [TEST_STEP][PASSED] - trace_numberb = &lt;not implemented yet for class: org.codehaus.groovy.ast.expr.EmptyExpression&gt;: null&#xD;
&#xD;
2019-12-18 10:06:26 - [TEST_STEP][PASSED] - trace_numberb = Math.random() * 10000: null&#xD;
&#xD;
2019-12-18 10:06:26 - [TEST_STEP][PASSED] - plain = "{" + ""user_agent":"" + var_user_agent + "","imei":"" + var_imei + "" + trace_numbera + "","token_code":"" + var_token_code + "" + trace_numberb + ""}": null&#xD;
&#xD;
2019-12-18 10:06:26 - [TEST_STEP][PASSED] - out.println(plain): null&#xD;
&#xD;
2019-12-18 10:06:26 - [TEST_STEP][PASSED] - encipheredData = SecureUtils.encryptAesEwallet(plain, var_aes_key): null&#xD;
&#xD;
2019-12-18 10:06:26 - [TEST_STEP][PASSED] - body = "{"organisation_id":"" + var_organisation_id + ""," + ""data":"" + encipheredData + ""," + ""lang":"" + var_lang + ""}": null&#xD;
&#xD;
2019-12-18 10:06:26 - [TEST_STEP][PASSED] - out.println(body): null&#xD;
&#xD;
2019-12-18 10:06:26 - [TEST_STEP][PASSED] - header1 = new com.kms.katalon.core.testobject.TestObjectProperty(partner-token, com.kms.katalon.core.testobject.ConditionType.EQUALS, var_partner_token): null&#xD;
&#xD;
2019-12-18 10:06:26 - [TEST_STEP][PASSED] - header2 = new com.kms.katalon.core.testobject.TestObjectProperty(Content-Type, com.kms.katalon.core.testobject.ConditionType.EQUALS, application/json): null&#xD;
&#xD;
2019-12-18 10:06:26 - [TEST_STEP][PASSED] - defaultHeaders = Arrays.asList(header1, header2): null&#xD;
&#xD;
2019-12-18 10:06:26 - [TEST_STEP][PASSED] - request = findTestObject("Dashboard_App/obj_addRegyt"): null&#xD;
&#xD;
2019-12-18 10:06:26 - [TEST_STEP][PASSED] - request.setHttpHeaderProperties(defaultHeaders): null&#xD;
&#xD;
2019-12-18 10:06:26 - [TEST_STEP][PASSED] - request.setBodyContent(new com.kms.katalon.core.testobject.impl.HttpTextBodyContent(body, UTF-8, application/json)): null&#xD;
&#xD;
2019-12-18 10:06:26 - [TEST_STEP][PASSED] - response = sendRequest(request): Send request successfully&#xD;
&#xD;
2019-12-18 10:06:26 - [MESSAGE][INFO] - HAR: D:\katalon-ewallet\Reports\Dashboard_App\TS_addRegyt\TS_addRegyt\20191218_100614\requests\main\18.har&#xD;
&#xD;
2019-12-18 10:06:26 - [MESSAGE][PASSED] - Send request successfully&#xD;
&#xD;
2019-12-18 10:06:26 - [TEST_STEP][PASSED] - body_content = responseBodyContent: null&#xD;
&#xD;
2019-12-18 10:06:26 - [TEST_STEP][PASSED] - status_code = statusCode: null&#xD;
&#xD;
2019-12-18 10:06:26 - [TEST_STEP][PASSED] - respDataMap = JsonSlurper().parseText(body_content): null&#xD;
&#xD;
2019-12-18 10:06:26 - [TEST_STEP][PASSED] - out.println(respDataMap): null&#xD;
&#xD;
2019-12-18 10:06:26 - [TEST_STEP][PASSED] - println(body_content): null&#xD;
&#xD;
2019-12-18 10:06:26 - [TEST_STEP][PASSED] - rc_ref = ReturnCodeWrapper(var_expected_rc).getEnumRC(): null&#xD;
&#xD;
2019-12-18 10:06:26 - [TEST_STEP][PASSED] - out.println(var_expected_rc): null&#xD;
&#xD;
2019-12-18 10:06:26 - [TEST_STEP][PASSED] - out.println(rc_ref.getRCName()): null&#xD;
&#xD;
2019-12-18 10:06:26 - [TEST_STEP][PASSED] - out.println(rc_ref.getHttpResponse()): null&#xD;
&#xD;
2019-12-18 10:06:26 - [TEST_STEP][PASSED] - result = verifyEqual(response_code, rc_ref.getRCName()): Actual object 'RC01' and expected object 'RC01' are equal&#xD;
&#xD;
2019-12-18 10:06:26 - [MESSAGE][PASSED] - Actual object 'RC01' and expected object 'RC01' are equal</system-out>
            <system-err></system-err>
        </testcase>
        <testcase name="Test Cases/Dashboard_App/TC_addRegyt/TC_addRegyt" classname="Test Cases/Dashboard_App/TC_addRegyt/TC_addRegyt" status="PASSED">
            <system-out>2019-12-18 10:06:26 - [TEST_CASE][PASSED] - Test Cases/Dashboard_App/TC_addRegyt/TC_addRegyt: Test Cases/Dashboard_App/TC_addRegyt/TC_addRegyt&#xD;
&#xD;
2019-12-18 10:06:26 - [TEST_STEP][PASSED] - trace_numbera = &lt;not implemented yet for class: org.codehaus.groovy.ast.expr.EmptyExpression&gt;: null&#xD;
&#xD;
2019-12-18 10:06:26 - [TEST_STEP][PASSED] - trace_numbera = Math.random() * 10000: null&#xD;
&#xD;
2019-12-18 10:06:26 - [TEST_STEP][PASSED] - trace_numberb = &lt;not implemented yet for class: org.codehaus.groovy.ast.expr.EmptyExpression&gt;: null&#xD;
&#xD;
2019-12-18 10:06:26 - [TEST_STEP][PASSED] - trace_numberb = Math.random() * 10000: null&#xD;
&#xD;
2019-12-18 10:06:26 - [TEST_STEP][PASSED] - plain = "{" + ""user_agent":"" + var_user_agent + "","imei":"" + var_imei + "" + trace_numbera + "","token_code":"" + var_token_code + "" + trace_numberb + ""}": null&#xD;
&#xD;
2019-12-18 10:06:26 - [TEST_STEP][PASSED] - out.println(plain): null&#xD;
&#xD;
2019-12-18 10:06:26 - [TEST_STEP][PASSED] - encipheredData = SecureUtils.encryptAesEwallet(plain, var_aes_key): null&#xD;
&#xD;
2019-12-18 10:06:26 - [TEST_STEP][PASSED] - body = "{"organisation_id":"" + var_organisation_id + ""," + ""data":"" + encipheredData + ""," + ""lang":"" + var_lang + ""}": null&#xD;
&#xD;
2019-12-18 10:06:26 - [TEST_STEP][PASSED] - out.println(body): null&#xD;
&#xD;
2019-12-18 10:06:26 - [TEST_STEP][PASSED] - header1 = new com.kms.katalon.core.testobject.TestObjectProperty(partner-token, com.kms.katalon.core.testobject.ConditionType.EQUALS, var_partner_token): null&#xD;
&#xD;
2019-12-18 10:06:26 - [TEST_STEP][PASSED] - header2 = new com.kms.katalon.core.testobject.TestObjectProperty(Content-Type, com.kms.katalon.core.testobject.ConditionType.EQUALS, application/json): null&#xD;
&#xD;
2019-12-18 10:06:26 - [TEST_STEP][PASSED] - defaultHeaders = Arrays.asList(header1, header2): null&#xD;
&#xD;
2019-12-18 10:06:26 - [TEST_STEP][PASSED] - request = findTestObject("Dashboard_App/obj_addRegyt"): null&#xD;
&#xD;
2019-12-18 10:06:26 - [TEST_STEP][PASSED] - request.setHttpHeaderProperties(defaultHeaders): null&#xD;
&#xD;
2019-12-18 10:06:26 - [TEST_STEP][PASSED] - request.setBodyContent(new com.kms.katalon.core.testobject.impl.HttpTextBodyContent(body, UTF-8, application/json)): null&#xD;
&#xD;
2019-12-18 10:06:26 - [TEST_STEP][PASSED] - response = sendRequest(request): Send request successfully&#xD;
&#xD;
2019-12-18 10:06:26 - [MESSAGE][INFO] - HAR: D:\katalon-ewallet\Reports\Dashboard_App\TS_addRegyt\TS_addRegyt\20191218_100614\requests\main\19.har&#xD;
&#xD;
2019-12-18 10:06:26 - [MESSAGE][PASSED] - Send request successfully&#xD;
&#xD;
2019-12-18 10:06:26 - [TEST_STEP][PASSED] - body_content = responseBodyContent: null&#xD;
&#xD;
2019-12-18 10:06:26 - [TEST_STEP][PASSED] - status_code = statusCode: null&#xD;
&#xD;
2019-12-18 10:06:26 - [TEST_STEP][PASSED] - respDataMap = JsonSlurper().parseText(body_content): null&#xD;
&#xD;
2019-12-18 10:06:26 - [TEST_STEP][PASSED] - out.println(respDataMap): null&#xD;
&#xD;
2019-12-18 10:06:26 - [TEST_STEP][PASSED] - println(body_content): null&#xD;
&#xD;
2019-12-18 10:06:26 - [TEST_STEP][PASSED] - rc_ref = ReturnCodeWrapper(var_expected_rc).getEnumRC(): null&#xD;
&#xD;
2019-12-18 10:06:26 - [TEST_STEP][PASSED] - out.println(var_expected_rc): null&#xD;
&#xD;
2019-12-18 10:06:26 - [TEST_STEP][PASSED] - out.println(rc_ref.getRCName()): null&#xD;
&#xD;
2019-12-18 10:06:26 - [TEST_STEP][PASSED] - out.println(rc_ref.getHttpResponse()): null&#xD;
&#xD;
2019-12-18 10:06:26 - [TEST_STEP][PASSED] - result = verifyEqual(response_code, rc_ref.getRCName()): Actual object 'RC01' and expected object 'RC01' are equal&#xD;
&#xD;
2019-12-18 10:06:26 - [MESSAGE][PASSED] - Actual object 'RC01' and expected object 'RC01' are equal</system-out>
            <system-err></system-err>
        </testcase>
        <testcase name="Test Cases/Dashboard_App/TC_addRegyt/TC_addRegyt" classname="Test Cases/Dashboard_App/TC_addRegyt/TC_addRegyt" status="PASSED">
            <system-out>2019-12-18 10:06:26 - [TEST_CASE][PASSED] - Test Cases/Dashboard_App/TC_addRegyt/TC_addRegyt: Test Cases/Dashboard_App/TC_addRegyt/TC_addRegyt&#xD;
&#xD;
2019-12-18 10:06:26 - [TEST_STEP][PASSED] - trace_numbera = &lt;not implemented yet for class: org.codehaus.groovy.ast.expr.EmptyExpression&gt;: null&#xD;
&#xD;
2019-12-18 10:06:26 - [TEST_STEP][PASSED] - trace_numbera = Math.random() * 10000: null&#xD;
&#xD;
2019-12-18 10:06:26 - [TEST_STEP][PASSED] - trace_numberb = &lt;not implemented yet for class: org.codehaus.groovy.ast.expr.EmptyExpression&gt;: null&#xD;
&#xD;
2019-12-18 10:06:26 - [TEST_STEP][PASSED] - trace_numberb = Math.random() * 10000: null&#xD;
&#xD;
2019-12-18 10:06:26 - [TEST_STEP][PASSED] - plain = "{" + ""user_agent":"" + var_user_agent + "","imei":"" + var_imei + "" + trace_numbera + "","token_code":"" + var_token_code + "" + trace_numberb + ""}": null&#xD;
&#xD;
2019-12-18 10:06:26 - [TEST_STEP][PASSED] - out.println(plain): null&#xD;
&#xD;
2019-12-18 10:06:26 - [TEST_STEP][PASSED] - encipheredData = SecureUtils.encryptAesEwallet(plain, var_aes_key): null&#xD;
&#xD;
2019-12-18 10:06:26 - [TEST_STEP][PASSED] - body = "{"organisation_id":"" + var_organisation_id + ""," + ""data":"" + encipheredData + ""," + ""lang":"" + var_lang + ""}": null&#xD;
&#xD;
2019-12-18 10:06:26 - [TEST_STEP][PASSED] - out.println(body): null&#xD;
&#xD;
2019-12-18 10:06:26 - [TEST_STEP][PASSED] - header1 = new com.kms.katalon.core.testobject.TestObjectProperty(partner-token, com.kms.katalon.core.testobject.ConditionType.EQUALS, var_partner_token): null&#xD;
&#xD;
2019-12-18 10:06:26 - [TEST_STEP][PASSED] - header2 = new com.kms.katalon.core.testobject.TestObjectProperty(Content-Type, com.kms.katalon.core.testobject.ConditionType.EQUALS, application/json): null&#xD;
&#xD;
2019-12-18 10:06:26 - [TEST_STEP][PASSED] - defaultHeaders = Arrays.asList(header1, header2): null&#xD;
&#xD;
2019-12-18 10:06:26 - [TEST_STEP][PASSED] - request = findTestObject("Dashboard_App/obj_addRegyt"): null&#xD;
&#xD;
2019-12-18 10:06:26 - [TEST_STEP][PASSED] - request.setHttpHeaderProperties(defaultHeaders): null&#xD;
&#xD;
2019-12-18 10:06:26 - [TEST_STEP][PASSED] - request.setBodyContent(new com.kms.katalon.core.testobject.impl.HttpTextBodyContent(body, UTF-8, application/json)): null&#xD;
&#xD;
2019-12-18 10:06:26 - [TEST_STEP][PASSED] - response = sendRequest(request): Send request successfully&#xD;
&#xD;
2019-12-18 10:06:26 - [MESSAGE][INFO] - HAR: D:\katalon-ewallet\Reports\Dashboard_App\TS_addRegyt\TS_addRegyt\20191218_100614\requests\main\20.har&#xD;
&#xD;
2019-12-18 10:06:26 - [MESSAGE][PASSED] - Send request successfully&#xD;
&#xD;
2019-12-18 10:06:26 - [TEST_STEP][PASSED] - body_content = responseBodyContent: null&#xD;
&#xD;
2019-12-18 10:06:26 - [TEST_STEP][PASSED] - status_code = statusCode: null&#xD;
&#xD;
2019-12-18 10:06:26 - [TEST_STEP][PASSED] - respDataMap = JsonSlurper().parseText(body_content): null&#xD;
&#xD;
2019-12-18 10:06:26 - [TEST_STEP][PASSED] - out.println(respDataMap): null&#xD;
&#xD;
2019-12-18 10:06:26 - [TEST_STEP][PASSED] - println(body_content): null&#xD;
&#xD;
2019-12-18 10:06:26 - [TEST_STEP][PASSED] - rc_ref = ReturnCodeWrapper(var_expected_rc).getEnumRC(): null&#xD;
&#xD;
2019-12-18 10:06:26 - [TEST_STEP][PASSED] - out.println(var_expected_rc): null&#xD;
&#xD;
2019-12-18 10:06:26 - [TEST_STEP][PASSED] - out.println(rc_ref.getRCName()): null&#xD;
&#xD;
2019-12-18 10:06:26 - [TEST_STEP][PASSED] - out.println(rc_ref.getHttpResponse()): null&#xD;
&#xD;
2019-12-18 10:06:26 - [TEST_STEP][PASSED] - result = verifyEqual(response_code, rc_ref.getRCName()): Actual object 'RC01' and expected object 'RC01' are equal&#xD;
&#xD;
2019-12-18 10:06:26 - [MESSAGE][PASSED] - Actual object 'RC01' and expected object 'RC01' are equal</system-out>
            <system-err></system-err>
        </testcase>
        <system-out>2019-12-18 10:06:16 - [TEST_SUITE][INCOMPLETE] - TS_addRegyt: null</system-out>
        <system-err>2019-12-18 10:06:16 - [TEST_SUITE][INCOMPLETE] - TS_addRegyt: null</system-err>
    </testsuite>
</testsuites>
