<?xml version="1.0" encoding="UTF-8"?>
<testsuites name="Sortir" time="2.596" tests="1" failures="0" errors="0">
   <testsuite name="Sortir" tests="1" failures="0" errors="0" time="2.596" timestamp="2021-12-30 19:28:57" hostname="rianf - LAPTOP-L45JQDGE" id="Test Suites/HubdanSMD/Sortir">
      <properties>
         <property name="deviceName" value=""/>
         <property name="devicePlatform" value=""/>
         <property name="logFolder" value="D:\\katalon-ewallet\\Reports\\20211230_192851\\HubdanSMD\\Sortir\\20211230_192851"/>
         <property name="logFiles" value="D:\\katalon-ewallet\\Reports\\20211230_192851\\HubdanSMD\\Sortir\\20211230_192851\\execution0.log"/>
         <property name="attachments" value=""/>
         <property name="hostName" value="rianf - LAPTOP-L45JQDGE"/>
         <property name="hostAddress" value="10.255.255.28"/>
         <property name="os" value="Windows 10 64bit"/>
         <property name="katalonVersion" value="7.0.0.1"/>
      </properties>
      <testcase name="Test Cases/HUB/create_new_rds_resi" time="2.346" classname="Test Cases/HUB/create_new_rds_resi" status="PASSED">
         <system-out><![CDATA[2021-12-30 19:28:57 - [TEST_CASE][PASSED] - Test Cases/HUB/create_new_rds_resi: Test Cases/HUB/create_new_rds_resi

2021-12-30 19:28:58 - [TEST_STEP][PASSED] - random = Math.random() * 1000000000: null

2021-12-30 19:28:58 - [TEST_STEP][PASSED] - println(random): null

2021-12-30 19:28:58 - [TEST_STEP][PASSED] - resi_random = "035" + random: null

2021-12-30 19:28:58 - [TEST_STEP][PASSED] - resi = """ + resi_random + """: null

2021-12-30 19:28:58 - [TEST_STEP][PASSED] - println(resi): null

2021-12-30 19:28:58 - [TEST_STEP][PASSED] - request = findTestObject("new_rds_endpoint"): null

2021-12-30 19:28:58 - [TEST_STEP][PASSED] - response = sendRequest(request): Send request successfully

2021-12-30 19:29:00 - [MESSAGE][INFO] - HAR: D:\katalon-ewallet\Reports\20211230_192851\HubdanSMD\Sortir\20211230_192851\requests\main\0.har

2021-12-30 19:29:00 - [MESSAGE][PASSED] - Send request successfully

2021-12-30 19:29:00 - [TEST_STEP][PASSED] - body_content = responseBodyContent: null

2021-12-30 19:29:00 - [TEST_STEP][PASSED] - status_code = statusCode: null

2021-12-30 19:29:00 - [TEST_STEP][PASSED] - respDataMap = JsonSlurper().parseText(body_content): null

2021-12-30 19:29:00 - [TEST_STEP][PASSED] - out.println(respDataMap): null

2021-12-30 19:29:00 - [TEST_STEP][PASSED] - out.println("xxxxxxxxxxxxxxxxx  " + resi): null]]></system-out>
         <system-err><![CDATA[]]></system-err>
      </testcase>
      <system-out><![CDATA[2021-12-30 19:28:57 - [TEST_SUITE][PASSED] - Sortir: Test Cases/HUB/create_new_rds_resi]]></system-out>
      <system-err><![CDATA[]]></system-err>
   </testsuite>
</testsuites>
