<?xml version="1.0" encoding="UTF-8" standalone="yes"?>
<testsuites name="TS_createBillingCustomer_push_notif" time="2" tests="1" failures="0" errors="0">
    <testsuite name="TS_createBillingCustomer_push_notif" tests="1" failures="0" errors="0" time="2" timestamp="2019-11-27 16:17:42" hostname="Silvi - LAPTOP-ALMT97O4" id="Test Suites/E_Wallet/TS_createBilling/TS_createBillingCustomer_push_notif">
        <properties>
            <property name="deviceName" value=""/>
            <property name="devicePlatform" value=""/>
            <property name="logFolder" value="D:\\katalon-ewallet\\Reports\\E_Wallet\\TS_createBilling\\TS_createBillingCustomer_push_notif\\20191127_161741"/>
            <property name="logFiles" value="D:\\katalon-ewallet\\Reports\\E_Wallet\\TS_createBilling\\TS_createBillingCustomer_push_notif\\20191127_161741\\execution0.log"/>
            <property name="attachments" value=""/>
            <property name="hostName" value="Silvi - LAPTOP-ALMT97O4"/>
            <property name="hostAddress" value="192.168.4.154"/>
            <property name="os" value="Windows 10 64bit"/>
            <property name="katalonVersion" value="6.2.2.4"/>
        </properties>
        <testcase name="Test Cases/E_Wallet/TC_createBilling/TC_createBillingCustomer" classname="Test Cases/E_Wallet/TC_createBilling/TC_createBillingCustomer" status="PASSED">
            <system-out>2019-11-27 16:17:42 - [TEST_CASE][PASSED] - Test Cases/E_Wallet/TC_createBilling/TC_createBillingCustomer: Test Cases/E_Wallet/TC_createBilling/TC_createBillingCustomer&#xD;
&#xD;
2019-11-27 16:17:43 - [TEST_STEP][PASSED] - trace_number = &lt;not implemented yet for class: org.codehaus.groovy.ast.expr.EmptyExpression&gt;: null&#xD;
&#xD;
2019-11-27 16:17:43 - [TEST_STEP][PASSED] - trace_number = Math.random() * 1000000000: null&#xD;
&#xD;
2019-11-27 16:17:43 - [TEST_STEP][PASSED] - partner_token = var_partner_token: null&#xD;
&#xD;
2019-11-27 16:17:43 - [TEST_STEP][PASSED] - plain = "{" + ""user_agent":"" + var_user_agent + ""," + ""trx_type_id":"" + var_trx_type_id + ""," + ""to":"" + var_to + ""," + ""to_id":"" + var_to_id + ""," + ""amount":"" + var_amount + ""," + ""wallet_id":"" + var_wallet_id + ""," + ""billing_ref1":"" + var_billing_ref1 + ""," + ""billing_ref2":"" + var_billing_ref2 + ""," + ""billing_ref3":"" + var_billing_ref3 + ""," + ""trace_number":"" + var_trace_number + ""," + ""need_verify":"" + var_need_verify + ""," + ""phone_number":"" + var_phone_number + ""," + ""qr_unique_code":"" + var_unique_code + ""}": null&#xD;
&#xD;
2019-11-27 16:17:43 - [TEST_STEP][PASSED] - out.println(plain): null&#xD;
&#xD;
2019-11-27 16:17:43 - [TEST_STEP][PASSED] - out.println("var_customer_token" + var_customer_token): null&#xD;
&#xD;
2019-11-27 16:17:43 - [TEST_STEP][PASSED] - out.println("var_partner_token" + var_partner_token): null&#xD;
&#xD;
2019-11-27 16:17:43 - [TEST_STEP][PASSED] - encipheredData = SecureUtils.encryptAesEwallet(plain, var_aes_key): null&#xD;
&#xD;
2019-11-27 16:17:44 - [TEST_STEP][PASSED] - body = "{"organisation_id":"1","data":"" + encipheredData + "","lang":"id"}": null&#xD;
&#xD;
2019-11-27 16:17:44 - [TEST_STEP][PASSED] - out.println(body): null&#xD;
&#xD;
2019-11-27 16:17:44 - [TEST_STEP][PASSED] - request = &lt;not implemented yet for class: org.codehaus.groovy.ast.expr.EmptyExpression&gt;: null&#xD;
&#xD;
2019-11-27 16:17:44 - [TEST_STEP][PASSED] - if (obj_model == "1"): null&#xD;
&#xD;
2019-11-27 16:17:44 - [TEST_STEP][PASSED] - else: null&#xD;
&#xD;
2019-11-27 16:17:44 - [TEST_STEP][PASSED] - request = findTestObject("E_Wallet/obj_createBillingCustomer2"): null&#xD;
&#xD;
2019-11-27 16:17:44 - [TEST_STEP][PASSED] - request.setBodyContent(new com.kms.katalon.core.testobject.impl.HttpTextBodyContent(body, UTF-8, application/json)): null&#xD;
&#xD;
2019-11-27 16:17:44 - [TEST_STEP][PASSED] - if (var_customer_token == "0"): null&#xD;
&#xD;
2019-11-27 16:17:44 - [TEST_STEP][PASSED] - else: null&#xD;
&#xD;
2019-11-27 16:17:44 - [TEST_STEP][PASSED] - out.println("using access_token = " + access_token_customer): null&#xD;
&#xD;
2019-11-27 16:17:44 - [TEST_STEP][PASSED] - out.println(request.getRestUrl()): null&#xD;
&#xD;
2019-11-27 16:17:44 - [TEST_STEP][PASSED] - response = sendRequest(request): Send request successfully&#xD;
&#xD;
2019-11-27 16:17:45 - [MESSAGE][INFO] - HAR: D:\katalon-ewallet\Reports\E_Wallet\TS_createBilling\TS_createBillingCustomer_push_notif\20191127_161741\requests\main\0.har&#xD;
&#xD;
2019-11-27 16:17:45 - [MESSAGE][PASSED] - Send request successfully&#xD;
&#xD;
2019-11-27 16:17:45 - [TEST_STEP][PASSED] - println(partner_token): null&#xD;
&#xD;
2019-11-27 16:17:45 - [TEST_STEP][PASSED] - body_content = responseBodyContent: null&#xD;
&#xD;
2019-11-27 16:17:45 - [TEST_STEP][PASSED] - status_code = statusCode: null&#xD;
&#xD;
2019-11-27 16:17:45 - [TEST_STEP][PASSED] - respDataMap = JsonSlurper().parseText(body_content): null&#xD;
&#xD;
2019-11-27 16:17:45 - [TEST_STEP][PASSED] - out.println(respDataMap): null&#xD;
&#xD;
2019-11-27 16:17:45 - [TEST_STEP][PASSED] - rc_ref = ReturnCodeWrapper(var_expected_rc).getEnumRC(): null&#xD;
&#xD;
2019-11-27 16:17:45 - [TEST_STEP][PASSED] - out.println(var_expected_rc): null&#xD;
&#xD;
2019-11-27 16:17:45 - [TEST_STEP][PASSED] - out.println(rc_ref.getRCName()): null&#xD;
&#xD;
2019-11-27 16:17:45 - [TEST_STEP][PASSED] - out.println(rc_ref.getHttpResponse()): null&#xD;
&#xD;
2019-11-27 16:17:45 - [TEST_STEP][PASSED] - result = verifyEqual(response_code, rc_ref.getRCName()): Actual object 'RC00' and expected object 'RC00' are equal&#xD;
&#xD;
2019-11-27 16:17:45 - [MESSAGE][PASSED] - Actual object 'RC00' and expected object 'RC00' are equal&#xD;
&#xD;
2019-11-27 16:17:45 - [TEST_STEP][PASSED] - if (result == false): null&#xD;
&#xD;
2019-11-27 16:17:45 - [TEST_STEP][PASSED] - else: null&#xD;
&#xD;
2019-11-27 16:17:45 - [TEST_STEP][PASSED] - verifyEqual(statusCode, rc_ref.getHttpResponse()): Actual object '200' and expected object '200' are equal&#xD;
&#xD;
2019-11-27 16:17:45 - [MESSAGE][PASSED] - Actual object '200' and expected object '200' are equal&#xD;
&#xD;
2019-11-27 16:17:45 - [TEST_STEP][PASSED] - if (rc_ref == RC00): null&#xD;
&#xD;
2019-11-27 16:17:45 - [TEST_STEP][PASSED] - decipheredResponseData = SecureUtils.decryptAesEwallet(data, var_aes_key): null&#xD;
&#xD;
2019-11-27 16:17:45 - [TEST_STEP][PASSED] - decipheredRespDataMap = JsonSlurper().parseText(decipheredResponseData): null&#xD;
&#xD;
2019-11-27 16:17:45 - [TEST_STEP][PASSED] - out.println(decipheredRespDataMap): null</system-out>
            <system-err></system-err>
        </testcase>
        <system-out>2019-11-27 16:17:42 - [TEST_SUITE][INCOMPLETE] - TS_createBillingCustomer_push_notif: null</system-out>
        <system-err>2019-11-27 16:17:42 - [TEST_SUITE][INCOMPLETE] - TS_createBillingCustomer_push_notif: null</system-err>
    </testsuite>
</testsuites>
