<?xml version="1.0" encoding="UTF-8" standalone="yes"?>
<testsuites name="TS_changeUserStatus" time="15" tests="37" failures="0" errors="0">
    <testsuite name="TS_changeUserStatus" tests="37" failures="0" errors="0" time="15" timestamp="2019-12-18 09:34:30" hostname="Silvi - LAPTOP-ALMT97O4" id="Test Suites/Dashboard_App/TS_changeUserStatus/TS_changeUserStatus">
        <properties>
            <property name="deviceName" value=""/>
            <property name="devicePlatform" value=""/>
            <property name="logFolder" value="D:\\katalon-ewallet\\Reports\\Dashboard_App\\TS_changeUserStatus\\TS_changeUserStatus\\20191218_093427"/>
            <property name="logFiles" value="D:\\katalon-ewallet\\Reports\\Dashboard_App\\TS_changeUserStatus\\TS_changeUserStatus\\20191218_093427\\execution0.log"/>
            <property name="attachments" value=""/>
            <property name="hostName" value="Silvi - LAPTOP-ALMT97O4"/>
            <property name="hostAddress" value="172.18.4.57"/>
            <property name="os" value="Windows 10 64bit"/>
            <property name="katalonVersion" value="6.2.2.4"/>
        </properties>
        <testcase name="Test Cases/Account/TC_loginMerchant/TC_loginMerchantSysAdmin" classname="Test Cases/Account/TC_loginMerchant/TC_loginMerchantSysAdmin" status="PASSED">
            <system-out>2019-12-18 09:34:31 - [TEST_CASE][PASSED] - Test Cases/Account/TC_loginMerchant/TC_loginMerchantSysAdmin: Test Cases/Account/TC_loginMerchant/TC_loginMerchantSysAdmin&#xD;
&#xD;
2019-12-18 09:34:32 - [TEST_STEP][PASSED] - var_enciphered_password = SecureUtils.doEncryptPinRsaEwallet(dev_public_pem_file, var_user_password): null&#xD;
&#xD;
2019-12-18 09:34:34 - [TEST_STEP][PASSED] - plain = "{" + ""email_address":"" + var_email_address + ""," + ""user_agent":"" + var_user_agent + ""," + ""password":"" + var_enciphered_password + ""}": null&#xD;
&#xD;
2019-12-18 09:34:34 - [TEST_STEP][PASSED] - out.println(plain): null&#xD;
&#xD;
2019-12-18 09:34:34 - [TEST_STEP][PASSED] - encipheredData = SecureUtils.encryptAesEwallet(plain, var_aes_key): null&#xD;
&#xD;
2019-12-18 09:34:34 - [TEST_STEP][PASSED] - body = "{"organisation_id":"" + var_organisation_id + ""," + ""data":"" + encipheredData + ""," + ""lang":"" + var_lang + ""}": null&#xD;
&#xD;
2019-12-18 09:34:34 - [TEST_STEP][PASSED] - out.println(body): null&#xD;
&#xD;
2019-12-18 09:34:34 - [TEST_STEP][PASSED] - request = findTestObject("Account/obj_loginMerchant"): null&#xD;
&#xD;
2019-12-18 09:34:34 - [TEST_STEP][PASSED] - request.setBodyContent(new com.kms.katalon.core.testobject.impl.HttpTextBodyContent(body, UTF-8, application/json)): null&#xD;
&#xD;
2019-12-18 09:34:34 - [TEST_STEP][PASSED] - response = sendRequest(request): Send request successfully&#xD;
&#xD;
2019-12-18 09:34:35 - [MESSAGE][INFO] - HAR: D:\katalon-ewallet\Reports\Dashboard_App\TS_changeUserStatus\TS_changeUserStatus\20191218_093427\requests\main\0.har&#xD;
&#xD;
2019-12-18 09:34:35 - [MESSAGE][PASSED] - Send request successfully&#xD;
&#xD;
2019-12-18 09:34:35 - [TEST_STEP][PASSED] - body_content = responseBodyContent: null&#xD;
&#xD;
2019-12-18 09:34:35 - [TEST_STEP][PASSED] - status_code = statusCode: null&#xD;
&#xD;
2019-12-18 09:34:35 - [TEST_STEP][PASSED] - out.println(body_content): null&#xD;
&#xD;
2019-12-18 09:34:35 - [TEST_STEP][PASSED] - respDataMap = JsonSlurper().parseText(body_content): null&#xD;
&#xD;
2019-12-18 09:34:35 - [TEST_STEP][PASSED] - out.println(respDataMap): null&#xD;
&#xD;
2019-12-18 09:34:35 - [TEST_STEP][PASSED] - rc_ref = ReturnCodeWrapper(var_expected_rc).getEnumRC(): null&#xD;
&#xD;
2019-12-18 09:34:35 - [TEST_STEP][PASSED] - out.println(var_expected_rc): null&#xD;
&#xD;
2019-12-18 09:34:35 - [TEST_STEP][PASSED] - out.println(rc_ref.getRCName()): null&#xD;
&#xD;
2019-12-18 09:34:35 - [TEST_STEP][PASSED] - out.println(rc_ref.getHttpResponse()): null&#xD;
&#xD;
2019-12-18 09:34:35 - [TEST_STEP][PASSED] - rcIsTrue = verifyEqual(response_code, rc_ref.getRCName()): Actual object 'RC00' and expected object 'RC00' are equal&#xD;
&#xD;
2019-12-18 09:34:35 - [MESSAGE][PASSED] - Actual object 'RC00' and expected object 'RC00' are equal&#xD;
&#xD;
2019-12-18 09:34:35 - [TEST_STEP][PASSED] - httpRespIsTrue = verifyEqual(statusCode, rc_ref.getHttpResponse()): Actual object '200' and expected object '200' are equal&#xD;
&#xD;
2019-12-18 09:34:35 - [MESSAGE][PASSED] - Actual object '200' and expected object '200' are equal&#xD;
&#xD;
2019-12-18 09:34:35 - [TEST_STEP][PASSED] - if (rc_ref == RC00): null&#xD;
&#xD;
2019-12-18 09:34:35 - [TEST_STEP][PASSED] - decipheredResponseData = SecureUtils.decryptAesEwallet(data, var_aes_key): null&#xD;
&#xD;
2019-12-18 09:34:35 - [TEST_STEP][PASSED] - decipheredRespDataMap = JsonSlurper().parseText(decipheredResponseData): null&#xD;
&#xD;
2019-12-18 09:34:35 - [TEST_STEP][PASSED] - out.println(decipheredRespDataMap): null&#xD;
&#xD;
2019-12-18 09:34:35 - [TEST_STEP][PASSED] - access_token_merchant = access_token: null</system-out>
            <system-err></system-err>
        </testcase>
        <testcase name="Test Cases/Dashboard_App/TS_changeUserStatus/TS_changeUserStatus" classname="Test Cases/Dashboard_App/TS_changeUserStatus/TS_changeUserStatus" status="PASSED">
            <system-out>2019-12-18 09:34:35 - [TEST_CASE][PASSED] - Test Cases/Dashboard_App/TS_changeUserStatus/TS_changeUserStatus: Test Cases/Dashboard_App/TS_changeUserStatus/TS_changeUserStatus&#xD;
&#xD;
2019-12-18 09:34:35 - [TEST_STEP][PASSED] - plain = "{" + ""user_agent":"" + var_user_agent + ""," + ""user_id":"" + var_user_id + ""," + ""status":"" + var_status + ""," + ""block_reason":"" + var_block_reason + ""," + ""block_until":"" + var_block_until + ""," + ""change_reason":"" + var_change_reason + ""}": null&#xD;
&#xD;
2019-12-18 09:34:35 - [TEST_STEP][PASSED] - partner_token = partner_token: null&#xD;
&#xD;
2019-12-18 09:34:35 - [TEST_STEP][PASSED] - out.println(plain): null&#xD;
&#xD;
2019-12-18 09:34:35 - [TEST_STEP][PASSED] - out.println("var_merchant_token" + var_merchant_token): null&#xD;
&#xD;
2019-12-18 09:34:35 - [TEST_STEP][PASSED] - out.println("var_partner_token" + var_partner_token): null&#xD;
&#xD;
2019-12-18 09:34:35 - [TEST_STEP][PASSED] - encipheredData = SecureUtils.encryptAesEwallet(plain, var_aes_key): null&#xD;
&#xD;
2019-12-18 09:34:35 - [TEST_STEP][PASSED] - body = "{"organisation_id":"" + var_organisation_id + ""," + ""data":"" + encipheredData + ""," + ""lang":"" + var_lang + ""}": null&#xD;
&#xD;
2019-12-18 09:34:35 - [TEST_STEP][PASSED] - out.println(body): null&#xD;
&#xD;
2019-12-18 09:34:35 - [TEST_STEP][PASSED] - request = findTestObject("Dashboard_App/obj_changeUserStatus"): null&#xD;
&#xD;
2019-12-18 09:34:35 - [TEST_STEP][PASSED] - request.setBodyContent(new com.kms.katalon.core.testobject.impl.HttpTextBodyContent(body, UTF-8, application/json)): null&#xD;
&#xD;
2019-12-18 09:34:35 - [TEST_STEP][PASSED] - if (var_merchant_token == 0): null&#xD;
&#xD;
2019-12-18 09:34:35 - [TEST_STEP][PASSED] - else: null&#xD;
&#xD;
2019-12-18 09:34:35 - [TEST_STEP][PASSED] - out.println("using access_token = " + access_token_merchant): null&#xD;
&#xD;
2019-12-18 09:34:35 - [TEST_STEP][PASSED] - listQuery = new java.util.ArrayList(): null&#xD;
&#xD;
2019-12-18 09:34:35 - [TEST_STEP][PASSED] - listQuery.add(new com.kms.katalon.core.testobject.TestObjectProperty(token, com.kms.katalon.core.testobject.ConditionType.EQUALS, internal.GlobalVariable.access_token_merchant)): null&#xD;
&#xD;
2019-12-18 09:34:35 - [TEST_STEP][PASSED] - request.setRestParameters(listQuery): null&#xD;
&#xD;
2019-12-18 09:34:35 - [TEST_STEP][PASSED] - response = sendRequest(request): Send request successfully&#xD;
&#xD;
2019-12-18 09:34:36 - [MESSAGE][INFO] - HAR: D:\katalon-ewallet\Reports\Dashboard_App\TS_changeUserStatus\TS_changeUserStatus\20191218_093427\requests\main\1.har&#xD;
&#xD;
2019-12-18 09:34:36 - [MESSAGE][PASSED] - Send request successfully&#xD;
&#xD;
2019-12-18 09:34:36 - [TEST_STEP][PASSED] - body_content = responseBodyContent: null&#xD;
&#xD;
2019-12-18 09:34:36 - [TEST_STEP][PASSED] - status_code = statusCode: null&#xD;
&#xD;
2019-12-18 09:34:36 - [TEST_STEP][PASSED] - respDataMap = JsonSlurper().parseText(body_content): null&#xD;
&#xD;
2019-12-18 09:34:36 - [TEST_STEP][PASSED] - out.println(respDataMap): null&#xD;
&#xD;
2019-12-18 09:34:36 - [TEST_STEP][PASSED] - println(body_content): null&#xD;
&#xD;
2019-12-18 09:34:36 - [TEST_STEP][PASSED] - rc_ref = ReturnCodeWrapper(var_expected_rc).getEnumRC(): null&#xD;
&#xD;
2019-12-18 09:34:36 - [TEST_STEP][PASSED] - out.println(var_expected_rc): null&#xD;
&#xD;
2019-12-18 09:34:36 - [TEST_STEP][PASSED] - out.println(rc_ref.getRCName()): null&#xD;
&#xD;
2019-12-18 09:34:36 - [TEST_STEP][PASSED] - out.println(rc_ref.getHttpResponse()): null&#xD;
&#xD;
2019-12-18 09:34:36 - [TEST_STEP][PASSED] - result = verifyEqual(response_code, rc_ref.getRCName()): Actual object 'RC00' and expected object 'RC00' are equal&#xD;
&#xD;
2019-12-18 09:34:36 - [MESSAGE][PASSED] - Actual object 'RC00' and expected object 'RC00' are equal&#xD;
&#xD;
2019-12-18 09:34:36 - [TEST_STEP][PASSED] - if (result == false): null&#xD;
&#xD;
2019-12-18 09:34:36 - [TEST_STEP][PASSED] - else: Actual object '200' and expected object '200' are equal&#xD;
&#xD;
2019-12-18 09:34:36 - [TEST_STEP][PASSED] - verifyEqual(statusCode, rc_ref.getHttpResponse()): Actual object '200' and expected object '200' are equal&#xD;
&#xD;
2019-12-18 09:34:36 - [MESSAGE][PASSED] - Actual object '200' and expected object '200' are equal</system-out>
            <system-err></system-err>
        </testcase>
        <testcase name="Test Cases/Dashboard_App/TS_changeUserStatus/TS_changeUserStatus" classname="Test Cases/Dashboard_App/TS_changeUserStatus/TS_changeUserStatus" status="PASSED">
            <system-out>2019-12-18 09:34:36 - [TEST_CASE][PASSED] - Test Cases/Dashboard_App/TS_changeUserStatus/TS_changeUserStatus: Test Cases/Dashboard_App/TS_changeUserStatus/TS_changeUserStatus&#xD;
&#xD;
2019-12-18 09:34:36 - [TEST_STEP][PASSED] - plain = "{" + ""user_agent":"" + var_user_agent + ""," + ""user_id":"" + var_user_id + ""," + ""status":"" + var_status + ""," + ""block_reason":"" + var_block_reason + ""," + ""block_until":"" + var_block_until + ""," + ""change_reason":"" + var_change_reason + ""}": null&#xD;
&#xD;
2019-12-18 09:34:36 - [TEST_STEP][PASSED] - partner_token = partner_token: null&#xD;
&#xD;
2019-12-18 09:34:36 - [TEST_STEP][PASSED] - out.println(plain): null&#xD;
&#xD;
2019-12-18 09:34:36 - [TEST_STEP][PASSED] - out.println("var_merchant_token" + var_merchant_token): null&#xD;
&#xD;
2019-12-18 09:34:36 - [TEST_STEP][PASSED] - out.println("var_partner_token" + var_partner_token): null&#xD;
&#xD;
2019-12-18 09:34:36 - [TEST_STEP][PASSED] - encipheredData = SecureUtils.encryptAesEwallet(plain, var_aes_key): null&#xD;
&#xD;
2019-12-18 09:34:36 - [TEST_STEP][PASSED] - body = "{"organisation_id":"" + var_organisation_id + ""," + ""data":"" + encipheredData + ""," + ""lang":"" + var_lang + ""}": null&#xD;
&#xD;
2019-12-18 09:34:36 - [TEST_STEP][PASSED] - out.println(body): null&#xD;
&#xD;
2019-12-18 09:34:36 - [TEST_STEP][PASSED] - request = findTestObject("Dashboard_App/obj_changeUserStatus"): null&#xD;
&#xD;
2019-12-18 09:34:36 - [TEST_STEP][PASSED] - request.setBodyContent(new com.kms.katalon.core.testobject.impl.HttpTextBodyContent(body, UTF-8, application/json)): null&#xD;
&#xD;
2019-12-18 09:34:36 - [TEST_STEP][PASSED] - if (var_merchant_token == 0): null&#xD;
&#xD;
2019-12-18 09:34:36 - [TEST_STEP][PASSED] - else: null&#xD;
&#xD;
2019-12-18 09:34:36 - [TEST_STEP][PASSED] - out.println("using access_token = " + access_token_merchant): null&#xD;
&#xD;
2019-12-18 09:34:36 - [TEST_STEP][PASSED] - listQuery = new java.util.ArrayList(): null&#xD;
&#xD;
2019-12-18 09:34:36 - [TEST_STEP][PASSED] - listQuery.add(new com.kms.katalon.core.testobject.TestObjectProperty(token, com.kms.katalon.core.testobject.ConditionType.EQUALS, internal.GlobalVariable.access_token_merchant)): null&#xD;
&#xD;
2019-12-18 09:34:36 - [TEST_STEP][PASSED] - request.setRestParameters(listQuery): null&#xD;
&#xD;
2019-12-18 09:34:36 - [TEST_STEP][PASSED] - response = sendRequest(request): Send request successfully&#xD;
&#xD;
2019-12-18 09:34:36 - [MESSAGE][INFO] - HAR: D:\katalon-ewallet\Reports\Dashboard_App\TS_changeUserStatus\TS_changeUserStatus\20191218_093427\requests\main\2.har&#xD;
&#xD;
2019-12-18 09:34:36 - [MESSAGE][PASSED] - Send request successfully&#xD;
&#xD;
2019-12-18 09:34:36 - [TEST_STEP][PASSED] - body_content = responseBodyContent: null&#xD;
&#xD;
2019-12-18 09:34:36 - [TEST_STEP][PASSED] - status_code = statusCode: null&#xD;
&#xD;
2019-12-18 09:34:36 - [TEST_STEP][PASSED] - respDataMap = JsonSlurper().parseText(body_content): null&#xD;
&#xD;
2019-12-18 09:34:36 - [TEST_STEP][PASSED] - out.println(respDataMap): null&#xD;
&#xD;
2019-12-18 09:34:36 - [TEST_STEP][PASSED] - println(body_content): null&#xD;
&#xD;
2019-12-18 09:34:36 - [TEST_STEP][PASSED] - rc_ref = ReturnCodeWrapper(var_expected_rc).getEnumRC(): null&#xD;
&#xD;
2019-12-18 09:34:36 - [TEST_STEP][PASSED] - out.println(var_expected_rc): null&#xD;
&#xD;
2019-12-18 09:34:36 - [TEST_STEP][PASSED] - out.println(rc_ref.getRCName()): null&#xD;
&#xD;
2019-12-18 09:34:36 - [TEST_STEP][PASSED] - out.println(rc_ref.getHttpResponse()): null&#xD;
&#xD;
2019-12-18 09:34:36 - [TEST_STEP][PASSED] - result = verifyEqual(response_code, rc_ref.getRCName()): Actual object 'RC00' and expected object 'RC00' are equal&#xD;
&#xD;
2019-12-18 09:34:36 - [MESSAGE][PASSED] - Actual object 'RC00' and expected object 'RC00' are equal&#xD;
&#xD;
2019-12-18 09:34:36 - [TEST_STEP][PASSED] - if (result == false): null&#xD;
&#xD;
2019-12-18 09:34:36 - [TEST_STEP][PASSED] - else: Actual object '200' and expected object '200' are equal&#xD;
&#xD;
2019-12-18 09:34:36 - [TEST_STEP][PASSED] - verifyEqual(statusCode, rc_ref.getHttpResponse()): Actual object '200' and expected object '200' are equal&#xD;
&#xD;
2019-12-18 09:34:36 - [MESSAGE][PASSED] - Actual object '200' and expected object '200' are equal</system-out>
            <system-err></system-err>
        </testcase>
        <testcase name="Test Cases/Dashboard_App/TS_changeUserStatus/TS_changeUserStatus" classname="Test Cases/Dashboard_App/TS_changeUserStatus/TS_changeUserStatus" status="PASSED">
            <system-out>2019-12-18 09:34:36 - [TEST_CASE][PASSED] - Test Cases/Dashboard_App/TS_changeUserStatus/TS_changeUserStatus: Test Cases/Dashboard_App/TS_changeUserStatus/TS_changeUserStatus&#xD;
&#xD;
2019-12-18 09:34:36 - [TEST_STEP][PASSED] - plain = "{" + ""user_agent":"" + var_user_agent + ""," + ""user_id":"" + var_user_id + ""," + ""status":"" + var_status + ""," + ""block_reason":"" + var_block_reason + ""," + ""block_until":"" + var_block_until + ""," + ""change_reason":"" + var_change_reason + ""}": null&#xD;
&#xD;
2019-12-18 09:34:36 - [TEST_STEP][PASSED] - partner_token = partner_token: null&#xD;
&#xD;
2019-12-18 09:34:36 - [TEST_STEP][PASSED] - out.println(plain): null&#xD;
&#xD;
2019-12-18 09:34:36 - [TEST_STEP][PASSED] - out.println("var_merchant_token" + var_merchant_token): null&#xD;
&#xD;
2019-12-18 09:34:36 - [TEST_STEP][PASSED] - out.println("var_partner_token" + var_partner_token): null&#xD;
&#xD;
2019-12-18 09:34:36 - [TEST_STEP][PASSED] - encipheredData = SecureUtils.encryptAesEwallet(plain, var_aes_key): null&#xD;
&#xD;
2019-12-18 09:34:36 - [TEST_STEP][PASSED] - body = "{"organisation_id":"" + var_organisation_id + ""," + ""data":"" + encipheredData + ""," + ""lang":"" + var_lang + ""}": null&#xD;
&#xD;
2019-12-18 09:34:36 - [TEST_STEP][PASSED] - out.println(body): null&#xD;
&#xD;
2019-12-18 09:34:36 - [TEST_STEP][PASSED] - request = findTestObject("Dashboard_App/obj_changeUserStatus"): null&#xD;
&#xD;
2019-12-18 09:34:36 - [TEST_STEP][PASSED] - request.setBodyContent(new com.kms.katalon.core.testobject.impl.HttpTextBodyContent(body, UTF-8, application/json)): null&#xD;
&#xD;
2019-12-18 09:34:36 - [TEST_STEP][PASSED] - if (var_merchant_token == 0): null&#xD;
&#xD;
2019-12-18 09:34:36 - [TEST_STEP][PASSED] - else: null&#xD;
&#xD;
2019-12-18 09:34:36 - [TEST_STEP][PASSED] - out.println("using access_token = " + access_token_merchant): null&#xD;
&#xD;
2019-12-18 09:34:36 - [TEST_STEP][PASSED] - listQuery = new java.util.ArrayList(): null&#xD;
&#xD;
2019-12-18 09:34:36 - [TEST_STEP][PASSED] - listQuery.add(new com.kms.katalon.core.testobject.TestObjectProperty(token, com.kms.katalon.core.testobject.ConditionType.EQUALS, internal.GlobalVariable.access_token_merchant)): null&#xD;
&#xD;
2019-12-18 09:34:36 - [TEST_STEP][PASSED] - request.setRestParameters(listQuery): null&#xD;
&#xD;
2019-12-18 09:34:36 - [TEST_STEP][PASSED] - response = sendRequest(request): Send request successfully&#xD;
&#xD;
2019-12-18 09:34:36 - [MESSAGE][INFO] - HAR: D:\katalon-ewallet\Reports\Dashboard_App\TS_changeUserStatus\TS_changeUserStatus\20191218_093427\requests\main\3.har&#xD;
&#xD;
2019-12-18 09:34:36 - [MESSAGE][PASSED] - Send request successfully&#xD;
&#xD;
2019-12-18 09:34:36 - [TEST_STEP][PASSED] - body_content = responseBodyContent: null&#xD;
&#xD;
2019-12-18 09:34:36 - [TEST_STEP][PASSED] - status_code = statusCode: null&#xD;
&#xD;
2019-12-18 09:34:36 - [TEST_STEP][PASSED] - respDataMap = JsonSlurper().parseText(body_content): null&#xD;
&#xD;
2019-12-18 09:34:36 - [TEST_STEP][PASSED] - out.println(respDataMap): null&#xD;
&#xD;
2019-12-18 09:34:36 - [TEST_STEP][PASSED] - println(body_content): null&#xD;
&#xD;
2019-12-18 09:34:36 - [TEST_STEP][PASSED] - rc_ref = ReturnCodeWrapper(var_expected_rc).getEnumRC(): null&#xD;
&#xD;
2019-12-18 09:34:36 - [TEST_STEP][PASSED] - out.println(var_expected_rc): null&#xD;
&#xD;
2019-12-18 09:34:36 - [TEST_STEP][PASSED] - out.println(rc_ref.getRCName()): null&#xD;
&#xD;
2019-12-18 09:34:36 - [TEST_STEP][PASSED] - out.println(rc_ref.getHttpResponse()): null&#xD;
&#xD;
2019-12-18 09:34:36 - [TEST_STEP][PASSED] - result = verifyEqual(response_code, rc_ref.getRCName()): Actual object 'RC01' and expected object 'RC01' are equal&#xD;
&#xD;
2019-12-18 09:34:36 - [MESSAGE][PASSED] - Actual object 'RC01' and expected object 'RC01' are equal&#xD;
&#xD;
2019-12-18 09:34:36 - [TEST_STEP][PASSED] - if (result == false): null&#xD;
&#xD;
2019-12-18 09:34:36 - [TEST_STEP][PASSED] - else: Actual object '400' and expected object '400' are equal&#xD;
&#xD;
2019-12-18 09:34:36 - [TEST_STEP][PASSED] - verifyEqual(statusCode, rc_ref.getHttpResponse()): Actual object '400' and expected object '400' are equal&#xD;
&#xD;
2019-12-18 09:34:36 - [MESSAGE][PASSED] - Actual object '400' and expected object '400' are equal</system-out>
            <system-err></system-err>
        </testcase>
        <testcase name="Test Cases/Dashboard_App/TS_changeUserStatus/TS_changeUserStatus" classname="Test Cases/Dashboard_App/TS_changeUserStatus/TS_changeUserStatus" status="PASSED">
            <system-out>2019-12-18 09:34:36 - [TEST_CASE][PASSED] - Test Cases/Dashboard_App/TS_changeUserStatus/TS_changeUserStatus: Test Cases/Dashboard_App/TS_changeUserStatus/TS_changeUserStatus&#xD;
&#xD;
2019-12-18 09:34:36 - [TEST_STEP][PASSED] - plain = "{" + ""user_agent":"" + var_user_agent + ""," + ""user_id":"" + var_user_id + ""," + ""status":"" + var_status + ""," + ""block_reason":"" + var_block_reason + ""," + ""block_until":"" + var_block_until + ""," + ""change_reason":"" + var_change_reason + ""}": null&#xD;
&#xD;
2019-12-18 09:34:36 - [TEST_STEP][PASSED] - partner_token = partner_token: null&#xD;
&#xD;
2019-12-18 09:34:36 - [TEST_STEP][PASSED] - out.println(plain): null&#xD;
&#xD;
2019-12-18 09:34:36 - [TEST_STEP][PASSED] - out.println("var_merchant_token" + var_merchant_token): null&#xD;
&#xD;
2019-12-18 09:34:36 - [TEST_STEP][PASSED] - out.println("var_partner_token" + var_partner_token): null&#xD;
&#xD;
2019-12-18 09:34:36 - [TEST_STEP][PASSED] - encipheredData = SecureUtils.encryptAesEwallet(plain, var_aes_key): null&#xD;
&#xD;
2019-12-18 09:34:36 - [TEST_STEP][PASSED] - body = "{"organisation_id":"" + var_organisation_id + ""," + ""data":"" + encipheredData + ""," + ""lang":"" + var_lang + ""}": null&#xD;
&#xD;
2019-12-18 09:34:36 - [TEST_STEP][PASSED] - out.println(body): null&#xD;
&#xD;
2019-12-18 09:34:36 - [TEST_STEP][PASSED] - request = findTestObject("Dashboard_App/obj_changeUserStatus"): null&#xD;
&#xD;
2019-12-18 09:34:36 - [TEST_STEP][PASSED] - request.setBodyContent(new com.kms.katalon.core.testobject.impl.HttpTextBodyContent(body, UTF-8, application/json)): null&#xD;
&#xD;
2019-12-18 09:34:36 - [TEST_STEP][PASSED] - if (var_merchant_token == 0): null&#xD;
&#xD;
2019-12-18 09:34:36 - [TEST_STEP][PASSED] - else: null&#xD;
&#xD;
2019-12-18 09:34:36 - [TEST_STEP][PASSED] - out.println("using access_token = " + access_token_merchant): null&#xD;
&#xD;
2019-12-18 09:34:36 - [TEST_STEP][PASSED] - listQuery = new java.util.ArrayList(): null&#xD;
&#xD;
2019-12-18 09:34:36 - [TEST_STEP][PASSED] - listQuery.add(new com.kms.katalon.core.testobject.TestObjectProperty(token, com.kms.katalon.core.testobject.ConditionType.EQUALS, internal.GlobalVariable.access_token_merchant)): null&#xD;
&#xD;
2019-12-18 09:34:36 - [TEST_STEP][PASSED] - request.setRestParameters(listQuery): null&#xD;
&#xD;
2019-12-18 09:34:36 - [TEST_STEP][PASSED] - response = sendRequest(request): Send request successfully&#xD;
&#xD;
2019-12-18 09:34:37 - [MESSAGE][INFO] - HAR: D:\katalon-ewallet\Reports\Dashboard_App\TS_changeUserStatus\TS_changeUserStatus\20191218_093427\requests\main\4.har&#xD;
&#xD;
2019-12-18 09:34:37 - [MESSAGE][PASSED] - Send request successfully&#xD;
&#xD;
2019-12-18 09:34:37 - [TEST_STEP][PASSED] - body_content = responseBodyContent: null&#xD;
&#xD;
2019-12-18 09:34:37 - [TEST_STEP][PASSED] - status_code = statusCode: null&#xD;
&#xD;
2019-12-18 09:34:37 - [TEST_STEP][PASSED] - respDataMap = JsonSlurper().parseText(body_content): null&#xD;
&#xD;
2019-12-18 09:34:37 - [TEST_STEP][PASSED] - out.println(respDataMap): null&#xD;
&#xD;
2019-12-18 09:34:37 - [TEST_STEP][PASSED] - println(body_content): null&#xD;
&#xD;
2019-12-18 09:34:37 - [TEST_STEP][PASSED] - rc_ref = ReturnCodeWrapper(var_expected_rc).getEnumRC(): null&#xD;
&#xD;
2019-12-18 09:34:37 - [TEST_STEP][PASSED] - out.println(var_expected_rc): null&#xD;
&#xD;
2019-12-18 09:34:37 - [TEST_STEP][PASSED] - out.println(rc_ref.getRCName()): null&#xD;
&#xD;
2019-12-18 09:34:37 - [TEST_STEP][PASSED] - out.println(rc_ref.getHttpResponse()): null&#xD;
&#xD;
2019-12-18 09:34:37 - [TEST_STEP][PASSED] - result = verifyEqual(response_code, rc_ref.getRCName()): Actual object 'RC01' and expected object 'RC01' are equal&#xD;
&#xD;
2019-12-18 09:34:37 - [MESSAGE][PASSED] - Actual object 'RC01' and expected object 'RC01' are equal&#xD;
&#xD;
2019-12-18 09:34:37 - [TEST_STEP][PASSED] - if (result == false): null&#xD;
&#xD;
2019-12-18 09:34:37 - [TEST_STEP][PASSED] - else: Actual object '400' and expected object '400' are equal&#xD;
&#xD;
2019-12-18 09:34:37 - [TEST_STEP][PASSED] - verifyEqual(statusCode, rc_ref.getHttpResponse()): Actual object '400' and expected object '400' are equal&#xD;
&#xD;
2019-12-18 09:34:37 - [MESSAGE][PASSED] - Actual object '400' and expected object '400' are equal</system-out>
            <system-err></system-err>
        </testcase>
        <testcase name="Test Cases/Dashboard_App/TS_changeUserStatus/TS_changeUserStatus" classname="Test Cases/Dashboard_App/TS_changeUserStatus/TS_changeUserStatus" status="PASSED">
            <system-out>2019-12-18 09:34:37 - [TEST_CASE][PASSED] - Test Cases/Dashboard_App/TS_changeUserStatus/TS_changeUserStatus: Test Cases/Dashboard_App/TS_changeUserStatus/TS_changeUserStatus&#xD;
&#xD;
2019-12-18 09:34:37 - [TEST_STEP][PASSED] - plain = "{" + ""user_agent":"" + var_user_agent + ""," + ""user_id":"" + var_user_id + ""," + ""status":"" + var_status + ""," + ""block_reason":"" + var_block_reason + ""," + ""block_until":"" + var_block_until + ""," + ""change_reason":"" + var_change_reason + ""}": null&#xD;
&#xD;
2019-12-18 09:34:37 - [TEST_STEP][PASSED] - partner_token = partner_token: null&#xD;
&#xD;
2019-12-18 09:34:37 - [TEST_STEP][PASSED] - out.println(plain): null&#xD;
&#xD;
2019-12-18 09:34:37 - [TEST_STEP][PASSED] - out.println("var_merchant_token" + var_merchant_token): null&#xD;
&#xD;
2019-12-18 09:34:37 - [TEST_STEP][PASSED] - out.println("var_partner_token" + var_partner_token): null&#xD;
&#xD;
2019-12-18 09:34:37 - [TEST_STEP][PASSED] - encipheredData = SecureUtils.encryptAesEwallet(plain, var_aes_key): null&#xD;
&#xD;
2019-12-18 09:34:37 - [TEST_STEP][PASSED] - body = "{"organisation_id":"" + var_organisation_id + ""," + ""data":"" + encipheredData + ""," + ""lang":"" + var_lang + ""}": null&#xD;
&#xD;
2019-12-18 09:34:37 - [TEST_STEP][PASSED] - out.println(body): null&#xD;
&#xD;
2019-12-18 09:34:37 - [TEST_STEP][PASSED] - request = findTestObject("Dashboard_App/obj_changeUserStatus"): null&#xD;
&#xD;
2019-12-18 09:34:37 - [TEST_STEP][PASSED] - request.setBodyContent(new com.kms.katalon.core.testobject.impl.HttpTextBodyContent(body, UTF-8, application/json)): null&#xD;
&#xD;
2019-12-18 09:34:37 - [TEST_STEP][PASSED] - if (var_merchant_token == 0): null&#xD;
&#xD;
2019-12-18 09:34:37 - [TEST_STEP][PASSED] - else: null&#xD;
&#xD;
2019-12-18 09:34:37 - [TEST_STEP][PASSED] - out.println("using access_token = " + access_token_merchant): null&#xD;
&#xD;
2019-12-18 09:34:37 - [TEST_STEP][PASSED] - listQuery = new java.util.ArrayList(): null&#xD;
&#xD;
2019-12-18 09:34:37 - [TEST_STEP][PASSED] - listQuery.add(new com.kms.katalon.core.testobject.TestObjectProperty(token, com.kms.katalon.core.testobject.ConditionType.EQUALS, internal.GlobalVariable.access_token_merchant)): null&#xD;
&#xD;
2019-12-18 09:34:37 - [TEST_STEP][PASSED] - request.setRestParameters(listQuery): null&#xD;
&#xD;
2019-12-18 09:34:37 - [TEST_STEP][PASSED] - response = sendRequest(request): Send request successfully&#xD;
&#xD;
2019-12-18 09:34:37 - [MESSAGE][INFO] - HAR: D:\katalon-ewallet\Reports\Dashboard_App\TS_changeUserStatus\TS_changeUserStatus\20191218_093427\requests\main\5.har&#xD;
&#xD;
2019-12-18 09:34:37 - [MESSAGE][PASSED] - Send request successfully&#xD;
&#xD;
2019-12-18 09:34:37 - [TEST_STEP][PASSED] - body_content = responseBodyContent: null&#xD;
&#xD;
2019-12-18 09:34:37 - [TEST_STEP][PASSED] - status_code = statusCode: null&#xD;
&#xD;
2019-12-18 09:34:37 - [TEST_STEP][PASSED] - respDataMap = JsonSlurper().parseText(body_content): null&#xD;
&#xD;
2019-12-18 09:34:37 - [TEST_STEP][PASSED] - out.println(respDataMap): null&#xD;
&#xD;
2019-12-18 09:34:37 - [TEST_STEP][PASSED] - println(body_content): null&#xD;
&#xD;
2019-12-18 09:34:37 - [TEST_STEP][PASSED] - rc_ref = ReturnCodeWrapper(var_expected_rc).getEnumRC(): null&#xD;
&#xD;
2019-12-18 09:34:37 - [TEST_STEP][PASSED] - out.println(var_expected_rc): null&#xD;
&#xD;
2019-12-18 09:34:37 - [TEST_STEP][PASSED] - out.println(rc_ref.getRCName()): null&#xD;
&#xD;
2019-12-18 09:34:37 - [TEST_STEP][PASSED] - out.println(rc_ref.getHttpResponse()): null&#xD;
&#xD;
2019-12-18 09:34:37 - [TEST_STEP][PASSED] - result = verifyEqual(response_code, rc_ref.getRCName()): Actual object 'RC01' and expected object 'RC01' are equal&#xD;
&#xD;
2019-12-18 09:34:37 - [MESSAGE][PASSED] - Actual object 'RC01' and expected object 'RC01' are equal&#xD;
&#xD;
2019-12-18 09:34:37 - [TEST_STEP][PASSED] - if (result == false): null&#xD;
&#xD;
2019-12-18 09:34:37 - [TEST_STEP][PASSED] - else: Actual object '400' and expected object '400' are equal&#xD;
&#xD;
2019-12-18 09:34:37 - [TEST_STEP][PASSED] - verifyEqual(statusCode, rc_ref.getHttpResponse()): Actual object '400' and expected object '400' are equal&#xD;
&#xD;
2019-12-18 09:34:37 - [MESSAGE][PASSED] - Actual object '400' and expected object '400' are equal</system-out>
            <system-err></system-err>
        </testcase>
        <testcase name="Test Cases/Dashboard_App/TS_changeUserStatus/TS_changeUserStatus" classname="Test Cases/Dashboard_App/TS_changeUserStatus/TS_changeUserStatus" status="PASSED">
            <system-out>2019-12-18 09:34:37 - [TEST_CASE][PASSED] - Test Cases/Dashboard_App/TS_changeUserStatus/TS_changeUserStatus: Test Cases/Dashboard_App/TS_changeUserStatus/TS_changeUserStatus&#xD;
&#xD;
2019-12-18 09:34:37 - [TEST_STEP][PASSED] - plain = "{" + ""user_agent":"" + var_user_agent + ""," + ""user_id":"" + var_user_id + ""," + ""status":"" + var_status + ""," + ""block_reason":"" + var_block_reason + ""," + ""block_until":"" + var_block_until + ""," + ""change_reason":"" + var_change_reason + ""}": null&#xD;
&#xD;
2019-12-18 09:34:37 - [TEST_STEP][PASSED] - partner_token = partner_token: null&#xD;
&#xD;
2019-12-18 09:34:37 - [TEST_STEP][PASSED] - out.println(plain): null&#xD;
&#xD;
2019-12-18 09:34:37 - [TEST_STEP][PASSED] - out.println("var_merchant_token" + var_merchant_token): null&#xD;
&#xD;
2019-12-18 09:34:37 - [TEST_STEP][PASSED] - out.println("var_partner_token" + var_partner_token): null&#xD;
&#xD;
2019-12-18 09:34:37 - [TEST_STEP][PASSED] - encipheredData = SecureUtils.encryptAesEwallet(plain, var_aes_key): null&#xD;
&#xD;
2019-12-18 09:34:37 - [TEST_STEP][PASSED] - body = "{"organisation_id":"" + var_organisation_id + ""," + ""data":"" + encipheredData + ""," + ""lang":"" + var_lang + ""}": null&#xD;
&#xD;
2019-12-18 09:34:37 - [TEST_STEP][PASSED] - out.println(body): null&#xD;
&#xD;
2019-12-18 09:34:37 - [TEST_STEP][PASSED] - request = findTestObject("Dashboard_App/obj_changeUserStatus"): null&#xD;
&#xD;
2019-12-18 09:34:37 - [TEST_STEP][PASSED] - request.setBodyContent(new com.kms.katalon.core.testobject.impl.HttpTextBodyContent(body, UTF-8, application/json)): null&#xD;
&#xD;
2019-12-18 09:34:37 - [TEST_STEP][PASSED] - if (var_merchant_token == 0): null&#xD;
&#xD;
2019-12-18 09:34:37 - [TEST_STEP][PASSED] - else: null&#xD;
&#xD;
2019-12-18 09:34:37 - [TEST_STEP][PASSED] - out.println("using access_token = " + access_token_merchant): null&#xD;
&#xD;
2019-12-18 09:34:37 - [TEST_STEP][PASSED] - listQuery = new java.util.ArrayList(): null&#xD;
&#xD;
2019-12-18 09:34:37 - [TEST_STEP][PASSED] - listQuery.add(new com.kms.katalon.core.testobject.TestObjectProperty(token, com.kms.katalon.core.testobject.ConditionType.EQUALS, internal.GlobalVariable.access_token_merchant)): null&#xD;
&#xD;
2019-12-18 09:34:37 - [TEST_STEP][PASSED] - request.setRestParameters(listQuery): null&#xD;
&#xD;
2019-12-18 09:34:37 - [TEST_STEP][PASSED] - response = sendRequest(request): Send request successfully&#xD;
&#xD;
2019-12-18 09:34:37 - [MESSAGE][INFO] - HAR: D:\katalon-ewallet\Reports\Dashboard_App\TS_changeUserStatus\TS_changeUserStatus\20191218_093427\requests\main\6.har&#xD;
&#xD;
2019-12-18 09:34:37 - [MESSAGE][PASSED] - Send request successfully&#xD;
&#xD;
2019-12-18 09:34:37 - [TEST_STEP][PASSED] - body_content = responseBodyContent: null&#xD;
&#xD;
2019-12-18 09:34:37 - [TEST_STEP][PASSED] - status_code = statusCode: null&#xD;
&#xD;
2019-12-18 09:34:37 - [TEST_STEP][PASSED] - respDataMap = JsonSlurper().parseText(body_content): null&#xD;
&#xD;
2019-12-18 09:34:37 - [TEST_STEP][PASSED] - out.println(respDataMap): null&#xD;
&#xD;
2019-12-18 09:34:37 - [TEST_STEP][PASSED] - println(body_content): null&#xD;
&#xD;
2019-12-18 09:34:37 - [TEST_STEP][PASSED] - rc_ref = ReturnCodeWrapper(var_expected_rc).getEnumRC(): null&#xD;
&#xD;
2019-12-18 09:34:37 - [TEST_STEP][PASSED] - out.println(var_expected_rc): null&#xD;
&#xD;
2019-12-18 09:34:37 - [TEST_STEP][PASSED] - out.println(rc_ref.getRCName()): null&#xD;
&#xD;
2019-12-18 09:34:37 - [TEST_STEP][PASSED] - out.println(rc_ref.getHttpResponse()): null&#xD;
&#xD;
2019-12-18 09:34:37 - [TEST_STEP][PASSED] - result = verifyEqual(response_code, rc_ref.getRCName()): Actual object 'RC01' and expected object 'RC01' are equal&#xD;
&#xD;
2019-12-18 09:34:37 - [MESSAGE][PASSED] - Actual object 'RC01' and expected object 'RC01' are equal&#xD;
&#xD;
2019-12-18 09:34:37 - [TEST_STEP][PASSED] - if (result == false): null&#xD;
&#xD;
2019-12-18 09:34:37 - [TEST_STEP][PASSED] - else: Actual object '400' and expected object '400' are equal&#xD;
&#xD;
2019-12-18 09:34:37 - [TEST_STEP][PASSED] - verifyEqual(statusCode, rc_ref.getHttpResponse()): Actual object '400' and expected object '400' are equal&#xD;
&#xD;
2019-12-18 09:34:37 - [MESSAGE][PASSED] - Actual object '400' and expected object '400' are equal</system-out>
            <system-err></system-err>
        </testcase>
        <testcase name="Test Cases/Dashboard_App/TS_changeUserStatus/TS_changeUserStatus" classname="Test Cases/Dashboard_App/TS_changeUserStatus/TS_changeUserStatus" status="PASSED">
            <system-out>2019-12-18 09:34:37 - [TEST_CASE][PASSED] - Test Cases/Dashboard_App/TS_changeUserStatus/TS_changeUserStatus: Test Cases/Dashboard_App/TS_changeUserStatus/TS_changeUserStatus&#xD;
&#xD;
2019-12-18 09:34:37 - [TEST_STEP][PASSED] - plain = "{" + ""user_agent":"" + var_user_agent + ""," + ""user_id":"" + var_user_id + ""," + ""status":"" + var_status + ""," + ""block_reason":"" + var_block_reason + ""," + ""block_until":"" + var_block_until + ""," + ""change_reason":"" + var_change_reason + ""}": null&#xD;
&#xD;
2019-12-18 09:34:37 - [TEST_STEP][PASSED] - partner_token = partner_token: null&#xD;
&#xD;
2019-12-18 09:34:37 - [TEST_STEP][PASSED] - out.println(plain): null&#xD;
&#xD;
2019-12-18 09:34:37 - [TEST_STEP][PASSED] - out.println("var_merchant_token" + var_merchant_token): null&#xD;
&#xD;
2019-12-18 09:34:37 - [TEST_STEP][PASSED] - out.println("var_partner_token" + var_partner_token): null&#xD;
&#xD;
2019-12-18 09:34:37 - [TEST_STEP][PASSED] - encipheredData = SecureUtils.encryptAesEwallet(plain, var_aes_key): null&#xD;
&#xD;
2019-12-18 09:34:37 - [TEST_STEP][PASSED] - body = "{"organisation_id":"" + var_organisation_id + ""," + ""data":"" + encipheredData + ""," + ""lang":"" + var_lang + ""}": null&#xD;
&#xD;
2019-12-18 09:34:37 - [TEST_STEP][PASSED] - out.println(body): null&#xD;
&#xD;
2019-12-18 09:34:37 - [TEST_STEP][PASSED] - request = findTestObject("Dashboard_App/obj_changeUserStatus"): null&#xD;
&#xD;
2019-12-18 09:34:37 - [TEST_STEP][PASSED] - request.setBodyContent(new com.kms.katalon.core.testobject.impl.HttpTextBodyContent(body, UTF-8, application/json)): null&#xD;
&#xD;
2019-12-18 09:34:37 - [TEST_STEP][PASSED] - if (var_merchant_token == 0): null&#xD;
&#xD;
2019-12-18 09:34:37 - [TEST_STEP][PASSED] - else: null&#xD;
&#xD;
2019-12-18 09:34:37 - [TEST_STEP][PASSED] - out.println("using access_token = " + access_token_merchant): null&#xD;
&#xD;
2019-12-18 09:34:37 - [TEST_STEP][PASSED] - listQuery = new java.util.ArrayList(): null&#xD;
&#xD;
2019-12-18 09:34:37 - [TEST_STEP][PASSED] - listQuery.add(new com.kms.katalon.core.testobject.TestObjectProperty(token, com.kms.katalon.core.testobject.ConditionType.EQUALS, internal.GlobalVariable.access_token_merchant)): null&#xD;
&#xD;
2019-12-18 09:34:37 - [TEST_STEP][PASSED] - request.setRestParameters(listQuery): null&#xD;
&#xD;
2019-12-18 09:34:37 - [TEST_STEP][PASSED] - response = sendRequest(request): Send request successfully&#xD;
&#xD;
2019-12-18 09:34:37 - [MESSAGE][INFO] - HAR: D:\katalon-ewallet\Reports\Dashboard_App\TS_changeUserStatus\TS_changeUserStatus\20191218_093427\requests\main\7.har&#xD;
&#xD;
2019-12-18 09:34:37 - [MESSAGE][PASSED] - Send request successfully&#xD;
&#xD;
2019-12-18 09:34:37 - [TEST_STEP][PASSED] - body_content = responseBodyContent: null&#xD;
&#xD;
2019-12-18 09:34:37 - [TEST_STEP][PASSED] - status_code = statusCode: null&#xD;
&#xD;
2019-12-18 09:34:37 - [TEST_STEP][PASSED] - respDataMap = JsonSlurper().parseText(body_content): null&#xD;
&#xD;
2019-12-18 09:34:37 - [TEST_STEP][PASSED] - out.println(respDataMap): null&#xD;
&#xD;
2019-12-18 09:34:37 - [TEST_STEP][PASSED] - println(body_content): null&#xD;
&#xD;
2019-12-18 09:34:37 - [TEST_STEP][PASSED] - rc_ref = ReturnCodeWrapper(var_expected_rc).getEnumRC(): null&#xD;
&#xD;
2019-12-18 09:34:37 - [TEST_STEP][PASSED] - out.println(var_expected_rc): null&#xD;
&#xD;
2019-12-18 09:34:37 - [TEST_STEP][PASSED] - out.println(rc_ref.getRCName()): null&#xD;
&#xD;
2019-12-18 09:34:37 - [TEST_STEP][PASSED] - out.println(rc_ref.getHttpResponse()): null&#xD;
&#xD;
2019-12-18 09:34:37 - [TEST_STEP][PASSED] - result = verifyEqual(response_code, rc_ref.getRCName()): Actual object 'RC01' and expected object 'RC01' are equal&#xD;
&#xD;
2019-12-18 09:34:37 - [MESSAGE][PASSED] - Actual object 'RC01' and expected object 'RC01' are equal&#xD;
&#xD;
2019-12-18 09:34:37 - [TEST_STEP][PASSED] - if (result == false): null&#xD;
&#xD;
2019-12-18 09:34:37 - [TEST_STEP][PASSED] - else: Actual object '400' and expected object '400' are equal&#xD;
&#xD;
2019-12-18 09:34:37 - [TEST_STEP][PASSED] - verifyEqual(statusCode, rc_ref.getHttpResponse()): Actual object '400' and expected object '400' are equal&#xD;
&#xD;
2019-12-18 09:34:37 - [MESSAGE][PASSED] - Actual object '400' and expected object '400' are equal</system-out>
            <system-err></system-err>
        </testcase>
        <testcase name="Test Cases/Dashboard_App/TS_changeUserStatus/TS_changeUserStatus" classname="Test Cases/Dashboard_App/TS_changeUserStatus/TS_changeUserStatus" status="PASSED">
            <system-out>2019-12-18 09:34:37 - [TEST_CASE][PASSED] - Test Cases/Dashboard_App/TS_changeUserStatus/TS_changeUserStatus: Test Cases/Dashboard_App/TS_changeUserStatus/TS_changeUserStatus&#xD;
&#xD;
2019-12-18 09:34:37 - [TEST_STEP][PASSED] - plain = "{" + ""user_agent":"" + var_user_agent + ""," + ""user_id":"" + var_user_id + ""," + ""status":"" + var_status + ""," + ""block_reason":"" + var_block_reason + ""," + ""block_until":"" + var_block_until + ""," + ""change_reason":"" + var_change_reason + ""}": null&#xD;
&#xD;
2019-12-18 09:34:37 - [TEST_STEP][PASSED] - partner_token = partner_token: null&#xD;
&#xD;
2019-12-18 09:34:37 - [TEST_STEP][PASSED] - out.println(plain): null&#xD;
&#xD;
2019-12-18 09:34:37 - [TEST_STEP][PASSED] - out.println("var_merchant_token" + var_merchant_token): null&#xD;
&#xD;
2019-12-18 09:34:37 - [TEST_STEP][PASSED] - out.println("var_partner_token" + var_partner_token): null&#xD;
&#xD;
2019-12-18 09:34:37 - [TEST_STEP][PASSED] - encipheredData = SecureUtils.encryptAesEwallet(plain, var_aes_key): null&#xD;
&#xD;
2019-12-18 09:34:37 - [TEST_STEP][PASSED] - body = "{"organisation_id":"" + var_organisation_id + ""," + ""data":"" + encipheredData + ""," + ""lang":"" + var_lang + ""}": null&#xD;
&#xD;
2019-12-18 09:34:37 - [TEST_STEP][PASSED] - out.println(body): null&#xD;
&#xD;
2019-12-18 09:34:37 - [TEST_STEP][PASSED] - request = findTestObject("Dashboard_App/obj_changeUserStatus"): null&#xD;
&#xD;
2019-12-18 09:34:37 - [TEST_STEP][PASSED] - request.setBodyContent(new com.kms.katalon.core.testobject.impl.HttpTextBodyContent(body, UTF-8, application/json)): null&#xD;
&#xD;
2019-12-18 09:34:37 - [TEST_STEP][PASSED] - if (var_merchant_token == 0): null&#xD;
&#xD;
2019-12-18 09:34:37 - [TEST_STEP][PASSED] - else: null&#xD;
&#xD;
2019-12-18 09:34:37 - [TEST_STEP][PASSED] - out.println("using access_token = " + access_token_merchant): null&#xD;
&#xD;
2019-12-18 09:34:37 - [TEST_STEP][PASSED] - listQuery = new java.util.ArrayList(): null&#xD;
&#xD;
2019-12-18 09:34:37 - [TEST_STEP][PASSED] - listQuery.add(new com.kms.katalon.core.testobject.TestObjectProperty(token, com.kms.katalon.core.testobject.ConditionType.EQUALS, internal.GlobalVariable.access_token_merchant)): null&#xD;
&#xD;
2019-12-18 09:34:37 - [TEST_STEP][PASSED] - request.setRestParameters(listQuery): null&#xD;
&#xD;
2019-12-18 09:34:37 - [TEST_STEP][PASSED] - response = sendRequest(request): Send request successfully&#xD;
&#xD;
2019-12-18 09:34:37 - [MESSAGE][INFO] - HAR: D:\katalon-ewallet\Reports\Dashboard_App\TS_changeUserStatus\TS_changeUserStatus\20191218_093427\requests\main\8.har&#xD;
&#xD;
2019-12-18 09:34:37 - [MESSAGE][PASSED] - Send request successfully&#xD;
&#xD;
2019-12-18 09:34:37 - [TEST_STEP][PASSED] - body_content = responseBodyContent: null&#xD;
&#xD;
2019-12-18 09:34:37 - [TEST_STEP][PASSED] - status_code = statusCode: null&#xD;
&#xD;
2019-12-18 09:34:37 - [TEST_STEP][PASSED] - respDataMap = JsonSlurper().parseText(body_content): null&#xD;
&#xD;
2019-12-18 09:34:37 - [TEST_STEP][PASSED] - out.println(respDataMap): null&#xD;
&#xD;
2019-12-18 09:34:37 - [TEST_STEP][PASSED] - println(body_content): null&#xD;
&#xD;
2019-12-18 09:34:37 - [TEST_STEP][PASSED] - rc_ref = ReturnCodeWrapper(var_expected_rc).getEnumRC(): null&#xD;
&#xD;
2019-12-18 09:34:37 - [TEST_STEP][PASSED] - out.println(var_expected_rc): null&#xD;
&#xD;
2019-12-18 09:34:37 - [TEST_STEP][PASSED] - out.println(rc_ref.getRCName()): null&#xD;
&#xD;
2019-12-18 09:34:37 - [TEST_STEP][PASSED] - out.println(rc_ref.getHttpResponse()): null&#xD;
&#xD;
2019-12-18 09:34:37 - [TEST_STEP][PASSED] - result = verifyEqual(response_code, rc_ref.getRCName()): Actual object 'RC01' and expected object 'RC01' are equal&#xD;
&#xD;
2019-12-18 09:34:37 - [MESSAGE][PASSED] - Actual object 'RC01' and expected object 'RC01' are equal&#xD;
&#xD;
2019-12-18 09:34:37 - [TEST_STEP][PASSED] - if (result == false): null&#xD;
&#xD;
2019-12-18 09:34:37 - [TEST_STEP][PASSED] - else: Actual object '400' and expected object '400' are equal&#xD;
&#xD;
2019-12-18 09:34:37 - [TEST_STEP][PASSED] - verifyEqual(statusCode, rc_ref.getHttpResponse()): Actual object '400' and expected object '400' are equal&#xD;
&#xD;
2019-12-18 09:34:37 - [MESSAGE][PASSED] - Actual object '400' and expected object '400' are equal</system-out>
            <system-err></system-err>
        </testcase>
        <testcase name="Test Cases/Dashboard_App/TS_changeUserStatus/TS_changeUserStatus" classname="Test Cases/Dashboard_App/TS_changeUserStatus/TS_changeUserStatus" status="PASSED">
            <system-out>2019-12-18 09:34:37 - [TEST_CASE][PASSED] - Test Cases/Dashboard_App/TS_changeUserStatus/TS_changeUserStatus: Test Cases/Dashboard_App/TS_changeUserStatus/TS_changeUserStatus&#xD;
&#xD;
2019-12-18 09:34:38 - [TEST_STEP][PASSED] - plain = "{" + ""user_agent":"" + var_user_agent + ""," + ""user_id":"" + var_user_id + ""," + ""status":"" + var_status + ""," + ""block_reason":"" + var_block_reason + ""," + ""block_until":"" + var_block_until + ""," + ""change_reason":"" + var_change_reason + ""}": null&#xD;
&#xD;
2019-12-18 09:34:38 - [TEST_STEP][PASSED] - partner_token = partner_token: null&#xD;
&#xD;
2019-12-18 09:34:38 - [TEST_STEP][PASSED] - out.println(plain): null&#xD;
&#xD;
2019-12-18 09:34:38 - [TEST_STEP][PASSED] - out.println("var_merchant_token" + var_merchant_token): null&#xD;
&#xD;
2019-12-18 09:34:38 - [TEST_STEP][PASSED] - out.println("var_partner_token" + var_partner_token): null&#xD;
&#xD;
2019-12-18 09:34:38 - [TEST_STEP][PASSED] - encipheredData = SecureUtils.encryptAesEwallet(plain, var_aes_key): null&#xD;
&#xD;
2019-12-18 09:34:38 - [TEST_STEP][PASSED] - body = "{"organisation_id":"" + var_organisation_id + ""," + ""data":"" + encipheredData + ""," + ""lang":"" + var_lang + ""}": null&#xD;
&#xD;
2019-12-18 09:34:38 - [TEST_STEP][PASSED] - out.println(body): null&#xD;
&#xD;
2019-12-18 09:34:38 - [TEST_STEP][PASSED] - request = findTestObject("Dashboard_App/obj_changeUserStatus"): null&#xD;
&#xD;
2019-12-18 09:34:38 - [TEST_STEP][PASSED] - request.setBodyContent(new com.kms.katalon.core.testobject.impl.HttpTextBodyContent(body, UTF-8, application/json)): null&#xD;
&#xD;
2019-12-18 09:34:38 - [TEST_STEP][PASSED] - if (var_merchant_token == 0): null&#xD;
&#xD;
2019-12-18 09:34:38 - [TEST_STEP][PASSED] - else: null&#xD;
&#xD;
2019-12-18 09:34:38 - [TEST_STEP][PASSED] - out.println("using access_token = " + access_token_merchant): null&#xD;
&#xD;
2019-12-18 09:34:38 - [TEST_STEP][PASSED] - listQuery = new java.util.ArrayList(): null&#xD;
&#xD;
2019-12-18 09:34:38 - [TEST_STEP][PASSED] - listQuery.add(new com.kms.katalon.core.testobject.TestObjectProperty(token, com.kms.katalon.core.testobject.ConditionType.EQUALS, internal.GlobalVariable.access_token_merchant)): null&#xD;
&#xD;
2019-12-18 09:34:38 - [TEST_STEP][PASSED] - request.setRestParameters(listQuery): null&#xD;
&#xD;
2019-12-18 09:34:38 - [TEST_STEP][PASSED] - response = sendRequest(request): Send request successfully&#xD;
&#xD;
2019-12-18 09:34:38 - [MESSAGE][INFO] - HAR: D:\katalon-ewallet\Reports\Dashboard_App\TS_changeUserStatus\TS_changeUserStatus\20191218_093427\requests\main\9.har&#xD;
&#xD;
2019-12-18 09:34:38 - [MESSAGE][PASSED] - Send request successfully&#xD;
&#xD;
2019-12-18 09:34:38 - [TEST_STEP][PASSED] - body_content = responseBodyContent: null&#xD;
&#xD;
2019-12-18 09:34:38 - [TEST_STEP][PASSED] - status_code = statusCode: null&#xD;
&#xD;
2019-12-18 09:34:38 - [TEST_STEP][PASSED] - respDataMap = JsonSlurper().parseText(body_content): null&#xD;
&#xD;
2019-12-18 09:34:38 - [TEST_STEP][PASSED] - out.println(respDataMap): null&#xD;
&#xD;
2019-12-18 09:34:38 - [TEST_STEP][PASSED] - println(body_content): null&#xD;
&#xD;
2019-12-18 09:34:38 - [TEST_STEP][PASSED] - rc_ref = ReturnCodeWrapper(var_expected_rc).getEnumRC(): null&#xD;
&#xD;
2019-12-18 09:34:38 - [TEST_STEP][PASSED] - out.println(var_expected_rc): null&#xD;
&#xD;
2019-12-18 09:34:38 - [TEST_STEP][PASSED] - out.println(rc_ref.getRCName()): null&#xD;
&#xD;
2019-12-18 09:34:38 - [TEST_STEP][PASSED] - out.println(rc_ref.getHttpResponse()): null&#xD;
&#xD;
2019-12-18 09:34:38 - [TEST_STEP][PASSED] - result = verifyEqual(response_code, rc_ref.getRCName()): Actual object 'RC01' and expected object 'RC01' are equal&#xD;
&#xD;
2019-12-18 09:34:38 - [MESSAGE][PASSED] - Actual object 'RC01' and expected object 'RC01' are equal&#xD;
&#xD;
2019-12-18 09:34:38 - [TEST_STEP][PASSED] - if (result == false): null&#xD;
&#xD;
2019-12-18 09:34:38 - [TEST_STEP][PASSED] - else: Actual object '400' and expected object '400' are equal&#xD;
&#xD;
2019-12-18 09:34:38 - [TEST_STEP][PASSED] - verifyEqual(statusCode, rc_ref.getHttpResponse()): Actual object '400' and expected object '400' are equal&#xD;
&#xD;
2019-12-18 09:34:38 - [MESSAGE][PASSED] - Actual object '400' and expected object '400' are equal</system-out>
            <system-err></system-err>
        </testcase>
        <testcase name="Test Cases/Dashboard_App/TS_changeUserStatus/TS_changeUserStatus" classname="Test Cases/Dashboard_App/TS_changeUserStatus/TS_changeUserStatus" status="PASSED">
            <system-out>2019-12-18 09:34:38 - [TEST_CASE][PASSED] - Test Cases/Dashboard_App/TS_changeUserStatus/TS_changeUserStatus: Test Cases/Dashboard_App/TS_changeUserStatus/TS_changeUserStatus&#xD;
&#xD;
2019-12-18 09:34:38 - [TEST_STEP][PASSED] - plain = "{" + ""user_agent":"" + var_user_agent + ""," + ""user_id":"" + var_user_id + ""," + ""status":"" + var_status + ""," + ""block_reason":"" + var_block_reason + ""," + ""block_until":"" + var_block_until + ""," + ""change_reason":"" + var_change_reason + ""}": null&#xD;
&#xD;
2019-12-18 09:34:38 - [TEST_STEP][PASSED] - partner_token = partner_token: null&#xD;
&#xD;
2019-12-18 09:34:38 - [TEST_STEP][PASSED] - out.println(plain): null&#xD;
&#xD;
2019-12-18 09:34:38 - [TEST_STEP][PASSED] - out.println("var_merchant_token" + var_merchant_token): null&#xD;
&#xD;
2019-12-18 09:34:38 - [TEST_STEP][PASSED] - out.println("var_partner_token" + var_partner_token): null&#xD;
&#xD;
2019-12-18 09:34:38 - [TEST_STEP][PASSED] - encipheredData = SecureUtils.encryptAesEwallet(plain, var_aes_key): null&#xD;
&#xD;
2019-12-18 09:34:38 - [TEST_STEP][PASSED] - body = "{"organisation_id":"" + var_organisation_id + ""," + ""data":"" + encipheredData + ""," + ""lang":"" + var_lang + ""}": null&#xD;
&#xD;
2019-12-18 09:34:38 - [TEST_STEP][PASSED] - out.println(body): null&#xD;
&#xD;
2019-12-18 09:34:38 - [TEST_STEP][PASSED] - request = findTestObject("Dashboard_App/obj_changeUserStatus"): null&#xD;
&#xD;
2019-12-18 09:34:38 - [TEST_STEP][PASSED] - request.setBodyContent(new com.kms.katalon.core.testobject.impl.HttpTextBodyContent(body, UTF-8, application/json)): null&#xD;
&#xD;
2019-12-18 09:34:38 - [TEST_STEP][PASSED] - if (var_merchant_token == 0): null&#xD;
&#xD;
2019-12-18 09:34:38 - [TEST_STEP][PASSED] - else: null&#xD;
&#xD;
2019-12-18 09:34:38 - [TEST_STEP][PASSED] - out.println("using access_token = " + access_token_merchant): null&#xD;
&#xD;
2019-12-18 09:34:38 - [TEST_STEP][PASSED] - listQuery = new java.util.ArrayList(): null&#xD;
&#xD;
2019-12-18 09:34:38 - [TEST_STEP][PASSED] - listQuery.add(new com.kms.katalon.core.testobject.TestObjectProperty(token, com.kms.katalon.core.testobject.ConditionType.EQUALS, internal.GlobalVariable.access_token_merchant)): null&#xD;
&#xD;
2019-12-18 09:34:38 - [TEST_STEP][PASSED] - request.setRestParameters(listQuery): null&#xD;
&#xD;
2019-12-18 09:34:38 - [TEST_STEP][PASSED] - response = sendRequest(request): Send request successfully&#xD;
&#xD;
2019-12-18 09:34:38 - [MESSAGE][INFO] - HAR: D:\katalon-ewallet\Reports\Dashboard_App\TS_changeUserStatus\TS_changeUserStatus\20191218_093427\requests\main\10.har&#xD;
&#xD;
2019-12-18 09:34:38 - [MESSAGE][PASSED] - Send request successfully&#xD;
&#xD;
2019-12-18 09:34:38 - [TEST_STEP][PASSED] - body_content = responseBodyContent: null&#xD;
&#xD;
2019-12-18 09:34:38 - [TEST_STEP][PASSED] - status_code = statusCode: null&#xD;
&#xD;
2019-12-18 09:34:38 - [TEST_STEP][PASSED] - respDataMap = JsonSlurper().parseText(body_content): null&#xD;
&#xD;
2019-12-18 09:34:38 - [TEST_STEP][PASSED] - out.println(respDataMap): null&#xD;
&#xD;
2019-12-18 09:34:38 - [TEST_STEP][PASSED] - println(body_content): null&#xD;
&#xD;
2019-12-18 09:34:38 - [TEST_STEP][PASSED] - rc_ref = ReturnCodeWrapper(var_expected_rc).getEnumRC(): null&#xD;
&#xD;
2019-12-18 09:34:38 - [TEST_STEP][PASSED] - out.println(var_expected_rc): null&#xD;
&#xD;
2019-12-18 09:34:38 - [TEST_STEP][PASSED] - out.println(rc_ref.getRCName()): null&#xD;
&#xD;
2019-12-18 09:34:38 - [TEST_STEP][PASSED] - out.println(rc_ref.getHttpResponse()): null&#xD;
&#xD;
2019-12-18 09:34:38 - [TEST_STEP][PASSED] - result = verifyEqual(response_code, rc_ref.getRCName()): Actual object 'RC01' and expected object 'RC01' are equal&#xD;
&#xD;
2019-12-18 09:34:38 - [MESSAGE][PASSED] - Actual object 'RC01' and expected object 'RC01' are equal&#xD;
&#xD;
2019-12-18 09:34:38 - [TEST_STEP][PASSED] - if (result == false): null&#xD;
&#xD;
2019-12-18 09:34:38 - [TEST_STEP][PASSED] - else: Actual object '400' and expected object '400' are equal&#xD;
&#xD;
2019-12-18 09:34:38 - [TEST_STEP][PASSED] - verifyEqual(statusCode, rc_ref.getHttpResponse()): Actual object '400' and expected object '400' are equal&#xD;
&#xD;
2019-12-18 09:34:38 - [MESSAGE][PASSED] - Actual object '400' and expected object '400' are equal</system-out>
            <system-err></system-err>
        </testcase>
        <testcase name="Test Cases/Dashboard_App/TS_changeUserStatus/TS_changeUserStatus" classname="Test Cases/Dashboard_App/TS_changeUserStatus/TS_changeUserStatus" status="PASSED">
            <system-out>2019-12-18 09:34:38 - [TEST_CASE][PASSED] - Test Cases/Dashboard_App/TS_changeUserStatus/TS_changeUserStatus: Test Cases/Dashboard_App/TS_changeUserStatus/TS_changeUserStatus&#xD;
&#xD;
2019-12-18 09:34:38 - [TEST_STEP][PASSED] - plain = "{" + ""user_agent":"" + var_user_agent + ""," + ""user_id":"" + var_user_id + ""," + ""status":"" + var_status + ""," + ""block_reason":"" + var_block_reason + ""," + ""block_until":"" + var_block_until + ""," + ""change_reason":"" + var_change_reason + ""}": null&#xD;
&#xD;
2019-12-18 09:34:38 - [TEST_STEP][PASSED] - partner_token = partner_token: null&#xD;
&#xD;
2019-12-18 09:34:38 - [TEST_STEP][PASSED] - out.println(plain): null&#xD;
&#xD;
2019-12-18 09:34:38 - [TEST_STEP][PASSED] - out.println("var_merchant_token" + var_merchant_token): null&#xD;
&#xD;
2019-12-18 09:34:38 - [TEST_STEP][PASSED] - out.println("var_partner_token" + var_partner_token): null&#xD;
&#xD;
2019-12-18 09:34:38 - [TEST_STEP][PASSED] - encipheredData = SecureUtils.encryptAesEwallet(plain, var_aes_key): null&#xD;
&#xD;
2019-12-18 09:34:38 - [TEST_STEP][PASSED] - body = "{"organisation_id":"" + var_organisation_id + ""," + ""data":"" + encipheredData + ""," + ""lang":"" + var_lang + ""}": null&#xD;
&#xD;
2019-12-18 09:34:38 - [TEST_STEP][PASSED] - out.println(body): null&#xD;
&#xD;
2019-12-18 09:34:38 - [TEST_STEP][PASSED] - request = findTestObject("Dashboard_App/obj_changeUserStatus"): null&#xD;
&#xD;
2019-12-18 09:34:38 - [TEST_STEP][PASSED] - request.setBodyContent(new com.kms.katalon.core.testobject.impl.HttpTextBodyContent(body, UTF-8, application/json)): null&#xD;
&#xD;
2019-12-18 09:34:38 - [TEST_STEP][PASSED] - if (var_merchant_token == 0): null&#xD;
&#xD;
2019-12-18 09:34:38 - [TEST_STEP][PASSED] - else: null&#xD;
&#xD;
2019-12-18 09:34:38 - [TEST_STEP][PASSED] - out.println("using access_token = " + access_token_merchant): null&#xD;
&#xD;
2019-12-18 09:34:38 - [TEST_STEP][PASSED] - listQuery = new java.util.ArrayList(): null&#xD;
&#xD;
2019-12-18 09:34:38 - [TEST_STEP][PASSED] - listQuery.add(new com.kms.katalon.core.testobject.TestObjectProperty(token, com.kms.katalon.core.testobject.ConditionType.EQUALS, internal.GlobalVariable.access_token_merchant)): null&#xD;
&#xD;
2019-12-18 09:34:38 - [TEST_STEP][PASSED] - request.setRestParameters(listQuery): null&#xD;
&#xD;
2019-12-18 09:34:38 - [TEST_STEP][PASSED] - response = sendRequest(request): Send request successfully&#xD;
&#xD;
2019-12-18 09:34:38 - [MESSAGE][INFO] - HAR: D:\katalon-ewallet\Reports\Dashboard_App\TS_changeUserStatus\TS_changeUserStatus\20191218_093427\requests\main\11.har&#xD;
&#xD;
2019-12-18 09:34:38 - [MESSAGE][PASSED] - Send request successfully&#xD;
&#xD;
2019-12-18 09:34:38 - [TEST_STEP][PASSED] - body_content = responseBodyContent: null&#xD;
&#xD;
2019-12-18 09:34:38 - [TEST_STEP][PASSED] - status_code = statusCode: null&#xD;
&#xD;
2019-12-18 09:34:38 - [TEST_STEP][PASSED] - respDataMap = JsonSlurper().parseText(body_content): null&#xD;
&#xD;
2019-12-18 09:34:38 - [TEST_STEP][PASSED] - out.println(respDataMap): null&#xD;
&#xD;
2019-12-18 09:34:38 - [TEST_STEP][PASSED] - println(body_content): null&#xD;
&#xD;
2019-12-18 09:34:38 - [TEST_STEP][PASSED] - rc_ref = ReturnCodeWrapper(var_expected_rc).getEnumRC(): null&#xD;
&#xD;
2019-12-18 09:34:38 - [TEST_STEP][PASSED] - out.println(var_expected_rc): null&#xD;
&#xD;
2019-12-18 09:34:38 - [TEST_STEP][PASSED] - out.println(rc_ref.getRCName()): null&#xD;
&#xD;
2019-12-18 09:34:38 - [TEST_STEP][PASSED] - out.println(rc_ref.getHttpResponse()): null&#xD;
&#xD;
2019-12-18 09:34:38 - [TEST_STEP][PASSED] - result = verifyEqual(response_code, rc_ref.getRCName()): Actual object 'RC01' and expected object 'RC01' are equal&#xD;
&#xD;
2019-12-18 09:34:38 - [MESSAGE][PASSED] - Actual object 'RC01' and expected object 'RC01' are equal&#xD;
&#xD;
2019-12-18 09:34:38 - [TEST_STEP][PASSED] - if (result == false): null&#xD;
&#xD;
2019-12-18 09:34:38 - [TEST_STEP][PASSED] - else: Actual object '400' and expected object '400' are equal&#xD;
&#xD;
2019-12-18 09:34:38 - [TEST_STEP][PASSED] - verifyEqual(statusCode, rc_ref.getHttpResponse()): Actual object '400' and expected object '400' are equal&#xD;
&#xD;
2019-12-18 09:34:38 - [MESSAGE][PASSED] - Actual object '400' and expected object '400' are equal</system-out>
            <system-err></system-err>
        </testcase>
        <testcase name="Test Cases/Dashboard_App/TS_changeUserStatus/TS_changeUserStatus" classname="Test Cases/Dashboard_App/TS_changeUserStatus/TS_changeUserStatus" status="PASSED">
            <system-out>2019-12-18 09:34:38 - [TEST_CASE][PASSED] - Test Cases/Dashboard_App/TS_changeUserStatus/TS_changeUserStatus: Test Cases/Dashboard_App/TS_changeUserStatus/TS_changeUserStatus&#xD;
&#xD;
2019-12-18 09:34:38 - [TEST_STEP][PASSED] - plain = "{" + ""user_agent":"" + var_user_agent + ""," + ""user_id":"" + var_user_id + ""," + ""status":"" + var_status + ""," + ""block_reason":"" + var_block_reason + ""," + ""block_until":"" + var_block_until + ""," + ""change_reason":"" + var_change_reason + ""}": null&#xD;
&#xD;
2019-12-18 09:34:38 - [TEST_STEP][PASSED] - partner_token = partner_token: null&#xD;
&#xD;
2019-12-18 09:34:38 - [TEST_STEP][PASSED] - out.println(plain): null&#xD;
&#xD;
2019-12-18 09:34:38 - [TEST_STEP][PASSED] - out.println("var_merchant_token" + var_merchant_token): null&#xD;
&#xD;
2019-12-18 09:34:38 - [TEST_STEP][PASSED] - out.println("var_partner_token" + var_partner_token): null&#xD;
&#xD;
2019-12-18 09:34:38 - [TEST_STEP][PASSED] - encipheredData = SecureUtils.encryptAesEwallet(plain, var_aes_key): null&#xD;
&#xD;
2019-12-18 09:34:38 - [TEST_STEP][PASSED] - body = "{"organisation_id":"" + var_organisation_id + ""," + ""data":"" + encipheredData + ""," + ""lang":"" + var_lang + ""}": null&#xD;
&#xD;
2019-12-18 09:34:38 - [TEST_STEP][PASSED] - out.println(body): null&#xD;
&#xD;
2019-12-18 09:34:38 - [TEST_STEP][PASSED] - request = findTestObject("Dashboard_App/obj_changeUserStatus"): null&#xD;
&#xD;
2019-12-18 09:34:38 - [TEST_STEP][PASSED] - request.setBodyContent(new com.kms.katalon.core.testobject.impl.HttpTextBodyContent(body, UTF-8, application/json)): null&#xD;
&#xD;
2019-12-18 09:34:38 - [TEST_STEP][PASSED] - if (var_merchant_token == 0): null&#xD;
&#xD;
2019-12-18 09:34:38 - [TEST_STEP][PASSED] - else: null&#xD;
&#xD;
2019-12-18 09:34:38 - [TEST_STEP][PASSED] - out.println("using access_token = " + access_token_merchant): null&#xD;
&#xD;
2019-12-18 09:34:38 - [TEST_STEP][PASSED] - listQuery = new java.util.ArrayList(): null&#xD;
&#xD;
2019-12-18 09:34:38 - [TEST_STEP][PASSED] - listQuery.add(new com.kms.katalon.core.testobject.TestObjectProperty(token, com.kms.katalon.core.testobject.ConditionType.EQUALS, internal.GlobalVariable.access_token_merchant)): null&#xD;
&#xD;
2019-12-18 09:34:38 - [TEST_STEP][PASSED] - request.setRestParameters(listQuery): null&#xD;
&#xD;
2019-12-18 09:34:38 - [TEST_STEP][PASSED] - response = sendRequest(request): Send request successfully&#xD;
&#xD;
2019-12-18 09:34:38 - [MESSAGE][INFO] - HAR: D:\katalon-ewallet\Reports\Dashboard_App\TS_changeUserStatus\TS_changeUserStatus\20191218_093427\requests\main\12.har&#xD;
&#xD;
2019-12-18 09:34:39 - [MESSAGE][PASSED] - Send request successfully&#xD;
&#xD;
2019-12-18 09:34:39 - [TEST_STEP][PASSED] - body_content = responseBodyContent: null&#xD;
&#xD;
2019-12-18 09:34:39 - [TEST_STEP][PASSED] - status_code = statusCode: null&#xD;
&#xD;
2019-12-18 09:34:39 - [TEST_STEP][PASSED] - respDataMap = JsonSlurper().parseText(body_content): null&#xD;
&#xD;
2019-12-18 09:34:39 - [TEST_STEP][PASSED] - out.println(respDataMap): null&#xD;
&#xD;
2019-12-18 09:34:39 - [TEST_STEP][PASSED] - println(body_content): null&#xD;
&#xD;
2019-12-18 09:34:39 - [TEST_STEP][PASSED] - rc_ref = ReturnCodeWrapper(var_expected_rc).getEnumRC(): null&#xD;
&#xD;
2019-12-18 09:34:39 - [TEST_STEP][PASSED] - out.println(var_expected_rc): null&#xD;
&#xD;
2019-12-18 09:34:39 - [TEST_STEP][PASSED] - out.println(rc_ref.getRCName()): null&#xD;
&#xD;
2019-12-18 09:34:39 - [TEST_STEP][PASSED] - out.println(rc_ref.getHttpResponse()): null&#xD;
&#xD;
2019-12-18 09:34:39 - [TEST_STEP][PASSED] - result = verifyEqual(response_code, rc_ref.getRCName()): Actual object 'RC01' and expected object 'RC01' are equal&#xD;
&#xD;
2019-12-18 09:34:39 - [MESSAGE][PASSED] - Actual object 'RC01' and expected object 'RC01' are equal&#xD;
&#xD;
2019-12-18 09:34:39 - [TEST_STEP][PASSED] - if (result == false): null&#xD;
&#xD;
2019-12-18 09:34:39 - [TEST_STEP][PASSED] - else: Actual object '400' and expected object '400' are equal&#xD;
&#xD;
2019-12-18 09:34:39 - [TEST_STEP][PASSED] - verifyEqual(statusCode, rc_ref.getHttpResponse()): Actual object '400' and expected object '400' are equal&#xD;
&#xD;
2019-12-18 09:34:39 - [MESSAGE][PASSED] - Actual object '400' and expected object '400' are equal</system-out>
            <system-err></system-err>
        </testcase>
        <testcase name="Test Cases/Dashboard_App/TS_changeUserStatus/TS_changeUserStatus" classname="Test Cases/Dashboard_App/TS_changeUserStatus/TS_changeUserStatus" status="PASSED">
            <system-out>2019-12-18 09:34:39 - [TEST_CASE][PASSED] - Test Cases/Dashboard_App/TS_changeUserStatus/TS_changeUserStatus: Test Cases/Dashboard_App/TS_changeUserStatus/TS_changeUserStatus&#xD;
&#xD;
2019-12-18 09:34:39 - [TEST_STEP][PASSED] - plain = "{" + ""user_agent":"" + var_user_agent + ""," + ""user_id":"" + var_user_id + ""," + ""status":"" + var_status + ""," + ""block_reason":"" + var_block_reason + ""," + ""block_until":"" + var_block_until + ""," + ""change_reason":"" + var_change_reason + ""}": null&#xD;
&#xD;
2019-12-18 09:34:39 - [TEST_STEP][PASSED] - partner_token = partner_token: null&#xD;
&#xD;
2019-12-18 09:34:39 - [TEST_STEP][PASSED] - out.println(plain): null&#xD;
&#xD;
2019-12-18 09:34:39 - [TEST_STEP][PASSED] - out.println("var_merchant_token" + var_merchant_token): null&#xD;
&#xD;
2019-12-18 09:34:39 - [TEST_STEP][PASSED] - out.println("var_partner_token" + var_partner_token): null&#xD;
&#xD;
2019-12-18 09:34:39 - [TEST_STEP][PASSED] - encipheredData = SecureUtils.encryptAesEwallet(plain, var_aes_key): null&#xD;
&#xD;
2019-12-18 09:34:39 - [TEST_STEP][PASSED] - body = "{"organisation_id":"" + var_organisation_id + ""," + ""data":"" + encipheredData + ""," + ""lang":"" + var_lang + ""}": null&#xD;
&#xD;
2019-12-18 09:34:39 - [TEST_STEP][PASSED] - out.println(body): null&#xD;
&#xD;
2019-12-18 09:34:39 - [TEST_STEP][PASSED] - request = findTestObject("Dashboard_App/obj_changeUserStatus"): null&#xD;
&#xD;
2019-12-18 09:34:39 - [TEST_STEP][PASSED] - request.setBodyContent(new com.kms.katalon.core.testobject.impl.HttpTextBodyContent(body, UTF-8, application/json)): null&#xD;
&#xD;
2019-12-18 09:34:39 - [TEST_STEP][PASSED] - if (var_merchant_token == 0): null&#xD;
&#xD;
2019-12-18 09:34:39 - [TEST_STEP][PASSED] - else: null&#xD;
&#xD;
2019-12-18 09:34:39 - [TEST_STEP][PASSED] - out.println("using access_token = " + access_token_merchant): null&#xD;
&#xD;
2019-12-18 09:34:39 - [TEST_STEP][PASSED] - listQuery = new java.util.ArrayList(): null&#xD;
&#xD;
2019-12-18 09:34:39 - [TEST_STEP][PASSED] - listQuery.add(new com.kms.katalon.core.testobject.TestObjectProperty(token, com.kms.katalon.core.testobject.ConditionType.EQUALS, internal.GlobalVariable.access_token_merchant)): null&#xD;
&#xD;
2019-12-18 09:34:39 - [TEST_STEP][PASSED] - request.setRestParameters(listQuery): null&#xD;
&#xD;
2019-12-18 09:34:39 - [TEST_STEP][PASSED] - response = sendRequest(request): Send request successfully&#xD;
&#xD;
2019-12-18 09:34:39 - [MESSAGE][INFO] - HAR: D:\katalon-ewallet\Reports\Dashboard_App\TS_changeUserStatus\TS_changeUserStatus\20191218_093427\requests\main\13.har&#xD;
&#xD;
2019-12-18 09:34:39 - [MESSAGE][PASSED] - Send request successfully&#xD;
&#xD;
2019-12-18 09:34:39 - [TEST_STEP][PASSED] - body_content = responseBodyContent: null&#xD;
&#xD;
2019-12-18 09:34:39 - [TEST_STEP][PASSED] - status_code = statusCode: null&#xD;
&#xD;
2019-12-18 09:34:39 - [TEST_STEP][PASSED] - respDataMap = JsonSlurper().parseText(body_content): null&#xD;
&#xD;
2019-12-18 09:34:39 - [TEST_STEP][PASSED] - out.println(respDataMap): null&#xD;
&#xD;
2019-12-18 09:34:39 - [TEST_STEP][PASSED] - println(body_content): null&#xD;
&#xD;
2019-12-18 09:34:39 - [TEST_STEP][PASSED] - rc_ref = ReturnCodeWrapper(var_expected_rc).getEnumRC(): null&#xD;
&#xD;
2019-12-18 09:34:39 - [TEST_STEP][PASSED] - out.println(var_expected_rc): null&#xD;
&#xD;
2019-12-18 09:34:39 - [TEST_STEP][PASSED] - out.println(rc_ref.getRCName()): null&#xD;
&#xD;
2019-12-18 09:34:39 - [TEST_STEP][PASSED] - out.println(rc_ref.getHttpResponse()): null&#xD;
&#xD;
2019-12-18 09:34:39 - [TEST_STEP][PASSED] - result = verifyEqual(response_code, rc_ref.getRCName()): Actual object 'RC02' and expected object 'RC02' are equal&#xD;
&#xD;
2019-12-18 09:34:39 - [MESSAGE][PASSED] - Actual object 'RC02' and expected object 'RC02' are equal&#xD;
&#xD;
2019-12-18 09:34:39 - [TEST_STEP][PASSED] - if (result == false): null&#xD;
&#xD;
2019-12-18 09:34:39 - [TEST_STEP][PASSED] - else: Actual object '400' and expected object '400' are equal&#xD;
&#xD;
2019-12-18 09:34:39 - [TEST_STEP][PASSED] - verifyEqual(statusCode, rc_ref.getHttpResponse()): Actual object '400' and expected object '400' are equal&#xD;
&#xD;
2019-12-18 09:34:39 - [MESSAGE][PASSED] - Actual object '400' and expected object '400' are equal</system-out>
            <system-err></system-err>
        </testcase>
        <testcase name="Test Cases/Dashboard_App/TS_changeUserStatus/TS_changeUserStatus" classname="Test Cases/Dashboard_App/TS_changeUserStatus/TS_changeUserStatus" status="PASSED">
            <system-out>2019-12-18 09:34:39 - [TEST_CASE][PASSED] - Test Cases/Dashboard_App/TS_changeUserStatus/TS_changeUserStatus: Test Cases/Dashboard_App/TS_changeUserStatus/TS_changeUserStatus&#xD;
&#xD;
2019-12-18 09:34:39 - [TEST_STEP][PASSED] - plain = "{" + ""user_agent":"" + var_user_agent + ""," + ""user_id":"" + var_user_id + ""," + ""status":"" + var_status + ""," + ""block_reason":"" + var_block_reason + ""," + ""block_until":"" + var_block_until + ""," + ""change_reason":"" + var_change_reason + ""}": null&#xD;
&#xD;
2019-12-18 09:34:39 - [TEST_STEP][PASSED] - partner_token = partner_token: null&#xD;
&#xD;
2019-12-18 09:34:39 - [TEST_STEP][PASSED] - out.println(plain): null&#xD;
&#xD;
2019-12-18 09:34:39 - [TEST_STEP][PASSED] - out.println("var_merchant_token" + var_merchant_token): null&#xD;
&#xD;
2019-12-18 09:34:39 - [TEST_STEP][PASSED] - out.println("var_partner_token" + var_partner_token): null&#xD;
&#xD;
2019-12-18 09:34:39 - [TEST_STEP][PASSED] - encipheredData = SecureUtils.encryptAesEwallet(plain, var_aes_key): null&#xD;
&#xD;
2019-12-18 09:34:39 - [TEST_STEP][PASSED] - body = "{"organisation_id":"" + var_organisation_id + ""," + ""data":"" + encipheredData + ""," + ""lang":"" + var_lang + ""}": null&#xD;
&#xD;
2019-12-18 09:34:39 - [TEST_STEP][PASSED] - out.println(body): null&#xD;
&#xD;
2019-12-18 09:34:39 - [TEST_STEP][PASSED] - request = findTestObject("Dashboard_App/obj_changeUserStatus"): null&#xD;
&#xD;
2019-12-18 09:34:39 - [TEST_STEP][PASSED] - request.setBodyContent(new com.kms.katalon.core.testobject.impl.HttpTextBodyContent(body, UTF-8, application/json)): null&#xD;
&#xD;
2019-12-18 09:34:39 - [TEST_STEP][PASSED] - if (var_merchant_token == 0): null&#xD;
&#xD;
2019-12-18 09:34:39 - [TEST_STEP][PASSED] - else: null&#xD;
&#xD;
2019-12-18 09:34:39 - [TEST_STEP][PASSED] - out.println("using access_token = " + access_token_merchant): null&#xD;
&#xD;
2019-12-18 09:34:39 - [TEST_STEP][PASSED] - listQuery = new java.util.ArrayList(): null&#xD;
&#xD;
2019-12-18 09:34:39 - [TEST_STEP][PASSED] - listQuery.add(new com.kms.katalon.core.testobject.TestObjectProperty(token, com.kms.katalon.core.testobject.ConditionType.EQUALS, internal.GlobalVariable.access_token_merchant)): null&#xD;
&#xD;
2019-12-18 09:34:39 - [TEST_STEP][PASSED] - request.setRestParameters(listQuery): null&#xD;
&#xD;
2019-12-18 09:34:39 - [TEST_STEP][PASSED] - response = sendRequest(request): Send request successfully&#xD;
&#xD;
2019-12-18 09:34:39 - [MESSAGE][INFO] - HAR: D:\katalon-ewallet\Reports\Dashboard_App\TS_changeUserStatus\TS_changeUserStatus\20191218_093427\requests\main\14.har&#xD;
&#xD;
2019-12-18 09:34:39 - [MESSAGE][PASSED] - Send request successfully&#xD;
&#xD;
2019-12-18 09:34:39 - [TEST_STEP][PASSED] - body_content = responseBodyContent: null&#xD;
&#xD;
2019-12-18 09:34:39 - [TEST_STEP][PASSED] - status_code = statusCode: null&#xD;
&#xD;
2019-12-18 09:34:39 - [TEST_STEP][PASSED] - respDataMap = JsonSlurper().parseText(body_content): null&#xD;
&#xD;
2019-12-18 09:34:39 - [TEST_STEP][PASSED] - out.println(respDataMap): null&#xD;
&#xD;
2019-12-18 09:34:39 - [TEST_STEP][PASSED] - println(body_content): null&#xD;
&#xD;
2019-12-18 09:34:39 - [TEST_STEP][PASSED] - rc_ref = ReturnCodeWrapper(var_expected_rc).getEnumRC(): null&#xD;
&#xD;
2019-12-18 09:34:39 - [TEST_STEP][PASSED] - out.println(var_expected_rc): null&#xD;
&#xD;
2019-12-18 09:34:39 - [TEST_STEP][PASSED] - out.println(rc_ref.getRCName()): null&#xD;
&#xD;
2019-12-18 09:34:39 - [TEST_STEP][PASSED] - out.println(rc_ref.getHttpResponse()): null&#xD;
&#xD;
2019-12-18 09:34:39 - [TEST_STEP][PASSED] - result = verifyEqual(response_code, rc_ref.getRCName()): Actual object 'RC01' and expected object 'RC01' are equal&#xD;
&#xD;
2019-12-18 09:34:39 - [MESSAGE][PASSED] - Actual object 'RC01' and expected object 'RC01' are equal&#xD;
&#xD;
2019-12-18 09:34:39 - [TEST_STEP][PASSED] - if (result == false): null&#xD;
&#xD;
2019-12-18 09:34:39 - [TEST_STEP][PASSED] - else: Actual object '400' and expected object '400' are equal&#xD;
&#xD;
2019-12-18 09:34:39 - [TEST_STEP][PASSED] - verifyEqual(statusCode, rc_ref.getHttpResponse()): Actual object '400' and expected object '400' are equal&#xD;
&#xD;
2019-12-18 09:34:39 - [MESSAGE][PASSED] - Actual object '400' and expected object '400' are equal</system-out>
            <system-err></system-err>
        </testcase>
        <testcase name="Test Cases/Dashboard_App/TS_changeUserStatus/TS_changeUserStatus" classname="Test Cases/Dashboard_App/TS_changeUserStatus/TS_changeUserStatus" status="PASSED">
            <system-out>2019-12-18 09:34:39 - [TEST_CASE][PASSED] - Test Cases/Dashboard_App/TS_changeUserStatus/TS_changeUserStatus: Test Cases/Dashboard_App/TS_changeUserStatus/TS_changeUserStatus&#xD;
&#xD;
2019-12-18 09:34:39 - [TEST_STEP][PASSED] - plain = "{" + ""user_agent":"" + var_user_agent + ""," + ""user_id":"" + var_user_id + ""," + ""status":"" + var_status + ""," + ""block_reason":"" + var_block_reason + ""," + ""block_until":"" + var_block_until + ""," + ""change_reason":"" + var_change_reason + ""}": null&#xD;
&#xD;
2019-12-18 09:34:39 - [TEST_STEP][PASSED] - partner_token = partner_token: null&#xD;
&#xD;
2019-12-18 09:34:39 - [TEST_STEP][PASSED] - out.println(plain): null&#xD;
&#xD;
2019-12-18 09:34:39 - [TEST_STEP][PASSED] - out.println("var_merchant_token" + var_merchant_token): null&#xD;
&#xD;
2019-12-18 09:34:39 - [TEST_STEP][PASSED] - out.println("var_partner_token" + var_partner_token): null&#xD;
&#xD;
2019-12-18 09:34:39 - [TEST_STEP][PASSED] - encipheredData = SecureUtils.encryptAesEwallet(plain, var_aes_key): null&#xD;
&#xD;
2019-12-18 09:34:39 - [TEST_STEP][PASSED] - body = "{"organisation_id":"" + var_organisation_id + ""," + ""data":"" + encipheredData + ""," + ""lang":"" + var_lang + ""}": null&#xD;
&#xD;
2019-12-18 09:34:39 - [TEST_STEP][PASSED] - out.println(body): null&#xD;
&#xD;
2019-12-18 09:34:39 - [TEST_STEP][PASSED] - request = findTestObject("Dashboard_App/obj_changeUserStatus"): null&#xD;
&#xD;
2019-12-18 09:34:39 - [TEST_STEP][PASSED] - request.setBodyContent(new com.kms.katalon.core.testobject.impl.HttpTextBodyContent(body, UTF-8, application/json)): null&#xD;
&#xD;
2019-12-18 09:34:39 - [TEST_STEP][PASSED] - if (var_merchant_token == 0): null&#xD;
&#xD;
2019-12-18 09:34:39 - [TEST_STEP][PASSED] - else: null&#xD;
&#xD;
2019-12-18 09:34:39 - [TEST_STEP][PASSED] - out.println("using access_token = " + access_token_merchant): null&#xD;
&#xD;
2019-12-18 09:34:39 - [TEST_STEP][PASSED] - listQuery = new java.util.ArrayList(): null&#xD;
&#xD;
2019-12-18 09:34:39 - [TEST_STEP][PASSED] - listQuery.add(new com.kms.katalon.core.testobject.TestObjectProperty(token, com.kms.katalon.core.testobject.ConditionType.EQUALS, internal.GlobalVariable.access_token_merchant)): null&#xD;
&#xD;
2019-12-18 09:34:39 - [TEST_STEP][PASSED] - request.setRestParameters(listQuery): null&#xD;
&#xD;
2019-12-18 09:34:39 - [TEST_STEP][PASSED] - response = sendRequest(request): Send request successfully&#xD;
&#xD;
2019-12-18 09:34:40 - [MESSAGE][INFO] - HAR: D:\katalon-ewallet\Reports\Dashboard_App\TS_changeUserStatus\TS_changeUserStatus\20191218_093427\requests\main\15.har&#xD;
&#xD;
2019-12-18 09:34:40 - [MESSAGE][PASSED] - Send request successfully&#xD;
&#xD;
2019-12-18 09:34:40 - [TEST_STEP][PASSED] - body_content = responseBodyContent: null&#xD;
&#xD;
2019-12-18 09:34:40 - [TEST_STEP][PASSED] - status_code = statusCode: null&#xD;
&#xD;
2019-12-18 09:34:40 - [TEST_STEP][PASSED] - respDataMap = JsonSlurper().parseText(body_content): null&#xD;
&#xD;
2019-12-18 09:34:40 - [TEST_STEP][PASSED] - out.println(respDataMap): null&#xD;
&#xD;
2019-12-18 09:34:40 - [TEST_STEP][PASSED] - println(body_content): null&#xD;
&#xD;
2019-12-18 09:34:40 - [TEST_STEP][PASSED] - rc_ref = ReturnCodeWrapper(var_expected_rc).getEnumRC(): null&#xD;
&#xD;
2019-12-18 09:34:40 - [TEST_STEP][PASSED] - out.println(var_expected_rc): null&#xD;
&#xD;
2019-12-18 09:34:40 - [TEST_STEP][PASSED] - out.println(rc_ref.getRCName()): null&#xD;
&#xD;
2019-12-18 09:34:40 - [TEST_STEP][PASSED] - out.println(rc_ref.getHttpResponse()): null&#xD;
&#xD;
2019-12-18 09:34:40 - [TEST_STEP][PASSED] - result = verifyEqual(response_code, rc_ref.getRCName()): Actual object 'RC00' and expected object 'RC00' are equal&#xD;
&#xD;
2019-12-18 09:34:40 - [MESSAGE][PASSED] - Actual object 'RC00' and expected object 'RC00' are equal&#xD;
&#xD;
2019-12-18 09:34:40 - [TEST_STEP][PASSED] - if (result == false): null&#xD;
&#xD;
2019-12-18 09:34:40 - [TEST_STEP][PASSED] - else: Actual object '200' and expected object '200' are equal&#xD;
&#xD;
2019-12-18 09:34:40 - [TEST_STEP][PASSED] - verifyEqual(statusCode, rc_ref.getHttpResponse()): Actual object '200' and expected object '200' are equal&#xD;
&#xD;
2019-12-18 09:34:40 - [MESSAGE][PASSED] - Actual object '200' and expected object '200' are equal</system-out>
            <system-err></system-err>
        </testcase>
        <testcase name="Test Cases/Dashboard_App/TS_changeUserStatus/TS_changeUserStatus" classname="Test Cases/Dashboard_App/TS_changeUserStatus/TS_changeUserStatus" status="PASSED">
            <system-out>2019-12-18 09:34:40 - [TEST_CASE][PASSED] - Test Cases/Dashboard_App/TS_changeUserStatus/TS_changeUserStatus: Test Cases/Dashboard_App/TS_changeUserStatus/TS_changeUserStatus&#xD;
&#xD;
2019-12-18 09:34:40 - [TEST_STEP][PASSED] - plain = "{" + ""user_agent":"" + var_user_agent + ""," + ""user_id":"" + var_user_id + ""," + ""status":"" + var_status + ""," + ""block_reason":"" + var_block_reason + ""," + ""block_until":"" + var_block_until + ""," + ""change_reason":"" + var_change_reason + ""}": null&#xD;
&#xD;
2019-12-18 09:34:40 - [TEST_STEP][PASSED] - partner_token = partner_token: null&#xD;
&#xD;
2019-12-18 09:34:40 - [TEST_STEP][PASSED] - out.println(plain): null&#xD;
&#xD;
2019-12-18 09:34:40 - [TEST_STEP][PASSED] - out.println("var_merchant_token" + var_merchant_token): null&#xD;
&#xD;
2019-12-18 09:34:40 - [TEST_STEP][PASSED] - out.println("var_partner_token" + var_partner_token): null&#xD;
&#xD;
2019-12-18 09:34:40 - [TEST_STEP][PASSED] - encipheredData = SecureUtils.encryptAesEwallet(plain, var_aes_key): null&#xD;
&#xD;
2019-12-18 09:34:40 - [TEST_STEP][PASSED] - body = "{"organisation_id":"" + var_organisation_id + ""," + ""data":"" + encipheredData + ""," + ""lang":"" + var_lang + ""}": null&#xD;
&#xD;
2019-12-18 09:34:40 - [TEST_STEP][PASSED] - out.println(body): null&#xD;
&#xD;
2019-12-18 09:34:40 - [TEST_STEP][PASSED] - request = findTestObject("Dashboard_App/obj_changeUserStatus"): null&#xD;
&#xD;
2019-12-18 09:34:40 - [TEST_STEP][PASSED] - request.setBodyContent(new com.kms.katalon.core.testobject.impl.HttpTextBodyContent(body, UTF-8, application/json)): null&#xD;
&#xD;
2019-12-18 09:34:40 - [TEST_STEP][PASSED] - if (var_merchant_token == 0): null&#xD;
&#xD;
2019-12-18 09:34:40 - [TEST_STEP][PASSED] - else: null&#xD;
&#xD;
2019-12-18 09:34:40 - [TEST_STEP][PASSED] - out.println("using access_token = " + access_token_merchant): null&#xD;
&#xD;
2019-12-18 09:34:40 - [TEST_STEP][PASSED] - listQuery = new java.util.ArrayList(): null&#xD;
&#xD;
2019-12-18 09:34:40 - [TEST_STEP][PASSED] - listQuery.add(new com.kms.katalon.core.testobject.TestObjectProperty(token, com.kms.katalon.core.testobject.ConditionType.EQUALS, internal.GlobalVariable.access_token_merchant)): null&#xD;
&#xD;
2019-12-18 09:34:40 - [TEST_STEP][PASSED] - request.setRestParameters(listQuery): null&#xD;
&#xD;
2019-12-18 09:34:40 - [TEST_STEP][PASSED] - response = sendRequest(request): Send request successfully&#xD;
&#xD;
2019-12-18 09:34:40 - [MESSAGE][INFO] - HAR: D:\katalon-ewallet\Reports\Dashboard_App\TS_changeUserStatus\TS_changeUserStatus\20191218_093427\requests\main\16.har&#xD;
&#xD;
2019-12-18 09:34:40 - [MESSAGE][PASSED] - Send request successfully&#xD;
&#xD;
2019-12-18 09:34:40 - [TEST_STEP][PASSED] - body_content = responseBodyContent: null&#xD;
&#xD;
2019-12-18 09:34:40 - [TEST_STEP][PASSED] - status_code = statusCode: null&#xD;
&#xD;
2019-12-18 09:34:40 - [TEST_STEP][PASSED] - respDataMap = JsonSlurper().parseText(body_content): null&#xD;
&#xD;
2019-12-18 09:34:40 - [TEST_STEP][PASSED] - out.println(respDataMap): null&#xD;
&#xD;
2019-12-18 09:34:40 - [TEST_STEP][PASSED] - println(body_content): null&#xD;
&#xD;
2019-12-18 09:34:40 - [TEST_STEP][PASSED] - rc_ref = ReturnCodeWrapper(var_expected_rc).getEnumRC(): null&#xD;
&#xD;
2019-12-18 09:34:40 - [TEST_STEP][PASSED] - out.println(var_expected_rc): null&#xD;
&#xD;
2019-12-18 09:34:40 - [TEST_STEP][PASSED] - out.println(rc_ref.getRCName()): null&#xD;
&#xD;
2019-12-18 09:34:40 - [TEST_STEP][PASSED] - out.println(rc_ref.getHttpResponse()): null&#xD;
&#xD;
2019-12-18 09:34:40 - [TEST_STEP][PASSED] - result = verifyEqual(response_code, rc_ref.getRCName()): Actual object 'RC00' and expected object 'RC00' are equal&#xD;
&#xD;
2019-12-18 09:34:40 - [MESSAGE][PASSED] - Actual object 'RC00' and expected object 'RC00' are equal&#xD;
&#xD;
2019-12-18 09:34:40 - [TEST_STEP][PASSED] - if (result == false): null&#xD;
&#xD;
2019-12-18 09:34:40 - [TEST_STEP][PASSED] - else: Actual object '200' and expected object '200' are equal&#xD;
&#xD;
2019-12-18 09:34:40 - [TEST_STEP][PASSED] - verifyEqual(statusCode, rc_ref.getHttpResponse()): Actual object '200' and expected object '200' are equal&#xD;
&#xD;
2019-12-18 09:34:40 - [MESSAGE][PASSED] - Actual object '200' and expected object '200' are equal</system-out>
            <system-err></system-err>
        </testcase>
        <testcase name="Test Cases/Dashboard_App/TS_changeUserStatus/TS_changeUserStatus" classname="Test Cases/Dashboard_App/TS_changeUserStatus/TS_changeUserStatus" status="PASSED">
            <system-out>2019-12-18 09:34:40 - [TEST_CASE][PASSED] - Test Cases/Dashboard_App/TS_changeUserStatus/TS_changeUserStatus: Test Cases/Dashboard_App/TS_changeUserStatus/TS_changeUserStatus&#xD;
&#xD;
2019-12-18 09:34:40 - [TEST_STEP][PASSED] - plain = "{" + ""user_agent":"" + var_user_agent + ""," + ""user_id":"" + var_user_id + ""," + ""status":"" + var_status + ""," + ""block_reason":"" + var_block_reason + ""," + ""block_until":"" + var_block_until + ""," + ""change_reason":"" + var_change_reason + ""}": null&#xD;
&#xD;
2019-12-18 09:34:40 - [TEST_STEP][PASSED] - partner_token = partner_token: null&#xD;
&#xD;
2019-12-18 09:34:40 - [TEST_STEP][PASSED] - out.println(plain): null&#xD;
&#xD;
2019-12-18 09:34:40 - [TEST_STEP][PASSED] - out.println("var_merchant_token" + var_merchant_token): null&#xD;
&#xD;
2019-12-18 09:34:40 - [TEST_STEP][PASSED] - out.println("var_partner_token" + var_partner_token): null&#xD;
&#xD;
2019-12-18 09:34:40 - [TEST_STEP][PASSED] - encipheredData = SecureUtils.encryptAesEwallet(plain, var_aes_key): null&#xD;
&#xD;
2019-12-18 09:34:40 - [TEST_STEP][PASSED] - body = "{"organisation_id":"" + var_organisation_id + ""," + ""data":"" + encipheredData + ""," + ""lang":"" + var_lang + ""}": null&#xD;
&#xD;
2019-12-18 09:34:40 - [TEST_STEP][PASSED] - out.println(body): null&#xD;
&#xD;
2019-12-18 09:34:40 - [TEST_STEP][PASSED] - request = findTestObject("Dashboard_App/obj_changeUserStatus"): null&#xD;
&#xD;
2019-12-18 09:34:41 - [TEST_STEP][PASSED] - request.setBodyContent(new com.kms.katalon.core.testobject.impl.HttpTextBodyContent(body, UTF-8, application/json)): null&#xD;
&#xD;
2019-12-18 09:34:41 - [TEST_STEP][PASSED] - if (var_merchant_token == 0): null&#xD;
&#xD;
2019-12-18 09:34:41 - [TEST_STEP][PASSED] - else: null&#xD;
&#xD;
2019-12-18 09:34:41 - [TEST_STEP][PASSED] - out.println("using access_token = " + access_token_merchant): null&#xD;
&#xD;
2019-12-18 09:34:41 - [TEST_STEP][PASSED] - listQuery = new java.util.ArrayList(): null&#xD;
&#xD;
2019-12-18 09:34:41 - [TEST_STEP][PASSED] - listQuery.add(new com.kms.katalon.core.testobject.TestObjectProperty(token, com.kms.katalon.core.testobject.ConditionType.EQUALS, internal.GlobalVariable.access_token_merchant)): null&#xD;
&#xD;
2019-12-18 09:34:41 - [TEST_STEP][PASSED] - request.setRestParameters(listQuery): null&#xD;
&#xD;
2019-12-18 09:34:41 - [TEST_STEP][PASSED] - response = sendRequest(request): Send request successfully&#xD;
&#xD;
2019-12-18 09:34:41 - [MESSAGE][INFO] - HAR: D:\katalon-ewallet\Reports\Dashboard_App\TS_changeUserStatus\TS_changeUserStatus\20191218_093427\requests\main\17.har&#xD;
&#xD;
2019-12-18 09:34:41 - [MESSAGE][PASSED] - Send request successfully&#xD;
&#xD;
2019-12-18 09:34:41 - [TEST_STEP][PASSED] - body_content = responseBodyContent: null&#xD;
&#xD;
2019-12-18 09:34:41 - [TEST_STEP][PASSED] - status_code = statusCode: null&#xD;
&#xD;
2019-12-18 09:34:41 - [TEST_STEP][PASSED] - respDataMap = JsonSlurper().parseText(body_content): null&#xD;
&#xD;
2019-12-18 09:34:41 - [TEST_STEP][PASSED] - out.println(respDataMap): null&#xD;
&#xD;
2019-12-18 09:34:41 - [TEST_STEP][PASSED] - println(body_content): null&#xD;
&#xD;
2019-12-18 09:34:41 - [TEST_STEP][PASSED] - rc_ref = ReturnCodeWrapper(var_expected_rc).getEnumRC(): null&#xD;
&#xD;
2019-12-18 09:34:41 - [TEST_STEP][PASSED] - out.println(var_expected_rc): null&#xD;
&#xD;
2019-12-18 09:34:41 - [TEST_STEP][PASSED] - out.println(rc_ref.getRCName()): null&#xD;
&#xD;
2019-12-18 09:34:41 - [TEST_STEP][PASSED] - out.println(rc_ref.getHttpResponse()): null&#xD;
&#xD;
2019-12-18 09:34:41 - [TEST_STEP][PASSED] - result = verifyEqual(response_code, rc_ref.getRCName()): Actual object 'RC00' and expected object 'RC00' are equal&#xD;
&#xD;
2019-12-18 09:34:41 - [MESSAGE][PASSED] - Actual object 'RC00' and expected object 'RC00' are equal&#xD;
&#xD;
2019-12-18 09:34:41 - [TEST_STEP][PASSED] - if (result == false): null&#xD;
&#xD;
2019-12-18 09:34:41 - [TEST_STEP][PASSED] - else: Actual object '200' and expected object '200' are equal&#xD;
&#xD;
2019-12-18 09:34:41 - [TEST_STEP][PASSED] - verifyEqual(statusCode, rc_ref.getHttpResponse()): Actual object '200' and expected object '200' are equal&#xD;
&#xD;
2019-12-18 09:34:41 - [MESSAGE][PASSED] - Actual object '200' and expected object '200' are equal</system-out>
            <system-err></system-err>
        </testcase>
        <testcase name="Test Cases/Dashboard_App/TS_changeUserStatus/TS_changeUserStatus" classname="Test Cases/Dashboard_App/TS_changeUserStatus/TS_changeUserStatus" status="PASSED">
            <system-out>2019-12-18 09:34:41 - [TEST_CASE][PASSED] - Test Cases/Dashboard_App/TS_changeUserStatus/TS_changeUserStatus: Test Cases/Dashboard_App/TS_changeUserStatus/TS_changeUserStatus&#xD;
&#xD;
2019-12-18 09:34:41 - [TEST_STEP][PASSED] - plain = "{" + ""user_agent":"" + var_user_agent + ""," + ""user_id":"" + var_user_id + ""," + ""status":"" + var_status + ""," + ""block_reason":"" + var_block_reason + ""," + ""block_until":"" + var_block_until + ""," + ""change_reason":"" + var_change_reason + ""}": null&#xD;
&#xD;
2019-12-18 09:34:41 - [TEST_STEP][PASSED] - partner_token = partner_token: null&#xD;
&#xD;
2019-12-18 09:34:41 - [TEST_STEP][PASSED] - out.println(plain): null&#xD;
&#xD;
2019-12-18 09:34:41 - [TEST_STEP][PASSED] - out.println("var_merchant_token" + var_merchant_token): null&#xD;
&#xD;
2019-12-18 09:34:41 - [TEST_STEP][PASSED] - out.println("var_partner_token" + var_partner_token): null&#xD;
&#xD;
2019-12-18 09:34:41 - [TEST_STEP][PASSED] - encipheredData = SecureUtils.encryptAesEwallet(plain, var_aes_key): null&#xD;
&#xD;
2019-12-18 09:34:41 - [TEST_STEP][PASSED] - body = "{"organisation_id":"" + var_organisation_id + ""," + ""data":"" + encipheredData + ""," + ""lang":"" + var_lang + ""}": null&#xD;
&#xD;
2019-12-18 09:34:41 - [TEST_STEP][PASSED] - out.println(body): null&#xD;
&#xD;
2019-12-18 09:34:41 - [TEST_STEP][PASSED] - request = findTestObject("Dashboard_App/obj_changeUserStatus"): null&#xD;
&#xD;
2019-12-18 09:34:41 - [TEST_STEP][PASSED] - request.setBodyContent(new com.kms.katalon.core.testobject.impl.HttpTextBodyContent(body, UTF-8, application/json)): null&#xD;
&#xD;
2019-12-18 09:34:41 - [TEST_STEP][PASSED] - if (var_merchant_token == 0): null&#xD;
&#xD;
2019-12-18 09:34:41 - [TEST_STEP][PASSED] - else: null&#xD;
&#xD;
2019-12-18 09:34:41 - [TEST_STEP][PASSED] - out.println("using access_token = " + access_token_merchant): null&#xD;
&#xD;
2019-12-18 09:34:41 - [TEST_STEP][PASSED] - listQuery = new java.util.ArrayList(): null&#xD;
&#xD;
2019-12-18 09:34:41 - [TEST_STEP][PASSED] - listQuery.add(new com.kms.katalon.core.testobject.TestObjectProperty(token, com.kms.katalon.core.testobject.ConditionType.EQUALS, internal.GlobalVariable.access_token_merchant)): null&#xD;
&#xD;
2019-12-18 09:34:41 - [TEST_STEP][PASSED] - request.setRestParameters(listQuery): null&#xD;
&#xD;
2019-12-18 09:34:41 - [TEST_STEP][PASSED] - response = sendRequest(request): Send request successfully&#xD;
&#xD;
2019-12-18 09:34:41 - [MESSAGE][INFO] - HAR: D:\katalon-ewallet\Reports\Dashboard_App\TS_changeUserStatus\TS_changeUserStatus\20191218_093427\requests\main\18.har&#xD;
&#xD;
2019-12-18 09:34:41 - [MESSAGE][PASSED] - Send request successfully&#xD;
&#xD;
2019-12-18 09:34:41 - [TEST_STEP][PASSED] - body_content = responseBodyContent: null&#xD;
&#xD;
2019-12-18 09:34:41 - [TEST_STEP][PASSED] - status_code = statusCode: null&#xD;
&#xD;
2019-12-18 09:34:41 - [TEST_STEP][PASSED] - respDataMap = JsonSlurper().parseText(body_content): null&#xD;
&#xD;
2019-12-18 09:34:41 - [TEST_STEP][PASSED] - out.println(respDataMap): null&#xD;
&#xD;
2019-12-18 09:34:41 - [TEST_STEP][PASSED] - println(body_content): null&#xD;
&#xD;
2019-12-18 09:34:41 - [TEST_STEP][PASSED] - rc_ref = ReturnCodeWrapper(var_expected_rc).getEnumRC(): null&#xD;
&#xD;
2019-12-18 09:34:41 - [TEST_STEP][PASSED] - out.println(var_expected_rc): null&#xD;
&#xD;
2019-12-18 09:34:41 - [TEST_STEP][PASSED] - out.println(rc_ref.getRCName()): null&#xD;
&#xD;
2019-12-18 09:34:41 - [TEST_STEP][PASSED] - out.println(rc_ref.getHttpResponse()): null&#xD;
&#xD;
2019-12-18 09:34:41 - [TEST_STEP][PASSED] - result = verifyEqual(response_code, rc_ref.getRCName()): Actual object 'RC01' and expected object 'RC01' are equal&#xD;
&#xD;
2019-12-18 09:34:41 - [MESSAGE][PASSED] - Actual object 'RC01' and expected object 'RC01' are equal&#xD;
&#xD;
2019-12-18 09:34:41 - [TEST_STEP][PASSED] - if (result == false): null&#xD;
&#xD;
2019-12-18 09:34:41 - [TEST_STEP][PASSED] - else: Actual object '400' and expected object '400' are equal&#xD;
&#xD;
2019-12-18 09:34:41 - [TEST_STEP][PASSED] - verifyEqual(statusCode, rc_ref.getHttpResponse()): Actual object '400' and expected object '400' are equal&#xD;
&#xD;
2019-12-18 09:34:41 - [MESSAGE][PASSED] - Actual object '400' and expected object '400' are equal</system-out>
            <system-err></system-err>
        </testcase>
        <testcase name="Test Cases/Dashboard_App/TS_changeUserStatus/TS_changeUserStatus" classname="Test Cases/Dashboard_App/TS_changeUserStatus/TS_changeUserStatus" status="PASSED">
            <system-out>2019-12-18 09:34:41 - [TEST_CASE][PASSED] - Test Cases/Dashboard_App/TS_changeUserStatus/TS_changeUserStatus: Test Cases/Dashboard_App/TS_changeUserStatus/TS_changeUserStatus&#xD;
&#xD;
2019-12-18 09:34:41 - [TEST_STEP][PASSED] - plain = "{" + ""user_agent":"" + var_user_agent + ""," + ""user_id":"" + var_user_id + ""," + ""status":"" + var_status + ""," + ""block_reason":"" + var_block_reason + ""," + ""block_until":"" + var_block_until + ""," + ""change_reason":"" + var_change_reason + ""}": null&#xD;
&#xD;
2019-12-18 09:34:41 - [TEST_STEP][PASSED] - partner_token = partner_token: null&#xD;
&#xD;
2019-12-18 09:34:41 - [TEST_STEP][PASSED] - out.println(plain): null&#xD;
&#xD;
2019-12-18 09:34:41 - [TEST_STEP][PASSED] - out.println("var_merchant_token" + var_merchant_token): null&#xD;
&#xD;
2019-12-18 09:34:41 - [TEST_STEP][PASSED] - out.println("var_partner_token" + var_partner_token): null&#xD;
&#xD;
2019-12-18 09:34:41 - [TEST_STEP][PASSED] - encipheredData = SecureUtils.encryptAesEwallet(plain, var_aes_key): null&#xD;
&#xD;
2019-12-18 09:34:41 - [TEST_STEP][PASSED] - body = "{"organisation_id":"" + var_organisation_id + ""," + ""data":"" + encipheredData + ""," + ""lang":"" + var_lang + ""}": null&#xD;
&#xD;
2019-12-18 09:34:41 - [TEST_STEP][PASSED] - out.println(body): null&#xD;
&#xD;
2019-12-18 09:34:41 - [TEST_STEP][PASSED] - request = findTestObject("Dashboard_App/obj_changeUserStatus"): null&#xD;
&#xD;
2019-12-18 09:34:41 - [TEST_STEP][PASSED] - request.setBodyContent(new com.kms.katalon.core.testobject.impl.HttpTextBodyContent(body, UTF-8, application/json)): null&#xD;
&#xD;
2019-12-18 09:34:41 - [TEST_STEP][PASSED] - if (var_merchant_token == 0): null&#xD;
&#xD;
2019-12-18 09:34:41 - [TEST_STEP][PASSED] - else: null&#xD;
&#xD;
2019-12-18 09:34:41 - [TEST_STEP][PASSED] - out.println("using access_token = " + access_token_merchant): null&#xD;
&#xD;
2019-12-18 09:34:41 - [TEST_STEP][PASSED] - listQuery = new java.util.ArrayList(): null&#xD;
&#xD;
2019-12-18 09:34:41 - [TEST_STEP][PASSED] - listQuery.add(new com.kms.katalon.core.testobject.TestObjectProperty(token, com.kms.katalon.core.testobject.ConditionType.EQUALS, internal.GlobalVariable.access_token_merchant)): null&#xD;
&#xD;
2019-12-18 09:34:41 - [TEST_STEP][PASSED] - request.setRestParameters(listQuery): null&#xD;
&#xD;
2019-12-18 09:34:41 - [TEST_STEP][PASSED] - response = sendRequest(request): Send request successfully&#xD;
&#xD;
2019-12-18 09:34:42 - [MESSAGE][INFO] - HAR: D:\katalon-ewallet\Reports\Dashboard_App\TS_changeUserStatus\TS_changeUserStatus\20191218_093427\requests\main\19.har&#xD;
&#xD;
2019-12-18 09:34:42 - [MESSAGE][PASSED] - Send request successfully&#xD;
&#xD;
2019-12-18 09:34:42 - [TEST_STEP][PASSED] - body_content = responseBodyContent: null&#xD;
&#xD;
2019-12-18 09:34:42 - [TEST_STEP][PASSED] - status_code = statusCode: null&#xD;
&#xD;
2019-12-18 09:34:42 - [TEST_STEP][PASSED] - respDataMap = JsonSlurper().parseText(body_content): null&#xD;
&#xD;
2019-12-18 09:34:42 - [TEST_STEP][PASSED] - out.println(respDataMap): null&#xD;
&#xD;
2019-12-18 09:34:42 - [TEST_STEP][PASSED] - println(body_content): null&#xD;
&#xD;
2019-12-18 09:34:42 - [TEST_STEP][PASSED] - rc_ref = ReturnCodeWrapper(var_expected_rc).getEnumRC(): null&#xD;
&#xD;
2019-12-18 09:34:42 - [TEST_STEP][PASSED] - out.println(var_expected_rc): null&#xD;
&#xD;
2019-12-18 09:34:42 - [TEST_STEP][PASSED] - out.println(rc_ref.getRCName()): null&#xD;
&#xD;
2019-12-18 09:34:42 - [TEST_STEP][PASSED] - out.println(rc_ref.getHttpResponse()): null&#xD;
&#xD;
2019-12-18 09:34:42 - [TEST_STEP][PASSED] - result = verifyEqual(response_code, rc_ref.getRCName()): Actual object 'RC01' and expected object 'RC01' are equal&#xD;
&#xD;
2019-12-18 09:34:42 - [MESSAGE][PASSED] - Actual object 'RC01' and expected object 'RC01' are equal&#xD;
&#xD;
2019-12-18 09:34:42 - [TEST_STEP][PASSED] - if (result == false): null&#xD;
&#xD;
2019-12-18 09:34:42 - [TEST_STEP][PASSED] - else: Actual object '400' and expected object '400' are equal&#xD;
&#xD;
2019-12-18 09:34:42 - [TEST_STEP][PASSED] - verifyEqual(statusCode, rc_ref.getHttpResponse()): Actual object '400' and expected object '400' are equal&#xD;
&#xD;
2019-12-18 09:34:42 - [MESSAGE][PASSED] - Actual object '400' and expected object '400' are equal</system-out>
            <system-err></system-err>
        </testcase>
        <testcase name="Test Cases/Dashboard_App/TS_changeUserStatus/TS_changeUserStatus" classname="Test Cases/Dashboard_App/TS_changeUserStatus/TS_changeUserStatus" status="PASSED">
            <system-out>2019-12-18 09:34:42 - [TEST_CASE][PASSED] - Test Cases/Dashboard_App/TS_changeUserStatus/TS_changeUserStatus: Test Cases/Dashboard_App/TS_changeUserStatus/TS_changeUserStatus&#xD;
&#xD;
2019-12-18 09:34:42 - [TEST_STEP][PASSED] - plain = "{" + ""user_agent":"" + var_user_agent + ""," + ""user_id":"" + var_user_id + ""," + ""status":"" + var_status + ""," + ""block_reason":"" + var_block_reason + ""," + ""block_until":"" + var_block_until + ""," + ""change_reason":"" + var_change_reason + ""}": null&#xD;
&#xD;
2019-12-18 09:34:42 - [TEST_STEP][PASSED] - partner_token = partner_token: null&#xD;
&#xD;
2019-12-18 09:34:42 - [TEST_STEP][PASSED] - out.println(plain): null&#xD;
&#xD;
2019-12-18 09:34:42 - [TEST_STEP][PASSED] - out.println("var_merchant_token" + var_merchant_token): null&#xD;
&#xD;
2019-12-18 09:34:42 - [TEST_STEP][PASSED] - out.println("var_partner_token" + var_partner_token): null&#xD;
&#xD;
2019-12-18 09:34:42 - [TEST_STEP][PASSED] - encipheredData = SecureUtils.encryptAesEwallet(plain, var_aes_key): null&#xD;
&#xD;
2019-12-18 09:34:42 - [TEST_STEP][PASSED] - body = "{"organisation_id":"" + var_organisation_id + ""," + ""data":"" + encipheredData + ""," + ""lang":"" + var_lang + ""}": null&#xD;
&#xD;
2019-12-18 09:34:42 - [TEST_STEP][PASSED] - out.println(body): null&#xD;
&#xD;
2019-12-18 09:34:42 - [TEST_STEP][PASSED] - request = findTestObject("Dashboard_App/obj_changeUserStatus"): null&#xD;
&#xD;
2019-12-18 09:34:42 - [TEST_STEP][PASSED] - request.setBodyContent(new com.kms.katalon.core.testobject.impl.HttpTextBodyContent(body, UTF-8, application/json)): null&#xD;
&#xD;
2019-12-18 09:34:42 - [TEST_STEP][PASSED] - if (var_merchant_token == 0): null&#xD;
&#xD;
2019-12-18 09:34:42 - [TEST_STEP][PASSED] - else: null&#xD;
&#xD;
2019-12-18 09:34:42 - [TEST_STEP][PASSED] - out.println("using access_token = " + access_token_merchant): null&#xD;
&#xD;
2019-12-18 09:34:42 - [TEST_STEP][PASSED] - listQuery = new java.util.ArrayList(): null&#xD;
&#xD;
2019-12-18 09:34:42 - [TEST_STEP][PASSED] - listQuery.add(new com.kms.katalon.core.testobject.TestObjectProperty(token, com.kms.katalon.core.testobject.ConditionType.EQUALS, internal.GlobalVariable.access_token_merchant)): null&#xD;
&#xD;
2019-12-18 09:34:42 - [TEST_STEP][PASSED] - request.setRestParameters(listQuery): null&#xD;
&#xD;
2019-12-18 09:34:42 - [TEST_STEP][PASSED] - response = sendRequest(request): Send request successfully&#xD;
&#xD;
2019-12-18 09:34:42 - [MESSAGE][INFO] - HAR: D:\katalon-ewallet\Reports\Dashboard_App\TS_changeUserStatus\TS_changeUserStatus\20191218_093427\requests\main\20.har&#xD;
&#xD;
2019-12-18 09:34:42 - [MESSAGE][PASSED] - Send request successfully&#xD;
&#xD;
2019-12-18 09:34:42 - [TEST_STEP][PASSED] - body_content = responseBodyContent: null&#xD;
&#xD;
2019-12-18 09:34:42 - [TEST_STEP][PASSED] - status_code = statusCode: null&#xD;
&#xD;
2019-12-18 09:34:42 - [TEST_STEP][PASSED] - respDataMap = JsonSlurper().parseText(body_content): null&#xD;
&#xD;
2019-12-18 09:34:42 - [TEST_STEP][PASSED] - out.println(respDataMap): null&#xD;
&#xD;
2019-12-18 09:34:42 - [TEST_STEP][PASSED] - println(body_content): null&#xD;
&#xD;
2019-12-18 09:34:42 - [TEST_STEP][PASSED] - rc_ref = ReturnCodeWrapper(var_expected_rc).getEnumRC(): null&#xD;
&#xD;
2019-12-18 09:34:42 - [TEST_STEP][PASSED] - out.println(var_expected_rc): null&#xD;
&#xD;
2019-12-18 09:34:42 - [TEST_STEP][PASSED] - out.println(rc_ref.getRCName()): null&#xD;
&#xD;
2019-12-18 09:34:42 - [TEST_STEP][PASSED] - out.println(rc_ref.getHttpResponse()): null&#xD;
&#xD;
2019-12-18 09:34:42 - [TEST_STEP][PASSED] - result = verifyEqual(response_code, rc_ref.getRCName()): Actual object 'RC00' and expected object 'RC00' are equal&#xD;
&#xD;
2019-12-18 09:34:42 - [MESSAGE][PASSED] - Actual object 'RC00' and expected object 'RC00' are equal&#xD;
&#xD;
2019-12-18 09:34:42 - [TEST_STEP][PASSED] - if (result == false): null&#xD;
&#xD;
2019-12-18 09:34:42 - [TEST_STEP][PASSED] - else: Actual object '200' and expected object '200' are equal&#xD;
&#xD;
2019-12-18 09:34:42 - [TEST_STEP][PASSED] - verifyEqual(statusCode, rc_ref.getHttpResponse()): Actual object '200' and expected object '200' are equal&#xD;
&#xD;
2019-12-18 09:34:42 - [MESSAGE][PASSED] - Actual object '200' and expected object '200' are equal</system-out>
            <system-err></system-err>
        </testcase>
        <testcase name="Test Cases/Dashboard_App/TS_changeUserStatus/TS_changeUserStatus" classname="Test Cases/Dashboard_App/TS_changeUserStatus/TS_changeUserStatus" status="PASSED">
            <system-out>2019-12-18 09:34:42 - [TEST_CASE][PASSED] - Test Cases/Dashboard_App/TS_changeUserStatus/TS_changeUserStatus: Test Cases/Dashboard_App/TS_changeUserStatus/TS_changeUserStatus&#xD;
&#xD;
2019-12-18 09:34:42 - [TEST_STEP][PASSED] - plain = "{" + ""user_agent":"" + var_user_agent + ""," + ""user_id":"" + var_user_id + ""," + ""status":"" + var_status + ""," + ""block_reason":"" + var_block_reason + ""," + ""block_until":"" + var_block_until + ""," + ""change_reason":"" + var_change_reason + ""}": null&#xD;
&#xD;
2019-12-18 09:34:42 - [TEST_STEP][PASSED] - partner_token = partner_token: null&#xD;
&#xD;
2019-12-18 09:34:42 - [TEST_STEP][PASSED] - out.println(plain): null&#xD;
&#xD;
2019-12-18 09:34:42 - [TEST_STEP][PASSED] - out.println("var_merchant_token" + var_merchant_token): null&#xD;
&#xD;
2019-12-18 09:34:42 - [TEST_STEP][PASSED] - out.println("var_partner_token" + var_partner_token): null&#xD;
&#xD;
2019-12-18 09:34:42 - [TEST_STEP][PASSED] - encipheredData = SecureUtils.encryptAesEwallet(plain, var_aes_key): null&#xD;
&#xD;
2019-12-18 09:34:42 - [TEST_STEP][PASSED] - body = "{"organisation_id":"" + var_organisation_id + ""," + ""data":"" + encipheredData + ""," + ""lang":"" + var_lang + ""}": null&#xD;
&#xD;
2019-12-18 09:34:42 - [TEST_STEP][PASSED] - out.println(body): null&#xD;
&#xD;
2019-12-18 09:34:42 - [TEST_STEP][PASSED] - request = findTestObject("Dashboard_App/obj_changeUserStatus"): null&#xD;
&#xD;
2019-12-18 09:34:42 - [TEST_STEP][PASSED] - request.setBodyContent(new com.kms.katalon.core.testobject.impl.HttpTextBodyContent(body, UTF-8, application/json)): null&#xD;
&#xD;
2019-12-18 09:34:42 - [TEST_STEP][PASSED] - if (var_merchant_token == 0): null&#xD;
&#xD;
2019-12-18 09:34:42 - [TEST_STEP][PASSED] - else: null&#xD;
&#xD;
2019-12-18 09:34:42 - [TEST_STEP][PASSED] - out.println("using access_token = " + access_token_merchant): null&#xD;
&#xD;
2019-12-18 09:34:42 - [TEST_STEP][PASSED] - listQuery = new java.util.ArrayList(): null&#xD;
&#xD;
2019-12-18 09:34:42 - [TEST_STEP][PASSED] - listQuery.add(new com.kms.katalon.core.testobject.TestObjectProperty(token, com.kms.katalon.core.testobject.ConditionType.EQUALS, internal.GlobalVariable.access_token_merchant)): null&#xD;
&#xD;
2019-12-18 09:34:42 - [TEST_STEP][PASSED] - request.setRestParameters(listQuery): null&#xD;
&#xD;
2019-12-18 09:34:42 - [TEST_STEP][PASSED] - response = sendRequest(request): Send request successfully&#xD;
&#xD;
2019-12-18 09:34:42 - [MESSAGE][INFO] - HAR: D:\katalon-ewallet\Reports\Dashboard_App\TS_changeUserStatus\TS_changeUserStatus\20191218_093427\requests\main\21.har&#xD;
&#xD;
2019-12-18 09:34:42 - [MESSAGE][PASSED] - Send request successfully&#xD;
&#xD;
2019-12-18 09:34:42 - [TEST_STEP][PASSED] - body_content = responseBodyContent: null&#xD;
&#xD;
2019-12-18 09:34:42 - [TEST_STEP][PASSED] - status_code = statusCode: null&#xD;
&#xD;
2019-12-18 09:34:42 - [TEST_STEP][PASSED] - respDataMap = JsonSlurper().parseText(body_content): null&#xD;
&#xD;
2019-12-18 09:34:42 - [TEST_STEP][PASSED] - out.println(respDataMap): null&#xD;
&#xD;
2019-12-18 09:34:42 - [TEST_STEP][PASSED] - println(body_content): null&#xD;
&#xD;
2019-12-18 09:34:42 - [TEST_STEP][PASSED] - rc_ref = ReturnCodeWrapper(var_expected_rc).getEnumRC(): null&#xD;
&#xD;
2019-12-18 09:34:42 - [TEST_STEP][PASSED] - out.println(var_expected_rc): null&#xD;
&#xD;
2019-12-18 09:34:42 - [TEST_STEP][PASSED] - out.println(rc_ref.getRCName()): null&#xD;
&#xD;
2019-12-18 09:34:42 - [TEST_STEP][PASSED] - out.println(rc_ref.getHttpResponse()): null&#xD;
&#xD;
2019-12-18 09:34:42 - [TEST_STEP][PASSED] - result = verifyEqual(response_code, rc_ref.getRCName()): Actual object 'RC01' and expected object 'RC01' are equal&#xD;
&#xD;
2019-12-18 09:34:42 - [MESSAGE][PASSED] - Actual object 'RC01' and expected object 'RC01' are equal&#xD;
&#xD;
2019-12-18 09:34:42 - [TEST_STEP][PASSED] - if (result == false): null&#xD;
&#xD;
2019-12-18 09:34:42 - [TEST_STEP][PASSED] - else: Actual object '400' and expected object '400' are equal&#xD;
&#xD;
2019-12-18 09:34:42 - [TEST_STEP][PASSED] - verifyEqual(statusCode, rc_ref.getHttpResponse()): Actual object '400' and expected object '400' are equal&#xD;
&#xD;
2019-12-18 09:34:42 - [MESSAGE][PASSED] - Actual object '400' and expected object '400' are equal</system-out>
            <system-err></system-err>
        </testcase>
        <testcase name="Test Cases/Dashboard_App/TS_changeUserStatus/TS_changeUserStatus" classname="Test Cases/Dashboard_App/TS_changeUserStatus/TS_changeUserStatus" status="PASSED">
            <system-out>2019-12-18 09:34:42 - [TEST_CASE][PASSED] - Test Cases/Dashboard_App/TS_changeUserStatus/TS_changeUserStatus: Test Cases/Dashboard_App/TS_changeUserStatus/TS_changeUserStatus&#xD;
&#xD;
2019-12-18 09:34:42 - [TEST_STEP][PASSED] - plain = "{" + ""user_agent":"" + var_user_agent + ""," + ""user_id":"" + var_user_id + ""," + ""status":"" + var_status + ""," + ""block_reason":"" + var_block_reason + ""," + ""block_until":"" + var_block_until + ""," + ""change_reason":"" + var_change_reason + ""}": null&#xD;
&#xD;
2019-12-18 09:34:42 - [TEST_STEP][PASSED] - partner_token = partner_token: null&#xD;
&#xD;
2019-12-18 09:34:42 - [TEST_STEP][PASSED] - out.println(plain): null&#xD;
&#xD;
2019-12-18 09:34:42 - [TEST_STEP][PASSED] - out.println("var_merchant_token" + var_merchant_token): null&#xD;
&#xD;
2019-12-18 09:34:42 - [TEST_STEP][PASSED] - out.println("var_partner_token" + var_partner_token): null&#xD;
&#xD;
2019-12-18 09:34:42 - [TEST_STEP][PASSED] - encipheredData = SecureUtils.encryptAesEwallet(plain, var_aes_key): null&#xD;
&#xD;
2019-12-18 09:34:42 - [TEST_STEP][PASSED] - body = "{"organisation_id":"" + var_organisation_id + ""," + ""data":"" + encipheredData + ""," + ""lang":"" + var_lang + ""}": null&#xD;
&#xD;
2019-12-18 09:34:42 - [TEST_STEP][PASSED] - out.println(body): null&#xD;
&#xD;
2019-12-18 09:34:42 - [TEST_STEP][PASSED] - request = findTestObject("Dashboard_App/obj_changeUserStatus"): null&#xD;
&#xD;
2019-12-18 09:34:42 - [TEST_STEP][PASSED] - request.setBodyContent(new com.kms.katalon.core.testobject.impl.HttpTextBodyContent(body, UTF-8, application/json)): null&#xD;
&#xD;
2019-12-18 09:34:42 - [TEST_STEP][PASSED] - if (var_merchant_token == 0): null&#xD;
&#xD;
2019-12-18 09:34:42 - [TEST_STEP][PASSED] - else: null&#xD;
&#xD;
2019-12-18 09:34:42 - [TEST_STEP][PASSED] - out.println("using access_token = " + access_token_merchant): null&#xD;
&#xD;
2019-12-18 09:34:42 - [TEST_STEP][PASSED] - listQuery = new java.util.ArrayList(): null&#xD;
&#xD;
2019-12-18 09:34:42 - [TEST_STEP][PASSED] - listQuery.add(new com.kms.katalon.core.testobject.TestObjectProperty(token, com.kms.katalon.core.testobject.ConditionType.EQUALS, internal.GlobalVariable.access_token_merchant)): null&#xD;
&#xD;
2019-12-18 09:34:42 - [TEST_STEP][PASSED] - request.setRestParameters(listQuery): null&#xD;
&#xD;
2019-12-18 09:34:42 - [TEST_STEP][PASSED] - response = sendRequest(request): Send request successfully&#xD;
&#xD;
2019-12-18 09:34:43 - [MESSAGE][INFO] - HAR: D:\katalon-ewallet\Reports\Dashboard_App\TS_changeUserStatus\TS_changeUserStatus\20191218_093427\requests\main\22.har&#xD;
&#xD;
2019-12-18 09:34:43 - [MESSAGE][PASSED] - Send request successfully&#xD;
&#xD;
2019-12-18 09:34:43 - [TEST_STEP][PASSED] - body_content = responseBodyContent: null&#xD;
&#xD;
2019-12-18 09:34:43 - [TEST_STEP][PASSED] - status_code = statusCode: null&#xD;
&#xD;
2019-12-18 09:34:43 - [TEST_STEP][PASSED] - respDataMap = JsonSlurper().parseText(body_content): null&#xD;
&#xD;
2019-12-18 09:34:43 - [TEST_STEP][PASSED] - out.println(respDataMap): null&#xD;
&#xD;
2019-12-18 09:34:43 - [TEST_STEP][PASSED] - println(body_content): null&#xD;
&#xD;
2019-12-18 09:34:43 - [TEST_STEP][PASSED] - rc_ref = ReturnCodeWrapper(var_expected_rc).getEnumRC(): null&#xD;
&#xD;
2019-12-18 09:34:43 - [TEST_STEP][PASSED] - out.println(var_expected_rc): null&#xD;
&#xD;
2019-12-18 09:34:43 - [TEST_STEP][PASSED] - out.println(rc_ref.getRCName()): null&#xD;
&#xD;
2019-12-18 09:34:43 - [TEST_STEP][PASSED] - out.println(rc_ref.getHttpResponse()): null&#xD;
&#xD;
2019-12-18 09:34:43 - [TEST_STEP][PASSED] - result = verifyEqual(response_code, rc_ref.getRCName()): Actual object 'RC00' and expected object 'RC00' are equal&#xD;
&#xD;
2019-12-18 09:34:43 - [MESSAGE][PASSED] - Actual object 'RC00' and expected object 'RC00' are equal&#xD;
&#xD;
2019-12-18 09:34:43 - [TEST_STEP][PASSED] - if (result == false): null&#xD;
&#xD;
2019-12-18 09:34:43 - [TEST_STEP][PASSED] - else: Actual object '200' and expected object '200' are equal&#xD;
&#xD;
2019-12-18 09:34:43 - [TEST_STEP][PASSED] - verifyEqual(statusCode, rc_ref.getHttpResponse()): Actual object '200' and expected object '200' are equal&#xD;
&#xD;
2019-12-18 09:34:43 - [MESSAGE][PASSED] - Actual object '200' and expected object '200' are equal</system-out>
            <system-err></system-err>
        </testcase>
        <testcase name="Test Cases/Dashboard_App/TS_changeUserStatus/TS_changeUserStatus" classname="Test Cases/Dashboard_App/TS_changeUserStatus/TS_changeUserStatus" status="PASSED">
            <system-out>2019-12-18 09:34:43 - [TEST_CASE][PASSED] - Test Cases/Dashboard_App/TS_changeUserStatus/TS_changeUserStatus: Test Cases/Dashboard_App/TS_changeUserStatus/TS_changeUserStatus&#xD;
&#xD;
2019-12-18 09:34:43 - [TEST_STEP][PASSED] - plain = "{" + ""user_agent":"" + var_user_agent + ""," + ""user_id":"" + var_user_id + ""," + ""status":"" + var_status + ""," + ""block_reason":"" + var_block_reason + ""," + ""block_until":"" + var_block_until + ""," + ""change_reason":"" + var_change_reason + ""}": null&#xD;
&#xD;
2019-12-18 09:34:43 - [TEST_STEP][PASSED] - partner_token = partner_token: null&#xD;
&#xD;
2019-12-18 09:34:43 - [TEST_STEP][PASSED] - out.println(plain): null&#xD;
&#xD;
2019-12-18 09:34:43 - [TEST_STEP][PASSED] - out.println("var_merchant_token" + var_merchant_token): null&#xD;
&#xD;
2019-12-18 09:34:43 - [TEST_STEP][PASSED] - out.println("var_partner_token" + var_partner_token): null&#xD;
&#xD;
2019-12-18 09:34:43 - [TEST_STEP][PASSED] - encipheredData = SecureUtils.encryptAesEwallet(plain, var_aes_key): null&#xD;
&#xD;
2019-12-18 09:34:43 - [TEST_STEP][PASSED] - body = "{"organisation_id":"" + var_organisation_id + ""," + ""data":"" + encipheredData + ""," + ""lang":"" + var_lang + ""}": null&#xD;
&#xD;
2019-12-18 09:34:43 - [TEST_STEP][PASSED] - out.println(body): null&#xD;
&#xD;
2019-12-18 09:34:43 - [TEST_STEP][PASSED] - request = findTestObject("Dashboard_App/obj_changeUserStatus"): null&#xD;
&#xD;
2019-12-18 09:34:43 - [TEST_STEP][PASSED] - request.setBodyContent(new com.kms.katalon.core.testobject.impl.HttpTextBodyContent(body, UTF-8, application/json)): null&#xD;
&#xD;
2019-12-18 09:34:43 - [TEST_STEP][PASSED] - if (var_merchant_token == 0): null&#xD;
&#xD;
2019-12-18 09:34:43 - [TEST_STEP][PASSED] - else: null&#xD;
&#xD;
2019-12-18 09:34:43 - [TEST_STEP][PASSED] - out.println("using access_token = " + access_token_merchant): null&#xD;
&#xD;
2019-12-18 09:34:43 - [TEST_STEP][PASSED] - listQuery = new java.util.ArrayList(): null&#xD;
&#xD;
2019-12-18 09:34:43 - [TEST_STEP][PASSED] - listQuery.add(new com.kms.katalon.core.testobject.TestObjectProperty(token, com.kms.katalon.core.testobject.ConditionType.EQUALS, internal.GlobalVariable.access_token_merchant)): null&#xD;
&#xD;
2019-12-18 09:34:43 - [TEST_STEP][PASSED] - request.setRestParameters(listQuery): null&#xD;
&#xD;
2019-12-18 09:34:43 - [TEST_STEP][PASSED] - response = sendRequest(request): Send request successfully&#xD;
&#xD;
2019-12-18 09:34:43 - [MESSAGE][INFO] - HAR: D:\katalon-ewallet\Reports\Dashboard_App\TS_changeUserStatus\TS_changeUserStatus\20191218_093427\requests\main\23.har&#xD;
&#xD;
2019-12-18 09:34:43 - [MESSAGE][PASSED] - Send request successfully&#xD;
&#xD;
2019-12-18 09:34:43 - [TEST_STEP][PASSED] - body_content = responseBodyContent: null&#xD;
&#xD;
2019-12-18 09:34:43 - [TEST_STEP][PASSED] - status_code = statusCode: null&#xD;
&#xD;
2019-12-18 09:34:43 - [TEST_STEP][PASSED] - respDataMap = JsonSlurper().parseText(body_content): null&#xD;
&#xD;
2019-12-18 09:34:43 - [TEST_STEP][PASSED] - out.println(respDataMap): null&#xD;
&#xD;
2019-12-18 09:34:43 - [TEST_STEP][PASSED] - println(body_content): null&#xD;
&#xD;
2019-12-18 09:34:43 - [TEST_STEP][PASSED] - rc_ref = ReturnCodeWrapper(var_expected_rc).getEnumRC(): null&#xD;
&#xD;
2019-12-18 09:34:43 - [TEST_STEP][PASSED] - out.println(var_expected_rc): null&#xD;
&#xD;
2019-12-18 09:34:43 - [TEST_STEP][PASSED] - out.println(rc_ref.getRCName()): null&#xD;
&#xD;
2019-12-18 09:34:43 - [TEST_STEP][PASSED] - out.println(rc_ref.getHttpResponse()): null&#xD;
&#xD;
2019-12-18 09:34:43 - [TEST_STEP][PASSED] - result = verifyEqual(response_code, rc_ref.getRCName()): Actual object 'RC01' and expected object 'RC01' are equal&#xD;
&#xD;
2019-12-18 09:34:43 - [MESSAGE][PASSED] - Actual object 'RC01' and expected object 'RC01' are equal&#xD;
&#xD;
2019-12-18 09:34:43 - [TEST_STEP][PASSED] - if (result == false): null&#xD;
&#xD;
2019-12-18 09:34:43 - [TEST_STEP][PASSED] - else: Actual object '400' and expected object '400' are equal&#xD;
&#xD;
2019-12-18 09:34:43 - [TEST_STEP][PASSED] - verifyEqual(statusCode, rc_ref.getHttpResponse()): Actual object '400' and expected object '400' are equal&#xD;
&#xD;
2019-12-18 09:34:43 - [MESSAGE][PASSED] - Actual object '400' and expected object '400' are equal</system-out>
            <system-err></system-err>
        </testcase>
        <testcase name="Test Cases/Dashboard_App/TS_changeUserStatus/TS_changeUserStatus" classname="Test Cases/Dashboard_App/TS_changeUserStatus/TS_changeUserStatus" status="PASSED">
            <system-out>2019-12-18 09:34:43 - [TEST_CASE][PASSED] - Test Cases/Dashboard_App/TS_changeUserStatus/TS_changeUserStatus: Test Cases/Dashboard_App/TS_changeUserStatus/TS_changeUserStatus&#xD;
&#xD;
2019-12-18 09:34:43 - [TEST_STEP][PASSED] - plain = "{" + ""user_agent":"" + var_user_agent + ""," + ""user_id":"" + var_user_id + ""," + ""status":"" + var_status + ""," + ""block_reason":"" + var_block_reason + ""," + ""block_until":"" + var_block_until + ""," + ""change_reason":"" + var_change_reason + ""}": null&#xD;
&#xD;
2019-12-18 09:34:43 - [TEST_STEP][PASSED] - partner_token = partner_token: null&#xD;
&#xD;
2019-12-18 09:34:43 - [TEST_STEP][PASSED] - out.println(plain): null&#xD;
&#xD;
2019-12-18 09:34:43 - [TEST_STEP][PASSED] - out.println("var_merchant_token" + var_merchant_token): null&#xD;
&#xD;
2019-12-18 09:34:43 - [TEST_STEP][PASSED] - out.println("var_partner_token" + var_partner_token): null&#xD;
&#xD;
2019-12-18 09:34:43 - [TEST_STEP][PASSED] - encipheredData = SecureUtils.encryptAesEwallet(plain, var_aes_key): null&#xD;
&#xD;
2019-12-18 09:34:43 - [TEST_STEP][PASSED] - body = "{"organisation_id":"" + var_organisation_id + ""," + ""data":"" + encipheredData + ""," + ""lang":"" + var_lang + ""}": null&#xD;
&#xD;
2019-12-18 09:34:43 - [TEST_STEP][PASSED] - out.println(body): null&#xD;
&#xD;
2019-12-18 09:34:43 - [TEST_STEP][PASSED] - request = findTestObject("Dashboard_App/obj_changeUserStatus"): null&#xD;
&#xD;
2019-12-18 09:34:43 - [TEST_STEP][PASSED] - request.setBodyContent(new com.kms.katalon.core.testobject.impl.HttpTextBodyContent(body, UTF-8, application/json)): null&#xD;
&#xD;
2019-12-18 09:34:43 - [TEST_STEP][PASSED] - if (var_merchant_token == 0): null&#xD;
&#xD;
2019-12-18 09:34:43 - [TEST_STEP][PASSED] - else: null&#xD;
&#xD;
2019-12-18 09:34:43 - [TEST_STEP][PASSED] - out.println("using access_token = " + access_token_merchant): null&#xD;
&#xD;
2019-12-18 09:34:43 - [TEST_STEP][PASSED] - listQuery = new java.util.ArrayList(): null&#xD;
&#xD;
2019-12-18 09:34:43 - [TEST_STEP][PASSED] - listQuery.add(new com.kms.katalon.core.testobject.TestObjectProperty(token, com.kms.katalon.core.testobject.ConditionType.EQUALS, internal.GlobalVariable.access_token_merchant)): null&#xD;
&#xD;
2019-12-18 09:34:43 - [TEST_STEP][PASSED] - request.setRestParameters(listQuery): null&#xD;
&#xD;
2019-12-18 09:34:43 - [TEST_STEP][PASSED] - response = sendRequest(request): Send request successfully&#xD;
&#xD;
2019-12-18 09:34:43 - [MESSAGE][INFO] - HAR: D:\katalon-ewallet\Reports\Dashboard_App\TS_changeUserStatus\TS_changeUserStatus\20191218_093427\requests\main\24.har&#xD;
&#xD;
2019-12-18 09:34:43 - [MESSAGE][PASSED] - Send request successfully&#xD;
&#xD;
2019-12-18 09:34:43 - [TEST_STEP][PASSED] - body_content = responseBodyContent: null&#xD;
&#xD;
2019-12-18 09:34:43 - [TEST_STEP][PASSED] - status_code = statusCode: null&#xD;
&#xD;
2019-12-18 09:34:43 - [TEST_STEP][PASSED] - respDataMap = JsonSlurper().parseText(body_content): null&#xD;
&#xD;
2019-12-18 09:34:43 - [TEST_STEP][PASSED] - out.println(respDataMap): null&#xD;
&#xD;
2019-12-18 09:34:43 - [TEST_STEP][PASSED] - println(body_content): null&#xD;
&#xD;
2019-12-18 09:34:43 - [TEST_STEP][PASSED] - rc_ref = ReturnCodeWrapper(var_expected_rc).getEnumRC(): null&#xD;
&#xD;
2019-12-18 09:34:43 - [TEST_STEP][PASSED] - out.println(var_expected_rc): null&#xD;
&#xD;
2019-12-18 09:34:43 - [TEST_STEP][PASSED] - out.println(rc_ref.getRCName()): null&#xD;
&#xD;
2019-12-18 09:34:43 - [TEST_STEP][PASSED] - out.println(rc_ref.getHttpResponse()): null&#xD;
&#xD;
2019-12-18 09:34:43 - [TEST_STEP][PASSED] - result = verifyEqual(response_code, rc_ref.getRCName()): Actual object 'RC01' and expected object 'RC01' are equal&#xD;
&#xD;
2019-12-18 09:34:43 - [MESSAGE][PASSED] - Actual object 'RC01' and expected object 'RC01' are equal&#xD;
&#xD;
2019-12-18 09:34:43 - [TEST_STEP][PASSED] - if (result == false): null&#xD;
&#xD;
2019-12-18 09:34:43 - [TEST_STEP][PASSED] - else: Actual object '400' and expected object '400' are equal&#xD;
&#xD;
2019-12-18 09:34:43 - [TEST_STEP][PASSED] - verifyEqual(statusCode, rc_ref.getHttpResponse()): Actual object '400' and expected object '400' are equal&#xD;
&#xD;
2019-12-18 09:34:43 - [MESSAGE][PASSED] - Actual object '400' and expected object '400' are equal</system-out>
            <system-err></system-err>
        </testcase>
        <testcase name="Test Cases/Dashboard_App/TS_changeUserStatus/TS_changeUserStatus" classname="Test Cases/Dashboard_App/TS_changeUserStatus/TS_changeUserStatus" status="PASSED">
            <system-out>2019-12-18 09:34:43 - [TEST_CASE][PASSED] - Test Cases/Dashboard_App/TS_changeUserStatus/TS_changeUserStatus: Test Cases/Dashboard_App/TS_changeUserStatus/TS_changeUserStatus&#xD;
&#xD;
2019-12-18 09:34:43 - [TEST_STEP][PASSED] - plain = "{" + ""user_agent":"" + var_user_agent + ""," + ""user_id":"" + var_user_id + ""," + ""status":"" + var_status + ""," + ""block_reason":"" + var_block_reason + ""," + ""block_until":"" + var_block_until + ""," + ""change_reason":"" + var_change_reason + ""}": null&#xD;
&#xD;
2019-12-18 09:34:43 - [TEST_STEP][PASSED] - partner_token = partner_token: null&#xD;
&#xD;
2019-12-18 09:34:43 - [TEST_STEP][PASSED] - out.println(plain): null&#xD;
&#xD;
2019-12-18 09:34:43 - [TEST_STEP][PASSED] - out.println("var_merchant_token" + var_merchant_token): null&#xD;
&#xD;
2019-12-18 09:34:43 - [TEST_STEP][PASSED] - out.println("var_partner_token" + var_partner_token): null&#xD;
&#xD;
2019-12-18 09:34:43 - [TEST_STEP][PASSED] - encipheredData = SecureUtils.encryptAesEwallet(plain, var_aes_key): null&#xD;
&#xD;
2019-12-18 09:34:43 - [TEST_STEP][PASSED] - body = "{"organisation_id":"" + var_organisation_id + ""," + ""data":"" + encipheredData + ""," + ""lang":"" + var_lang + ""}": null&#xD;
&#xD;
2019-12-18 09:34:43 - [TEST_STEP][PASSED] - out.println(body): null&#xD;
&#xD;
2019-12-18 09:34:43 - [TEST_STEP][PASSED] - request = findTestObject("Dashboard_App/obj_changeUserStatus"): null&#xD;
&#xD;
2019-12-18 09:34:43 - [TEST_STEP][PASSED] - request.setBodyContent(new com.kms.katalon.core.testobject.impl.HttpTextBodyContent(body, UTF-8, application/json)): null&#xD;
&#xD;
2019-12-18 09:34:43 - [TEST_STEP][PASSED] - if (var_merchant_token == 0): null&#xD;
&#xD;
2019-12-18 09:34:43 - [TEST_STEP][PASSED] - else: null&#xD;
&#xD;
2019-12-18 09:34:43 - [TEST_STEP][PASSED] - out.println("using access_token = " + access_token_merchant): null&#xD;
&#xD;
2019-12-18 09:34:43 - [TEST_STEP][PASSED] - listQuery = new java.util.ArrayList(): null&#xD;
&#xD;
2019-12-18 09:34:43 - [TEST_STEP][PASSED] - listQuery.add(new com.kms.katalon.core.testobject.TestObjectProperty(token, com.kms.katalon.core.testobject.ConditionType.EQUALS, internal.GlobalVariable.access_token_merchant)): null&#xD;
&#xD;
2019-12-18 09:34:43 - [TEST_STEP][PASSED] - request.setRestParameters(listQuery): null&#xD;
&#xD;
2019-12-18 09:34:43 - [TEST_STEP][PASSED] - response = sendRequest(request): Send request successfully&#xD;
&#xD;
2019-12-18 09:34:44 - [MESSAGE][INFO] - HAR: D:\katalon-ewallet\Reports\Dashboard_App\TS_changeUserStatus\TS_changeUserStatus\20191218_093427\requests\main\25.har&#xD;
&#xD;
2019-12-18 09:34:44 - [MESSAGE][PASSED] - Send request successfully&#xD;
&#xD;
2019-12-18 09:34:44 - [TEST_STEP][PASSED] - body_content = responseBodyContent: null&#xD;
&#xD;
2019-12-18 09:34:44 - [TEST_STEP][PASSED] - status_code = statusCode: null&#xD;
&#xD;
2019-12-18 09:34:44 - [TEST_STEP][PASSED] - respDataMap = JsonSlurper().parseText(body_content): null&#xD;
&#xD;
2019-12-18 09:34:44 - [TEST_STEP][PASSED] - out.println(respDataMap): null&#xD;
&#xD;
2019-12-18 09:34:44 - [TEST_STEP][PASSED] - println(body_content): null&#xD;
&#xD;
2019-12-18 09:34:44 - [TEST_STEP][PASSED] - rc_ref = ReturnCodeWrapper(var_expected_rc).getEnumRC(): null&#xD;
&#xD;
2019-12-18 09:34:44 - [TEST_STEP][PASSED] - out.println(var_expected_rc): null&#xD;
&#xD;
2019-12-18 09:34:44 - [TEST_STEP][PASSED] - out.println(rc_ref.getRCName()): null&#xD;
&#xD;
2019-12-18 09:34:44 - [TEST_STEP][PASSED] - out.println(rc_ref.getHttpResponse()): null&#xD;
&#xD;
2019-12-18 09:34:44 - [TEST_STEP][PASSED] - result = verifyEqual(response_code, rc_ref.getRCName()): Actual object 'RC01' and expected object 'RC01' are equal&#xD;
&#xD;
2019-12-18 09:34:44 - [MESSAGE][PASSED] - Actual object 'RC01' and expected object 'RC01' are equal&#xD;
&#xD;
2019-12-18 09:34:44 - [TEST_STEP][PASSED] - if (result == false): null&#xD;
&#xD;
2019-12-18 09:34:44 - [TEST_STEP][PASSED] - else: Actual object '400' and expected object '400' are equal&#xD;
&#xD;
2019-12-18 09:34:44 - [TEST_STEP][PASSED] - verifyEqual(statusCode, rc_ref.getHttpResponse()): Actual object '400' and expected object '400' are equal&#xD;
&#xD;
2019-12-18 09:34:44 - [MESSAGE][PASSED] - Actual object '400' and expected object '400' are equal</system-out>
            <system-err></system-err>
        </testcase>
        <testcase name="Test Cases/Dashboard_App/TS_changeUserStatus/TS_changeUserStatus" classname="Test Cases/Dashboard_App/TS_changeUserStatus/TS_changeUserStatus" status="PASSED">
            <system-out>2019-12-18 09:34:44 - [TEST_CASE][PASSED] - Test Cases/Dashboard_App/TS_changeUserStatus/TS_changeUserStatus: Test Cases/Dashboard_App/TS_changeUserStatus/TS_changeUserStatus&#xD;
&#xD;
2019-12-18 09:34:44 - [TEST_STEP][PASSED] - plain = "{" + ""user_agent":"" + var_user_agent + ""," + ""user_id":"" + var_user_id + ""," + ""status":"" + var_status + ""," + ""block_reason":"" + var_block_reason + ""," + ""block_until":"" + var_block_until + ""," + ""change_reason":"" + var_change_reason + ""}": null&#xD;
&#xD;
2019-12-18 09:34:44 - [TEST_STEP][PASSED] - partner_token = partner_token: null&#xD;
&#xD;
2019-12-18 09:34:44 - [TEST_STEP][PASSED] - out.println(plain): null&#xD;
&#xD;
2019-12-18 09:34:44 - [TEST_STEP][PASSED] - out.println("var_merchant_token" + var_merchant_token): null&#xD;
&#xD;
2019-12-18 09:34:44 - [TEST_STEP][PASSED] - out.println("var_partner_token" + var_partner_token): null&#xD;
&#xD;
2019-12-18 09:34:44 - [TEST_STEP][PASSED] - encipheredData = SecureUtils.encryptAesEwallet(plain, var_aes_key): null&#xD;
&#xD;
2019-12-18 09:34:44 - [TEST_STEP][PASSED] - body = "{"organisation_id":"" + var_organisation_id + ""," + ""data":"" + encipheredData + ""," + ""lang":"" + var_lang + ""}": null&#xD;
&#xD;
2019-12-18 09:34:44 - [TEST_STEP][PASSED] - out.println(body): null&#xD;
&#xD;
2019-12-18 09:34:44 - [TEST_STEP][PASSED] - request = findTestObject("Dashboard_App/obj_changeUserStatus"): null&#xD;
&#xD;
2019-12-18 09:34:44 - [TEST_STEP][PASSED] - request.setBodyContent(new com.kms.katalon.core.testobject.impl.HttpTextBodyContent(body, UTF-8, application/json)): null&#xD;
&#xD;
2019-12-18 09:34:44 - [TEST_STEP][PASSED] - if (var_merchant_token == 0): null&#xD;
&#xD;
2019-12-18 09:34:44 - [TEST_STEP][PASSED] - else: null&#xD;
&#xD;
2019-12-18 09:34:44 - [TEST_STEP][PASSED] - out.println("using access_token = " + access_token_merchant): null&#xD;
&#xD;
2019-12-18 09:34:44 - [TEST_STEP][PASSED] - listQuery = new java.util.ArrayList(): null&#xD;
&#xD;
2019-12-18 09:34:44 - [TEST_STEP][PASSED] - listQuery.add(new com.kms.katalon.core.testobject.TestObjectProperty(token, com.kms.katalon.core.testobject.ConditionType.EQUALS, internal.GlobalVariable.access_token_merchant)): null&#xD;
&#xD;
2019-12-18 09:34:44 - [TEST_STEP][PASSED] - request.setRestParameters(listQuery): null&#xD;
&#xD;
2019-12-18 09:34:44 - [TEST_STEP][PASSED] - response = sendRequest(request): Send request successfully&#xD;
&#xD;
2019-12-18 09:34:44 - [MESSAGE][INFO] - HAR: D:\katalon-ewallet\Reports\Dashboard_App\TS_changeUserStatus\TS_changeUserStatus\20191218_093427\requests\main\26.har&#xD;
&#xD;
2019-12-18 09:34:44 - [MESSAGE][PASSED] - Send request successfully&#xD;
&#xD;
2019-12-18 09:34:44 - [TEST_STEP][PASSED] - body_content = responseBodyContent: null&#xD;
&#xD;
2019-12-18 09:34:44 - [TEST_STEP][PASSED] - status_code = statusCode: null&#xD;
&#xD;
2019-12-18 09:34:44 - [TEST_STEP][PASSED] - respDataMap = JsonSlurper().parseText(body_content): null&#xD;
&#xD;
2019-12-18 09:34:44 - [TEST_STEP][PASSED] - out.println(respDataMap): null&#xD;
&#xD;
2019-12-18 09:34:44 - [TEST_STEP][PASSED] - println(body_content): null&#xD;
&#xD;
2019-12-18 09:34:44 - [TEST_STEP][PASSED] - rc_ref = ReturnCodeWrapper(var_expected_rc).getEnumRC(): null&#xD;
&#xD;
2019-12-18 09:34:44 - [TEST_STEP][PASSED] - out.println(var_expected_rc): null&#xD;
&#xD;
2019-12-18 09:34:44 - [TEST_STEP][PASSED] - out.println(rc_ref.getRCName()): null&#xD;
&#xD;
2019-12-18 09:34:44 - [TEST_STEP][PASSED] - out.println(rc_ref.getHttpResponse()): null&#xD;
&#xD;
2019-12-18 09:34:44 - [TEST_STEP][PASSED] - result = verifyEqual(response_code, rc_ref.getRCName()): Actual object 'RC01' and expected object 'RC01' are equal&#xD;
&#xD;
2019-12-18 09:34:44 - [MESSAGE][PASSED] - Actual object 'RC01' and expected object 'RC01' are equal&#xD;
&#xD;
2019-12-18 09:34:44 - [TEST_STEP][PASSED] - if (result == false): null&#xD;
&#xD;
2019-12-18 09:34:44 - [TEST_STEP][PASSED] - else: Actual object '400' and expected object '400' are equal&#xD;
&#xD;
2019-12-18 09:34:44 - [TEST_STEP][PASSED] - verifyEqual(statusCode, rc_ref.getHttpResponse()): Actual object '400' and expected object '400' are equal&#xD;
&#xD;
2019-12-18 09:34:44 - [MESSAGE][PASSED] - Actual object '400' and expected object '400' are equal</system-out>
            <system-err></system-err>
        </testcase>
        <testcase name="Test Cases/Dashboard_App/TS_changeUserStatus/TS_changeUserStatus" classname="Test Cases/Dashboard_App/TS_changeUserStatus/TS_changeUserStatus" status="PASSED">
            <system-out>2019-12-18 09:34:44 - [TEST_CASE][PASSED] - Test Cases/Dashboard_App/TS_changeUserStatus/TS_changeUserStatus: Test Cases/Dashboard_App/TS_changeUserStatus/TS_changeUserStatus&#xD;
&#xD;
2019-12-18 09:34:44 - [TEST_STEP][PASSED] - plain = "{" + ""user_agent":"" + var_user_agent + ""," + ""user_id":"" + var_user_id + ""," + ""status":"" + var_status + ""," + ""block_reason":"" + var_block_reason + ""," + ""block_until":"" + var_block_until + ""," + ""change_reason":"" + var_change_reason + ""}": null&#xD;
&#xD;
2019-12-18 09:34:44 - [TEST_STEP][PASSED] - partner_token = partner_token: null&#xD;
&#xD;
2019-12-18 09:34:44 - [TEST_STEP][PASSED] - out.println(plain): null&#xD;
&#xD;
2019-12-18 09:34:44 - [TEST_STEP][PASSED] - out.println("var_merchant_token" + var_merchant_token): null&#xD;
&#xD;
2019-12-18 09:34:44 - [TEST_STEP][PASSED] - out.println("var_partner_token" + var_partner_token): null&#xD;
&#xD;
2019-12-18 09:34:44 - [TEST_STEP][PASSED] - encipheredData = SecureUtils.encryptAesEwallet(plain, var_aes_key): null&#xD;
&#xD;
2019-12-18 09:34:44 - [TEST_STEP][PASSED] - body = "{"organisation_id":"" + var_organisation_id + ""," + ""data":"" + encipheredData + ""," + ""lang":"" + var_lang + ""}": null&#xD;
&#xD;
2019-12-18 09:34:44 - [TEST_STEP][PASSED] - out.println(body): null&#xD;
&#xD;
2019-12-18 09:34:44 - [TEST_STEP][PASSED] - request = findTestObject("Dashboard_App/obj_changeUserStatus"): null&#xD;
&#xD;
2019-12-18 09:34:44 - [TEST_STEP][PASSED] - request.setBodyContent(new com.kms.katalon.core.testobject.impl.HttpTextBodyContent(body, UTF-8, application/json)): null&#xD;
&#xD;
2019-12-18 09:34:44 - [TEST_STEP][PASSED] - if (var_merchant_token == 0): null&#xD;
&#xD;
2019-12-18 09:34:44 - [TEST_STEP][PASSED] - else: null&#xD;
&#xD;
2019-12-18 09:34:44 - [TEST_STEP][PASSED] - out.println("using access_token = " + access_token_merchant): null&#xD;
&#xD;
2019-12-18 09:34:44 - [TEST_STEP][PASSED] - listQuery = new java.util.ArrayList(): null&#xD;
&#xD;
2019-12-18 09:34:44 - [TEST_STEP][PASSED] - listQuery.add(new com.kms.katalon.core.testobject.TestObjectProperty(token, com.kms.katalon.core.testobject.ConditionType.EQUALS, internal.GlobalVariable.access_token_merchant)): null&#xD;
&#xD;
2019-12-18 09:34:44 - [TEST_STEP][PASSED] - request.setRestParameters(listQuery): null&#xD;
&#xD;
2019-12-18 09:34:44 - [TEST_STEP][PASSED] - response = sendRequest(request): Send request successfully&#xD;
&#xD;
2019-12-18 09:34:44 - [MESSAGE][INFO] - HAR: D:\katalon-ewallet\Reports\Dashboard_App\TS_changeUserStatus\TS_changeUserStatus\20191218_093427\requests\main\27.har&#xD;
&#xD;
2019-12-18 09:34:44 - [MESSAGE][PASSED] - Send request successfully&#xD;
&#xD;
2019-12-18 09:34:44 - [TEST_STEP][PASSED] - body_content = responseBodyContent: null&#xD;
&#xD;
2019-12-18 09:34:44 - [TEST_STEP][PASSED] - status_code = statusCode: null&#xD;
&#xD;
2019-12-18 09:34:44 - [TEST_STEP][PASSED] - respDataMap = JsonSlurper().parseText(body_content): null&#xD;
&#xD;
2019-12-18 09:34:44 - [TEST_STEP][PASSED] - out.println(respDataMap): null&#xD;
&#xD;
2019-12-18 09:34:44 - [TEST_STEP][PASSED] - println(body_content): null&#xD;
&#xD;
2019-12-18 09:34:44 - [TEST_STEP][PASSED] - rc_ref = ReturnCodeWrapper(var_expected_rc).getEnumRC(): null&#xD;
&#xD;
2019-12-18 09:34:44 - [TEST_STEP][PASSED] - out.println(var_expected_rc): null&#xD;
&#xD;
2019-12-18 09:34:44 - [TEST_STEP][PASSED] - out.println(rc_ref.getRCName()): null&#xD;
&#xD;
2019-12-18 09:34:44 - [TEST_STEP][PASSED] - out.println(rc_ref.getHttpResponse()): null&#xD;
&#xD;
2019-12-18 09:34:44 - [TEST_STEP][PASSED] - result = verifyEqual(response_code, rc_ref.getRCName()): Actual object 'RC01' and expected object 'RC01' are equal&#xD;
&#xD;
2019-12-18 09:34:44 - [MESSAGE][PASSED] - Actual object 'RC01' and expected object 'RC01' are equal&#xD;
&#xD;
2019-12-18 09:34:44 - [TEST_STEP][PASSED] - if (result == false): null&#xD;
&#xD;
2019-12-18 09:34:44 - [TEST_STEP][PASSED] - else: Actual object '400' and expected object '400' are equal&#xD;
&#xD;
2019-12-18 09:34:44 - [TEST_STEP][PASSED] - verifyEqual(statusCode, rc_ref.getHttpResponse()): Actual object '400' and expected object '400' are equal&#xD;
&#xD;
2019-12-18 09:34:44 - [MESSAGE][PASSED] - Actual object '400' and expected object '400' are equal</system-out>
            <system-err></system-err>
        </testcase>
        <testcase name="Test Cases/Dashboard_App/TS_changeUserStatus/TS_changeUserStatus" classname="Test Cases/Dashboard_App/TS_changeUserStatus/TS_changeUserStatus" status="PASSED">
            <system-out>2019-12-18 09:34:44 - [TEST_CASE][PASSED] - Test Cases/Dashboard_App/TS_changeUserStatus/TS_changeUserStatus: Test Cases/Dashboard_App/TS_changeUserStatus/TS_changeUserStatus&#xD;
&#xD;
2019-12-18 09:34:44 - [TEST_STEP][PASSED] - plain = "{" + ""user_agent":"" + var_user_agent + ""," + ""user_id":"" + var_user_id + ""," + ""status":"" + var_status + ""," + ""block_reason":"" + var_block_reason + ""," + ""block_until":"" + var_block_until + ""," + ""change_reason":"" + var_change_reason + ""}": null&#xD;
&#xD;
2019-12-18 09:34:44 - [TEST_STEP][PASSED] - partner_token = partner_token: null&#xD;
&#xD;
2019-12-18 09:34:44 - [TEST_STEP][PASSED] - out.println(plain): null&#xD;
&#xD;
2019-12-18 09:34:44 - [TEST_STEP][PASSED] - out.println("var_merchant_token" + var_merchant_token): null&#xD;
&#xD;
2019-12-18 09:34:44 - [TEST_STEP][PASSED] - out.println("var_partner_token" + var_partner_token): null&#xD;
&#xD;
2019-12-18 09:34:44 - [TEST_STEP][PASSED] - encipheredData = SecureUtils.encryptAesEwallet(plain, var_aes_key): null&#xD;
&#xD;
2019-12-18 09:34:44 - [TEST_STEP][PASSED] - body = "{"organisation_id":"" + var_organisation_id + ""," + ""data":"" + encipheredData + ""," + ""lang":"" + var_lang + ""}": null&#xD;
&#xD;
2019-12-18 09:34:44 - [TEST_STEP][PASSED] - out.println(body): null&#xD;
&#xD;
2019-12-18 09:34:44 - [TEST_STEP][PASSED] - request = findTestObject("Dashboard_App/obj_changeUserStatus"): null&#xD;
&#xD;
2019-12-18 09:34:44 - [TEST_STEP][PASSED] - request.setBodyContent(new com.kms.katalon.core.testobject.impl.HttpTextBodyContent(body, UTF-8, application/json)): null&#xD;
&#xD;
2019-12-18 09:34:44 - [TEST_STEP][PASSED] - if (var_merchant_token == 0): null&#xD;
&#xD;
2019-12-18 09:34:44 - [TEST_STEP][PASSED] - else: null&#xD;
&#xD;
2019-12-18 09:34:44 - [TEST_STEP][PASSED] - out.println("using access_token = " + access_token_merchant): null&#xD;
&#xD;
2019-12-18 09:34:44 - [TEST_STEP][PASSED] - listQuery = new java.util.ArrayList(): null&#xD;
&#xD;
2019-12-18 09:34:44 - [TEST_STEP][PASSED] - listQuery.add(new com.kms.katalon.core.testobject.TestObjectProperty(token, com.kms.katalon.core.testobject.ConditionType.EQUALS, internal.GlobalVariable.access_token_merchant)): null&#xD;
&#xD;
2019-12-18 09:34:44 - [TEST_STEP][PASSED] - request.setRestParameters(listQuery): null&#xD;
&#xD;
2019-12-18 09:34:44 - [TEST_STEP][PASSED] - response = sendRequest(request): Send request successfully&#xD;
&#xD;
2019-12-18 09:34:44 - [MESSAGE][INFO] - HAR: D:\katalon-ewallet\Reports\Dashboard_App\TS_changeUserStatus\TS_changeUserStatus\20191218_093427\requests\main\28.har&#xD;
&#xD;
2019-12-18 09:34:44 - [MESSAGE][PASSED] - Send request successfully&#xD;
&#xD;
2019-12-18 09:34:44 - [TEST_STEP][PASSED] - body_content = responseBodyContent: null&#xD;
&#xD;
2019-12-18 09:34:44 - [TEST_STEP][PASSED] - status_code = statusCode: null&#xD;
&#xD;
2019-12-18 09:34:44 - [TEST_STEP][PASSED] - respDataMap = JsonSlurper().parseText(body_content): null&#xD;
&#xD;
2019-12-18 09:34:44 - [TEST_STEP][PASSED] - out.println(respDataMap): null&#xD;
&#xD;
2019-12-18 09:34:44 - [TEST_STEP][PASSED] - println(body_content): null&#xD;
&#xD;
2019-12-18 09:34:44 - [TEST_STEP][PASSED] - rc_ref = ReturnCodeWrapper(var_expected_rc).getEnumRC(): null&#xD;
&#xD;
2019-12-18 09:34:44 - [TEST_STEP][PASSED] - out.println(var_expected_rc): null&#xD;
&#xD;
2019-12-18 09:34:44 - [TEST_STEP][PASSED] - out.println(rc_ref.getRCName()): null&#xD;
&#xD;
2019-12-18 09:34:44 - [TEST_STEP][PASSED] - out.println(rc_ref.getHttpResponse()): null&#xD;
&#xD;
2019-12-18 09:34:44 - [TEST_STEP][PASSED] - result = verifyEqual(response_code, rc_ref.getRCName()): Actual object 'RC09' and expected object 'RC09' are equal&#xD;
&#xD;
2019-12-18 09:34:44 - [MESSAGE][PASSED] - Actual object 'RC09' and expected object 'RC09' are equal&#xD;
&#xD;
2019-12-18 09:34:44 - [TEST_STEP][PASSED] - if (result == false): null&#xD;
&#xD;
2019-12-18 09:34:44 - [TEST_STEP][PASSED] - else: Actual object '401' and expected object '401' are equal&#xD;
&#xD;
2019-12-18 09:34:44 - [TEST_STEP][PASSED] - verifyEqual(statusCode, rc_ref.getHttpResponse()): Actual object '401' and expected object '401' are equal&#xD;
&#xD;
2019-12-18 09:34:44 - [MESSAGE][PASSED] - Actual object '401' and expected object '401' are equal</system-out>
            <system-err></system-err>
        </testcase>
        <testcase name="Test Cases/Dashboard_App/TS_changeUserStatus/TS_changeUserStatus" classname="Test Cases/Dashboard_App/TS_changeUserStatus/TS_changeUserStatus" status="PASSED">
            <system-out>2019-12-18 09:34:44 - [TEST_CASE][PASSED] - Test Cases/Dashboard_App/TS_changeUserStatus/TS_changeUserStatus: Test Cases/Dashboard_App/TS_changeUserStatus/TS_changeUserStatus&#xD;
&#xD;
2019-12-18 09:34:45 - [TEST_STEP][PASSED] - plain = "{" + ""user_agent":"" + var_user_agent + ""," + ""user_id":"" + var_user_id + ""," + ""status":"" + var_status + ""," + ""block_reason":"" + var_block_reason + ""," + ""block_until":"" + var_block_until + ""," + ""change_reason":"" + var_change_reason + ""}": null&#xD;
&#xD;
2019-12-18 09:34:45 - [TEST_STEP][PASSED] - partner_token = partner_token: null&#xD;
&#xD;
2019-12-18 09:34:45 - [TEST_STEP][PASSED] - out.println(plain): null&#xD;
&#xD;
2019-12-18 09:34:45 - [TEST_STEP][PASSED] - out.println("var_merchant_token" + var_merchant_token): null&#xD;
&#xD;
2019-12-18 09:34:45 - [TEST_STEP][PASSED] - out.println("var_partner_token" + var_partner_token): null&#xD;
&#xD;
2019-12-18 09:34:45 - [TEST_STEP][PASSED] - encipheredData = SecureUtils.encryptAesEwallet(plain, var_aes_key): null&#xD;
&#xD;
2019-12-18 09:34:45 - [TEST_STEP][PASSED] - body = "{"organisation_id":"" + var_organisation_id + ""," + ""data":"" + encipheredData + ""," + ""lang":"" + var_lang + ""}": null&#xD;
&#xD;
2019-12-18 09:34:45 - [TEST_STEP][PASSED] - out.println(body): null&#xD;
&#xD;
2019-12-18 09:34:45 - [TEST_STEP][PASSED] - request = findTestObject("Dashboard_App/obj_changeUserStatus"): null&#xD;
&#xD;
2019-12-18 09:34:45 - [TEST_STEP][PASSED] - request.setBodyContent(new com.kms.katalon.core.testobject.impl.HttpTextBodyContent(body, UTF-8, application/json)): null&#xD;
&#xD;
2019-12-18 09:34:45 - [TEST_STEP][PASSED] - if (var_merchant_token == 0): null&#xD;
&#xD;
2019-12-18 09:34:45 - [TEST_STEP][PASSED] - else: null&#xD;
&#xD;
2019-12-18 09:34:45 - [TEST_STEP][PASSED] - out.println("using access_token = " + access_token_merchant): null&#xD;
&#xD;
2019-12-18 09:34:45 - [TEST_STEP][PASSED] - listQuery = new java.util.ArrayList(): null&#xD;
&#xD;
2019-12-18 09:34:45 - [TEST_STEP][PASSED] - listQuery.add(new com.kms.katalon.core.testobject.TestObjectProperty(token, com.kms.katalon.core.testobject.ConditionType.EQUALS, internal.GlobalVariable.access_token_merchant)): null&#xD;
&#xD;
2019-12-18 09:34:45 - [TEST_STEP][PASSED] - request.setRestParameters(listQuery): null&#xD;
&#xD;
2019-12-18 09:34:45 - [TEST_STEP][PASSED] - response = sendRequest(request): Send request successfully&#xD;
&#xD;
2019-12-18 09:34:45 - [MESSAGE][INFO] - HAR: D:\katalon-ewallet\Reports\Dashboard_App\TS_changeUserStatus\TS_changeUserStatus\20191218_093427\requests\main\29.har&#xD;
&#xD;
2019-12-18 09:34:45 - [MESSAGE][PASSED] - Send request successfully&#xD;
&#xD;
2019-12-18 09:34:45 - [TEST_STEP][PASSED] - body_content = responseBodyContent: null&#xD;
&#xD;
2019-12-18 09:34:45 - [TEST_STEP][PASSED] - status_code = statusCode: null&#xD;
&#xD;
2019-12-18 09:34:45 - [TEST_STEP][PASSED] - respDataMap = JsonSlurper().parseText(body_content): null&#xD;
&#xD;
2019-12-18 09:34:45 - [TEST_STEP][PASSED] - out.println(respDataMap): null&#xD;
&#xD;
2019-12-18 09:34:45 - [TEST_STEP][PASSED] - println(body_content): null&#xD;
&#xD;
2019-12-18 09:34:45 - [TEST_STEP][PASSED] - rc_ref = ReturnCodeWrapper(var_expected_rc).getEnumRC(): null&#xD;
&#xD;
2019-12-18 09:34:45 - [TEST_STEP][PASSED] - out.println(var_expected_rc): null&#xD;
&#xD;
2019-12-18 09:34:45 - [TEST_STEP][PASSED] - out.println(rc_ref.getRCName()): null&#xD;
&#xD;
2019-12-18 09:34:45 - [TEST_STEP][PASSED] - out.println(rc_ref.getHttpResponse()): null&#xD;
&#xD;
2019-12-18 09:34:45 - [TEST_STEP][PASSED] - result = verifyEqual(response_code, rc_ref.getRCName()): Actual object 'RC00' and expected object 'RC00' are equal&#xD;
&#xD;
2019-12-18 09:34:45 - [MESSAGE][PASSED] - Actual object 'RC00' and expected object 'RC00' are equal&#xD;
&#xD;
2019-12-18 09:34:45 - [TEST_STEP][PASSED] - if (result == false): null&#xD;
&#xD;
2019-12-18 09:34:45 - [TEST_STEP][PASSED] - else: Actual object '200' and expected object '200' are equal&#xD;
&#xD;
2019-12-18 09:34:45 - [TEST_STEP][PASSED] - verifyEqual(statusCode, rc_ref.getHttpResponse()): Actual object '200' and expected object '200' are equal&#xD;
&#xD;
2019-12-18 09:34:45 - [MESSAGE][PASSED] - Actual object '200' and expected object '200' are equal</system-out>
            <system-err></system-err>
        </testcase>
        <testcase name="Test Cases/Dashboard_App/TS_changeUserStatus/TS_changeUserStatus" classname="Test Cases/Dashboard_App/TS_changeUserStatus/TS_changeUserStatus" status="PASSED">
            <system-out>2019-12-18 09:34:45 - [TEST_CASE][PASSED] - Test Cases/Dashboard_App/TS_changeUserStatus/TS_changeUserStatus: Test Cases/Dashboard_App/TS_changeUserStatus/TS_changeUserStatus&#xD;
&#xD;
2019-12-18 09:34:45 - [TEST_STEP][PASSED] - plain = "{" + ""user_agent":"" + var_user_agent + ""," + ""user_id":"" + var_user_id + ""," + ""status":"" + var_status + ""," + ""block_reason":"" + var_block_reason + ""," + ""block_until":"" + var_block_until + ""," + ""change_reason":"" + var_change_reason + ""}": null&#xD;
&#xD;
2019-12-18 09:34:45 - [TEST_STEP][PASSED] - partner_token = partner_token: null&#xD;
&#xD;
2019-12-18 09:34:45 - [TEST_STEP][PASSED] - out.println(plain): null&#xD;
&#xD;
2019-12-18 09:34:45 - [TEST_STEP][PASSED] - out.println("var_merchant_token" + var_merchant_token): null&#xD;
&#xD;
2019-12-18 09:34:45 - [TEST_STEP][PASSED] - out.println("var_partner_token" + var_partner_token): null&#xD;
&#xD;
2019-12-18 09:34:45 - [TEST_STEP][PASSED] - encipheredData = SecureUtils.encryptAesEwallet(plain, var_aes_key): null&#xD;
&#xD;
2019-12-18 09:34:45 - [TEST_STEP][PASSED] - body = "{"organisation_id":"" + var_organisation_id + ""," + ""data":"" + encipheredData + ""," + ""lang":"" + var_lang + ""}": null&#xD;
&#xD;
2019-12-18 09:34:45 - [TEST_STEP][PASSED] - out.println(body): null&#xD;
&#xD;
2019-12-18 09:34:45 - [TEST_STEP][PASSED] - request = findTestObject("Dashboard_App/obj_changeUserStatus"): null&#xD;
&#xD;
2019-12-18 09:34:45 - [TEST_STEP][PASSED] - request.setBodyContent(new com.kms.katalon.core.testobject.impl.HttpTextBodyContent(body, UTF-8, application/json)): null&#xD;
&#xD;
2019-12-18 09:34:45 - [TEST_STEP][PASSED] - if (var_merchant_token == 0): null&#xD;
&#xD;
2019-12-18 09:34:45 - [TEST_STEP][PASSED] - else: null&#xD;
&#xD;
2019-12-18 09:34:45 - [TEST_STEP][PASSED] - out.println("using access_token = " + access_token_merchant): null&#xD;
&#xD;
2019-12-18 09:34:45 - [TEST_STEP][PASSED] - listQuery = new java.util.ArrayList(): null&#xD;
&#xD;
2019-12-18 09:34:45 - [TEST_STEP][PASSED] - listQuery.add(new com.kms.katalon.core.testobject.TestObjectProperty(token, com.kms.katalon.core.testobject.ConditionType.EQUALS, internal.GlobalVariable.access_token_merchant)): null&#xD;
&#xD;
2019-12-18 09:34:45 - [TEST_STEP][PASSED] - request.setRestParameters(listQuery): null&#xD;
&#xD;
2019-12-18 09:34:45 - [TEST_STEP][PASSED] - response = sendRequest(request): Send request successfully&#xD;
&#xD;
2019-12-18 09:34:45 - [MESSAGE][INFO] - HAR: D:\katalon-ewallet\Reports\Dashboard_App\TS_changeUserStatus\TS_changeUserStatus\20191218_093427\requests\main\30.har&#xD;
&#xD;
2019-12-18 09:34:45 - [MESSAGE][PASSED] - Send request successfully&#xD;
&#xD;
2019-12-18 09:34:45 - [TEST_STEP][PASSED] - body_content = responseBodyContent: null&#xD;
&#xD;
2019-12-18 09:34:45 - [TEST_STEP][PASSED] - status_code = statusCode: null&#xD;
&#xD;
2019-12-18 09:34:45 - [TEST_STEP][PASSED] - respDataMap = JsonSlurper().parseText(body_content): null&#xD;
&#xD;
2019-12-18 09:34:45 - [TEST_STEP][PASSED] - out.println(respDataMap): null&#xD;
&#xD;
2019-12-18 09:34:45 - [TEST_STEP][PASSED] - println(body_content): null&#xD;
&#xD;
2019-12-18 09:34:45 - [TEST_STEP][PASSED] - rc_ref = ReturnCodeWrapper(var_expected_rc).getEnumRC(): null&#xD;
&#xD;
2019-12-18 09:34:45 - [TEST_STEP][PASSED] - out.println(var_expected_rc): null&#xD;
&#xD;
2019-12-18 09:34:45 - [TEST_STEP][PASSED] - out.println(rc_ref.getRCName()): null&#xD;
&#xD;
2019-12-18 09:34:45 - [TEST_STEP][PASSED] - out.println(rc_ref.getHttpResponse()): null&#xD;
&#xD;
2019-12-18 09:34:45 - [TEST_STEP][PASSED] - result = verifyEqual(response_code, rc_ref.getRCName()): Actual object 'RC01' and expected object 'RC01' are equal&#xD;
&#xD;
2019-12-18 09:34:45 - [MESSAGE][PASSED] - Actual object 'RC01' and expected object 'RC01' are equal&#xD;
&#xD;
2019-12-18 09:34:45 - [TEST_STEP][PASSED] - if (result == false): null&#xD;
&#xD;
2019-12-18 09:34:45 - [TEST_STEP][PASSED] - else: Actual object '400' and expected object '400' are equal&#xD;
&#xD;
2019-12-18 09:34:45 - [TEST_STEP][PASSED] - verifyEqual(statusCode, rc_ref.getHttpResponse()): Actual object '400' and expected object '400' are equal&#xD;
&#xD;
2019-12-18 09:34:45 - [MESSAGE][PASSED] - Actual object '400' and expected object '400' are equal</system-out>
            <system-err></system-err>
        </testcase>
        <testcase name="Test Cases/Dashboard_App/TS_changeUserStatus/TS_changeUserStatus" classname="Test Cases/Dashboard_App/TS_changeUserStatus/TS_changeUserStatus" status="PASSED">
            <system-out>2019-12-18 09:34:45 - [TEST_CASE][PASSED] - Test Cases/Dashboard_App/TS_changeUserStatus/TS_changeUserStatus: Test Cases/Dashboard_App/TS_changeUserStatus/TS_changeUserStatus&#xD;
&#xD;
2019-12-18 09:34:45 - [TEST_STEP][PASSED] - plain = "{" + ""user_agent":"" + var_user_agent + ""," + ""user_id":"" + var_user_id + ""," + ""status":"" + var_status + ""," + ""block_reason":"" + var_block_reason + ""," + ""block_until":"" + var_block_until + ""," + ""change_reason":"" + var_change_reason + ""}": null&#xD;
&#xD;
2019-12-18 09:34:45 - [TEST_STEP][PASSED] - partner_token = partner_token: null&#xD;
&#xD;
2019-12-18 09:34:45 - [TEST_STEP][PASSED] - out.println(plain): null&#xD;
&#xD;
2019-12-18 09:34:45 - [TEST_STEP][PASSED] - out.println("var_merchant_token" + var_merchant_token): null&#xD;
&#xD;
2019-12-18 09:34:45 - [TEST_STEP][PASSED] - out.println("var_partner_token" + var_partner_token): null&#xD;
&#xD;
2019-12-18 09:34:45 - [TEST_STEP][PASSED] - encipheredData = SecureUtils.encryptAesEwallet(plain, var_aes_key): null&#xD;
&#xD;
2019-12-18 09:34:45 - [TEST_STEP][PASSED] - body = "{"organisation_id":"" + var_organisation_id + ""," + ""data":"" + encipheredData + ""," + ""lang":"" + var_lang + ""}": null&#xD;
&#xD;
2019-12-18 09:34:45 - [TEST_STEP][PASSED] - out.println(body): null&#xD;
&#xD;
2019-12-18 09:34:45 - [TEST_STEP][PASSED] - request = findTestObject("Dashboard_App/obj_changeUserStatus"): null&#xD;
&#xD;
2019-12-18 09:34:45 - [TEST_STEP][PASSED] - request.setBodyContent(new com.kms.katalon.core.testobject.impl.HttpTextBodyContent(body, UTF-8, application/json)): null&#xD;
&#xD;
2019-12-18 09:34:45 - [TEST_STEP][PASSED] - if (var_merchant_token == 0): null&#xD;
&#xD;
2019-12-18 09:34:45 - [TEST_STEP][PASSED] - else: null&#xD;
&#xD;
2019-12-18 09:34:45 - [TEST_STEP][PASSED] - out.println("using access_token = " + access_token_merchant): null&#xD;
&#xD;
2019-12-18 09:34:45 - [TEST_STEP][PASSED] - listQuery = new java.util.ArrayList(): null&#xD;
&#xD;
2019-12-18 09:34:45 - [TEST_STEP][PASSED] - listQuery.add(new com.kms.katalon.core.testobject.TestObjectProperty(token, com.kms.katalon.core.testobject.ConditionType.EQUALS, internal.GlobalVariable.access_token_merchant)): null&#xD;
&#xD;
2019-12-18 09:34:45 - [TEST_STEP][PASSED] - request.setRestParameters(listQuery): null&#xD;
&#xD;
2019-12-18 09:34:45 - [TEST_STEP][PASSED] - response = sendRequest(request): Send request successfully&#xD;
&#xD;
2019-12-18 09:34:45 - [MESSAGE][INFO] - HAR: D:\katalon-ewallet\Reports\Dashboard_App\TS_changeUserStatus\TS_changeUserStatus\20191218_093427\requests\main\31.har&#xD;
&#xD;
2019-12-18 09:34:45 - [MESSAGE][PASSED] - Send request successfully&#xD;
&#xD;
2019-12-18 09:34:45 - [TEST_STEP][PASSED] - body_content = responseBodyContent: null&#xD;
&#xD;
2019-12-18 09:34:45 - [TEST_STEP][PASSED] - status_code = statusCode: null&#xD;
&#xD;
2019-12-18 09:34:45 - [TEST_STEP][PASSED] - respDataMap = JsonSlurper().parseText(body_content): null&#xD;
&#xD;
2019-12-18 09:34:45 - [TEST_STEP][PASSED] - out.println(respDataMap): null&#xD;
&#xD;
2019-12-18 09:34:45 - [TEST_STEP][PASSED] - println(body_content): null&#xD;
&#xD;
2019-12-18 09:34:45 - [TEST_STEP][PASSED] - rc_ref = ReturnCodeWrapper(var_expected_rc).getEnumRC(): null&#xD;
&#xD;
2019-12-18 09:34:45 - [TEST_STEP][PASSED] - out.println(var_expected_rc): null&#xD;
&#xD;
2019-12-18 09:34:45 - [TEST_STEP][PASSED] - out.println(rc_ref.getRCName()): null&#xD;
&#xD;
2019-12-18 09:34:45 - [TEST_STEP][PASSED] - out.println(rc_ref.getHttpResponse()): null&#xD;
&#xD;
2019-12-18 09:34:45 - [TEST_STEP][PASSED] - result = verifyEqual(response_code, rc_ref.getRCName()): Actual object 'RC01' and expected object 'RC01' are equal&#xD;
&#xD;
2019-12-18 09:34:45 - [MESSAGE][PASSED] - Actual object 'RC01' and expected object 'RC01' are equal&#xD;
&#xD;
2019-12-18 09:34:45 - [TEST_STEP][PASSED] - if (result == false): null&#xD;
&#xD;
2019-12-18 09:34:45 - [TEST_STEP][PASSED] - else: Actual object '400' and expected object '400' are equal&#xD;
&#xD;
2019-12-18 09:34:45 - [TEST_STEP][PASSED] - verifyEqual(statusCode, rc_ref.getHttpResponse()): Actual object '400' and expected object '400' are equal&#xD;
&#xD;
2019-12-18 09:34:45 - [MESSAGE][PASSED] - Actual object '400' and expected object '400' are equal</system-out>
            <system-err></system-err>
        </testcase>
        <testcase name="Test Cases/Dashboard_App/TS_changeUserStatus/TS_changeUserStatus" classname="Test Cases/Dashboard_App/TS_changeUserStatus/TS_changeUserStatus" status="PASSED">
            <system-out>2019-12-18 09:34:45 - [TEST_CASE][PASSED] - Test Cases/Dashboard_App/TS_changeUserStatus/TS_changeUserStatus: Test Cases/Dashboard_App/TS_changeUserStatus/TS_changeUserStatus&#xD;
&#xD;
2019-12-18 09:34:45 - [TEST_STEP][PASSED] - plain = "{" + ""user_agent":"" + var_user_agent + ""," + ""user_id":"" + var_user_id + ""," + ""status":"" + var_status + ""," + ""block_reason":"" + var_block_reason + ""," + ""block_until":"" + var_block_until + ""," + ""change_reason":"" + var_change_reason + ""}": null&#xD;
&#xD;
2019-12-18 09:34:45 - [TEST_STEP][PASSED] - partner_token = partner_token: null&#xD;
&#xD;
2019-12-18 09:34:45 - [TEST_STEP][PASSED] - out.println(plain): null&#xD;
&#xD;
2019-12-18 09:34:45 - [TEST_STEP][PASSED] - out.println("var_merchant_token" + var_merchant_token): null&#xD;
&#xD;
2019-12-18 09:34:45 - [TEST_STEP][PASSED] - out.println("var_partner_token" + var_partner_token): null&#xD;
&#xD;
2019-12-18 09:34:45 - [TEST_STEP][PASSED] - encipheredData = SecureUtils.encryptAesEwallet(plain, var_aes_key): null&#xD;
&#xD;
2019-12-18 09:34:45 - [TEST_STEP][PASSED] - body = "{"organisation_id":"" + var_organisation_id + ""," + ""data":"" + encipheredData + ""," + ""lang":"" + var_lang + ""}": null&#xD;
&#xD;
2019-12-18 09:34:45 - [TEST_STEP][PASSED] - out.println(body): null&#xD;
&#xD;
2019-12-18 09:34:45 - [TEST_STEP][PASSED] - request = findTestObject("Dashboard_App/obj_changeUserStatus"): null&#xD;
&#xD;
2019-12-18 09:34:45 - [TEST_STEP][PASSED] - request.setBodyContent(new com.kms.katalon.core.testobject.impl.HttpTextBodyContent(body, UTF-8, application/json)): null&#xD;
&#xD;
2019-12-18 09:34:45 - [TEST_STEP][PASSED] - if (var_merchant_token == 0): null&#xD;
&#xD;
2019-12-18 09:34:45 - [TEST_STEP][PASSED] - else: null&#xD;
&#xD;
2019-12-18 09:34:45 - [TEST_STEP][PASSED] - out.println("using access_token = " + access_token_merchant): null&#xD;
&#xD;
2019-12-18 09:34:45 - [TEST_STEP][PASSED] - listQuery = new java.util.ArrayList(): null&#xD;
&#xD;
2019-12-18 09:34:45 - [TEST_STEP][PASSED] - listQuery.add(new com.kms.katalon.core.testobject.TestObjectProperty(token, com.kms.katalon.core.testobject.ConditionType.EQUALS, internal.GlobalVariable.access_token_merchant)): null&#xD;
&#xD;
2019-12-18 09:34:45 - [TEST_STEP][PASSED] - request.setRestParameters(listQuery): null&#xD;
&#xD;
2019-12-18 09:34:45 - [TEST_STEP][PASSED] - response = sendRequest(request): Send request successfully&#xD;
&#xD;
2019-12-18 09:34:45 - [MESSAGE][INFO] - HAR: D:\katalon-ewallet\Reports\Dashboard_App\TS_changeUserStatus\TS_changeUserStatus\20191218_093427\requests\main\32.har&#xD;
&#xD;
2019-12-18 09:34:45 - [MESSAGE][PASSED] - Send request successfully&#xD;
&#xD;
2019-12-18 09:34:45 - [TEST_STEP][PASSED] - body_content = responseBodyContent: null&#xD;
&#xD;
2019-12-18 09:34:45 - [TEST_STEP][PASSED] - status_code = statusCode: null&#xD;
&#xD;
2019-12-18 09:34:45 - [TEST_STEP][PASSED] - respDataMap = JsonSlurper().parseText(body_content): null&#xD;
&#xD;
2019-12-18 09:34:45 - [TEST_STEP][PASSED] - out.println(respDataMap): null&#xD;
&#xD;
2019-12-18 09:34:45 - [TEST_STEP][PASSED] - println(body_content): null&#xD;
&#xD;
2019-12-18 09:34:45 - [TEST_STEP][PASSED] - rc_ref = ReturnCodeWrapper(var_expected_rc).getEnumRC(): null&#xD;
&#xD;
2019-12-18 09:34:45 - [TEST_STEP][PASSED] - out.println(var_expected_rc): null&#xD;
&#xD;
2019-12-18 09:34:45 - [TEST_STEP][PASSED] - out.println(rc_ref.getRCName()): null&#xD;
&#xD;
2019-12-18 09:34:45 - [TEST_STEP][PASSED] - out.println(rc_ref.getHttpResponse()): null&#xD;
&#xD;
2019-12-18 09:34:45 - [TEST_STEP][PASSED] - result = verifyEqual(response_code, rc_ref.getRCName()): Actual object 'RC01' and expected object 'RC01' are equal&#xD;
&#xD;
2019-12-18 09:34:45 - [MESSAGE][PASSED] - Actual object 'RC01' and expected object 'RC01' are equal&#xD;
&#xD;
2019-12-18 09:34:45 - [TEST_STEP][PASSED] - if (result == false): null&#xD;
&#xD;
2019-12-18 09:34:45 - [TEST_STEP][PASSED] - else: Actual object '400' and expected object '400' are equal&#xD;
&#xD;
2019-12-18 09:34:45 - [TEST_STEP][PASSED] - verifyEqual(statusCode, rc_ref.getHttpResponse()): Actual object '400' and expected object '400' are equal&#xD;
&#xD;
2019-12-18 09:34:45 - [MESSAGE][PASSED] - Actual object '400' and expected object '400' are equal</system-out>
            <system-err></system-err>
        </testcase>
        <testcase name="Test Cases/Dashboard_App/TS_changeUserStatus/TS_changeUserStatus" classname="Test Cases/Dashboard_App/TS_changeUserStatus/TS_changeUserStatus" status="PASSED">
            <system-out>2019-12-18 09:34:45 - [TEST_CASE][PASSED] - Test Cases/Dashboard_App/TS_changeUserStatus/TS_changeUserStatus: Test Cases/Dashboard_App/TS_changeUserStatus/TS_changeUserStatus&#xD;
&#xD;
2019-12-18 09:34:45 - [TEST_STEP][PASSED] - plain = "{" + ""user_agent":"" + var_user_agent + ""," + ""user_id":"" + var_user_id + ""," + ""status":"" + var_status + ""," + ""block_reason":"" + var_block_reason + ""," + ""block_until":"" + var_block_until + ""," + ""change_reason":"" + var_change_reason + ""}": null&#xD;
&#xD;
2019-12-18 09:34:45 - [TEST_STEP][PASSED] - partner_token = partner_token: null&#xD;
&#xD;
2019-12-18 09:34:45 - [TEST_STEP][PASSED] - out.println(plain): null&#xD;
&#xD;
2019-12-18 09:34:45 - [TEST_STEP][PASSED] - out.println("var_merchant_token" + var_merchant_token): null&#xD;
&#xD;
2019-12-18 09:34:45 - [TEST_STEP][PASSED] - out.println("var_partner_token" + var_partner_token): null&#xD;
&#xD;
2019-12-18 09:34:45 - [TEST_STEP][PASSED] - encipheredData = SecureUtils.encryptAesEwallet(plain, var_aes_key): null&#xD;
&#xD;
2019-12-18 09:34:45 - [TEST_STEP][PASSED] - body = "{"organisation_id":"" + var_organisation_id + ""," + ""data":"" + encipheredData + ""," + ""lang":"" + var_lang + ""}": null&#xD;
&#xD;
2019-12-18 09:34:45 - [TEST_STEP][PASSED] - out.println(body): null&#xD;
&#xD;
2019-12-18 09:34:45 - [TEST_STEP][PASSED] - request = findTestObject("Dashboard_App/obj_changeUserStatus"): null&#xD;
&#xD;
2019-12-18 09:34:45 - [TEST_STEP][PASSED] - request.setBodyContent(new com.kms.katalon.core.testobject.impl.HttpTextBodyContent(body, UTF-8, application/json)): null&#xD;
&#xD;
2019-12-18 09:34:45 - [TEST_STEP][PASSED] - if (var_merchant_token == 0): null&#xD;
&#xD;
2019-12-18 09:34:45 - [TEST_STEP][PASSED] - else: null&#xD;
&#xD;
2019-12-18 09:34:45 - [TEST_STEP][PASSED] - out.println("using access_token = " + access_token_merchant): null&#xD;
&#xD;
2019-12-18 09:34:45 - [TEST_STEP][PASSED] - listQuery = new java.util.ArrayList(): null&#xD;
&#xD;
2019-12-18 09:34:45 - [TEST_STEP][PASSED] - listQuery.add(new com.kms.katalon.core.testobject.TestObjectProperty(token, com.kms.katalon.core.testobject.ConditionType.EQUALS, internal.GlobalVariable.access_token_merchant)): null&#xD;
&#xD;
2019-12-18 09:34:45 - [TEST_STEP][PASSED] - request.setRestParameters(listQuery): null&#xD;
&#xD;
2019-12-18 09:34:45 - [TEST_STEP][PASSED] - response = sendRequest(request): Send request successfully&#xD;
&#xD;
2019-12-18 09:34:45 - [MESSAGE][INFO] - HAR: D:\katalon-ewallet\Reports\Dashboard_App\TS_changeUserStatus\TS_changeUserStatus\20191218_093427\requests\main\33.har&#xD;
&#xD;
2019-12-18 09:34:45 - [MESSAGE][PASSED] - Send request successfully&#xD;
&#xD;
2019-12-18 09:34:45 - [TEST_STEP][PASSED] - body_content = responseBodyContent: null&#xD;
&#xD;
2019-12-18 09:34:45 - [TEST_STEP][PASSED] - status_code = statusCode: null&#xD;
&#xD;
2019-12-18 09:34:45 - [TEST_STEP][PASSED] - respDataMap = JsonSlurper().parseText(body_content): null&#xD;
&#xD;
2019-12-18 09:34:45 - [TEST_STEP][PASSED] - out.println(respDataMap): null&#xD;
&#xD;
2019-12-18 09:34:45 - [TEST_STEP][PASSED] - println(body_content): null&#xD;
&#xD;
2019-12-18 09:34:45 - [TEST_STEP][PASSED] - rc_ref = ReturnCodeWrapper(var_expected_rc).getEnumRC(): null&#xD;
&#xD;
2019-12-18 09:34:45 - [TEST_STEP][PASSED] - out.println(var_expected_rc): null&#xD;
&#xD;
2019-12-18 09:34:45 - [TEST_STEP][PASSED] - out.println(rc_ref.getRCName()): null&#xD;
&#xD;
2019-12-18 09:34:45 - [TEST_STEP][PASSED] - out.println(rc_ref.getHttpResponse()): null&#xD;
&#xD;
2019-12-18 09:34:45 - [TEST_STEP][PASSED] - result = verifyEqual(response_code, rc_ref.getRCName()): Actual object 'RC01' and expected object 'RC01' are equal&#xD;
&#xD;
2019-12-18 09:34:45 - [MESSAGE][PASSED] - Actual object 'RC01' and expected object 'RC01' are equal&#xD;
&#xD;
2019-12-18 09:34:45 - [TEST_STEP][PASSED] - if (result == false): null&#xD;
&#xD;
2019-12-18 09:34:45 - [TEST_STEP][PASSED] - else: Actual object '400' and expected object '400' are equal&#xD;
&#xD;
2019-12-18 09:34:45 - [TEST_STEP][PASSED] - verifyEqual(statusCode, rc_ref.getHttpResponse()): Actual object '400' and expected object '400' are equal&#xD;
&#xD;
2019-12-18 09:34:45 - [MESSAGE][PASSED] - Actual object '400' and expected object '400' are equal</system-out>
            <system-err></system-err>
        </testcase>
        <testcase name="Test Cases/Dashboard_App/TS_changeUserStatus/TS_changeUserStatus" classname="Test Cases/Dashboard_App/TS_changeUserStatus/TS_changeUserStatus" status="PASSED">
            <system-out>2019-12-18 09:34:45 - [TEST_CASE][PASSED] - Test Cases/Dashboard_App/TS_changeUserStatus/TS_changeUserStatus: Test Cases/Dashboard_App/TS_changeUserStatus/TS_changeUserStatus&#xD;
&#xD;
2019-12-18 09:34:45 - [TEST_STEP][PASSED] - plain = "{" + ""user_agent":"" + var_user_agent + ""," + ""user_id":"" + var_user_id + ""," + ""status":"" + var_status + ""," + ""block_reason":"" + var_block_reason + ""," + ""block_until":"" + var_block_until + ""," + ""change_reason":"" + var_change_reason + ""}": null&#xD;
&#xD;
2019-12-18 09:34:45 - [TEST_STEP][PASSED] - partner_token = partner_token: null&#xD;
&#xD;
2019-12-18 09:34:45 - [TEST_STEP][PASSED] - out.println(plain): null&#xD;
&#xD;
2019-12-18 09:34:45 - [TEST_STEP][PASSED] - out.println("var_merchant_token" + var_merchant_token): null&#xD;
&#xD;
2019-12-18 09:34:45 - [TEST_STEP][PASSED] - out.println("var_partner_token" + var_partner_token): null&#xD;
&#xD;
2019-12-18 09:34:45 - [TEST_STEP][PASSED] - encipheredData = SecureUtils.encryptAesEwallet(plain, var_aes_key): null&#xD;
&#xD;
2019-12-18 09:34:45 - [TEST_STEP][PASSED] - body = "{"organisation_id":"" + var_organisation_id + ""," + ""data":"" + encipheredData + ""," + ""lang":"" + var_lang + ""}": null&#xD;
&#xD;
2019-12-18 09:34:45 - [TEST_STEP][PASSED] - out.println(body): null&#xD;
&#xD;
2019-12-18 09:34:45 - [TEST_STEP][PASSED] - request = findTestObject("Dashboard_App/obj_changeUserStatus"): null&#xD;
&#xD;
2019-12-18 09:34:46 - [TEST_STEP][PASSED] - request.setBodyContent(new com.kms.katalon.core.testobject.impl.HttpTextBodyContent(body, UTF-8, application/json)): null&#xD;
&#xD;
2019-12-18 09:34:46 - [TEST_STEP][PASSED] - if (var_merchant_token == 0): null&#xD;
&#xD;
2019-12-18 09:34:46 - [TEST_STEP][PASSED] - else: null&#xD;
&#xD;
2019-12-18 09:34:46 - [TEST_STEP][PASSED] - out.println("using access_token = " + access_token_merchant): null&#xD;
&#xD;
2019-12-18 09:34:46 - [TEST_STEP][PASSED] - listQuery = new java.util.ArrayList(): null&#xD;
&#xD;
2019-12-18 09:34:46 - [TEST_STEP][PASSED] - listQuery.add(new com.kms.katalon.core.testobject.TestObjectProperty(token, com.kms.katalon.core.testobject.ConditionType.EQUALS, internal.GlobalVariable.access_token_merchant)): null&#xD;
&#xD;
2019-12-18 09:34:46 - [TEST_STEP][PASSED] - request.setRestParameters(listQuery): null&#xD;
&#xD;
2019-12-18 09:34:46 - [TEST_STEP][PASSED] - response = sendRequest(request): Send request successfully&#xD;
&#xD;
2019-12-18 09:34:46 - [MESSAGE][INFO] - HAR: D:\katalon-ewallet\Reports\Dashboard_App\TS_changeUserStatus\TS_changeUserStatus\20191218_093427\requests\main\34.har&#xD;
&#xD;
2019-12-18 09:34:46 - [MESSAGE][PASSED] - Send request successfully&#xD;
&#xD;
2019-12-18 09:34:46 - [TEST_STEP][PASSED] - body_content = responseBodyContent: null&#xD;
&#xD;
2019-12-18 09:34:46 - [TEST_STEP][PASSED] - status_code = statusCode: null&#xD;
&#xD;
2019-12-18 09:34:46 - [TEST_STEP][PASSED] - respDataMap = JsonSlurper().parseText(body_content): null&#xD;
&#xD;
2019-12-18 09:34:46 - [TEST_STEP][PASSED] - out.println(respDataMap): null&#xD;
&#xD;
2019-12-18 09:34:46 - [TEST_STEP][PASSED] - println(body_content): null&#xD;
&#xD;
2019-12-18 09:34:46 - [TEST_STEP][PASSED] - rc_ref = ReturnCodeWrapper(var_expected_rc).getEnumRC(): null&#xD;
&#xD;
2019-12-18 09:34:46 - [TEST_STEP][PASSED] - out.println(var_expected_rc): null&#xD;
&#xD;
2019-12-18 09:34:46 - [TEST_STEP][PASSED] - out.println(rc_ref.getRCName()): null&#xD;
&#xD;
2019-12-18 09:34:46 - [TEST_STEP][PASSED] - out.println(rc_ref.getHttpResponse()): null&#xD;
&#xD;
2019-12-18 09:34:46 - [TEST_STEP][PASSED] - result = verifyEqual(response_code, rc_ref.getRCName()): Actual object 'RC09' and expected object 'RC09' are equal&#xD;
&#xD;
2019-12-18 09:34:46 - [MESSAGE][PASSED] - Actual object 'RC09' and expected object 'RC09' are equal&#xD;
&#xD;
2019-12-18 09:34:46 - [TEST_STEP][PASSED] - if (result == false): null&#xD;
&#xD;
2019-12-18 09:34:46 - [TEST_STEP][PASSED] - else: Actual object '401' and expected object '401' are equal&#xD;
&#xD;
2019-12-18 09:34:46 - [TEST_STEP][PASSED] - verifyEqual(statusCode, rc_ref.getHttpResponse()): Actual object '401' and expected object '401' are equal&#xD;
&#xD;
2019-12-18 09:34:46 - [MESSAGE][PASSED] - Actual object '401' and expected object '401' are equal</system-out>
            <system-err></system-err>
        </testcase>
        <testcase name="Test Cases/Dashboard_App/TS_changeUserStatus/TS_changeUserStatus" classname="Test Cases/Dashboard_App/TS_changeUserStatus/TS_changeUserStatus" status="PASSED">
            <system-out>2019-12-18 09:34:46 - [TEST_CASE][PASSED] - Test Cases/Dashboard_App/TS_changeUserStatus/TS_changeUserStatus: Test Cases/Dashboard_App/TS_changeUserStatus/TS_changeUserStatus&#xD;
&#xD;
2019-12-18 09:34:46 - [TEST_STEP][PASSED] - plain = "{" + ""user_agent":"" + var_user_agent + ""," + ""user_id":"" + var_user_id + ""," + ""status":"" + var_status + ""," + ""block_reason":"" + var_block_reason + ""," + ""block_until":"" + var_block_until + ""," + ""change_reason":"" + var_change_reason + ""}": null&#xD;
&#xD;
2019-12-18 09:34:46 - [TEST_STEP][PASSED] - partner_token = partner_token: null&#xD;
&#xD;
2019-12-18 09:34:46 - [TEST_STEP][PASSED] - out.println(plain): null&#xD;
&#xD;
2019-12-18 09:34:46 - [TEST_STEP][PASSED] - out.println("var_merchant_token" + var_merchant_token): null&#xD;
&#xD;
2019-12-18 09:34:46 - [TEST_STEP][PASSED] - out.println("var_partner_token" + var_partner_token): null&#xD;
&#xD;
2019-12-18 09:34:46 - [TEST_STEP][PASSED] - encipheredData = SecureUtils.encryptAesEwallet(plain, var_aes_key): null&#xD;
&#xD;
2019-12-18 09:34:46 - [TEST_STEP][PASSED] - body = "{"organisation_id":"" + var_organisation_id + ""," + ""data":"" + encipheredData + ""," + ""lang":"" + var_lang + ""}": null&#xD;
&#xD;
2019-12-18 09:34:46 - [TEST_STEP][PASSED] - out.println(body): null&#xD;
&#xD;
2019-12-18 09:34:46 - [TEST_STEP][PASSED] - request = findTestObject("Dashboard_App/obj_changeUserStatus"): null&#xD;
&#xD;
2019-12-18 09:34:46 - [TEST_STEP][PASSED] - request.setBodyContent(new com.kms.katalon.core.testobject.impl.HttpTextBodyContent(body, UTF-8, application/json)): null&#xD;
&#xD;
2019-12-18 09:34:46 - [TEST_STEP][PASSED] - if (var_merchant_token == 0): null&#xD;
&#xD;
2019-12-18 09:34:46 - [TEST_STEP][PASSED] - else: null&#xD;
&#xD;
2019-12-18 09:34:46 - [TEST_STEP][PASSED] - out.println("using access_token = " + access_token_merchant): null&#xD;
&#xD;
2019-12-18 09:34:46 - [TEST_STEP][PASSED] - listQuery = new java.util.ArrayList(): null&#xD;
&#xD;
2019-12-18 09:34:46 - [TEST_STEP][PASSED] - listQuery.add(new com.kms.katalon.core.testobject.TestObjectProperty(token, com.kms.katalon.core.testobject.ConditionType.EQUALS, internal.GlobalVariable.access_token_merchant)): null&#xD;
&#xD;
2019-12-18 09:34:46 - [TEST_STEP][PASSED] - request.setRestParameters(listQuery): null&#xD;
&#xD;
2019-12-18 09:34:46 - [TEST_STEP][PASSED] - response = sendRequest(request): Send request successfully&#xD;
&#xD;
2019-12-18 09:34:46 - [MESSAGE][INFO] - HAR: D:\katalon-ewallet\Reports\Dashboard_App\TS_changeUserStatus\TS_changeUserStatus\20191218_093427\requests\main\35.har&#xD;
&#xD;
2019-12-18 09:34:46 - [MESSAGE][PASSED] - Send request successfully&#xD;
&#xD;
2019-12-18 09:34:46 - [TEST_STEP][PASSED] - body_content = responseBodyContent: null&#xD;
&#xD;
2019-12-18 09:34:46 - [TEST_STEP][PASSED] - status_code = statusCode: null&#xD;
&#xD;
2019-12-18 09:34:46 - [TEST_STEP][PASSED] - respDataMap = JsonSlurper().parseText(body_content): null&#xD;
&#xD;
2019-12-18 09:34:46 - [TEST_STEP][PASSED] - out.println(respDataMap): null&#xD;
&#xD;
2019-12-18 09:34:46 - [TEST_STEP][PASSED] - println(body_content): null&#xD;
&#xD;
2019-12-18 09:34:46 - [TEST_STEP][PASSED] - rc_ref = ReturnCodeWrapper(var_expected_rc).getEnumRC(): null&#xD;
&#xD;
2019-12-18 09:34:46 - [TEST_STEP][PASSED] - out.println(var_expected_rc): null&#xD;
&#xD;
2019-12-18 09:34:46 - [TEST_STEP][PASSED] - out.println(rc_ref.getRCName()): null&#xD;
&#xD;
2019-12-18 09:34:46 - [TEST_STEP][PASSED] - out.println(rc_ref.getHttpResponse()): null&#xD;
&#xD;
2019-12-18 09:34:46 - [TEST_STEP][PASSED] - result = verifyEqual(response_code, rc_ref.getRCName()): Actual object 'RC09' and expected object 'RC09' are equal&#xD;
&#xD;
2019-12-18 09:34:46 - [MESSAGE][PASSED] - Actual object 'RC09' and expected object 'RC09' are equal&#xD;
&#xD;
2019-12-18 09:34:46 - [TEST_STEP][PASSED] - if (result == false): null&#xD;
&#xD;
2019-12-18 09:34:46 - [TEST_STEP][PASSED] - else: Actual object '401' and expected object '401' are equal&#xD;
&#xD;
2019-12-18 09:34:46 - [TEST_STEP][PASSED] - verifyEqual(statusCode, rc_ref.getHttpResponse()): Actual object '401' and expected object '401' are equal&#xD;
&#xD;
2019-12-18 09:34:46 - [MESSAGE][PASSED] - Actual object '401' and expected object '401' are equal</system-out>
            <system-err></system-err>
        </testcase>
        <testcase name="Test Cases/Dashboard_App/TS_changeUserStatus/TS_changeUserStatus" classname="Test Cases/Dashboard_App/TS_changeUserStatus/TS_changeUserStatus" status="PASSED">
            <system-out>2019-12-18 09:34:46 - [TEST_CASE][PASSED] - Test Cases/Dashboard_App/TS_changeUserStatus/TS_changeUserStatus: Test Cases/Dashboard_App/TS_changeUserStatus/TS_changeUserStatus&#xD;
&#xD;
2019-12-18 09:34:46 - [TEST_STEP][PASSED] - plain = "{" + ""user_agent":"" + var_user_agent + ""," + ""user_id":"" + var_user_id + ""," + ""status":"" + var_status + ""," + ""block_reason":"" + var_block_reason + ""," + ""block_until":"" + var_block_until + ""," + ""change_reason":"" + var_change_reason + ""}": null&#xD;
&#xD;
2019-12-18 09:34:46 - [TEST_STEP][PASSED] - partner_token = partner_token: null&#xD;
&#xD;
2019-12-18 09:34:46 - [TEST_STEP][PASSED] - out.println(plain): null&#xD;
&#xD;
2019-12-18 09:34:46 - [TEST_STEP][PASSED] - out.println("var_merchant_token" + var_merchant_token): null&#xD;
&#xD;
2019-12-18 09:34:46 - [TEST_STEP][PASSED] - out.println("var_partner_token" + var_partner_token): null&#xD;
&#xD;
2019-12-18 09:34:46 - [TEST_STEP][PASSED] - encipheredData = SecureUtils.encryptAesEwallet(plain, var_aes_key): null&#xD;
&#xD;
2019-12-18 09:34:46 - [TEST_STEP][PASSED] - body = "{"organisation_id":"" + var_organisation_id + ""," + ""data":"" + encipheredData + ""," + ""lang":"" + var_lang + ""}": null&#xD;
&#xD;
2019-12-18 09:34:46 - [TEST_STEP][PASSED] - out.println(body): null&#xD;
&#xD;
2019-12-18 09:34:46 - [TEST_STEP][PASSED] - request = findTestObject("Dashboard_App/obj_changeUserStatus"): null&#xD;
&#xD;
2019-12-18 09:34:46 - [TEST_STEP][PASSED] - request.setBodyContent(new com.kms.katalon.core.testobject.impl.HttpTextBodyContent(body, UTF-8, application/json)): null&#xD;
&#xD;
2019-12-18 09:34:46 - [TEST_STEP][PASSED] - if (var_merchant_token == 0): null&#xD;
&#xD;
2019-12-18 09:34:46 - [TEST_STEP][PASSED] - else: null&#xD;
&#xD;
2019-12-18 09:34:46 - [TEST_STEP][PASSED] - out.println("using access_token = " + access_token_merchant): null&#xD;
&#xD;
2019-12-18 09:34:46 - [TEST_STEP][PASSED] - listQuery = new java.util.ArrayList(): null&#xD;
&#xD;
2019-12-18 09:34:46 - [TEST_STEP][PASSED] - listQuery.add(new com.kms.katalon.core.testobject.TestObjectProperty(token, com.kms.katalon.core.testobject.ConditionType.EQUALS, internal.GlobalVariable.access_token_merchant)): null&#xD;
&#xD;
2019-12-18 09:34:46 - [TEST_STEP][PASSED] - request.setRestParameters(listQuery): null&#xD;
&#xD;
2019-12-18 09:34:46 - [TEST_STEP][PASSED] - response = sendRequest(request): Send request successfully&#xD;
&#xD;
2019-12-18 09:34:46 - [MESSAGE][INFO] - HAR: D:\katalon-ewallet\Reports\Dashboard_App\TS_changeUserStatus\TS_changeUserStatus\20191218_093427\requests\main\36.har&#xD;
&#xD;
2019-12-18 09:34:46 - [MESSAGE][PASSED] - Send request successfully&#xD;
&#xD;
2019-12-18 09:34:46 - [TEST_STEP][PASSED] - body_content = responseBodyContent: null&#xD;
&#xD;
2019-12-18 09:34:46 - [TEST_STEP][PASSED] - status_code = statusCode: null&#xD;
&#xD;
2019-12-18 09:34:46 - [TEST_STEP][PASSED] - respDataMap = JsonSlurper().parseText(body_content): null&#xD;
&#xD;
2019-12-18 09:34:46 - [TEST_STEP][PASSED] - out.println(respDataMap): null&#xD;
&#xD;
2019-12-18 09:34:46 - [TEST_STEP][PASSED] - println(body_content): null&#xD;
&#xD;
2019-12-18 09:34:46 - [TEST_STEP][PASSED] - rc_ref = ReturnCodeWrapper(var_expected_rc).getEnumRC(): null&#xD;
&#xD;
2019-12-18 09:34:46 - [TEST_STEP][PASSED] - out.println(var_expected_rc): null&#xD;
&#xD;
2019-12-18 09:34:46 - [TEST_STEP][PASSED] - out.println(rc_ref.getRCName()): null&#xD;
&#xD;
2019-12-18 09:34:46 - [TEST_STEP][PASSED] - out.println(rc_ref.getHttpResponse()): null&#xD;
&#xD;
2019-12-18 09:34:46 - [TEST_STEP][PASSED] - result = verifyEqual(response_code, rc_ref.getRCName()): Actual object 'RC00' and expected object 'RC00' are equal&#xD;
&#xD;
2019-12-18 09:34:46 - [MESSAGE][PASSED] - Actual object 'RC00' and expected object 'RC00' are equal&#xD;
&#xD;
2019-12-18 09:34:46 - [TEST_STEP][PASSED] - if (result == false): null&#xD;
&#xD;
2019-12-18 09:34:46 - [TEST_STEP][PASSED] - else: Actual object '200' and expected object '200' are equal&#xD;
&#xD;
2019-12-18 09:34:46 - [TEST_STEP][PASSED] - verifyEqual(statusCode, rc_ref.getHttpResponse()): Actual object '200' and expected object '200' are equal&#xD;
&#xD;
2019-12-18 09:34:46 - [MESSAGE][PASSED] - Actual object '200' and expected object '200' are equal</system-out>
            <system-err></system-err>
        </testcase>
        <system-out>2019-12-18 09:34:30 - [TEST_SUITE][INCOMPLETE] - TS_changeUserStatus: null</system-out>
        <system-err>2019-12-18 09:34:30 - [TEST_SUITE][INCOMPLETE] - TS_changeUserStatus: null</system-err>
    </testsuite>
</testsuites>
