<?xml version="1.0" encoding="UTF-8"?>
<testsuites name="Sortir" time="3.147" tests="2" failures="0" errors="0">
   <testsuite name="Sortir" tests="2" failures="0" errors="0" time="3.147" timestamp="2021-12-30 19:24:45" hostname="rianf - LAPTOP-L45JQDGE" id="Test Suites/HubdanSMD/Sortir">
      <properties>
         <property name="deviceName" value=""/>
         <property name="devicePlatform" value=""/>
         <property name="logFolder" value="D:\\katalon-ewallet\\Reports\\20211230_192439\\HubdanSMD\\Sortir\\20211230_192439"/>
         <property name="logFiles" value="D:\\katalon-ewallet\\Reports\\20211230_192439\\HubdanSMD\\Sortir\\20211230_192439\\execution0.log"/>
         <property name="attachments" value=""/>
         <property name="hostName" value="rianf - LAPTOP-L45JQDGE"/>
         <property name="hostAddress" value="10.255.255.28"/>
         <property name="os" value="Windows 10 64bit"/>
         <property name="katalonVersion" value="7.0.0.1"/>
      </properties>
      <testcase name="Test Cases/HUB/create_new_rds_resi" time="2.073" classname="Test Cases/HUB/create_new_rds_resi" status="PASSED">
         <system-out><![CDATA[2021-12-30 19:24:45 - [TEST_CASE][PASSED] - Test Cases/HUB/create_new_rds_resi: Test Cases/HUB/create_new_rds_resi

2021-12-30 19:24:46 - [TEST_STEP][PASSED] - random = Math.random() * 1000000000: null

2021-12-30 19:24:46 - [TEST_STEP][PASSED] - println(random): null

2021-12-30 19:24:46 - [TEST_STEP][PASSED] - resi_random = "035" + random: null

2021-12-30 19:24:46 - [TEST_STEP][PASSED] - resi = """ + resi_random + """: null

2021-12-30 19:24:46 - [TEST_STEP][PASSED] - println(resi): null

2021-12-30 19:24:46 - [TEST_STEP][PASSED] - request = findTestObject("new_rds_endpoint"): null

2021-12-30 19:24:46 - [TEST_STEP][PASSED] - response = sendRequest(request): Send request successfully

2021-12-30 19:24:47 - [MESSAGE][INFO] - HAR: D:\katalon-ewallet\Reports\20211230_192439\HubdanSMD\Sortir\20211230_192439\requests\main\0.har

2021-12-30 19:24:47 - [MESSAGE][PASSED] - Send request successfully

2021-12-30 19:24:47 - [TEST_STEP][PASSED] - body_content = responseBodyContent: null

2021-12-30 19:24:48 - [TEST_STEP][PASSED] - status_code = statusCode: null

2021-12-30 19:24:48 - [TEST_STEP][PASSED] - respDataMap = JsonSlurper().parseText(body_content): null

2021-12-30 19:24:48 - [TEST_STEP][PASSED] - out.println(respDataMap): null

2021-12-30 19:24:48 - [TEST_STEP][PASSED] - out.println("xxxxxxxxxxxxxxxxx  " + resi): null]]></system-out>
         <system-err><![CDATA[]]></system-err>
      </testcase>
      <testcase name="Test Cases/HUB/create_gabung_sortir" time="0.839" classname="Test Cases/HUB/create_gabung_sortir" status="PASSED">
         <system-out><![CDATA[2021-12-30 19:24:48 - [TEST_CASE][PASSED] - Test Cases/HUB/create_gabung_sortir: Test Cases/HUB/create_gabung_sortir

2021-12-30 19:24:48 - [TEST_STEP][PASSED] - random = Math.random() * 1000000000: null

2021-12-30 19:24:48 - [TEST_STEP][PASSED] - println(random): null

2021-12-30 19:24:48 - [TEST_STEP][PASSED] - resi = "035" + random: null

2021-12-30 19:24:48 - [TEST_STEP][PASSED] - println(resi): null

2021-12-30 19:24:48 - [TEST_STEP][PASSED] - request = findTestObject("new_rds_endpoint"): null

2021-12-30 19:24:48 - [TEST_STEP][PASSED] - response = sendRequest(request): Send request successfully

2021-12-30 19:24:48 - [MESSAGE][INFO] - HAR: D:\katalon-ewallet\Reports\20211230_192439\HubdanSMD\Sortir\20211230_192439\requests\main\1.har

2021-12-30 19:24:48 - [MESSAGE][PASSED] - Send request successfully

2021-12-30 19:24:48 - [TEST_STEP][PASSED] - body_content = responseBodyContent: null

2021-12-30 19:24:48 - [TEST_STEP][PASSED] - status_code = statusCode: null

2021-12-30 19:24:48 - [TEST_STEP][PASSED] - respDataMap = JsonSlurper().parseText(body_content): null

2021-12-30 19:24:48 - [TEST_STEP][PASSED] - out.println(respDataMap): null

2021-12-30 19:24:48 - [TEST_STEP][PASSED] - out.println("xxxxxxxxxxxxxxxxx  " + resi): null

2021-12-30 19:24:48 - [TEST_STEP][PASSED] - plain = "[" + """ + resi + """ + "]": null

2021-12-30 19:24:48 - [TEST_STEP][PASSED] - out.println(plain): null

2021-12-30 19:24:48 - [TEST_STEP][PASSED] - body = "{"reference_numbers":" + plain + "," + ""chute_number":"84"," + ""sorting_branch_id": 4101}": null

2021-12-30 19:24:48 - [TEST_STEP][PASSED] - request2 = findTestObject("hubdansmd/create_gabung_sortir"): null

2021-12-30 19:24:48 - [TEST_STEP][PASSED] - request2.setBodyContent(new com.kms.katalon.core.testobject.impl.HttpTextBodyContent(body, UTF-8, application/json)): null

2021-12-30 19:24:48 - [TEST_STEP][PASSED] - response2 = sendRequest(request2): Send request successfully

2021-12-30 19:24:48 - [MESSAGE][INFO] - HAR: D:\katalon-ewallet\Reports\20211230_192439\HubdanSMD\Sortir\20211230_192439\requests\main\2.har

2021-12-30 19:24:48 - [MESSAGE][PASSED] - Send request successfully

2021-12-30 19:24:48 - [TEST_STEP][PASSED] - slurper = new groovy.json.JsonSlurper(): null

2021-12-30 19:24:48 - [TEST_STEP][PASSED] - result = slurper.parseText(response2.getResponseBodyContent()): null

2021-12-30 19:24:48 - [TEST_STEP][PASSED] - status_code2 = statusCode: null

2021-12-30 19:24:48 - [TEST_STEP][PASSED] - println(status_code2): null

2021-12-30 19:24:48 - [TEST_STEP][PASSED] - println(result): null]]></system-out>
         <system-err><![CDATA[]]></system-err>
      </testcase>
      <system-out><![CDATA[2021-12-30 19:24:45 - [TEST_SUITE][PASSED] - Sortir: Test Cases/HUB/create_gabung_sortir]]></system-out>
      <system-err><![CDATA[]]></system-err>
   </testsuite>
</testsuites>
