<?xml version="1.0" encoding="UTF-8" standalone="yes"?>
<testsuites name="TS_updateBillingUpdateSendNotif" time="11" tests="29" failures="16" errors="0">
    <testsuite name="TS_updateBillingUpdateSendNotif" tests="29" failures="16" errors="0" time="11" timestamp="2019-12-17 11:10:11" hostname="Silvi - LAPTOP-ALMT97O4" id="Test Suites/E_Wallet/TS_updateBilling/TS_updateBillingUpdateSendNotif">
        <properties>
            <property name="deviceName" value=""/>
            <property name="devicePlatform" value=""/>
            <property name="logFolder" value="D:\\katalon-ewallet\\Reports\\E_Wallet\\TS_updateBilling\\TS_updateBillingUpdateSendNotif\\20191217_111009"/>
            <property name="logFiles" value="D:\\katalon-ewallet\\Reports\\E_Wallet\\TS_updateBilling\\TS_updateBillingUpdateSendNotif\\20191217_111009\\execution0.log"/>
            <property name="attachments" value=""/>
            <property name="hostName" value="Silvi - LAPTOP-ALMT97O4"/>
            <property name="hostAddress" value="172.18.4.57"/>
            <property name="os" value="Windows 10 64bit"/>
            <property name="katalonVersion" value="6.2.2.4"/>
        </properties>
        <testcase name="Test Cases/E_Wallet/TC_updateBilling/TC_updateBillingUpdateSendNotif" classname="Test Cases/E_Wallet/TC_updateBilling/TC_updateBillingUpdateSendNotif" status="PASSED">
            <system-out>2019-12-17 11:10:11 - [TEST_CASE][PASSED] - Test Cases/E_Wallet/TC_updateBilling/TC_updateBillingUpdateSendNotif: Test Cases/E_Wallet/TC_updateBilling/TC_updateBillingUpdateSendNotif&#xD;
&#xD;
2019-12-17 11:10:12 - [TEST_STEP][PASSED] - plain = "{" + ""user_agent":"" + var_user_agent + ""," + ""billing_id":"" + var_billing_id + ""," + ""amount":"" + var_amount + ""," + ""billing_status":"" + var_billing_status + ""," + ""verified_flag":"" + var_verified_flag + ""," + ""wallet_id":"" + var_wallet_id + ""," + ""billing_ref1":"" + var_billing_ref1 + ""," + ""billing_ref2":"" + var_billing_ref2 + ""," + ""billing_ref3":"" + var_billing_ref3 + ""}": null&#xD;
&#xD;
2019-12-17 11:10:12 - [TEST_STEP][PASSED] - out.println(plain): null&#xD;
&#xD;
2019-12-17 11:10:12 - [TEST_STEP][PASSED] - out.println("var_customer_token" + var_customer_token): null&#xD;
&#xD;
2019-12-17 11:10:12 - [TEST_STEP][PASSED] - out.println("var_partner_token" + var_partner_token): null&#xD;
&#xD;
2019-12-17 11:10:12 - [TEST_STEP][PASSED] - encipheredData = SecureUtils.encryptAesEwallet(plain, var_aes_key): null&#xD;
&#xD;
2019-12-17 11:10:13 - [TEST_STEP][PASSED] - body = "{"organisation_id":"" + var_organisation_id + ""," + ""data":"" + encipheredData + ""," + ""lang":"" + var_lang + ""}": null&#xD;
&#xD;
2019-12-17 11:10:13 - [TEST_STEP][PASSED] - out.println(body): null&#xD;
&#xD;
2019-12-17 11:10:13 - [TEST_STEP][PASSED] - request = findTestObject("E_Wallet/obj_updateBilling2"): null&#xD;
&#xD;
2019-12-17 11:10:13 - [TEST_STEP][PASSED] - request.setBodyContent(new com.kms.katalon.core.testobject.impl.HttpTextBodyContent(body, UTF-8, application/json)): null&#xD;
&#xD;
2019-12-17 11:10:13 - [TEST_STEP][PASSED] - if (var_customer_token == 0): null&#xD;
&#xD;
2019-12-17 11:10:13 - [TEST_STEP][PASSED] - else: null&#xD;
&#xD;
2019-12-17 11:10:13 - [TEST_STEP][PASSED] - out.println("using access_token = " + access_token_customer): null&#xD;
&#xD;
2019-12-17 11:10:13 - [TEST_STEP][PASSED] - listQuery = new java.util.ArrayList(): null&#xD;
&#xD;
2019-12-17 11:10:13 - [TEST_STEP][PASSED] - listQuery.add(new com.kms.katalon.core.testobject.TestObjectProperty(token, com.kms.katalon.core.testobject.ConditionType.EQUALS, internal.GlobalVariable.access_token_customer)): null&#xD;
&#xD;
2019-12-17 11:10:13 - [TEST_STEP][PASSED] - request.setRestParameters(listQuery): null&#xD;
&#xD;
2019-12-17 11:10:13 - [TEST_STEP][PASSED] - response = sendRequest(request): Send request successfully&#xD;
&#xD;
2019-12-17 11:10:14 - [MESSAGE][INFO] - HAR: D:\katalon-ewallet\Reports\E_Wallet\TS_updateBilling\TS_updateBillingUpdateSendNotif\20191217_111009\requests\main\0.har&#xD;
&#xD;
2019-12-17 11:10:14 - [MESSAGE][PASSED] - Send request successfully&#xD;
&#xD;
2019-12-17 11:10:14 - [TEST_STEP][PASSED] - a = &lt;not implemented yet for class: org.codehaus.groovy.ast.expr.EmptyExpression&gt;: null&#xD;
&#xD;
2019-12-17 11:10:14 - [TEST_STEP][PASSED] - headerProps = request.getHttpHeaderProperties(): null&#xD;
&#xD;
2019-12-17 11:10:14 - [TEST_STEP][PASSED] - for ([a = 0, a &lt; headerProps.size(), (a++)]): null&#xD;
&#xD;
2019-12-17 11:10:14 - [TEST_STEP][PASSED] - println(get(a).getName() + ": " + get(a).getValue()): null&#xD;
&#xD;
2019-12-17 11:10:14 - [TEST_STEP][PASSED] - println(get(a).getName() + ": " + get(a).getValue()): null&#xD;
&#xD;
2019-12-17 11:10:14 - [TEST_STEP][PASSED] - println(get(a).getName() + ": " + get(a).getValue()): null&#xD;
&#xD;
2019-12-17 11:10:14 - [TEST_STEP][PASSED] - body_content = responseBodyContent: null&#xD;
&#xD;
2019-12-17 11:10:14 - [TEST_STEP][PASSED] - status_code = statusCode: null&#xD;
&#xD;
2019-12-17 11:10:14 - [TEST_STEP][PASSED] - respDataMap = JsonSlurper().parseText(body_content): null&#xD;
&#xD;
2019-12-17 11:10:14 - [TEST_STEP][PASSED] - out.println(respDataMap): null&#xD;
&#xD;
2019-12-17 11:10:14 - [TEST_STEP][PASSED] - rc_ref = ReturnCodeWrapper(var_expected_rc).getEnumRC(): null&#xD;
&#xD;
2019-12-17 11:10:14 - [TEST_STEP][PASSED] - out.println(var_expected_rc): null&#xD;
&#xD;
2019-12-17 11:10:14 - [TEST_STEP][PASSED] - out.println(rc_ref.getRCName()): null&#xD;
&#xD;
2019-12-17 11:10:14 - [TEST_STEP][PASSED] - out.println(rc_ref.getHttpResponse()): null&#xD;
&#xD;
2019-12-17 11:10:14 - [TEST_STEP][PASSED] - result = verifyEqual(response_code, rc_ref.getRCName()): Actual object 'RC00' and expected object 'RC00' are equal&#xD;
&#xD;
2019-12-17 11:10:14 - [MESSAGE][PASSED] - Actual object 'RC00' and expected object 'RC00' are equal&#xD;
&#xD;
2019-12-17 11:10:14 - [TEST_STEP][PASSED] - if (result == false): null&#xD;
&#xD;
2019-12-17 11:10:14 - [TEST_STEP][PASSED] - else: null&#xD;
&#xD;
2019-12-17 11:10:14 - [TEST_STEP][PASSED] - verifyEqual(statusCode, rc_ref.getHttpResponse()): Actual object '200' and expected object '200' are equal&#xD;
&#xD;
2019-12-17 11:10:14 - [MESSAGE][PASSED] - Actual object '200' and expected object '200' are equal&#xD;
&#xD;
2019-12-17 11:10:14 - [TEST_STEP][PASSED] - if (rc_ref == RC00): null&#xD;
&#xD;
2019-12-17 11:10:14 - [TEST_STEP][PASSED] - decipheredResponseData = SecureUtils.decryptAesEwallet(data, var_aes_key): null&#xD;
&#xD;
2019-12-17 11:10:14 - [TEST_STEP][PASSED] - decipheredRespDataMap = JsonSlurper().parseText(decipheredResponseData): null&#xD;
&#xD;
2019-12-17 11:10:14 - [TEST_STEP][PASSED] - out.println(decipheredRespDataMap): null</system-out>
            <system-err></system-err>
        </testcase>
        <testcase name="Test Cases/E_Wallet/TC_updateBilling/TC_updateBillingUpdateSendNotif" classname="Test Cases/E_Wallet/TC_updateBilling/TC_updateBillingUpdateSendNotif" status="PASSED">
            <system-out>2019-12-17 11:10:14 - [TEST_CASE][PASSED] - Test Cases/E_Wallet/TC_updateBilling/TC_updateBillingUpdateSendNotif: Test Cases/E_Wallet/TC_updateBilling/TC_updateBillingUpdateSendNotif&#xD;
&#xD;
2019-12-17 11:10:14 - [TEST_STEP][PASSED] - plain = "{" + ""user_agent":"" + var_user_agent + ""," + ""billing_id":"" + var_billing_id + ""," + ""amount":"" + var_amount + ""," + ""billing_status":"" + var_billing_status + ""," + ""verified_flag":"" + var_verified_flag + ""," + ""wallet_id":"" + var_wallet_id + ""," + ""billing_ref1":"" + var_billing_ref1 + ""," + ""billing_ref2":"" + var_billing_ref2 + ""," + ""billing_ref3":"" + var_billing_ref3 + ""}": null&#xD;
&#xD;
2019-12-17 11:10:14 - [TEST_STEP][PASSED] - out.println(plain): null&#xD;
&#xD;
2019-12-17 11:10:14 - [TEST_STEP][PASSED] - out.println("var_customer_token" + var_customer_token): null&#xD;
&#xD;
2019-12-17 11:10:14 - [TEST_STEP][PASSED] - out.println("var_partner_token" + var_partner_token): null&#xD;
&#xD;
2019-12-17 11:10:14 - [TEST_STEP][PASSED] - encipheredData = SecureUtils.encryptAesEwallet(plain, var_aes_key): null&#xD;
&#xD;
2019-12-17 11:10:14 - [TEST_STEP][PASSED] - body = "{"organisation_id":"" + var_organisation_id + ""," + ""data":"" + encipheredData + ""," + ""lang":"" + var_lang + ""}": null&#xD;
&#xD;
2019-12-17 11:10:14 - [TEST_STEP][PASSED] - out.println(body): null&#xD;
&#xD;
2019-12-17 11:10:14 - [TEST_STEP][PASSED] - request = findTestObject("E_Wallet/obj_updateBilling2"): null&#xD;
&#xD;
2019-12-17 11:10:14 - [TEST_STEP][PASSED] - request.setBodyContent(new com.kms.katalon.core.testobject.impl.HttpTextBodyContent(body, UTF-8, application/json)): null&#xD;
&#xD;
2019-12-17 11:10:14 - [TEST_STEP][PASSED] - if (var_customer_token == 0): null&#xD;
&#xD;
2019-12-17 11:10:14 - [TEST_STEP][PASSED] - else: null&#xD;
&#xD;
2019-12-17 11:10:14 - [TEST_STEP][PASSED] - out.println("using access_token = " + access_token_customer): null&#xD;
&#xD;
2019-12-17 11:10:14 - [TEST_STEP][PASSED] - listQuery = new java.util.ArrayList(): null&#xD;
&#xD;
2019-12-17 11:10:14 - [TEST_STEP][PASSED] - listQuery.add(new com.kms.katalon.core.testobject.TestObjectProperty(token, com.kms.katalon.core.testobject.ConditionType.EQUALS, internal.GlobalVariable.access_token_customer)): null&#xD;
&#xD;
2019-12-17 11:10:14 - [TEST_STEP][PASSED] - request.setRestParameters(listQuery): null&#xD;
&#xD;
2019-12-17 11:10:14 - [TEST_STEP][PASSED] - response = sendRequest(request): Send request successfully&#xD;
&#xD;
2019-12-17 11:10:14 - [MESSAGE][INFO] - HAR: D:\katalon-ewallet\Reports\E_Wallet\TS_updateBilling\TS_updateBillingUpdateSendNotif\20191217_111009\requests\main\1.har&#xD;
&#xD;
2019-12-17 11:10:14 - [MESSAGE][PASSED] - Send request successfully&#xD;
&#xD;
2019-12-17 11:10:14 - [TEST_STEP][PASSED] - a = &lt;not implemented yet for class: org.codehaus.groovy.ast.expr.EmptyExpression&gt;: null&#xD;
&#xD;
2019-12-17 11:10:14 - [TEST_STEP][PASSED] - headerProps = request.getHttpHeaderProperties(): null&#xD;
&#xD;
2019-12-17 11:10:14 - [TEST_STEP][PASSED] - for ([a = 0, a &lt; headerProps.size(), (a++)]): null&#xD;
&#xD;
2019-12-17 11:10:14 - [TEST_STEP][PASSED] - println(get(a).getName() + ": " + get(a).getValue()): null&#xD;
&#xD;
2019-12-17 11:10:14 - [TEST_STEP][PASSED] - println(get(a).getName() + ": " + get(a).getValue()): null&#xD;
&#xD;
2019-12-17 11:10:14 - [TEST_STEP][PASSED] - println(get(a).getName() + ": " + get(a).getValue()): null&#xD;
&#xD;
2019-12-17 11:10:14 - [TEST_STEP][PASSED] - body_content = responseBodyContent: null&#xD;
&#xD;
2019-12-17 11:10:14 - [TEST_STEP][PASSED] - status_code = statusCode: null&#xD;
&#xD;
2019-12-17 11:10:14 - [TEST_STEP][PASSED] - respDataMap = JsonSlurper().parseText(body_content): null&#xD;
&#xD;
2019-12-17 11:10:14 - [TEST_STEP][PASSED] - out.println(respDataMap): null&#xD;
&#xD;
2019-12-17 11:10:14 - [TEST_STEP][PASSED] - rc_ref = ReturnCodeWrapper(var_expected_rc).getEnumRC(): null&#xD;
&#xD;
2019-12-17 11:10:14 - [TEST_STEP][PASSED] - out.println(var_expected_rc): null&#xD;
&#xD;
2019-12-17 11:10:14 - [TEST_STEP][PASSED] - out.println(rc_ref.getRCName()): null&#xD;
&#xD;
2019-12-17 11:10:14 - [TEST_STEP][PASSED] - out.println(rc_ref.getHttpResponse()): null&#xD;
&#xD;
2019-12-17 11:10:14 - [TEST_STEP][PASSED] - result = verifyEqual(response_code, rc_ref.getRCName()): Actual object 'RC01' and expected object 'RC01' are equal&#xD;
&#xD;
2019-12-17 11:10:14 - [MESSAGE][PASSED] - Actual object 'RC01' and expected object 'RC01' are equal&#xD;
&#xD;
2019-12-17 11:10:14 - [TEST_STEP][PASSED] - if (result == false): null&#xD;
&#xD;
2019-12-17 11:10:14 - [TEST_STEP][PASSED] - else: null&#xD;
&#xD;
2019-12-17 11:10:14 - [TEST_STEP][PASSED] - verifyEqual(statusCode, rc_ref.getHttpResponse()): Actual object '400' and expected object '400' are equal&#xD;
&#xD;
2019-12-17 11:10:14 - [MESSAGE][PASSED] - Actual object '400' and expected object '400' are equal&#xD;
&#xD;
2019-12-17 11:10:14 - [TEST_STEP][PASSED] - if (rc_ref == RC00): null</system-out>
            <system-err></system-err>
        </testcase>
        <testcase name="Test Cases/E_Wallet/TC_updateBilling/TC_updateBillingUpdateSendNotif" classname="Test Cases/E_Wallet/TC_updateBilling/TC_updateBillingUpdateSendNotif" status="PASSED">
            <system-out>2019-12-17 11:10:14 - [TEST_CASE][PASSED] - Test Cases/E_Wallet/TC_updateBilling/TC_updateBillingUpdateSendNotif: Test Cases/E_Wallet/TC_updateBilling/TC_updateBillingUpdateSendNotif&#xD;
&#xD;
2019-12-17 11:10:14 - [TEST_STEP][PASSED] - plain = "{" + ""user_agent":"" + var_user_agent + ""," + ""billing_id":"" + var_billing_id + ""," + ""amount":"" + var_amount + ""," + ""billing_status":"" + var_billing_status + ""," + ""verified_flag":"" + var_verified_flag + ""," + ""wallet_id":"" + var_wallet_id + ""," + ""billing_ref1":"" + var_billing_ref1 + ""," + ""billing_ref2":"" + var_billing_ref2 + ""," + ""billing_ref3":"" + var_billing_ref3 + ""}": null&#xD;
&#xD;
2019-12-17 11:10:14 - [TEST_STEP][PASSED] - out.println(plain): null&#xD;
&#xD;
2019-12-17 11:10:14 - [TEST_STEP][PASSED] - out.println("var_customer_token" + var_customer_token): null&#xD;
&#xD;
2019-12-17 11:10:14 - [TEST_STEP][PASSED] - out.println("var_partner_token" + var_partner_token): null&#xD;
&#xD;
2019-12-17 11:10:14 - [TEST_STEP][PASSED] - encipheredData = SecureUtils.encryptAesEwallet(plain, var_aes_key): null&#xD;
&#xD;
2019-12-17 11:10:14 - [TEST_STEP][PASSED] - body = "{"organisation_id":"" + var_organisation_id + ""," + ""data":"" + encipheredData + ""," + ""lang":"" + var_lang + ""}": null&#xD;
&#xD;
2019-12-17 11:10:14 - [TEST_STEP][PASSED] - out.println(body): null&#xD;
&#xD;
2019-12-17 11:10:14 - [TEST_STEP][PASSED] - request = findTestObject("E_Wallet/obj_updateBilling2"): null&#xD;
&#xD;
2019-12-17 11:10:14 - [TEST_STEP][PASSED] - request.setBodyContent(new com.kms.katalon.core.testobject.impl.HttpTextBodyContent(body, UTF-8, application/json)): null&#xD;
&#xD;
2019-12-17 11:10:14 - [TEST_STEP][PASSED] - if (var_customer_token == 0): null&#xD;
&#xD;
2019-12-17 11:10:14 - [TEST_STEP][PASSED] - else: null&#xD;
&#xD;
2019-12-17 11:10:14 - [TEST_STEP][PASSED] - out.println("using access_token = " + access_token_customer): null&#xD;
&#xD;
2019-12-17 11:10:14 - [TEST_STEP][PASSED] - listQuery = new java.util.ArrayList(): null&#xD;
&#xD;
2019-12-17 11:10:14 - [TEST_STEP][PASSED] - listQuery.add(new com.kms.katalon.core.testobject.TestObjectProperty(token, com.kms.katalon.core.testobject.ConditionType.EQUALS, internal.GlobalVariable.access_token_customer)): null&#xD;
&#xD;
2019-12-17 11:10:14 - [TEST_STEP][PASSED] - request.setRestParameters(listQuery): null&#xD;
&#xD;
2019-12-17 11:10:14 - [TEST_STEP][PASSED] - response = sendRequest(request): Send request successfully&#xD;
&#xD;
2019-12-17 11:10:15 - [MESSAGE][INFO] - HAR: D:\katalon-ewallet\Reports\E_Wallet\TS_updateBilling\TS_updateBillingUpdateSendNotif\20191217_111009\requests\main\2.har&#xD;
&#xD;
2019-12-17 11:10:15 - [MESSAGE][PASSED] - Send request successfully&#xD;
&#xD;
2019-12-17 11:10:15 - [TEST_STEP][PASSED] - a = &lt;not implemented yet for class: org.codehaus.groovy.ast.expr.EmptyExpression&gt;: null&#xD;
&#xD;
2019-12-17 11:10:15 - [TEST_STEP][PASSED] - headerProps = request.getHttpHeaderProperties(): null&#xD;
&#xD;
2019-12-17 11:10:15 - [TEST_STEP][PASSED] - for ([a = 0, a &lt; headerProps.size(), (a++)]): null&#xD;
&#xD;
2019-12-17 11:10:15 - [TEST_STEP][PASSED] - println(get(a).getName() + ": " + get(a).getValue()): null&#xD;
&#xD;
2019-12-17 11:10:15 - [TEST_STEP][PASSED] - println(get(a).getName() + ": " + get(a).getValue()): null&#xD;
&#xD;
2019-12-17 11:10:15 - [TEST_STEP][PASSED] - println(get(a).getName() + ": " + get(a).getValue()): null&#xD;
&#xD;
2019-12-17 11:10:15 - [TEST_STEP][PASSED] - body_content = responseBodyContent: null&#xD;
&#xD;
2019-12-17 11:10:15 - [TEST_STEP][PASSED] - status_code = statusCode: null&#xD;
&#xD;
2019-12-17 11:10:15 - [TEST_STEP][PASSED] - respDataMap = JsonSlurper().parseText(body_content): null&#xD;
&#xD;
2019-12-17 11:10:15 - [TEST_STEP][PASSED] - out.println(respDataMap): null&#xD;
&#xD;
2019-12-17 11:10:15 - [TEST_STEP][PASSED] - rc_ref = ReturnCodeWrapper(var_expected_rc).getEnumRC(): null&#xD;
&#xD;
2019-12-17 11:10:15 - [TEST_STEP][PASSED] - out.println(var_expected_rc): null&#xD;
&#xD;
2019-12-17 11:10:15 - [TEST_STEP][PASSED] - out.println(rc_ref.getRCName()): null&#xD;
&#xD;
2019-12-17 11:10:15 - [TEST_STEP][PASSED] - out.println(rc_ref.getHttpResponse()): null&#xD;
&#xD;
2019-12-17 11:10:15 - [TEST_STEP][PASSED] - result = verifyEqual(response_code, rc_ref.getRCName()): Actual object 'RC01' and expected object 'RC01' are equal&#xD;
&#xD;
2019-12-17 11:10:15 - [MESSAGE][PASSED] - Actual object 'RC01' and expected object 'RC01' are equal&#xD;
&#xD;
2019-12-17 11:10:15 - [TEST_STEP][PASSED] - if (result == false): null&#xD;
&#xD;
2019-12-17 11:10:15 - [TEST_STEP][PASSED] - else: null&#xD;
&#xD;
2019-12-17 11:10:15 - [TEST_STEP][PASSED] - verifyEqual(statusCode, rc_ref.getHttpResponse()): Actual object '400' and expected object '400' are equal&#xD;
&#xD;
2019-12-17 11:10:15 - [MESSAGE][PASSED] - Actual object '400' and expected object '400' are equal&#xD;
&#xD;
2019-12-17 11:10:15 - [TEST_STEP][PASSED] - if (rc_ref == RC00): null</system-out>
            <system-err></system-err>
        </testcase>
        <testcase name="Test Cases/E_Wallet/TC_updateBilling/TC_updateBillingUpdateSendNotif" classname="Test Cases/E_Wallet/TC_updateBilling/TC_updateBillingUpdateSendNotif" status="PASSED">
            <system-out>2019-12-17 11:10:15 - [TEST_CASE][PASSED] - Test Cases/E_Wallet/TC_updateBilling/TC_updateBillingUpdateSendNotif: Test Cases/E_Wallet/TC_updateBilling/TC_updateBillingUpdateSendNotif&#xD;
&#xD;
2019-12-17 11:10:15 - [TEST_STEP][PASSED] - plain = "{" + ""user_agent":"" + var_user_agent + ""," + ""billing_id":"" + var_billing_id + ""," + ""amount":"" + var_amount + ""," + ""billing_status":"" + var_billing_status + ""," + ""verified_flag":"" + var_verified_flag + ""," + ""wallet_id":"" + var_wallet_id + ""," + ""billing_ref1":"" + var_billing_ref1 + ""," + ""billing_ref2":"" + var_billing_ref2 + ""," + ""billing_ref3":"" + var_billing_ref3 + ""}": null&#xD;
&#xD;
2019-12-17 11:10:15 - [TEST_STEP][PASSED] - out.println(plain): null&#xD;
&#xD;
2019-12-17 11:10:15 - [TEST_STEP][PASSED] - out.println("var_customer_token" + var_customer_token): null&#xD;
&#xD;
2019-12-17 11:10:15 - [TEST_STEP][PASSED] - out.println("var_partner_token" + var_partner_token): null&#xD;
&#xD;
2019-12-17 11:10:15 - [TEST_STEP][PASSED] - encipheredData = SecureUtils.encryptAesEwallet(plain, var_aes_key): null&#xD;
&#xD;
2019-12-17 11:10:15 - [TEST_STEP][PASSED] - body = "{"organisation_id":"" + var_organisation_id + ""," + ""data":"" + encipheredData + ""," + ""lang":"" + var_lang + ""}": null&#xD;
&#xD;
2019-12-17 11:10:15 - [TEST_STEP][PASSED] - out.println(body): null&#xD;
&#xD;
2019-12-17 11:10:15 - [TEST_STEP][PASSED] - request = findTestObject("E_Wallet/obj_updateBilling2"): null&#xD;
&#xD;
2019-12-17 11:10:15 - [TEST_STEP][PASSED] - request.setBodyContent(new com.kms.katalon.core.testobject.impl.HttpTextBodyContent(body, UTF-8, application/json)): null&#xD;
&#xD;
2019-12-17 11:10:15 - [TEST_STEP][PASSED] - if (var_customer_token == 0): null&#xD;
&#xD;
2019-12-17 11:10:15 - [TEST_STEP][PASSED] - else: null&#xD;
&#xD;
2019-12-17 11:10:15 - [TEST_STEP][PASSED] - out.println("using access_token = " + access_token_customer): null&#xD;
&#xD;
2019-12-17 11:10:15 - [TEST_STEP][PASSED] - listQuery = new java.util.ArrayList(): null&#xD;
&#xD;
2019-12-17 11:10:15 - [TEST_STEP][PASSED] - listQuery.add(new com.kms.katalon.core.testobject.TestObjectProperty(token, com.kms.katalon.core.testobject.ConditionType.EQUALS, internal.GlobalVariable.access_token_customer)): null&#xD;
&#xD;
2019-12-17 11:10:15 - [TEST_STEP][PASSED] - request.setRestParameters(listQuery): null&#xD;
&#xD;
2019-12-17 11:10:15 - [TEST_STEP][PASSED] - response = sendRequest(request): Send request successfully&#xD;
&#xD;
2019-12-17 11:10:15 - [MESSAGE][INFO] - HAR: D:\katalon-ewallet\Reports\E_Wallet\TS_updateBilling\TS_updateBillingUpdateSendNotif\20191217_111009\requests\main\3.har&#xD;
&#xD;
2019-12-17 11:10:15 - [MESSAGE][PASSED] - Send request successfully&#xD;
&#xD;
2019-12-17 11:10:15 - [TEST_STEP][PASSED] - a = &lt;not implemented yet for class: org.codehaus.groovy.ast.expr.EmptyExpression&gt;: null&#xD;
&#xD;
2019-12-17 11:10:15 - [TEST_STEP][PASSED] - headerProps = request.getHttpHeaderProperties(): null&#xD;
&#xD;
2019-12-17 11:10:15 - [TEST_STEP][PASSED] - for ([a = 0, a &lt; headerProps.size(), (a++)]): null&#xD;
&#xD;
2019-12-17 11:10:15 - [TEST_STEP][PASSED] - println(get(a).getName() + ": " + get(a).getValue()): null&#xD;
&#xD;
2019-12-17 11:10:15 - [TEST_STEP][PASSED] - println(get(a).getName() + ": " + get(a).getValue()): null&#xD;
&#xD;
2019-12-17 11:10:15 - [TEST_STEP][PASSED] - println(get(a).getName() + ": " + get(a).getValue()): null&#xD;
&#xD;
2019-12-17 11:10:15 - [TEST_STEP][PASSED] - body_content = responseBodyContent: null&#xD;
&#xD;
2019-12-17 11:10:15 - [TEST_STEP][PASSED] - status_code = statusCode: null&#xD;
&#xD;
2019-12-17 11:10:15 - [TEST_STEP][PASSED] - respDataMap = JsonSlurper().parseText(body_content): null&#xD;
&#xD;
2019-12-17 11:10:15 - [TEST_STEP][PASSED] - out.println(respDataMap): null&#xD;
&#xD;
2019-12-17 11:10:15 - [TEST_STEP][PASSED] - rc_ref = ReturnCodeWrapper(var_expected_rc).getEnumRC(): null&#xD;
&#xD;
2019-12-17 11:10:15 - [TEST_STEP][PASSED] - out.println(var_expected_rc): null&#xD;
&#xD;
2019-12-17 11:10:15 - [TEST_STEP][PASSED] - out.println(rc_ref.getRCName()): null&#xD;
&#xD;
2019-12-17 11:10:15 - [TEST_STEP][PASSED] - out.println(rc_ref.getHttpResponse()): null&#xD;
&#xD;
2019-12-17 11:10:15 - [TEST_STEP][PASSED] - result = verifyEqual(response_code, rc_ref.getRCName()): Actual object 'RC01' and expected object 'RC01' are equal&#xD;
&#xD;
2019-12-17 11:10:15 - [MESSAGE][PASSED] - Actual object 'RC01' and expected object 'RC01' are equal&#xD;
&#xD;
2019-12-17 11:10:15 - [TEST_STEP][PASSED] - if (result == false): null&#xD;
&#xD;
2019-12-17 11:10:15 - [TEST_STEP][PASSED] - else: null&#xD;
&#xD;
2019-12-17 11:10:15 - [TEST_STEP][PASSED] - verifyEqual(statusCode, rc_ref.getHttpResponse()): Actual object '400' and expected object '400' are equal&#xD;
&#xD;
2019-12-17 11:10:15 - [MESSAGE][PASSED] - Actual object '400' and expected object '400' are equal&#xD;
&#xD;
2019-12-17 11:10:15 - [TEST_STEP][PASSED] - if (rc_ref == RC00): null</system-out>
            <system-err></system-err>
        </testcase>
        <testcase name="Test Cases/E_Wallet/TC_updateBilling/TC_updateBillingUpdateSendNotif" classname="Test Cases/E_Wallet/TC_updateBilling/TC_updateBillingUpdateSendNotif" status="PASSED">
            <system-out>2019-12-17 11:10:15 - [TEST_CASE][PASSED] - Test Cases/E_Wallet/TC_updateBilling/TC_updateBillingUpdateSendNotif: Test Cases/E_Wallet/TC_updateBilling/TC_updateBillingUpdateSendNotif&#xD;
&#xD;
2019-12-17 11:10:15 - [TEST_STEP][PASSED] - plain = "{" + ""user_agent":"" + var_user_agent + ""," + ""billing_id":"" + var_billing_id + ""," + ""amount":"" + var_amount + ""," + ""billing_status":"" + var_billing_status + ""," + ""verified_flag":"" + var_verified_flag + ""," + ""wallet_id":"" + var_wallet_id + ""," + ""billing_ref1":"" + var_billing_ref1 + ""," + ""billing_ref2":"" + var_billing_ref2 + ""," + ""billing_ref3":"" + var_billing_ref3 + ""}": null&#xD;
&#xD;
2019-12-17 11:10:15 - [TEST_STEP][PASSED] - out.println(plain): null&#xD;
&#xD;
2019-12-17 11:10:15 - [TEST_STEP][PASSED] - out.println("var_customer_token" + var_customer_token): null&#xD;
&#xD;
2019-12-17 11:10:15 - [TEST_STEP][PASSED] - out.println("var_partner_token" + var_partner_token): null&#xD;
&#xD;
2019-12-17 11:10:15 - [TEST_STEP][PASSED] - encipheredData = SecureUtils.encryptAesEwallet(plain, var_aes_key): null&#xD;
&#xD;
2019-12-17 11:10:15 - [TEST_STEP][PASSED] - body = "{"organisation_id":"" + var_organisation_id + ""," + ""data":"" + encipheredData + ""," + ""lang":"" + var_lang + ""}": null&#xD;
&#xD;
2019-12-17 11:10:15 - [TEST_STEP][PASSED] - out.println(body): null&#xD;
&#xD;
2019-12-17 11:10:15 - [TEST_STEP][PASSED] - request = findTestObject("E_Wallet/obj_updateBilling2"): null&#xD;
&#xD;
2019-12-17 11:10:15 - [TEST_STEP][PASSED] - request.setBodyContent(new com.kms.katalon.core.testobject.impl.HttpTextBodyContent(body, UTF-8, application/json)): null&#xD;
&#xD;
2019-12-17 11:10:15 - [TEST_STEP][PASSED] - if (var_customer_token == 0): null&#xD;
&#xD;
2019-12-17 11:10:15 - [TEST_STEP][PASSED] - else: null&#xD;
&#xD;
2019-12-17 11:10:15 - [TEST_STEP][PASSED] - out.println("using access_token = " + access_token_customer): null&#xD;
&#xD;
2019-12-17 11:10:15 - [TEST_STEP][PASSED] - listQuery = new java.util.ArrayList(): null&#xD;
&#xD;
2019-12-17 11:10:15 - [TEST_STEP][PASSED] - listQuery.add(new com.kms.katalon.core.testobject.TestObjectProperty(token, com.kms.katalon.core.testobject.ConditionType.EQUALS, internal.GlobalVariable.access_token_customer)): null&#xD;
&#xD;
2019-12-17 11:10:15 - [TEST_STEP][PASSED] - request.setRestParameters(listQuery): null&#xD;
&#xD;
2019-12-17 11:10:15 - [TEST_STEP][PASSED] - response = sendRequest(request): Send request successfully&#xD;
&#xD;
2019-12-17 11:10:15 - [MESSAGE][INFO] - HAR: D:\katalon-ewallet\Reports\E_Wallet\TS_updateBilling\TS_updateBillingUpdateSendNotif\20191217_111009\requests\main\4.har&#xD;
&#xD;
2019-12-17 11:10:15 - [MESSAGE][PASSED] - Send request successfully&#xD;
&#xD;
2019-12-17 11:10:15 - [TEST_STEP][PASSED] - a = &lt;not implemented yet for class: org.codehaus.groovy.ast.expr.EmptyExpression&gt;: null&#xD;
&#xD;
2019-12-17 11:10:15 - [TEST_STEP][PASSED] - headerProps = request.getHttpHeaderProperties(): null&#xD;
&#xD;
2019-12-17 11:10:15 - [TEST_STEP][PASSED] - for ([a = 0, a &lt; headerProps.size(), (a++)]): null&#xD;
&#xD;
2019-12-17 11:10:15 - [TEST_STEP][PASSED] - println(get(a).getName() + ": " + get(a).getValue()): null&#xD;
&#xD;
2019-12-17 11:10:15 - [TEST_STEP][PASSED] - println(get(a).getName() + ": " + get(a).getValue()): null&#xD;
&#xD;
2019-12-17 11:10:15 - [TEST_STEP][PASSED] - println(get(a).getName() + ": " + get(a).getValue()): null&#xD;
&#xD;
2019-12-17 11:10:15 - [TEST_STEP][PASSED] - body_content = responseBodyContent: null&#xD;
&#xD;
2019-12-17 11:10:15 - [TEST_STEP][PASSED] - status_code = statusCode: null&#xD;
&#xD;
2019-12-17 11:10:15 - [TEST_STEP][PASSED] - respDataMap = JsonSlurper().parseText(body_content): null&#xD;
&#xD;
2019-12-17 11:10:15 - [TEST_STEP][PASSED] - out.println(respDataMap): null&#xD;
&#xD;
2019-12-17 11:10:15 - [TEST_STEP][PASSED] - rc_ref = ReturnCodeWrapper(var_expected_rc).getEnumRC(): null&#xD;
&#xD;
2019-12-17 11:10:15 - [TEST_STEP][PASSED] - out.println(var_expected_rc): null&#xD;
&#xD;
2019-12-17 11:10:15 - [TEST_STEP][PASSED] - out.println(rc_ref.getRCName()): null&#xD;
&#xD;
2019-12-17 11:10:15 - [TEST_STEP][PASSED] - out.println(rc_ref.getHttpResponse()): null&#xD;
&#xD;
2019-12-17 11:10:15 - [TEST_STEP][PASSED] - result = verifyEqual(response_code, rc_ref.getRCName()): Actual object 'RC01' and expected object 'RC01' are equal&#xD;
&#xD;
2019-12-17 11:10:15 - [MESSAGE][PASSED] - Actual object 'RC01' and expected object 'RC01' are equal&#xD;
&#xD;
2019-12-17 11:10:15 - [TEST_STEP][PASSED] - if (result == false): null&#xD;
&#xD;
2019-12-17 11:10:15 - [TEST_STEP][PASSED] - else: null&#xD;
&#xD;
2019-12-17 11:10:15 - [TEST_STEP][PASSED] - verifyEqual(statusCode, rc_ref.getHttpResponse()): Actual object '400' and expected object '400' are equal&#xD;
&#xD;
2019-12-17 11:10:15 - [MESSAGE][PASSED] - Actual object '400' and expected object '400' are equal&#xD;
&#xD;
2019-12-17 11:10:15 - [TEST_STEP][PASSED] - if (rc_ref == RC00): null</system-out>
            <system-err></system-err>
        </testcase>
        <testcase name="Test Cases/E_Wallet/TC_updateBilling/TC_updateBillingUpdateSendNotif" classname="Test Cases/E_Wallet/TC_updateBilling/TC_updateBillingUpdateSendNotif" status="PASSED">
            <system-out>2019-12-17 11:10:15 - [TEST_CASE][PASSED] - Test Cases/E_Wallet/TC_updateBilling/TC_updateBillingUpdateSendNotif: Test Cases/E_Wallet/TC_updateBilling/TC_updateBillingUpdateSendNotif&#xD;
&#xD;
2019-12-17 11:10:15 - [TEST_STEP][PASSED] - plain = "{" + ""user_agent":"" + var_user_agent + ""," + ""billing_id":"" + var_billing_id + ""," + ""amount":"" + var_amount + ""," + ""billing_status":"" + var_billing_status + ""," + ""verified_flag":"" + var_verified_flag + ""," + ""wallet_id":"" + var_wallet_id + ""," + ""billing_ref1":"" + var_billing_ref1 + ""," + ""billing_ref2":"" + var_billing_ref2 + ""," + ""billing_ref3":"" + var_billing_ref3 + ""}": null&#xD;
&#xD;
2019-12-17 11:10:15 - [TEST_STEP][PASSED] - out.println(plain): null&#xD;
&#xD;
2019-12-17 11:10:15 - [TEST_STEP][PASSED] - out.println("var_customer_token" + var_customer_token): null&#xD;
&#xD;
2019-12-17 11:10:15 - [TEST_STEP][PASSED] - out.println("var_partner_token" + var_partner_token): null&#xD;
&#xD;
2019-12-17 11:10:15 - [TEST_STEP][PASSED] - encipheredData = SecureUtils.encryptAesEwallet(plain, var_aes_key): null&#xD;
&#xD;
2019-12-17 11:10:15 - [TEST_STEP][PASSED] - body = "{"organisation_id":"" + var_organisation_id + ""," + ""data":"" + encipheredData + ""," + ""lang":"" + var_lang + ""}": null&#xD;
&#xD;
2019-12-17 11:10:15 - [TEST_STEP][PASSED] - out.println(body): null&#xD;
&#xD;
2019-12-17 11:10:15 - [TEST_STEP][PASSED] - request = findTestObject("E_Wallet/obj_updateBilling2"): null&#xD;
&#xD;
2019-12-17 11:10:15 - [TEST_STEP][PASSED] - request.setBodyContent(new com.kms.katalon.core.testobject.impl.HttpTextBodyContent(body, UTF-8, application/json)): null&#xD;
&#xD;
2019-12-17 11:10:15 - [TEST_STEP][PASSED] - if (var_customer_token == 0): null&#xD;
&#xD;
2019-12-17 11:10:15 - [TEST_STEP][PASSED] - else: null&#xD;
&#xD;
2019-12-17 11:10:15 - [TEST_STEP][PASSED] - out.println("using access_token = " + access_token_customer): null&#xD;
&#xD;
2019-12-17 11:10:15 - [TEST_STEP][PASSED] - listQuery = new java.util.ArrayList(): null&#xD;
&#xD;
2019-12-17 11:10:15 - [TEST_STEP][PASSED] - listQuery.add(new com.kms.katalon.core.testobject.TestObjectProperty(token, com.kms.katalon.core.testobject.ConditionType.EQUALS, internal.GlobalVariable.access_token_customer)): null&#xD;
&#xD;
2019-12-17 11:10:15 - [TEST_STEP][PASSED] - request.setRestParameters(listQuery): null&#xD;
&#xD;
2019-12-17 11:10:15 - [TEST_STEP][PASSED] - response = sendRequest(request): Send request successfully&#xD;
&#xD;
2019-12-17 11:10:15 - [MESSAGE][INFO] - HAR: D:\katalon-ewallet\Reports\E_Wallet\TS_updateBilling\TS_updateBillingUpdateSendNotif\20191217_111009\requests\main\5.har&#xD;
&#xD;
2019-12-17 11:10:15 - [MESSAGE][PASSED] - Send request successfully&#xD;
&#xD;
2019-12-17 11:10:15 - [TEST_STEP][PASSED] - a = &lt;not implemented yet for class: org.codehaus.groovy.ast.expr.EmptyExpression&gt;: null&#xD;
&#xD;
2019-12-17 11:10:15 - [TEST_STEP][PASSED] - headerProps = request.getHttpHeaderProperties(): null&#xD;
&#xD;
2019-12-17 11:10:15 - [TEST_STEP][PASSED] - for ([a = 0, a &lt; headerProps.size(), (a++)]): null&#xD;
&#xD;
2019-12-17 11:10:15 - [TEST_STEP][PASSED] - println(get(a).getName() + ": " + get(a).getValue()): null&#xD;
&#xD;
2019-12-17 11:10:15 - [TEST_STEP][PASSED] - println(get(a).getName() + ": " + get(a).getValue()): null&#xD;
&#xD;
2019-12-17 11:10:15 - [TEST_STEP][PASSED] - println(get(a).getName() + ": " + get(a).getValue()): null&#xD;
&#xD;
2019-12-17 11:10:15 - [TEST_STEP][PASSED] - body_content = responseBodyContent: null&#xD;
&#xD;
2019-12-17 11:10:15 - [TEST_STEP][PASSED] - status_code = statusCode: null&#xD;
&#xD;
2019-12-17 11:10:15 - [TEST_STEP][PASSED] - respDataMap = JsonSlurper().parseText(body_content): null&#xD;
&#xD;
2019-12-17 11:10:15 - [TEST_STEP][PASSED] - out.println(respDataMap): null&#xD;
&#xD;
2019-12-17 11:10:15 - [TEST_STEP][PASSED] - rc_ref = ReturnCodeWrapper(var_expected_rc).getEnumRC(): null&#xD;
&#xD;
2019-12-17 11:10:15 - [TEST_STEP][PASSED] - out.println(var_expected_rc): null&#xD;
&#xD;
2019-12-17 11:10:15 - [TEST_STEP][PASSED] - out.println(rc_ref.getRCName()): null&#xD;
&#xD;
2019-12-17 11:10:15 - [TEST_STEP][PASSED] - out.println(rc_ref.getHttpResponse()): null&#xD;
&#xD;
2019-12-17 11:10:15 - [TEST_STEP][PASSED] - result = verifyEqual(response_code, rc_ref.getRCName()): Actual object 'RC01' and expected object 'RC01' are equal&#xD;
&#xD;
2019-12-17 11:10:15 - [MESSAGE][PASSED] - Actual object 'RC01' and expected object 'RC01' are equal&#xD;
&#xD;
2019-12-17 11:10:15 - [TEST_STEP][PASSED] - if (result == false): null&#xD;
&#xD;
2019-12-17 11:10:15 - [TEST_STEP][PASSED] - else: null&#xD;
&#xD;
2019-12-17 11:10:15 - [TEST_STEP][PASSED] - verifyEqual(statusCode, rc_ref.getHttpResponse()): Actual object '400' and expected object '400' are equal&#xD;
&#xD;
2019-12-17 11:10:15 - [MESSAGE][PASSED] - Actual object '400' and expected object '400' are equal&#xD;
&#xD;
2019-12-17 11:10:15 - [TEST_STEP][PASSED] - if (rc_ref == RC00): null</system-out>
            <system-err></system-err>
        </testcase>
        <testcase name="Test Cases/E_Wallet/TC_updateBilling/TC_updateBillingUpdateSendNotif" classname="Test Cases/E_Wallet/TC_updateBilling/TC_updateBillingUpdateSendNotif" status="PASSED">
            <system-out>2019-12-17 11:10:15 - [TEST_CASE][PASSED] - Test Cases/E_Wallet/TC_updateBilling/TC_updateBillingUpdateSendNotif: Test Cases/E_Wallet/TC_updateBilling/TC_updateBillingUpdateSendNotif&#xD;
&#xD;
2019-12-17 11:10:15 - [TEST_STEP][PASSED] - plain = "{" + ""user_agent":"" + var_user_agent + ""," + ""billing_id":"" + var_billing_id + ""," + ""amount":"" + var_amount + ""," + ""billing_status":"" + var_billing_status + ""," + ""verified_flag":"" + var_verified_flag + ""," + ""wallet_id":"" + var_wallet_id + ""," + ""billing_ref1":"" + var_billing_ref1 + ""," + ""billing_ref2":"" + var_billing_ref2 + ""," + ""billing_ref3":"" + var_billing_ref3 + ""}": null&#xD;
&#xD;
2019-12-17 11:10:15 - [TEST_STEP][PASSED] - out.println(plain): null&#xD;
&#xD;
2019-12-17 11:10:15 - [TEST_STEP][PASSED] - out.println("var_customer_token" + var_customer_token): null&#xD;
&#xD;
2019-12-17 11:10:15 - [TEST_STEP][PASSED] - out.println("var_partner_token" + var_partner_token): null&#xD;
&#xD;
2019-12-17 11:10:15 - [TEST_STEP][PASSED] - encipheredData = SecureUtils.encryptAesEwallet(plain, var_aes_key): null&#xD;
&#xD;
2019-12-17 11:10:15 - [TEST_STEP][PASSED] - body = "{"organisation_id":"" + var_organisation_id + ""," + ""data":"" + encipheredData + ""," + ""lang":"" + var_lang + ""}": null&#xD;
&#xD;
2019-12-17 11:10:15 - [TEST_STEP][PASSED] - out.println(body): null&#xD;
&#xD;
2019-12-17 11:10:15 - [TEST_STEP][PASSED] - request = findTestObject("E_Wallet/obj_updateBilling2"): null&#xD;
&#xD;
2019-12-17 11:10:15 - [TEST_STEP][PASSED] - request.setBodyContent(new com.kms.katalon.core.testobject.impl.HttpTextBodyContent(body, UTF-8, application/json)): null&#xD;
&#xD;
2019-12-17 11:10:15 - [TEST_STEP][PASSED] - if (var_customer_token == 0): null&#xD;
&#xD;
2019-12-17 11:10:15 - [TEST_STEP][PASSED] - else: null&#xD;
&#xD;
2019-12-17 11:10:15 - [TEST_STEP][PASSED] - out.println("using access_token = " + access_token_customer): null&#xD;
&#xD;
2019-12-17 11:10:15 - [TEST_STEP][PASSED] - listQuery = new java.util.ArrayList(): null&#xD;
&#xD;
2019-12-17 11:10:15 - [TEST_STEP][PASSED] - listQuery.add(new com.kms.katalon.core.testobject.TestObjectProperty(token, com.kms.katalon.core.testobject.ConditionType.EQUALS, internal.GlobalVariable.access_token_customer)): null&#xD;
&#xD;
2019-12-17 11:10:15 - [TEST_STEP][PASSED] - request.setRestParameters(listQuery): null&#xD;
&#xD;
2019-12-17 11:10:15 - [TEST_STEP][PASSED] - response = sendRequest(request): Send request successfully&#xD;
&#xD;
2019-12-17 11:10:15 - [MESSAGE][INFO] - HAR: D:\katalon-ewallet\Reports\E_Wallet\TS_updateBilling\TS_updateBillingUpdateSendNotif\20191217_111009\requests\main\6.har&#xD;
&#xD;
2019-12-17 11:10:15 - [MESSAGE][PASSED] - Send request successfully&#xD;
&#xD;
2019-12-17 11:10:15 - [TEST_STEP][PASSED] - a = &lt;not implemented yet for class: org.codehaus.groovy.ast.expr.EmptyExpression&gt;: null&#xD;
&#xD;
2019-12-17 11:10:15 - [TEST_STEP][PASSED] - headerProps = request.getHttpHeaderProperties(): null&#xD;
&#xD;
2019-12-17 11:10:15 - [TEST_STEP][PASSED] - for ([a = 0, a &lt; headerProps.size(), (a++)]): null&#xD;
&#xD;
2019-12-17 11:10:15 - [TEST_STEP][PASSED] - println(get(a).getName() + ": " + get(a).getValue()): null&#xD;
&#xD;
2019-12-17 11:10:15 - [TEST_STEP][PASSED] - println(get(a).getName() + ": " + get(a).getValue()): null&#xD;
&#xD;
2019-12-17 11:10:15 - [TEST_STEP][PASSED] - println(get(a).getName() + ": " + get(a).getValue()): null&#xD;
&#xD;
2019-12-17 11:10:15 - [TEST_STEP][PASSED] - body_content = responseBodyContent: null&#xD;
&#xD;
2019-12-17 11:10:15 - [TEST_STEP][PASSED] - status_code = statusCode: null&#xD;
&#xD;
2019-12-17 11:10:15 - [TEST_STEP][PASSED] - respDataMap = JsonSlurper().parseText(body_content): null&#xD;
&#xD;
2019-12-17 11:10:15 - [TEST_STEP][PASSED] - out.println(respDataMap): null&#xD;
&#xD;
2019-12-17 11:10:15 - [TEST_STEP][PASSED] - rc_ref = ReturnCodeWrapper(var_expected_rc).getEnumRC(): null&#xD;
&#xD;
2019-12-17 11:10:15 - [TEST_STEP][PASSED] - out.println(var_expected_rc): null&#xD;
&#xD;
2019-12-17 11:10:15 - [TEST_STEP][PASSED] - out.println(rc_ref.getRCName()): null&#xD;
&#xD;
2019-12-17 11:10:15 - [TEST_STEP][PASSED] - out.println(rc_ref.getHttpResponse()): null&#xD;
&#xD;
2019-12-17 11:10:15 - [TEST_STEP][PASSED] - result = verifyEqual(response_code, rc_ref.getRCName()): Actual object 'RC01' and expected object 'RC01' are equal&#xD;
&#xD;
2019-12-17 11:10:15 - [MESSAGE][PASSED] - Actual object 'RC01' and expected object 'RC01' are equal&#xD;
&#xD;
2019-12-17 11:10:15 - [TEST_STEP][PASSED] - if (result == false): null&#xD;
&#xD;
2019-12-17 11:10:15 - [TEST_STEP][PASSED] - else: null&#xD;
&#xD;
2019-12-17 11:10:15 - [TEST_STEP][PASSED] - verifyEqual(statusCode, rc_ref.getHttpResponse()): Actual object '400' and expected object '400' are equal&#xD;
&#xD;
2019-12-17 11:10:15 - [MESSAGE][PASSED] - Actual object '400' and expected object '400' are equal&#xD;
&#xD;
2019-12-17 11:10:15 - [TEST_STEP][PASSED] - if (rc_ref == RC00): null</system-out>
            <system-err></system-err>
        </testcase>
        <testcase name="Test Cases/E_Wallet/TC_updateBilling/TC_updateBillingUpdateSendNotif" classname="Test Cases/E_Wallet/TC_updateBilling/TC_updateBillingUpdateSendNotif" status="PASSED">
            <system-out>2019-12-17 11:10:15 - [TEST_CASE][PASSED] - Test Cases/E_Wallet/TC_updateBilling/TC_updateBillingUpdateSendNotif: Test Cases/E_Wallet/TC_updateBilling/TC_updateBillingUpdateSendNotif&#xD;
&#xD;
2019-12-17 11:10:15 - [TEST_STEP][PASSED] - plain = "{" + ""user_agent":"" + var_user_agent + ""," + ""billing_id":"" + var_billing_id + ""," + ""amount":"" + var_amount + ""," + ""billing_status":"" + var_billing_status + ""," + ""verified_flag":"" + var_verified_flag + ""," + ""wallet_id":"" + var_wallet_id + ""," + ""billing_ref1":"" + var_billing_ref1 + ""," + ""billing_ref2":"" + var_billing_ref2 + ""," + ""billing_ref3":"" + var_billing_ref3 + ""}": null&#xD;
&#xD;
2019-12-17 11:10:15 - [TEST_STEP][PASSED] - out.println(plain): null&#xD;
&#xD;
2019-12-17 11:10:15 - [TEST_STEP][PASSED] - out.println("var_customer_token" + var_customer_token): null&#xD;
&#xD;
2019-12-17 11:10:15 - [TEST_STEP][PASSED] - out.println("var_partner_token" + var_partner_token): null&#xD;
&#xD;
2019-12-17 11:10:15 - [TEST_STEP][PASSED] - encipheredData = SecureUtils.encryptAesEwallet(plain, var_aes_key): null&#xD;
&#xD;
2019-12-17 11:10:15 - [TEST_STEP][PASSED] - body = "{"organisation_id":"" + var_organisation_id + ""," + ""data":"" + encipheredData + ""," + ""lang":"" + var_lang + ""}": null&#xD;
&#xD;
2019-12-17 11:10:15 - [TEST_STEP][PASSED] - out.println(body): null&#xD;
&#xD;
2019-12-17 11:10:15 - [TEST_STEP][PASSED] - request = findTestObject("E_Wallet/obj_updateBilling2"): null&#xD;
&#xD;
2019-12-17 11:10:16 - [TEST_STEP][PASSED] - request.setBodyContent(new com.kms.katalon.core.testobject.impl.HttpTextBodyContent(body, UTF-8, application/json)): null&#xD;
&#xD;
2019-12-17 11:10:16 - [TEST_STEP][PASSED] - if (var_customer_token == 0): null&#xD;
&#xD;
2019-12-17 11:10:16 - [TEST_STEP][PASSED] - else: null&#xD;
&#xD;
2019-12-17 11:10:16 - [TEST_STEP][PASSED] - out.println("using access_token = " + access_token_customer): null&#xD;
&#xD;
2019-12-17 11:10:16 - [TEST_STEP][PASSED] - listQuery = new java.util.ArrayList(): null&#xD;
&#xD;
2019-12-17 11:10:16 - [TEST_STEP][PASSED] - listQuery.add(new com.kms.katalon.core.testobject.TestObjectProperty(token, com.kms.katalon.core.testobject.ConditionType.EQUALS, internal.GlobalVariable.access_token_customer)): null&#xD;
&#xD;
2019-12-17 11:10:16 - [TEST_STEP][PASSED] - request.setRestParameters(listQuery): null&#xD;
&#xD;
2019-12-17 11:10:16 - [TEST_STEP][PASSED] - response = sendRequest(request): Send request successfully&#xD;
&#xD;
2019-12-17 11:10:16 - [MESSAGE][INFO] - HAR: D:\katalon-ewallet\Reports\E_Wallet\TS_updateBilling\TS_updateBillingUpdateSendNotif\20191217_111009\requests\main\7.har&#xD;
&#xD;
2019-12-17 11:10:16 - [MESSAGE][PASSED] - Send request successfully&#xD;
&#xD;
2019-12-17 11:10:16 - [TEST_STEP][PASSED] - a = &lt;not implemented yet for class: org.codehaus.groovy.ast.expr.EmptyExpression&gt;: null&#xD;
&#xD;
2019-12-17 11:10:16 - [TEST_STEP][PASSED] - headerProps = request.getHttpHeaderProperties(): null&#xD;
&#xD;
2019-12-17 11:10:16 - [TEST_STEP][PASSED] - for ([a = 0, a &lt; headerProps.size(), (a++)]): null&#xD;
&#xD;
2019-12-17 11:10:16 - [TEST_STEP][PASSED] - println(get(a).getName() + ": " + get(a).getValue()): null&#xD;
&#xD;
2019-12-17 11:10:16 - [TEST_STEP][PASSED] - println(get(a).getName() + ": " + get(a).getValue()): null&#xD;
&#xD;
2019-12-17 11:10:16 - [TEST_STEP][PASSED] - println(get(a).getName() + ": " + get(a).getValue()): null&#xD;
&#xD;
2019-12-17 11:10:16 - [TEST_STEP][PASSED] - body_content = responseBodyContent: null&#xD;
&#xD;
2019-12-17 11:10:16 - [TEST_STEP][PASSED] - status_code = statusCode: null&#xD;
&#xD;
2019-12-17 11:10:16 - [TEST_STEP][PASSED] - respDataMap = JsonSlurper().parseText(body_content): null&#xD;
&#xD;
2019-12-17 11:10:16 - [TEST_STEP][PASSED] - out.println(respDataMap): null&#xD;
&#xD;
2019-12-17 11:10:16 - [TEST_STEP][PASSED] - rc_ref = ReturnCodeWrapper(var_expected_rc).getEnumRC(): null&#xD;
&#xD;
2019-12-17 11:10:16 - [TEST_STEP][PASSED] - out.println(var_expected_rc): null&#xD;
&#xD;
2019-12-17 11:10:16 - [TEST_STEP][PASSED] - out.println(rc_ref.getRCName()): null&#xD;
&#xD;
2019-12-17 11:10:16 - [TEST_STEP][PASSED] - out.println(rc_ref.getHttpResponse()): null&#xD;
&#xD;
2019-12-17 11:10:16 - [TEST_STEP][PASSED] - result = verifyEqual(response_code, rc_ref.getRCName()): Actual object 'RC22' and expected object 'RC22' are equal&#xD;
&#xD;
2019-12-17 11:10:16 - [MESSAGE][PASSED] - Actual object 'RC22' and expected object 'RC22' are equal&#xD;
&#xD;
2019-12-17 11:10:16 - [TEST_STEP][PASSED] - if (result == false): null&#xD;
&#xD;
2019-12-17 11:10:16 - [TEST_STEP][PASSED] - else: null&#xD;
&#xD;
2019-12-17 11:10:16 - [TEST_STEP][PASSED] - verifyEqual(statusCode, rc_ref.getHttpResponse()): Actual object '500' and expected object '500' are equal&#xD;
&#xD;
2019-12-17 11:10:16 - [MESSAGE][PASSED] - Actual object '500' and expected object '500' are equal&#xD;
&#xD;
2019-12-17 11:10:16 - [TEST_STEP][PASSED] - if (rc_ref == RC00): null</system-out>
            <system-err></system-err>
        </testcase>
        <testcase name="Test Cases/E_Wallet/TC_updateBilling/TC_updateBillingUpdateSendNotif" classname="Test Cases/E_Wallet/TC_updateBilling/TC_updateBillingUpdateSendNotif" status="PASSED">
            <system-out>2019-12-17 11:10:16 - [TEST_CASE][PASSED] - Test Cases/E_Wallet/TC_updateBilling/TC_updateBillingUpdateSendNotif: Test Cases/E_Wallet/TC_updateBilling/TC_updateBillingUpdateSendNotif&#xD;
&#xD;
2019-12-17 11:10:16 - [TEST_STEP][PASSED] - plain = "{" + ""user_agent":"" + var_user_agent + ""," + ""billing_id":"" + var_billing_id + ""," + ""amount":"" + var_amount + ""," + ""billing_status":"" + var_billing_status + ""," + ""verified_flag":"" + var_verified_flag + ""," + ""wallet_id":"" + var_wallet_id + ""," + ""billing_ref1":"" + var_billing_ref1 + ""," + ""billing_ref2":"" + var_billing_ref2 + ""," + ""billing_ref3":"" + var_billing_ref3 + ""}": null&#xD;
&#xD;
2019-12-17 11:10:16 - [TEST_STEP][PASSED] - out.println(plain): null&#xD;
&#xD;
2019-12-17 11:10:16 - [TEST_STEP][PASSED] - out.println("var_customer_token" + var_customer_token): null&#xD;
&#xD;
2019-12-17 11:10:16 - [TEST_STEP][PASSED] - out.println("var_partner_token" + var_partner_token): null&#xD;
&#xD;
2019-12-17 11:10:16 - [TEST_STEP][PASSED] - encipheredData = SecureUtils.encryptAesEwallet(plain, var_aes_key): null&#xD;
&#xD;
2019-12-17 11:10:16 - [TEST_STEP][PASSED] - body = "{"organisation_id":"" + var_organisation_id + ""," + ""data":"" + encipheredData + ""," + ""lang":"" + var_lang + ""}": null&#xD;
&#xD;
2019-12-17 11:10:16 - [TEST_STEP][PASSED] - out.println(body): null&#xD;
&#xD;
2019-12-17 11:10:16 - [TEST_STEP][PASSED] - request = findTestObject("E_Wallet/obj_updateBilling2"): null&#xD;
&#xD;
2019-12-17 11:10:16 - [TEST_STEP][PASSED] - request.setBodyContent(new com.kms.katalon.core.testobject.impl.HttpTextBodyContent(body, UTF-8, application/json)): null&#xD;
&#xD;
2019-12-17 11:10:16 - [TEST_STEP][PASSED] - if (var_customer_token == 0): null&#xD;
&#xD;
2019-12-17 11:10:16 - [TEST_STEP][PASSED] - else: null&#xD;
&#xD;
2019-12-17 11:10:16 - [TEST_STEP][PASSED] - out.println("using access_token = " + access_token_customer): null&#xD;
&#xD;
2019-12-17 11:10:16 - [TEST_STEP][PASSED] - listQuery = new java.util.ArrayList(): null&#xD;
&#xD;
2019-12-17 11:10:16 - [TEST_STEP][PASSED] - listQuery.add(new com.kms.katalon.core.testobject.TestObjectProperty(token, com.kms.katalon.core.testobject.ConditionType.EQUALS, internal.GlobalVariable.access_token_customer)): null&#xD;
&#xD;
2019-12-17 11:10:16 - [TEST_STEP][PASSED] - request.setRestParameters(listQuery): null&#xD;
&#xD;
2019-12-17 11:10:16 - [TEST_STEP][PASSED] - response = sendRequest(request): Send request successfully&#xD;
&#xD;
2019-12-17 11:10:16 - [MESSAGE][INFO] - HAR: D:\katalon-ewallet\Reports\E_Wallet\TS_updateBilling\TS_updateBillingUpdateSendNotif\20191217_111009\requests\main\8.har&#xD;
&#xD;
2019-12-17 11:10:16 - [MESSAGE][PASSED] - Send request successfully&#xD;
&#xD;
2019-12-17 11:10:16 - [TEST_STEP][PASSED] - a = &lt;not implemented yet for class: org.codehaus.groovy.ast.expr.EmptyExpression&gt;: null&#xD;
&#xD;
2019-12-17 11:10:16 - [TEST_STEP][PASSED] - headerProps = request.getHttpHeaderProperties(): null&#xD;
&#xD;
2019-12-17 11:10:16 - [TEST_STEP][PASSED] - for ([a = 0, a &lt; headerProps.size(), (a++)]): null&#xD;
&#xD;
2019-12-17 11:10:16 - [TEST_STEP][PASSED] - println(get(a).getName() + ": " + get(a).getValue()): null&#xD;
&#xD;
2019-12-17 11:10:16 - [TEST_STEP][PASSED] - println(get(a).getName() + ": " + get(a).getValue()): null&#xD;
&#xD;
2019-12-17 11:10:16 - [TEST_STEP][PASSED] - println(get(a).getName() + ": " + get(a).getValue()): null&#xD;
&#xD;
2019-12-17 11:10:16 - [TEST_STEP][PASSED] - body_content = responseBodyContent: null&#xD;
&#xD;
2019-12-17 11:10:16 - [TEST_STEP][PASSED] - status_code = statusCode: null&#xD;
&#xD;
2019-12-17 11:10:16 - [TEST_STEP][PASSED] - respDataMap = JsonSlurper().parseText(body_content): null&#xD;
&#xD;
2019-12-17 11:10:16 - [TEST_STEP][PASSED] - out.println(respDataMap): null&#xD;
&#xD;
2019-12-17 11:10:16 - [TEST_STEP][PASSED] - rc_ref = ReturnCodeWrapper(var_expected_rc).getEnumRC(): null&#xD;
&#xD;
2019-12-17 11:10:16 - [TEST_STEP][PASSED] - out.println(var_expected_rc): null&#xD;
&#xD;
2019-12-17 11:10:16 - [TEST_STEP][PASSED] - out.println(rc_ref.getRCName()): null&#xD;
&#xD;
2019-12-17 11:10:16 - [TEST_STEP][PASSED] - out.println(rc_ref.getHttpResponse()): null&#xD;
&#xD;
2019-12-17 11:10:16 - [TEST_STEP][PASSED] - result = verifyEqual(response_code, rc_ref.getRCName()): Actual object 'RC01' and expected object 'RC01' are equal&#xD;
&#xD;
2019-12-17 11:10:16 - [MESSAGE][PASSED] - Actual object 'RC01' and expected object 'RC01' are equal&#xD;
&#xD;
2019-12-17 11:10:16 - [TEST_STEP][PASSED] - if (result == false): null&#xD;
&#xD;
2019-12-17 11:10:16 - [TEST_STEP][PASSED] - else: null&#xD;
&#xD;
2019-12-17 11:10:16 - [TEST_STEP][PASSED] - verifyEqual(statusCode, rc_ref.getHttpResponse()): Actual object '400' and expected object '400' are equal&#xD;
&#xD;
2019-12-17 11:10:16 - [MESSAGE][PASSED] - Actual object '400' and expected object '400' are equal&#xD;
&#xD;
2019-12-17 11:10:16 - [TEST_STEP][PASSED] - if (rc_ref == RC00): null</system-out>
            <system-err></system-err>
        </testcase>
        <testcase name="Test Cases/E_Wallet/TC_updateBilling/TC_updateBillingUpdateSendNotif" classname="Test Cases/E_Wallet/TC_updateBilling/TC_updateBillingUpdateSendNotif" status="PASSED">
            <system-out>2019-12-17 11:10:16 - [TEST_CASE][PASSED] - Test Cases/E_Wallet/TC_updateBilling/TC_updateBillingUpdateSendNotif: Test Cases/E_Wallet/TC_updateBilling/TC_updateBillingUpdateSendNotif&#xD;
&#xD;
2019-12-17 11:10:16 - [TEST_STEP][PASSED] - plain = "{" + ""user_agent":"" + var_user_agent + ""," + ""billing_id":"" + var_billing_id + ""," + ""amount":"" + var_amount + ""," + ""billing_status":"" + var_billing_status + ""," + ""verified_flag":"" + var_verified_flag + ""," + ""wallet_id":"" + var_wallet_id + ""," + ""billing_ref1":"" + var_billing_ref1 + ""," + ""billing_ref2":"" + var_billing_ref2 + ""," + ""billing_ref3":"" + var_billing_ref3 + ""}": null&#xD;
&#xD;
2019-12-17 11:10:16 - [TEST_STEP][PASSED] - out.println(plain): null&#xD;
&#xD;
2019-12-17 11:10:16 - [TEST_STEP][PASSED] - out.println("var_customer_token" + var_customer_token): null&#xD;
&#xD;
2019-12-17 11:10:16 - [TEST_STEP][PASSED] - out.println("var_partner_token" + var_partner_token): null&#xD;
&#xD;
2019-12-17 11:10:16 - [TEST_STEP][PASSED] - encipheredData = SecureUtils.encryptAesEwallet(plain, var_aes_key): null&#xD;
&#xD;
2019-12-17 11:10:16 - [TEST_STEP][PASSED] - body = "{"organisation_id":"" + var_organisation_id + ""," + ""data":"" + encipheredData + ""," + ""lang":"" + var_lang + ""}": null&#xD;
&#xD;
2019-12-17 11:10:16 - [TEST_STEP][PASSED] - out.println(body): null&#xD;
&#xD;
2019-12-17 11:10:16 - [TEST_STEP][PASSED] - request = findTestObject("E_Wallet/obj_updateBilling2"): null&#xD;
&#xD;
2019-12-17 11:10:16 - [TEST_STEP][PASSED] - request.setBodyContent(new com.kms.katalon.core.testobject.impl.HttpTextBodyContent(body, UTF-8, application/json)): null&#xD;
&#xD;
2019-12-17 11:10:16 - [TEST_STEP][PASSED] - if (var_customer_token == 0): null&#xD;
&#xD;
2019-12-17 11:10:16 - [TEST_STEP][PASSED] - else: null&#xD;
&#xD;
2019-12-17 11:10:16 - [TEST_STEP][PASSED] - out.println("using access_token = " + access_token_customer): null&#xD;
&#xD;
2019-12-17 11:10:16 - [TEST_STEP][PASSED] - listQuery = new java.util.ArrayList(): null&#xD;
&#xD;
2019-12-17 11:10:16 - [TEST_STEP][PASSED] - listQuery.add(new com.kms.katalon.core.testobject.TestObjectProperty(token, com.kms.katalon.core.testobject.ConditionType.EQUALS, internal.GlobalVariable.access_token_customer)): null&#xD;
&#xD;
2019-12-17 11:10:16 - [TEST_STEP][PASSED] - request.setRestParameters(listQuery): null&#xD;
&#xD;
2019-12-17 11:10:16 - [TEST_STEP][PASSED] - response = sendRequest(request): Send request successfully&#xD;
&#xD;
2019-12-17 11:10:16 - [MESSAGE][INFO] - HAR: D:\katalon-ewallet\Reports\E_Wallet\TS_updateBilling\TS_updateBillingUpdateSendNotif\20191217_111009\requests\main\9.har&#xD;
&#xD;
2019-12-17 11:10:16 - [MESSAGE][PASSED] - Send request successfully&#xD;
&#xD;
2019-12-17 11:10:16 - [TEST_STEP][PASSED] - a = &lt;not implemented yet for class: org.codehaus.groovy.ast.expr.EmptyExpression&gt;: null&#xD;
&#xD;
2019-12-17 11:10:16 - [TEST_STEP][PASSED] - headerProps = request.getHttpHeaderProperties(): null&#xD;
&#xD;
2019-12-17 11:10:16 - [TEST_STEP][PASSED] - for ([a = 0, a &lt; headerProps.size(), (a++)]): null&#xD;
&#xD;
2019-12-17 11:10:16 - [TEST_STEP][PASSED] - println(get(a).getName() + ": " + get(a).getValue()): null&#xD;
&#xD;
2019-12-17 11:10:16 - [TEST_STEP][PASSED] - println(get(a).getName() + ": " + get(a).getValue()): null&#xD;
&#xD;
2019-12-17 11:10:16 - [TEST_STEP][PASSED] - println(get(a).getName() + ": " + get(a).getValue()): null&#xD;
&#xD;
2019-12-17 11:10:16 - [TEST_STEP][PASSED] - body_content = responseBodyContent: null&#xD;
&#xD;
2019-12-17 11:10:16 - [TEST_STEP][PASSED] - status_code = statusCode: null&#xD;
&#xD;
2019-12-17 11:10:16 - [TEST_STEP][PASSED] - respDataMap = JsonSlurper().parseText(body_content): null&#xD;
&#xD;
2019-12-17 11:10:16 - [TEST_STEP][PASSED] - out.println(respDataMap): null&#xD;
&#xD;
2019-12-17 11:10:16 - [TEST_STEP][PASSED] - rc_ref = ReturnCodeWrapper(var_expected_rc).getEnumRC(): null&#xD;
&#xD;
2019-12-17 11:10:16 - [TEST_STEP][PASSED] - out.println(var_expected_rc): null&#xD;
&#xD;
2019-12-17 11:10:16 - [TEST_STEP][PASSED] - out.println(rc_ref.getRCName()): null&#xD;
&#xD;
2019-12-17 11:10:16 - [TEST_STEP][PASSED] - out.println(rc_ref.getHttpResponse()): null&#xD;
&#xD;
2019-12-17 11:10:16 - [TEST_STEP][PASSED] - result = verifyEqual(response_code, rc_ref.getRCName()): Actual object 'RC22' and expected object 'RC22' are equal&#xD;
&#xD;
2019-12-17 11:10:16 - [MESSAGE][PASSED] - Actual object 'RC22' and expected object 'RC22' are equal&#xD;
&#xD;
2019-12-17 11:10:16 - [TEST_STEP][PASSED] - if (result == false): null&#xD;
&#xD;
2019-12-17 11:10:16 - [TEST_STEP][PASSED] - else: null&#xD;
&#xD;
2019-12-17 11:10:16 - [TEST_STEP][PASSED] - verifyEqual(statusCode, rc_ref.getHttpResponse()): Actual object '500' and expected object '500' are equal&#xD;
&#xD;
2019-12-17 11:10:16 - [MESSAGE][PASSED] - Actual object '500' and expected object '500' are equal&#xD;
&#xD;
2019-12-17 11:10:16 - [TEST_STEP][PASSED] - if (rc_ref == RC00): null</system-out>
            <system-err></system-err>
        </testcase>
        <testcase name="Test Cases/E_Wallet/TC_updateBilling/TC_updateBillingUpdateSendNotif" classname="Test Cases/E_Wallet/TC_updateBilling/TC_updateBillingUpdateSendNotif" status="FAILED">
            <failure type="FAILED" message="Test Cases/E_Wallet/TC_updateBilling/TC_updateBillingUpdateSendNotif FAILED.&#xA;Reason:&#xA;com.kms.katalon.core.exception.StepFailedException: Actual object 'RC22' and expected object 'RC00' are not equal&#xD;&#xA;&#x9;at com.kms.katalon.core.keyword.builtin.VerifyEqualKeyword$_verifyEqual_closure1.doCall(VerifyEqualKeyword.groovy:58)&#xD;&#xA;&#x9;at com.kms.katalon.core.keyword.builtin.VerifyEqualKeyword$_verifyEqual_closure1.call(VerifyEqualKeyword.groovy)&#xD;&#xA;&#x9;at com.kms.katalon.core.keyword.internal.KeywordMain.runKeyword(KeywordMain.groovy:68)&#xD;&#xA;&#x9;at com.kms.katalon.core.keyword.builtin.VerifyEqualKeyword.verifyEqual(VerifyEqualKeyword.groovy:63)&#xD;&#xA;&#x9;at com.kms.katalon.core.keyword.builtin.VerifyEqualKeyword.execute(VerifyEqualKeyword.groovy:44)&#xD;&#xA;&#x9;at com.kms.katalon.core.keyword.internal.KeywordExecutor.executeKeywordForPlatform(KeywordExecutor.groovy:56)&#xD;&#xA;&#x9;at com.kms.katalon.core.keyword.BuiltinKeywords.verifyEqual(BuiltinKeywords.groovy:141)&#xD;&#xA;&#x9;at TC_updateBillingUpdateSendNotif.run(TC_updateBillingUpdateSendNotif:104)&#xD;&#xA;&#x9;at com.kms.katalon.core.main.ScriptEngine.run(ScriptEngine.java:194)&#xD;&#xA;&#x9;at com.kms.katalon.core.main.ScriptEngine.runScriptAsRawText(ScriptEngine.java:119)&#xD;&#xA;&#x9;at com.kms.katalon.core.main.TestCaseExecutor.runScript(TestCaseExecutor.java:337)&#xD;&#xA;&#x9;at com.kms.katalon.core.main.TestCaseExecutor.doExecute(TestCaseExecutor.java:328)&#xD;&#xA;&#x9;at com.kms.katalon.core.main.TestCaseExecutor.processExecutionPhase(TestCaseExecutor.java:307)&#xD;&#xA;&#x9;at com.kms.katalon.core.main.TestCaseExecutor.accessMainPhase(TestCaseExecutor.java:299)&#xD;&#xA;&#x9;at com.kms.katalon.core.main.TestCaseExecutor.execute(TestCaseExecutor.java:233)&#xD;&#xA;&#x9;at com.kms.katalon.core.main.TestSuiteExecutor.accessTestCaseMainPhase(TestSuiteExecutor.java:133)&#xD;&#xA;&#x9;at com.kms.katalon.core.main.TestSuiteExecutor.accessTestSuiteMainPhase(TestSuiteExecutor.java:116)&#xD;&#xA;&#x9;at com.kms.katalon.core.main.TestSuiteExecutor.execute(TestSuiteExecutor.java:83)&#xD;&#xA;&#x9;at com.kms.katalon.core.main.TestCaseMain.startTestSuite(TestCaseMain.java:157)&#xD;&#xA;&#x9;at com.kms.katalon.core.main.TestCaseMain$startTestSuite$0.call(Unknown Source)&#xD;&#xA;&#x9;at TempTestSuite1576555809646.run(TempTestSuite1576555809646.groovy:35)&#xD;&#xA;"/>
            <system-out>2019-12-17 11:10:16 - [TEST_CASE][FAILED] - Test Cases/E_Wallet/TC_updateBilling/TC_updateBillingUpdateSendNotif: Test Cases/E_Wallet/TC_updateBilling/TC_updateBillingUpdateSendNotif FAILED.
Reason:
com.kms.katalon.core.exception.StepFailedException: Actual object 'RC22' and expected object 'RC00' are not equal&#xD;
	at com.kms.katalon.core.keyword.builtin.VerifyEqualKeyword$_verifyEqual_closure1.doCall(VerifyEqualKeyword.groovy:58)&#xD;
	at com.kms.katalon.core.keyword.builtin.VerifyEqualKeyword$_verifyEqual_closure1.call(VerifyEqualKeyword.groovy)&#xD;
	at com.kms.katalon.core.keyword.internal.KeywordMain.runKeyword(KeywordMain.groovy:68)&#xD;
	at com.kms.katalon.core.keyword.builtin.VerifyEqualKeyword.verifyEqual(VerifyEqualKeyword.groovy:63)&#xD;
	at com.kms.katalon.core.keyword.builtin.VerifyEqualKeyword.execute(VerifyEqualKeyword.groovy:44)&#xD;
	at com.kms.katalon.core.keyword.internal.KeywordExecutor.executeKeywordForPlatform(KeywordExecutor.groovy:56)&#xD;
	at com.kms.katalon.core.keyword.BuiltinKeywords.verifyEqual(BuiltinKeywords.groovy:141)&#xD;
	at TC_updateBillingUpdateSendNotif.run(TC_updateBillingUpdateSendNotif:104)&#xD;
	at com.kms.katalon.core.main.ScriptEngine.run(ScriptEngine.java:194)&#xD;
	at com.kms.katalon.core.main.ScriptEngine.runScriptAsRawText(ScriptEngine.java:119)&#xD;
	at com.kms.katalon.core.main.TestCaseExecutor.runScript(TestCaseExecutor.java:337)&#xD;
	at com.kms.katalon.core.main.TestCaseExecutor.doExecute(TestCaseExecutor.java:328)&#xD;
	at com.kms.katalon.core.main.TestCaseExecutor.processExecutionPhase(TestCaseExecutor.java:307)&#xD;
	at com.kms.katalon.core.main.TestCaseExecutor.accessMainPhase(TestCaseExecutor.java:299)&#xD;
	at com.kms.katalon.core.main.TestCaseExecutor.execute(TestCaseExecutor.java:233)&#xD;
	at com.kms.katalon.core.main.TestSuiteExecutor.accessTestCaseMainPhase(TestSuiteExecutor.java:133)&#xD;
	at com.kms.katalon.core.main.TestSuiteExecutor.accessTestSuiteMainPhase(TestSuiteExecutor.java:116)&#xD;
	at com.kms.katalon.core.main.TestSuiteExecutor.execute(TestSuiteExecutor.java:83)&#xD;
	at com.kms.katalon.core.main.TestCaseMain.startTestSuite(TestCaseMain.java:157)&#xD;
	at com.kms.katalon.core.main.TestCaseMain$startTestSuite$0.call(Unknown Source)&#xD;
	at TempTestSuite1576555809646.run(TempTestSuite1576555809646.groovy:35)&#xD;
&#xD;
&#xD;
2019-12-17 11:10:16 - [TEST_STEP][PASSED] - plain = "{" + ""user_agent":"" + var_user_agent + ""," + ""billing_id":"" + var_billing_id + ""," + ""amount":"" + var_amount + ""," + ""billing_status":"" + var_billing_status + ""," + ""verified_flag":"" + var_verified_flag + ""," + ""wallet_id":"" + var_wallet_id + ""," + ""billing_ref1":"" + var_billing_ref1 + ""," + ""billing_ref2":"" + var_billing_ref2 + ""," + ""billing_ref3":"" + var_billing_ref3 + ""}": null&#xD;
&#xD;
2019-12-17 11:10:16 - [TEST_STEP][PASSED] - out.println(plain): null&#xD;
&#xD;
2019-12-17 11:10:16 - [TEST_STEP][PASSED] - out.println("var_customer_token" + var_customer_token): null&#xD;
&#xD;
2019-12-17 11:10:16 - [TEST_STEP][PASSED] - out.println("var_partner_token" + var_partner_token): null&#xD;
&#xD;
2019-12-17 11:10:16 - [TEST_STEP][PASSED] - encipheredData = SecureUtils.encryptAesEwallet(plain, var_aes_key): null&#xD;
&#xD;
2019-12-17 11:10:16 - [TEST_STEP][PASSED] - body = "{"organisation_id":"" + var_organisation_id + ""," + ""data":"" + encipheredData + ""," + ""lang":"" + var_lang + ""}": null&#xD;
&#xD;
2019-12-17 11:10:16 - [TEST_STEP][PASSED] - out.println(body): null&#xD;
&#xD;
2019-12-17 11:10:16 - [TEST_STEP][PASSED] - request = findTestObject("E_Wallet/obj_updateBilling2"): null&#xD;
&#xD;
2019-12-17 11:10:16 - [TEST_STEP][PASSED] - request.setBodyContent(new com.kms.katalon.core.testobject.impl.HttpTextBodyContent(body, UTF-8, application/json)): null&#xD;
&#xD;
2019-12-17 11:10:16 - [TEST_STEP][PASSED] - if (var_customer_token == 0): null&#xD;
&#xD;
2019-12-17 11:10:16 - [TEST_STEP][PASSED] - else: null&#xD;
&#xD;
2019-12-17 11:10:16 - [TEST_STEP][PASSED] - out.println("using access_token = " + access_token_customer): null&#xD;
&#xD;
2019-12-17 11:10:16 - [TEST_STEP][PASSED] - listQuery = new java.util.ArrayList(): null&#xD;
&#xD;
2019-12-17 11:10:16 - [TEST_STEP][PASSED] - listQuery.add(new com.kms.katalon.core.testobject.TestObjectProperty(token, com.kms.katalon.core.testobject.ConditionType.EQUALS, internal.GlobalVariable.access_token_customer)): null&#xD;
&#xD;
2019-12-17 11:10:16 - [TEST_STEP][PASSED] - request.setRestParameters(listQuery): null&#xD;
&#xD;
2019-12-17 11:10:16 - [TEST_STEP][PASSED] - response = sendRequest(request): Send request successfully&#xD;
&#xD;
2019-12-17 11:10:16 - [MESSAGE][INFO] - HAR: D:\katalon-ewallet\Reports\E_Wallet\TS_updateBilling\TS_updateBillingUpdateSendNotif\20191217_111009\requests\main\10.har&#xD;
&#xD;
2019-12-17 11:10:16 - [MESSAGE][PASSED] - Send request successfully&#xD;
&#xD;
2019-12-17 11:10:16 - [TEST_STEP][PASSED] - a = &lt;not implemented yet for class: org.codehaus.groovy.ast.expr.EmptyExpression&gt;: null&#xD;
&#xD;
2019-12-17 11:10:16 - [TEST_STEP][PASSED] - headerProps = request.getHttpHeaderProperties(): null&#xD;
&#xD;
2019-12-17 11:10:16 - [TEST_STEP][PASSED] - for ([a = 0, a &lt; headerProps.size(), (a++)]): null&#xD;
&#xD;
2019-12-17 11:10:16 - [TEST_STEP][PASSED] - println(get(a).getName() + ": " + get(a).getValue()): null&#xD;
&#xD;
2019-12-17 11:10:16 - [TEST_STEP][PASSED] - println(get(a).getName() + ": " + get(a).getValue()): null&#xD;
&#xD;
2019-12-17 11:10:16 - [TEST_STEP][PASSED] - println(get(a).getName() + ": " + get(a).getValue()): null&#xD;
&#xD;
2019-12-17 11:10:16 - [TEST_STEP][PASSED] - body_content = responseBodyContent: null&#xD;
&#xD;
2019-12-17 11:10:16 - [TEST_STEP][PASSED] - status_code = statusCode: null&#xD;
&#xD;
2019-12-17 11:10:16 - [TEST_STEP][PASSED] - respDataMap = JsonSlurper().parseText(body_content): null&#xD;
&#xD;
2019-12-17 11:10:16 - [TEST_STEP][PASSED] - out.println(respDataMap): null&#xD;
&#xD;
2019-12-17 11:10:16 - [TEST_STEP][PASSED] - rc_ref = ReturnCodeWrapper(var_expected_rc).getEnumRC(): null&#xD;
&#xD;
2019-12-17 11:10:16 - [TEST_STEP][PASSED] - out.println(var_expected_rc): null&#xD;
&#xD;
2019-12-17 11:10:16 - [TEST_STEP][PASSED] - out.println(rc_ref.getRCName()): null&#xD;
&#xD;
2019-12-17 11:10:16 - [TEST_STEP][PASSED] - out.println(rc_ref.getHttpResponse()): null&#xD;
&#xD;
2019-12-17 11:10:16 - [TEST_STEP][FAILED] - result = verifyEqual(response_code, rc_ref.getRCName()): Unable to verify equal between actual object 'RC22' and expected object 'RC00' (Root cause: com.kms.katalon.core.exception.StepFailedException: Actual object 'RC22' and expected object 'RC00' are not equal&#xD;
	at com.kms.katalon.core.keyword.builtin.VerifyEqualKeyword$_verifyEqual_closure1.doCall(VerifyEqualKeyword.groovy:58)&#xD;
	at com.kms.katalon.core.keyword.builtin.VerifyEqualKeyword$_verifyEqual_closure1.call(VerifyEqualKeyword.groovy)&#xD;
	at com.kms.katalon.core.keyword.internal.KeywordMain.runKeyword(KeywordMain.groovy:68)&#xD;
	at com.kms.katalon.core.keyword.builtin.VerifyEqualKeyword.verifyEqual(VerifyEqualKeyword.groovy:63)&#xD;
	at com.kms.katalon.core.keyword.builtin.VerifyEqualKeyword.execute(VerifyEqualKeyword.groovy:44)&#xD;
	at com.kms.katalon.core.keyword.internal.KeywordExecutor.executeKeywordForPlatform(KeywordExecutor.groovy:56)&#xD;
	at com.kms.katalon.core.keyword.BuiltinKeywords.verifyEqual(BuiltinKeywords.groovy:141)&#xD;
	at TC_updateBillingUpdateSendNotif.run(TC_updateBillingUpdateSendNotif:104)&#xD;
	at com.kms.katalon.core.main.ScriptEngine.run(ScriptEngine.java:194)&#xD;
	at com.kms.katalon.core.main.ScriptEngine.runScriptAsRawText(ScriptEngine.java:119)&#xD;
	at com.kms.katalon.core.main.TestCaseExecutor.runScript(TestCaseExecutor.java:337)&#xD;
	at com.kms.katalon.core.main.TestCaseExecutor.doExecute(TestCaseExecutor.java:328)&#xD;
	at com.kms.katalon.core.main.TestCaseExecutor.processExecutionPhase(TestCaseExecutor.java:307)&#xD;
	at com.kms.katalon.core.main.TestCaseExecutor.accessMainPhase(TestCaseExecutor.java:299)&#xD;
	at com.kms.katalon.core.main.TestCaseExecutor.execute(TestCaseExecutor.java:233)&#xD;
	at com.kms.katalon.core.main.TestSuiteExecutor.accessTestCaseMainPhase(TestSuiteExecutor.java:133)&#xD;
	at com.kms.katalon.core.main.TestSuiteExecutor.accessTestSuiteMainPhase(TestSuiteExecutor.java:116)&#xD;
	at com.kms.katalon.core.main.TestSuiteExecutor.execute(TestSuiteExecutor.java:83)&#xD;
	at com.kms.katalon.core.main.TestCaseMain.startTestSuite(TestCaseMain.java:157)&#xD;
	at com.kms.katalon.core.main.TestCaseMain$startTestSuite$0.call(Unknown Source)&#xD;
	at TempTestSuite1576555809646.run(TempTestSuite1576555809646.groovy:35)&#xD;
)&#xD;
&#xD;
2019-12-17 11:10:16 - [MESSAGE][FAILED] - Unable to verify equal between actual object 'RC22' and expected object 'RC00' (Root cause: com.kms.katalon.core.exception.StepFailedException: Actual object 'RC22' and expected object 'RC00' are not equal&#xD;
	at com.kms.katalon.core.keyword.builtin.VerifyEqualKeyword$_verifyEqual_closure1.doCall(VerifyEqualKeyword.groovy:58)&#xD;
	at com.kms.katalon.core.keyword.builtin.VerifyEqualKeyword$_verifyEqual_closure1.call(VerifyEqualKeyword.groovy)&#xD;
	at com.kms.katalon.core.keyword.internal.KeywordMain.runKeyword(KeywordMain.groovy:68)&#xD;
	at com.kms.katalon.core.keyword.builtin.VerifyEqualKeyword.verifyEqual(VerifyEqualKeyword.groovy:63)&#xD;
	at com.kms.katalon.core.keyword.builtin.VerifyEqualKeyword.execute(VerifyEqualKeyword.groovy:44)&#xD;
	at com.kms.katalon.core.keyword.internal.KeywordExecutor.executeKeywordForPlatform(KeywordExecutor.groovy:56)&#xD;
	at com.kms.katalon.core.keyword.BuiltinKeywords.verifyEqual(BuiltinKeywords.groovy:141)&#xD;
	at TC_updateBillingUpdateSendNotif.run(TC_updateBillingUpdateSendNotif:104)&#xD;
	at com.kms.katalon.core.main.ScriptEngine.run(ScriptEngine.java:194)&#xD;
	at com.kms.katalon.core.main.ScriptEngine.runScriptAsRawText(ScriptEngine.java:119)&#xD;
	at com.kms.katalon.core.main.TestCaseExecutor.runScript(TestCaseExecutor.java:337)&#xD;
	at com.kms.katalon.core.main.TestCaseExecutor.doExecute(TestCaseExecutor.java:328)&#xD;
	at com.kms.katalon.core.main.TestCaseExecutor.processExecutionPhase(TestCaseExecutor.java:307)&#xD;
	at com.kms.katalon.core.main.TestCaseExecutor.accessMainPhase(TestCaseExecutor.java:299)&#xD;
	at com.kms.katalon.core.main.TestCaseExecutor.execute(TestCaseExecutor.java:233)&#xD;
	at com.kms.katalon.core.main.TestSuiteExecutor.accessTestCaseMainPhase(TestSuiteExecutor.java:133)&#xD;
	at com.kms.katalon.core.main.TestSuiteExecutor.accessTestSuiteMainPhase(TestSuiteExecutor.java:116)&#xD;
	at com.kms.katalon.core.main.TestSuiteExecutor.execute(TestSuiteExecutor.java:83)&#xD;
	at com.kms.katalon.core.main.TestCaseMain.startTestSuite(TestCaseMain.java:157)&#xD;
	at com.kms.katalon.core.main.TestCaseMain$startTestSuite$0.call(Unknown Source)&#xD;
	at TempTestSuite1576555809646.run(TempTestSuite1576555809646.groovy:35)&#xD;
)</system-out>
            <system-err>2019-12-17 11:10:16 - [TEST_CASE][FAILED] - Test Cases/E_Wallet/TC_updateBilling/TC_updateBillingUpdateSendNotif: Test Cases/E_Wallet/TC_updateBilling/TC_updateBillingUpdateSendNotif FAILED.
Reason:
com.kms.katalon.core.exception.StepFailedException: Actual object 'RC22' and expected object 'RC00' are not equal&#xD;
	at com.kms.katalon.core.keyword.builtin.VerifyEqualKeyword$_verifyEqual_closure1.doCall(VerifyEqualKeyword.groovy:58)&#xD;
	at com.kms.katalon.core.keyword.builtin.VerifyEqualKeyword$_verifyEqual_closure1.call(VerifyEqualKeyword.groovy)&#xD;
	at com.kms.katalon.core.keyword.internal.KeywordMain.runKeyword(KeywordMain.groovy:68)&#xD;
	at com.kms.katalon.core.keyword.builtin.VerifyEqualKeyword.verifyEqual(VerifyEqualKeyword.groovy:63)&#xD;
	at com.kms.katalon.core.keyword.builtin.VerifyEqualKeyword.execute(VerifyEqualKeyword.groovy:44)&#xD;
	at com.kms.katalon.core.keyword.internal.KeywordExecutor.executeKeywordForPlatform(KeywordExecutor.groovy:56)&#xD;
	at com.kms.katalon.core.keyword.BuiltinKeywords.verifyEqual(BuiltinKeywords.groovy:141)&#xD;
	at TC_updateBillingUpdateSendNotif.run(TC_updateBillingUpdateSendNotif:104)&#xD;
	at com.kms.katalon.core.main.ScriptEngine.run(ScriptEngine.java:194)&#xD;
	at com.kms.katalon.core.main.ScriptEngine.runScriptAsRawText(ScriptEngine.java:119)&#xD;
	at com.kms.katalon.core.main.TestCaseExecutor.runScript(TestCaseExecutor.java:337)&#xD;
	at com.kms.katalon.core.main.TestCaseExecutor.doExecute(TestCaseExecutor.java:328)&#xD;
	at com.kms.katalon.core.main.TestCaseExecutor.processExecutionPhase(TestCaseExecutor.java:307)&#xD;
	at com.kms.katalon.core.main.TestCaseExecutor.accessMainPhase(TestCaseExecutor.java:299)&#xD;
	at com.kms.katalon.core.main.TestCaseExecutor.execute(TestCaseExecutor.java:233)&#xD;
	at com.kms.katalon.core.main.TestSuiteExecutor.accessTestCaseMainPhase(TestSuiteExecutor.java:133)&#xD;
	at com.kms.katalon.core.main.TestSuiteExecutor.accessTestSuiteMainPhase(TestSuiteExecutor.java:116)&#xD;
	at com.kms.katalon.core.main.TestSuiteExecutor.execute(TestSuiteExecutor.java:83)&#xD;
	at com.kms.katalon.core.main.TestCaseMain.startTestSuite(TestCaseMain.java:157)&#xD;
	at com.kms.katalon.core.main.TestCaseMain$startTestSuite$0.call(Unknown Source)&#xD;
	at TempTestSuite1576555809646.run(TempTestSuite1576555809646.groovy:35)</system-err>
        </testcase>
        <testcase name="Test Cases/E_Wallet/TC_updateBilling/TC_updateBillingUpdateSendNotif" classname="Test Cases/E_Wallet/TC_updateBilling/TC_updateBillingUpdateSendNotif" status="PASSED">
            <system-out>2019-12-17 11:10:16 - [TEST_CASE][PASSED] - Test Cases/E_Wallet/TC_updateBilling/TC_updateBillingUpdateSendNotif: Test Cases/E_Wallet/TC_updateBilling/TC_updateBillingUpdateSendNotif&#xD;
&#xD;
2019-12-17 11:10:16 - [TEST_STEP][PASSED] - plain = "{" + ""user_agent":"" + var_user_agent + ""," + ""billing_id":"" + var_billing_id + ""," + ""amount":"" + var_amount + ""," + ""billing_status":"" + var_billing_status + ""," + ""verified_flag":"" + var_verified_flag + ""," + ""wallet_id":"" + var_wallet_id + ""," + ""billing_ref1":"" + var_billing_ref1 + ""," + ""billing_ref2":"" + var_billing_ref2 + ""," + ""billing_ref3":"" + var_billing_ref3 + ""}": null&#xD;
&#xD;
2019-12-17 11:10:16 - [TEST_STEP][PASSED] - out.println(plain): null&#xD;
&#xD;
2019-12-17 11:10:16 - [TEST_STEP][PASSED] - out.println("var_customer_token" + var_customer_token): null&#xD;
&#xD;
2019-12-17 11:10:16 - [TEST_STEP][PASSED] - out.println("var_partner_token" + var_partner_token): null&#xD;
&#xD;
2019-12-17 11:10:16 - [TEST_STEP][PASSED] - encipheredData = SecureUtils.encryptAesEwallet(plain, var_aes_key): null&#xD;
&#xD;
2019-12-17 11:10:16 - [TEST_STEP][PASSED] - body = "{"organisation_id":"" + var_organisation_id + ""," + ""data":"" + encipheredData + ""," + ""lang":"" + var_lang + ""}": null&#xD;
&#xD;
2019-12-17 11:10:16 - [TEST_STEP][PASSED] - out.println(body): null&#xD;
&#xD;
2019-12-17 11:10:16 - [TEST_STEP][PASSED] - request = findTestObject("E_Wallet/obj_updateBilling2"): null&#xD;
&#xD;
2019-12-17 11:10:16 - [TEST_STEP][PASSED] - request.setBodyContent(new com.kms.katalon.core.testobject.impl.HttpTextBodyContent(body, UTF-8, application/json)): null&#xD;
&#xD;
2019-12-17 11:10:16 - [TEST_STEP][PASSED] - if (var_customer_token == 0): null&#xD;
&#xD;
2019-12-17 11:10:16 - [TEST_STEP][PASSED] - else: null&#xD;
&#xD;
2019-12-17 11:10:16 - [TEST_STEP][PASSED] - out.println("using access_token = " + access_token_customer): null&#xD;
&#xD;
2019-12-17 11:10:16 - [TEST_STEP][PASSED] - listQuery = new java.util.ArrayList(): null&#xD;
&#xD;
2019-12-17 11:10:16 - [TEST_STEP][PASSED] - listQuery.add(new com.kms.katalon.core.testobject.TestObjectProperty(token, com.kms.katalon.core.testobject.ConditionType.EQUALS, internal.GlobalVariable.access_token_customer)): null&#xD;
&#xD;
2019-12-17 11:10:16 - [TEST_STEP][PASSED] - request.setRestParameters(listQuery): null&#xD;
&#xD;
2019-12-17 11:10:16 - [TEST_STEP][PASSED] - response = sendRequest(request): Send request successfully&#xD;
&#xD;
2019-12-17 11:10:16 - [MESSAGE][INFO] - HAR: D:\katalon-ewallet\Reports\E_Wallet\TS_updateBilling\TS_updateBillingUpdateSendNotif\20191217_111009\requests\main\11.har&#xD;
&#xD;
2019-12-17 11:10:16 - [MESSAGE][PASSED] - Send request successfully&#xD;
&#xD;
2019-12-17 11:10:16 - [TEST_STEP][PASSED] - a = &lt;not implemented yet for class: org.codehaus.groovy.ast.expr.EmptyExpression&gt;: null&#xD;
&#xD;
2019-12-17 11:10:16 - [TEST_STEP][PASSED] - headerProps = request.getHttpHeaderProperties(): null&#xD;
&#xD;
2019-12-17 11:10:16 - [TEST_STEP][PASSED] - for ([a = 0, a &lt; headerProps.size(), (a++)]): null&#xD;
&#xD;
2019-12-17 11:10:16 - [TEST_STEP][PASSED] - println(get(a).getName() + ": " + get(a).getValue()): null&#xD;
&#xD;
2019-12-17 11:10:16 - [TEST_STEP][PASSED] - println(get(a).getName() + ": " + get(a).getValue()): null&#xD;
&#xD;
2019-12-17 11:10:16 - [TEST_STEP][PASSED] - println(get(a).getName() + ": " + get(a).getValue()): null&#xD;
&#xD;
2019-12-17 11:10:16 - [TEST_STEP][PASSED] - body_content = responseBodyContent: null&#xD;
&#xD;
2019-12-17 11:10:16 - [TEST_STEP][PASSED] - status_code = statusCode: null&#xD;
&#xD;
2019-12-17 11:10:16 - [TEST_STEP][PASSED] - respDataMap = JsonSlurper().parseText(body_content): null&#xD;
&#xD;
2019-12-17 11:10:16 - [TEST_STEP][PASSED] - out.println(respDataMap): null&#xD;
&#xD;
2019-12-17 11:10:16 - [TEST_STEP][PASSED] - rc_ref = ReturnCodeWrapper(var_expected_rc).getEnumRC(): null&#xD;
&#xD;
2019-12-17 11:10:16 - [TEST_STEP][PASSED] - out.println(var_expected_rc): null&#xD;
&#xD;
2019-12-17 11:10:16 - [TEST_STEP][PASSED] - out.println(rc_ref.getRCName()): null&#xD;
&#xD;
2019-12-17 11:10:16 - [TEST_STEP][PASSED] - out.println(rc_ref.getHttpResponse()): null&#xD;
&#xD;
2019-12-17 11:10:16 - [TEST_STEP][PASSED] - result = verifyEqual(response_code, rc_ref.getRCName()): Actual object 'RC01' and expected object 'RC01' are equal&#xD;
&#xD;
2019-12-17 11:10:16 - [MESSAGE][PASSED] - Actual object 'RC01' and expected object 'RC01' are equal&#xD;
&#xD;
2019-12-17 11:10:16 - [TEST_STEP][PASSED] - if (result == false): null&#xD;
&#xD;
2019-12-17 11:10:16 - [TEST_STEP][PASSED] - else: null&#xD;
&#xD;
2019-12-17 11:10:16 - [TEST_STEP][PASSED] - verifyEqual(statusCode, rc_ref.getHttpResponse()): Actual object '400' and expected object '400' are equal&#xD;
&#xD;
2019-12-17 11:10:16 - [MESSAGE][PASSED] - Actual object '400' and expected object '400' are equal&#xD;
&#xD;
2019-12-17 11:10:16 - [TEST_STEP][PASSED] - if (rc_ref == RC00): null</system-out>
            <system-err></system-err>
        </testcase>
        <testcase name="Test Cases/E_Wallet/TC_updateBilling/TC_updateBillingUpdateSendNotif" classname="Test Cases/E_Wallet/TC_updateBilling/TC_updateBillingUpdateSendNotif" status="PASSED">
            <system-out>2019-12-17 11:10:17 - [TEST_CASE][PASSED] - Test Cases/E_Wallet/TC_updateBilling/TC_updateBillingUpdateSendNotif: Test Cases/E_Wallet/TC_updateBilling/TC_updateBillingUpdateSendNotif&#xD;
&#xD;
2019-12-17 11:10:17 - [TEST_STEP][PASSED] - plain = "{" + ""user_agent":"" + var_user_agent + ""," + ""billing_id":"" + var_billing_id + ""," + ""amount":"" + var_amount + ""," + ""billing_status":"" + var_billing_status + ""," + ""verified_flag":"" + var_verified_flag + ""," + ""wallet_id":"" + var_wallet_id + ""," + ""billing_ref1":"" + var_billing_ref1 + ""," + ""billing_ref2":"" + var_billing_ref2 + ""," + ""billing_ref3":"" + var_billing_ref3 + ""}": null&#xD;
&#xD;
2019-12-17 11:10:17 - [TEST_STEP][PASSED] - out.println(plain): null&#xD;
&#xD;
2019-12-17 11:10:17 - [TEST_STEP][PASSED] - out.println("var_customer_token" + var_customer_token): null&#xD;
&#xD;
2019-12-17 11:10:17 - [TEST_STEP][PASSED] - out.println("var_partner_token" + var_partner_token): null&#xD;
&#xD;
2019-12-17 11:10:17 - [TEST_STEP][PASSED] - encipheredData = SecureUtils.encryptAesEwallet(plain, var_aes_key): null&#xD;
&#xD;
2019-12-17 11:10:17 - [TEST_STEP][PASSED] - body = "{"organisation_id":"" + var_organisation_id + ""," + ""data":"" + encipheredData + ""," + ""lang":"" + var_lang + ""}": null&#xD;
&#xD;
2019-12-17 11:10:17 - [TEST_STEP][PASSED] - out.println(body): null&#xD;
&#xD;
2019-12-17 11:10:17 - [TEST_STEP][PASSED] - request = findTestObject("E_Wallet/obj_updateBilling2"): null&#xD;
&#xD;
2019-12-17 11:10:17 - [TEST_STEP][PASSED] - request.setBodyContent(new com.kms.katalon.core.testobject.impl.HttpTextBodyContent(body, UTF-8, application/json)): null&#xD;
&#xD;
2019-12-17 11:10:17 - [TEST_STEP][PASSED] - if (var_customer_token == 0): null&#xD;
&#xD;
2019-12-17 11:10:17 - [TEST_STEP][PASSED] - else: null&#xD;
&#xD;
2019-12-17 11:10:17 - [TEST_STEP][PASSED] - out.println("using access_token = " + access_token_customer): null&#xD;
&#xD;
2019-12-17 11:10:17 - [TEST_STEP][PASSED] - listQuery = new java.util.ArrayList(): null&#xD;
&#xD;
2019-12-17 11:10:17 - [TEST_STEP][PASSED] - listQuery.add(new com.kms.katalon.core.testobject.TestObjectProperty(token, com.kms.katalon.core.testobject.ConditionType.EQUALS, internal.GlobalVariable.access_token_customer)): null&#xD;
&#xD;
2019-12-17 11:10:17 - [TEST_STEP][PASSED] - request.setRestParameters(listQuery): null&#xD;
&#xD;
2019-12-17 11:10:17 - [TEST_STEP][PASSED] - response = sendRequest(request): Send request successfully&#xD;
&#xD;
2019-12-17 11:10:17 - [MESSAGE][INFO] - HAR: D:\katalon-ewallet\Reports\E_Wallet\TS_updateBilling\TS_updateBillingUpdateSendNotif\20191217_111009\requests\main\12.har&#xD;
&#xD;
2019-12-17 11:10:17 - [MESSAGE][PASSED] - Send request successfully&#xD;
&#xD;
2019-12-17 11:10:17 - [TEST_STEP][PASSED] - a = &lt;not implemented yet for class: org.codehaus.groovy.ast.expr.EmptyExpression&gt;: null&#xD;
&#xD;
2019-12-17 11:10:17 - [TEST_STEP][PASSED] - headerProps = request.getHttpHeaderProperties(): null&#xD;
&#xD;
2019-12-17 11:10:17 - [TEST_STEP][PASSED] - for ([a = 0, a &lt; headerProps.size(), (a++)]): null&#xD;
&#xD;
2019-12-17 11:10:17 - [TEST_STEP][PASSED] - println(get(a).getName() + ": " + get(a).getValue()): null&#xD;
&#xD;
2019-12-17 11:10:17 - [TEST_STEP][PASSED] - println(get(a).getName() + ": " + get(a).getValue()): null&#xD;
&#xD;
2019-12-17 11:10:17 - [TEST_STEP][PASSED] - println(get(a).getName() + ": " + get(a).getValue()): null&#xD;
&#xD;
2019-12-17 11:10:17 - [TEST_STEP][PASSED] - body_content = responseBodyContent: null&#xD;
&#xD;
2019-12-17 11:10:17 - [TEST_STEP][PASSED] - status_code = statusCode: null&#xD;
&#xD;
2019-12-17 11:10:17 - [TEST_STEP][PASSED] - respDataMap = JsonSlurper().parseText(body_content): null&#xD;
&#xD;
2019-12-17 11:10:17 - [TEST_STEP][PASSED] - out.println(respDataMap): null&#xD;
&#xD;
2019-12-17 11:10:17 - [TEST_STEP][PASSED] - rc_ref = ReturnCodeWrapper(var_expected_rc).getEnumRC(): null&#xD;
&#xD;
2019-12-17 11:10:17 - [TEST_STEP][PASSED] - out.println(var_expected_rc): null&#xD;
&#xD;
2019-12-17 11:10:17 - [TEST_STEP][PASSED] - out.println(rc_ref.getRCName()): null&#xD;
&#xD;
2019-12-17 11:10:17 - [TEST_STEP][PASSED] - out.println(rc_ref.getHttpResponse()): null&#xD;
&#xD;
2019-12-17 11:10:17 - [TEST_STEP][PASSED] - result = verifyEqual(response_code, rc_ref.getRCName()): Actual object 'RC22' and expected object 'RC22' are equal&#xD;
&#xD;
2019-12-17 11:10:17 - [MESSAGE][PASSED] - Actual object 'RC22' and expected object 'RC22' are equal&#xD;
&#xD;
2019-12-17 11:10:17 - [TEST_STEP][PASSED] - if (result == false): null&#xD;
&#xD;
2019-12-17 11:10:17 - [TEST_STEP][PASSED] - else: null&#xD;
&#xD;
2019-12-17 11:10:17 - [TEST_STEP][PASSED] - verifyEqual(statusCode, rc_ref.getHttpResponse()): Actual object '500' and expected object '500' are equal&#xD;
&#xD;
2019-12-17 11:10:17 - [MESSAGE][PASSED] - Actual object '500' and expected object '500' are equal&#xD;
&#xD;
2019-12-17 11:10:17 - [TEST_STEP][PASSED] - if (rc_ref == RC00): null</system-out>
            <system-err></system-err>
        </testcase>
        <testcase name="Test Cases/E_Wallet/TC_updateBilling/TC_updateBillingUpdateSendNotif" classname="Test Cases/E_Wallet/TC_updateBilling/TC_updateBillingUpdateSendNotif" status="PASSED">
            <system-out>2019-12-17 11:10:17 - [TEST_CASE][PASSED] - Test Cases/E_Wallet/TC_updateBilling/TC_updateBillingUpdateSendNotif: Test Cases/E_Wallet/TC_updateBilling/TC_updateBillingUpdateSendNotif&#xD;
&#xD;
2019-12-17 11:10:17 - [TEST_STEP][PASSED] - plain = "{" + ""user_agent":"" + var_user_agent + ""," + ""billing_id":"" + var_billing_id + ""," + ""amount":"" + var_amount + ""," + ""billing_status":"" + var_billing_status + ""," + ""verified_flag":"" + var_verified_flag + ""," + ""wallet_id":"" + var_wallet_id + ""," + ""billing_ref1":"" + var_billing_ref1 + ""," + ""billing_ref2":"" + var_billing_ref2 + ""," + ""billing_ref3":"" + var_billing_ref3 + ""}": null&#xD;
&#xD;
2019-12-17 11:10:17 - [TEST_STEP][PASSED] - out.println(plain): null&#xD;
&#xD;
2019-12-17 11:10:17 - [TEST_STEP][PASSED] - out.println("var_customer_token" + var_customer_token): null&#xD;
&#xD;
2019-12-17 11:10:17 - [TEST_STEP][PASSED] - out.println("var_partner_token" + var_partner_token): null&#xD;
&#xD;
2019-12-17 11:10:17 - [TEST_STEP][PASSED] - encipheredData = SecureUtils.encryptAesEwallet(plain, var_aes_key): null&#xD;
&#xD;
2019-12-17 11:10:17 - [TEST_STEP][PASSED] - body = "{"organisation_id":"" + var_organisation_id + ""," + ""data":"" + encipheredData + ""," + ""lang":"" + var_lang + ""}": null&#xD;
&#xD;
2019-12-17 11:10:17 - [TEST_STEP][PASSED] - out.println(body): null&#xD;
&#xD;
2019-12-17 11:10:17 - [TEST_STEP][PASSED] - request = findTestObject("E_Wallet/obj_updateBilling2"): null&#xD;
&#xD;
2019-12-17 11:10:17 - [TEST_STEP][PASSED] - request.setBodyContent(new com.kms.katalon.core.testobject.impl.HttpTextBodyContent(body, UTF-8, application/json)): null&#xD;
&#xD;
2019-12-17 11:10:17 - [TEST_STEP][PASSED] - if (var_customer_token == 0): null&#xD;
&#xD;
2019-12-17 11:10:17 - [TEST_STEP][PASSED] - else: null&#xD;
&#xD;
2019-12-17 11:10:17 - [TEST_STEP][PASSED] - out.println("using access_token = " + access_token_customer): null&#xD;
&#xD;
2019-12-17 11:10:17 - [TEST_STEP][PASSED] - listQuery = new java.util.ArrayList(): null&#xD;
&#xD;
2019-12-17 11:10:17 - [TEST_STEP][PASSED] - listQuery.add(new com.kms.katalon.core.testobject.TestObjectProperty(token, com.kms.katalon.core.testobject.ConditionType.EQUALS, internal.GlobalVariable.access_token_customer)): null&#xD;
&#xD;
2019-12-17 11:10:17 - [TEST_STEP][PASSED] - request.setRestParameters(listQuery): null&#xD;
&#xD;
2019-12-17 11:10:17 - [TEST_STEP][PASSED] - response = sendRequest(request): Send request successfully&#xD;
&#xD;
2019-12-17 11:10:17 - [MESSAGE][INFO] - HAR: D:\katalon-ewallet\Reports\E_Wallet\TS_updateBilling\TS_updateBillingUpdateSendNotif\20191217_111009\requests\main\13.har&#xD;
&#xD;
2019-12-17 11:10:17 - [MESSAGE][PASSED] - Send request successfully&#xD;
&#xD;
2019-12-17 11:10:17 - [TEST_STEP][PASSED] - a = &lt;not implemented yet for class: org.codehaus.groovy.ast.expr.EmptyExpression&gt;: null&#xD;
&#xD;
2019-12-17 11:10:17 - [TEST_STEP][PASSED] - headerProps = request.getHttpHeaderProperties(): null&#xD;
&#xD;
2019-12-17 11:10:17 - [TEST_STEP][PASSED] - for ([a = 0, a &lt; headerProps.size(), (a++)]): null&#xD;
&#xD;
2019-12-17 11:10:17 - [TEST_STEP][PASSED] - println(get(a).getName() + ": " + get(a).getValue()): null&#xD;
&#xD;
2019-12-17 11:10:17 - [TEST_STEP][PASSED] - println(get(a).getName() + ": " + get(a).getValue()): null&#xD;
&#xD;
2019-12-17 11:10:17 - [TEST_STEP][PASSED] - println(get(a).getName() + ": " + get(a).getValue()): null&#xD;
&#xD;
2019-12-17 11:10:17 - [TEST_STEP][PASSED] - body_content = responseBodyContent: null&#xD;
&#xD;
2019-12-17 11:10:17 - [TEST_STEP][PASSED] - status_code = statusCode: null&#xD;
&#xD;
2019-12-17 11:10:17 - [TEST_STEP][PASSED] - respDataMap = JsonSlurper().parseText(body_content): null&#xD;
&#xD;
2019-12-17 11:10:17 - [TEST_STEP][PASSED] - out.println(respDataMap): null&#xD;
&#xD;
2019-12-17 11:10:17 - [TEST_STEP][PASSED] - rc_ref = ReturnCodeWrapper(var_expected_rc).getEnumRC(): null&#xD;
&#xD;
2019-12-17 11:10:17 - [TEST_STEP][PASSED] - out.println(var_expected_rc): null&#xD;
&#xD;
2019-12-17 11:10:17 - [TEST_STEP][PASSED] - out.println(rc_ref.getRCName()): null&#xD;
&#xD;
2019-12-17 11:10:17 - [TEST_STEP][PASSED] - out.println(rc_ref.getHttpResponse()): null&#xD;
&#xD;
2019-12-17 11:10:17 - [TEST_STEP][PASSED] - result = verifyEqual(response_code, rc_ref.getRCName()): Actual object 'RC01' and expected object 'RC01' are equal&#xD;
&#xD;
2019-12-17 11:10:17 - [MESSAGE][PASSED] - Actual object 'RC01' and expected object 'RC01' are equal&#xD;
&#xD;
2019-12-17 11:10:17 - [TEST_STEP][PASSED] - if (result == false): null&#xD;
&#xD;
2019-12-17 11:10:17 - [TEST_STEP][PASSED] - else: null&#xD;
&#xD;
2019-12-17 11:10:17 - [TEST_STEP][PASSED] - verifyEqual(statusCode, rc_ref.getHttpResponse()): Actual object '400' and expected object '400' are equal&#xD;
&#xD;
2019-12-17 11:10:17 - [MESSAGE][PASSED] - Actual object '400' and expected object '400' are equal&#xD;
&#xD;
2019-12-17 11:10:17 - [TEST_STEP][PASSED] - if (rc_ref == RC00): null</system-out>
            <system-err></system-err>
        </testcase>
        <testcase name="Test Cases/E_Wallet/TC_updateBilling/TC_updateBillingUpdateSendNotif" classname="Test Cases/E_Wallet/TC_updateBilling/TC_updateBillingUpdateSendNotif" status="PASSED">
            <system-out>2019-12-17 11:10:17 - [TEST_CASE][PASSED] - Test Cases/E_Wallet/TC_updateBilling/TC_updateBillingUpdateSendNotif: Test Cases/E_Wallet/TC_updateBilling/TC_updateBillingUpdateSendNotif&#xD;
&#xD;
2019-12-17 11:10:17 - [TEST_STEP][PASSED] - plain = "{" + ""user_agent":"" + var_user_agent + ""," + ""billing_id":"" + var_billing_id + ""," + ""amount":"" + var_amount + ""," + ""billing_status":"" + var_billing_status + ""," + ""verified_flag":"" + var_verified_flag + ""," + ""wallet_id":"" + var_wallet_id + ""," + ""billing_ref1":"" + var_billing_ref1 + ""," + ""billing_ref2":"" + var_billing_ref2 + ""," + ""billing_ref3":"" + var_billing_ref3 + ""}": null&#xD;
&#xD;
2019-12-17 11:10:17 - [TEST_STEP][PASSED] - out.println(plain): null&#xD;
&#xD;
2019-12-17 11:10:17 - [TEST_STEP][PASSED] - out.println("var_customer_token" + var_customer_token): null&#xD;
&#xD;
2019-12-17 11:10:17 - [TEST_STEP][PASSED] - out.println("var_partner_token" + var_partner_token): null&#xD;
&#xD;
2019-12-17 11:10:17 - [TEST_STEP][PASSED] - encipheredData = SecureUtils.encryptAesEwallet(plain, var_aes_key): null&#xD;
&#xD;
2019-12-17 11:10:17 - [TEST_STEP][PASSED] - body = "{"organisation_id":"" + var_organisation_id + ""," + ""data":"" + encipheredData + ""," + ""lang":"" + var_lang + ""}": null&#xD;
&#xD;
2019-12-17 11:10:17 - [TEST_STEP][PASSED] - out.println(body): null&#xD;
&#xD;
2019-12-17 11:10:17 - [TEST_STEP][PASSED] - request = findTestObject("E_Wallet/obj_updateBilling2"): null&#xD;
&#xD;
2019-12-17 11:10:17 - [TEST_STEP][PASSED] - request.setBodyContent(new com.kms.katalon.core.testobject.impl.HttpTextBodyContent(body, UTF-8, application/json)): null&#xD;
&#xD;
2019-12-17 11:10:17 - [TEST_STEP][PASSED] - if (var_customer_token == 0): null&#xD;
&#xD;
2019-12-17 11:10:17 - [TEST_STEP][PASSED] - else: null&#xD;
&#xD;
2019-12-17 11:10:17 - [TEST_STEP][PASSED] - out.println("using access_token = " + access_token_customer): null&#xD;
&#xD;
2019-12-17 11:10:17 - [TEST_STEP][PASSED] - listQuery = new java.util.ArrayList(): null&#xD;
&#xD;
2019-12-17 11:10:17 - [TEST_STEP][PASSED] - listQuery.add(new com.kms.katalon.core.testobject.TestObjectProperty(token, com.kms.katalon.core.testobject.ConditionType.EQUALS, internal.GlobalVariable.access_token_customer)): null&#xD;
&#xD;
2019-12-17 11:10:17 - [TEST_STEP][PASSED] - request.setRestParameters(listQuery): null&#xD;
&#xD;
2019-12-17 11:10:17 - [TEST_STEP][PASSED] - response = sendRequest(request): Send request successfully&#xD;
&#xD;
2019-12-17 11:10:17 - [MESSAGE][INFO] - HAR: D:\katalon-ewallet\Reports\E_Wallet\TS_updateBilling\TS_updateBillingUpdateSendNotif\20191217_111009\requests\main\14.har&#xD;
&#xD;
2019-12-17 11:10:17 - [MESSAGE][PASSED] - Send request successfully&#xD;
&#xD;
2019-12-17 11:10:17 - [TEST_STEP][PASSED] - a = &lt;not implemented yet for class: org.codehaus.groovy.ast.expr.EmptyExpression&gt;: null&#xD;
&#xD;
2019-12-17 11:10:17 - [TEST_STEP][PASSED] - headerProps = request.getHttpHeaderProperties(): null&#xD;
&#xD;
2019-12-17 11:10:17 - [TEST_STEP][PASSED] - for ([a = 0, a &lt; headerProps.size(), (a++)]): null&#xD;
&#xD;
2019-12-17 11:10:17 - [TEST_STEP][PASSED] - println(get(a).getName() + ": " + get(a).getValue()): null&#xD;
&#xD;
2019-12-17 11:10:17 - [TEST_STEP][PASSED] - println(get(a).getName() + ": " + get(a).getValue()): null&#xD;
&#xD;
2019-12-17 11:10:17 - [TEST_STEP][PASSED] - println(get(a).getName() + ": " + get(a).getValue()): null&#xD;
&#xD;
2019-12-17 11:10:17 - [TEST_STEP][PASSED] - body_content = responseBodyContent: null&#xD;
&#xD;
2019-12-17 11:10:17 - [TEST_STEP][PASSED] - status_code = statusCode: null&#xD;
&#xD;
2019-12-17 11:10:17 - [TEST_STEP][PASSED] - respDataMap = JsonSlurper().parseText(body_content): null&#xD;
&#xD;
2019-12-17 11:10:17 - [TEST_STEP][PASSED] - out.println(respDataMap): null&#xD;
&#xD;
2019-12-17 11:10:17 - [TEST_STEP][PASSED] - rc_ref = ReturnCodeWrapper(var_expected_rc).getEnumRC(): null&#xD;
&#xD;
2019-12-17 11:10:17 - [TEST_STEP][PASSED] - out.println(var_expected_rc): null&#xD;
&#xD;
2019-12-17 11:10:17 - [TEST_STEP][PASSED] - out.println(rc_ref.getRCName()): null&#xD;
&#xD;
2019-12-17 11:10:17 - [TEST_STEP][PASSED] - out.println(rc_ref.getHttpResponse()): null&#xD;
&#xD;
2019-12-17 11:10:17 - [TEST_STEP][PASSED] - result = verifyEqual(response_code, rc_ref.getRCName()): Actual object 'RC01' and expected object 'RC01' are equal&#xD;
&#xD;
2019-12-17 11:10:17 - [MESSAGE][PASSED] - Actual object 'RC01' and expected object 'RC01' are equal&#xD;
&#xD;
2019-12-17 11:10:17 - [TEST_STEP][PASSED] - if (result == false): null&#xD;
&#xD;
2019-12-17 11:10:17 - [TEST_STEP][PASSED] - else: null&#xD;
&#xD;
2019-12-17 11:10:17 - [TEST_STEP][PASSED] - verifyEqual(statusCode, rc_ref.getHttpResponse()): Actual object '400' and expected object '400' are equal&#xD;
&#xD;
2019-12-17 11:10:17 - [MESSAGE][PASSED] - Actual object '400' and expected object '400' are equal&#xD;
&#xD;
2019-12-17 11:10:17 - [TEST_STEP][PASSED] - if (rc_ref == RC00): null</system-out>
            <system-err></system-err>
        </testcase>
        <testcase name="Test Cases/E_Wallet/TC_updateBilling/TC_updateBillingUpdateSendNotif" classname="Test Cases/E_Wallet/TC_updateBilling/TC_updateBillingUpdateSendNotif" status="FAILED">
            <failure type="FAILED" message="Test Cases/E_Wallet/TC_updateBilling/TC_updateBillingUpdateSendNotif FAILED.&#xA;Reason:&#xA;com.kms.katalon.core.exception.StepFailedException: Actual object 'RC22' and expected object 'RC00' are not equal&#xD;&#xA;&#x9;at com.kms.katalon.core.keyword.builtin.VerifyEqualKeyword$_verifyEqual_closure1.doCall(VerifyEqualKeyword.groovy:58)&#xD;&#xA;&#x9;at com.kms.katalon.core.keyword.builtin.VerifyEqualKeyword$_verifyEqual_closure1.call(VerifyEqualKeyword.groovy)&#xD;&#xA;&#x9;at com.kms.katalon.core.keyword.internal.KeywordMain.runKeyword(KeywordMain.groovy:68)&#xD;&#xA;&#x9;at com.kms.katalon.core.keyword.builtin.VerifyEqualKeyword.verifyEqual(VerifyEqualKeyword.groovy:63)&#xD;&#xA;&#x9;at com.kms.katalon.core.keyword.builtin.VerifyEqualKeyword.execute(VerifyEqualKeyword.groovy:44)&#xD;&#xA;&#x9;at com.kms.katalon.core.keyword.internal.KeywordExecutor.executeKeywordForPlatform(KeywordExecutor.groovy:56)&#xD;&#xA;&#x9;at com.kms.katalon.core.keyword.BuiltinKeywords.verifyEqual(BuiltinKeywords.groovy:141)&#xD;&#xA;&#x9;at TC_updateBillingUpdateSendNotif.run(TC_updateBillingUpdateSendNotif:104)&#xD;&#xA;&#x9;at com.kms.katalon.core.main.ScriptEngine.run(ScriptEngine.java:194)&#xD;&#xA;&#x9;at com.kms.katalon.core.main.ScriptEngine.runScriptAsRawText(ScriptEngine.java:119)&#xD;&#xA;&#x9;at com.kms.katalon.core.main.TestCaseExecutor.runScript(TestCaseExecutor.java:337)&#xD;&#xA;&#x9;at com.kms.katalon.core.main.TestCaseExecutor.doExecute(TestCaseExecutor.java:328)&#xD;&#xA;&#x9;at com.kms.katalon.core.main.TestCaseExecutor.processExecutionPhase(TestCaseExecutor.java:307)&#xD;&#xA;&#x9;at com.kms.katalon.core.main.TestCaseExecutor.accessMainPhase(TestCaseExecutor.java:299)&#xD;&#xA;&#x9;at com.kms.katalon.core.main.TestCaseExecutor.execute(TestCaseExecutor.java:233)&#xD;&#xA;&#x9;at com.kms.katalon.core.main.TestSuiteExecutor.accessTestCaseMainPhase(TestSuiteExecutor.java:133)&#xD;&#xA;&#x9;at com.kms.katalon.core.main.TestSuiteExecutor.accessTestSuiteMainPhase(TestSuiteExecutor.java:116)&#xD;&#xA;&#x9;at com.kms.katalon.core.main.TestSuiteExecutor.execute(TestSuiteExecutor.java:83)&#xD;&#xA;&#x9;at com.kms.katalon.core.main.TestCaseMain.startTestSuite(TestCaseMain.java:157)&#xD;&#xA;&#x9;at com.kms.katalon.core.main.TestCaseMain$startTestSuite$0.call(Unknown Source)&#xD;&#xA;&#x9;at TempTestSuite1576555809646.run(TempTestSuite1576555809646.groovy:35)&#xD;&#xA;"/>
            <system-out>2019-12-17 11:10:17 - [TEST_CASE][FAILED] - Test Cases/E_Wallet/TC_updateBilling/TC_updateBillingUpdateSendNotif: Test Cases/E_Wallet/TC_updateBilling/TC_updateBillingUpdateSendNotif FAILED.
Reason:
com.kms.katalon.core.exception.StepFailedException: Actual object 'RC22' and expected object 'RC00' are not equal&#xD;
	at com.kms.katalon.core.keyword.builtin.VerifyEqualKeyword$_verifyEqual_closure1.doCall(VerifyEqualKeyword.groovy:58)&#xD;
	at com.kms.katalon.core.keyword.builtin.VerifyEqualKeyword$_verifyEqual_closure1.call(VerifyEqualKeyword.groovy)&#xD;
	at com.kms.katalon.core.keyword.internal.KeywordMain.runKeyword(KeywordMain.groovy:68)&#xD;
	at com.kms.katalon.core.keyword.builtin.VerifyEqualKeyword.verifyEqual(VerifyEqualKeyword.groovy:63)&#xD;
	at com.kms.katalon.core.keyword.builtin.VerifyEqualKeyword.execute(VerifyEqualKeyword.groovy:44)&#xD;
	at com.kms.katalon.core.keyword.internal.KeywordExecutor.executeKeywordForPlatform(KeywordExecutor.groovy:56)&#xD;
	at com.kms.katalon.core.keyword.BuiltinKeywords.verifyEqual(BuiltinKeywords.groovy:141)&#xD;
	at TC_updateBillingUpdateSendNotif.run(TC_updateBillingUpdateSendNotif:104)&#xD;
	at com.kms.katalon.core.main.ScriptEngine.run(ScriptEngine.java:194)&#xD;
	at com.kms.katalon.core.main.ScriptEngine.runScriptAsRawText(ScriptEngine.java:119)&#xD;
	at com.kms.katalon.core.main.TestCaseExecutor.runScript(TestCaseExecutor.java:337)&#xD;
	at com.kms.katalon.core.main.TestCaseExecutor.doExecute(TestCaseExecutor.java:328)&#xD;
	at com.kms.katalon.core.main.TestCaseExecutor.processExecutionPhase(TestCaseExecutor.java:307)&#xD;
	at com.kms.katalon.core.main.TestCaseExecutor.accessMainPhase(TestCaseExecutor.java:299)&#xD;
	at com.kms.katalon.core.main.TestCaseExecutor.execute(TestCaseExecutor.java:233)&#xD;
	at com.kms.katalon.core.main.TestSuiteExecutor.accessTestCaseMainPhase(TestSuiteExecutor.java:133)&#xD;
	at com.kms.katalon.core.main.TestSuiteExecutor.accessTestSuiteMainPhase(TestSuiteExecutor.java:116)&#xD;
	at com.kms.katalon.core.main.TestSuiteExecutor.execute(TestSuiteExecutor.java:83)&#xD;
	at com.kms.katalon.core.main.TestCaseMain.startTestSuite(TestCaseMain.java:157)&#xD;
	at com.kms.katalon.core.main.TestCaseMain$startTestSuite$0.call(Unknown Source)&#xD;
	at TempTestSuite1576555809646.run(TempTestSuite1576555809646.groovy:35)&#xD;
&#xD;
&#xD;
2019-12-17 11:10:17 - [TEST_STEP][PASSED] - plain = "{" + ""user_agent":"" + var_user_agent + ""," + ""billing_id":"" + var_billing_id + ""," + ""amount":"" + var_amount + ""," + ""billing_status":"" + var_billing_status + ""," + ""verified_flag":"" + var_verified_flag + ""," + ""wallet_id":"" + var_wallet_id + ""," + ""billing_ref1":"" + var_billing_ref1 + ""," + ""billing_ref2":"" + var_billing_ref2 + ""," + ""billing_ref3":"" + var_billing_ref3 + ""}": null&#xD;
&#xD;
2019-12-17 11:10:17 - [TEST_STEP][PASSED] - out.println(plain): null&#xD;
&#xD;
2019-12-17 11:10:17 - [TEST_STEP][PASSED] - out.println("var_customer_token" + var_customer_token): null&#xD;
&#xD;
2019-12-17 11:10:17 - [TEST_STEP][PASSED] - out.println("var_partner_token" + var_partner_token): null&#xD;
&#xD;
2019-12-17 11:10:17 - [TEST_STEP][PASSED] - encipheredData = SecureUtils.encryptAesEwallet(plain, var_aes_key): null&#xD;
&#xD;
2019-12-17 11:10:17 - [TEST_STEP][PASSED] - body = "{"organisation_id":"" + var_organisation_id + ""," + ""data":"" + encipheredData + ""," + ""lang":"" + var_lang + ""}": null&#xD;
&#xD;
2019-12-17 11:10:17 - [TEST_STEP][PASSED] - out.println(body): null&#xD;
&#xD;
2019-12-17 11:10:17 - [TEST_STEP][PASSED] - request = findTestObject("E_Wallet/obj_updateBilling2"): null&#xD;
&#xD;
2019-12-17 11:10:17 - [TEST_STEP][PASSED] - request.setBodyContent(new com.kms.katalon.core.testobject.impl.HttpTextBodyContent(body, UTF-8, application/json)): null&#xD;
&#xD;
2019-12-17 11:10:17 - [TEST_STEP][PASSED] - if (var_customer_token == 0): null&#xD;
&#xD;
2019-12-17 11:10:17 - [TEST_STEP][PASSED] - else: null&#xD;
&#xD;
2019-12-17 11:10:17 - [TEST_STEP][PASSED] - out.println("using access_token = " + access_token_customer): null&#xD;
&#xD;
2019-12-17 11:10:17 - [TEST_STEP][PASSED] - listQuery = new java.util.ArrayList(): null&#xD;
&#xD;
2019-12-17 11:10:17 - [TEST_STEP][PASSED] - listQuery.add(new com.kms.katalon.core.testobject.TestObjectProperty(token, com.kms.katalon.core.testobject.ConditionType.EQUALS, internal.GlobalVariable.access_token_customer)): null&#xD;
&#xD;
2019-12-17 11:10:17 - [TEST_STEP][PASSED] - request.setRestParameters(listQuery): null&#xD;
&#xD;
2019-12-17 11:10:17 - [TEST_STEP][PASSED] - response = sendRequest(request): Send request successfully&#xD;
&#xD;
2019-12-17 11:10:17 - [MESSAGE][INFO] - HAR: D:\katalon-ewallet\Reports\E_Wallet\TS_updateBilling\TS_updateBillingUpdateSendNotif\20191217_111009\requests\main\15.har&#xD;
&#xD;
2019-12-17 11:10:17 - [MESSAGE][PASSED] - Send request successfully&#xD;
&#xD;
2019-12-17 11:10:17 - [TEST_STEP][PASSED] - a = &lt;not implemented yet for class: org.codehaus.groovy.ast.expr.EmptyExpression&gt;: null&#xD;
&#xD;
2019-12-17 11:10:17 - [TEST_STEP][PASSED] - headerProps = request.getHttpHeaderProperties(): null&#xD;
&#xD;
2019-12-17 11:10:17 - [TEST_STEP][PASSED] - for ([a = 0, a &lt; headerProps.size(), (a++)]): null&#xD;
&#xD;
2019-12-17 11:10:17 - [TEST_STEP][PASSED] - println(get(a).getName() + ": " + get(a).getValue()): null&#xD;
&#xD;
2019-12-17 11:10:17 - [TEST_STEP][PASSED] - println(get(a).getName() + ": " + get(a).getValue()): null&#xD;
&#xD;
2019-12-17 11:10:17 - [TEST_STEP][PASSED] - println(get(a).getName() + ": " + get(a).getValue()): null&#xD;
&#xD;
2019-12-17 11:10:17 - [TEST_STEP][PASSED] - body_content = responseBodyContent: null&#xD;
&#xD;
2019-12-17 11:10:17 - [TEST_STEP][PASSED] - status_code = statusCode: null&#xD;
&#xD;
2019-12-17 11:10:17 - [TEST_STEP][PASSED] - respDataMap = JsonSlurper().parseText(body_content): null&#xD;
&#xD;
2019-12-17 11:10:17 - [TEST_STEP][PASSED] - out.println(respDataMap): null&#xD;
&#xD;
2019-12-17 11:10:17 - [TEST_STEP][PASSED] - rc_ref = ReturnCodeWrapper(var_expected_rc).getEnumRC(): null&#xD;
&#xD;
2019-12-17 11:10:17 - [TEST_STEP][PASSED] - out.println(var_expected_rc): null&#xD;
&#xD;
2019-12-17 11:10:17 - [TEST_STEP][PASSED] - out.println(rc_ref.getRCName()): null&#xD;
&#xD;
2019-12-17 11:10:17 - [TEST_STEP][PASSED] - out.println(rc_ref.getHttpResponse()): null&#xD;
&#xD;
2019-12-17 11:10:17 - [TEST_STEP][FAILED] - result = verifyEqual(response_code, rc_ref.getRCName()): Unable to verify equal between actual object 'RC22' and expected object 'RC00' (Root cause: com.kms.katalon.core.exception.StepFailedException: Actual object 'RC22' and expected object 'RC00' are not equal&#xD;
	at com.kms.katalon.core.keyword.builtin.VerifyEqualKeyword$_verifyEqual_closure1.doCall(VerifyEqualKeyword.groovy:58)&#xD;
	at com.kms.katalon.core.keyword.builtin.VerifyEqualKeyword$_verifyEqual_closure1.call(VerifyEqualKeyword.groovy)&#xD;
	at com.kms.katalon.core.keyword.internal.KeywordMain.runKeyword(KeywordMain.groovy:68)&#xD;
	at com.kms.katalon.core.keyword.builtin.VerifyEqualKeyword.verifyEqual(VerifyEqualKeyword.groovy:63)&#xD;
	at com.kms.katalon.core.keyword.builtin.VerifyEqualKeyword.execute(VerifyEqualKeyword.groovy:44)&#xD;
	at com.kms.katalon.core.keyword.internal.KeywordExecutor.executeKeywordForPlatform(KeywordExecutor.groovy:56)&#xD;
	at com.kms.katalon.core.keyword.BuiltinKeywords.verifyEqual(BuiltinKeywords.groovy:141)&#xD;
	at TC_updateBillingUpdateSendNotif.run(TC_updateBillingUpdateSendNotif:104)&#xD;
	at com.kms.katalon.core.main.ScriptEngine.run(ScriptEngine.java:194)&#xD;
	at com.kms.katalon.core.main.ScriptEngine.runScriptAsRawText(ScriptEngine.java:119)&#xD;
	at com.kms.katalon.core.main.TestCaseExecutor.runScript(TestCaseExecutor.java:337)&#xD;
	at com.kms.katalon.core.main.TestCaseExecutor.doExecute(TestCaseExecutor.java:328)&#xD;
	at com.kms.katalon.core.main.TestCaseExecutor.processExecutionPhase(TestCaseExecutor.java:307)&#xD;
	at com.kms.katalon.core.main.TestCaseExecutor.accessMainPhase(TestCaseExecutor.java:299)&#xD;
	at com.kms.katalon.core.main.TestCaseExecutor.execute(TestCaseExecutor.java:233)&#xD;
	at com.kms.katalon.core.main.TestSuiteExecutor.accessTestCaseMainPhase(TestSuiteExecutor.java:133)&#xD;
	at com.kms.katalon.core.main.TestSuiteExecutor.accessTestSuiteMainPhase(TestSuiteExecutor.java:116)&#xD;
	at com.kms.katalon.core.main.TestSuiteExecutor.execute(TestSuiteExecutor.java:83)&#xD;
	at com.kms.katalon.core.main.TestCaseMain.startTestSuite(TestCaseMain.java:157)&#xD;
	at com.kms.katalon.core.main.TestCaseMain$startTestSuite$0.call(Unknown Source)&#xD;
	at TempTestSuite1576555809646.run(TempTestSuite1576555809646.groovy:35)&#xD;
)&#xD;
&#xD;
2019-12-17 11:10:17 - [MESSAGE][FAILED] - Unable to verify equal between actual object 'RC22' and expected object 'RC00' (Root cause: com.kms.katalon.core.exception.StepFailedException: Actual object 'RC22' and expected object 'RC00' are not equal&#xD;
	at com.kms.katalon.core.keyword.builtin.VerifyEqualKeyword$_verifyEqual_closure1.doCall(VerifyEqualKeyword.groovy:58)&#xD;
	at com.kms.katalon.core.keyword.builtin.VerifyEqualKeyword$_verifyEqual_closure1.call(VerifyEqualKeyword.groovy)&#xD;
	at com.kms.katalon.core.keyword.internal.KeywordMain.runKeyword(KeywordMain.groovy:68)&#xD;
	at com.kms.katalon.core.keyword.builtin.VerifyEqualKeyword.verifyEqual(VerifyEqualKeyword.groovy:63)&#xD;
	at com.kms.katalon.core.keyword.builtin.VerifyEqualKeyword.execute(VerifyEqualKeyword.groovy:44)&#xD;
	at com.kms.katalon.core.keyword.internal.KeywordExecutor.executeKeywordForPlatform(KeywordExecutor.groovy:56)&#xD;
	at com.kms.katalon.core.keyword.BuiltinKeywords.verifyEqual(BuiltinKeywords.groovy:141)&#xD;
	at TC_updateBillingUpdateSendNotif.run(TC_updateBillingUpdateSendNotif:104)&#xD;
	at com.kms.katalon.core.main.ScriptEngine.run(ScriptEngine.java:194)&#xD;
	at com.kms.katalon.core.main.ScriptEngine.runScriptAsRawText(ScriptEngine.java:119)&#xD;
	at com.kms.katalon.core.main.TestCaseExecutor.runScript(TestCaseExecutor.java:337)&#xD;
	at com.kms.katalon.core.main.TestCaseExecutor.doExecute(TestCaseExecutor.java:328)&#xD;
	at com.kms.katalon.core.main.TestCaseExecutor.processExecutionPhase(TestCaseExecutor.java:307)&#xD;
	at com.kms.katalon.core.main.TestCaseExecutor.accessMainPhase(TestCaseExecutor.java:299)&#xD;
	at com.kms.katalon.core.main.TestCaseExecutor.execute(TestCaseExecutor.java:233)&#xD;
	at com.kms.katalon.core.main.TestSuiteExecutor.accessTestCaseMainPhase(TestSuiteExecutor.java:133)&#xD;
	at com.kms.katalon.core.main.TestSuiteExecutor.accessTestSuiteMainPhase(TestSuiteExecutor.java:116)&#xD;
	at com.kms.katalon.core.main.TestSuiteExecutor.execute(TestSuiteExecutor.java:83)&#xD;
	at com.kms.katalon.core.main.TestCaseMain.startTestSuite(TestCaseMain.java:157)&#xD;
	at com.kms.katalon.core.main.TestCaseMain$startTestSuite$0.call(Unknown Source)&#xD;
	at TempTestSuite1576555809646.run(TempTestSuite1576555809646.groovy:35)&#xD;
)</system-out>
            <system-err>2019-12-17 11:10:17 - [TEST_CASE][FAILED] - Test Cases/E_Wallet/TC_updateBilling/TC_updateBillingUpdateSendNotif: Test Cases/E_Wallet/TC_updateBilling/TC_updateBillingUpdateSendNotif FAILED.
Reason:
com.kms.katalon.core.exception.StepFailedException: Actual object 'RC22' and expected object 'RC00' are not equal&#xD;
	at com.kms.katalon.core.keyword.builtin.VerifyEqualKeyword$_verifyEqual_closure1.doCall(VerifyEqualKeyword.groovy:58)&#xD;
	at com.kms.katalon.core.keyword.builtin.VerifyEqualKeyword$_verifyEqual_closure1.call(VerifyEqualKeyword.groovy)&#xD;
	at com.kms.katalon.core.keyword.internal.KeywordMain.runKeyword(KeywordMain.groovy:68)&#xD;
	at com.kms.katalon.core.keyword.builtin.VerifyEqualKeyword.verifyEqual(VerifyEqualKeyword.groovy:63)&#xD;
	at com.kms.katalon.core.keyword.builtin.VerifyEqualKeyword.execute(VerifyEqualKeyword.groovy:44)&#xD;
	at com.kms.katalon.core.keyword.internal.KeywordExecutor.executeKeywordForPlatform(KeywordExecutor.groovy:56)&#xD;
	at com.kms.katalon.core.keyword.BuiltinKeywords.verifyEqual(BuiltinKeywords.groovy:141)&#xD;
	at TC_updateBillingUpdateSendNotif.run(TC_updateBillingUpdateSendNotif:104)&#xD;
	at com.kms.katalon.core.main.ScriptEngine.run(ScriptEngine.java:194)&#xD;
	at com.kms.katalon.core.main.ScriptEngine.runScriptAsRawText(ScriptEngine.java:119)&#xD;
	at com.kms.katalon.core.main.TestCaseExecutor.runScript(TestCaseExecutor.java:337)&#xD;
	at com.kms.katalon.core.main.TestCaseExecutor.doExecute(TestCaseExecutor.java:328)&#xD;
	at com.kms.katalon.core.main.TestCaseExecutor.processExecutionPhase(TestCaseExecutor.java:307)&#xD;
	at com.kms.katalon.core.main.TestCaseExecutor.accessMainPhase(TestCaseExecutor.java:299)&#xD;
	at com.kms.katalon.core.main.TestCaseExecutor.execute(TestCaseExecutor.java:233)&#xD;
	at com.kms.katalon.core.main.TestSuiteExecutor.accessTestCaseMainPhase(TestSuiteExecutor.java:133)&#xD;
	at com.kms.katalon.core.main.TestSuiteExecutor.accessTestSuiteMainPhase(TestSuiteExecutor.java:116)&#xD;
	at com.kms.katalon.core.main.TestSuiteExecutor.execute(TestSuiteExecutor.java:83)&#xD;
	at com.kms.katalon.core.main.TestCaseMain.startTestSuite(TestCaseMain.java:157)&#xD;
	at com.kms.katalon.core.main.TestCaseMain$startTestSuite$0.call(Unknown Source)&#xD;
	at TempTestSuite1576555809646.run(TempTestSuite1576555809646.groovy:35)</system-err>
        </testcase>
        <testcase name="Test Cases/E_Wallet/TC_updateBilling/TC_updateBillingUpdateSendNotif" classname="Test Cases/E_Wallet/TC_updateBilling/TC_updateBillingUpdateSendNotif" status="PASSED">
            <system-out>2019-12-17 11:10:17 - [TEST_CASE][PASSED] - Test Cases/E_Wallet/TC_updateBilling/TC_updateBillingUpdateSendNotif: Test Cases/E_Wallet/TC_updateBilling/TC_updateBillingUpdateSendNotif&#xD;
&#xD;
2019-12-17 11:10:17 - [TEST_STEP][PASSED] - plain = "{" + ""user_agent":"" + var_user_agent + ""," + ""billing_id":"" + var_billing_id + ""," + ""amount":"" + var_amount + ""," + ""billing_status":"" + var_billing_status + ""," + ""verified_flag":"" + var_verified_flag + ""," + ""wallet_id":"" + var_wallet_id + ""," + ""billing_ref1":"" + var_billing_ref1 + ""," + ""billing_ref2":"" + var_billing_ref2 + ""," + ""billing_ref3":"" + var_billing_ref3 + ""}": null&#xD;
&#xD;
2019-12-17 11:10:17 - [TEST_STEP][PASSED] - out.println(plain): null&#xD;
&#xD;
2019-12-17 11:10:17 - [TEST_STEP][PASSED] - out.println("var_customer_token" + var_customer_token): null&#xD;
&#xD;
2019-12-17 11:10:17 - [TEST_STEP][PASSED] - out.println("var_partner_token" + var_partner_token): null&#xD;
&#xD;
2019-12-17 11:10:17 - [TEST_STEP][PASSED] - encipheredData = SecureUtils.encryptAesEwallet(plain, var_aes_key): null&#xD;
&#xD;
2019-12-17 11:10:17 - [TEST_STEP][PASSED] - body = "{"organisation_id":"" + var_organisation_id + ""," + ""data":"" + encipheredData + ""," + ""lang":"" + var_lang + ""}": null&#xD;
&#xD;
2019-12-17 11:10:17 - [TEST_STEP][PASSED] - out.println(body): null&#xD;
&#xD;
2019-12-17 11:10:17 - [TEST_STEP][PASSED] - request = findTestObject("E_Wallet/obj_updateBilling2"): null&#xD;
&#xD;
2019-12-17 11:10:18 - [TEST_STEP][PASSED] - request.setBodyContent(new com.kms.katalon.core.testobject.impl.HttpTextBodyContent(body, UTF-8, application/json)): null&#xD;
&#xD;
2019-12-17 11:10:18 - [TEST_STEP][PASSED] - if (var_customer_token == 0): null&#xD;
&#xD;
2019-12-17 11:10:18 - [TEST_STEP][PASSED] - else: null&#xD;
&#xD;
2019-12-17 11:10:18 - [TEST_STEP][PASSED] - out.println("using access_token = " + access_token_customer): null&#xD;
&#xD;
2019-12-17 11:10:18 - [TEST_STEP][PASSED] - listQuery = new java.util.ArrayList(): null&#xD;
&#xD;
2019-12-17 11:10:18 - [TEST_STEP][PASSED] - listQuery.add(new com.kms.katalon.core.testobject.TestObjectProperty(token, com.kms.katalon.core.testobject.ConditionType.EQUALS, internal.GlobalVariable.access_token_customer)): null&#xD;
&#xD;
2019-12-17 11:10:18 - [TEST_STEP][PASSED] - request.setRestParameters(listQuery): null&#xD;
&#xD;
2019-12-17 11:10:18 - [TEST_STEP][PASSED] - response = sendRequest(request): Send request successfully&#xD;
&#xD;
2019-12-17 11:10:18 - [MESSAGE][INFO] - HAR: D:\katalon-ewallet\Reports\E_Wallet\TS_updateBilling\TS_updateBillingUpdateSendNotif\20191217_111009\requests\main\16.har&#xD;
&#xD;
2019-12-17 11:10:18 - [MESSAGE][PASSED] - Send request successfully&#xD;
&#xD;
2019-12-17 11:10:18 - [TEST_STEP][PASSED] - a = &lt;not implemented yet for class: org.codehaus.groovy.ast.expr.EmptyExpression&gt;: null&#xD;
&#xD;
2019-12-17 11:10:18 - [TEST_STEP][PASSED] - headerProps = request.getHttpHeaderProperties(): null&#xD;
&#xD;
2019-12-17 11:10:18 - [TEST_STEP][PASSED] - for ([a = 0, a &lt; headerProps.size(), (a++)]): null&#xD;
&#xD;
2019-12-17 11:10:18 - [TEST_STEP][PASSED] - println(get(a).getName() + ": " + get(a).getValue()): null&#xD;
&#xD;
2019-12-17 11:10:18 - [TEST_STEP][PASSED] - println(get(a).getName() + ": " + get(a).getValue()): null&#xD;
&#xD;
2019-12-17 11:10:18 - [TEST_STEP][PASSED] - println(get(a).getName() + ": " + get(a).getValue()): null&#xD;
&#xD;
2019-12-17 11:10:18 - [TEST_STEP][PASSED] - body_content = responseBodyContent: null&#xD;
&#xD;
2019-12-17 11:10:18 - [TEST_STEP][PASSED] - status_code = statusCode: null&#xD;
&#xD;
2019-12-17 11:10:18 - [TEST_STEP][PASSED] - respDataMap = JsonSlurper().parseText(body_content): null&#xD;
&#xD;
2019-12-17 11:10:18 - [TEST_STEP][PASSED] - out.println(respDataMap): null&#xD;
&#xD;
2019-12-17 11:10:18 - [TEST_STEP][PASSED] - rc_ref = ReturnCodeWrapper(var_expected_rc).getEnumRC(): null&#xD;
&#xD;
2019-12-17 11:10:18 - [TEST_STEP][PASSED] - out.println(var_expected_rc): null&#xD;
&#xD;
2019-12-17 11:10:18 - [TEST_STEP][PASSED] - out.println(rc_ref.getRCName()): null&#xD;
&#xD;
2019-12-17 11:10:18 - [TEST_STEP][PASSED] - out.println(rc_ref.getHttpResponse()): null&#xD;
&#xD;
2019-12-17 11:10:18 - [TEST_STEP][PASSED] - result = verifyEqual(response_code, rc_ref.getRCName()): Actual object 'RC01' and expected object 'RC01' are equal&#xD;
&#xD;
2019-12-17 11:10:18 - [MESSAGE][PASSED] - Actual object 'RC01' and expected object 'RC01' are equal&#xD;
&#xD;
2019-12-17 11:10:18 - [TEST_STEP][PASSED] - if (result == false): null&#xD;
&#xD;
2019-12-17 11:10:18 - [TEST_STEP][PASSED] - else: null&#xD;
&#xD;
2019-12-17 11:10:18 - [TEST_STEP][PASSED] - verifyEqual(statusCode, rc_ref.getHttpResponse()): Actual object '400' and expected object '400' are equal&#xD;
&#xD;
2019-12-17 11:10:18 - [MESSAGE][PASSED] - Actual object '400' and expected object '400' are equal&#xD;
&#xD;
2019-12-17 11:10:18 - [TEST_STEP][PASSED] - if (rc_ref == RC00): null</system-out>
            <system-err></system-err>
        </testcase>
        <testcase name="Test Cases/E_Wallet/TC_updateBilling/TC_updateBillingUpdateSendNotif" classname="Test Cases/E_Wallet/TC_updateBilling/TC_updateBillingUpdateSendNotif" status="PASSED">
            <system-out>2019-12-17 11:10:18 - [TEST_CASE][PASSED] - Test Cases/E_Wallet/TC_updateBilling/TC_updateBillingUpdateSendNotif: Test Cases/E_Wallet/TC_updateBilling/TC_updateBillingUpdateSendNotif&#xD;
&#xD;
2019-12-17 11:10:18 - [TEST_STEP][PASSED] - plain = "{" + ""user_agent":"" + var_user_agent + ""," + ""billing_id":"" + var_billing_id + ""," + ""amount":"" + var_amount + ""," + ""billing_status":"" + var_billing_status + ""," + ""verified_flag":"" + var_verified_flag + ""," + ""wallet_id":"" + var_wallet_id + ""," + ""billing_ref1":"" + var_billing_ref1 + ""," + ""billing_ref2":"" + var_billing_ref2 + ""," + ""billing_ref3":"" + var_billing_ref3 + ""}": null&#xD;
&#xD;
2019-12-17 11:10:18 - [TEST_STEP][PASSED] - out.println(plain): null&#xD;
&#xD;
2019-12-17 11:10:18 - [TEST_STEP][PASSED] - out.println("var_customer_token" + var_customer_token): null&#xD;
&#xD;
2019-12-17 11:10:18 - [TEST_STEP][PASSED] - out.println("var_partner_token" + var_partner_token): null&#xD;
&#xD;
2019-12-17 11:10:18 - [TEST_STEP][PASSED] - encipheredData = SecureUtils.encryptAesEwallet(plain, var_aes_key): null&#xD;
&#xD;
2019-12-17 11:10:18 - [TEST_STEP][PASSED] - body = "{"organisation_id":"" + var_organisation_id + ""," + ""data":"" + encipheredData + ""," + ""lang":"" + var_lang + ""}": null&#xD;
&#xD;
2019-12-17 11:10:18 - [TEST_STEP][PASSED] - out.println(body): null&#xD;
&#xD;
2019-12-17 11:10:18 - [TEST_STEP][PASSED] - request = findTestObject("E_Wallet/obj_updateBilling2"): null&#xD;
&#xD;
2019-12-17 11:10:18 - [TEST_STEP][PASSED] - request.setBodyContent(new com.kms.katalon.core.testobject.impl.HttpTextBodyContent(body, UTF-8, application/json)): null&#xD;
&#xD;
2019-12-17 11:10:18 - [TEST_STEP][PASSED] - if (var_customer_token == 0): null&#xD;
&#xD;
2019-12-17 11:10:18 - [TEST_STEP][PASSED] - else: null&#xD;
&#xD;
2019-12-17 11:10:18 - [TEST_STEP][PASSED] - out.println("using access_token = " + access_token_customer): null&#xD;
&#xD;
2019-12-17 11:10:18 - [TEST_STEP][PASSED] - listQuery = new java.util.ArrayList(): null&#xD;
&#xD;
2019-12-17 11:10:18 - [TEST_STEP][PASSED] - listQuery.add(new com.kms.katalon.core.testobject.TestObjectProperty(token, com.kms.katalon.core.testobject.ConditionType.EQUALS, internal.GlobalVariable.access_token_customer)): null&#xD;
&#xD;
2019-12-17 11:10:18 - [TEST_STEP][PASSED] - request.setRestParameters(listQuery): null&#xD;
&#xD;
2019-12-17 11:10:18 - [TEST_STEP][PASSED] - response = sendRequest(request): Send request successfully&#xD;
&#xD;
2019-12-17 11:10:18 - [MESSAGE][INFO] - HAR: D:\katalon-ewallet\Reports\E_Wallet\TS_updateBilling\TS_updateBillingUpdateSendNotif\20191217_111009\requests\main\17.har&#xD;
&#xD;
2019-12-17 11:10:18 - [MESSAGE][PASSED] - Send request successfully&#xD;
&#xD;
2019-12-17 11:10:18 - [TEST_STEP][PASSED] - a = &lt;not implemented yet for class: org.codehaus.groovy.ast.expr.EmptyExpression&gt;: null&#xD;
&#xD;
2019-12-17 11:10:18 - [TEST_STEP][PASSED] - headerProps = request.getHttpHeaderProperties(): null&#xD;
&#xD;
2019-12-17 11:10:18 - [TEST_STEP][PASSED] - for ([a = 0, a &lt; headerProps.size(), (a++)]): null&#xD;
&#xD;
2019-12-17 11:10:18 - [TEST_STEP][PASSED] - println(get(a).getName() + ": " + get(a).getValue()): null&#xD;
&#xD;
2019-12-17 11:10:18 - [TEST_STEP][PASSED] - println(get(a).getName() + ": " + get(a).getValue()): null&#xD;
&#xD;
2019-12-17 11:10:18 - [TEST_STEP][PASSED] - println(get(a).getName() + ": " + get(a).getValue()): null&#xD;
&#xD;
2019-12-17 11:10:18 - [TEST_STEP][PASSED] - body_content = responseBodyContent: null&#xD;
&#xD;
2019-12-17 11:10:18 - [TEST_STEP][PASSED] - status_code = statusCode: null&#xD;
&#xD;
2019-12-17 11:10:18 - [TEST_STEP][PASSED] - respDataMap = JsonSlurper().parseText(body_content): null&#xD;
&#xD;
2019-12-17 11:10:18 - [TEST_STEP][PASSED] - out.println(respDataMap): null&#xD;
&#xD;
2019-12-17 11:10:18 - [TEST_STEP][PASSED] - rc_ref = ReturnCodeWrapper(var_expected_rc).getEnumRC(): null&#xD;
&#xD;
2019-12-17 11:10:18 - [TEST_STEP][PASSED] - out.println(var_expected_rc): null&#xD;
&#xD;
2019-12-17 11:10:18 - [TEST_STEP][PASSED] - out.println(rc_ref.getRCName()): null&#xD;
&#xD;
2019-12-17 11:10:18 - [TEST_STEP][PASSED] - out.println(rc_ref.getHttpResponse()): null&#xD;
&#xD;
2019-12-17 11:10:18 - [TEST_STEP][PASSED] - result = verifyEqual(response_code, rc_ref.getRCName()): Actual object 'RC01' and expected object 'RC01' are equal&#xD;
&#xD;
2019-12-17 11:10:18 - [MESSAGE][PASSED] - Actual object 'RC01' and expected object 'RC01' are equal&#xD;
&#xD;
2019-12-17 11:10:18 - [TEST_STEP][PASSED] - if (result == false): null&#xD;
&#xD;
2019-12-17 11:10:18 - [TEST_STEP][PASSED] - else: null&#xD;
&#xD;
2019-12-17 11:10:18 - [TEST_STEP][PASSED] - verifyEqual(statusCode, rc_ref.getHttpResponse()): Actual object '400' and expected object '400' are equal&#xD;
&#xD;
2019-12-17 11:10:18 - [MESSAGE][PASSED] - Actual object '400' and expected object '400' are equal&#xD;
&#xD;
2019-12-17 11:10:18 - [TEST_STEP][PASSED] - if (rc_ref == RC00): null</system-out>
            <system-err></system-err>
        </testcase>
        <testcase name="Test Cases/E_Wallet/TC_updateBilling/TC_updateBillingUpdateSendNotif" classname="Test Cases/E_Wallet/TC_updateBilling/TC_updateBillingUpdateSendNotif" status="PASSED">
            <system-out>2019-12-17 11:10:18 - [TEST_CASE][PASSED] - Test Cases/E_Wallet/TC_updateBilling/TC_updateBillingUpdateSendNotif: Test Cases/E_Wallet/TC_updateBilling/TC_updateBillingUpdateSendNotif&#xD;
&#xD;
2019-12-17 11:10:18 - [TEST_STEP][PASSED] - plain = "{" + ""user_agent":"" + var_user_agent + ""," + ""billing_id":"" + var_billing_id + ""," + ""amount":"" + var_amount + ""," + ""billing_status":"" + var_billing_status + ""," + ""verified_flag":"" + var_verified_flag + ""," + ""wallet_id":"" + var_wallet_id + ""," + ""billing_ref1":"" + var_billing_ref1 + ""," + ""billing_ref2":"" + var_billing_ref2 + ""," + ""billing_ref3":"" + var_billing_ref3 + ""}": null&#xD;
&#xD;
2019-12-17 11:10:18 - [TEST_STEP][PASSED] - out.println(plain): null&#xD;
&#xD;
2019-12-17 11:10:18 - [TEST_STEP][PASSED] - out.println("var_customer_token" + var_customer_token): null&#xD;
&#xD;
2019-12-17 11:10:18 - [TEST_STEP][PASSED] - out.println("var_partner_token" + var_partner_token): null&#xD;
&#xD;
2019-12-17 11:10:18 - [TEST_STEP][PASSED] - encipheredData = SecureUtils.encryptAesEwallet(plain, var_aes_key): null&#xD;
&#xD;
2019-12-17 11:10:18 - [TEST_STEP][PASSED] - body = "{"organisation_id":"" + var_organisation_id + ""," + ""data":"" + encipheredData + ""," + ""lang":"" + var_lang + ""}": null&#xD;
&#xD;
2019-12-17 11:10:18 - [TEST_STEP][PASSED] - out.println(body): null&#xD;
&#xD;
2019-12-17 11:10:18 - [TEST_STEP][PASSED] - request = findTestObject("E_Wallet/obj_updateBilling2"): null&#xD;
&#xD;
2019-12-17 11:10:18 - [TEST_STEP][PASSED] - request.setBodyContent(new com.kms.katalon.core.testobject.impl.HttpTextBodyContent(body, UTF-8, application/json)): null&#xD;
&#xD;
2019-12-17 11:10:18 - [TEST_STEP][PASSED] - if (var_customer_token == 0): null&#xD;
&#xD;
2019-12-17 11:10:18 - [TEST_STEP][PASSED] - else: null&#xD;
&#xD;
2019-12-17 11:10:18 - [TEST_STEP][PASSED] - out.println("using access_token = " + access_token_customer): null&#xD;
&#xD;
2019-12-17 11:10:18 - [TEST_STEP][PASSED] - listQuery = new java.util.ArrayList(): null&#xD;
&#xD;
2019-12-17 11:10:18 - [TEST_STEP][PASSED] - listQuery.add(new com.kms.katalon.core.testobject.TestObjectProperty(token, com.kms.katalon.core.testobject.ConditionType.EQUALS, internal.GlobalVariable.access_token_customer)): null&#xD;
&#xD;
2019-12-17 11:10:18 - [TEST_STEP][PASSED] - request.setRestParameters(listQuery): null&#xD;
&#xD;
2019-12-17 11:10:18 - [TEST_STEP][PASSED] - response = sendRequest(request): Send request successfully&#xD;
&#xD;
2019-12-17 11:10:18 - [MESSAGE][INFO] - HAR: D:\katalon-ewallet\Reports\E_Wallet\TS_updateBilling\TS_updateBillingUpdateSendNotif\20191217_111009\requests\main\18.har&#xD;
&#xD;
2019-12-17 11:10:18 - [MESSAGE][PASSED] - Send request successfully&#xD;
&#xD;
2019-12-17 11:10:18 - [TEST_STEP][PASSED] - a = &lt;not implemented yet for class: org.codehaus.groovy.ast.expr.EmptyExpression&gt;: null&#xD;
&#xD;
2019-12-17 11:10:18 - [TEST_STEP][PASSED] - headerProps = request.getHttpHeaderProperties(): null&#xD;
&#xD;
2019-12-17 11:10:18 - [TEST_STEP][PASSED] - for ([a = 0, a &lt; headerProps.size(), (a++)]): null&#xD;
&#xD;
2019-12-17 11:10:18 - [TEST_STEP][PASSED] - println(get(a).getName() + ": " + get(a).getValue()): null&#xD;
&#xD;
2019-12-17 11:10:18 - [TEST_STEP][PASSED] - println(get(a).getName() + ": " + get(a).getValue()): null&#xD;
&#xD;
2019-12-17 11:10:18 - [TEST_STEP][PASSED] - println(get(a).getName() + ": " + get(a).getValue()): null&#xD;
&#xD;
2019-12-17 11:10:18 - [TEST_STEP][PASSED] - body_content = responseBodyContent: null&#xD;
&#xD;
2019-12-17 11:10:18 - [TEST_STEP][PASSED] - status_code = statusCode: null&#xD;
&#xD;
2019-12-17 11:10:18 - [TEST_STEP][PASSED] - respDataMap = JsonSlurper().parseText(body_content): null&#xD;
&#xD;
2019-12-17 11:10:18 - [TEST_STEP][PASSED] - out.println(respDataMap): null&#xD;
&#xD;
2019-12-17 11:10:18 - [TEST_STEP][PASSED] - rc_ref = ReturnCodeWrapper(var_expected_rc).getEnumRC(): null&#xD;
&#xD;
2019-12-17 11:10:18 - [TEST_STEP][PASSED] - out.println(var_expected_rc): null&#xD;
&#xD;
2019-12-17 11:10:18 - [TEST_STEP][PASSED] - out.println(rc_ref.getRCName()): null&#xD;
&#xD;
2019-12-17 11:10:18 - [TEST_STEP][PASSED] - out.println(rc_ref.getHttpResponse()): null&#xD;
&#xD;
2019-12-17 11:10:18 - [TEST_STEP][PASSED] - result = verifyEqual(response_code, rc_ref.getRCName()): Actual object 'RC01' and expected object 'RC01' are equal&#xD;
&#xD;
2019-12-17 11:10:18 - [MESSAGE][PASSED] - Actual object 'RC01' and expected object 'RC01' are equal&#xD;
&#xD;
2019-12-17 11:10:18 - [TEST_STEP][PASSED] - if (result == false): null&#xD;
&#xD;
2019-12-17 11:10:18 - [TEST_STEP][PASSED] - else: null&#xD;
&#xD;
2019-12-17 11:10:18 - [TEST_STEP][PASSED] - verifyEqual(statusCode, rc_ref.getHttpResponse()): Actual object '400' and expected object '400' are equal&#xD;
&#xD;
2019-12-17 11:10:18 - [MESSAGE][PASSED] - Actual object '400' and expected object '400' are equal&#xD;
&#xD;
2019-12-17 11:10:18 - [TEST_STEP][PASSED] - if (rc_ref == RC00): null</system-out>
            <system-err></system-err>
        </testcase>
        <testcase name="Test Cases/E_Wallet/TC_updateBilling/TC_updateBillingUpdateSendNotif" classname="Test Cases/E_Wallet/TC_updateBilling/TC_updateBillingUpdateSendNotif" status="PASSED">
            <system-out>2019-12-17 11:10:18 - [TEST_CASE][PASSED] - Test Cases/E_Wallet/TC_updateBilling/TC_updateBillingUpdateSendNotif: Test Cases/E_Wallet/TC_updateBilling/TC_updateBillingUpdateSendNotif&#xD;
&#xD;
2019-12-17 11:10:18 - [TEST_STEP][PASSED] - plain = "{" + ""user_agent":"" + var_user_agent + ""," + ""billing_id":"" + var_billing_id + ""," + ""amount":"" + var_amount + ""," + ""billing_status":"" + var_billing_status + ""," + ""verified_flag":"" + var_verified_flag + ""," + ""wallet_id":"" + var_wallet_id + ""," + ""billing_ref1":"" + var_billing_ref1 + ""," + ""billing_ref2":"" + var_billing_ref2 + ""," + ""billing_ref3":"" + var_billing_ref3 + ""}": null&#xD;
&#xD;
2019-12-17 11:10:18 - [TEST_STEP][PASSED] - out.println(plain): null&#xD;
&#xD;
2019-12-17 11:10:18 - [TEST_STEP][PASSED] - out.println("var_customer_token" + var_customer_token): null&#xD;
&#xD;
2019-12-17 11:10:18 - [TEST_STEP][PASSED] - out.println("var_partner_token" + var_partner_token): null&#xD;
&#xD;
2019-12-17 11:10:18 - [TEST_STEP][PASSED] - encipheredData = SecureUtils.encryptAesEwallet(plain, var_aes_key): null&#xD;
&#xD;
2019-12-17 11:10:18 - [TEST_STEP][PASSED] - body = "{"organisation_id":"" + var_organisation_id + ""," + ""data":"" + encipheredData + ""," + ""lang":"" + var_lang + ""}": null&#xD;
&#xD;
2019-12-17 11:10:18 - [TEST_STEP][PASSED] - out.println(body): null&#xD;
&#xD;
2019-12-17 11:10:18 - [TEST_STEP][PASSED] - request = findTestObject("E_Wallet/obj_updateBilling2"): null&#xD;
&#xD;
2019-12-17 11:10:18 - [TEST_STEP][PASSED] - request.setBodyContent(new com.kms.katalon.core.testobject.impl.HttpTextBodyContent(body, UTF-8, application/json)): null&#xD;
&#xD;
2019-12-17 11:10:18 - [TEST_STEP][PASSED] - if (var_customer_token == 0): null&#xD;
&#xD;
2019-12-17 11:10:18 - [TEST_STEP][PASSED] - else: null&#xD;
&#xD;
2019-12-17 11:10:18 - [TEST_STEP][PASSED] - out.println("using access_token = " + access_token_customer): null&#xD;
&#xD;
2019-12-17 11:10:18 - [TEST_STEP][PASSED] - listQuery = new java.util.ArrayList(): null&#xD;
&#xD;
2019-12-17 11:10:18 - [TEST_STEP][PASSED] - listQuery.add(new com.kms.katalon.core.testobject.TestObjectProperty(token, com.kms.katalon.core.testobject.ConditionType.EQUALS, internal.GlobalVariable.access_token_customer)): null&#xD;
&#xD;
2019-12-17 11:10:18 - [TEST_STEP][PASSED] - request.setRestParameters(listQuery): null&#xD;
&#xD;
2019-12-17 11:10:18 - [TEST_STEP][PASSED] - response = sendRequest(request): Send request successfully&#xD;
&#xD;
2019-12-17 11:10:18 - [MESSAGE][INFO] - HAR: D:\katalon-ewallet\Reports\E_Wallet\TS_updateBilling\TS_updateBillingUpdateSendNotif\20191217_111009\requests\main\19.har&#xD;
&#xD;
2019-12-17 11:10:18 - [MESSAGE][PASSED] - Send request successfully&#xD;
&#xD;
2019-12-17 11:10:18 - [TEST_STEP][PASSED] - a = &lt;not implemented yet for class: org.codehaus.groovy.ast.expr.EmptyExpression&gt;: null&#xD;
&#xD;
2019-12-17 11:10:18 - [TEST_STEP][PASSED] - headerProps = request.getHttpHeaderProperties(): null&#xD;
&#xD;
2019-12-17 11:10:18 - [TEST_STEP][PASSED] - for ([a = 0, a &lt; headerProps.size(), (a++)]): null&#xD;
&#xD;
2019-12-17 11:10:18 - [TEST_STEP][PASSED] - println(get(a).getName() + ": " + get(a).getValue()): null&#xD;
&#xD;
2019-12-17 11:10:18 - [TEST_STEP][PASSED] - println(get(a).getName() + ": " + get(a).getValue()): null&#xD;
&#xD;
2019-12-17 11:10:18 - [TEST_STEP][PASSED] - println(get(a).getName() + ": " + get(a).getValue()): null&#xD;
&#xD;
2019-12-17 11:10:18 - [TEST_STEP][PASSED] - body_content = responseBodyContent: null&#xD;
&#xD;
2019-12-17 11:10:18 - [TEST_STEP][PASSED] - status_code = statusCode: null&#xD;
&#xD;
2019-12-17 11:10:18 - [TEST_STEP][PASSED] - respDataMap = JsonSlurper().parseText(body_content): null&#xD;
&#xD;
2019-12-17 11:10:18 - [TEST_STEP][PASSED] - out.println(respDataMap): null&#xD;
&#xD;
2019-12-17 11:10:18 - [TEST_STEP][PASSED] - rc_ref = ReturnCodeWrapper(var_expected_rc).getEnumRC(): null&#xD;
&#xD;
2019-12-17 11:10:18 - [TEST_STEP][PASSED] - out.println(var_expected_rc): null&#xD;
&#xD;
2019-12-17 11:10:18 - [TEST_STEP][PASSED] - out.println(rc_ref.getRCName()): null&#xD;
&#xD;
2019-12-17 11:10:18 - [TEST_STEP][PASSED] - out.println(rc_ref.getHttpResponse()): null&#xD;
&#xD;
2019-12-17 11:10:18 - [TEST_STEP][PASSED] - result = verifyEqual(response_code, rc_ref.getRCName()): Actual object 'RC01' and expected object 'RC01' are equal&#xD;
&#xD;
2019-12-17 11:10:18 - [MESSAGE][PASSED] - Actual object 'RC01' and expected object 'RC01' are equal&#xD;
&#xD;
2019-12-17 11:10:18 - [TEST_STEP][PASSED] - if (result == false): null&#xD;
&#xD;
2019-12-17 11:10:18 - [TEST_STEP][PASSED] - else: null&#xD;
&#xD;
2019-12-17 11:10:18 - [TEST_STEP][PASSED] - verifyEqual(statusCode, rc_ref.getHttpResponse()): Actual object '400' and expected object '400' are equal&#xD;
&#xD;
2019-12-17 11:10:18 - [MESSAGE][PASSED] - Actual object '400' and expected object '400' are equal&#xD;
&#xD;
2019-12-17 11:10:18 - [TEST_STEP][PASSED] - if (rc_ref == RC00): null</system-out>
            <system-err></system-err>
        </testcase>
        <testcase name="Test Cases/E_Wallet/TC_updateBilling/TC_updateBillingUpdateSendNotif" classname="Test Cases/E_Wallet/TC_updateBilling/TC_updateBillingUpdateSendNotif" status="FAILED">
            <failure type="FAILED" message="Test Cases/E_Wallet/TC_updateBilling/TC_updateBillingUpdateSendNotif FAILED.&#xA;Reason:&#xA;com.kms.katalon.core.exception.StepFailedException: Actual object 'RC22' and expected object 'RC00' are not equal&#xD;&#xA;&#x9;at com.kms.katalon.core.keyword.builtin.VerifyEqualKeyword$_verifyEqual_closure1.doCall(VerifyEqualKeyword.groovy:58)&#xD;&#xA;&#x9;at com.kms.katalon.core.keyword.builtin.VerifyEqualKeyword$_verifyEqual_closure1.call(VerifyEqualKeyword.groovy)&#xD;&#xA;&#x9;at com.kms.katalon.core.keyword.internal.KeywordMain.runKeyword(KeywordMain.groovy:68)&#xD;&#xA;&#x9;at com.kms.katalon.core.keyword.builtin.VerifyEqualKeyword.verifyEqual(VerifyEqualKeyword.groovy:63)&#xD;&#xA;&#x9;at com.kms.katalon.core.keyword.builtin.VerifyEqualKeyword.execute(VerifyEqualKeyword.groovy:44)&#xD;&#xA;&#x9;at com.kms.katalon.core.keyword.internal.KeywordExecutor.executeKeywordForPlatform(KeywordExecutor.groovy:56)&#xD;&#xA;&#x9;at com.kms.katalon.core.keyword.BuiltinKeywords.verifyEqual(BuiltinKeywords.groovy:141)&#xD;&#xA;&#x9;at TC_updateBillingUpdateSendNotif.run(TC_updateBillingUpdateSendNotif:104)&#xD;&#xA;&#x9;at com.kms.katalon.core.main.ScriptEngine.run(ScriptEngine.java:194)&#xD;&#xA;&#x9;at com.kms.katalon.core.main.ScriptEngine.runScriptAsRawText(ScriptEngine.java:119)&#xD;&#xA;&#x9;at com.kms.katalon.core.main.TestCaseExecutor.runScript(TestCaseExecutor.java:337)&#xD;&#xA;&#x9;at com.kms.katalon.core.main.TestCaseExecutor.doExecute(TestCaseExecutor.java:328)&#xD;&#xA;&#x9;at com.kms.katalon.core.main.TestCaseExecutor.processExecutionPhase(TestCaseExecutor.java:307)&#xD;&#xA;&#x9;at com.kms.katalon.core.main.TestCaseExecutor.accessMainPhase(TestCaseExecutor.java:299)&#xD;&#xA;&#x9;at com.kms.katalon.core.main.TestCaseExecutor.execute(TestCaseExecutor.java:233)&#xD;&#xA;&#x9;at com.kms.katalon.core.main.TestSuiteExecutor.accessTestCaseMainPhase(TestSuiteExecutor.java:133)&#xD;&#xA;&#x9;at com.kms.katalon.core.main.TestSuiteExecutor.accessTestSuiteMainPhase(TestSuiteExecutor.java:116)&#xD;&#xA;&#x9;at com.kms.katalon.core.main.TestSuiteExecutor.execute(TestSuiteExecutor.java:83)&#xD;&#xA;&#x9;at com.kms.katalon.core.main.TestCaseMain.startTestSuite(TestCaseMain.java:157)&#xD;&#xA;&#x9;at com.kms.katalon.core.main.TestCaseMain$startTestSuite$0.call(Unknown Source)&#xD;&#xA;&#x9;at TempTestSuite1576555809646.run(TempTestSuite1576555809646.groovy:35)&#xD;&#xA;"/>
            <system-out>2019-12-17 11:10:18 - [TEST_CASE][FAILED] - Test Cases/E_Wallet/TC_updateBilling/TC_updateBillingUpdateSendNotif: Test Cases/E_Wallet/TC_updateBilling/TC_updateBillingUpdateSendNotif FAILED.
Reason:
com.kms.katalon.core.exception.StepFailedException: Actual object 'RC22' and expected object 'RC00' are not equal&#xD;
	at com.kms.katalon.core.keyword.builtin.VerifyEqualKeyword$_verifyEqual_closure1.doCall(VerifyEqualKeyword.groovy:58)&#xD;
	at com.kms.katalon.core.keyword.builtin.VerifyEqualKeyword$_verifyEqual_closure1.call(VerifyEqualKeyword.groovy)&#xD;
	at com.kms.katalon.core.keyword.internal.KeywordMain.runKeyword(KeywordMain.groovy:68)&#xD;
	at com.kms.katalon.core.keyword.builtin.VerifyEqualKeyword.verifyEqual(VerifyEqualKeyword.groovy:63)&#xD;
	at com.kms.katalon.core.keyword.builtin.VerifyEqualKeyword.execute(VerifyEqualKeyword.groovy:44)&#xD;
	at com.kms.katalon.core.keyword.internal.KeywordExecutor.executeKeywordForPlatform(KeywordExecutor.groovy:56)&#xD;
	at com.kms.katalon.core.keyword.BuiltinKeywords.verifyEqual(BuiltinKeywords.groovy:141)&#xD;
	at TC_updateBillingUpdateSendNotif.run(TC_updateBillingUpdateSendNotif:104)&#xD;
	at com.kms.katalon.core.main.ScriptEngine.run(ScriptEngine.java:194)&#xD;
	at com.kms.katalon.core.main.ScriptEngine.runScriptAsRawText(ScriptEngine.java:119)&#xD;
	at com.kms.katalon.core.main.TestCaseExecutor.runScript(TestCaseExecutor.java:337)&#xD;
	at com.kms.katalon.core.main.TestCaseExecutor.doExecute(TestCaseExecutor.java:328)&#xD;
	at com.kms.katalon.core.main.TestCaseExecutor.processExecutionPhase(TestCaseExecutor.java:307)&#xD;
	at com.kms.katalon.core.main.TestCaseExecutor.accessMainPhase(TestCaseExecutor.java:299)&#xD;
	at com.kms.katalon.core.main.TestCaseExecutor.execute(TestCaseExecutor.java:233)&#xD;
	at com.kms.katalon.core.main.TestSuiteExecutor.accessTestCaseMainPhase(TestSuiteExecutor.java:133)&#xD;
	at com.kms.katalon.core.main.TestSuiteExecutor.accessTestSuiteMainPhase(TestSuiteExecutor.java:116)&#xD;
	at com.kms.katalon.core.main.TestSuiteExecutor.execute(TestSuiteExecutor.java:83)&#xD;
	at com.kms.katalon.core.main.TestCaseMain.startTestSuite(TestCaseMain.java:157)&#xD;
	at com.kms.katalon.core.main.TestCaseMain$startTestSuite$0.call(Unknown Source)&#xD;
	at TempTestSuite1576555809646.run(TempTestSuite1576555809646.groovy:35)&#xD;
&#xD;
&#xD;
2019-12-17 11:10:18 - [TEST_STEP][PASSED] - plain = "{" + ""user_agent":"" + var_user_agent + ""," + ""billing_id":"" + var_billing_id + ""," + ""amount":"" + var_amount + ""," + ""billing_status":"" + var_billing_status + ""," + ""verified_flag":"" + var_verified_flag + ""," + ""wallet_id":"" + var_wallet_id + ""," + ""billing_ref1":"" + var_billing_ref1 + ""," + ""billing_ref2":"" + var_billing_ref2 + ""," + ""billing_ref3":"" + var_billing_ref3 + ""}": null&#xD;
&#xD;
2019-12-17 11:10:18 - [TEST_STEP][PASSED] - out.println(plain): null&#xD;
&#xD;
2019-12-17 11:10:18 - [TEST_STEP][PASSED] - out.println("var_customer_token" + var_customer_token): null&#xD;
&#xD;
2019-12-17 11:10:18 - [TEST_STEP][PASSED] - out.println("var_partner_token" + var_partner_token): null&#xD;
&#xD;
2019-12-17 11:10:18 - [TEST_STEP][PASSED] - encipheredData = SecureUtils.encryptAesEwallet(plain, var_aes_key): null&#xD;
&#xD;
2019-12-17 11:10:18 - [TEST_STEP][PASSED] - body = "{"organisation_id":"" + var_organisation_id + ""," + ""data":"" + encipheredData + ""," + ""lang":"" + var_lang + ""}": null&#xD;
&#xD;
2019-12-17 11:10:18 - [TEST_STEP][PASSED] - out.println(body): null&#xD;
&#xD;
2019-12-17 11:10:18 - [TEST_STEP][PASSED] - request = findTestObject("E_Wallet/obj_updateBilling2"): null&#xD;
&#xD;
2019-12-17 11:10:18 - [TEST_STEP][PASSED] - request.setBodyContent(new com.kms.katalon.core.testobject.impl.HttpTextBodyContent(body, UTF-8, application/json)): null&#xD;
&#xD;
2019-12-17 11:10:18 - [TEST_STEP][PASSED] - if (var_customer_token == 0): null&#xD;
&#xD;
2019-12-17 11:10:18 - [TEST_STEP][PASSED] - else: null&#xD;
&#xD;
2019-12-17 11:10:18 - [TEST_STEP][PASSED] - out.println("using access_token = " + access_token_customer): null&#xD;
&#xD;
2019-12-17 11:10:18 - [TEST_STEP][PASSED] - listQuery = new java.util.ArrayList(): null&#xD;
&#xD;
2019-12-17 11:10:18 - [TEST_STEP][PASSED] - listQuery.add(new com.kms.katalon.core.testobject.TestObjectProperty(token, com.kms.katalon.core.testobject.ConditionType.EQUALS, internal.GlobalVariable.access_token_customer)): null&#xD;
&#xD;
2019-12-17 11:10:18 - [TEST_STEP][PASSED] - request.setRestParameters(listQuery): null&#xD;
&#xD;
2019-12-17 11:10:18 - [TEST_STEP][PASSED] - response = sendRequest(request): Send request successfully&#xD;
&#xD;
2019-12-17 11:10:18 - [MESSAGE][INFO] - HAR: D:\katalon-ewallet\Reports\E_Wallet\TS_updateBilling\TS_updateBillingUpdateSendNotif\20191217_111009\requests\main\20.har&#xD;
&#xD;
2019-12-17 11:10:18 - [MESSAGE][PASSED] - Send request successfully&#xD;
&#xD;
2019-12-17 11:10:18 - [TEST_STEP][PASSED] - a = &lt;not implemented yet for class: org.codehaus.groovy.ast.expr.EmptyExpression&gt;: null&#xD;
&#xD;
2019-12-17 11:10:18 - [TEST_STEP][PASSED] - headerProps = request.getHttpHeaderProperties(): null&#xD;
&#xD;
2019-12-17 11:10:18 - [TEST_STEP][PASSED] - for ([a = 0, a &lt; headerProps.size(), (a++)]): null&#xD;
&#xD;
2019-12-17 11:10:18 - [TEST_STEP][PASSED] - println(get(a).getName() + ": " + get(a).getValue()): null&#xD;
&#xD;
2019-12-17 11:10:18 - [TEST_STEP][PASSED] - println(get(a).getName() + ": " + get(a).getValue()): null&#xD;
&#xD;
2019-12-17 11:10:18 - [TEST_STEP][PASSED] - println(get(a).getName() + ": " + get(a).getValue()): null&#xD;
&#xD;
2019-12-17 11:10:18 - [TEST_STEP][PASSED] - body_content = responseBodyContent: null&#xD;
&#xD;
2019-12-17 11:10:18 - [TEST_STEP][PASSED] - status_code = statusCode: null&#xD;
&#xD;
2019-12-17 11:10:18 - [TEST_STEP][PASSED] - respDataMap = JsonSlurper().parseText(body_content): null&#xD;
&#xD;
2019-12-17 11:10:18 - [TEST_STEP][PASSED] - out.println(respDataMap): null&#xD;
&#xD;
2019-12-17 11:10:18 - [TEST_STEP][PASSED] - rc_ref = ReturnCodeWrapper(var_expected_rc).getEnumRC(): null&#xD;
&#xD;
2019-12-17 11:10:18 - [TEST_STEP][PASSED] - out.println(var_expected_rc): null&#xD;
&#xD;
2019-12-17 11:10:18 - [TEST_STEP][PASSED] - out.println(rc_ref.getRCName()): null&#xD;
&#xD;
2019-12-17 11:10:18 - [TEST_STEP][PASSED] - out.println(rc_ref.getHttpResponse()): null&#xD;
&#xD;
2019-12-17 11:10:18 - [TEST_STEP][FAILED] - result = verifyEqual(response_code, rc_ref.getRCName()): Unable to verify equal between actual object 'RC22' and expected object 'RC00' (Root cause: com.kms.katalon.core.exception.StepFailedException: Actual object 'RC22' and expected object 'RC00' are not equal&#xD;
	at com.kms.katalon.core.keyword.builtin.VerifyEqualKeyword$_verifyEqual_closure1.doCall(VerifyEqualKeyword.groovy:58)&#xD;
	at com.kms.katalon.core.keyword.builtin.VerifyEqualKeyword$_verifyEqual_closure1.call(VerifyEqualKeyword.groovy)&#xD;
	at com.kms.katalon.core.keyword.internal.KeywordMain.runKeyword(KeywordMain.groovy:68)&#xD;
	at com.kms.katalon.core.keyword.builtin.VerifyEqualKeyword.verifyEqual(VerifyEqualKeyword.groovy:63)&#xD;
	at com.kms.katalon.core.keyword.builtin.VerifyEqualKeyword.execute(VerifyEqualKeyword.groovy:44)&#xD;
	at com.kms.katalon.core.keyword.internal.KeywordExecutor.executeKeywordForPlatform(KeywordExecutor.groovy:56)&#xD;
	at com.kms.katalon.core.keyword.BuiltinKeywords.verifyEqual(BuiltinKeywords.groovy:141)&#xD;
	at TC_updateBillingUpdateSendNotif.run(TC_updateBillingUpdateSendNotif:104)&#xD;
	at com.kms.katalon.core.main.ScriptEngine.run(ScriptEngine.java:194)&#xD;
	at com.kms.katalon.core.main.ScriptEngine.runScriptAsRawText(ScriptEngine.java:119)&#xD;
	at com.kms.katalon.core.main.TestCaseExecutor.runScript(TestCaseExecutor.java:337)&#xD;
	at com.kms.katalon.core.main.TestCaseExecutor.doExecute(TestCaseExecutor.java:328)&#xD;
	at com.kms.katalon.core.main.TestCaseExecutor.processExecutionPhase(TestCaseExecutor.java:307)&#xD;
	at com.kms.katalon.core.main.TestCaseExecutor.accessMainPhase(TestCaseExecutor.java:299)&#xD;
	at com.kms.katalon.core.main.TestCaseExecutor.execute(TestCaseExecutor.java:233)&#xD;
	at com.kms.katalon.core.main.TestSuiteExecutor.accessTestCaseMainPhase(TestSuiteExecutor.java:133)&#xD;
	at com.kms.katalon.core.main.TestSuiteExecutor.accessTestSuiteMainPhase(TestSuiteExecutor.java:116)&#xD;
	at com.kms.katalon.core.main.TestSuiteExecutor.execute(TestSuiteExecutor.java:83)&#xD;
	at com.kms.katalon.core.main.TestCaseMain.startTestSuite(TestCaseMain.java:157)&#xD;
	at com.kms.katalon.core.main.TestCaseMain$startTestSuite$0.call(Unknown Source)&#xD;
	at TempTestSuite1576555809646.run(TempTestSuite1576555809646.groovy:35)&#xD;
)&#xD;
&#xD;
2019-12-17 11:10:18 - [MESSAGE][FAILED] - Unable to verify equal between actual object 'RC22' and expected object 'RC00' (Root cause: com.kms.katalon.core.exception.StepFailedException: Actual object 'RC22' and expected object 'RC00' are not equal&#xD;
	at com.kms.katalon.core.keyword.builtin.VerifyEqualKeyword$_verifyEqual_closure1.doCall(VerifyEqualKeyword.groovy:58)&#xD;
	at com.kms.katalon.core.keyword.builtin.VerifyEqualKeyword$_verifyEqual_closure1.call(VerifyEqualKeyword.groovy)&#xD;
	at com.kms.katalon.core.keyword.internal.KeywordMain.runKeyword(KeywordMain.groovy:68)&#xD;
	at com.kms.katalon.core.keyword.builtin.VerifyEqualKeyword.verifyEqual(VerifyEqualKeyword.groovy:63)&#xD;
	at com.kms.katalon.core.keyword.builtin.VerifyEqualKeyword.execute(VerifyEqualKeyword.groovy:44)&#xD;
	at com.kms.katalon.core.keyword.internal.KeywordExecutor.executeKeywordForPlatform(KeywordExecutor.groovy:56)&#xD;
	at com.kms.katalon.core.keyword.BuiltinKeywords.verifyEqual(BuiltinKeywords.groovy:141)&#xD;
	at TC_updateBillingUpdateSendNotif.run(TC_updateBillingUpdateSendNotif:104)&#xD;
	at com.kms.katalon.core.main.ScriptEngine.run(ScriptEngine.java:194)&#xD;
	at com.kms.katalon.core.main.ScriptEngine.runScriptAsRawText(ScriptEngine.java:119)&#xD;
	at com.kms.katalon.core.main.TestCaseExecutor.runScript(TestCaseExecutor.java:337)&#xD;
	at com.kms.katalon.core.main.TestCaseExecutor.doExecute(TestCaseExecutor.java:328)&#xD;
	at com.kms.katalon.core.main.TestCaseExecutor.processExecutionPhase(TestCaseExecutor.java:307)&#xD;
	at com.kms.katalon.core.main.TestCaseExecutor.accessMainPhase(TestCaseExecutor.java:299)&#xD;
	at com.kms.katalon.core.main.TestCaseExecutor.execute(TestCaseExecutor.java:233)&#xD;
	at com.kms.katalon.core.main.TestSuiteExecutor.accessTestCaseMainPhase(TestSuiteExecutor.java:133)&#xD;
	at com.kms.katalon.core.main.TestSuiteExecutor.accessTestSuiteMainPhase(TestSuiteExecutor.java:116)&#xD;
	at com.kms.katalon.core.main.TestSuiteExecutor.execute(TestSuiteExecutor.java:83)&#xD;
	at com.kms.katalon.core.main.TestCaseMain.startTestSuite(TestCaseMain.java:157)&#xD;
	at com.kms.katalon.core.main.TestCaseMain$startTestSuite$0.call(Unknown Source)&#xD;
	at TempTestSuite1576555809646.run(TempTestSuite1576555809646.groovy:35)&#xD;
)</system-out>
            <system-err>2019-12-17 11:10:18 - [TEST_CASE][FAILED] - Test Cases/E_Wallet/TC_updateBilling/TC_updateBillingUpdateSendNotif: Test Cases/E_Wallet/TC_updateBilling/TC_updateBillingUpdateSendNotif FAILED.
Reason:
com.kms.katalon.core.exception.StepFailedException: Actual object 'RC22' and expected object 'RC00' are not equal&#xD;
	at com.kms.katalon.core.keyword.builtin.VerifyEqualKeyword$_verifyEqual_closure1.doCall(VerifyEqualKeyword.groovy:58)&#xD;
	at com.kms.katalon.core.keyword.builtin.VerifyEqualKeyword$_verifyEqual_closure1.call(VerifyEqualKeyword.groovy)&#xD;
	at com.kms.katalon.core.keyword.internal.KeywordMain.runKeyword(KeywordMain.groovy:68)&#xD;
	at com.kms.katalon.core.keyword.builtin.VerifyEqualKeyword.verifyEqual(VerifyEqualKeyword.groovy:63)&#xD;
	at com.kms.katalon.core.keyword.builtin.VerifyEqualKeyword.execute(VerifyEqualKeyword.groovy:44)&#xD;
	at com.kms.katalon.core.keyword.internal.KeywordExecutor.executeKeywordForPlatform(KeywordExecutor.groovy:56)&#xD;
	at com.kms.katalon.core.keyword.BuiltinKeywords.verifyEqual(BuiltinKeywords.groovy:141)&#xD;
	at TC_updateBillingUpdateSendNotif.run(TC_updateBillingUpdateSendNotif:104)&#xD;
	at com.kms.katalon.core.main.ScriptEngine.run(ScriptEngine.java:194)&#xD;
	at com.kms.katalon.core.main.ScriptEngine.runScriptAsRawText(ScriptEngine.java:119)&#xD;
	at com.kms.katalon.core.main.TestCaseExecutor.runScript(TestCaseExecutor.java:337)&#xD;
	at com.kms.katalon.core.main.TestCaseExecutor.doExecute(TestCaseExecutor.java:328)&#xD;
	at com.kms.katalon.core.main.TestCaseExecutor.processExecutionPhase(TestCaseExecutor.java:307)&#xD;
	at com.kms.katalon.core.main.TestCaseExecutor.accessMainPhase(TestCaseExecutor.java:299)&#xD;
	at com.kms.katalon.core.main.TestCaseExecutor.execute(TestCaseExecutor.java:233)&#xD;
	at com.kms.katalon.core.main.TestSuiteExecutor.accessTestCaseMainPhase(TestSuiteExecutor.java:133)&#xD;
	at com.kms.katalon.core.main.TestSuiteExecutor.accessTestSuiteMainPhase(TestSuiteExecutor.java:116)&#xD;
	at com.kms.katalon.core.main.TestSuiteExecutor.execute(TestSuiteExecutor.java:83)&#xD;
	at com.kms.katalon.core.main.TestCaseMain.startTestSuite(TestCaseMain.java:157)&#xD;
	at com.kms.katalon.core.main.TestCaseMain$startTestSuite$0.call(Unknown Source)&#xD;
	at TempTestSuite1576555809646.run(TempTestSuite1576555809646.groovy:35)</system-err>
        </testcase>
        <testcase name="Test Cases/E_Wallet/TC_updateBilling/TC_updateBillingUpdateSendNotif" classname="Test Cases/E_Wallet/TC_updateBilling/TC_updateBillingUpdateSendNotif" status="PASSED">
            <system-out>2019-12-17 11:10:18 - [TEST_CASE][PASSED] - Test Cases/E_Wallet/TC_updateBilling/TC_updateBillingUpdateSendNotif: Test Cases/E_Wallet/TC_updateBilling/TC_updateBillingUpdateSendNotif&#xD;
&#xD;
2019-12-17 11:10:18 - [TEST_STEP][PASSED] - plain = "{" + ""user_agent":"" + var_user_agent + ""," + ""billing_id":"" + var_billing_id + ""," + ""amount":"" + var_amount + ""," + ""billing_status":"" + var_billing_status + ""," + ""verified_flag":"" + var_verified_flag + ""," + ""wallet_id":"" + var_wallet_id + ""," + ""billing_ref1":"" + var_billing_ref1 + ""," + ""billing_ref2":"" + var_billing_ref2 + ""," + ""billing_ref3":"" + var_billing_ref3 + ""}": null&#xD;
&#xD;
2019-12-17 11:10:18 - [TEST_STEP][PASSED] - out.println(plain): null&#xD;
&#xD;
2019-12-17 11:10:18 - [TEST_STEP][PASSED] - out.println("var_customer_token" + var_customer_token): null&#xD;
&#xD;
2019-12-17 11:10:18 - [TEST_STEP][PASSED] - out.println("var_partner_token" + var_partner_token): null&#xD;
&#xD;
2019-12-17 11:10:18 - [TEST_STEP][PASSED] - encipheredData = SecureUtils.encryptAesEwallet(plain, var_aes_key): null&#xD;
&#xD;
2019-12-17 11:10:18 - [TEST_STEP][PASSED] - body = "{"organisation_id":"" + var_organisation_id + ""," + ""data":"" + encipheredData + ""," + ""lang":"" + var_lang + ""}": null&#xD;
&#xD;
2019-12-17 11:10:18 - [TEST_STEP][PASSED] - out.println(body): null&#xD;
&#xD;
2019-12-17 11:10:18 - [TEST_STEP][PASSED] - request = findTestObject("E_Wallet/obj_updateBilling2"): null&#xD;
&#xD;
2019-12-17 11:10:18 - [TEST_STEP][PASSED] - request.setBodyContent(new com.kms.katalon.core.testobject.impl.HttpTextBodyContent(body, UTF-8, application/json)): null&#xD;
&#xD;
2019-12-17 11:10:18 - [TEST_STEP][PASSED] - if (var_customer_token == 0): null&#xD;
&#xD;
2019-12-17 11:10:18 - [TEST_STEP][PASSED] - else: null&#xD;
&#xD;
2019-12-17 11:10:18 - [TEST_STEP][PASSED] - out.println("using access_token = " + access_token_customer): null&#xD;
&#xD;
2019-12-17 11:10:18 - [TEST_STEP][PASSED] - listQuery = new java.util.ArrayList(): null&#xD;
&#xD;
2019-12-17 11:10:18 - [TEST_STEP][PASSED] - listQuery.add(new com.kms.katalon.core.testobject.TestObjectProperty(token, com.kms.katalon.core.testobject.ConditionType.EQUALS, internal.GlobalVariable.access_token_customer)): null&#xD;
&#xD;
2019-12-17 11:10:18 - [TEST_STEP][PASSED] - request.setRestParameters(listQuery): null&#xD;
&#xD;
2019-12-17 11:10:18 - [TEST_STEP][PASSED] - response = sendRequest(request): Send request successfully&#xD;
&#xD;
2019-12-17 11:10:19 - [MESSAGE][INFO] - HAR: D:\katalon-ewallet\Reports\E_Wallet\TS_updateBilling\TS_updateBillingUpdateSendNotif\20191217_111009\requests\main\21.har&#xD;
&#xD;
2019-12-17 11:10:19 - [MESSAGE][PASSED] - Send request successfully&#xD;
&#xD;
2019-12-17 11:10:19 - [TEST_STEP][PASSED] - a = &lt;not implemented yet for class: org.codehaus.groovy.ast.expr.EmptyExpression&gt;: null&#xD;
&#xD;
2019-12-17 11:10:19 - [TEST_STEP][PASSED] - headerProps = request.getHttpHeaderProperties(): null&#xD;
&#xD;
2019-12-17 11:10:19 - [TEST_STEP][PASSED] - for ([a = 0, a &lt; headerProps.size(), (a++)]): null&#xD;
&#xD;
2019-12-17 11:10:19 - [TEST_STEP][PASSED] - println(get(a).getName() + ": " + get(a).getValue()): null&#xD;
&#xD;
2019-12-17 11:10:19 - [TEST_STEP][PASSED] - println(get(a).getName() + ": " + get(a).getValue()): null&#xD;
&#xD;
2019-12-17 11:10:19 - [TEST_STEP][PASSED] - println(get(a).getName() + ": " + get(a).getValue()): null&#xD;
&#xD;
2019-12-17 11:10:19 - [TEST_STEP][PASSED] - body_content = responseBodyContent: null&#xD;
&#xD;
2019-12-17 11:10:19 - [TEST_STEP][PASSED] - status_code = statusCode: null&#xD;
&#xD;
2019-12-17 11:10:19 - [TEST_STEP][PASSED] - respDataMap = JsonSlurper().parseText(body_content): null&#xD;
&#xD;
2019-12-17 11:10:19 - [TEST_STEP][PASSED] - out.println(respDataMap): null&#xD;
&#xD;
2019-12-17 11:10:19 - [TEST_STEP][PASSED] - rc_ref = ReturnCodeWrapper(var_expected_rc).getEnumRC(): null&#xD;
&#xD;
2019-12-17 11:10:19 - [TEST_STEP][PASSED] - out.println(var_expected_rc): null&#xD;
&#xD;
2019-12-17 11:10:19 - [TEST_STEP][PASSED] - out.println(rc_ref.getRCName()): null&#xD;
&#xD;
2019-12-17 11:10:19 - [TEST_STEP][PASSED] - out.println(rc_ref.getHttpResponse()): null&#xD;
&#xD;
2019-12-17 11:10:19 - [TEST_STEP][PASSED] - result = verifyEqual(response_code, rc_ref.getRCName()): Actual object 'RC01' and expected object 'RC01' are equal&#xD;
&#xD;
2019-12-17 11:10:19 - [MESSAGE][PASSED] - Actual object 'RC01' and expected object 'RC01' are equal&#xD;
&#xD;
2019-12-17 11:10:19 - [TEST_STEP][PASSED] - if (result == false): null&#xD;
&#xD;
2019-12-17 11:10:19 - [TEST_STEP][PASSED] - else: null&#xD;
&#xD;
2019-12-17 11:10:19 - [TEST_STEP][PASSED] - verifyEqual(statusCode, rc_ref.getHttpResponse()): Actual object '400' and expected object '400' are equal&#xD;
&#xD;
2019-12-17 11:10:19 - [MESSAGE][PASSED] - Actual object '400' and expected object '400' are equal&#xD;
&#xD;
2019-12-17 11:10:19 - [TEST_STEP][PASSED] - if (rc_ref == RC00): null</system-out>
            <system-err></system-err>
        </testcase>
        <testcase name="Test Cases/E_Wallet/TC_updateBilling/TC_updateBillingUpdateSendNotif" classname="Test Cases/E_Wallet/TC_updateBilling/TC_updateBillingUpdateSendNotif" status="PASSED">
            <system-out>2019-12-17 11:10:19 - [TEST_CASE][PASSED] - Test Cases/E_Wallet/TC_updateBilling/TC_updateBillingUpdateSendNotif: Test Cases/E_Wallet/TC_updateBilling/TC_updateBillingUpdateSendNotif&#xD;
&#xD;
2019-12-17 11:10:19 - [TEST_STEP][PASSED] - plain = "{" + ""user_agent":"" + var_user_agent + ""," + ""billing_id":"" + var_billing_id + ""," + ""amount":"" + var_amount + ""," + ""billing_status":"" + var_billing_status + ""," + ""verified_flag":"" + var_verified_flag + ""," + ""wallet_id":"" + var_wallet_id + ""," + ""billing_ref1":"" + var_billing_ref1 + ""," + ""billing_ref2":"" + var_billing_ref2 + ""," + ""billing_ref3":"" + var_billing_ref3 + ""}": null&#xD;
&#xD;
2019-12-17 11:10:19 - [TEST_STEP][PASSED] - out.println(plain): null&#xD;
&#xD;
2019-12-17 11:10:19 - [TEST_STEP][PASSED] - out.println("var_customer_token" + var_customer_token): null&#xD;
&#xD;
2019-12-17 11:10:19 - [TEST_STEP][PASSED] - out.println("var_partner_token" + var_partner_token): null&#xD;
&#xD;
2019-12-17 11:10:19 - [TEST_STEP][PASSED] - encipheredData = SecureUtils.encryptAesEwallet(plain, var_aes_key): null&#xD;
&#xD;
2019-12-17 11:10:19 - [TEST_STEP][PASSED] - body = "{"organisation_id":"" + var_organisation_id + ""," + ""data":"" + encipheredData + ""," + ""lang":"" + var_lang + ""}": null&#xD;
&#xD;
2019-12-17 11:10:19 - [TEST_STEP][PASSED] - out.println(body): null&#xD;
&#xD;
2019-12-17 11:10:19 - [TEST_STEP][PASSED] - request = findTestObject("E_Wallet/obj_updateBilling2"): null&#xD;
&#xD;
2019-12-17 11:10:19 - [TEST_STEP][PASSED] - request.setBodyContent(new com.kms.katalon.core.testobject.impl.HttpTextBodyContent(body, UTF-8, application/json)): null&#xD;
&#xD;
2019-12-17 11:10:19 - [TEST_STEP][PASSED] - if (var_customer_token == 0): null&#xD;
&#xD;
2019-12-17 11:10:19 - [TEST_STEP][PASSED] - else: null&#xD;
&#xD;
2019-12-17 11:10:19 - [TEST_STEP][PASSED] - out.println("using access_token = " + access_token_customer): null&#xD;
&#xD;
2019-12-17 11:10:19 - [TEST_STEP][PASSED] - listQuery = new java.util.ArrayList(): null&#xD;
&#xD;
2019-12-17 11:10:19 - [TEST_STEP][PASSED] - listQuery.add(new com.kms.katalon.core.testobject.TestObjectProperty(token, com.kms.katalon.core.testobject.ConditionType.EQUALS, internal.GlobalVariable.access_token_customer)): null&#xD;
&#xD;
2019-12-17 11:10:19 - [TEST_STEP][PASSED] - request.setRestParameters(listQuery): null&#xD;
&#xD;
2019-12-17 11:10:19 - [TEST_STEP][PASSED] - response = sendRequest(request): Send request successfully&#xD;
&#xD;
2019-12-17 11:10:19 - [MESSAGE][INFO] - HAR: D:\katalon-ewallet\Reports\E_Wallet\TS_updateBilling\TS_updateBillingUpdateSendNotif\20191217_111009\requests\main\22.har&#xD;
&#xD;
2019-12-17 11:10:19 - [MESSAGE][PASSED] - Send request successfully&#xD;
&#xD;
2019-12-17 11:10:19 - [TEST_STEP][PASSED] - a = &lt;not implemented yet for class: org.codehaus.groovy.ast.expr.EmptyExpression&gt;: null&#xD;
&#xD;
2019-12-17 11:10:19 - [TEST_STEP][PASSED] - headerProps = request.getHttpHeaderProperties(): null&#xD;
&#xD;
2019-12-17 11:10:19 - [TEST_STEP][PASSED] - for ([a = 0, a &lt; headerProps.size(), (a++)]): null&#xD;
&#xD;
2019-12-17 11:10:19 - [TEST_STEP][PASSED] - println(get(a).getName() + ": " + get(a).getValue()): null&#xD;
&#xD;
2019-12-17 11:10:19 - [TEST_STEP][PASSED] - println(get(a).getName() + ": " + get(a).getValue()): null&#xD;
&#xD;
2019-12-17 11:10:19 - [TEST_STEP][PASSED] - println(get(a).getName() + ": " + get(a).getValue()): null&#xD;
&#xD;
2019-12-17 11:10:19 - [TEST_STEP][PASSED] - body_content = responseBodyContent: null&#xD;
&#xD;
2019-12-17 11:10:19 - [TEST_STEP][PASSED] - status_code = statusCode: null&#xD;
&#xD;
2019-12-17 11:10:19 - [TEST_STEP][PASSED] - respDataMap = JsonSlurper().parseText(body_content): null&#xD;
&#xD;
2019-12-17 11:10:19 - [TEST_STEP][PASSED] - out.println(respDataMap): null&#xD;
&#xD;
2019-12-17 11:10:19 - [TEST_STEP][PASSED] - rc_ref = ReturnCodeWrapper(var_expected_rc).getEnumRC(): null&#xD;
&#xD;
2019-12-17 11:10:19 - [TEST_STEP][PASSED] - out.println(var_expected_rc): null&#xD;
&#xD;
2019-12-17 11:10:19 - [TEST_STEP][PASSED] - out.println(rc_ref.getRCName()): null&#xD;
&#xD;
2019-12-17 11:10:19 - [TEST_STEP][PASSED] - out.println(rc_ref.getHttpResponse()): null&#xD;
&#xD;
2019-12-17 11:10:19 - [TEST_STEP][PASSED] - result = verifyEqual(response_code, rc_ref.getRCName()): Actual object 'RC01' and expected object 'RC01' are equal&#xD;
&#xD;
2019-12-17 11:10:19 - [MESSAGE][PASSED] - Actual object 'RC01' and expected object 'RC01' are equal&#xD;
&#xD;
2019-12-17 11:10:19 - [TEST_STEP][PASSED] - if (result == false): null&#xD;
&#xD;
2019-12-17 11:10:19 - [TEST_STEP][PASSED] - else: null&#xD;
&#xD;
2019-12-17 11:10:19 - [TEST_STEP][PASSED] - verifyEqual(statusCode, rc_ref.getHttpResponse()): Actual object '400' and expected object '400' are equal&#xD;
&#xD;
2019-12-17 11:10:19 - [MESSAGE][PASSED] - Actual object '400' and expected object '400' are equal&#xD;
&#xD;
2019-12-17 11:10:19 - [TEST_STEP][PASSED] - if (rc_ref == RC00): null</system-out>
            <system-err></system-err>
        </testcase>
        <testcase name="Test Cases/E_Wallet/TC_updateBilling/TC_updateBillingUpdateSendNotif" classname="Test Cases/E_Wallet/TC_updateBilling/TC_updateBillingUpdateSendNotif" status="PASSED">
            <system-out>2019-12-17 11:10:19 - [TEST_CASE][PASSED] - Test Cases/E_Wallet/TC_updateBilling/TC_updateBillingUpdateSendNotif: Test Cases/E_Wallet/TC_updateBilling/TC_updateBillingUpdateSendNotif&#xD;
&#xD;
2019-12-17 11:10:19 - [TEST_STEP][PASSED] - plain = "{" + ""user_agent":"" + var_user_agent + ""," + ""billing_id":"" + var_billing_id + ""," + ""amount":"" + var_amount + ""," + ""billing_status":"" + var_billing_status + ""," + ""verified_flag":"" + var_verified_flag + ""," + ""wallet_id":"" + var_wallet_id + ""," + ""billing_ref1":"" + var_billing_ref1 + ""," + ""billing_ref2":"" + var_billing_ref2 + ""," + ""billing_ref3":"" + var_billing_ref3 + ""}": null&#xD;
&#xD;
2019-12-17 11:10:19 - [TEST_STEP][PASSED] - out.println(plain): null&#xD;
&#xD;
2019-12-17 11:10:19 - [TEST_STEP][PASSED] - out.println("var_customer_token" + var_customer_token): null&#xD;
&#xD;
2019-12-17 11:10:19 - [TEST_STEP][PASSED] - out.println("var_partner_token" + var_partner_token): null&#xD;
&#xD;
2019-12-17 11:10:19 - [TEST_STEP][PASSED] - encipheredData = SecureUtils.encryptAesEwallet(plain, var_aes_key): null&#xD;
&#xD;
2019-12-17 11:10:19 - [TEST_STEP][PASSED] - body = "{"organisation_id":"" + var_organisation_id + ""," + ""data":"" + encipheredData + ""," + ""lang":"" + var_lang + ""}": null&#xD;
&#xD;
2019-12-17 11:10:19 - [TEST_STEP][PASSED] - out.println(body): null&#xD;
&#xD;
2019-12-17 11:10:19 - [TEST_STEP][PASSED] - request = findTestObject("E_Wallet/obj_updateBilling2"): null&#xD;
&#xD;
2019-12-17 11:10:19 - [TEST_STEP][PASSED] - request.setBodyContent(new com.kms.katalon.core.testobject.impl.HttpTextBodyContent(body, UTF-8, application/json)): null&#xD;
&#xD;
2019-12-17 11:10:19 - [TEST_STEP][PASSED] - if (var_customer_token == 0): null&#xD;
&#xD;
2019-12-17 11:10:19 - [TEST_STEP][PASSED] - else: null&#xD;
&#xD;
2019-12-17 11:10:19 - [TEST_STEP][PASSED] - out.println("using access_token = " + access_token_customer): null&#xD;
&#xD;
2019-12-17 11:10:19 - [TEST_STEP][PASSED] - listQuery = new java.util.ArrayList(): null&#xD;
&#xD;
2019-12-17 11:10:19 - [TEST_STEP][PASSED] - listQuery.add(new com.kms.katalon.core.testobject.TestObjectProperty(token, com.kms.katalon.core.testobject.ConditionType.EQUALS, internal.GlobalVariable.access_token_customer)): null&#xD;
&#xD;
2019-12-17 11:10:19 - [TEST_STEP][PASSED] - request.setRestParameters(listQuery): null&#xD;
&#xD;
2019-12-17 11:10:19 - [TEST_STEP][PASSED] - response = sendRequest(request): Send request successfully&#xD;
&#xD;
2019-12-17 11:10:19 - [MESSAGE][INFO] - HAR: D:\katalon-ewallet\Reports\E_Wallet\TS_updateBilling\TS_updateBillingUpdateSendNotif\20191217_111009\requests\main\23.har&#xD;
&#xD;
2019-12-17 11:10:19 - [MESSAGE][PASSED] - Send request successfully&#xD;
&#xD;
2019-12-17 11:10:19 - [TEST_STEP][PASSED] - a = &lt;not implemented yet for class: org.codehaus.groovy.ast.expr.EmptyExpression&gt;: null&#xD;
&#xD;
2019-12-17 11:10:19 - [TEST_STEP][PASSED] - headerProps = request.getHttpHeaderProperties(): null&#xD;
&#xD;
2019-12-17 11:10:19 - [TEST_STEP][PASSED] - for ([a = 0, a &lt; headerProps.size(), (a++)]): null&#xD;
&#xD;
2019-12-17 11:10:19 - [TEST_STEP][PASSED] - println(get(a).getName() + ": " + get(a).getValue()): null&#xD;
&#xD;
2019-12-17 11:10:19 - [TEST_STEP][PASSED] - println(get(a).getName() + ": " + get(a).getValue()): null&#xD;
&#xD;
2019-12-17 11:10:19 - [TEST_STEP][PASSED] - println(get(a).getName() + ": " + get(a).getValue()): null&#xD;
&#xD;
2019-12-17 11:10:19 - [TEST_STEP][PASSED] - body_content = responseBodyContent: null&#xD;
&#xD;
2019-12-17 11:10:19 - [TEST_STEP][PASSED] - status_code = statusCode: null&#xD;
&#xD;
2019-12-17 11:10:19 - [TEST_STEP][PASSED] - respDataMap = JsonSlurper().parseText(body_content): null&#xD;
&#xD;
2019-12-17 11:10:19 - [TEST_STEP][PASSED] - out.println(respDataMap): null&#xD;
&#xD;
2019-12-17 11:10:19 - [TEST_STEP][PASSED] - rc_ref = ReturnCodeWrapper(var_expected_rc).getEnumRC(): null&#xD;
&#xD;
2019-12-17 11:10:19 - [TEST_STEP][PASSED] - out.println(var_expected_rc): null&#xD;
&#xD;
2019-12-17 11:10:19 - [TEST_STEP][PASSED] - out.println(rc_ref.getRCName()): null&#xD;
&#xD;
2019-12-17 11:10:19 - [TEST_STEP][PASSED] - out.println(rc_ref.getHttpResponse()): null&#xD;
&#xD;
2019-12-17 11:10:19 - [TEST_STEP][PASSED] - result = verifyEqual(response_code, rc_ref.getRCName()): Actual object 'RC01' and expected object 'RC01' are equal&#xD;
&#xD;
2019-12-17 11:10:19 - [MESSAGE][PASSED] - Actual object 'RC01' and expected object 'RC01' are equal&#xD;
&#xD;
2019-12-17 11:10:19 - [TEST_STEP][PASSED] - if (result == false): null&#xD;
&#xD;
2019-12-17 11:10:19 - [TEST_STEP][PASSED] - else: null&#xD;
&#xD;
2019-12-17 11:10:19 - [TEST_STEP][PASSED] - verifyEqual(statusCode, rc_ref.getHttpResponse()): Actual object '400' and expected object '400' are equal&#xD;
&#xD;
2019-12-17 11:10:19 - [MESSAGE][PASSED] - Actual object '400' and expected object '400' are equal&#xD;
&#xD;
2019-12-17 11:10:19 - [TEST_STEP][PASSED] - if (rc_ref == RC00): null</system-out>
            <system-err></system-err>
        </testcase>
        <testcase name="Test Cases/E_Wallet/TC_updateBilling/TC_updateBillingUpdateSendNotif" classname="Test Cases/E_Wallet/TC_updateBilling/TC_updateBillingUpdateSendNotif" status="PASSED">
            <system-out>2019-12-17 11:10:19 - [TEST_CASE][PASSED] - Test Cases/E_Wallet/TC_updateBilling/TC_updateBillingUpdateSendNotif: Test Cases/E_Wallet/TC_updateBilling/TC_updateBillingUpdateSendNotif&#xD;
&#xD;
2019-12-17 11:10:19 - [TEST_STEP][PASSED] - plain = "{" + ""user_agent":"" + var_user_agent + ""," + ""billing_id":"" + var_billing_id + ""," + ""amount":"" + var_amount + ""," + ""billing_status":"" + var_billing_status + ""," + ""verified_flag":"" + var_verified_flag + ""," + ""wallet_id":"" + var_wallet_id + ""," + ""billing_ref1":"" + var_billing_ref1 + ""," + ""billing_ref2":"" + var_billing_ref2 + ""," + ""billing_ref3":"" + var_billing_ref3 + ""}": null&#xD;
&#xD;
2019-12-17 11:10:19 - [TEST_STEP][PASSED] - out.println(plain): null&#xD;
&#xD;
2019-12-17 11:10:19 - [TEST_STEP][PASSED] - out.println("var_customer_token" + var_customer_token): null&#xD;
&#xD;
2019-12-17 11:10:19 - [TEST_STEP][PASSED] - out.println("var_partner_token" + var_partner_token): null&#xD;
&#xD;
2019-12-17 11:10:19 - [TEST_STEP][PASSED] - encipheredData = SecureUtils.encryptAesEwallet(plain, var_aes_key): null&#xD;
&#xD;
2019-12-17 11:10:19 - [TEST_STEP][PASSED] - body = "{"organisation_id":"" + var_organisation_id + ""," + ""data":"" + encipheredData + ""," + ""lang":"" + var_lang + ""}": null&#xD;
&#xD;
2019-12-17 11:10:19 - [TEST_STEP][PASSED] - out.println(body): null&#xD;
&#xD;
2019-12-17 11:10:19 - [TEST_STEP][PASSED] - request = findTestObject("E_Wallet/obj_updateBilling2"): null&#xD;
&#xD;
2019-12-17 11:10:19 - [TEST_STEP][PASSED] - request.setBodyContent(new com.kms.katalon.core.testobject.impl.HttpTextBodyContent(body, UTF-8, application/json)): null&#xD;
&#xD;
2019-12-17 11:10:19 - [TEST_STEP][PASSED] - if (var_customer_token == 0): null&#xD;
&#xD;
2019-12-17 11:10:19 - [TEST_STEP][PASSED] - else: null&#xD;
&#xD;
2019-12-17 11:10:19 - [TEST_STEP][PASSED] - out.println("using access_token = " + access_token_customer): null&#xD;
&#xD;
2019-12-17 11:10:19 - [TEST_STEP][PASSED] - listQuery = new java.util.ArrayList(): null&#xD;
&#xD;
2019-12-17 11:10:19 - [TEST_STEP][PASSED] - listQuery.add(new com.kms.katalon.core.testobject.TestObjectProperty(token, com.kms.katalon.core.testobject.ConditionType.EQUALS, internal.GlobalVariable.access_token_customer)): null&#xD;
&#xD;
2019-12-17 11:10:19 - [TEST_STEP][PASSED] - request.setRestParameters(listQuery): null&#xD;
&#xD;
2019-12-17 11:10:19 - [TEST_STEP][PASSED] - response = sendRequest(request): Send request successfully&#xD;
&#xD;
2019-12-17 11:10:19 - [MESSAGE][INFO] - HAR: D:\katalon-ewallet\Reports\E_Wallet\TS_updateBilling\TS_updateBillingUpdateSendNotif\20191217_111009\requests\main\24.har&#xD;
&#xD;
2019-12-17 11:10:19 - [MESSAGE][PASSED] - Send request successfully&#xD;
&#xD;
2019-12-17 11:10:19 - [TEST_STEP][PASSED] - a = &lt;not implemented yet for class: org.codehaus.groovy.ast.expr.EmptyExpression&gt;: null&#xD;
&#xD;
2019-12-17 11:10:19 - [TEST_STEP][PASSED] - headerProps = request.getHttpHeaderProperties(): null&#xD;
&#xD;
2019-12-17 11:10:19 - [TEST_STEP][PASSED] - for ([a = 0, a &lt; headerProps.size(), (a++)]): null&#xD;
&#xD;
2019-12-17 11:10:19 - [TEST_STEP][PASSED] - println(get(a).getName() + ": " + get(a).getValue()): null&#xD;
&#xD;
2019-12-17 11:10:19 - [TEST_STEP][PASSED] - println(get(a).getName() + ": " + get(a).getValue()): null&#xD;
&#xD;
2019-12-17 11:10:19 - [TEST_STEP][PASSED] - println(get(a).getName() + ": " + get(a).getValue()): null&#xD;
&#xD;
2019-12-17 11:10:19 - [TEST_STEP][PASSED] - body_content = responseBodyContent: null&#xD;
&#xD;
2019-12-17 11:10:19 - [TEST_STEP][PASSED] - status_code = statusCode: null&#xD;
&#xD;
2019-12-17 11:10:19 - [TEST_STEP][PASSED] - respDataMap = JsonSlurper().parseText(body_content): null&#xD;
&#xD;
2019-12-17 11:10:19 - [TEST_STEP][PASSED] - out.println(respDataMap): null&#xD;
&#xD;
2019-12-17 11:10:19 - [TEST_STEP][PASSED] - rc_ref = ReturnCodeWrapper(var_expected_rc).getEnumRC(): null&#xD;
&#xD;
2019-12-17 11:10:19 - [TEST_STEP][PASSED] - out.println(var_expected_rc): null&#xD;
&#xD;
2019-12-17 11:10:19 - [TEST_STEP][PASSED] - out.println(rc_ref.getRCName()): null&#xD;
&#xD;
2019-12-17 11:10:19 - [TEST_STEP][PASSED] - out.println(rc_ref.getHttpResponse()): null&#xD;
&#xD;
2019-12-17 11:10:19 - [TEST_STEP][PASSED] - result = verifyEqual(response_code, rc_ref.getRCName()): Actual object 'RC01' and expected object 'RC01' are equal&#xD;
&#xD;
2019-12-17 11:10:19 - [MESSAGE][PASSED] - Actual object 'RC01' and expected object 'RC01' are equal&#xD;
&#xD;
2019-12-17 11:10:19 - [TEST_STEP][PASSED] - if (result == false): null&#xD;
&#xD;
2019-12-17 11:10:19 - [TEST_STEP][PASSED] - else: null&#xD;
&#xD;
2019-12-17 11:10:19 - [TEST_STEP][PASSED] - verifyEqual(statusCode, rc_ref.getHttpResponse()): Actual object '400' and expected object '400' are equal&#xD;
&#xD;
2019-12-17 11:10:19 - [MESSAGE][PASSED] - Actual object '400' and expected object '400' are equal&#xD;
&#xD;
2019-12-17 11:10:19 - [TEST_STEP][PASSED] - if (rc_ref == RC00): null</system-out>
            <system-err></system-err>
        </testcase>
        <testcase name="Test Cases/E_Wallet/TC_updateBilling/TC_updateBillingUpdateSendNotif" classname="Test Cases/E_Wallet/TC_updateBilling/TC_updateBillingUpdateSendNotif" status="FAILED">
            <failure type="FAILED" message="Test Cases/E_Wallet/TC_updateBilling/TC_updateBillingUpdateSendNotif FAILED.&#xA;Reason:&#xA;com.kms.katalon.core.exception.StepFailedException: Actual object 'RC02' and expected object 'RC00' are not equal&#xD;&#xA;&#x9;at com.kms.katalon.core.keyword.builtin.VerifyEqualKeyword$_verifyEqual_closure1.doCall(VerifyEqualKeyword.groovy:58)&#xD;&#xA;&#x9;at com.kms.katalon.core.keyword.builtin.VerifyEqualKeyword$_verifyEqual_closure1.call(VerifyEqualKeyword.groovy)&#xD;&#xA;&#x9;at com.kms.katalon.core.keyword.internal.KeywordMain.runKeyword(KeywordMain.groovy:68)&#xD;&#xA;&#x9;at com.kms.katalon.core.keyword.builtin.VerifyEqualKeyword.verifyEqual(VerifyEqualKeyword.groovy:63)&#xD;&#xA;&#x9;at com.kms.katalon.core.keyword.builtin.VerifyEqualKeyword.execute(VerifyEqualKeyword.groovy:44)&#xD;&#xA;&#x9;at com.kms.katalon.core.keyword.internal.KeywordExecutor.executeKeywordForPlatform(KeywordExecutor.groovy:56)&#xD;&#xA;&#x9;at com.kms.katalon.core.keyword.BuiltinKeywords.verifyEqual(BuiltinKeywords.groovy:141)&#xD;&#xA;&#x9;at TC_updateBillingUpdateSendNotif.run(TC_updateBillingUpdateSendNotif:104)&#xD;&#xA;&#x9;at com.kms.katalon.core.main.ScriptEngine.run(ScriptEngine.java:194)&#xD;&#xA;&#x9;at com.kms.katalon.core.main.ScriptEngine.runScriptAsRawText(ScriptEngine.java:119)&#xD;&#xA;&#x9;at com.kms.katalon.core.main.TestCaseExecutor.runScript(TestCaseExecutor.java:337)&#xD;&#xA;&#x9;at com.kms.katalon.core.main.TestCaseExecutor.doExecute(TestCaseExecutor.java:328)&#xD;&#xA;&#x9;at com.kms.katalon.core.main.TestCaseExecutor.processExecutionPhase(TestCaseExecutor.java:307)&#xD;&#xA;&#x9;at com.kms.katalon.core.main.TestCaseExecutor.accessMainPhase(TestCaseExecutor.java:299)&#xD;&#xA;&#x9;at com.kms.katalon.core.main.TestCaseExecutor.execute(TestCaseExecutor.java:233)&#xD;&#xA;&#x9;at com.kms.katalon.core.main.TestSuiteExecutor.accessTestCaseMainPhase(TestSuiteExecutor.java:133)&#xD;&#xA;&#x9;at com.kms.katalon.core.main.TestSuiteExecutor.accessTestSuiteMainPhase(TestSuiteExecutor.java:116)&#xD;&#xA;&#x9;at com.kms.katalon.core.main.TestSuiteExecutor.execute(TestSuiteExecutor.java:83)&#xD;&#xA;&#x9;at com.kms.katalon.core.main.TestCaseMain.startTestSuite(TestCaseMain.java:157)&#xD;&#xA;&#x9;at com.kms.katalon.core.main.TestCaseMain$startTestSuite$0.call(Unknown Source)&#xD;&#xA;&#x9;at TempTestSuite1576555809646.run(TempTestSuite1576555809646.groovy:35)&#xD;&#xA;"/>
            <system-out>2019-12-17 11:10:19 - [TEST_CASE][FAILED] - Test Cases/E_Wallet/TC_updateBilling/TC_updateBillingUpdateSendNotif: Test Cases/E_Wallet/TC_updateBilling/TC_updateBillingUpdateSendNotif FAILED.
Reason:
com.kms.katalon.core.exception.StepFailedException: Actual object 'RC02' and expected object 'RC00' are not equal&#xD;
	at com.kms.katalon.core.keyword.builtin.VerifyEqualKeyword$_verifyEqual_closure1.doCall(VerifyEqualKeyword.groovy:58)&#xD;
	at com.kms.katalon.core.keyword.builtin.VerifyEqualKeyword$_verifyEqual_closure1.call(VerifyEqualKeyword.groovy)&#xD;
	at com.kms.katalon.core.keyword.internal.KeywordMain.runKeyword(KeywordMain.groovy:68)&#xD;
	at com.kms.katalon.core.keyword.builtin.VerifyEqualKeyword.verifyEqual(VerifyEqualKeyword.groovy:63)&#xD;
	at com.kms.katalon.core.keyword.builtin.VerifyEqualKeyword.execute(VerifyEqualKeyword.groovy:44)&#xD;
	at com.kms.katalon.core.keyword.internal.KeywordExecutor.executeKeywordForPlatform(KeywordExecutor.groovy:56)&#xD;
	at com.kms.katalon.core.keyword.BuiltinKeywords.verifyEqual(BuiltinKeywords.groovy:141)&#xD;
	at TC_updateBillingUpdateSendNotif.run(TC_updateBillingUpdateSendNotif:104)&#xD;
	at com.kms.katalon.core.main.ScriptEngine.run(ScriptEngine.java:194)&#xD;
	at com.kms.katalon.core.main.ScriptEngine.runScriptAsRawText(ScriptEngine.java:119)&#xD;
	at com.kms.katalon.core.main.TestCaseExecutor.runScript(TestCaseExecutor.java:337)&#xD;
	at com.kms.katalon.core.main.TestCaseExecutor.doExecute(TestCaseExecutor.java:328)&#xD;
	at com.kms.katalon.core.main.TestCaseExecutor.processExecutionPhase(TestCaseExecutor.java:307)&#xD;
	at com.kms.katalon.core.main.TestCaseExecutor.accessMainPhase(TestCaseExecutor.java:299)&#xD;
	at com.kms.katalon.core.main.TestCaseExecutor.execute(TestCaseExecutor.java:233)&#xD;
	at com.kms.katalon.core.main.TestSuiteExecutor.accessTestCaseMainPhase(TestSuiteExecutor.java:133)&#xD;
	at com.kms.katalon.core.main.TestSuiteExecutor.accessTestSuiteMainPhase(TestSuiteExecutor.java:116)&#xD;
	at com.kms.katalon.core.main.TestSuiteExecutor.execute(TestSuiteExecutor.java:83)&#xD;
	at com.kms.katalon.core.main.TestCaseMain.startTestSuite(TestCaseMain.java:157)&#xD;
	at com.kms.katalon.core.main.TestCaseMain$startTestSuite$0.call(Unknown Source)&#xD;
	at TempTestSuite1576555809646.run(TempTestSuite1576555809646.groovy:35)&#xD;
&#xD;
&#xD;
2019-12-17 11:10:19 - [TEST_STEP][PASSED] - plain = "{" + ""user_agent":"" + var_user_agent + ""," + ""billing_id":"" + var_billing_id + ""," + ""amount":"" + var_amount + ""," + ""billing_status":"" + var_billing_status + ""," + ""verified_flag":"" + var_verified_flag + ""," + ""wallet_id":"" + var_wallet_id + ""," + ""billing_ref1":"" + var_billing_ref1 + ""," + ""billing_ref2":"" + var_billing_ref2 + ""," + ""billing_ref3":"" + var_billing_ref3 + ""}": null&#xD;
&#xD;
2019-12-17 11:10:19 - [TEST_STEP][PASSED] - out.println(plain): null&#xD;
&#xD;
2019-12-17 11:10:19 - [TEST_STEP][PASSED] - out.println("var_customer_token" + var_customer_token): null&#xD;
&#xD;
2019-12-17 11:10:19 - [TEST_STEP][PASSED] - out.println("var_partner_token" + var_partner_token): null&#xD;
&#xD;
2019-12-17 11:10:19 - [TEST_STEP][PASSED] - encipheredData = SecureUtils.encryptAesEwallet(plain, var_aes_key): null&#xD;
&#xD;
2019-12-17 11:10:19 - [TEST_STEP][PASSED] - body = "{"organisation_id":"" + var_organisation_id + ""," + ""data":"" + encipheredData + ""," + ""lang":"" + var_lang + ""}": null&#xD;
&#xD;
2019-12-17 11:10:19 - [TEST_STEP][PASSED] - out.println(body): null&#xD;
&#xD;
2019-12-17 11:10:19 - [TEST_STEP][PASSED] - request = findTestObject("E_Wallet/obj_updateBilling2"): null&#xD;
&#xD;
2019-12-17 11:10:19 - [TEST_STEP][PASSED] - request.setBodyContent(new com.kms.katalon.core.testobject.impl.HttpTextBodyContent(body, UTF-8, application/json)): null&#xD;
&#xD;
2019-12-17 11:10:19 - [TEST_STEP][PASSED] - if (var_customer_token == 0): null&#xD;
&#xD;
2019-12-17 11:10:19 - [TEST_STEP][PASSED] - else: null&#xD;
&#xD;
2019-12-17 11:10:19 - [TEST_STEP][PASSED] - out.println("using access_token = " + access_token_customer): null&#xD;
&#xD;
2019-12-17 11:10:19 - [TEST_STEP][PASSED] - listQuery = new java.util.ArrayList(): null&#xD;
&#xD;
2019-12-17 11:10:19 - [TEST_STEP][PASSED] - listQuery.add(new com.kms.katalon.core.testobject.TestObjectProperty(token, com.kms.katalon.core.testobject.ConditionType.EQUALS, internal.GlobalVariable.access_token_customer)): null&#xD;
&#xD;
2019-12-17 11:10:19 - [TEST_STEP][PASSED] - request.setRestParameters(listQuery): null&#xD;
&#xD;
2019-12-17 11:10:19 - [TEST_STEP][PASSED] - response = sendRequest(request): Send request successfully&#xD;
&#xD;
2019-12-17 11:10:19 - [MESSAGE][INFO] - HAR: D:\katalon-ewallet\Reports\E_Wallet\TS_updateBilling\TS_updateBillingUpdateSendNotif\20191217_111009\requests\main\25.har&#xD;
&#xD;
2019-12-17 11:10:19 - [MESSAGE][PASSED] - Send request successfully&#xD;
&#xD;
2019-12-17 11:10:19 - [TEST_STEP][PASSED] - a = &lt;not implemented yet for class: org.codehaus.groovy.ast.expr.EmptyExpression&gt;: null&#xD;
&#xD;
2019-12-17 11:10:19 - [TEST_STEP][PASSED] - headerProps = request.getHttpHeaderProperties(): null&#xD;
&#xD;
2019-12-17 11:10:19 - [TEST_STEP][PASSED] - for ([a = 0, a &lt; headerProps.size(), (a++)]): null&#xD;
&#xD;
2019-12-17 11:10:19 - [TEST_STEP][PASSED] - println(get(a).getName() + ": " + get(a).getValue()): null&#xD;
&#xD;
2019-12-17 11:10:19 - [TEST_STEP][PASSED] - println(get(a).getName() + ": " + get(a).getValue()): null&#xD;
&#xD;
2019-12-17 11:10:19 - [TEST_STEP][PASSED] - println(get(a).getName() + ": " + get(a).getValue()): null&#xD;
&#xD;
2019-12-17 11:10:19 - [TEST_STEP][PASSED] - body_content = responseBodyContent: null&#xD;
&#xD;
2019-12-17 11:10:19 - [TEST_STEP][PASSED] - status_code = statusCode: null&#xD;
&#xD;
2019-12-17 11:10:19 - [TEST_STEP][PASSED] - respDataMap = JsonSlurper().parseText(body_content): null&#xD;
&#xD;
2019-12-17 11:10:19 - [TEST_STEP][PASSED] - out.println(respDataMap): null&#xD;
&#xD;
2019-12-17 11:10:19 - [TEST_STEP][PASSED] - rc_ref = ReturnCodeWrapper(var_expected_rc).getEnumRC(): null&#xD;
&#xD;
2019-12-17 11:10:19 - [TEST_STEP][PASSED] - out.println(var_expected_rc): null&#xD;
&#xD;
2019-12-17 11:10:19 - [TEST_STEP][PASSED] - out.println(rc_ref.getRCName()): null&#xD;
&#xD;
2019-12-17 11:10:19 - [TEST_STEP][PASSED] - out.println(rc_ref.getHttpResponse()): null&#xD;
&#xD;
2019-12-17 11:10:19 - [TEST_STEP][FAILED] - result = verifyEqual(response_code, rc_ref.getRCName()): Unable to verify equal between actual object 'RC02' and expected object 'RC00' (Root cause: com.kms.katalon.core.exception.StepFailedException: Actual object 'RC02' and expected object 'RC00' are not equal&#xD;
	at com.kms.katalon.core.keyword.builtin.VerifyEqualKeyword$_verifyEqual_closure1.doCall(VerifyEqualKeyword.groovy:58)&#xD;
	at com.kms.katalon.core.keyword.builtin.VerifyEqualKeyword$_verifyEqual_closure1.call(VerifyEqualKeyword.groovy)&#xD;
	at com.kms.katalon.core.keyword.internal.KeywordMain.runKeyword(KeywordMain.groovy:68)&#xD;
	at com.kms.katalon.core.keyword.builtin.VerifyEqualKeyword.verifyEqual(VerifyEqualKeyword.groovy:63)&#xD;
	at com.kms.katalon.core.keyword.builtin.VerifyEqualKeyword.execute(VerifyEqualKeyword.groovy:44)&#xD;
	at com.kms.katalon.core.keyword.internal.KeywordExecutor.executeKeywordForPlatform(KeywordExecutor.groovy:56)&#xD;
	at com.kms.katalon.core.keyword.BuiltinKeywords.verifyEqual(BuiltinKeywords.groovy:141)&#xD;
	at TC_updateBillingUpdateSendNotif.run(TC_updateBillingUpdateSendNotif:104)&#xD;
	at com.kms.katalon.core.main.ScriptEngine.run(ScriptEngine.java:194)&#xD;
	at com.kms.katalon.core.main.ScriptEngine.runScriptAsRawText(ScriptEngine.java:119)&#xD;
	at com.kms.katalon.core.main.TestCaseExecutor.runScript(TestCaseExecutor.java:337)&#xD;
	at com.kms.katalon.core.main.TestCaseExecutor.doExecute(TestCaseExecutor.java:328)&#xD;
	at com.kms.katalon.core.main.TestCaseExecutor.processExecutionPhase(TestCaseExecutor.java:307)&#xD;
	at com.kms.katalon.core.main.TestCaseExecutor.accessMainPhase(TestCaseExecutor.java:299)&#xD;
	at com.kms.katalon.core.main.TestCaseExecutor.execute(TestCaseExecutor.java:233)&#xD;
	at com.kms.katalon.core.main.TestSuiteExecutor.accessTestCaseMainPhase(TestSuiteExecutor.java:133)&#xD;
	at com.kms.katalon.core.main.TestSuiteExecutor.accessTestSuiteMainPhase(TestSuiteExecutor.java:116)&#xD;
	at com.kms.katalon.core.main.TestSuiteExecutor.execute(TestSuiteExecutor.java:83)&#xD;
	at com.kms.katalon.core.main.TestCaseMain.startTestSuite(TestCaseMain.java:157)&#xD;
	at com.kms.katalon.core.main.TestCaseMain$startTestSuite$0.call(Unknown Source)&#xD;
	at TempTestSuite1576555809646.run(TempTestSuite1576555809646.groovy:35)&#xD;
)&#xD;
&#xD;
2019-12-17 11:10:19 - [MESSAGE][FAILED] - Unable to verify equal between actual object 'RC02' and expected object 'RC00' (Root cause: com.kms.katalon.core.exception.StepFailedException: Actual object 'RC02' and expected object 'RC00' are not equal&#xD;
	at com.kms.katalon.core.keyword.builtin.VerifyEqualKeyword$_verifyEqual_closure1.doCall(VerifyEqualKeyword.groovy:58)&#xD;
	at com.kms.katalon.core.keyword.builtin.VerifyEqualKeyword$_verifyEqual_closure1.call(VerifyEqualKeyword.groovy)&#xD;
	at com.kms.katalon.core.keyword.internal.KeywordMain.runKeyword(KeywordMain.groovy:68)&#xD;
	at com.kms.katalon.core.keyword.builtin.VerifyEqualKeyword.verifyEqual(VerifyEqualKeyword.groovy:63)&#xD;
	at com.kms.katalon.core.keyword.builtin.VerifyEqualKeyword.execute(VerifyEqualKeyword.groovy:44)&#xD;
	at com.kms.katalon.core.keyword.internal.KeywordExecutor.executeKeywordForPlatform(KeywordExecutor.groovy:56)&#xD;
	at com.kms.katalon.core.keyword.BuiltinKeywords.verifyEqual(BuiltinKeywords.groovy:141)&#xD;
	at TC_updateBillingUpdateSendNotif.run(TC_updateBillingUpdateSendNotif:104)&#xD;
	at com.kms.katalon.core.main.ScriptEngine.run(ScriptEngine.java:194)&#xD;
	at com.kms.katalon.core.main.ScriptEngine.runScriptAsRawText(ScriptEngine.java:119)&#xD;
	at com.kms.katalon.core.main.TestCaseExecutor.runScript(TestCaseExecutor.java:337)&#xD;
	at com.kms.katalon.core.main.TestCaseExecutor.doExecute(TestCaseExecutor.java:328)&#xD;
	at com.kms.katalon.core.main.TestCaseExecutor.processExecutionPhase(TestCaseExecutor.java:307)&#xD;
	at com.kms.katalon.core.main.TestCaseExecutor.accessMainPhase(TestCaseExecutor.java:299)&#xD;
	at com.kms.katalon.core.main.TestCaseExecutor.execute(TestCaseExecutor.java:233)&#xD;
	at com.kms.katalon.core.main.TestSuiteExecutor.accessTestCaseMainPhase(TestSuiteExecutor.java:133)&#xD;
	at com.kms.katalon.core.main.TestSuiteExecutor.accessTestSuiteMainPhase(TestSuiteExecutor.java:116)&#xD;
	at com.kms.katalon.core.main.TestSuiteExecutor.execute(TestSuiteExecutor.java:83)&#xD;
	at com.kms.katalon.core.main.TestCaseMain.startTestSuite(TestCaseMain.java:157)&#xD;
	at com.kms.katalon.core.main.TestCaseMain$startTestSuite$0.call(Unknown Source)&#xD;
	at TempTestSuite1576555809646.run(TempTestSuite1576555809646.groovy:35)&#xD;
)</system-out>
            <system-err>2019-12-17 11:10:19 - [TEST_CASE][FAILED] - Test Cases/E_Wallet/TC_updateBilling/TC_updateBillingUpdateSendNotif: Test Cases/E_Wallet/TC_updateBilling/TC_updateBillingUpdateSendNotif FAILED.
Reason:
com.kms.katalon.core.exception.StepFailedException: Actual object 'RC02' and expected object 'RC00' are not equal&#xD;
	at com.kms.katalon.core.keyword.builtin.VerifyEqualKeyword$_verifyEqual_closure1.doCall(VerifyEqualKeyword.groovy:58)&#xD;
	at com.kms.katalon.core.keyword.builtin.VerifyEqualKeyword$_verifyEqual_closure1.call(VerifyEqualKeyword.groovy)&#xD;
	at com.kms.katalon.core.keyword.internal.KeywordMain.runKeyword(KeywordMain.groovy:68)&#xD;
	at com.kms.katalon.core.keyword.builtin.VerifyEqualKeyword.verifyEqual(VerifyEqualKeyword.groovy:63)&#xD;
	at com.kms.katalon.core.keyword.builtin.VerifyEqualKeyword.execute(VerifyEqualKeyword.groovy:44)&#xD;
	at com.kms.katalon.core.keyword.internal.KeywordExecutor.executeKeywordForPlatform(KeywordExecutor.groovy:56)&#xD;
	at com.kms.katalon.core.keyword.BuiltinKeywords.verifyEqual(BuiltinKeywords.groovy:141)&#xD;
	at TC_updateBillingUpdateSendNotif.run(TC_updateBillingUpdateSendNotif:104)&#xD;
	at com.kms.katalon.core.main.ScriptEngine.run(ScriptEngine.java:194)&#xD;
	at com.kms.katalon.core.main.ScriptEngine.runScriptAsRawText(ScriptEngine.java:119)&#xD;
	at com.kms.katalon.core.main.TestCaseExecutor.runScript(TestCaseExecutor.java:337)&#xD;
	at com.kms.katalon.core.main.TestCaseExecutor.doExecute(TestCaseExecutor.java:328)&#xD;
	at com.kms.katalon.core.main.TestCaseExecutor.processExecutionPhase(TestCaseExecutor.java:307)&#xD;
	at com.kms.katalon.core.main.TestCaseExecutor.accessMainPhase(TestCaseExecutor.java:299)&#xD;
	at com.kms.katalon.core.main.TestCaseExecutor.execute(TestCaseExecutor.java:233)&#xD;
	at com.kms.katalon.core.main.TestSuiteExecutor.accessTestCaseMainPhase(TestSuiteExecutor.java:133)&#xD;
	at com.kms.katalon.core.main.TestSuiteExecutor.accessTestSuiteMainPhase(TestSuiteExecutor.java:116)&#xD;
	at com.kms.katalon.core.main.TestSuiteExecutor.execute(TestSuiteExecutor.java:83)&#xD;
	at com.kms.katalon.core.main.TestCaseMain.startTestSuite(TestCaseMain.java:157)&#xD;
	at com.kms.katalon.core.main.TestCaseMain$startTestSuite$0.call(Unknown Source)&#xD;
	at TempTestSuite1576555809646.run(TempTestSuite1576555809646.groovy:35)</system-err>
        </testcase>
        <testcase name="Test Cases/E_Wallet/TC_updateBilling/TC_updateBillingUpdateSendNotif" classname="Test Cases/E_Wallet/TC_updateBilling/TC_updateBillingUpdateSendNotif" status="PASSED">
            <system-out>2019-12-17 11:10:19 - [TEST_CASE][PASSED] - Test Cases/E_Wallet/TC_updateBilling/TC_updateBillingUpdateSendNotif: Test Cases/E_Wallet/TC_updateBilling/TC_updateBillingUpdateSendNotif&#xD;
&#xD;
2019-12-17 11:10:19 - [TEST_STEP][PASSED] - plain = "{" + ""user_agent":"" + var_user_agent + ""," + ""billing_id":"" + var_billing_id + ""," + ""amount":"" + var_amount + ""," + ""billing_status":"" + var_billing_status + ""," + ""verified_flag":"" + var_verified_flag + ""," + ""wallet_id":"" + var_wallet_id + ""," + ""billing_ref1":"" + var_billing_ref1 + ""," + ""billing_ref2":"" + var_billing_ref2 + ""," + ""billing_ref3":"" + var_billing_ref3 + ""}": null&#xD;
&#xD;
2019-12-17 11:10:19 - [TEST_STEP][PASSED] - out.println(plain): null&#xD;
&#xD;
2019-12-17 11:10:19 - [TEST_STEP][PASSED] - out.println("var_customer_token" + var_customer_token): null&#xD;
&#xD;
2019-12-17 11:10:19 - [TEST_STEP][PASSED] - out.println("var_partner_token" + var_partner_token): null&#xD;
&#xD;
2019-12-17 11:10:19 - [TEST_STEP][PASSED] - encipheredData = SecureUtils.encryptAesEwallet(plain, var_aes_key): null&#xD;
&#xD;
2019-12-17 11:10:19 - [TEST_STEP][PASSED] - body = "{"organisation_id":"" + var_organisation_id + ""," + ""data":"" + encipheredData + ""," + ""lang":"" + var_lang + ""}": null&#xD;
&#xD;
2019-12-17 11:10:19 - [TEST_STEP][PASSED] - out.println(body): null&#xD;
&#xD;
2019-12-17 11:10:19 - [TEST_STEP][PASSED] - request = findTestObject("E_Wallet/obj_updateBilling2"): null&#xD;
&#xD;
2019-12-17 11:10:19 - [TEST_STEP][PASSED] - request.setBodyContent(new com.kms.katalon.core.testobject.impl.HttpTextBodyContent(body, UTF-8, application/json)): null&#xD;
&#xD;
2019-12-17 11:10:19 - [TEST_STEP][PASSED] - if (var_customer_token == 0): null&#xD;
&#xD;
2019-12-17 11:10:19 - [TEST_STEP][PASSED] - else: null&#xD;
&#xD;
2019-12-17 11:10:19 - [TEST_STEP][PASSED] - out.println("using access_token = " + access_token_customer): null&#xD;
&#xD;
2019-12-17 11:10:19 - [TEST_STEP][PASSED] - listQuery = new java.util.ArrayList(): null&#xD;
&#xD;
2019-12-17 11:10:19 - [TEST_STEP][PASSED] - listQuery.add(new com.kms.katalon.core.testobject.TestObjectProperty(token, com.kms.katalon.core.testobject.ConditionType.EQUALS, internal.GlobalVariable.access_token_customer)): null&#xD;
&#xD;
2019-12-17 11:10:19 - [TEST_STEP][PASSED] - request.setRestParameters(listQuery): null&#xD;
&#xD;
2019-12-17 11:10:19 - [TEST_STEP][PASSED] - response = sendRequest(request): Send request successfully&#xD;
&#xD;
2019-12-17 11:10:20 - [MESSAGE][INFO] - HAR: D:\katalon-ewallet\Reports\E_Wallet\TS_updateBilling\TS_updateBillingUpdateSendNotif\20191217_111009\requests\main\26.har&#xD;
&#xD;
2019-12-17 11:10:20 - [MESSAGE][PASSED] - Send request successfully&#xD;
&#xD;
2019-12-17 11:10:20 - [TEST_STEP][PASSED] - a = &lt;not implemented yet for class: org.codehaus.groovy.ast.expr.EmptyExpression&gt;: null&#xD;
&#xD;
2019-12-17 11:10:20 - [TEST_STEP][PASSED] - headerProps = request.getHttpHeaderProperties(): null&#xD;
&#xD;
2019-12-17 11:10:20 - [TEST_STEP][PASSED] - for ([a = 0, a &lt; headerProps.size(), (a++)]): null&#xD;
&#xD;
2019-12-17 11:10:20 - [TEST_STEP][PASSED] - println(get(a).getName() + ": " + get(a).getValue()): null&#xD;
&#xD;
2019-12-17 11:10:20 - [TEST_STEP][PASSED] - println(get(a).getName() + ": " + get(a).getValue()): null&#xD;
&#xD;
2019-12-17 11:10:20 - [TEST_STEP][PASSED] - println(get(a).getName() + ": " + get(a).getValue()): null&#xD;
&#xD;
2019-12-17 11:10:20 - [TEST_STEP][PASSED] - body_content = responseBodyContent: null&#xD;
&#xD;
2019-12-17 11:10:20 - [TEST_STEP][PASSED] - status_code = statusCode: null&#xD;
&#xD;
2019-12-17 11:10:20 - [TEST_STEP][PASSED] - respDataMap = JsonSlurper().parseText(body_content): null&#xD;
&#xD;
2019-12-17 11:10:20 - [TEST_STEP][PASSED] - out.println(respDataMap): null&#xD;
&#xD;
2019-12-17 11:10:20 - [TEST_STEP][PASSED] - rc_ref = ReturnCodeWrapper(var_expected_rc).getEnumRC(): null&#xD;
&#xD;
2019-12-17 11:10:20 - [TEST_STEP][PASSED] - out.println(var_expected_rc): null&#xD;
&#xD;
2019-12-17 11:10:20 - [TEST_STEP][PASSED] - out.println(rc_ref.getRCName()): null&#xD;
&#xD;
2019-12-17 11:10:20 - [TEST_STEP][PASSED] - out.println(rc_ref.getHttpResponse()): null&#xD;
&#xD;
2019-12-17 11:10:20 - [TEST_STEP][PASSED] - result = verifyEqual(response_code, rc_ref.getRCName()): Actual object 'RC01' and expected object 'RC01' are equal&#xD;
&#xD;
2019-12-17 11:10:20 - [MESSAGE][PASSED] - Actual object 'RC01' and expected object 'RC01' are equal&#xD;
&#xD;
2019-12-17 11:10:20 - [TEST_STEP][PASSED] - if (result == false): null&#xD;
&#xD;
2019-12-17 11:10:20 - [TEST_STEP][PASSED] - else: null&#xD;
&#xD;
2019-12-17 11:10:20 - [TEST_STEP][PASSED] - verifyEqual(statusCode, rc_ref.getHttpResponse()): Actual object '400' and expected object '400' are equal&#xD;
&#xD;
2019-12-17 11:10:20 - [MESSAGE][PASSED] - Actual object '400' and expected object '400' are equal&#xD;
&#xD;
2019-12-17 11:10:20 - [TEST_STEP][PASSED] - if (rc_ref == RC00): null</system-out>
            <system-err></system-err>
        </testcase>
        <testcase name="Test Cases/E_Wallet/TC_updateBilling/TC_updateBillingUpdateSendNotif" classname="Test Cases/E_Wallet/TC_updateBilling/TC_updateBillingUpdateSendNotif" status="FAILED">
            <failure type="FAILED" message="Test Cases/E_Wallet/TC_updateBilling/TC_updateBillingUpdateSendNotif FAILED.&#xA;Reason:&#xA;com.kms.katalon.core.exception.StepFailedException: Actual object 'RC02' and expected object 'RC22' are not equal&#xD;&#xA;&#x9;at com.kms.katalon.core.keyword.builtin.VerifyEqualKeyword$_verifyEqual_closure1.doCall(VerifyEqualKeyword.groovy:58)&#xD;&#xA;&#x9;at com.kms.katalon.core.keyword.builtin.VerifyEqualKeyword$_verifyEqual_closure1.call(VerifyEqualKeyword.groovy)&#xD;&#xA;&#x9;at com.kms.katalon.core.keyword.internal.KeywordMain.runKeyword(KeywordMain.groovy:68)&#xD;&#xA;&#x9;at com.kms.katalon.core.keyword.builtin.VerifyEqualKeyword.verifyEqual(VerifyEqualKeyword.groovy:63)&#xD;&#xA;&#x9;at com.kms.katalon.core.keyword.builtin.VerifyEqualKeyword.execute(VerifyEqualKeyword.groovy:44)&#xD;&#xA;&#x9;at com.kms.katalon.core.keyword.internal.KeywordExecutor.executeKeywordForPlatform(KeywordExecutor.groovy:56)&#xD;&#xA;&#x9;at com.kms.katalon.core.keyword.BuiltinKeywords.verifyEqual(BuiltinKeywords.groovy:141)&#xD;&#xA;&#x9;at TC_updateBillingUpdateSendNotif.run(TC_updateBillingUpdateSendNotif:104)&#xD;&#xA;&#x9;at com.kms.katalon.core.main.ScriptEngine.run(ScriptEngine.java:194)&#xD;&#xA;&#x9;at com.kms.katalon.core.main.ScriptEngine.runScriptAsRawText(ScriptEngine.java:119)&#xD;&#xA;&#x9;at com.kms.katalon.core.main.TestCaseExecutor.runScript(TestCaseExecutor.java:337)&#xD;&#xA;&#x9;at com.kms.katalon.core.main.TestCaseExecutor.doExecute(TestCaseExecutor.java:328)&#xD;&#xA;&#x9;at com.kms.katalon.core.main.TestCaseExecutor.processExecutionPhase(TestCaseExecutor.java:307)&#xD;&#xA;&#x9;at com.kms.katalon.core.main.TestCaseExecutor.accessMainPhase(TestCaseExecutor.java:299)&#xD;&#xA;&#x9;at com.kms.katalon.core.main.TestCaseExecutor.execute(TestCaseExecutor.java:233)&#xD;&#xA;&#x9;at com.kms.katalon.core.main.TestSuiteExecutor.accessTestCaseMainPhase(TestSuiteExecutor.java:133)&#xD;&#xA;&#x9;at com.kms.katalon.core.main.TestSuiteExecutor.accessTestSuiteMainPhase(TestSuiteExecutor.java:116)&#xD;&#xA;&#x9;at com.kms.katalon.core.main.TestSuiteExecutor.execute(TestSuiteExecutor.java:83)&#xD;&#xA;&#x9;at com.kms.katalon.core.main.TestCaseMain.startTestSuite(TestCaseMain.java:157)&#xD;&#xA;&#x9;at com.kms.katalon.core.main.TestCaseMain$startTestSuite$0.call(Unknown Source)&#xD;&#xA;&#x9;at TempTestSuite1576555809646.run(TempTestSuite1576555809646.groovy:35)&#xD;&#xA;"/>
            <system-out>2019-12-17 11:10:20 - [TEST_CASE][FAILED] - Test Cases/E_Wallet/TC_updateBilling/TC_updateBillingUpdateSendNotif: Test Cases/E_Wallet/TC_updateBilling/TC_updateBillingUpdateSendNotif FAILED.
Reason:
com.kms.katalon.core.exception.StepFailedException: Actual object 'RC02' and expected object 'RC22' are not equal&#xD;
	at com.kms.katalon.core.keyword.builtin.VerifyEqualKeyword$_verifyEqual_closure1.doCall(VerifyEqualKeyword.groovy:58)&#xD;
	at com.kms.katalon.core.keyword.builtin.VerifyEqualKeyword$_verifyEqual_closure1.call(VerifyEqualKeyword.groovy)&#xD;
	at com.kms.katalon.core.keyword.internal.KeywordMain.runKeyword(KeywordMain.groovy:68)&#xD;
	at com.kms.katalon.core.keyword.builtin.VerifyEqualKeyword.verifyEqual(VerifyEqualKeyword.groovy:63)&#xD;
	at com.kms.katalon.core.keyword.builtin.VerifyEqualKeyword.execute(VerifyEqualKeyword.groovy:44)&#xD;
	at com.kms.katalon.core.keyword.internal.KeywordExecutor.executeKeywordForPlatform(KeywordExecutor.groovy:56)&#xD;
	at com.kms.katalon.core.keyword.BuiltinKeywords.verifyEqual(BuiltinKeywords.groovy:141)&#xD;
	at TC_updateBillingUpdateSendNotif.run(TC_updateBillingUpdateSendNotif:104)&#xD;
	at com.kms.katalon.core.main.ScriptEngine.run(ScriptEngine.java:194)&#xD;
	at com.kms.katalon.core.main.ScriptEngine.runScriptAsRawText(ScriptEngine.java:119)&#xD;
	at com.kms.katalon.core.main.TestCaseExecutor.runScript(TestCaseExecutor.java:337)&#xD;
	at com.kms.katalon.core.main.TestCaseExecutor.doExecute(TestCaseExecutor.java:328)&#xD;
	at com.kms.katalon.core.main.TestCaseExecutor.processExecutionPhase(TestCaseExecutor.java:307)&#xD;
	at com.kms.katalon.core.main.TestCaseExecutor.accessMainPhase(TestCaseExecutor.java:299)&#xD;
	at com.kms.katalon.core.main.TestCaseExecutor.execute(TestCaseExecutor.java:233)&#xD;
	at com.kms.katalon.core.main.TestSuiteExecutor.accessTestCaseMainPhase(TestSuiteExecutor.java:133)&#xD;
	at com.kms.katalon.core.main.TestSuiteExecutor.accessTestSuiteMainPhase(TestSuiteExecutor.java:116)&#xD;
	at com.kms.katalon.core.main.TestSuiteExecutor.execute(TestSuiteExecutor.java:83)&#xD;
	at com.kms.katalon.core.main.TestCaseMain.startTestSuite(TestCaseMain.java:157)&#xD;
	at com.kms.katalon.core.main.TestCaseMain$startTestSuite$0.call(Unknown Source)&#xD;
	at TempTestSuite1576555809646.run(TempTestSuite1576555809646.groovy:35)&#xD;
&#xD;
&#xD;
2019-12-17 11:10:20 - [TEST_STEP][PASSED] - plain = "{" + ""user_agent":"" + var_user_agent + ""," + ""billing_id":"" + var_billing_id + ""," + ""amount":"" + var_amount + ""," + ""billing_status":"" + var_billing_status + ""," + ""verified_flag":"" + var_verified_flag + ""," + ""wallet_id":"" + var_wallet_id + ""," + ""billing_ref1":"" + var_billing_ref1 + ""," + ""billing_ref2":"" + var_billing_ref2 + ""," + ""billing_ref3":"" + var_billing_ref3 + ""}": null&#xD;
&#xD;
2019-12-17 11:10:20 - [TEST_STEP][PASSED] - out.println(plain): null&#xD;
&#xD;
2019-12-17 11:10:20 - [TEST_STEP][PASSED] - out.println("var_customer_token" + var_customer_token): null&#xD;
&#xD;
2019-12-17 11:10:20 - [TEST_STEP][PASSED] - out.println("var_partner_token" + var_partner_token): null&#xD;
&#xD;
2019-12-17 11:10:20 - [TEST_STEP][PASSED] - encipheredData = SecureUtils.encryptAesEwallet(plain, var_aes_key): null&#xD;
&#xD;
2019-12-17 11:10:20 - [TEST_STEP][PASSED] - body = "{"organisation_id":"" + var_organisation_id + ""," + ""data":"" + encipheredData + ""," + ""lang":"" + var_lang + ""}": null&#xD;
&#xD;
2019-12-17 11:10:20 - [TEST_STEP][PASSED] - out.println(body): null&#xD;
&#xD;
2019-12-17 11:10:20 - [TEST_STEP][PASSED] - request = findTestObject("E_Wallet/obj_updateBilling2"): null&#xD;
&#xD;
2019-12-17 11:10:20 - [TEST_STEP][PASSED] - request.setBodyContent(new com.kms.katalon.core.testobject.impl.HttpTextBodyContent(body, UTF-8, application/json)): null&#xD;
&#xD;
2019-12-17 11:10:20 - [TEST_STEP][PASSED] - if (var_customer_token == 0): null&#xD;
&#xD;
2019-12-17 11:10:20 - [TEST_STEP][PASSED] - else: null&#xD;
&#xD;
2019-12-17 11:10:20 - [TEST_STEP][PASSED] - out.println("using access_token = " + access_token_customer): null&#xD;
&#xD;
2019-12-17 11:10:20 - [TEST_STEP][PASSED] - listQuery = new java.util.ArrayList(): null&#xD;
&#xD;
2019-12-17 11:10:20 - [TEST_STEP][PASSED] - listQuery.add(new com.kms.katalon.core.testobject.TestObjectProperty(token, com.kms.katalon.core.testobject.ConditionType.EQUALS, internal.GlobalVariable.access_token_customer)): null&#xD;
&#xD;
2019-12-17 11:10:20 - [TEST_STEP][PASSED] - request.setRestParameters(listQuery): null&#xD;
&#xD;
2019-12-17 11:10:20 - [TEST_STEP][PASSED] - response = sendRequest(request): Send request successfully&#xD;
&#xD;
2019-12-17 11:10:20 - [MESSAGE][INFO] - HAR: D:\katalon-ewallet\Reports\E_Wallet\TS_updateBilling\TS_updateBillingUpdateSendNotif\20191217_111009\requests\main\27.har&#xD;
&#xD;
2019-12-17 11:10:20 - [MESSAGE][PASSED] - Send request successfully&#xD;
&#xD;
2019-12-17 11:10:20 - [TEST_STEP][PASSED] - a = &lt;not implemented yet for class: org.codehaus.groovy.ast.expr.EmptyExpression&gt;: null&#xD;
&#xD;
2019-12-17 11:10:20 - [TEST_STEP][PASSED] - headerProps = request.getHttpHeaderProperties(): null&#xD;
&#xD;
2019-12-17 11:10:20 - [TEST_STEP][PASSED] - for ([a = 0, a &lt; headerProps.size(), (a++)]): null&#xD;
&#xD;
2019-12-17 11:10:20 - [TEST_STEP][PASSED] - println(get(a).getName() + ": " + get(a).getValue()): null&#xD;
&#xD;
2019-12-17 11:10:20 - [TEST_STEP][PASSED] - println(get(a).getName() + ": " + get(a).getValue()): null&#xD;
&#xD;
2019-12-17 11:10:20 - [TEST_STEP][PASSED] - println(get(a).getName() + ": " + get(a).getValue()): null&#xD;
&#xD;
2019-12-17 11:10:20 - [TEST_STEP][PASSED] - body_content = responseBodyContent: null&#xD;
&#xD;
2019-12-17 11:10:20 - [TEST_STEP][PASSED] - status_code = statusCode: null&#xD;
&#xD;
2019-12-17 11:10:20 - [TEST_STEP][PASSED] - respDataMap = JsonSlurper().parseText(body_content): null&#xD;
&#xD;
2019-12-17 11:10:20 - [TEST_STEP][PASSED] - out.println(respDataMap): null&#xD;
&#xD;
2019-12-17 11:10:20 - [TEST_STEP][PASSED] - rc_ref = ReturnCodeWrapper(var_expected_rc).getEnumRC(): null&#xD;
&#xD;
2019-12-17 11:10:20 - [TEST_STEP][PASSED] - out.println(var_expected_rc): null&#xD;
&#xD;
2019-12-17 11:10:20 - [TEST_STEP][PASSED] - out.println(rc_ref.getRCName()): null&#xD;
&#xD;
2019-12-17 11:10:20 - [TEST_STEP][PASSED] - out.println(rc_ref.getHttpResponse()): null&#xD;
&#xD;
2019-12-17 11:10:20 - [TEST_STEP][FAILED] - result = verifyEqual(response_code, rc_ref.getRCName()): Unable to verify equal between actual object 'RC02' and expected object 'RC22' (Root cause: com.kms.katalon.core.exception.StepFailedException: Actual object 'RC02' and expected object 'RC22' are not equal&#xD;
	at com.kms.katalon.core.keyword.builtin.VerifyEqualKeyword$_verifyEqual_closure1.doCall(VerifyEqualKeyword.groovy:58)&#xD;
	at com.kms.katalon.core.keyword.builtin.VerifyEqualKeyword$_verifyEqual_closure1.call(VerifyEqualKeyword.groovy)&#xD;
	at com.kms.katalon.core.keyword.internal.KeywordMain.runKeyword(KeywordMain.groovy:68)&#xD;
	at com.kms.katalon.core.keyword.builtin.VerifyEqualKeyword.verifyEqual(VerifyEqualKeyword.groovy:63)&#xD;
	at com.kms.katalon.core.keyword.builtin.VerifyEqualKeyword.execute(VerifyEqualKeyword.groovy:44)&#xD;
	at com.kms.katalon.core.keyword.internal.KeywordExecutor.executeKeywordForPlatform(KeywordExecutor.groovy:56)&#xD;
	at com.kms.katalon.core.keyword.BuiltinKeywords.verifyEqual(BuiltinKeywords.groovy:141)&#xD;
	at TC_updateBillingUpdateSendNotif.run(TC_updateBillingUpdateSendNotif:104)&#xD;
	at com.kms.katalon.core.main.ScriptEngine.run(ScriptEngine.java:194)&#xD;
	at com.kms.katalon.core.main.ScriptEngine.runScriptAsRawText(ScriptEngine.java:119)&#xD;
	at com.kms.katalon.core.main.TestCaseExecutor.runScript(TestCaseExecutor.java:337)&#xD;
	at com.kms.katalon.core.main.TestCaseExecutor.doExecute(TestCaseExecutor.java:328)&#xD;
	at com.kms.katalon.core.main.TestCaseExecutor.processExecutionPhase(TestCaseExecutor.java:307)&#xD;
	at com.kms.katalon.core.main.TestCaseExecutor.accessMainPhase(TestCaseExecutor.java:299)&#xD;
	at com.kms.katalon.core.main.TestCaseExecutor.execute(TestCaseExecutor.java:233)&#xD;
	at com.kms.katalon.core.main.TestSuiteExecutor.accessTestCaseMainPhase(TestSuiteExecutor.java:133)&#xD;
	at com.kms.katalon.core.main.TestSuiteExecutor.accessTestSuiteMainPhase(TestSuiteExecutor.java:116)&#xD;
	at com.kms.katalon.core.main.TestSuiteExecutor.execute(TestSuiteExecutor.java:83)&#xD;
	at com.kms.katalon.core.main.TestCaseMain.startTestSuite(TestCaseMain.java:157)&#xD;
	at com.kms.katalon.core.main.TestCaseMain$startTestSuite$0.call(Unknown Source)&#xD;
	at TempTestSuite1576555809646.run(TempTestSuite1576555809646.groovy:35)&#xD;
)&#xD;
&#xD;
2019-12-17 11:10:20 - [MESSAGE][FAILED] - Unable to verify equal between actual object 'RC02' and expected object 'RC22' (Root cause: com.kms.katalon.core.exception.StepFailedException: Actual object 'RC02' and expected object 'RC22' are not equal&#xD;
	at com.kms.katalon.core.keyword.builtin.VerifyEqualKeyword$_verifyEqual_closure1.doCall(VerifyEqualKeyword.groovy:58)&#xD;
	at com.kms.katalon.core.keyword.builtin.VerifyEqualKeyword$_verifyEqual_closure1.call(VerifyEqualKeyword.groovy)&#xD;
	at com.kms.katalon.core.keyword.internal.KeywordMain.runKeyword(KeywordMain.groovy:68)&#xD;
	at com.kms.katalon.core.keyword.builtin.VerifyEqualKeyword.verifyEqual(VerifyEqualKeyword.groovy:63)&#xD;
	at com.kms.katalon.core.keyword.builtin.VerifyEqualKeyword.execute(VerifyEqualKeyword.groovy:44)&#xD;
	at com.kms.katalon.core.keyword.internal.KeywordExecutor.executeKeywordForPlatform(KeywordExecutor.groovy:56)&#xD;
	at com.kms.katalon.core.keyword.BuiltinKeywords.verifyEqual(BuiltinKeywords.groovy:141)&#xD;
	at TC_updateBillingUpdateSendNotif.run(TC_updateBillingUpdateSendNotif:104)&#xD;
	at com.kms.katalon.core.main.ScriptEngine.run(ScriptEngine.java:194)&#xD;
	at com.kms.katalon.core.main.ScriptEngine.runScriptAsRawText(ScriptEngine.java:119)&#xD;
	at com.kms.katalon.core.main.TestCaseExecutor.runScript(TestCaseExecutor.java:337)&#xD;
	at com.kms.katalon.core.main.TestCaseExecutor.doExecute(TestCaseExecutor.java:328)&#xD;
	at com.kms.katalon.core.main.TestCaseExecutor.processExecutionPhase(TestCaseExecutor.java:307)&#xD;
	at com.kms.katalon.core.main.TestCaseExecutor.accessMainPhase(TestCaseExecutor.java:299)&#xD;
	at com.kms.katalon.core.main.TestCaseExecutor.execute(TestCaseExecutor.java:233)&#xD;
	at com.kms.katalon.core.main.TestSuiteExecutor.accessTestCaseMainPhase(TestSuiteExecutor.java:133)&#xD;
	at com.kms.katalon.core.main.TestSuiteExecutor.accessTestSuiteMainPhase(TestSuiteExecutor.java:116)&#xD;
	at com.kms.katalon.core.main.TestSuiteExecutor.execute(TestSuiteExecutor.java:83)&#xD;
	at com.kms.katalon.core.main.TestCaseMain.startTestSuite(TestCaseMain.java:157)&#xD;
	at com.kms.katalon.core.main.TestCaseMain$startTestSuite$0.call(Unknown Source)&#xD;
	at TempTestSuite1576555809646.run(TempTestSuite1576555809646.groovy:35)&#xD;
)</system-out>
            <system-err>2019-12-17 11:10:20 - [TEST_CASE][FAILED] - Test Cases/E_Wallet/TC_updateBilling/TC_updateBillingUpdateSendNotif: Test Cases/E_Wallet/TC_updateBilling/TC_updateBillingUpdateSendNotif FAILED.
Reason:
com.kms.katalon.core.exception.StepFailedException: Actual object 'RC02' and expected object 'RC22' are not equal&#xD;
	at com.kms.katalon.core.keyword.builtin.VerifyEqualKeyword$_verifyEqual_closure1.doCall(VerifyEqualKeyword.groovy:58)&#xD;
	at com.kms.katalon.core.keyword.builtin.VerifyEqualKeyword$_verifyEqual_closure1.call(VerifyEqualKeyword.groovy)&#xD;
	at com.kms.katalon.core.keyword.internal.KeywordMain.runKeyword(KeywordMain.groovy:68)&#xD;
	at com.kms.katalon.core.keyword.builtin.VerifyEqualKeyword.verifyEqual(VerifyEqualKeyword.groovy:63)&#xD;
	at com.kms.katalon.core.keyword.builtin.VerifyEqualKeyword.execute(VerifyEqualKeyword.groovy:44)&#xD;
	at com.kms.katalon.core.keyword.internal.KeywordExecutor.executeKeywordForPlatform(KeywordExecutor.groovy:56)&#xD;
	at com.kms.katalon.core.keyword.BuiltinKeywords.verifyEqual(BuiltinKeywords.groovy:141)&#xD;
	at TC_updateBillingUpdateSendNotif.run(TC_updateBillingUpdateSendNotif:104)&#xD;
	at com.kms.katalon.core.main.ScriptEngine.run(ScriptEngine.java:194)&#xD;
	at com.kms.katalon.core.main.ScriptEngine.runScriptAsRawText(ScriptEngine.java:119)&#xD;
	at com.kms.katalon.core.main.TestCaseExecutor.runScript(TestCaseExecutor.java:337)&#xD;
	at com.kms.katalon.core.main.TestCaseExecutor.doExecute(TestCaseExecutor.java:328)&#xD;
	at com.kms.katalon.core.main.TestCaseExecutor.processExecutionPhase(TestCaseExecutor.java:307)&#xD;
	at com.kms.katalon.core.main.TestCaseExecutor.accessMainPhase(TestCaseExecutor.java:299)&#xD;
	at com.kms.katalon.core.main.TestCaseExecutor.execute(TestCaseExecutor.java:233)&#xD;
	at com.kms.katalon.core.main.TestSuiteExecutor.accessTestCaseMainPhase(TestSuiteExecutor.java:133)&#xD;
	at com.kms.katalon.core.main.TestSuiteExecutor.accessTestSuiteMainPhase(TestSuiteExecutor.java:116)&#xD;
	at com.kms.katalon.core.main.TestSuiteExecutor.execute(TestSuiteExecutor.java:83)&#xD;
	at com.kms.katalon.core.main.TestCaseMain.startTestSuite(TestCaseMain.java:157)&#xD;
	at com.kms.katalon.core.main.TestCaseMain$startTestSuite$0.call(Unknown Source)&#xD;
	at TempTestSuite1576555809646.run(TempTestSuite1576555809646.groovy:35)</system-err>
        </testcase>
        <testcase name="Test Cases/E_Wallet/TC_updateBilling/TC_updateBillingUpdateSendNotif" classname="Test Cases/E_Wallet/TC_updateBilling/TC_updateBillingUpdateSendNotif" status="PASSED">
            <system-out>2019-12-17 11:10:20 - [TEST_CASE][PASSED] - Test Cases/E_Wallet/TC_updateBilling/TC_updateBillingUpdateSendNotif: Test Cases/E_Wallet/TC_updateBilling/TC_updateBillingUpdateSendNotif&#xD;
&#xD;
2019-12-17 11:10:20 - [TEST_STEP][PASSED] - plain = "{" + ""user_agent":"" + var_user_agent + ""," + ""billing_id":"" + var_billing_id + ""," + ""amount":"" + var_amount + ""," + ""billing_status":"" + var_billing_status + ""," + ""verified_flag":"" + var_verified_flag + ""," + ""wallet_id":"" + var_wallet_id + ""," + ""billing_ref1":"" + var_billing_ref1 + ""," + ""billing_ref2":"" + var_billing_ref2 + ""," + ""billing_ref3":"" + var_billing_ref3 + ""}": null&#xD;
&#xD;
2019-12-17 11:10:20 - [TEST_STEP][PASSED] - out.println(plain): null&#xD;
&#xD;
2019-12-17 11:10:20 - [TEST_STEP][PASSED] - out.println("var_customer_token" + var_customer_token): null&#xD;
&#xD;
2019-12-17 11:10:20 - [TEST_STEP][PASSED] - out.println("var_partner_token" + var_partner_token): null&#xD;
&#xD;
2019-12-17 11:10:20 - [TEST_STEP][PASSED] - encipheredData = SecureUtils.encryptAesEwallet(plain, var_aes_key): null&#xD;
&#xD;
2019-12-17 11:10:20 - [TEST_STEP][PASSED] - body = "{"organisation_id":"" + var_organisation_id + ""," + ""data":"" + encipheredData + ""," + ""lang":"" + var_lang + ""}": null&#xD;
&#xD;
2019-12-17 11:10:20 - [TEST_STEP][PASSED] - out.println(body): null&#xD;
&#xD;
2019-12-17 11:10:20 - [TEST_STEP][PASSED] - request = findTestObject("E_Wallet/obj_updateBilling2"): null&#xD;
&#xD;
2019-12-17 11:10:20 - [TEST_STEP][PASSED] - request.setBodyContent(new com.kms.katalon.core.testobject.impl.HttpTextBodyContent(body, UTF-8, application/json)): null&#xD;
&#xD;
2019-12-17 11:10:20 - [TEST_STEP][PASSED] - if (var_customer_token == 0): null&#xD;
&#xD;
2019-12-17 11:10:20 - [TEST_STEP][PASSED] - else: null&#xD;
&#xD;
2019-12-17 11:10:20 - [TEST_STEP][PASSED] - out.println("using access_token = " + access_token_customer): null&#xD;
&#xD;
2019-12-17 11:10:20 - [TEST_STEP][PASSED] - listQuery = new java.util.ArrayList(): null&#xD;
&#xD;
2019-12-17 11:10:20 - [TEST_STEP][PASSED] - listQuery.add(new com.kms.katalon.core.testobject.TestObjectProperty(token, com.kms.katalon.core.testobject.ConditionType.EQUALS, internal.GlobalVariable.access_token_customer)): null&#xD;
&#xD;
2019-12-17 11:10:20 - [TEST_STEP][PASSED] - request.setRestParameters(listQuery): null&#xD;
&#xD;
2019-12-17 11:10:20 - [TEST_STEP][PASSED] - response = sendRequest(request): Send request successfully&#xD;
&#xD;
2019-12-17 11:10:20 - [MESSAGE][INFO] - HAR: D:\katalon-ewallet\Reports\E_Wallet\TS_updateBilling\TS_updateBillingUpdateSendNotif\20191217_111009\requests\main\28.har&#xD;
&#xD;
2019-12-17 11:10:20 - [MESSAGE][PASSED] - Send request successfully&#xD;
&#xD;
2019-12-17 11:10:20 - [TEST_STEP][PASSED] - a = &lt;not implemented yet for class: org.codehaus.groovy.ast.expr.EmptyExpression&gt;: null&#xD;
&#xD;
2019-12-17 11:10:20 - [TEST_STEP][PASSED] - headerProps = request.getHttpHeaderProperties(): null&#xD;
&#xD;
2019-12-17 11:10:20 - [TEST_STEP][PASSED] - for ([a = 0, a &lt; headerProps.size(), (a++)]): null&#xD;
&#xD;
2019-12-17 11:10:20 - [TEST_STEP][PASSED] - println(get(a).getName() + ": " + get(a).getValue()): null&#xD;
&#xD;
2019-12-17 11:10:20 - [TEST_STEP][PASSED] - println(get(a).getName() + ": " + get(a).getValue()): null&#xD;
&#xD;
2019-12-17 11:10:20 - [TEST_STEP][PASSED] - println(get(a).getName() + ": " + get(a).getValue()): null&#xD;
&#xD;
2019-12-17 11:10:20 - [TEST_STEP][PASSED] - body_content = responseBodyContent: null&#xD;
&#xD;
2019-12-17 11:10:20 - [TEST_STEP][PASSED] - status_code = statusCode: null&#xD;
&#xD;
2019-12-17 11:10:20 - [TEST_STEP][PASSED] - respDataMap = JsonSlurper().parseText(body_content): null&#xD;
&#xD;
2019-12-17 11:10:20 - [TEST_STEP][PASSED] - out.println(respDataMap): null&#xD;
&#xD;
2019-12-17 11:10:20 - [TEST_STEP][PASSED] - rc_ref = ReturnCodeWrapper(var_expected_rc).getEnumRC(): null&#xD;
&#xD;
2019-12-17 11:10:20 - [TEST_STEP][PASSED] - out.println(var_expected_rc): null&#xD;
&#xD;
2019-12-17 11:10:20 - [TEST_STEP][PASSED] - out.println(rc_ref.getRCName()): null&#xD;
&#xD;
2019-12-17 11:10:20 - [TEST_STEP][PASSED] - out.println(rc_ref.getHttpResponse()): null&#xD;
&#xD;
2019-12-17 11:10:20 - [TEST_STEP][PASSED] - result = verifyEqual(response_code, rc_ref.getRCName()): Actual object 'RC01' and expected object 'RC01' are equal&#xD;
&#xD;
2019-12-17 11:10:20 - [MESSAGE][PASSED] - Actual object 'RC01' and expected object 'RC01' are equal&#xD;
&#xD;
2019-12-17 11:10:20 - [TEST_STEP][PASSED] - if (result == false): null&#xD;
&#xD;
2019-12-17 11:10:20 - [TEST_STEP][PASSED] - else: null&#xD;
&#xD;
2019-12-17 11:10:20 - [TEST_STEP][PASSED] - verifyEqual(statusCode, rc_ref.getHttpResponse()): Actual object '400' and expected object '400' are equal&#xD;
&#xD;
2019-12-17 11:10:20 - [MESSAGE][PASSED] - Actual object '400' and expected object '400' are equal&#xD;
&#xD;
2019-12-17 11:10:20 - [TEST_STEP][PASSED] - if (rc_ref == RC00): null</system-out>
            <system-err></system-err>
        </testcase>
        <testcase name="Test Cases/E_Wallet/TC_updateBilling/TC_updateBillingUpdateSendNotif" classname="Test Cases/E_Wallet/TC_updateBilling/TC_updateBillingUpdateSendNotif" status="PASSED">
            <system-out>2019-12-17 11:10:20 - [TEST_CASE][PASSED] - Test Cases/E_Wallet/TC_updateBilling/TC_updateBillingUpdateSendNotif: Test Cases/E_Wallet/TC_updateBilling/TC_updateBillingUpdateSendNotif&#xD;
&#xD;
2019-12-17 11:10:20 - [TEST_STEP][PASSED] - plain = "{" + ""user_agent":"" + var_user_agent + ""," + ""billing_id":"" + var_billing_id + ""," + ""amount":"" + var_amount + ""," + ""billing_status":"" + var_billing_status + ""," + ""verified_flag":"" + var_verified_flag + ""," + ""wallet_id":"" + var_wallet_id + ""," + ""billing_ref1":"" + var_billing_ref1 + ""," + ""billing_ref2":"" + var_billing_ref2 + ""," + ""billing_ref3":"" + var_billing_ref3 + ""}": null&#xD;
&#xD;
2019-12-17 11:10:20 - [TEST_STEP][PASSED] - out.println(plain): null&#xD;
&#xD;
2019-12-17 11:10:20 - [TEST_STEP][PASSED] - out.println("var_customer_token" + var_customer_token): null&#xD;
&#xD;
2019-12-17 11:10:20 - [TEST_STEP][PASSED] - out.println("var_partner_token" + var_partner_token): null&#xD;
&#xD;
2019-12-17 11:10:20 - [TEST_STEP][PASSED] - encipheredData = SecureUtils.encryptAesEwallet(plain, var_aes_key): null&#xD;
&#xD;
2019-12-17 11:10:20 - [TEST_STEP][PASSED] - body = "{"organisation_id":"" + var_organisation_id + ""," + ""data":"" + encipheredData + ""," + ""lang":"" + var_lang + ""}": null&#xD;
&#xD;
2019-12-17 11:10:20 - [TEST_STEP][PASSED] - out.println(body): null&#xD;
&#xD;
2019-12-17 11:10:20 - [TEST_STEP][PASSED] - request = findTestObject("E_Wallet/obj_updateBilling2"): null&#xD;
&#xD;
2019-12-17 11:10:20 - [TEST_STEP][PASSED] - request.setBodyContent(new com.kms.katalon.core.testobject.impl.HttpTextBodyContent(body, UTF-8, application/json)): null&#xD;
&#xD;
2019-12-17 11:10:20 - [TEST_STEP][PASSED] - if (var_customer_token == 0): null&#xD;
&#xD;
2019-12-17 11:10:20 - [TEST_STEP][PASSED] - else: null&#xD;
&#xD;
2019-12-17 11:10:20 - [TEST_STEP][PASSED] - out.println("using access_token = " + access_token_customer): null&#xD;
&#xD;
2019-12-17 11:10:20 - [TEST_STEP][PASSED] - listQuery = new java.util.ArrayList(): null&#xD;
&#xD;
2019-12-17 11:10:20 - [TEST_STEP][PASSED] - listQuery.add(new com.kms.katalon.core.testobject.TestObjectProperty(token, com.kms.katalon.core.testobject.ConditionType.EQUALS, internal.GlobalVariable.access_token_customer)): null&#xD;
&#xD;
2019-12-17 11:10:20 - [TEST_STEP][PASSED] - request.setRestParameters(listQuery): null&#xD;
&#xD;
2019-12-17 11:10:20 - [TEST_STEP][PASSED] - response = sendRequest(request): Send request successfully&#xD;
&#xD;
2019-12-17 11:10:20 - [MESSAGE][INFO] - HAR: D:\katalon-ewallet\Reports\E_Wallet\TS_updateBilling\TS_updateBillingUpdateSendNotif\20191217_111009\requests\main\29.har&#xD;
&#xD;
2019-12-17 11:10:20 - [MESSAGE][PASSED] - Send request successfully&#xD;
&#xD;
2019-12-17 11:10:20 - [TEST_STEP][PASSED] - a = &lt;not implemented yet for class: org.codehaus.groovy.ast.expr.EmptyExpression&gt;: null&#xD;
&#xD;
2019-12-17 11:10:20 - [TEST_STEP][PASSED] - headerProps = request.getHttpHeaderProperties(): null&#xD;
&#xD;
2019-12-17 11:10:20 - [TEST_STEP][PASSED] - for ([a = 0, a &lt; headerProps.size(), (a++)]): null&#xD;
&#xD;
2019-12-17 11:10:20 - [TEST_STEP][PASSED] - println(get(a).getName() + ": " + get(a).getValue()): null&#xD;
&#xD;
2019-12-17 11:10:20 - [TEST_STEP][PASSED] - println(get(a).getName() + ": " + get(a).getValue()): null&#xD;
&#xD;
2019-12-17 11:10:20 - [TEST_STEP][PASSED] - println(get(a).getName() + ": " + get(a).getValue()): null&#xD;
&#xD;
2019-12-17 11:10:20 - [TEST_STEP][PASSED] - body_content = responseBodyContent: null&#xD;
&#xD;
2019-12-17 11:10:20 - [TEST_STEP][PASSED] - status_code = statusCode: null&#xD;
&#xD;
2019-12-17 11:10:20 - [TEST_STEP][PASSED] - respDataMap = JsonSlurper().parseText(body_content): null&#xD;
&#xD;
2019-12-17 11:10:20 - [TEST_STEP][PASSED] - out.println(respDataMap): null&#xD;
&#xD;
2019-12-17 11:10:20 - [TEST_STEP][PASSED] - rc_ref = ReturnCodeWrapper(var_expected_rc).getEnumRC(): null&#xD;
&#xD;
2019-12-17 11:10:20 - [TEST_STEP][PASSED] - out.println(var_expected_rc): null&#xD;
&#xD;
2019-12-17 11:10:20 - [TEST_STEP][PASSED] - out.println(rc_ref.getRCName()): null&#xD;
&#xD;
2019-12-17 11:10:20 - [TEST_STEP][PASSED] - out.println(rc_ref.getHttpResponse()): null&#xD;
&#xD;
2019-12-17 11:10:20 - [TEST_STEP][PASSED] - result = verifyEqual(response_code, rc_ref.getRCName()): Actual object 'RC22' and expected object 'RC22' are equal&#xD;
&#xD;
2019-12-17 11:10:20 - [MESSAGE][PASSED] - Actual object 'RC22' and expected object 'RC22' are equal&#xD;
&#xD;
2019-12-17 11:10:20 - [TEST_STEP][PASSED] - if (result == false): null&#xD;
&#xD;
2019-12-17 11:10:20 - [TEST_STEP][PASSED] - else: null&#xD;
&#xD;
2019-12-17 11:10:20 - [TEST_STEP][PASSED] - verifyEqual(statusCode, rc_ref.getHttpResponse()): Actual object '500' and expected object '500' are equal&#xD;
&#xD;
2019-12-17 11:10:20 - [MESSAGE][PASSED] - Actual object '500' and expected object '500' are equal&#xD;
&#xD;
2019-12-17 11:10:20 - [TEST_STEP][PASSED] - if (rc_ref == RC00): null</system-out>
            <system-err></system-err>
        </testcase>
        <testcase name="Test Cases/E_Wallet/TC_updateBilling/TC_updateBillingUpdateSendNotif" classname="Test Cases/E_Wallet/TC_updateBilling/TC_updateBillingUpdateSendNotif" status="FAILED">
            <failure type="FAILED" message="Test Cases/E_Wallet/TC_updateBilling/TC_updateBillingUpdateSendNotif FAILED.&#xA;Reason:&#xA;com.kms.katalon.core.exception.StepFailedException: Actual object 'RC22' and expected object 'RC00' are not equal&#xD;&#xA;&#x9;at com.kms.katalon.core.keyword.builtin.VerifyEqualKeyword$_verifyEqual_closure1.doCall(VerifyEqualKeyword.groovy:58)&#xD;&#xA;&#x9;at com.kms.katalon.core.keyword.builtin.VerifyEqualKeyword$_verifyEqual_closure1.call(VerifyEqualKeyword.groovy)&#xD;&#xA;&#x9;at com.kms.katalon.core.keyword.internal.KeywordMain.runKeyword(KeywordMain.groovy:68)&#xD;&#xA;&#x9;at com.kms.katalon.core.keyword.builtin.VerifyEqualKeyword.verifyEqual(VerifyEqualKeyword.groovy:63)&#xD;&#xA;&#x9;at com.kms.katalon.core.keyword.builtin.VerifyEqualKeyword.execute(VerifyEqualKeyword.groovy:44)&#xD;&#xA;&#x9;at com.kms.katalon.core.keyword.internal.KeywordExecutor.executeKeywordForPlatform(KeywordExecutor.groovy:56)&#xD;&#xA;&#x9;at com.kms.katalon.core.keyword.BuiltinKeywords.verifyEqual(BuiltinKeywords.groovy:141)&#xD;&#xA;&#x9;at TC_updateBillingUpdateSendNotif.run(TC_updateBillingUpdateSendNotif:104)&#xD;&#xA;&#x9;at com.kms.katalon.core.main.ScriptEngine.run(ScriptEngine.java:194)&#xD;&#xA;&#x9;at com.kms.katalon.core.main.ScriptEngine.runScriptAsRawText(ScriptEngine.java:119)&#xD;&#xA;&#x9;at com.kms.katalon.core.main.TestCaseExecutor.runScript(TestCaseExecutor.java:337)&#xD;&#xA;&#x9;at com.kms.katalon.core.main.TestCaseExecutor.doExecute(TestCaseExecutor.java:328)&#xD;&#xA;&#x9;at com.kms.katalon.core.main.TestCaseExecutor.processExecutionPhase(TestCaseExecutor.java:307)&#xD;&#xA;&#x9;at com.kms.katalon.core.main.TestCaseExecutor.accessMainPhase(TestCaseExecutor.java:299)&#xD;&#xA;&#x9;at com.kms.katalon.core.main.TestCaseExecutor.execute(TestCaseExecutor.java:233)&#xD;&#xA;&#x9;at com.kms.katalon.core.main.TestSuiteExecutor.accessTestCaseMainPhase(TestSuiteExecutor.java:133)&#xD;&#xA;&#x9;at com.kms.katalon.core.main.TestSuiteExecutor.accessTestSuiteMainPhase(TestSuiteExecutor.java:116)&#xD;&#xA;&#x9;at com.kms.katalon.core.main.TestSuiteExecutor.execute(TestSuiteExecutor.java:83)&#xD;&#xA;&#x9;at com.kms.katalon.core.main.TestCaseMain.startTestSuite(TestCaseMain.java:157)&#xD;&#xA;&#x9;at com.kms.katalon.core.main.TestCaseMain$startTestSuite$0.call(Unknown Source)&#xD;&#xA;&#x9;at TempTestSuite1576555809646.run(TempTestSuite1576555809646.groovy:35)&#xD;&#xA;"/>
            <system-out>2019-12-17 11:10:20 - [TEST_CASE][FAILED] - Test Cases/E_Wallet/TC_updateBilling/TC_updateBillingUpdateSendNotif: Test Cases/E_Wallet/TC_updateBilling/TC_updateBillingUpdateSendNotif FAILED.
Reason:
com.kms.katalon.core.exception.StepFailedException: Actual object 'RC22' and expected object 'RC00' are not equal&#xD;
	at com.kms.katalon.core.keyword.builtin.VerifyEqualKeyword$_verifyEqual_closure1.doCall(VerifyEqualKeyword.groovy:58)&#xD;
	at com.kms.katalon.core.keyword.builtin.VerifyEqualKeyword$_verifyEqual_closure1.call(VerifyEqualKeyword.groovy)&#xD;
	at com.kms.katalon.core.keyword.internal.KeywordMain.runKeyword(KeywordMain.groovy:68)&#xD;
	at com.kms.katalon.core.keyword.builtin.VerifyEqualKeyword.verifyEqual(VerifyEqualKeyword.groovy:63)&#xD;
	at com.kms.katalon.core.keyword.builtin.VerifyEqualKeyword.execute(VerifyEqualKeyword.groovy:44)&#xD;
	at com.kms.katalon.core.keyword.internal.KeywordExecutor.executeKeywordForPlatform(KeywordExecutor.groovy:56)&#xD;
	at com.kms.katalon.core.keyword.BuiltinKeywords.verifyEqual(BuiltinKeywords.groovy:141)&#xD;
	at TC_updateBillingUpdateSendNotif.run(TC_updateBillingUpdateSendNotif:104)&#xD;
	at com.kms.katalon.core.main.ScriptEngine.run(ScriptEngine.java:194)&#xD;
	at com.kms.katalon.core.main.ScriptEngine.runScriptAsRawText(ScriptEngine.java:119)&#xD;
	at com.kms.katalon.core.main.TestCaseExecutor.runScript(TestCaseExecutor.java:337)&#xD;
	at com.kms.katalon.core.main.TestCaseExecutor.doExecute(TestCaseExecutor.java:328)&#xD;
	at com.kms.katalon.core.main.TestCaseExecutor.processExecutionPhase(TestCaseExecutor.java:307)&#xD;
	at com.kms.katalon.core.main.TestCaseExecutor.accessMainPhase(TestCaseExecutor.java:299)&#xD;
	at com.kms.katalon.core.main.TestCaseExecutor.execute(TestCaseExecutor.java:233)&#xD;
	at com.kms.katalon.core.main.TestSuiteExecutor.accessTestCaseMainPhase(TestSuiteExecutor.java:133)&#xD;
	at com.kms.katalon.core.main.TestSuiteExecutor.accessTestSuiteMainPhase(TestSuiteExecutor.java:116)&#xD;
	at com.kms.katalon.core.main.TestSuiteExecutor.execute(TestSuiteExecutor.java:83)&#xD;
	at com.kms.katalon.core.main.TestCaseMain.startTestSuite(TestCaseMain.java:157)&#xD;
	at com.kms.katalon.core.main.TestCaseMain$startTestSuite$0.call(Unknown Source)&#xD;
	at TempTestSuite1576555809646.run(TempTestSuite1576555809646.groovy:35)&#xD;
&#xD;
&#xD;
2019-12-17 11:10:20 - [TEST_STEP][PASSED] - plain = "{" + ""user_agent":"" + var_user_agent + ""," + ""billing_id":"" + var_billing_id + ""," + ""amount":"" + var_amount + ""," + ""billing_status":"" + var_billing_status + ""," + ""verified_flag":"" + var_verified_flag + ""," + ""wallet_id":"" + var_wallet_id + ""," + ""billing_ref1":"" + var_billing_ref1 + ""," + ""billing_ref2":"" + var_billing_ref2 + ""," + ""billing_ref3":"" + var_billing_ref3 + ""}": null&#xD;
&#xD;
2019-12-17 11:10:20 - [TEST_STEP][PASSED] - out.println(plain): null&#xD;
&#xD;
2019-12-17 11:10:20 - [TEST_STEP][PASSED] - out.println("var_customer_token" + var_customer_token): null&#xD;
&#xD;
2019-12-17 11:10:20 - [TEST_STEP][PASSED] - out.println("var_partner_token" + var_partner_token): null&#xD;
&#xD;
2019-12-17 11:10:20 - [TEST_STEP][PASSED] - encipheredData = SecureUtils.encryptAesEwallet(plain, var_aes_key): null&#xD;
&#xD;
2019-12-17 11:10:20 - [TEST_STEP][PASSED] - body = "{"organisation_id":"" + var_organisation_id + ""," + ""data":"" + encipheredData + ""," + ""lang":"" + var_lang + ""}": null&#xD;
&#xD;
2019-12-17 11:10:20 - [TEST_STEP][PASSED] - out.println(body): null&#xD;
&#xD;
2019-12-17 11:10:20 - [TEST_STEP][PASSED] - request = findTestObject("E_Wallet/obj_updateBilling2"): null&#xD;
&#xD;
2019-12-17 11:10:20 - [TEST_STEP][PASSED] - request.setBodyContent(new com.kms.katalon.core.testobject.impl.HttpTextBodyContent(body, UTF-8, application/json)): null&#xD;
&#xD;
2019-12-17 11:10:20 - [TEST_STEP][PASSED] - if (var_customer_token == 0): null&#xD;
&#xD;
2019-12-17 11:10:20 - [TEST_STEP][PASSED] - else: null&#xD;
&#xD;
2019-12-17 11:10:20 - [TEST_STEP][PASSED] - out.println("using access_token = " + access_token_customer): null&#xD;
&#xD;
2019-12-17 11:10:20 - [TEST_STEP][PASSED] - listQuery = new java.util.ArrayList(): null&#xD;
&#xD;
2019-12-17 11:10:20 - [TEST_STEP][PASSED] - listQuery.add(new com.kms.katalon.core.testobject.TestObjectProperty(token, com.kms.katalon.core.testobject.ConditionType.EQUALS, internal.GlobalVariable.access_token_customer)): null&#xD;
&#xD;
2019-12-17 11:10:20 - [TEST_STEP][PASSED] - request.setRestParameters(listQuery): null&#xD;
&#xD;
2019-12-17 11:10:20 - [TEST_STEP][PASSED] - response = sendRequest(request): Send request successfully&#xD;
&#xD;
2019-12-17 11:10:20 - [MESSAGE][INFO] - HAR: D:\katalon-ewallet\Reports\E_Wallet\TS_updateBilling\TS_updateBillingUpdateSendNotif\20191217_111009\requests\main\30.har&#xD;
&#xD;
2019-12-17 11:10:20 - [MESSAGE][PASSED] - Send request successfully&#xD;
&#xD;
2019-12-17 11:10:20 - [TEST_STEP][PASSED] - a = &lt;not implemented yet for class: org.codehaus.groovy.ast.expr.EmptyExpression&gt;: null&#xD;
&#xD;
2019-12-17 11:10:20 - [TEST_STEP][PASSED] - headerProps = request.getHttpHeaderProperties(): null&#xD;
&#xD;
2019-12-17 11:10:20 - [TEST_STEP][PASSED] - for ([a = 0, a &lt; headerProps.size(), (a++)]): null&#xD;
&#xD;
2019-12-17 11:10:20 - [TEST_STEP][PASSED] - println(get(a).getName() + ": " + get(a).getValue()): null&#xD;
&#xD;
2019-12-17 11:10:20 - [TEST_STEP][PASSED] - println(get(a).getName() + ": " + get(a).getValue()): null&#xD;
&#xD;
2019-12-17 11:10:20 - [TEST_STEP][PASSED] - println(get(a).getName() + ": " + get(a).getValue()): null&#xD;
&#xD;
2019-12-17 11:10:20 - [TEST_STEP][PASSED] - body_content = responseBodyContent: null&#xD;
&#xD;
2019-12-17 11:10:20 - [TEST_STEP][PASSED] - status_code = statusCode: null&#xD;
&#xD;
2019-12-17 11:10:20 - [TEST_STEP][PASSED] - respDataMap = JsonSlurper().parseText(body_content): null&#xD;
&#xD;
2019-12-17 11:10:20 - [TEST_STEP][PASSED] - out.println(respDataMap): null&#xD;
&#xD;
2019-12-17 11:10:20 - [TEST_STEP][PASSED] - rc_ref = ReturnCodeWrapper(var_expected_rc).getEnumRC(): null&#xD;
&#xD;
2019-12-17 11:10:20 - [TEST_STEP][PASSED] - out.println(var_expected_rc): null&#xD;
&#xD;
2019-12-17 11:10:20 - [TEST_STEP][PASSED] - out.println(rc_ref.getRCName()): null&#xD;
&#xD;
2019-12-17 11:10:20 - [TEST_STEP][PASSED] - out.println(rc_ref.getHttpResponse()): null&#xD;
&#xD;
2019-12-17 11:10:20 - [TEST_STEP][FAILED] - result = verifyEqual(response_code, rc_ref.getRCName()): Unable to verify equal between actual object 'RC22' and expected object 'RC00' (Root cause: com.kms.katalon.core.exception.StepFailedException: Actual object 'RC22' and expected object 'RC00' are not equal&#xD;
	at com.kms.katalon.core.keyword.builtin.VerifyEqualKeyword$_verifyEqual_closure1.doCall(VerifyEqualKeyword.groovy:58)&#xD;
	at com.kms.katalon.core.keyword.builtin.VerifyEqualKeyword$_verifyEqual_closure1.call(VerifyEqualKeyword.groovy)&#xD;
	at com.kms.katalon.core.keyword.internal.KeywordMain.runKeyword(KeywordMain.groovy:68)&#xD;
	at com.kms.katalon.core.keyword.builtin.VerifyEqualKeyword.verifyEqual(VerifyEqualKeyword.groovy:63)&#xD;
	at com.kms.katalon.core.keyword.builtin.VerifyEqualKeyword.execute(VerifyEqualKeyword.groovy:44)&#xD;
	at com.kms.katalon.core.keyword.internal.KeywordExecutor.executeKeywordForPlatform(KeywordExecutor.groovy:56)&#xD;
	at com.kms.katalon.core.keyword.BuiltinKeywords.verifyEqual(BuiltinKeywords.groovy:141)&#xD;
	at TC_updateBillingUpdateSendNotif.run(TC_updateBillingUpdateSendNotif:104)&#xD;
	at com.kms.katalon.core.main.ScriptEngine.run(ScriptEngine.java:194)&#xD;
	at com.kms.katalon.core.main.ScriptEngine.runScriptAsRawText(ScriptEngine.java:119)&#xD;
	at com.kms.katalon.core.main.TestCaseExecutor.runScript(TestCaseExecutor.java:337)&#xD;
	at com.kms.katalon.core.main.TestCaseExecutor.doExecute(TestCaseExecutor.java:328)&#xD;
	at com.kms.katalon.core.main.TestCaseExecutor.processExecutionPhase(TestCaseExecutor.java:307)&#xD;
	at com.kms.katalon.core.main.TestCaseExecutor.accessMainPhase(TestCaseExecutor.java:299)&#xD;
	at com.kms.katalon.core.main.TestCaseExecutor.execute(TestCaseExecutor.java:233)&#xD;
	at com.kms.katalon.core.main.TestSuiteExecutor.accessTestCaseMainPhase(TestSuiteExecutor.java:133)&#xD;
	at com.kms.katalon.core.main.TestSuiteExecutor.accessTestSuiteMainPhase(TestSuiteExecutor.java:116)&#xD;
	at com.kms.katalon.core.main.TestSuiteExecutor.execute(TestSuiteExecutor.java:83)&#xD;
	at com.kms.katalon.core.main.TestCaseMain.startTestSuite(TestCaseMain.java:157)&#xD;
	at com.kms.katalon.core.main.TestCaseMain$startTestSuite$0.call(Unknown Source)&#xD;
	at TempTestSuite1576555809646.run(TempTestSuite1576555809646.groovy:35)&#xD;
)&#xD;
&#xD;
2019-12-17 11:10:20 - [MESSAGE][FAILED] - Unable to verify equal between actual object 'RC22' and expected object 'RC00' (Root cause: com.kms.katalon.core.exception.StepFailedException: Actual object 'RC22' and expected object 'RC00' are not equal&#xD;
	at com.kms.katalon.core.keyword.builtin.VerifyEqualKeyword$_verifyEqual_closure1.doCall(VerifyEqualKeyword.groovy:58)&#xD;
	at com.kms.katalon.core.keyword.builtin.VerifyEqualKeyword$_verifyEqual_closure1.call(VerifyEqualKeyword.groovy)&#xD;
	at com.kms.katalon.core.keyword.internal.KeywordMain.runKeyword(KeywordMain.groovy:68)&#xD;
	at com.kms.katalon.core.keyword.builtin.VerifyEqualKeyword.verifyEqual(VerifyEqualKeyword.groovy:63)&#xD;
	at com.kms.katalon.core.keyword.builtin.VerifyEqualKeyword.execute(VerifyEqualKeyword.groovy:44)&#xD;
	at com.kms.katalon.core.keyword.internal.KeywordExecutor.executeKeywordForPlatform(KeywordExecutor.groovy:56)&#xD;
	at com.kms.katalon.core.keyword.BuiltinKeywords.verifyEqual(BuiltinKeywords.groovy:141)&#xD;
	at TC_updateBillingUpdateSendNotif.run(TC_updateBillingUpdateSendNotif:104)&#xD;
	at com.kms.katalon.core.main.ScriptEngine.run(ScriptEngine.java:194)&#xD;
	at com.kms.katalon.core.main.ScriptEngine.runScriptAsRawText(ScriptEngine.java:119)&#xD;
	at com.kms.katalon.core.main.TestCaseExecutor.runScript(TestCaseExecutor.java:337)&#xD;
	at com.kms.katalon.core.main.TestCaseExecutor.doExecute(TestCaseExecutor.java:328)&#xD;
	at com.kms.katalon.core.main.TestCaseExecutor.processExecutionPhase(TestCaseExecutor.java:307)&#xD;
	at com.kms.katalon.core.main.TestCaseExecutor.accessMainPhase(TestCaseExecutor.java:299)&#xD;
	at com.kms.katalon.core.main.TestCaseExecutor.execute(TestCaseExecutor.java:233)&#xD;
	at com.kms.katalon.core.main.TestSuiteExecutor.accessTestCaseMainPhase(TestSuiteExecutor.java:133)&#xD;
	at com.kms.katalon.core.main.TestSuiteExecutor.accessTestSuiteMainPhase(TestSuiteExecutor.java:116)&#xD;
	at com.kms.katalon.core.main.TestSuiteExecutor.execute(TestSuiteExecutor.java:83)&#xD;
	at com.kms.katalon.core.main.TestCaseMain.startTestSuite(TestCaseMain.java:157)&#xD;
	at com.kms.katalon.core.main.TestCaseMain$startTestSuite$0.call(Unknown Source)&#xD;
	at TempTestSuite1576555809646.run(TempTestSuite1576555809646.groovy:35)&#xD;
)</system-out>
            <system-err>2019-12-17 11:10:20 - [TEST_CASE][FAILED] - Test Cases/E_Wallet/TC_updateBilling/TC_updateBillingUpdateSendNotif: Test Cases/E_Wallet/TC_updateBilling/TC_updateBillingUpdateSendNotif FAILED.
Reason:
com.kms.katalon.core.exception.StepFailedException: Actual object 'RC22' and expected object 'RC00' are not equal&#xD;
	at com.kms.katalon.core.keyword.builtin.VerifyEqualKeyword$_verifyEqual_closure1.doCall(VerifyEqualKeyword.groovy:58)&#xD;
	at com.kms.katalon.core.keyword.builtin.VerifyEqualKeyword$_verifyEqual_closure1.call(VerifyEqualKeyword.groovy)&#xD;
	at com.kms.katalon.core.keyword.internal.KeywordMain.runKeyword(KeywordMain.groovy:68)&#xD;
	at com.kms.katalon.core.keyword.builtin.VerifyEqualKeyword.verifyEqual(VerifyEqualKeyword.groovy:63)&#xD;
	at com.kms.katalon.core.keyword.builtin.VerifyEqualKeyword.execute(VerifyEqualKeyword.groovy:44)&#xD;
	at com.kms.katalon.core.keyword.internal.KeywordExecutor.executeKeywordForPlatform(KeywordExecutor.groovy:56)&#xD;
	at com.kms.katalon.core.keyword.BuiltinKeywords.verifyEqual(BuiltinKeywords.groovy:141)&#xD;
	at TC_updateBillingUpdateSendNotif.run(TC_updateBillingUpdateSendNotif:104)&#xD;
	at com.kms.katalon.core.main.ScriptEngine.run(ScriptEngine.java:194)&#xD;
	at com.kms.katalon.core.main.ScriptEngine.runScriptAsRawText(ScriptEngine.java:119)&#xD;
	at com.kms.katalon.core.main.TestCaseExecutor.runScript(TestCaseExecutor.java:337)&#xD;
	at com.kms.katalon.core.main.TestCaseExecutor.doExecute(TestCaseExecutor.java:328)&#xD;
	at com.kms.katalon.core.main.TestCaseExecutor.processExecutionPhase(TestCaseExecutor.java:307)&#xD;
	at com.kms.katalon.core.main.TestCaseExecutor.accessMainPhase(TestCaseExecutor.java:299)&#xD;
	at com.kms.katalon.core.main.TestCaseExecutor.execute(TestCaseExecutor.java:233)&#xD;
	at com.kms.katalon.core.main.TestSuiteExecutor.accessTestCaseMainPhase(TestSuiteExecutor.java:133)&#xD;
	at com.kms.katalon.core.main.TestSuiteExecutor.accessTestSuiteMainPhase(TestSuiteExecutor.java:116)&#xD;
	at com.kms.katalon.core.main.TestSuiteExecutor.execute(TestSuiteExecutor.java:83)&#xD;
	at com.kms.katalon.core.main.TestCaseMain.startTestSuite(TestCaseMain.java:157)&#xD;
	at com.kms.katalon.core.main.TestCaseMain$startTestSuite$0.call(Unknown Source)&#xD;
	at TempTestSuite1576555809646.run(TempTestSuite1576555809646.groovy:35)</system-err>
        </testcase>
        <testcase name="Test Cases/E_Wallet/TC_updateBilling/TC_updateBillingUpdateSendNotif" classname="Test Cases/E_Wallet/TC_updateBilling/TC_updateBillingUpdateSendNotif" status="FAILED">
            <failure type="FAILED" message="Test Cases/E_Wallet/TC_updateBilling/TC_updateBillingUpdateSendNotif FAILED.&#xA;Reason:&#xA;com.kms.katalon.core.exception.StepFailedException: Actual object 'RC22' and expected object 'RC00' are not equal&#xD;&#xA;&#x9;at com.kms.katalon.core.keyword.builtin.VerifyEqualKeyword$_verifyEqual_closure1.doCall(VerifyEqualKeyword.groovy:58)&#xD;&#xA;&#x9;at com.kms.katalon.core.keyword.builtin.VerifyEqualKeyword$_verifyEqual_closure1.call(VerifyEqualKeyword.groovy)&#xD;&#xA;&#x9;at com.kms.katalon.core.keyword.internal.KeywordMain.runKeyword(KeywordMain.groovy:68)&#xD;&#xA;&#x9;at com.kms.katalon.core.keyword.builtin.VerifyEqualKeyword.verifyEqual(VerifyEqualKeyword.groovy:63)&#xD;&#xA;&#x9;at com.kms.katalon.core.keyword.builtin.VerifyEqualKeyword.execute(VerifyEqualKeyword.groovy:44)&#xD;&#xA;&#x9;at com.kms.katalon.core.keyword.internal.KeywordExecutor.executeKeywordForPlatform(KeywordExecutor.groovy:56)&#xD;&#xA;&#x9;at com.kms.katalon.core.keyword.BuiltinKeywords.verifyEqual(BuiltinKeywords.groovy:141)&#xD;&#xA;&#x9;at TC_updateBillingUpdateSendNotif.run(TC_updateBillingUpdateSendNotif:104)&#xD;&#xA;&#x9;at com.kms.katalon.core.main.ScriptEngine.run(ScriptEngine.java:194)&#xD;&#xA;&#x9;at com.kms.katalon.core.main.ScriptEngine.runScriptAsRawText(ScriptEngine.java:119)&#xD;&#xA;&#x9;at com.kms.katalon.core.main.TestCaseExecutor.runScript(TestCaseExecutor.java:337)&#xD;&#xA;&#x9;at com.kms.katalon.core.main.TestCaseExecutor.doExecute(TestCaseExecutor.java:328)&#xD;&#xA;&#x9;at com.kms.katalon.core.main.TestCaseExecutor.processExecutionPhase(TestCaseExecutor.java:307)&#xD;&#xA;&#x9;at com.kms.katalon.core.main.TestCaseExecutor.accessMainPhase(TestCaseExecutor.java:299)&#xD;&#xA;&#x9;at com.kms.katalon.core.main.TestCaseExecutor.execute(TestCaseExecutor.java:233)&#xD;&#xA;&#x9;at com.kms.katalon.core.main.TestSuiteExecutor.accessTestCaseMainPhase(TestSuiteExecutor.java:133)&#xD;&#xA;&#x9;at com.kms.katalon.core.main.TestSuiteExecutor.accessTestSuiteMainPhase(TestSuiteExecutor.java:116)&#xD;&#xA;&#x9;at com.kms.katalon.core.main.TestSuiteExecutor.execute(TestSuiteExecutor.java:83)&#xD;&#xA;&#x9;at com.kms.katalon.core.main.TestCaseMain.startTestSuite(TestCaseMain.java:157)&#xD;&#xA;&#x9;at com.kms.katalon.core.main.TestCaseMain$startTestSuite$0.call(Unknown Source)&#xD;&#xA;&#x9;at TempTestSuite1576555809646.run(TempTestSuite1576555809646.groovy:35)&#xD;&#xA;"/>
            <system-out>2019-12-17 11:10:20 - [TEST_CASE][FAILED] - Test Cases/E_Wallet/TC_updateBilling/TC_updateBillingUpdateSendNotif: Test Cases/E_Wallet/TC_updateBilling/TC_updateBillingUpdateSendNotif FAILED.
Reason:
com.kms.katalon.core.exception.StepFailedException: Actual object 'RC22' and expected object 'RC00' are not equal&#xD;
	at com.kms.katalon.core.keyword.builtin.VerifyEqualKeyword$_verifyEqual_closure1.doCall(VerifyEqualKeyword.groovy:58)&#xD;
	at com.kms.katalon.core.keyword.builtin.VerifyEqualKeyword$_verifyEqual_closure1.call(VerifyEqualKeyword.groovy)&#xD;
	at com.kms.katalon.core.keyword.internal.KeywordMain.runKeyword(KeywordMain.groovy:68)&#xD;
	at com.kms.katalon.core.keyword.builtin.VerifyEqualKeyword.verifyEqual(VerifyEqualKeyword.groovy:63)&#xD;
	at com.kms.katalon.core.keyword.builtin.VerifyEqualKeyword.execute(VerifyEqualKeyword.groovy:44)&#xD;
	at com.kms.katalon.core.keyword.internal.KeywordExecutor.executeKeywordForPlatform(KeywordExecutor.groovy:56)&#xD;
	at com.kms.katalon.core.keyword.BuiltinKeywords.verifyEqual(BuiltinKeywords.groovy:141)&#xD;
	at TC_updateBillingUpdateSendNotif.run(TC_updateBillingUpdateSendNotif:104)&#xD;
	at com.kms.katalon.core.main.ScriptEngine.run(ScriptEngine.java:194)&#xD;
	at com.kms.katalon.core.main.ScriptEngine.runScriptAsRawText(ScriptEngine.java:119)&#xD;
	at com.kms.katalon.core.main.TestCaseExecutor.runScript(TestCaseExecutor.java:337)&#xD;
	at com.kms.katalon.core.main.TestCaseExecutor.doExecute(TestCaseExecutor.java:328)&#xD;
	at com.kms.katalon.core.main.TestCaseExecutor.processExecutionPhase(TestCaseExecutor.java:307)&#xD;
	at com.kms.katalon.core.main.TestCaseExecutor.accessMainPhase(TestCaseExecutor.java:299)&#xD;
	at com.kms.katalon.core.main.TestCaseExecutor.execute(TestCaseExecutor.java:233)&#xD;
	at com.kms.katalon.core.main.TestSuiteExecutor.accessTestCaseMainPhase(TestSuiteExecutor.java:133)&#xD;
	at com.kms.katalon.core.main.TestSuiteExecutor.accessTestSuiteMainPhase(TestSuiteExecutor.java:116)&#xD;
	at com.kms.katalon.core.main.TestSuiteExecutor.execute(TestSuiteExecutor.java:83)&#xD;
	at com.kms.katalon.core.main.TestCaseMain.startTestSuite(TestCaseMain.java:157)&#xD;
	at com.kms.katalon.core.main.TestCaseMain$startTestSuite$0.call(Unknown Source)&#xD;
	at TempTestSuite1576555809646.run(TempTestSuite1576555809646.groovy:35)&#xD;
&#xD;
&#xD;
2019-12-17 11:10:20 - [TEST_STEP][PASSED] - plain = "{" + ""user_agent":"" + var_user_agent + ""," + ""billing_id":"" + var_billing_id + ""," + ""amount":"" + var_amount + ""," + ""billing_status":"" + var_billing_status + ""," + ""verified_flag":"" + var_verified_flag + ""," + ""wallet_id":"" + var_wallet_id + ""," + ""billing_ref1":"" + var_billing_ref1 + ""," + ""billing_ref2":"" + var_billing_ref2 + ""," + ""billing_ref3":"" + var_billing_ref3 + ""}": null&#xD;
&#xD;
2019-12-17 11:10:20 - [TEST_STEP][PASSED] - out.println(plain): null&#xD;
&#xD;
2019-12-17 11:10:20 - [TEST_STEP][PASSED] - out.println("var_customer_token" + var_customer_token): null&#xD;
&#xD;
2019-12-17 11:10:20 - [TEST_STEP][PASSED] - out.println("var_partner_token" + var_partner_token): null&#xD;
&#xD;
2019-12-17 11:10:20 - [TEST_STEP][PASSED] - encipheredData = SecureUtils.encryptAesEwallet(plain, var_aes_key): null&#xD;
&#xD;
2019-12-17 11:10:20 - [TEST_STEP][PASSED] - body = "{"organisation_id":"" + var_organisation_id + ""," + ""data":"" + encipheredData + ""," + ""lang":"" + var_lang + ""}": null&#xD;
&#xD;
2019-12-17 11:10:20 - [TEST_STEP][PASSED] - out.println(body): null&#xD;
&#xD;
2019-12-17 11:10:20 - [TEST_STEP][PASSED] - request = findTestObject("E_Wallet/obj_updateBilling2"): null&#xD;
&#xD;
2019-12-17 11:10:20 - [TEST_STEP][PASSED] - request.setBodyContent(new com.kms.katalon.core.testobject.impl.HttpTextBodyContent(body, UTF-8, application/json)): null&#xD;
&#xD;
2019-12-17 11:10:20 - [TEST_STEP][PASSED] - if (var_customer_token == 0): null&#xD;
&#xD;
2019-12-17 11:10:20 - [TEST_STEP][PASSED] - else: null&#xD;
&#xD;
2019-12-17 11:10:20 - [TEST_STEP][PASSED] - out.println("using access_token = " + access_token_customer): null&#xD;
&#xD;
2019-12-17 11:10:20 - [TEST_STEP][PASSED] - listQuery = new java.util.ArrayList(): null&#xD;
&#xD;
2019-12-17 11:10:20 - [TEST_STEP][PASSED] - listQuery.add(new com.kms.katalon.core.testobject.TestObjectProperty(token, com.kms.katalon.core.testobject.ConditionType.EQUALS, internal.GlobalVariable.access_token_customer)): null&#xD;
&#xD;
2019-12-17 11:10:20 - [TEST_STEP][PASSED] - request.setRestParameters(listQuery): null&#xD;
&#xD;
2019-12-17 11:10:20 - [TEST_STEP][PASSED] - response = sendRequest(request): Send request successfully&#xD;
&#xD;
2019-12-17 11:10:20 - [MESSAGE][INFO] - HAR: D:\katalon-ewallet\Reports\E_Wallet\TS_updateBilling\TS_updateBillingUpdateSendNotif\20191217_111009\requests\main\31.har&#xD;
&#xD;
2019-12-17 11:10:20 - [MESSAGE][PASSED] - Send request successfully&#xD;
&#xD;
2019-12-17 11:10:20 - [TEST_STEP][PASSED] - a = &lt;not implemented yet for class: org.codehaus.groovy.ast.expr.EmptyExpression&gt;: null&#xD;
&#xD;
2019-12-17 11:10:20 - [TEST_STEP][PASSED] - headerProps = request.getHttpHeaderProperties(): null&#xD;
&#xD;
2019-12-17 11:10:20 - [TEST_STEP][PASSED] - for ([a = 0, a &lt; headerProps.size(), (a++)]): null&#xD;
&#xD;
2019-12-17 11:10:20 - [TEST_STEP][PASSED] - println(get(a).getName() + ": " + get(a).getValue()): null&#xD;
&#xD;
2019-12-17 11:10:20 - [TEST_STEP][PASSED] - println(get(a).getName() + ": " + get(a).getValue()): null&#xD;
&#xD;
2019-12-17 11:10:20 - [TEST_STEP][PASSED] - println(get(a).getName() + ": " + get(a).getValue()): null&#xD;
&#xD;
2019-12-17 11:10:20 - [TEST_STEP][PASSED] - body_content = responseBodyContent: null&#xD;
&#xD;
2019-12-17 11:10:20 - [TEST_STEP][PASSED] - status_code = statusCode: null&#xD;
&#xD;
2019-12-17 11:10:20 - [TEST_STEP][PASSED] - respDataMap = JsonSlurper().parseText(body_content): null&#xD;
&#xD;
2019-12-17 11:10:20 - [TEST_STEP][PASSED] - out.println(respDataMap): null&#xD;
&#xD;
2019-12-17 11:10:20 - [TEST_STEP][PASSED] - rc_ref = ReturnCodeWrapper(var_expected_rc).getEnumRC(): null&#xD;
&#xD;
2019-12-17 11:10:20 - [TEST_STEP][PASSED] - out.println(var_expected_rc): null&#xD;
&#xD;
2019-12-17 11:10:20 - [TEST_STEP][PASSED] - out.println(rc_ref.getRCName()): null&#xD;
&#xD;
2019-12-17 11:10:20 - [TEST_STEP][PASSED] - out.println(rc_ref.getHttpResponse()): null&#xD;
&#xD;
2019-12-17 11:10:20 - [TEST_STEP][FAILED] - result = verifyEqual(response_code, rc_ref.getRCName()): Unable to verify equal between actual object 'RC22' and expected object 'RC00' (Root cause: com.kms.katalon.core.exception.StepFailedException: Actual object 'RC22' and expected object 'RC00' are not equal&#xD;
	at com.kms.katalon.core.keyword.builtin.VerifyEqualKeyword$_verifyEqual_closure1.doCall(VerifyEqualKeyword.groovy:58)&#xD;
	at com.kms.katalon.core.keyword.builtin.VerifyEqualKeyword$_verifyEqual_closure1.call(VerifyEqualKeyword.groovy)&#xD;
	at com.kms.katalon.core.keyword.internal.KeywordMain.runKeyword(KeywordMain.groovy:68)&#xD;
	at com.kms.katalon.core.keyword.builtin.VerifyEqualKeyword.verifyEqual(VerifyEqualKeyword.groovy:63)&#xD;
	at com.kms.katalon.core.keyword.builtin.VerifyEqualKeyword.execute(VerifyEqualKeyword.groovy:44)&#xD;
	at com.kms.katalon.core.keyword.internal.KeywordExecutor.executeKeywordForPlatform(KeywordExecutor.groovy:56)&#xD;
	at com.kms.katalon.core.keyword.BuiltinKeywords.verifyEqual(BuiltinKeywords.groovy:141)&#xD;
	at TC_updateBillingUpdateSendNotif.run(TC_updateBillingUpdateSendNotif:104)&#xD;
	at com.kms.katalon.core.main.ScriptEngine.run(ScriptEngine.java:194)&#xD;
	at com.kms.katalon.core.main.ScriptEngine.runScriptAsRawText(ScriptEngine.java:119)&#xD;
	at com.kms.katalon.core.main.TestCaseExecutor.runScript(TestCaseExecutor.java:337)&#xD;
	at com.kms.katalon.core.main.TestCaseExecutor.doExecute(TestCaseExecutor.java:328)&#xD;
	at com.kms.katalon.core.main.TestCaseExecutor.processExecutionPhase(TestCaseExecutor.java:307)&#xD;
	at com.kms.katalon.core.main.TestCaseExecutor.accessMainPhase(TestCaseExecutor.java:299)&#xD;
	at com.kms.katalon.core.main.TestCaseExecutor.execute(TestCaseExecutor.java:233)&#xD;
	at com.kms.katalon.core.main.TestSuiteExecutor.accessTestCaseMainPhase(TestSuiteExecutor.java:133)&#xD;
	at com.kms.katalon.core.main.TestSuiteExecutor.accessTestSuiteMainPhase(TestSuiteExecutor.java:116)&#xD;
	at com.kms.katalon.core.main.TestSuiteExecutor.execute(TestSuiteExecutor.java:83)&#xD;
	at com.kms.katalon.core.main.TestCaseMain.startTestSuite(TestCaseMain.java:157)&#xD;
	at com.kms.katalon.core.main.TestCaseMain$startTestSuite$0.call(Unknown Source)&#xD;
	at TempTestSuite1576555809646.run(TempTestSuite1576555809646.groovy:35)&#xD;
)&#xD;
&#xD;
2019-12-17 11:10:20 - [MESSAGE][FAILED] - Unable to verify equal between actual object 'RC22' and expected object 'RC00' (Root cause: com.kms.katalon.core.exception.StepFailedException: Actual object 'RC22' and expected object 'RC00' are not equal&#xD;
	at com.kms.katalon.core.keyword.builtin.VerifyEqualKeyword$_verifyEqual_closure1.doCall(VerifyEqualKeyword.groovy:58)&#xD;
	at com.kms.katalon.core.keyword.builtin.VerifyEqualKeyword$_verifyEqual_closure1.call(VerifyEqualKeyword.groovy)&#xD;
	at com.kms.katalon.core.keyword.internal.KeywordMain.runKeyword(KeywordMain.groovy:68)&#xD;
	at com.kms.katalon.core.keyword.builtin.VerifyEqualKeyword.verifyEqual(VerifyEqualKeyword.groovy:63)&#xD;
	at com.kms.katalon.core.keyword.builtin.VerifyEqualKeyword.execute(VerifyEqualKeyword.groovy:44)&#xD;
	at com.kms.katalon.core.keyword.internal.KeywordExecutor.executeKeywordForPlatform(KeywordExecutor.groovy:56)&#xD;
	at com.kms.katalon.core.keyword.BuiltinKeywords.verifyEqual(BuiltinKeywords.groovy:141)&#xD;
	at TC_updateBillingUpdateSendNotif.run(TC_updateBillingUpdateSendNotif:104)&#xD;
	at com.kms.katalon.core.main.ScriptEngine.run(ScriptEngine.java:194)&#xD;
	at com.kms.katalon.core.main.ScriptEngine.runScriptAsRawText(ScriptEngine.java:119)&#xD;
	at com.kms.katalon.core.main.TestCaseExecutor.runScript(TestCaseExecutor.java:337)&#xD;
	at com.kms.katalon.core.main.TestCaseExecutor.doExecute(TestCaseExecutor.java:328)&#xD;
	at com.kms.katalon.core.main.TestCaseExecutor.processExecutionPhase(TestCaseExecutor.java:307)&#xD;
	at com.kms.katalon.core.main.TestCaseExecutor.accessMainPhase(TestCaseExecutor.java:299)&#xD;
	at com.kms.katalon.core.main.TestCaseExecutor.execute(TestCaseExecutor.java:233)&#xD;
	at com.kms.katalon.core.main.TestSuiteExecutor.accessTestCaseMainPhase(TestSuiteExecutor.java:133)&#xD;
	at com.kms.katalon.core.main.TestSuiteExecutor.accessTestSuiteMainPhase(TestSuiteExecutor.java:116)&#xD;
	at com.kms.katalon.core.main.TestSuiteExecutor.execute(TestSuiteExecutor.java:83)&#xD;
	at com.kms.katalon.core.main.TestCaseMain.startTestSuite(TestCaseMain.java:157)&#xD;
	at com.kms.katalon.core.main.TestCaseMain$startTestSuite$0.call(Unknown Source)&#xD;
	at TempTestSuite1576555809646.run(TempTestSuite1576555809646.groovy:35)&#xD;
)</system-out>
            <system-err>2019-12-17 11:10:20 - [TEST_CASE][FAILED] - Test Cases/E_Wallet/TC_updateBilling/TC_updateBillingUpdateSendNotif: Test Cases/E_Wallet/TC_updateBilling/TC_updateBillingUpdateSendNotif FAILED.
Reason:
com.kms.katalon.core.exception.StepFailedException: Actual object 'RC22' and expected object 'RC00' are not equal&#xD;
	at com.kms.katalon.core.keyword.builtin.VerifyEqualKeyword$_verifyEqual_closure1.doCall(VerifyEqualKeyword.groovy:58)&#xD;
	at com.kms.katalon.core.keyword.builtin.VerifyEqualKeyword$_verifyEqual_closure1.call(VerifyEqualKeyword.groovy)&#xD;
	at com.kms.katalon.core.keyword.internal.KeywordMain.runKeyword(KeywordMain.groovy:68)&#xD;
	at com.kms.katalon.core.keyword.builtin.VerifyEqualKeyword.verifyEqual(VerifyEqualKeyword.groovy:63)&#xD;
	at com.kms.katalon.core.keyword.builtin.VerifyEqualKeyword.execute(VerifyEqualKeyword.groovy:44)&#xD;
	at com.kms.katalon.core.keyword.internal.KeywordExecutor.executeKeywordForPlatform(KeywordExecutor.groovy:56)&#xD;
	at com.kms.katalon.core.keyword.BuiltinKeywords.verifyEqual(BuiltinKeywords.groovy:141)&#xD;
	at TC_updateBillingUpdateSendNotif.run(TC_updateBillingUpdateSendNotif:104)&#xD;
	at com.kms.katalon.core.main.ScriptEngine.run(ScriptEngine.java:194)&#xD;
	at com.kms.katalon.core.main.ScriptEngine.runScriptAsRawText(ScriptEngine.java:119)&#xD;
	at com.kms.katalon.core.main.TestCaseExecutor.runScript(TestCaseExecutor.java:337)&#xD;
	at com.kms.katalon.core.main.TestCaseExecutor.doExecute(TestCaseExecutor.java:328)&#xD;
	at com.kms.katalon.core.main.TestCaseExecutor.processExecutionPhase(TestCaseExecutor.java:307)&#xD;
	at com.kms.katalon.core.main.TestCaseExecutor.accessMainPhase(TestCaseExecutor.java:299)&#xD;
	at com.kms.katalon.core.main.TestCaseExecutor.execute(TestCaseExecutor.java:233)&#xD;
	at com.kms.katalon.core.main.TestSuiteExecutor.accessTestCaseMainPhase(TestSuiteExecutor.java:133)&#xD;
	at com.kms.katalon.core.main.TestSuiteExecutor.accessTestSuiteMainPhase(TestSuiteExecutor.java:116)&#xD;
	at com.kms.katalon.core.main.TestSuiteExecutor.execute(TestSuiteExecutor.java:83)&#xD;
	at com.kms.katalon.core.main.TestCaseMain.startTestSuite(TestCaseMain.java:157)&#xD;
	at com.kms.katalon.core.main.TestCaseMain$startTestSuite$0.call(Unknown Source)&#xD;
	at TempTestSuite1576555809646.run(TempTestSuite1576555809646.groovy:35)</system-err>
        </testcase>
        <testcase name="Test Cases/E_Wallet/TC_updateBilling/TC_updateBillingUpdateSendNotif" classname="Test Cases/E_Wallet/TC_updateBilling/TC_updateBillingUpdateSendNotif" status="FAILED">
            <failure type="FAILED" message="Test Cases/E_Wallet/TC_updateBilling/TC_updateBillingUpdateSendNotif FAILED.&#xA;Reason:&#xA;com.kms.katalon.core.exception.StepFailedException: Actual object 'RC22' and expected object 'RC00' are not equal&#xD;&#xA;&#x9;at com.kms.katalon.core.keyword.builtin.VerifyEqualKeyword$_verifyEqual_closure1.doCall(VerifyEqualKeyword.groovy:58)&#xD;&#xA;&#x9;at com.kms.katalon.core.keyword.builtin.VerifyEqualKeyword$_verifyEqual_closure1.call(VerifyEqualKeyword.groovy)&#xD;&#xA;&#x9;at com.kms.katalon.core.keyword.internal.KeywordMain.runKeyword(KeywordMain.groovy:68)&#xD;&#xA;&#x9;at com.kms.katalon.core.keyword.builtin.VerifyEqualKeyword.verifyEqual(VerifyEqualKeyword.groovy:63)&#xD;&#xA;&#x9;at com.kms.katalon.core.keyword.builtin.VerifyEqualKeyword.execute(VerifyEqualKeyword.groovy:44)&#xD;&#xA;&#x9;at com.kms.katalon.core.keyword.internal.KeywordExecutor.executeKeywordForPlatform(KeywordExecutor.groovy:56)&#xD;&#xA;&#x9;at com.kms.katalon.core.keyword.BuiltinKeywords.verifyEqual(BuiltinKeywords.groovy:141)&#xD;&#xA;&#x9;at TC_updateBillingUpdateSendNotif.run(TC_updateBillingUpdateSendNotif:104)&#xD;&#xA;&#x9;at com.kms.katalon.core.main.ScriptEngine.run(ScriptEngine.java:194)&#xD;&#xA;&#x9;at com.kms.katalon.core.main.ScriptEngine.runScriptAsRawText(ScriptEngine.java:119)&#xD;&#xA;&#x9;at com.kms.katalon.core.main.TestCaseExecutor.runScript(TestCaseExecutor.java:337)&#xD;&#xA;&#x9;at com.kms.katalon.core.main.TestCaseExecutor.doExecute(TestCaseExecutor.java:328)&#xD;&#xA;&#x9;at com.kms.katalon.core.main.TestCaseExecutor.processExecutionPhase(TestCaseExecutor.java:307)&#xD;&#xA;&#x9;at com.kms.katalon.core.main.TestCaseExecutor.accessMainPhase(TestCaseExecutor.java:299)&#xD;&#xA;&#x9;at com.kms.katalon.core.main.TestCaseExecutor.execute(TestCaseExecutor.java:233)&#xD;&#xA;&#x9;at com.kms.katalon.core.main.TestSuiteExecutor.accessTestCaseMainPhase(TestSuiteExecutor.java:133)&#xD;&#xA;&#x9;at com.kms.katalon.core.main.TestSuiteExecutor.accessTestSuiteMainPhase(TestSuiteExecutor.java:116)&#xD;&#xA;&#x9;at com.kms.katalon.core.main.TestSuiteExecutor.execute(TestSuiteExecutor.java:83)&#xD;&#xA;&#x9;at com.kms.katalon.core.main.TestCaseMain.startTestSuite(TestCaseMain.java:157)&#xD;&#xA;&#x9;at com.kms.katalon.core.main.TestCaseMain$startTestSuite$0.call(Unknown Source)&#xD;&#xA;&#x9;at TempTestSuite1576555809646.run(TempTestSuite1576555809646.groovy:35)&#xD;&#xA;"/>
            <system-out>2019-12-17 11:10:20 - [TEST_CASE][FAILED] - Test Cases/E_Wallet/TC_updateBilling/TC_updateBillingUpdateSendNotif: Test Cases/E_Wallet/TC_updateBilling/TC_updateBillingUpdateSendNotif FAILED.
Reason:
com.kms.katalon.core.exception.StepFailedException: Actual object 'RC22' and expected object 'RC00' are not equal&#xD;
	at com.kms.katalon.core.keyword.builtin.VerifyEqualKeyword$_verifyEqual_closure1.doCall(VerifyEqualKeyword.groovy:58)&#xD;
	at com.kms.katalon.core.keyword.builtin.VerifyEqualKeyword$_verifyEqual_closure1.call(VerifyEqualKeyword.groovy)&#xD;
	at com.kms.katalon.core.keyword.internal.KeywordMain.runKeyword(KeywordMain.groovy:68)&#xD;
	at com.kms.katalon.core.keyword.builtin.VerifyEqualKeyword.verifyEqual(VerifyEqualKeyword.groovy:63)&#xD;
	at com.kms.katalon.core.keyword.builtin.VerifyEqualKeyword.execute(VerifyEqualKeyword.groovy:44)&#xD;
	at com.kms.katalon.core.keyword.internal.KeywordExecutor.executeKeywordForPlatform(KeywordExecutor.groovy:56)&#xD;
	at com.kms.katalon.core.keyword.BuiltinKeywords.verifyEqual(BuiltinKeywords.groovy:141)&#xD;
	at TC_updateBillingUpdateSendNotif.run(TC_updateBillingUpdateSendNotif:104)&#xD;
	at com.kms.katalon.core.main.ScriptEngine.run(ScriptEngine.java:194)&#xD;
	at com.kms.katalon.core.main.ScriptEngine.runScriptAsRawText(ScriptEngine.java:119)&#xD;
	at com.kms.katalon.core.main.TestCaseExecutor.runScript(TestCaseExecutor.java:337)&#xD;
	at com.kms.katalon.core.main.TestCaseExecutor.doExecute(TestCaseExecutor.java:328)&#xD;
	at com.kms.katalon.core.main.TestCaseExecutor.processExecutionPhase(TestCaseExecutor.java:307)&#xD;
	at com.kms.katalon.core.main.TestCaseExecutor.accessMainPhase(TestCaseExecutor.java:299)&#xD;
	at com.kms.katalon.core.main.TestCaseExecutor.execute(TestCaseExecutor.java:233)&#xD;
	at com.kms.katalon.core.main.TestSuiteExecutor.accessTestCaseMainPhase(TestSuiteExecutor.java:133)&#xD;
	at com.kms.katalon.core.main.TestSuiteExecutor.accessTestSuiteMainPhase(TestSuiteExecutor.java:116)&#xD;
	at com.kms.katalon.core.main.TestSuiteExecutor.execute(TestSuiteExecutor.java:83)&#xD;
	at com.kms.katalon.core.main.TestCaseMain.startTestSuite(TestCaseMain.java:157)&#xD;
	at com.kms.katalon.core.main.TestCaseMain$startTestSuite$0.call(Unknown Source)&#xD;
	at TempTestSuite1576555809646.run(TempTestSuite1576555809646.groovy:35)&#xD;
&#xD;
&#xD;
2019-12-17 11:10:21 - [TEST_STEP][PASSED] - plain = "{" + ""user_agent":"" + var_user_agent + ""," + ""billing_id":"" + var_billing_id + ""," + ""amount":"" + var_amount + ""," + ""billing_status":"" + var_billing_status + ""," + ""verified_flag":"" + var_verified_flag + ""," + ""wallet_id":"" + var_wallet_id + ""," + ""billing_ref1":"" + var_billing_ref1 + ""," + ""billing_ref2":"" + var_billing_ref2 + ""," + ""billing_ref3":"" + var_billing_ref3 + ""}": null&#xD;
&#xD;
2019-12-17 11:10:21 - [TEST_STEP][PASSED] - out.println(plain): null&#xD;
&#xD;
2019-12-17 11:10:21 - [TEST_STEP][PASSED] - out.println("var_customer_token" + var_customer_token): null&#xD;
&#xD;
2019-12-17 11:10:21 - [TEST_STEP][PASSED] - out.println("var_partner_token" + var_partner_token): null&#xD;
&#xD;
2019-12-17 11:10:21 - [TEST_STEP][PASSED] - encipheredData = SecureUtils.encryptAesEwallet(plain, var_aes_key): null&#xD;
&#xD;
2019-12-17 11:10:21 - [TEST_STEP][PASSED] - body = "{"organisation_id":"" + var_organisation_id + ""," + ""data":"" + encipheredData + ""," + ""lang":"" + var_lang + ""}": null&#xD;
&#xD;
2019-12-17 11:10:21 - [TEST_STEP][PASSED] - out.println(body): null&#xD;
&#xD;
2019-12-17 11:10:21 - [TEST_STEP][PASSED] - request = findTestObject("E_Wallet/obj_updateBilling2"): null&#xD;
&#xD;
2019-12-17 11:10:21 - [TEST_STEP][PASSED] - request.setBodyContent(new com.kms.katalon.core.testobject.impl.HttpTextBodyContent(body, UTF-8, application/json)): null&#xD;
&#xD;
2019-12-17 11:10:21 - [TEST_STEP][PASSED] - if (var_customer_token == 0): null&#xD;
&#xD;
2019-12-17 11:10:21 - [TEST_STEP][PASSED] - else: null&#xD;
&#xD;
2019-12-17 11:10:21 - [TEST_STEP][PASSED] - out.println("using access_token = " + access_token_customer): null&#xD;
&#xD;
2019-12-17 11:10:21 - [TEST_STEP][PASSED] - listQuery = new java.util.ArrayList(): null&#xD;
&#xD;
2019-12-17 11:10:21 - [TEST_STEP][PASSED] - listQuery.add(new com.kms.katalon.core.testobject.TestObjectProperty(token, com.kms.katalon.core.testobject.ConditionType.EQUALS, internal.GlobalVariable.access_token_customer)): null&#xD;
&#xD;
2019-12-17 11:10:21 - [TEST_STEP][PASSED] - request.setRestParameters(listQuery): null&#xD;
&#xD;
2019-12-17 11:10:21 - [TEST_STEP][PASSED] - response = sendRequest(request): Send request successfully&#xD;
&#xD;
2019-12-17 11:10:21 - [MESSAGE][INFO] - HAR: D:\katalon-ewallet\Reports\E_Wallet\TS_updateBilling\TS_updateBillingUpdateSendNotif\20191217_111009\requests\main\32.har&#xD;
&#xD;
2019-12-17 11:10:21 - [MESSAGE][PASSED] - Send request successfully&#xD;
&#xD;
2019-12-17 11:10:21 - [TEST_STEP][PASSED] - a = &lt;not implemented yet for class: org.codehaus.groovy.ast.expr.EmptyExpression&gt;: null&#xD;
&#xD;
2019-12-17 11:10:21 - [TEST_STEP][PASSED] - headerProps = request.getHttpHeaderProperties(): null&#xD;
&#xD;
2019-12-17 11:10:21 - [TEST_STEP][PASSED] - for ([a = 0, a &lt; headerProps.size(), (a++)]): null&#xD;
&#xD;
2019-12-17 11:10:21 - [TEST_STEP][PASSED] - println(get(a).getName() + ": " + get(a).getValue()): null&#xD;
&#xD;
2019-12-17 11:10:21 - [TEST_STEP][PASSED] - println(get(a).getName() + ": " + get(a).getValue()): null&#xD;
&#xD;
2019-12-17 11:10:21 - [TEST_STEP][PASSED] - println(get(a).getName() + ": " + get(a).getValue()): null&#xD;
&#xD;
2019-12-17 11:10:21 - [TEST_STEP][PASSED] - body_content = responseBodyContent: null&#xD;
&#xD;
2019-12-17 11:10:21 - [TEST_STEP][PASSED] - status_code = statusCode: null&#xD;
&#xD;
2019-12-17 11:10:21 - [TEST_STEP][PASSED] - respDataMap = JsonSlurper().parseText(body_content): null&#xD;
&#xD;
2019-12-17 11:10:21 - [TEST_STEP][PASSED] - out.println(respDataMap): null&#xD;
&#xD;
2019-12-17 11:10:21 - [TEST_STEP][PASSED] - rc_ref = ReturnCodeWrapper(var_expected_rc).getEnumRC(): null&#xD;
&#xD;
2019-12-17 11:10:21 - [TEST_STEP][PASSED] - out.println(var_expected_rc): null&#xD;
&#xD;
2019-12-17 11:10:21 - [TEST_STEP][PASSED] - out.println(rc_ref.getRCName()): null&#xD;
&#xD;
2019-12-17 11:10:21 - [TEST_STEP][PASSED] - out.println(rc_ref.getHttpResponse()): null&#xD;
&#xD;
2019-12-17 11:10:21 - [TEST_STEP][FAILED] - result = verifyEqual(response_code, rc_ref.getRCName()): Unable to verify equal between actual object 'RC22' and expected object 'RC00' (Root cause: com.kms.katalon.core.exception.StepFailedException: Actual object 'RC22' and expected object 'RC00' are not equal&#xD;
	at com.kms.katalon.core.keyword.builtin.VerifyEqualKeyword$_verifyEqual_closure1.doCall(VerifyEqualKeyword.groovy:58)&#xD;
	at com.kms.katalon.core.keyword.builtin.VerifyEqualKeyword$_verifyEqual_closure1.call(VerifyEqualKeyword.groovy)&#xD;
	at com.kms.katalon.core.keyword.internal.KeywordMain.runKeyword(KeywordMain.groovy:68)&#xD;
	at com.kms.katalon.core.keyword.builtin.VerifyEqualKeyword.verifyEqual(VerifyEqualKeyword.groovy:63)&#xD;
	at com.kms.katalon.core.keyword.builtin.VerifyEqualKeyword.execute(VerifyEqualKeyword.groovy:44)&#xD;
	at com.kms.katalon.core.keyword.internal.KeywordExecutor.executeKeywordForPlatform(KeywordExecutor.groovy:56)&#xD;
	at com.kms.katalon.core.keyword.BuiltinKeywords.verifyEqual(BuiltinKeywords.groovy:141)&#xD;
	at TC_updateBillingUpdateSendNotif.run(TC_updateBillingUpdateSendNotif:104)&#xD;
	at com.kms.katalon.core.main.ScriptEngine.run(ScriptEngine.java:194)&#xD;
	at com.kms.katalon.core.main.ScriptEngine.runScriptAsRawText(ScriptEngine.java:119)&#xD;
	at com.kms.katalon.core.main.TestCaseExecutor.runScript(TestCaseExecutor.java:337)&#xD;
	at com.kms.katalon.core.main.TestCaseExecutor.doExecute(TestCaseExecutor.java:328)&#xD;
	at com.kms.katalon.core.main.TestCaseExecutor.processExecutionPhase(TestCaseExecutor.java:307)&#xD;
	at com.kms.katalon.core.main.TestCaseExecutor.accessMainPhase(TestCaseExecutor.java:299)&#xD;
	at com.kms.katalon.core.main.TestCaseExecutor.execute(TestCaseExecutor.java:233)&#xD;
	at com.kms.katalon.core.main.TestSuiteExecutor.accessTestCaseMainPhase(TestSuiteExecutor.java:133)&#xD;
	at com.kms.katalon.core.main.TestSuiteExecutor.accessTestSuiteMainPhase(TestSuiteExecutor.java:116)&#xD;
	at com.kms.katalon.core.main.TestSuiteExecutor.execute(TestSuiteExecutor.java:83)&#xD;
	at com.kms.katalon.core.main.TestCaseMain.startTestSuite(TestCaseMain.java:157)&#xD;
	at com.kms.katalon.core.main.TestCaseMain$startTestSuite$0.call(Unknown Source)&#xD;
	at TempTestSuite1576555809646.run(TempTestSuite1576555809646.groovy:35)&#xD;
)&#xD;
&#xD;
2019-12-17 11:10:21 - [MESSAGE][FAILED] - Unable to verify equal between actual object 'RC22' and expected object 'RC00' (Root cause: com.kms.katalon.core.exception.StepFailedException: Actual object 'RC22' and expected object 'RC00' are not equal&#xD;
	at com.kms.katalon.core.keyword.builtin.VerifyEqualKeyword$_verifyEqual_closure1.doCall(VerifyEqualKeyword.groovy:58)&#xD;
	at com.kms.katalon.core.keyword.builtin.VerifyEqualKeyword$_verifyEqual_closure1.call(VerifyEqualKeyword.groovy)&#xD;
	at com.kms.katalon.core.keyword.internal.KeywordMain.runKeyword(KeywordMain.groovy:68)&#xD;
	at com.kms.katalon.core.keyword.builtin.VerifyEqualKeyword.verifyEqual(VerifyEqualKeyword.groovy:63)&#xD;
	at com.kms.katalon.core.keyword.builtin.VerifyEqualKeyword.execute(VerifyEqualKeyword.groovy:44)&#xD;
	at com.kms.katalon.core.keyword.internal.KeywordExecutor.executeKeywordForPlatform(KeywordExecutor.groovy:56)&#xD;
	at com.kms.katalon.core.keyword.BuiltinKeywords.verifyEqual(BuiltinKeywords.groovy:141)&#xD;
	at TC_updateBillingUpdateSendNotif.run(TC_updateBillingUpdateSendNotif:104)&#xD;
	at com.kms.katalon.core.main.ScriptEngine.run(ScriptEngine.java:194)&#xD;
	at com.kms.katalon.core.main.ScriptEngine.runScriptAsRawText(ScriptEngine.java:119)&#xD;
	at com.kms.katalon.core.main.TestCaseExecutor.runScript(TestCaseExecutor.java:337)&#xD;
	at com.kms.katalon.core.main.TestCaseExecutor.doExecute(TestCaseExecutor.java:328)&#xD;
	at com.kms.katalon.core.main.TestCaseExecutor.processExecutionPhase(TestCaseExecutor.java:307)&#xD;
	at com.kms.katalon.core.main.TestCaseExecutor.accessMainPhase(TestCaseExecutor.java:299)&#xD;
	at com.kms.katalon.core.main.TestCaseExecutor.execute(TestCaseExecutor.java:233)&#xD;
	at com.kms.katalon.core.main.TestSuiteExecutor.accessTestCaseMainPhase(TestSuiteExecutor.java:133)&#xD;
	at com.kms.katalon.core.main.TestSuiteExecutor.accessTestSuiteMainPhase(TestSuiteExecutor.java:116)&#xD;
	at com.kms.katalon.core.main.TestSuiteExecutor.execute(TestSuiteExecutor.java:83)&#xD;
	at com.kms.katalon.core.main.TestCaseMain.startTestSuite(TestCaseMain.java:157)&#xD;
	at com.kms.katalon.core.main.TestCaseMain$startTestSuite$0.call(Unknown Source)&#xD;
	at TempTestSuite1576555809646.run(TempTestSuite1576555809646.groovy:35)&#xD;
)</system-out>
            <system-err>2019-12-17 11:10:20 - [TEST_CASE][FAILED] - Test Cases/E_Wallet/TC_updateBilling/TC_updateBillingUpdateSendNotif: Test Cases/E_Wallet/TC_updateBilling/TC_updateBillingUpdateSendNotif FAILED.
Reason:
com.kms.katalon.core.exception.StepFailedException: Actual object 'RC22' and expected object 'RC00' are not equal&#xD;
	at com.kms.katalon.core.keyword.builtin.VerifyEqualKeyword$_verifyEqual_closure1.doCall(VerifyEqualKeyword.groovy:58)&#xD;
	at com.kms.katalon.core.keyword.builtin.VerifyEqualKeyword$_verifyEqual_closure1.call(VerifyEqualKeyword.groovy)&#xD;
	at com.kms.katalon.core.keyword.internal.KeywordMain.runKeyword(KeywordMain.groovy:68)&#xD;
	at com.kms.katalon.core.keyword.builtin.VerifyEqualKeyword.verifyEqual(VerifyEqualKeyword.groovy:63)&#xD;
	at com.kms.katalon.core.keyword.builtin.VerifyEqualKeyword.execute(VerifyEqualKeyword.groovy:44)&#xD;
	at com.kms.katalon.core.keyword.internal.KeywordExecutor.executeKeywordForPlatform(KeywordExecutor.groovy:56)&#xD;
	at com.kms.katalon.core.keyword.BuiltinKeywords.verifyEqual(BuiltinKeywords.groovy:141)&#xD;
	at TC_updateBillingUpdateSendNotif.run(TC_updateBillingUpdateSendNotif:104)&#xD;
	at com.kms.katalon.core.main.ScriptEngine.run(ScriptEngine.java:194)&#xD;
	at com.kms.katalon.core.main.ScriptEngine.runScriptAsRawText(ScriptEngine.java:119)&#xD;
	at com.kms.katalon.core.main.TestCaseExecutor.runScript(TestCaseExecutor.java:337)&#xD;
	at com.kms.katalon.core.main.TestCaseExecutor.doExecute(TestCaseExecutor.java:328)&#xD;
	at com.kms.katalon.core.main.TestCaseExecutor.processExecutionPhase(TestCaseExecutor.java:307)&#xD;
	at com.kms.katalon.core.main.TestCaseExecutor.accessMainPhase(TestCaseExecutor.java:299)&#xD;
	at com.kms.katalon.core.main.TestCaseExecutor.execute(TestCaseExecutor.java:233)&#xD;
	at com.kms.katalon.core.main.TestSuiteExecutor.accessTestCaseMainPhase(TestSuiteExecutor.java:133)&#xD;
	at com.kms.katalon.core.main.TestSuiteExecutor.accessTestSuiteMainPhase(TestSuiteExecutor.java:116)&#xD;
	at com.kms.katalon.core.main.TestSuiteExecutor.execute(TestSuiteExecutor.java:83)&#xD;
	at com.kms.katalon.core.main.TestCaseMain.startTestSuite(TestCaseMain.java:157)&#xD;
	at com.kms.katalon.core.main.TestCaseMain$startTestSuite$0.call(Unknown Source)&#xD;
	at TempTestSuite1576555809646.run(TempTestSuite1576555809646.groovy:35)</system-err>
        </testcase>
        <testcase name="Test Cases/E_Wallet/TC_updateBilling/TC_updateBillingUpdateSendNotif" classname="Test Cases/E_Wallet/TC_updateBilling/TC_updateBillingUpdateSendNotif" status="FAILED">
            <failure type="FAILED" message="Test Cases/E_Wallet/TC_updateBilling/TC_updateBillingUpdateSendNotif FAILED.&#xA;Reason:&#xA;com.kms.katalon.core.exception.StepFailedException: Actual object 'RC22' and expected object 'RC00' are not equal&#xD;&#xA;&#x9;at com.kms.katalon.core.keyword.builtin.VerifyEqualKeyword$_verifyEqual_closure1.doCall(VerifyEqualKeyword.groovy:58)&#xD;&#xA;&#x9;at com.kms.katalon.core.keyword.builtin.VerifyEqualKeyword$_verifyEqual_closure1.call(VerifyEqualKeyword.groovy)&#xD;&#xA;&#x9;at com.kms.katalon.core.keyword.internal.KeywordMain.runKeyword(KeywordMain.groovy:68)&#xD;&#xA;&#x9;at com.kms.katalon.core.keyword.builtin.VerifyEqualKeyword.verifyEqual(VerifyEqualKeyword.groovy:63)&#xD;&#xA;&#x9;at com.kms.katalon.core.keyword.builtin.VerifyEqualKeyword.execute(VerifyEqualKeyword.groovy:44)&#xD;&#xA;&#x9;at com.kms.katalon.core.keyword.internal.KeywordExecutor.executeKeywordForPlatform(KeywordExecutor.groovy:56)&#xD;&#xA;&#x9;at com.kms.katalon.core.keyword.BuiltinKeywords.verifyEqual(BuiltinKeywords.groovy:141)&#xD;&#xA;&#x9;at TC_updateBillingUpdateSendNotif.run(TC_updateBillingUpdateSendNotif:104)&#xD;&#xA;&#x9;at com.kms.katalon.core.main.ScriptEngine.run(ScriptEngine.java:194)&#xD;&#xA;&#x9;at com.kms.katalon.core.main.ScriptEngine.runScriptAsRawText(ScriptEngine.java:119)&#xD;&#xA;&#x9;at com.kms.katalon.core.main.TestCaseExecutor.runScript(TestCaseExecutor.java:337)&#xD;&#xA;&#x9;at com.kms.katalon.core.main.TestCaseExecutor.doExecute(TestCaseExecutor.java:328)&#xD;&#xA;&#x9;at com.kms.katalon.core.main.TestCaseExecutor.processExecutionPhase(TestCaseExecutor.java:307)&#xD;&#xA;&#x9;at com.kms.katalon.core.main.TestCaseExecutor.accessMainPhase(TestCaseExecutor.java:299)&#xD;&#xA;&#x9;at com.kms.katalon.core.main.TestCaseExecutor.execute(TestCaseExecutor.java:233)&#xD;&#xA;&#x9;at com.kms.katalon.core.main.TestSuiteExecutor.accessTestCaseMainPhase(TestSuiteExecutor.java:133)&#xD;&#xA;&#x9;at com.kms.katalon.core.main.TestSuiteExecutor.accessTestSuiteMainPhase(TestSuiteExecutor.java:116)&#xD;&#xA;&#x9;at com.kms.katalon.core.main.TestSuiteExecutor.execute(TestSuiteExecutor.java:83)&#xD;&#xA;&#x9;at com.kms.katalon.core.main.TestCaseMain.startTestSuite(TestCaseMain.java:157)&#xD;&#xA;&#x9;at com.kms.katalon.core.main.TestCaseMain$startTestSuite$0.call(Unknown Source)&#xD;&#xA;&#x9;at TempTestSuite1576555809646.run(TempTestSuite1576555809646.groovy:35)&#xD;&#xA;"/>
            <system-out>2019-12-17 11:10:21 - [TEST_CASE][FAILED] - Test Cases/E_Wallet/TC_updateBilling/TC_updateBillingUpdateSendNotif: Test Cases/E_Wallet/TC_updateBilling/TC_updateBillingUpdateSendNotif FAILED.
Reason:
com.kms.katalon.core.exception.StepFailedException: Actual object 'RC22' and expected object 'RC00' are not equal&#xD;
	at com.kms.katalon.core.keyword.builtin.VerifyEqualKeyword$_verifyEqual_closure1.doCall(VerifyEqualKeyword.groovy:58)&#xD;
	at com.kms.katalon.core.keyword.builtin.VerifyEqualKeyword$_verifyEqual_closure1.call(VerifyEqualKeyword.groovy)&#xD;
	at com.kms.katalon.core.keyword.internal.KeywordMain.runKeyword(KeywordMain.groovy:68)&#xD;
	at com.kms.katalon.core.keyword.builtin.VerifyEqualKeyword.verifyEqual(VerifyEqualKeyword.groovy:63)&#xD;
	at com.kms.katalon.core.keyword.builtin.VerifyEqualKeyword.execute(VerifyEqualKeyword.groovy:44)&#xD;
	at com.kms.katalon.core.keyword.internal.KeywordExecutor.executeKeywordForPlatform(KeywordExecutor.groovy:56)&#xD;
	at com.kms.katalon.core.keyword.BuiltinKeywords.verifyEqual(BuiltinKeywords.groovy:141)&#xD;
	at TC_updateBillingUpdateSendNotif.run(TC_updateBillingUpdateSendNotif:104)&#xD;
	at com.kms.katalon.core.main.ScriptEngine.run(ScriptEngine.java:194)&#xD;
	at com.kms.katalon.core.main.ScriptEngine.runScriptAsRawText(ScriptEngine.java:119)&#xD;
	at com.kms.katalon.core.main.TestCaseExecutor.runScript(TestCaseExecutor.java:337)&#xD;
	at com.kms.katalon.core.main.TestCaseExecutor.doExecute(TestCaseExecutor.java:328)&#xD;
	at com.kms.katalon.core.main.TestCaseExecutor.processExecutionPhase(TestCaseExecutor.java:307)&#xD;
	at com.kms.katalon.core.main.TestCaseExecutor.accessMainPhase(TestCaseExecutor.java:299)&#xD;
	at com.kms.katalon.core.main.TestCaseExecutor.execute(TestCaseExecutor.java:233)&#xD;
	at com.kms.katalon.core.main.TestSuiteExecutor.accessTestCaseMainPhase(TestSuiteExecutor.java:133)&#xD;
	at com.kms.katalon.core.main.TestSuiteExecutor.accessTestSuiteMainPhase(TestSuiteExecutor.java:116)&#xD;
	at com.kms.katalon.core.main.TestSuiteExecutor.execute(TestSuiteExecutor.java:83)&#xD;
	at com.kms.katalon.core.main.TestCaseMain.startTestSuite(TestCaseMain.java:157)&#xD;
	at com.kms.katalon.core.main.TestCaseMain$startTestSuite$0.call(Unknown Source)&#xD;
	at TempTestSuite1576555809646.run(TempTestSuite1576555809646.groovy:35)&#xD;
&#xD;
&#xD;
2019-12-17 11:10:21 - [TEST_STEP][PASSED] - plain = "{" + ""user_agent":"" + var_user_agent + ""," + ""billing_id":"" + var_billing_id + ""," + ""amount":"" + var_amount + ""," + ""billing_status":"" + var_billing_status + ""," + ""verified_flag":"" + var_verified_flag + ""," + ""wallet_id":"" + var_wallet_id + ""," + ""billing_ref1":"" + var_billing_ref1 + ""," + ""billing_ref2":"" + var_billing_ref2 + ""," + ""billing_ref3":"" + var_billing_ref3 + ""}": null&#xD;
&#xD;
2019-12-17 11:10:21 - [TEST_STEP][PASSED] - out.println(plain): null&#xD;
&#xD;
2019-12-17 11:10:21 - [TEST_STEP][PASSED] - out.println("var_customer_token" + var_customer_token): null&#xD;
&#xD;
2019-12-17 11:10:21 - [TEST_STEP][PASSED] - out.println("var_partner_token" + var_partner_token): null&#xD;
&#xD;
2019-12-17 11:10:21 - [TEST_STEP][PASSED] - encipheredData = SecureUtils.encryptAesEwallet(plain, var_aes_key): null&#xD;
&#xD;
2019-12-17 11:10:21 - [TEST_STEP][PASSED] - body = "{"organisation_id":"" + var_organisation_id + ""," + ""data":"" + encipheredData + ""," + ""lang":"" + var_lang + ""}": null&#xD;
&#xD;
2019-12-17 11:10:21 - [TEST_STEP][PASSED] - out.println(body): null&#xD;
&#xD;
2019-12-17 11:10:21 - [TEST_STEP][PASSED] - request = findTestObject("E_Wallet/obj_updateBilling2"): null&#xD;
&#xD;
2019-12-17 11:10:21 - [TEST_STEP][PASSED] - request.setBodyContent(new com.kms.katalon.core.testobject.impl.HttpTextBodyContent(body, UTF-8, application/json)): null&#xD;
&#xD;
2019-12-17 11:10:21 - [TEST_STEP][PASSED] - if (var_customer_token == 0): null&#xD;
&#xD;
2019-12-17 11:10:21 - [TEST_STEP][PASSED] - else: null&#xD;
&#xD;
2019-12-17 11:10:21 - [TEST_STEP][PASSED] - out.println("using access_token = " + access_token_customer): null&#xD;
&#xD;
2019-12-17 11:10:21 - [TEST_STEP][PASSED] - listQuery = new java.util.ArrayList(): null&#xD;
&#xD;
2019-12-17 11:10:21 - [TEST_STEP][PASSED] - listQuery.add(new com.kms.katalon.core.testobject.TestObjectProperty(token, com.kms.katalon.core.testobject.ConditionType.EQUALS, internal.GlobalVariable.access_token_customer)): null&#xD;
&#xD;
2019-12-17 11:10:21 - [TEST_STEP][PASSED] - request.setRestParameters(listQuery): null&#xD;
&#xD;
2019-12-17 11:10:21 - [TEST_STEP][PASSED] - response = sendRequest(request): Send request successfully&#xD;
&#xD;
2019-12-17 11:10:21 - [MESSAGE][INFO] - HAR: D:\katalon-ewallet\Reports\E_Wallet\TS_updateBilling\TS_updateBillingUpdateSendNotif\20191217_111009\requests\main\33.har&#xD;
&#xD;
2019-12-17 11:10:21 - [MESSAGE][PASSED] - Send request successfully&#xD;
&#xD;
2019-12-17 11:10:21 - [TEST_STEP][PASSED] - a = &lt;not implemented yet for class: org.codehaus.groovy.ast.expr.EmptyExpression&gt;: null&#xD;
&#xD;
2019-12-17 11:10:21 - [TEST_STEP][PASSED] - headerProps = request.getHttpHeaderProperties(): null&#xD;
&#xD;
2019-12-17 11:10:21 - [TEST_STEP][PASSED] - for ([a = 0, a &lt; headerProps.size(), (a++)]): null&#xD;
&#xD;
2019-12-17 11:10:21 - [TEST_STEP][PASSED] - println(get(a).getName() + ": " + get(a).getValue()): null&#xD;
&#xD;
2019-12-17 11:10:21 - [TEST_STEP][PASSED] - println(get(a).getName() + ": " + get(a).getValue()): null&#xD;
&#xD;
2019-12-17 11:10:21 - [TEST_STEP][PASSED] - println(get(a).getName() + ": " + get(a).getValue()): null&#xD;
&#xD;
2019-12-17 11:10:21 - [TEST_STEP][PASSED] - body_content = responseBodyContent: null&#xD;
&#xD;
2019-12-17 11:10:21 - [TEST_STEP][PASSED] - status_code = statusCode: null&#xD;
&#xD;
2019-12-17 11:10:21 - [TEST_STEP][PASSED] - respDataMap = JsonSlurper().parseText(body_content): null&#xD;
&#xD;
2019-12-17 11:10:21 - [TEST_STEP][PASSED] - out.println(respDataMap): null&#xD;
&#xD;
2019-12-17 11:10:21 - [TEST_STEP][PASSED] - rc_ref = ReturnCodeWrapper(var_expected_rc).getEnumRC(): null&#xD;
&#xD;
2019-12-17 11:10:21 - [TEST_STEP][PASSED] - out.println(var_expected_rc): null&#xD;
&#xD;
2019-12-17 11:10:21 - [TEST_STEP][PASSED] - out.println(rc_ref.getRCName()): null&#xD;
&#xD;
2019-12-17 11:10:21 - [TEST_STEP][PASSED] - out.println(rc_ref.getHttpResponse()): null&#xD;
&#xD;
2019-12-17 11:10:21 - [TEST_STEP][FAILED] - result = verifyEqual(response_code, rc_ref.getRCName()): Unable to verify equal between actual object 'RC22' and expected object 'RC00' (Root cause: com.kms.katalon.core.exception.StepFailedException: Actual object 'RC22' and expected object 'RC00' are not equal&#xD;
	at com.kms.katalon.core.keyword.builtin.VerifyEqualKeyword$_verifyEqual_closure1.doCall(VerifyEqualKeyword.groovy:58)&#xD;
	at com.kms.katalon.core.keyword.builtin.VerifyEqualKeyword$_verifyEqual_closure1.call(VerifyEqualKeyword.groovy)&#xD;
	at com.kms.katalon.core.keyword.internal.KeywordMain.runKeyword(KeywordMain.groovy:68)&#xD;
	at com.kms.katalon.core.keyword.builtin.VerifyEqualKeyword.verifyEqual(VerifyEqualKeyword.groovy:63)&#xD;
	at com.kms.katalon.core.keyword.builtin.VerifyEqualKeyword.execute(VerifyEqualKeyword.groovy:44)&#xD;
	at com.kms.katalon.core.keyword.internal.KeywordExecutor.executeKeywordForPlatform(KeywordExecutor.groovy:56)&#xD;
	at com.kms.katalon.core.keyword.BuiltinKeywords.verifyEqual(BuiltinKeywords.groovy:141)&#xD;
	at TC_updateBillingUpdateSendNotif.run(TC_updateBillingUpdateSendNotif:104)&#xD;
	at com.kms.katalon.core.main.ScriptEngine.run(ScriptEngine.java:194)&#xD;
	at com.kms.katalon.core.main.ScriptEngine.runScriptAsRawText(ScriptEngine.java:119)&#xD;
	at com.kms.katalon.core.main.TestCaseExecutor.runScript(TestCaseExecutor.java:337)&#xD;
	at com.kms.katalon.core.main.TestCaseExecutor.doExecute(TestCaseExecutor.java:328)&#xD;
	at com.kms.katalon.core.main.TestCaseExecutor.processExecutionPhase(TestCaseExecutor.java:307)&#xD;
	at com.kms.katalon.core.main.TestCaseExecutor.accessMainPhase(TestCaseExecutor.java:299)&#xD;
	at com.kms.katalon.core.main.TestCaseExecutor.execute(TestCaseExecutor.java:233)&#xD;
	at com.kms.katalon.core.main.TestSuiteExecutor.accessTestCaseMainPhase(TestSuiteExecutor.java:133)&#xD;
	at com.kms.katalon.core.main.TestSuiteExecutor.accessTestSuiteMainPhase(TestSuiteExecutor.java:116)&#xD;
	at com.kms.katalon.core.main.TestSuiteExecutor.execute(TestSuiteExecutor.java:83)&#xD;
	at com.kms.katalon.core.main.TestCaseMain.startTestSuite(TestCaseMain.java:157)&#xD;
	at com.kms.katalon.core.main.TestCaseMain$startTestSuite$0.call(Unknown Source)&#xD;
	at TempTestSuite1576555809646.run(TempTestSuite1576555809646.groovy:35)&#xD;
)&#xD;
&#xD;
2019-12-17 11:10:21 - [MESSAGE][FAILED] - Unable to verify equal between actual object 'RC22' and expected object 'RC00' (Root cause: com.kms.katalon.core.exception.StepFailedException: Actual object 'RC22' and expected object 'RC00' are not equal&#xD;
	at com.kms.katalon.core.keyword.builtin.VerifyEqualKeyword$_verifyEqual_closure1.doCall(VerifyEqualKeyword.groovy:58)&#xD;
	at com.kms.katalon.core.keyword.builtin.VerifyEqualKeyword$_verifyEqual_closure1.call(VerifyEqualKeyword.groovy)&#xD;
	at com.kms.katalon.core.keyword.internal.KeywordMain.runKeyword(KeywordMain.groovy:68)&#xD;
	at com.kms.katalon.core.keyword.builtin.VerifyEqualKeyword.verifyEqual(VerifyEqualKeyword.groovy:63)&#xD;
	at com.kms.katalon.core.keyword.builtin.VerifyEqualKeyword.execute(VerifyEqualKeyword.groovy:44)&#xD;
	at com.kms.katalon.core.keyword.internal.KeywordExecutor.executeKeywordForPlatform(KeywordExecutor.groovy:56)&#xD;
	at com.kms.katalon.core.keyword.BuiltinKeywords.verifyEqual(BuiltinKeywords.groovy:141)&#xD;
	at TC_updateBillingUpdateSendNotif.run(TC_updateBillingUpdateSendNotif:104)&#xD;
	at com.kms.katalon.core.main.ScriptEngine.run(ScriptEngine.java:194)&#xD;
	at com.kms.katalon.core.main.ScriptEngine.runScriptAsRawText(ScriptEngine.java:119)&#xD;
	at com.kms.katalon.core.main.TestCaseExecutor.runScript(TestCaseExecutor.java:337)&#xD;
	at com.kms.katalon.core.main.TestCaseExecutor.doExecute(TestCaseExecutor.java:328)&#xD;
	at com.kms.katalon.core.main.TestCaseExecutor.processExecutionPhase(TestCaseExecutor.java:307)&#xD;
	at com.kms.katalon.core.main.TestCaseExecutor.accessMainPhase(TestCaseExecutor.java:299)&#xD;
	at com.kms.katalon.core.main.TestCaseExecutor.execute(TestCaseExecutor.java:233)&#xD;
	at com.kms.katalon.core.main.TestSuiteExecutor.accessTestCaseMainPhase(TestSuiteExecutor.java:133)&#xD;
	at com.kms.katalon.core.main.TestSuiteExecutor.accessTestSuiteMainPhase(TestSuiteExecutor.java:116)&#xD;
	at com.kms.katalon.core.main.TestSuiteExecutor.execute(TestSuiteExecutor.java:83)&#xD;
	at com.kms.katalon.core.main.TestCaseMain.startTestSuite(TestCaseMain.java:157)&#xD;
	at com.kms.katalon.core.main.TestCaseMain$startTestSuite$0.call(Unknown Source)&#xD;
	at TempTestSuite1576555809646.run(TempTestSuite1576555809646.groovy:35)&#xD;
)</system-out>
            <system-err>2019-12-17 11:10:21 - [TEST_CASE][FAILED] - Test Cases/E_Wallet/TC_updateBilling/TC_updateBillingUpdateSendNotif: Test Cases/E_Wallet/TC_updateBilling/TC_updateBillingUpdateSendNotif FAILED.
Reason:
com.kms.katalon.core.exception.StepFailedException: Actual object 'RC22' and expected object 'RC00' are not equal&#xD;
	at com.kms.katalon.core.keyword.builtin.VerifyEqualKeyword$_verifyEqual_closure1.doCall(VerifyEqualKeyword.groovy:58)&#xD;
	at com.kms.katalon.core.keyword.builtin.VerifyEqualKeyword$_verifyEqual_closure1.call(VerifyEqualKeyword.groovy)&#xD;
	at com.kms.katalon.core.keyword.internal.KeywordMain.runKeyword(KeywordMain.groovy:68)&#xD;
	at com.kms.katalon.core.keyword.builtin.VerifyEqualKeyword.verifyEqual(VerifyEqualKeyword.groovy:63)&#xD;
	at com.kms.katalon.core.keyword.builtin.VerifyEqualKeyword.execute(VerifyEqualKeyword.groovy:44)&#xD;
	at com.kms.katalon.core.keyword.internal.KeywordExecutor.executeKeywordForPlatform(KeywordExecutor.groovy:56)&#xD;
	at com.kms.katalon.core.keyword.BuiltinKeywords.verifyEqual(BuiltinKeywords.groovy:141)&#xD;
	at TC_updateBillingUpdateSendNotif.run(TC_updateBillingUpdateSendNotif:104)&#xD;
	at com.kms.katalon.core.main.ScriptEngine.run(ScriptEngine.java:194)&#xD;
	at com.kms.katalon.core.main.ScriptEngine.runScriptAsRawText(ScriptEngine.java:119)&#xD;
	at com.kms.katalon.core.main.TestCaseExecutor.runScript(TestCaseExecutor.java:337)&#xD;
	at com.kms.katalon.core.main.TestCaseExecutor.doExecute(TestCaseExecutor.java:328)&#xD;
	at com.kms.katalon.core.main.TestCaseExecutor.processExecutionPhase(TestCaseExecutor.java:307)&#xD;
	at com.kms.katalon.core.main.TestCaseExecutor.accessMainPhase(TestCaseExecutor.java:299)&#xD;
	at com.kms.katalon.core.main.TestCaseExecutor.execute(TestCaseExecutor.java:233)&#xD;
	at com.kms.katalon.core.main.TestSuiteExecutor.accessTestCaseMainPhase(TestSuiteExecutor.java:133)&#xD;
	at com.kms.katalon.core.main.TestSuiteExecutor.accessTestSuiteMainPhase(TestSuiteExecutor.java:116)&#xD;
	at com.kms.katalon.core.main.TestSuiteExecutor.execute(TestSuiteExecutor.java:83)&#xD;
	at com.kms.katalon.core.main.TestCaseMain.startTestSuite(TestCaseMain.java:157)&#xD;
	at com.kms.katalon.core.main.TestCaseMain$startTestSuite$0.call(Unknown Source)&#xD;
	at TempTestSuite1576555809646.run(TempTestSuite1576555809646.groovy:35)</system-err>
        </testcase>
        <testcase name="Test Cases/E_Wallet/TC_updateBilling/TC_updateBillingUpdateSendNotif" classname="Test Cases/E_Wallet/TC_updateBilling/TC_updateBillingUpdateSendNotif" status="FAILED">
            <failure type="FAILED" message="Test Cases/E_Wallet/TC_updateBilling/TC_updateBillingUpdateSendNotif FAILED.&#xA;Reason:&#xA;com.kms.katalon.core.exception.StepFailedException: Actual object 'RC22' and expected object 'RC00' are not equal&#xD;&#xA;&#x9;at com.kms.katalon.core.keyword.builtin.VerifyEqualKeyword$_verifyEqual_closure1.doCall(VerifyEqualKeyword.groovy:58)&#xD;&#xA;&#x9;at com.kms.katalon.core.keyword.builtin.VerifyEqualKeyword$_verifyEqual_closure1.call(VerifyEqualKeyword.groovy)&#xD;&#xA;&#x9;at com.kms.katalon.core.keyword.internal.KeywordMain.runKeyword(KeywordMain.groovy:68)&#xD;&#xA;&#x9;at com.kms.katalon.core.keyword.builtin.VerifyEqualKeyword.verifyEqual(VerifyEqualKeyword.groovy:63)&#xD;&#xA;&#x9;at com.kms.katalon.core.keyword.builtin.VerifyEqualKeyword.execute(VerifyEqualKeyword.groovy:44)&#xD;&#xA;&#x9;at com.kms.katalon.core.keyword.internal.KeywordExecutor.executeKeywordForPlatform(KeywordExecutor.groovy:56)&#xD;&#xA;&#x9;at com.kms.katalon.core.keyword.BuiltinKeywords.verifyEqual(BuiltinKeywords.groovy:141)&#xD;&#xA;&#x9;at TC_updateBillingUpdateSendNotif.run(TC_updateBillingUpdateSendNotif:104)&#xD;&#xA;&#x9;at com.kms.katalon.core.main.ScriptEngine.run(ScriptEngine.java:194)&#xD;&#xA;&#x9;at com.kms.katalon.core.main.ScriptEngine.runScriptAsRawText(ScriptEngine.java:119)&#xD;&#xA;&#x9;at com.kms.katalon.core.main.TestCaseExecutor.runScript(TestCaseExecutor.java:337)&#xD;&#xA;&#x9;at com.kms.katalon.core.main.TestCaseExecutor.doExecute(TestCaseExecutor.java:328)&#xD;&#xA;&#x9;at com.kms.katalon.core.main.TestCaseExecutor.processExecutionPhase(TestCaseExecutor.java:307)&#xD;&#xA;&#x9;at com.kms.katalon.core.main.TestCaseExecutor.accessMainPhase(TestCaseExecutor.java:299)&#xD;&#xA;&#x9;at com.kms.katalon.core.main.TestCaseExecutor.execute(TestCaseExecutor.java:233)&#xD;&#xA;&#x9;at com.kms.katalon.core.main.TestSuiteExecutor.accessTestCaseMainPhase(TestSuiteExecutor.java:133)&#xD;&#xA;&#x9;at com.kms.katalon.core.main.TestSuiteExecutor.accessTestSuiteMainPhase(TestSuiteExecutor.java:116)&#xD;&#xA;&#x9;at com.kms.katalon.core.main.TestSuiteExecutor.execute(TestSuiteExecutor.java:83)&#xD;&#xA;&#x9;at com.kms.katalon.core.main.TestCaseMain.startTestSuite(TestCaseMain.java:157)&#xD;&#xA;&#x9;at com.kms.katalon.core.main.TestCaseMain$startTestSuite$0.call(Unknown Source)&#xD;&#xA;&#x9;at TempTestSuite1576555809646.run(TempTestSuite1576555809646.groovy:35)&#xD;&#xA;"/>
            <system-out>2019-12-17 11:10:21 - [TEST_CASE][FAILED] - Test Cases/E_Wallet/TC_updateBilling/TC_updateBillingUpdateSendNotif: Test Cases/E_Wallet/TC_updateBilling/TC_updateBillingUpdateSendNotif FAILED.
Reason:
com.kms.katalon.core.exception.StepFailedException: Actual object 'RC22' and expected object 'RC00' are not equal&#xD;
	at com.kms.katalon.core.keyword.builtin.VerifyEqualKeyword$_verifyEqual_closure1.doCall(VerifyEqualKeyword.groovy:58)&#xD;
	at com.kms.katalon.core.keyword.builtin.VerifyEqualKeyword$_verifyEqual_closure1.call(VerifyEqualKeyword.groovy)&#xD;
	at com.kms.katalon.core.keyword.internal.KeywordMain.runKeyword(KeywordMain.groovy:68)&#xD;
	at com.kms.katalon.core.keyword.builtin.VerifyEqualKeyword.verifyEqual(VerifyEqualKeyword.groovy:63)&#xD;
	at com.kms.katalon.core.keyword.builtin.VerifyEqualKeyword.execute(VerifyEqualKeyword.groovy:44)&#xD;
	at com.kms.katalon.core.keyword.internal.KeywordExecutor.executeKeywordForPlatform(KeywordExecutor.groovy:56)&#xD;
	at com.kms.katalon.core.keyword.BuiltinKeywords.verifyEqual(BuiltinKeywords.groovy:141)&#xD;
	at TC_updateBillingUpdateSendNotif.run(TC_updateBillingUpdateSendNotif:104)&#xD;
	at com.kms.katalon.core.main.ScriptEngine.run(ScriptEngine.java:194)&#xD;
	at com.kms.katalon.core.main.ScriptEngine.runScriptAsRawText(ScriptEngine.java:119)&#xD;
	at com.kms.katalon.core.main.TestCaseExecutor.runScript(TestCaseExecutor.java:337)&#xD;
	at com.kms.katalon.core.main.TestCaseExecutor.doExecute(TestCaseExecutor.java:328)&#xD;
	at com.kms.katalon.core.main.TestCaseExecutor.processExecutionPhase(TestCaseExecutor.java:307)&#xD;
	at com.kms.katalon.core.main.TestCaseExecutor.accessMainPhase(TestCaseExecutor.java:299)&#xD;
	at com.kms.katalon.core.main.TestCaseExecutor.execute(TestCaseExecutor.java:233)&#xD;
	at com.kms.katalon.core.main.TestSuiteExecutor.accessTestCaseMainPhase(TestSuiteExecutor.java:133)&#xD;
	at com.kms.katalon.core.main.TestSuiteExecutor.accessTestSuiteMainPhase(TestSuiteExecutor.java:116)&#xD;
	at com.kms.katalon.core.main.TestSuiteExecutor.execute(TestSuiteExecutor.java:83)&#xD;
	at com.kms.katalon.core.main.TestCaseMain.startTestSuite(TestCaseMain.java:157)&#xD;
	at com.kms.katalon.core.main.TestCaseMain$startTestSuite$0.call(Unknown Source)&#xD;
	at TempTestSuite1576555809646.run(TempTestSuite1576555809646.groovy:35)&#xD;
&#xD;
&#xD;
2019-12-17 11:10:21 - [TEST_STEP][PASSED] - plain = "{" + ""user_agent":"" + var_user_agent + ""," + ""billing_id":"" + var_billing_id + ""," + ""amount":"" + var_amount + ""," + ""billing_status":"" + var_billing_status + ""," + ""verified_flag":"" + var_verified_flag + ""," + ""wallet_id":"" + var_wallet_id + ""," + ""billing_ref1":"" + var_billing_ref1 + ""," + ""billing_ref2":"" + var_billing_ref2 + ""," + ""billing_ref3":"" + var_billing_ref3 + ""}": null&#xD;
&#xD;
2019-12-17 11:10:21 - [TEST_STEP][PASSED] - out.println(plain): null&#xD;
&#xD;
2019-12-17 11:10:21 - [TEST_STEP][PASSED] - out.println("var_customer_token" + var_customer_token): null&#xD;
&#xD;
2019-12-17 11:10:21 - [TEST_STEP][PASSED] - out.println("var_partner_token" + var_partner_token): null&#xD;
&#xD;
2019-12-17 11:10:21 - [TEST_STEP][PASSED] - encipheredData = SecureUtils.encryptAesEwallet(plain, var_aes_key): null&#xD;
&#xD;
2019-12-17 11:10:21 - [TEST_STEP][PASSED] - body = "{"organisation_id":"" + var_organisation_id + ""," + ""data":"" + encipheredData + ""," + ""lang":"" + var_lang + ""}": null&#xD;
&#xD;
2019-12-17 11:10:21 - [TEST_STEP][PASSED] - out.println(body): null&#xD;
&#xD;
2019-12-17 11:10:21 - [TEST_STEP][PASSED] - request = findTestObject("E_Wallet/obj_updateBilling2"): null&#xD;
&#xD;
2019-12-17 11:10:21 - [TEST_STEP][PASSED] - request.setBodyContent(new com.kms.katalon.core.testobject.impl.HttpTextBodyContent(body, UTF-8, application/json)): null&#xD;
&#xD;
2019-12-17 11:10:21 - [TEST_STEP][PASSED] - if (var_customer_token == 0): null&#xD;
&#xD;
2019-12-17 11:10:21 - [TEST_STEP][PASSED] - else: null&#xD;
&#xD;
2019-12-17 11:10:21 - [TEST_STEP][PASSED] - out.println("using access_token = " + access_token_customer): null&#xD;
&#xD;
2019-12-17 11:10:21 - [TEST_STEP][PASSED] - listQuery = new java.util.ArrayList(): null&#xD;
&#xD;
2019-12-17 11:10:21 - [TEST_STEP][PASSED] - listQuery.add(new com.kms.katalon.core.testobject.TestObjectProperty(token, com.kms.katalon.core.testobject.ConditionType.EQUALS, internal.GlobalVariable.access_token_customer)): null&#xD;
&#xD;
2019-12-17 11:10:21 - [TEST_STEP][PASSED] - request.setRestParameters(listQuery): null&#xD;
&#xD;
2019-12-17 11:10:21 - [TEST_STEP][PASSED] - response = sendRequest(request): Send request successfully&#xD;
&#xD;
2019-12-17 11:10:21 - [MESSAGE][INFO] - HAR: D:\katalon-ewallet\Reports\E_Wallet\TS_updateBilling\TS_updateBillingUpdateSendNotif\20191217_111009\requests\main\34.har&#xD;
&#xD;
2019-12-17 11:10:21 - [MESSAGE][PASSED] - Send request successfully&#xD;
&#xD;
2019-12-17 11:10:21 - [TEST_STEP][PASSED] - a = &lt;not implemented yet for class: org.codehaus.groovy.ast.expr.EmptyExpression&gt;: null&#xD;
&#xD;
2019-12-17 11:10:21 - [TEST_STEP][PASSED] - headerProps = request.getHttpHeaderProperties(): null&#xD;
&#xD;
2019-12-17 11:10:21 - [TEST_STEP][PASSED] - for ([a = 0, a &lt; headerProps.size(), (a++)]): null&#xD;
&#xD;
2019-12-17 11:10:21 - [TEST_STEP][PASSED] - println(get(a).getName() + ": " + get(a).getValue()): null&#xD;
&#xD;
2019-12-17 11:10:21 - [TEST_STEP][PASSED] - println(get(a).getName() + ": " + get(a).getValue()): null&#xD;
&#xD;
2019-12-17 11:10:21 - [TEST_STEP][PASSED] - println(get(a).getName() + ": " + get(a).getValue()): null&#xD;
&#xD;
2019-12-17 11:10:21 - [TEST_STEP][PASSED] - body_content = responseBodyContent: null&#xD;
&#xD;
2019-12-17 11:10:21 - [TEST_STEP][PASSED] - status_code = statusCode: null&#xD;
&#xD;
2019-12-17 11:10:21 - [TEST_STEP][PASSED] - respDataMap = JsonSlurper().parseText(body_content): null&#xD;
&#xD;
2019-12-17 11:10:21 - [TEST_STEP][PASSED] - out.println(respDataMap): null&#xD;
&#xD;
2019-12-17 11:10:21 - [TEST_STEP][PASSED] - rc_ref = ReturnCodeWrapper(var_expected_rc).getEnumRC(): null&#xD;
&#xD;
2019-12-17 11:10:21 - [TEST_STEP][PASSED] - out.println(var_expected_rc): null&#xD;
&#xD;
2019-12-17 11:10:21 - [TEST_STEP][PASSED] - out.println(rc_ref.getRCName()): null&#xD;
&#xD;
2019-12-17 11:10:21 - [TEST_STEP][PASSED] - out.println(rc_ref.getHttpResponse()): null&#xD;
&#xD;
2019-12-17 11:10:21 - [TEST_STEP][FAILED] - result = verifyEqual(response_code, rc_ref.getRCName()): Unable to verify equal between actual object 'RC22' and expected object 'RC00' (Root cause: com.kms.katalon.core.exception.StepFailedException: Actual object 'RC22' and expected object 'RC00' are not equal&#xD;
	at com.kms.katalon.core.keyword.builtin.VerifyEqualKeyword$_verifyEqual_closure1.doCall(VerifyEqualKeyword.groovy:58)&#xD;
	at com.kms.katalon.core.keyword.builtin.VerifyEqualKeyword$_verifyEqual_closure1.call(VerifyEqualKeyword.groovy)&#xD;
	at com.kms.katalon.core.keyword.internal.KeywordMain.runKeyword(KeywordMain.groovy:68)&#xD;
	at com.kms.katalon.core.keyword.builtin.VerifyEqualKeyword.verifyEqual(VerifyEqualKeyword.groovy:63)&#xD;
	at com.kms.katalon.core.keyword.builtin.VerifyEqualKeyword.execute(VerifyEqualKeyword.groovy:44)&#xD;
	at com.kms.katalon.core.keyword.internal.KeywordExecutor.executeKeywordForPlatform(KeywordExecutor.groovy:56)&#xD;
	at com.kms.katalon.core.keyword.BuiltinKeywords.verifyEqual(BuiltinKeywords.groovy:141)&#xD;
	at TC_updateBillingUpdateSendNotif.run(TC_updateBillingUpdateSendNotif:104)&#xD;
	at com.kms.katalon.core.main.ScriptEngine.run(ScriptEngine.java:194)&#xD;
	at com.kms.katalon.core.main.ScriptEngine.runScriptAsRawText(ScriptEngine.java:119)&#xD;
	at com.kms.katalon.core.main.TestCaseExecutor.runScript(TestCaseExecutor.java:337)&#xD;
	at com.kms.katalon.core.main.TestCaseExecutor.doExecute(TestCaseExecutor.java:328)&#xD;
	at com.kms.katalon.core.main.TestCaseExecutor.processExecutionPhase(TestCaseExecutor.java:307)&#xD;
	at com.kms.katalon.core.main.TestCaseExecutor.accessMainPhase(TestCaseExecutor.java:299)&#xD;
	at com.kms.katalon.core.main.TestCaseExecutor.execute(TestCaseExecutor.java:233)&#xD;
	at com.kms.katalon.core.main.TestSuiteExecutor.accessTestCaseMainPhase(TestSuiteExecutor.java:133)&#xD;
	at com.kms.katalon.core.main.TestSuiteExecutor.accessTestSuiteMainPhase(TestSuiteExecutor.java:116)&#xD;
	at com.kms.katalon.core.main.TestSuiteExecutor.execute(TestSuiteExecutor.java:83)&#xD;
	at com.kms.katalon.core.main.TestCaseMain.startTestSuite(TestCaseMain.java:157)&#xD;
	at com.kms.katalon.core.main.TestCaseMain$startTestSuite$0.call(Unknown Source)&#xD;
	at TempTestSuite1576555809646.run(TempTestSuite1576555809646.groovy:35)&#xD;
)&#xD;
&#xD;
2019-12-17 11:10:21 - [MESSAGE][FAILED] - Unable to verify equal between actual object 'RC22' and expected object 'RC00' (Root cause: com.kms.katalon.core.exception.StepFailedException: Actual object 'RC22' and expected object 'RC00' are not equal&#xD;
	at com.kms.katalon.core.keyword.builtin.VerifyEqualKeyword$_verifyEqual_closure1.doCall(VerifyEqualKeyword.groovy:58)&#xD;
	at com.kms.katalon.core.keyword.builtin.VerifyEqualKeyword$_verifyEqual_closure1.call(VerifyEqualKeyword.groovy)&#xD;
	at com.kms.katalon.core.keyword.internal.KeywordMain.runKeyword(KeywordMain.groovy:68)&#xD;
	at com.kms.katalon.core.keyword.builtin.VerifyEqualKeyword.verifyEqual(VerifyEqualKeyword.groovy:63)&#xD;
	at com.kms.katalon.core.keyword.builtin.VerifyEqualKeyword.execute(VerifyEqualKeyword.groovy:44)&#xD;
	at com.kms.katalon.core.keyword.internal.KeywordExecutor.executeKeywordForPlatform(KeywordExecutor.groovy:56)&#xD;
	at com.kms.katalon.core.keyword.BuiltinKeywords.verifyEqual(BuiltinKeywords.groovy:141)&#xD;
	at TC_updateBillingUpdateSendNotif.run(TC_updateBillingUpdateSendNotif:104)&#xD;
	at com.kms.katalon.core.main.ScriptEngine.run(ScriptEngine.java:194)&#xD;
	at com.kms.katalon.core.main.ScriptEngine.runScriptAsRawText(ScriptEngine.java:119)&#xD;
	at com.kms.katalon.core.main.TestCaseExecutor.runScript(TestCaseExecutor.java:337)&#xD;
	at com.kms.katalon.core.main.TestCaseExecutor.doExecute(TestCaseExecutor.java:328)&#xD;
	at com.kms.katalon.core.main.TestCaseExecutor.processExecutionPhase(TestCaseExecutor.java:307)&#xD;
	at com.kms.katalon.core.main.TestCaseExecutor.accessMainPhase(TestCaseExecutor.java:299)&#xD;
	at com.kms.katalon.core.main.TestCaseExecutor.execute(TestCaseExecutor.java:233)&#xD;
	at com.kms.katalon.core.main.TestSuiteExecutor.accessTestCaseMainPhase(TestSuiteExecutor.java:133)&#xD;
	at com.kms.katalon.core.main.TestSuiteExecutor.accessTestSuiteMainPhase(TestSuiteExecutor.java:116)&#xD;
	at com.kms.katalon.core.main.TestSuiteExecutor.execute(TestSuiteExecutor.java:83)&#xD;
	at com.kms.katalon.core.main.TestCaseMain.startTestSuite(TestCaseMain.java:157)&#xD;
	at com.kms.katalon.core.main.TestCaseMain$startTestSuite$0.call(Unknown Source)&#xD;
	at TempTestSuite1576555809646.run(TempTestSuite1576555809646.groovy:35)&#xD;
)</system-out>
            <system-err>2019-12-17 11:10:21 - [TEST_CASE][FAILED] - Test Cases/E_Wallet/TC_updateBilling/TC_updateBillingUpdateSendNotif: Test Cases/E_Wallet/TC_updateBilling/TC_updateBillingUpdateSendNotif FAILED.
Reason:
com.kms.katalon.core.exception.StepFailedException: Actual object 'RC22' and expected object 'RC00' are not equal&#xD;
	at com.kms.katalon.core.keyword.builtin.VerifyEqualKeyword$_verifyEqual_closure1.doCall(VerifyEqualKeyword.groovy:58)&#xD;
	at com.kms.katalon.core.keyword.builtin.VerifyEqualKeyword$_verifyEqual_closure1.call(VerifyEqualKeyword.groovy)&#xD;
	at com.kms.katalon.core.keyword.internal.KeywordMain.runKeyword(KeywordMain.groovy:68)&#xD;
	at com.kms.katalon.core.keyword.builtin.VerifyEqualKeyword.verifyEqual(VerifyEqualKeyword.groovy:63)&#xD;
	at com.kms.katalon.core.keyword.builtin.VerifyEqualKeyword.execute(VerifyEqualKeyword.groovy:44)&#xD;
	at com.kms.katalon.core.keyword.internal.KeywordExecutor.executeKeywordForPlatform(KeywordExecutor.groovy:56)&#xD;
	at com.kms.katalon.core.keyword.BuiltinKeywords.verifyEqual(BuiltinKeywords.groovy:141)&#xD;
	at TC_updateBillingUpdateSendNotif.run(TC_updateBillingUpdateSendNotif:104)&#xD;
	at com.kms.katalon.core.main.ScriptEngine.run(ScriptEngine.java:194)&#xD;
	at com.kms.katalon.core.main.ScriptEngine.runScriptAsRawText(ScriptEngine.java:119)&#xD;
	at com.kms.katalon.core.main.TestCaseExecutor.runScript(TestCaseExecutor.java:337)&#xD;
	at com.kms.katalon.core.main.TestCaseExecutor.doExecute(TestCaseExecutor.java:328)&#xD;
	at com.kms.katalon.core.main.TestCaseExecutor.processExecutionPhase(TestCaseExecutor.java:307)&#xD;
	at com.kms.katalon.core.main.TestCaseExecutor.accessMainPhase(TestCaseExecutor.java:299)&#xD;
	at com.kms.katalon.core.main.TestCaseExecutor.execute(TestCaseExecutor.java:233)&#xD;
	at com.kms.katalon.core.main.TestSuiteExecutor.accessTestCaseMainPhase(TestSuiteExecutor.java:133)&#xD;
	at com.kms.katalon.core.main.TestSuiteExecutor.accessTestSuiteMainPhase(TestSuiteExecutor.java:116)&#xD;
	at com.kms.katalon.core.main.TestSuiteExecutor.execute(TestSuiteExecutor.java:83)&#xD;
	at com.kms.katalon.core.main.TestCaseMain.startTestSuite(TestCaseMain.java:157)&#xD;
	at com.kms.katalon.core.main.TestCaseMain$startTestSuite$0.call(Unknown Source)&#xD;
	at TempTestSuite1576555809646.run(TempTestSuite1576555809646.groovy:35)</system-err>
        </testcase>
        <testcase name="Test Cases/E_Wallet/TC_updateBilling/TC_updateBillingUpdateSendNotif" classname="Test Cases/E_Wallet/TC_updateBilling/TC_updateBillingUpdateSendNotif" status="FAILED">
            <failure type="FAILED" message="Test Cases/E_Wallet/TC_updateBilling/TC_updateBillingUpdateSendNotif FAILED.&#xA;Reason:&#xA;com.kms.katalon.core.exception.StepFailedException: Actual object 'RC22' and expected object 'RC00' are not equal&#xD;&#xA;&#x9;at com.kms.katalon.core.keyword.builtin.VerifyEqualKeyword$_verifyEqual_closure1.doCall(VerifyEqualKeyword.groovy:58)&#xD;&#xA;&#x9;at com.kms.katalon.core.keyword.builtin.VerifyEqualKeyword$_verifyEqual_closure1.call(VerifyEqualKeyword.groovy)&#xD;&#xA;&#x9;at com.kms.katalon.core.keyword.internal.KeywordMain.runKeyword(KeywordMain.groovy:68)&#xD;&#xA;&#x9;at com.kms.katalon.core.keyword.builtin.VerifyEqualKeyword.verifyEqual(VerifyEqualKeyword.groovy:63)&#xD;&#xA;&#x9;at com.kms.katalon.core.keyword.builtin.VerifyEqualKeyword.execute(VerifyEqualKeyword.groovy:44)&#xD;&#xA;&#x9;at com.kms.katalon.core.keyword.internal.KeywordExecutor.executeKeywordForPlatform(KeywordExecutor.groovy:56)&#xD;&#xA;&#x9;at com.kms.katalon.core.keyword.BuiltinKeywords.verifyEqual(BuiltinKeywords.groovy:141)&#xD;&#xA;&#x9;at TC_updateBillingUpdateSendNotif.run(TC_updateBillingUpdateSendNotif:104)&#xD;&#xA;&#x9;at com.kms.katalon.core.main.ScriptEngine.run(ScriptEngine.java:194)&#xD;&#xA;&#x9;at com.kms.katalon.core.main.ScriptEngine.runScriptAsRawText(ScriptEngine.java:119)&#xD;&#xA;&#x9;at com.kms.katalon.core.main.TestCaseExecutor.runScript(TestCaseExecutor.java:337)&#xD;&#xA;&#x9;at com.kms.katalon.core.main.TestCaseExecutor.doExecute(TestCaseExecutor.java:328)&#xD;&#xA;&#x9;at com.kms.katalon.core.main.TestCaseExecutor.processExecutionPhase(TestCaseExecutor.java:307)&#xD;&#xA;&#x9;at com.kms.katalon.core.main.TestCaseExecutor.accessMainPhase(TestCaseExecutor.java:299)&#xD;&#xA;&#x9;at com.kms.katalon.core.main.TestCaseExecutor.execute(TestCaseExecutor.java:233)&#xD;&#xA;&#x9;at com.kms.katalon.core.main.TestSuiteExecutor.accessTestCaseMainPhase(TestSuiteExecutor.java:133)&#xD;&#xA;&#x9;at com.kms.katalon.core.main.TestSuiteExecutor.accessTestSuiteMainPhase(TestSuiteExecutor.java:116)&#xD;&#xA;&#x9;at com.kms.katalon.core.main.TestSuiteExecutor.execute(TestSuiteExecutor.java:83)&#xD;&#xA;&#x9;at com.kms.katalon.core.main.TestCaseMain.startTestSuite(TestCaseMain.java:157)&#xD;&#xA;&#x9;at com.kms.katalon.core.main.TestCaseMain$startTestSuite$0.call(Unknown Source)&#xD;&#xA;&#x9;at TempTestSuite1576555809646.run(TempTestSuite1576555809646.groovy:35)&#xD;&#xA;"/>
            <system-out>2019-12-17 11:10:21 - [TEST_CASE][FAILED] - Test Cases/E_Wallet/TC_updateBilling/TC_updateBillingUpdateSendNotif: Test Cases/E_Wallet/TC_updateBilling/TC_updateBillingUpdateSendNotif FAILED.
Reason:
com.kms.katalon.core.exception.StepFailedException: Actual object 'RC22' and expected object 'RC00' are not equal&#xD;
	at com.kms.katalon.core.keyword.builtin.VerifyEqualKeyword$_verifyEqual_closure1.doCall(VerifyEqualKeyword.groovy:58)&#xD;
	at com.kms.katalon.core.keyword.builtin.VerifyEqualKeyword$_verifyEqual_closure1.call(VerifyEqualKeyword.groovy)&#xD;
	at com.kms.katalon.core.keyword.internal.KeywordMain.runKeyword(KeywordMain.groovy:68)&#xD;
	at com.kms.katalon.core.keyword.builtin.VerifyEqualKeyword.verifyEqual(VerifyEqualKeyword.groovy:63)&#xD;
	at com.kms.katalon.core.keyword.builtin.VerifyEqualKeyword.execute(VerifyEqualKeyword.groovy:44)&#xD;
	at com.kms.katalon.core.keyword.internal.KeywordExecutor.executeKeywordForPlatform(KeywordExecutor.groovy:56)&#xD;
	at com.kms.katalon.core.keyword.BuiltinKeywords.verifyEqual(BuiltinKeywords.groovy:141)&#xD;
	at TC_updateBillingUpdateSendNotif.run(TC_updateBillingUpdateSendNotif:104)&#xD;
	at com.kms.katalon.core.main.ScriptEngine.run(ScriptEngine.java:194)&#xD;
	at com.kms.katalon.core.main.ScriptEngine.runScriptAsRawText(ScriptEngine.java:119)&#xD;
	at com.kms.katalon.core.main.TestCaseExecutor.runScript(TestCaseExecutor.java:337)&#xD;
	at com.kms.katalon.core.main.TestCaseExecutor.doExecute(TestCaseExecutor.java:328)&#xD;
	at com.kms.katalon.core.main.TestCaseExecutor.processExecutionPhase(TestCaseExecutor.java:307)&#xD;
	at com.kms.katalon.core.main.TestCaseExecutor.accessMainPhase(TestCaseExecutor.java:299)&#xD;
	at com.kms.katalon.core.main.TestCaseExecutor.execute(TestCaseExecutor.java:233)&#xD;
	at com.kms.katalon.core.main.TestSuiteExecutor.accessTestCaseMainPhase(TestSuiteExecutor.java:133)&#xD;
	at com.kms.katalon.core.main.TestSuiteExecutor.accessTestSuiteMainPhase(TestSuiteExecutor.java:116)&#xD;
	at com.kms.katalon.core.main.TestSuiteExecutor.execute(TestSuiteExecutor.java:83)&#xD;
	at com.kms.katalon.core.main.TestCaseMain.startTestSuite(TestCaseMain.java:157)&#xD;
	at com.kms.katalon.core.main.TestCaseMain$startTestSuite$0.call(Unknown Source)&#xD;
	at TempTestSuite1576555809646.run(TempTestSuite1576555809646.groovy:35)&#xD;
&#xD;
&#xD;
2019-12-17 11:10:21 - [TEST_STEP][PASSED] - plain = "{" + ""user_agent":"" + var_user_agent + ""," + ""billing_id":"" + var_billing_id + ""," + ""amount":"" + var_amount + ""," + ""billing_status":"" + var_billing_status + ""," + ""verified_flag":"" + var_verified_flag + ""," + ""wallet_id":"" + var_wallet_id + ""," + ""billing_ref1":"" + var_billing_ref1 + ""," + ""billing_ref2":"" + var_billing_ref2 + ""," + ""billing_ref3":"" + var_billing_ref3 + ""}": null&#xD;
&#xD;
2019-12-17 11:10:21 - [TEST_STEP][PASSED] - out.println(plain): null&#xD;
&#xD;
2019-12-17 11:10:21 - [TEST_STEP][PASSED] - out.println("var_customer_token" + var_customer_token): null&#xD;
&#xD;
2019-12-17 11:10:21 - [TEST_STEP][PASSED] - out.println("var_partner_token" + var_partner_token): null&#xD;
&#xD;
2019-12-17 11:10:21 - [TEST_STEP][PASSED] - encipheredData = SecureUtils.encryptAesEwallet(plain, var_aes_key): null&#xD;
&#xD;
2019-12-17 11:10:21 - [TEST_STEP][PASSED] - body = "{"organisation_id":"" + var_organisation_id + ""," + ""data":"" + encipheredData + ""," + ""lang":"" + var_lang + ""}": null&#xD;
&#xD;
2019-12-17 11:10:21 - [TEST_STEP][PASSED] - out.println(body): null&#xD;
&#xD;
2019-12-17 11:10:21 - [TEST_STEP][PASSED] - request = findTestObject("E_Wallet/obj_updateBilling2"): null&#xD;
&#xD;
2019-12-17 11:10:21 - [TEST_STEP][PASSED] - request.setBodyContent(new com.kms.katalon.core.testobject.impl.HttpTextBodyContent(body, UTF-8, application/json)): null&#xD;
&#xD;
2019-12-17 11:10:21 - [TEST_STEP][PASSED] - if (var_customer_token == 0): null&#xD;
&#xD;
2019-12-17 11:10:21 - [TEST_STEP][PASSED] - else: null&#xD;
&#xD;
2019-12-17 11:10:21 - [TEST_STEP][PASSED] - out.println("using access_token = " + access_token_customer): null&#xD;
&#xD;
2019-12-17 11:10:21 - [TEST_STEP][PASSED] - listQuery = new java.util.ArrayList(): null&#xD;
&#xD;
2019-12-17 11:10:21 - [TEST_STEP][PASSED] - listQuery.add(new com.kms.katalon.core.testobject.TestObjectProperty(token, com.kms.katalon.core.testobject.ConditionType.EQUALS, internal.GlobalVariable.access_token_customer)): null&#xD;
&#xD;
2019-12-17 11:10:21 - [TEST_STEP][PASSED] - request.setRestParameters(listQuery): null&#xD;
&#xD;
2019-12-17 11:10:21 - [TEST_STEP][PASSED] - response = sendRequest(request): Send request successfully&#xD;
&#xD;
2019-12-17 11:10:21 - [MESSAGE][INFO] - HAR: D:\katalon-ewallet\Reports\E_Wallet\TS_updateBilling\TS_updateBillingUpdateSendNotif\20191217_111009\requests\main\35.har&#xD;
&#xD;
2019-12-17 11:10:21 - [MESSAGE][PASSED] - Send request successfully&#xD;
&#xD;
2019-12-17 11:10:21 - [TEST_STEP][PASSED] - a = &lt;not implemented yet for class: org.codehaus.groovy.ast.expr.EmptyExpression&gt;: null&#xD;
&#xD;
2019-12-17 11:10:21 - [TEST_STEP][PASSED] - headerProps = request.getHttpHeaderProperties(): null&#xD;
&#xD;
2019-12-17 11:10:21 - [TEST_STEP][PASSED] - for ([a = 0, a &lt; headerProps.size(), (a++)]): null&#xD;
&#xD;
2019-12-17 11:10:21 - [TEST_STEP][PASSED] - println(get(a).getName() + ": " + get(a).getValue()): null&#xD;
&#xD;
2019-12-17 11:10:21 - [TEST_STEP][PASSED] - println(get(a).getName() + ": " + get(a).getValue()): null&#xD;
&#xD;
2019-12-17 11:10:21 - [TEST_STEP][PASSED] - println(get(a).getName() + ": " + get(a).getValue()): null&#xD;
&#xD;
2019-12-17 11:10:21 - [TEST_STEP][PASSED] - body_content = responseBodyContent: null&#xD;
&#xD;
2019-12-17 11:10:21 - [TEST_STEP][PASSED] - status_code = statusCode: null&#xD;
&#xD;
2019-12-17 11:10:21 - [TEST_STEP][PASSED] - respDataMap = JsonSlurper().parseText(body_content): null&#xD;
&#xD;
2019-12-17 11:10:21 - [TEST_STEP][PASSED] - out.println(respDataMap): null&#xD;
&#xD;
2019-12-17 11:10:21 - [TEST_STEP][PASSED] - rc_ref = ReturnCodeWrapper(var_expected_rc).getEnumRC(): null&#xD;
&#xD;
2019-12-17 11:10:21 - [TEST_STEP][PASSED] - out.println(var_expected_rc): null&#xD;
&#xD;
2019-12-17 11:10:21 - [TEST_STEP][PASSED] - out.println(rc_ref.getRCName()): null&#xD;
&#xD;
2019-12-17 11:10:21 - [TEST_STEP][PASSED] - out.println(rc_ref.getHttpResponse()): null&#xD;
&#xD;
2019-12-17 11:10:21 - [TEST_STEP][FAILED] - result = verifyEqual(response_code, rc_ref.getRCName()): Unable to verify equal between actual object 'RC22' and expected object 'RC00' (Root cause: com.kms.katalon.core.exception.StepFailedException: Actual object 'RC22' and expected object 'RC00' are not equal&#xD;
	at com.kms.katalon.core.keyword.builtin.VerifyEqualKeyword$_verifyEqual_closure1.doCall(VerifyEqualKeyword.groovy:58)&#xD;
	at com.kms.katalon.core.keyword.builtin.VerifyEqualKeyword$_verifyEqual_closure1.call(VerifyEqualKeyword.groovy)&#xD;
	at com.kms.katalon.core.keyword.internal.KeywordMain.runKeyword(KeywordMain.groovy:68)&#xD;
	at com.kms.katalon.core.keyword.builtin.VerifyEqualKeyword.verifyEqual(VerifyEqualKeyword.groovy:63)&#xD;
	at com.kms.katalon.core.keyword.builtin.VerifyEqualKeyword.execute(VerifyEqualKeyword.groovy:44)&#xD;
	at com.kms.katalon.core.keyword.internal.KeywordExecutor.executeKeywordForPlatform(KeywordExecutor.groovy:56)&#xD;
	at com.kms.katalon.core.keyword.BuiltinKeywords.verifyEqual(BuiltinKeywords.groovy:141)&#xD;
	at TC_updateBillingUpdateSendNotif.run(TC_updateBillingUpdateSendNotif:104)&#xD;
	at com.kms.katalon.core.main.ScriptEngine.run(ScriptEngine.java:194)&#xD;
	at com.kms.katalon.core.main.ScriptEngine.runScriptAsRawText(ScriptEngine.java:119)&#xD;
	at com.kms.katalon.core.main.TestCaseExecutor.runScript(TestCaseExecutor.java:337)&#xD;
	at com.kms.katalon.core.main.TestCaseExecutor.doExecute(TestCaseExecutor.java:328)&#xD;
	at com.kms.katalon.core.main.TestCaseExecutor.processExecutionPhase(TestCaseExecutor.java:307)&#xD;
	at com.kms.katalon.core.main.TestCaseExecutor.accessMainPhase(TestCaseExecutor.java:299)&#xD;
	at com.kms.katalon.core.main.TestCaseExecutor.execute(TestCaseExecutor.java:233)&#xD;
	at com.kms.katalon.core.main.TestSuiteExecutor.accessTestCaseMainPhase(TestSuiteExecutor.java:133)&#xD;
	at com.kms.katalon.core.main.TestSuiteExecutor.accessTestSuiteMainPhase(TestSuiteExecutor.java:116)&#xD;
	at com.kms.katalon.core.main.TestSuiteExecutor.execute(TestSuiteExecutor.java:83)&#xD;
	at com.kms.katalon.core.main.TestCaseMain.startTestSuite(TestCaseMain.java:157)&#xD;
	at com.kms.katalon.core.main.TestCaseMain$startTestSuite$0.call(Unknown Source)&#xD;
	at TempTestSuite1576555809646.run(TempTestSuite1576555809646.groovy:35)&#xD;
)&#xD;
&#xD;
2019-12-17 11:10:21 - [MESSAGE][FAILED] - Unable to verify equal between actual object 'RC22' and expected object 'RC00' (Root cause: com.kms.katalon.core.exception.StepFailedException: Actual object 'RC22' and expected object 'RC00' are not equal&#xD;
	at com.kms.katalon.core.keyword.builtin.VerifyEqualKeyword$_verifyEqual_closure1.doCall(VerifyEqualKeyword.groovy:58)&#xD;
	at com.kms.katalon.core.keyword.builtin.VerifyEqualKeyword$_verifyEqual_closure1.call(VerifyEqualKeyword.groovy)&#xD;
	at com.kms.katalon.core.keyword.internal.KeywordMain.runKeyword(KeywordMain.groovy:68)&#xD;
	at com.kms.katalon.core.keyword.builtin.VerifyEqualKeyword.verifyEqual(VerifyEqualKeyword.groovy:63)&#xD;
	at com.kms.katalon.core.keyword.builtin.VerifyEqualKeyword.execute(VerifyEqualKeyword.groovy:44)&#xD;
	at com.kms.katalon.core.keyword.internal.KeywordExecutor.executeKeywordForPlatform(KeywordExecutor.groovy:56)&#xD;
	at com.kms.katalon.core.keyword.BuiltinKeywords.verifyEqual(BuiltinKeywords.groovy:141)&#xD;
	at TC_updateBillingUpdateSendNotif.run(TC_updateBillingUpdateSendNotif:104)&#xD;
	at com.kms.katalon.core.main.ScriptEngine.run(ScriptEngine.java:194)&#xD;
	at com.kms.katalon.core.main.ScriptEngine.runScriptAsRawText(ScriptEngine.java:119)&#xD;
	at com.kms.katalon.core.main.TestCaseExecutor.runScript(TestCaseExecutor.java:337)&#xD;
	at com.kms.katalon.core.main.TestCaseExecutor.doExecute(TestCaseExecutor.java:328)&#xD;
	at com.kms.katalon.core.main.TestCaseExecutor.processExecutionPhase(TestCaseExecutor.java:307)&#xD;
	at com.kms.katalon.core.main.TestCaseExecutor.accessMainPhase(TestCaseExecutor.java:299)&#xD;
	at com.kms.katalon.core.main.TestCaseExecutor.execute(TestCaseExecutor.java:233)&#xD;
	at com.kms.katalon.core.main.TestSuiteExecutor.accessTestCaseMainPhase(TestSuiteExecutor.java:133)&#xD;
	at com.kms.katalon.core.main.TestSuiteExecutor.accessTestSuiteMainPhase(TestSuiteExecutor.java:116)&#xD;
	at com.kms.katalon.core.main.TestSuiteExecutor.execute(TestSuiteExecutor.java:83)&#xD;
	at com.kms.katalon.core.main.TestCaseMain.startTestSuite(TestCaseMain.java:157)&#xD;
	at com.kms.katalon.core.main.TestCaseMain$startTestSuite$0.call(Unknown Source)&#xD;
	at TempTestSuite1576555809646.run(TempTestSuite1576555809646.groovy:35)&#xD;
)</system-out>
            <system-err>2019-12-17 11:10:21 - [TEST_CASE][FAILED] - Test Cases/E_Wallet/TC_updateBilling/TC_updateBillingUpdateSendNotif: Test Cases/E_Wallet/TC_updateBilling/TC_updateBillingUpdateSendNotif FAILED.
Reason:
com.kms.katalon.core.exception.StepFailedException: Actual object 'RC22' and expected object 'RC00' are not equal&#xD;
	at com.kms.katalon.core.keyword.builtin.VerifyEqualKeyword$_verifyEqual_closure1.doCall(VerifyEqualKeyword.groovy:58)&#xD;
	at com.kms.katalon.core.keyword.builtin.VerifyEqualKeyword$_verifyEqual_closure1.call(VerifyEqualKeyword.groovy)&#xD;
	at com.kms.katalon.core.keyword.internal.KeywordMain.runKeyword(KeywordMain.groovy:68)&#xD;
	at com.kms.katalon.core.keyword.builtin.VerifyEqualKeyword.verifyEqual(VerifyEqualKeyword.groovy:63)&#xD;
	at com.kms.katalon.core.keyword.builtin.VerifyEqualKeyword.execute(VerifyEqualKeyword.groovy:44)&#xD;
	at com.kms.katalon.core.keyword.internal.KeywordExecutor.executeKeywordForPlatform(KeywordExecutor.groovy:56)&#xD;
	at com.kms.katalon.core.keyword.BuiltinKeywords.verifyEqual(BuiltinKeywords.groovy:141)&#xD;
	at TC_updateBillingUpdateSendNotif.run(TC_updateBillingUpdateSendNotif:104)&#xD;
	at com.kms.katalon.core.main.ScriptEngine.run(ScriptEngine.java:194)&#xD;
	at com.kms.katalon.core.main.ScriptEngine.runScriptAsRawText(ScriptEngine.java:119)&#xD;
	at com.kms.katalon.core.main.TestCaseExecutor.runScript(TestCaseExecutor.java:337)&#xD;
	at com.kms.katalon.core.main.TestCaseExecutor.doExecute(TestCaseExecutor.java:328)&#xD;
	at com.kms.katalon.core.main.TestCaseExecutor.processExecutionPhase(TestCaseExecutor.java:307)&#xD;
	at com.kms.katalon.core.main.TestCaseExecutor.accessMainPhase(TestCaseExecutor.java:299)&#xD;
	at com.kms.katalon.core.main.TestCaseExecutor.execute(TestCaseExecutor.java:233)&#xD;
	at com.kms.katalon.core.main.TestSuiteExecutor.accessTestCaseMainPhase(TestSuiteExecutor.java:133)&#xD;
	at com.kms.katalon.core.main.TestSuiteExecutor.accessTestSuiteMainPhase(TestSuiteExecutor.java:116)&#xD;
	at com.kms.katalon.core.main.TestSuiteExecutor.execute(TestSuiteExecutor.java:83)&#xD;
	at com.kms.katalon.core.main.TestCaseMain.startTestSuite(TestCaseMain.java:157)&#xD;
	at com.kms.katalon.core.main.TestCaseMain$startTestSuite$0.call(Unknown Source)&#xD;
	at TempTestSuite1576555809646.run(TempTestSuite1576555809646.groovy:35)</system-err>
        </testcase>
        <testcase name="Test Cases/E_Wallet/TC_updateBilling/TC_updateBillingUpdateSendNotif" classname="Test Cases/E_Wallet/TC_updateBilling/TC_updateBillingUpdateSendNotif" status="FAILED">
            <failure type="FAILED" message="Test Cases/E_Wallet/TC_updateBilling/TC_updateBillingUpdateSendNotif FAILED.&#xA;Reason:&#xA;com.kms.katalon.core.exception.StepFailedException: Actual object 'RC22' and expected object 'RC00' are not equal&#xD;&#xA;&#x9;at com.kms.katalon.core.keyword.builtin.VerifyEqualKeyword$_verifyEqual_closure1.doCall(VerifyEqualKeyword.groovy:58)&#xD;&#xA;&#x9;at com.kms.katalon.core.keyword.builtin.VerifyEqualKeyword$_verifyEqual_closure1.call(VerifyEqualKeyword.groovy)&#xD;&#xA;&#x9;at com.kms.katalon.core.keyword.internal.KeywordMain.runKeyword(KeywordMain.groovy:68)&#xD;&#xA;&#x9;at com.kms.katalon.core.keyword.builtin.VerifyEqualKeyword.verifyEqual(VerifyEqualKeyword.groovy:63)&#xD;&#xA;&#x9;at com.kms.katalon.core.keyword.builtin.VerifyEqualKeyword.execute(VerifyEqualKeyword.groovy:44)&#xD;&#xA;&#x9;at com.kms.katalon.core.keyword.internal.KeywordExecutor.executeKeywordForPlatform(KeywordExecutor.groovy:56)&#xD;&#xA;&#x9;at com.kms.katalon.core.keyword.BuiltinKeywords.verifyEqual(BuiltinKeywords.groovy:141)&#xD;&#xA;&#x9;at TC_updateBillingUpdateSendNotif.run(TC_updateBillingUpdateSendNotif:104)&#xD;&#xA;&#x9;at com.kms.katalon.core.main.ScriptEngine.run(ScriptEngine.java:194)&#xD;&#xA;&#x9;at com.kms.katalon.core.main.ScriptEngine.runScriptAsRawText(ScriptEngine.java:119)&#xD;&#xA;&#x9;at com.kms.katalon.core.main.TestCaseExecutor.runScript(TestCaseExecutor.java:337)&#xD;&#xA;&#x9;at com.kms.katalon.core.main.TestCaseExecutor.doExecute(TestCaseExecutor.java:328)&#xD;&#xA;&#x9;at com.kms.katalon.core.main.TestCaseExecutor.processExecutionPhase(TestCaseExecutor.java:307)&#xD;&#xA;&#x9;at com.kms.katalon.core.main.TestCaseExecutor.accessMainPhase(TestCaseExecutor.java:299)&#xD;&#xA;&#x9;at com.kms.katalon.core.main.TestCaseExecutor.execute(TestCaseExecutor.java:233)&#xD;&#xA;&#x9;at com.kms.katalon.core.main.TestSuiteExecutor.accessTestCaseMainPhase(TestSuiteExecutor.java:133)&#xD;&#xA;&#x9;at com.kms.katalon.core.main.TestSuiteExecutor.accessTestSuiteMainPhase(TestSuiteExecutor.java:116)&#xD;&#xA;&#x9;at com.kms.katalon.core.main.TestSuiteExecutor.execute(TestSuiteExecutor.java:83)&#xD;&#xA;&#x9;at com.kms.katalon.core.main.TestCaseMain.startTestSuite(TestCaseMain.java:157)&#xD;&#xA;&#x9;at com.kms.katalon.core.main.TestCaseMain$startTestSuite$0.call(Unknown Source)&#xD;&#xA;&#x9;at TempTestSuite1576555809646.run(TempTestSuite1576555809646.groovy:35)&#xD;&#xA;"/>
            <system-out>2019-12-17 11:10:21 - [TEST_CASE][FAILED] - Test Cases/E_Wallet/TC_updateBilling/TC_updateBillingUpdateSendNotif: Test Cases/E_Wallet/TC_updateBilling/TC_updateBillingUpdateSendNotif FAILED.
Reason:
com.kms.katalon.core.exception.StepFailedException: Actual object 'RC22' and expected object 'RC00' are not equal&#xD;
	at com.kms.katalon.core.keyword.builtin.VerifyEqualKeyword$_verifyEqual_closure1.doCall(VerifyEqualKeyword.groovy:58)&#xD;
	at com.kms.katalon.core.keyword.builtin.VerifyEqualKeyword$_verifyEqual_closure1.call(VerifyEqualKeyword.groovy)&#xD;
	at com.kms.katalon.core.keyword.internal.KeywordMain.runKeyword(KeywordMain.groovy:68)&#xD;
	at com.kms.katalon.core.keyword.builtin.VerifyEqualKeyword.verifyEqual(VerifyEqualKeyword.groovy:63)&#xD;
	at com.kms.katalon.core.keyword.builtin.VerifyEqualKeyword.execute(VerifyEqualKeyword.groovy:44)&#xD;
	at com.kms.katalon.core.keyword.internal.KeywordExecutor.executeKeywordForPlatform(KeywordExecutor.groovy:56)&#xD;
	at com.kms.katalon.core.keyword.BuiltinKeywords.verifyEqual(BuiltinKeywords.groovy:141)&#xD;
	at TC_updateBillingUpdateSendNotif.run(TC_updateBillingUpdateSendNotif:104)&#xD;
	at com.kms.katalon.core.main.ScriptEngine.run(ScriptEngine.java:194)&#xD;
	at com.kms.katalon.core.main.ScriptEngine.runScriptAsRawText(ScriptEngine.java:119)&#xD;
	at com.kms.katalon.core.main.TestCaseExecutor.runScript(TestCaseExecutor.java:337)&#xD;
	at com.kms.katalon.core.main.TestCaseExecutor.doExecute(TestCaseExecutor.java:328)&#xD;
	at com.kms.katalon.core.main.TestCaseExecutor.processExecutionPhase(TestCaseExecutor.java:307)&#xD;
	at com.kms.katalon.core.main.TestCaseExecutor.accessMainPhase(TestCaseExecutor.java:299)&#xD;
	at com.kms.katalon.core.main.TestCaseExecutor.execute(TestCaseExecutor.java:233)&#xD;
	at com.kms.katalon.core.main.TestSuiteExecutor.accessTestCaseMainPhase(TestSuiteExecutor.java:133)&#xD;
	at com.kms.katalon.core.main.TestSuiteExecutor.accessTestSuiteMainPhase(TestSuiteExecutor.java:116)&#xD;
	at com.kms.katalon.core.main.TestSuiteExecutor.execute(TestSuiteExecutor.java:83)&#xD;
	at com.kms.katalon.core.main.TestCaseMain.startTestSuite(TestCaseMain.java:157)&#xD;
	at com.kms.katalon.core.main.TestCaseMain$startTestSuite$0.call(Unknown Source)&#xD;
	at TempTestSuite1576555809646.run(TempTestSuite1576555809646.groovy:35)&#xD;
&#xD;
&#xD;
2019-12-17 11:10:21 - [TEST_STEP][PASSED] - plain = "{" + ""user_agent":"" + var_user_agent + ""," + ""billing_id":"" + var_billing_id + ""," + ""amount":"" + var_amount + ""," + ""billing_status":"" + var_billing_status + ""," + ""verified_flag":"" + var_verified_flag + ""," + ""wallet_id":"" + var_wallet_id + ""," + ""billing_ref1":"" + var_billing_ref1 + ""," + ""billing_ref2":"" + var_billing_ref2 + ""," + ""billing_ref3":"" + var_billing_ref3 + ""}": null&#xD;
&#xD;
2019-12-17 11:10:21 - [TEST_STEP][PASSED] - out.println(plain): null&#xD;
&#xD;
2019-12-17 11:10:21 - [TEST_STEP][PASSED] - out.println("var_customer_token" + var_customer_token): null&#xD;
&#xD;
2019-12-17 11:10:21 - [TEST_STEP][PASSED] - out.println("var_partner_token" + var_partner_token): null&#xD;
&#xD;
2019-12-17 11:10:21 - [TEST_STEP][PASSED] - encipheredData = SecureUtils.encryptAesEwallet(plain, var_aes_key): null&#xD;
&#xD;
2019-12-17 11:10:21 - [TEST_STEP][PASSED] - body = "{"organisation_id":"" + var_organisation_id + ""," + ""data":"" + encipheredData + ""," + ""lang":"" + var_lang + ""}": null&#xD;
&#xD;
2019-12-17 11:10:21 - [TEST_STEP][PASSED] - out.println(body): null&#xD;
&#xD;
2019-12-17 11:10:21 - [TEST_STEP][PASSED] - request = findTestObject("E_Wallet/obj_updateBilling2"): null&#xD;
&#xD;
2019-12-17 11:10:21 - [TEST_STEP][PASSED] - request.setBodyContent(new com.kms.katalon.core.testobject.impl.HttpTextBodyContent(body, UTF-8, application/json)): null&#xD;
&#xD;
2019-12-17 11:10:21 - [TEST_STEP][PASSED] - if (var_customer_token == 0): null&#xD;
&#xD;
2019-12-17 11:10:21 - [TEST_STEP][PASSED] - else: null&#xD;
&#xD;
2019-12-17 11:10:21 - [TEST_STEP][PASSED] - out.println("using access_token = " + access_token_customer): null&#xD;
&#xD;
2019-12-17 11:10:21 - [TEST_STEP][PASSED] - listQuery = new java.util.ArrayList(): null&#xD;
&#xD;
2019-12-17 11:10:21 - [TEST_STEP][PASSED] - listQuery.add(new com.kms.katalon.core.testobject.TestObjectProperty(token, com.kms.katalon.core.testobject.ConditionType.EQUALS, internal.GlobalVariable.access_token_customer)): null&#xD;
&#xD;
2019-12-17 11:10:21 - [TEST_STEP][PASSED] - request.setRestParameters(listQuery): null&#xD;
&#xD;
2019-12-17 11:10:21 - [TEST_STEP][PASSED] - response = sendRequest(request): Send request successfully&#xD;
&#xD;
2019-12-17 11:10:21 - [MESSAGE][INFO] - HAR: D:\katalon-ewallet\Reports\E_Wallet\TS_updateBilling\TS_updateBillingUpdateSendNotif\20191217_111009\requests\main\36.har&#xD;
&#xD;
2019-12-17 11:10:21 - [MESSAGE][PASSED] - Send request successfully&#xD;
&#xD;
2019-12-17 11:10:21 - [TEST_STEP][PASSED] - a = &lt;not implemented yet for class: org.codehaus.groovy.ast.expr.EmptyExpression&gt;: null&#xD;
&#xD;
2019-12-17 11:10:21 - [TEST_STEP][PASSED] - headerProps = request.getHttpHeaderProperties(): null&#xD;
&#xD;
2019-12-17 11:10:21 - [TEST_STEP][PASSED] - for ([a = 0, a &lt; headerProps.size(), (a++)]): null&#xD;
&#xD;
2019-12-17 11:10:21 - [TEST_STEP][PASSED] - println(get(a).getName() + ": " + get(a).getValue()): null&#xD;
&#xD;
2019-12-17 11:10:21 - [TEST_STEP][PASSED] - println(get(a).getName() + ": " + get(a).getValue()): null&#xD;
&#xD;
2019-12-17 11:10:21 - [TEST_STEP][PASSED] - println(get(a).getName() + ": " + get(a).getValue()): null&#xD;
&#xD;
2019-12-17 11:10:21 - [TEST_STEP][PASSED] - body_content = responseBodyContent: null&#xD;
&#xD;
2019-12-17 11:10:21 - [TEST_STEP][PASSED] - status_code = statusCode: null&#xD;
&#xD;
2019-12-17 11:10:21 - [TEST_STEP][PASSED] - respDataMap = JsonSlurper().parseText(body_content): null&#xD;
&#xD;
2019-12-17 11:10:21 - [TEST_STEP][PASSED] - out.println(respDataMap): null&#xD;
&#xD;
2019-12-17 11:10:21 - [TEST_STEP][PASSED] - rc_ref = ReturnCodeWrapper(var_expected_rc).getEnumRC(): null&#xD;
&#xD;
2019-12-17 11:10:21 - [TEST_STEP][PASSED] - out.println(var_expected_rc): null&#xD;
&#xD;
2019-12-17 11:10:21 - [TEST_STEP][PASSED] - out.println(rc_ref.getRCName()): null&#xD;
&#xD;
2019-12-17 11:10:21 - [TEST_STEP][PASSED] - out.println(rc_ref.getHttpResponse()): null&#xD;
&#xD;
2019-12-17 11:10:21 - [TEST_STEP][FAILED] - result = verifyEqual(response_code, rc_ref.getRCName()): Unable to verify equal between actual object 'RC22' and expected object 'RC00' (Root cause: com.kms.katalon.core.exception.StepFailedException: Actual object 'RC22' and expected object 'RC00' are not equal&#xD;
	at com.kms.katalon.core.keyword.builtin.VerifyEqualKeyword$_verifyEqual_closure1.doCall(VerifyEqualKeyword.groovy:58)&#xD;
	at com.kms.katalon.core.keyword.builtin.VerifyEqualKeyword$_verifyEqual_closure1.call(VerifyEqualKeyword.groovy)&#xD;
	at com.kms.katalon.core.keyword.internal.KeywordMain.runKeyword(KeywordMain.groovy:68)&#xD;
	at com.kms.katalon.core.keyword.builtin.VerifyEqualKeyword.verifyEqual(VerifyEqualKeyword.groovy:63)&#xD;
	at com.kms.katalon.core.keyword.builtin.VerifyEqualKeyword.execute(VerifyEqualKeyword.groovy:44)&#xD;
	at com.kms.katalon.core.keyword.internal.KeywordExecutor.executeKeywordForPlatform(KeywordExecutor.groovy:56)&#xD;
	at com.kms.katalon.core.keyword.BuiltinKeywords.verifyEqual(BuiltinKeywords.groovy:141)&#xD;
	at TC_updateBillingUpdateSendNotif.run(TC_updateBillingUpdateSendNotif:104)&#xD;
	at com.kms.katalon.core.main.ScriptEngine.run(ScriptEngine.java:194)&#xD;
	at com.kms.katalon.core.main.ScriptEngine.runScriptAsRawText(ScriptEngine.java:119)&#xD;
	at com.kms.katalon.core.main.TestCaseExecutor.runScript(TestCaseExecutor.java:337)&#xD;
	at com.kms.katalon.core.main.TestCaseExecutor.doExecute(TestCaseExecutor.java:328)&#xD;
	at com.kms.katalon.core.main.TestCaseExecutor.processExecutionPhase(TestCaseExecutor.java:307)&#xD;
	at com.kms.katalon.core.main.TestCaseExecutor.accessMainPhase(TestCaseExecutor.java:299)&#xD;
	at com.kms.katalon.core.main.TestCaseExecutor.execute(TestCaseExecutor.java:233)&#xD;
	at com.kms.katalon.core.main.TestSuiteExecutor.accessTestCaseMainPhase(TestSuiteExecutor.java:133)&#xD;
	at com.kms.katalon.core.main.TestSuiteExecutor.accessTestSuiteMainPhase(TestSuiteExecutor.java:116)&#xD;
	at com.kms.katalon.core.main.TestSuiteExecutor.execute(TestSuiteExecutor.java:83)&#xD;
	at com.kms.katalon.core.main.TestCaseMain.startTestSuite(TestCaseMain.java:157)&#xD;
	at com.kms.katalon.core.main.TestCaseMain$startTestSuite$0.call(Unknown Source)&#xD;
	at TempTestSuite1576555809646.run(TempTestSuite1576555809646.groovy:35)&#xD;
)&#xD;
&#xD;
2019-12-17 11:10:21 - [MESSAGE][FAILED] - Unable to verify equal between actual object 'RC22' and expected object 'RC00' (Root cause: com.kms.katalon.core.exception.StepFailedException: Actual object 'RC22' and expected object 'RC00' are not equal&#xD;
	at com.kms.katalon.core.keyword.builtin.VerifyEqualKeyword$_verifyEqual_closure1.doCall(VerifyEqualKeyword.groovy:58)&#xD;
	at com.kms.katalon.core.keyword.builtin.VerifyEqualKeyword$_verifyEqual_closure1.call(VerifyEqualKeyword.groovy)&#xD;
	at com.kms.katalon.core.keyword.internal.KeywordMain.runKeyword(KeywordMain.groovy:68)&#xD;
	at com.kms.katalon.core.keyword.builtin.VerifyEqualKeyword.verifyEqual(VerifyEqualKeyword.groovy:63)&#xD;
	at com.kms.katalon.core.keyword.builtin.VerifyEqualKeyword.execute(VerifyEqualKeyword.groovy:44)&#xD;
	at com.kms.katalon.core.keyword.internal.KeywordExecutor.executeKeywordForPlatform(KeywordExecutor.groovy:56)&#xD;
	at com.kms.katalon.core.keyword.BuiltinKeywords.verifyEqual(BuiltinKeywords.groovy:141)&#xD;
	at TC_updateBillingUpdateSendNotif.run(TC_updateBillingUpdateSendNotif:104)&#xD;
	at com.kms.katalon.core.main.ScriptEngine.run(ScriptEngine.java:194)&#xD;
	at com.kms.katalon.core.main.ScriptEngine.runScriptAsRawText(ScriptEngine.java:119)&#xD;
	at com.kms.katalon.core.main.TestCaseExecutor.runScript(TestCaseExecutor.java:337)&#xD;
	at com.kms.katalon.core.main.TestCaseExecutor.doExecute(TestCaseExecutor.java:328)&#xD;
	at com.kms.katalon.core.main.TestCaseExecutor.processExecutionPhase(TestCaseExecutor.java:307)&#xD;
	at com.kms.katalon.core.main.TestCaseExecutor.accessMainPhase(TestCaseExecutor.java:299)&#xD;
	at com.kms.katalon.core.main.TestCaseExecutor.execute(TestCaseExecutor.java:233)&#xD;
	at com.kms.katalon.core.main.TestSuiteExecutor.accessTestCaseMainPhase(TestSuiteExecutor.java:133)&#xD;
	at com.kms.katalon.core.main.TestSuiteExecutor.accessTestSuiteMainPhase(TestSuiteExecutor.java:116)&#xD;
	at com.kms.katalon.core.main.TestSuiteExecutor.execute(TestSuiteExecutor.java:83)&#xD;
	at com.kms.katalon.core.main.TestCaseMain.startTestSuite(TestCaseMain.java:157)&#xD;
	at com.kms.katalon.core.main.TestCaseMain$startTestSuite$0.call(Unknown Source)&#xD;
	at TempTestSuite1576555809646.run(TempTestSuite1576555809646.groovy:35)&#xD;
)</system-out>
            <system-err>2019-12-17 11:10:21 - [TEST_CASE][FAILED] - Test Cases/E_Wallet/TC_updateBilling/TC_updateBillingUpdateSendNotif: Test Cases/E_Wallet/TC_updateBilling/TC_updateBillingUpdateSendNotif FAILED.
Reason:
com.kms.katalon.core.exception.StepFailedException: Actual object 'RC22' and expected object 'RC00' are not equal&#xD;
	at com.kms.katalon.core.keyword.builtin.VerifyEqualKeyword$_verifyEqual_closure1.doCall(VerifyEqualKeyword.groovy:58)&#xD;
	at com.kms.katalon.core.keyword.builtin.VerifyEqualKeyword$_verifyEqual_closure1.call(VerifyEqualKeyword.groovy)&#xD;
	at com.kms.katalon.core.keyword.internal.KeywordMain.runKeyword(KeywordMain.groovy:68)&#xD;
	at com.kms.katalon.core.keyword.builtin.VerifyEqualKeyword.verifyEqual(VerifyEqualKeyword.groovy:63)&#xD;
	at com.kms.katalon.core.keyword.builtin.VerifyEqualKeyword.execute(VerifyEqualKeyword.groovy:44)&#xD;
	at com.kms.katalon.core.keyword.internal.KeywordExecutor.executeKeywordForPlatform(KeywordExecutor.groovy:56)&#xD;
	at com.kms.katalon.core.keyword.BuiltinKeywords.verifyEqual(BuiltinKeywords.groovy:141)&#xD;
	at TC_updateBillingUpdateSendNotif.run(TC_updateBillingUpdateSendNotif:104)&#xD;
	at com.kms.katalon.core.main.ScriptEngine.run(ScriptEngine.java:194)&#xD;
	at com.kms.katalon.core.main.ScriptEngine.runScriptAsRawText(ScriptEngine.java:119)&#xD;
	at com.kms.katalon.core.main.TestCaseExecutor.runScript(TestCaseExecutor.java:337)&#xD;
	at com.kms.katalon.core.main.TestCaseExecutor.doExecute(TestCaseExecutor.java:328)&#xD;
	at com.kms.katalon.core.main.TestCaseExecutor.processExecutionPhase(TestCaseExecutor.java:307)&#xD;
	at com.kms.katalon.core.main.TestCaseExecutor.accessMainPhase(TestCaseExecutor.java:299)&#xD;
	at com.kms.katalon.core.main.TestCaseExecutor.execute(TestCaseExecutor.java:233)&#xD;
	at com.kms.katalon.core.main.TestSuiteExecutor.accessTestCaseMainPhase(TestSuiteExecutor.java:133)&#xD;
	at com.kms.katalon.core.main.TestSuiteExecutor.accessTestSuiteMainPhase(TestSuiteExecutor.java:116)&#xD;
	at com.kms.katalon.core.main.TestSuiteExecutor.execute(TestSuiteExecutor.java:83)&#xD;
	at com.kms.katalon.core.main.TestCaseMain.startTestSuite(TestCaseMain.java:157)&#xD;
	at com.kms.katalon.core.main.TestCaseMain$startTestSuite$0.call(Unknown Source)&#xD;
	at TempTestSuite1576555809646.run(TempTestSuite1576555809646.groovy:35)</system-err>
        </testcase>
        <testcase name="Test Cases/E_Wallet/TC_updateBilling/TC_updateBillingUpdateSendNotif" classname="Test Cases/E_Wallet/TC_updateBilling/TC_updateBillingUpdateSendNotif" status="FAILED">
            <failure type="FAILED" message="Test Cases/E_Wallet/TC_updateBilling/TC_updateBillingUpdateSendNotif FAILED.&#xA;Reason:&#xA;com.kms.katalon.core.exception.StepFailedException: Actual object 'RC22' and expected object 'RC00' are not equal&#xD;&#xA;&#x9;at com.kms.katalon.core.keyword.builtin.VerifyEqualKeyword$_verifyEqual_closure1.doCall(VerifyEqualKeyword.groovy:58)&#xD;&#xA;&#x9;at com.kms.katalon.core.keyword.builtin.VerifyEqualKeyword$_verifyEqual_closure1.call(VerifyEqualKeyword.groovy)&#xD;&#xA;&#x9;at com.kms.katalon.core.keyword.internal.KeywordMain.runKeyword(KeywordMain.groovy:68)&#xD;&#xA;&#x9;at com.kms.katalon.core.keyword.builtin.VerifyEqualKeyword.verifyEqual(VerifyEqualKeyword.groovy:63)&#xD;&#xA;&#x9;at com.kms.katalon.core.keyword.builtin.VerifyEqualKeyword.execute(VerifyEqualKeyword.groovy:44)&#xD;&#xA;&#x9;at com.kms.katalon.core.keyword.internal.KeywordExecutor.executeKeywordForPlatform(KeywordExecutor.groovy:56)&#xD;&#xA;&#x9;at com.kms.katalon.core.keyword.BuiltinKeywords.verifyEqual(BuiltinKeywords.groovy:141)&#xD;&#xA;&#x9;at TC_updateBillingUpdateSendNotif.run(TC_updateBillingUpdateSendNotif:104)&#xD;&#xA;&#x9;at com.kms.katalon.core.main.ScriptEngine.run(ScriptEngine.java:194)&#xD;&#xA;&#x9;at com.kms.katalon.core.main.ScriptEngine.runScriptAsRawText(ScriptEngine.java:119)&#xD;&#xA;&#x9;at com.kms.katalon.core.main.TestCaseExecutor.runScript(TestCaseExecutor.java:337)&#xD;&#xA;&#x9;at com.kms.katalon.core.main.TestCaseExecutor.doExecute(TestCaseExecutor.java:328)&#xD;&#xA;&#x9;at com.kms.katalon.core.main.TestCaseExecutor.processExecutionPhase(TestCaseExecutor.java:307)&#xD;&#xA;&#x9;at com.kms.katalon.core.main.TestCaseExecutor.accessMainPhase(TestCaseExecutor.java:299)&#xD;&#xA;&#x9;at com.kms.katalon.core.main.TestCaseExecutor.execute(TestCaseExecutor.java:233)&#xD;&#xA;&#x9;at com.kms.katalon.core.main.TestSuiteExecutor.accessTestCaseMainPhase(TestSuiteExecutor.java:133)&#xD;&#xA;&#x9;at com.kms.katalon.core.main.TestSuiteExecutor.accessTestSuiteMainPhase(TestSuiteExecutor.java:116)&#xD;&#xA;&#x9;at com.kms.katalon.core.main.TestSuiteExecutor.execute(TestSuiteExecutor.java:83)&#xD;&#xA;&#x9;at com.kms.katalon.core.main.TestCaseMain.startTestSuite(TestCaseMain.java:157)&#xD;&#xA;&#x9;at com.kms.katalon.core.main.TestCaseMain$startTestSuite$0.call(Unknown Source)&#xD;&#xA;&#x9;at TempTestSuite1576555809646.run(TempTestSuite1576555809646.groovy:35)&#xD;&#xA;"/>
            <system-out>2019-12-17 11:10:21 - [TEST_CASE][FAILED] - Test Cases/E_Wallet/TC_updateBilling/TC_updateBillingUpdateSendNotif: Test Cases/E_Wallet/TC_updateBilling/TC_updateBillingUpdateSendNotif FAILED.
Reason:
com.kms.katalon.core.exception.StepFailedException: Actual object 'RC22' and expected object 'RC00' are not equal&#xD;
	at com.kms.katalon.core.keyword.builtin.VerifyEqualKeyword$_verifyEqual_closure1.doCall(VerifyEqualKeyword.groovy:58)&#xD;
	at com.kms.katalon.core.keyword.builtin.VerifyEqualKeyword$_verifyEqual_closure1.call(VerifyEqualKeyword.groovy)&#xD;
	at com.kms.katalon.core.keyword.internal.KeywordMain.runKeyword(KeywordMain.groovy:68)&#xD;
	at com.kms.katalon.core.keyword.builtin.VerifyEqualKeyword.verifyEqual(VerifyEqualKeyword.groovy:63)&#xD;
	at com.kms.katalon.core.keyword.builtin.VerifyEqualKeyword.execute(VerifyEqualKeyword.groovy:44)&#xD;
	at com.kms.katalon.core.keyword.internal.KeywordExecutor.executeKeywordForPlatform(KeywordExecutor.groovy:56)&#xD;
	at com.kms.katalon.core.keyword.BuiltinKeywords.verifyEqual(BuiltinKeywords.groovy:141)&#xD;
	at TC_updateBillingUpdateSendNotif.run(TC_updateBillingUpdateSendNotif:104)&#xD;
	at com.kms.katalon.core.main.ScriptEngine.run(ScriptEngine.java:194)&#xD;
	at com.kms.katalon.core.main.ScriptEngine.runScriptAsRawText(ScriptEngine.java:119)&#xD;
	at com.kms.katalon.core.main.TestCaseExecutor.runScript(TestCaseExecutor.java:337)&#xD;
	at com.kms.katalon.core.main.TestCaseExecutor.doExecute(TestCaseExecutor.java:328)&#xD;
	at com.kms.katalon.core.main.TestCaseExecutor.processExecutionPhase(TestCaseExecutor.java:307)&#xD;
	at com.kms.katalon.core.main.TestCaseExecutor.accessMainPhase(TestCaseExecutor.java:299)&#xD;
	at com.kms.katalon.core.main.TestCaseExecutor.execute(TestCaseExecutor.java:233)&#xD;
	at com.kms.katalon.core.main.TestSuiteExecutor.accessTestCaseMainPhase(TestSuiteExecutor.java:133)&#xD;
	at com.kms.katalon.core.main.TestSuiteExecutor.accessTestSuiteMainPhase(TestSuiteExecutor.java:116)&#xD;
	at com.kms.katalon.core.main.TestSuiteExecutor.execute(TestSuiteExecutor.java:83)&#xD;
	at com.kms.katalon.core.main.TestCaseMain.startTestSuite(TestCaseMain.java:157)&#xD;
	at com.kms.katalon.core.main.TestCaseMain$startTestSuite$0.call(Unknown Source)&#xD;
	at TempTestSuite1576555809646.run(TempTestSuite1576555809646.groovy:35)&#xD;
&#xD;
&#xD;
2019-12-17 11:10:21 - [TEST_STEP][PASSED] - plain = "{" + ""user_agent":"" + var_user_agent + ""," + ""billing_id":"" + var_billing_id + ""," + ""amount":"" + var_amount + ""," + ""billing_status":"" + var_billing_status + ""," + ""verified_flag":"" + var_verified_flag + ""," + ""wallet_id":"" + var_wallet_id + ""," + ""billing_ref1":"" + var_billing_ref1 + ""," + ""billing_ref2":"" + var_billing_ref2 + ""," + ""billing_ref3":"" + var_billing_ref3 + ""}": null&#xD;
&#xD;
2019-12-17 11:10:21 - [TEST_STEP][PASSED] - out.println(plain): null&#xD;
&#xD;
2019-12-17 11:10:21 - [TEST_STEP][PASSED] - out.println("var_customer_token" + var_customer_token): null&#xD;
&#xD;
2019-12-17 11:10:21 - [TEST_STEP][PASSED] - out.println("var_partner_token" + var_partner_token): null&#xD;
&#xD;
2019-12-17 11:10:21 - [TEST_STEP][PASSED] - encipheredData = SecureUtils.encryptAesEwallet(plain, var_aes_key): null&#xD;
&#xD;
2019-12-17 11:10:21 - [TEST_STEP][PASSED] - body = "{"organisation_id":"" + var_organisation_id + ""," + ""data":"" + encipheredData + ""," + ""lang":"" + var_lang + ""}": null&#xD;
&#xD;
2019-12-17 11:10:21 - [TEST_STEP][PASSED] - out.println(body): null&#xD;
&#xD;
2019-12-17 11:10:21 - [TEST_STEP][PASSED] - request = findTestObject("E_Wallet/obj_updateBilling2"): null&#xD;
&#xD;
2019-12-17 11:10:21 - [TEST_STEP][PASSED] - request.setBodyContent(new com.kms.katalon.core.testobject.impl.HttpTextBodyContent(body, UTF-8, application/json)): null&#xD;
&#xD;
2019-12-17 11:10:21 - [TEST_STEP][PASSED] - if (var_customer_token == 0): null&#xD;
&#xD;
2019-12-17 11:10:21 - [TEST_STEP][PASSED] - else: null&#xD;
&#xD;
2019-12-17 11:10:21 - [TEST_STEP][PASSED] - out.println("using access_token = " + access_token_customer): null&#xD;
&#xD;
2019-12-17 11:10:21 - [TEST_STEP][PASSED] - listQuery = new java.util.ArrayList(): null&#xD;
&#xD;
2019-12-17 11:10:21 - [TEST_STEP][PASSED] - listQuery.add(new com.kms.katalon.core.testobject.TestObjectProperty(token, com.kms.katalon.core.testobject.ConditionType.EQUALS, internal.GlobalVariable.access_token_customer)): null&#xD;
&#xD;
2019-12-17 11:10:21 - [TEST_STEP][PASSED] - request.setRestParameters(listQuery): null&#xD;
&#xD;
2019-12-17 11:10:21 - [TEST_STEP][PASSED] - response = sendRequest(request): Send request successfully&#xD;
&#xD;
2019-12-17 11:10:22 - [MESSAGE][INFO] - HAR: D:\katalon-ewallet\Reports\E_Wallet\TS_updateBilling\TS_updateBillingUpdateSendNotif\20191217_111009\requests\main\37.har&#xD;
&#xD;
2019-12-17 11:10:22 - [MESSAGE][PASSED] - Send request successfully&#xD;
&#xD;
2019-12-17 11:10:22 - [TEST_STEP][PASSED] - a = &lt;not implemented yet for class: org.codehaus.groovy.ast.expr.EmptyExpression&gt;: null&#xD;
&#xD;
2019-12-17 11:10:22 - [TEST_STEP][PASSED] - headerProps = request.getHttpHeaderProperties(): null&#xD;
&#xD;
2019-12-17 11:10:22 - [TEST_STEP][PASSED] - for ([a = 0, a &lt; headerProps.size(), (a++)]): null&#xD;
&#xD;
2019-12-17 11:10:22 - [TEST_STEP][PASSED] - println(get(a).getName() + ": " + get(a).getValue()): null&#xD;
&#xD;
2019-12-17 11:10:22 - [TEST_STEP][PASSED] - println(get(a).getName() + ": " + get(a).getValue()): null&#xD;
&#xD;
2019-12-17 11:10:22 - [TEST_STEP][PASSED] - println(get(a).getName() + ": " + get(a).getValue()): null&#xD;
&#xD;
2019-12-17 11:10:22 - [TEST_STEP][PASSED] - body_content = responseBodyContent: null&#xD;
&#xD;
2019-12-17 11:10:22 - [TEST_STEP][PASSED] - status_code = statusCode: null&#xD;
&#xD;
2019-12-17 11:10:22 - [TEST_STEP][PASSED] - respDataMap = JsonSlurper().parseText(body_content): null&#xD;
&#xD;
2019-12-17 11:10:22 - [TEST_STEP][PASSED] - out.println(respDataMap): null&#xD;
&#xD;
2019-12-17 11:10:22 - [TEST_STEP][PASSED] - rc_ref = ReturnCodeWrapper(var_expected_rc).getEnumRC(): null&#xD;
&#xD;
2019-12-17 11:10:22 - [TEST_STEP][PASSED] - out.println(var_expected_rc): null&#xD;
&#xD;
2019-12-17 11:10:22 - [TEST_STEP][PASSED] - out.println(rc_ref.getRCName()): null&#xD;
&#xD;
2019-12-17 11:10:22 - [TEST_STEP][PASSED] - out.println(rc_ref.getHttpResponse()): null&#xD;
&#xD;
2019-12-17 11:10:22 - [TEST_STEP][FAILED] - result = verifyEqual(response_code, rc_ref.getRCName()): Unable to verify equal between actual object 'RC22' and expected object 'RC00' (Root cause: com.kms.katalon.core.exception.StepFailedException: Actual object 'RC22' and expected object 'RC00' are not equal&#xD;
	at com.kms.katalon.core.keyword.builtin.VerifyEqualKeyword$_verifyEqual_closure1.doCall(VerifyEqualKeyword.groovy:58)&#xD;
	at com.kms.katalon.core.keyword.builtin.VerifyEqualKeyword$_verifyEqual_closure1.call(VerifyEqualKeyword.groovy)&#xD;
	at com.kms.katalon.core.keyword.internal.KeywordMain.runKeyword(KeywordMain.groovy:68)&#xD;
	at com.kms.katalon.core.keyword.builtin.VerifyEqualKeyword.verifyEqual(VerifyEqualKeyword.groovy:63)&#xD;
	at com.kms.katalon.core.keyword.builtin.VerifyEqualKeyword.execute(VerifyEqualKeyword.groovy:44)&#xD;
	at com.kms.katalon.core.keyword.internal.KeywordExecutor.executeKeywordForPlatform(KeywordExecutor.groovy:56)&#xD;
	at com.kms.katalon.core.keyword.BuiltinKeywords.verifyEqual(BuiltinKeywords.groovy:141)&#xD;
	at TC_updateBillingUpdateSendNotif.run(TC_updateBillingUpdateSendNotif:104)&#xD;
	at com.kms.katalon.core.main.ScriptEngine.run(ScriptEngine.java:194)&#xD;
	at com.kms.katalon.core.main.ScriptEngine.runScriptAsRawText(ScriptEngine.java:119)&#xD;
	at com.kms.katalon.core.main.TestCaseExecutor.runScript(TestCaseExecutor.java:337)&#xD;
	at com.kms.katalon.core.main.TestCaseExecutor.doExecute(TestCaseExecutor.java:328)&#xD;
	at com.kms.katalon.core.main.TestCaseExecutor.processExecutionPhase(TestCaseExecutor.java:307)&#xD;
	at com.kms.katalon.core.main.TestCaseExecutor.accessMainPhase(TestCaseExecutor.java:299)&#xD;
	at com.kms.katalon.core.main.TestCaseExecutor.execute(TestCaseExecutor.java:233)&#xD;
	at com.kms.katalon.core.main.TestSuiteExecutor.accessTestCaseMainPhase(TestSuiteExecutor.java:133)&#xD;
	at com.kms.katalon.core.main.TestSuiteExecutor.accessTestSuiteMainPhase(TestSuiteExecutor.java:116)&#xD;
	at com.kms.katalon.core.main.TestSuiteExecutor.execute(TestSuiteExecutor.java:83)&#xD;
	at com.kms.katalon.core.main.TestCaseMain.startTestSuite(TestCaseMain.java:157)&#xD;
	at com.kms.katalon.core.main.TestCaseMain$startTestSuite$0.call(Unknown Source)&#xD;
	at TempTestSuite1576555809646.run(TempTestSuite1576555809646.groovy:35)&#xD;
)&#xD;
&#xD;
2019-12-17 11:10:22 - [MESSAGE][FAILED] - Unable to verify equal between actual object 'RC22' and expected object 'RC00' (Root cause: com.kms.katalon.core.exception.StepFailedException: Actual object 'RC22' and expected object 'RC00' are not equal&#xD;
	at com.kms.katalon.core.keyword.builtin.VerifyEqualKeyword$_verifyEqual_closure1.doCall(VerifyEqualKeyword.groovy:58)&#xD;
	at com.kms.katalon.core.keyword.builtin.VerifyEqualKeyword$_verifyEqual_closure1.call(VerifyEqualKeyword.groovy)&#xD;
	at com.kms.katalon.core.keyword.internal.KeywordMain.runKeyword(KeywordMain.groovy:68)&#xD;
	at com.kms.katalon.core.keyword.builtin.VerifyEqualKeyword.verifyEqual(VerifyEqualKeyword.groovy:63)&#xD;
	at com.kms.katalon.core.keyword.builtin.VerifyEqualKeyword.execute(VerifyEqualKeyword.groovy:44)&#xD;
	at com.kms.katalon.core.keyword.internal.KeywordExecutor.executeKeywordForPlatform(KeywordExecutor.groovy:56)&#xD;
	at com.kms.katalon.core.keyword.BuiltinKeywords.verifyEqual(BuiltinKeywords.groovy:141)&#xD;
	at TC_updateBillingUpdateSendNotif.run(TC_updateBillingUpdateSendNotif:104)&#xD;
	at com.kms.katalon.core.main.ScriptEngine.run(ScriptEngine.java:194)&#xD;
	at com.kms.katalon.core.main.ScriptEngine.runScriptAsRawText(ScriptEngine.java:119)&#xD;
	at com.kms.katalon.core.main.TestCaseExecutor.runScript(TestCaseExecutor.java:337)&#xD;
	at com.kms.katalon.core.main.TestCaseExecutor.doExecute(TestCaseExecutor.java:328)&#xD;
	at com.kms.katalon.core.main.TestCaseExecutor.processExecutionPhase(TestCaseExecutor.java:307)&#xD;
	at com.kms.katalon.core.main.TestCaseExecutor.accessMainPhase(TestCaseExecutor.java:299)&#xD;
	at com.kms.katalon.core.main.TestCaseExecutor.execute(TestCaseExecutor.java:233)&#xD;
	at com.kms.katalon.core.main.TestSuiteExecutor.accessTestCaseMainPhase(TestSuiteExecutor.java:133)&#xD;
	at com.kms.katalon.core.main.TestSuiteExecutor.accessTestSuiteMainPhase(TestSuiteExecutor.java:116)&#xD;
	at com.kms.katalon.core.main.TestSuiteExecutor.execute(TestSuiteExecutor.java:83)&#xD;
	at com.kms.katalon.core.main.TestCaseMain.startTestSuite(TestCaseMain.java:157)&#xD;
	at com.kms.katalon.core.main.TestCaseMain$startTestSuite$0.call(Unknown Source)&#xD;
	at TempTestSuite1576555809646.run(TempTestSuite1576555809646.groovy:35)&#xD;
)</system-out>
            <system-err>2019-12-17 11:10:21 - [TEST_CASE][FAILED] - Test Cases/E_Wallet/TC_updateBilling/TC_updateBillingUpdateSendNotif: Test Cases/E_Wallet/TC_updateBilling/TC_updateBillingUpdateSendNotif FAILED.
Reason:
com.kms.katalon.core.exception.StepFailedException: Actual object 'RC22' and expected object 'RC00' are not equal&#xD;
	at com.kms.katalon.core.keyword.builtin.VerifyEqualKeyword$_verifyEqual_closure1.doCall(VerifyEqualKeyword.groovy:58)&#xD;
	at com.kms.katalon.core.keyword.builtin.VerifyEqualKeyword$_verifyEqual_closure1.call(VerifyEqualKeyword.groovy)&#xD;
	at com.kms.katalon.core.keyword.internal.KeywordMain.runKeyword(KeywordMain.groovy:68)&#xD;
	at com.kms.katalon.core.keyword.builtin.VerifyEqualKeyword.verifyEqual(VerifyEqualKeyword.groovy:63)&#xD;
	at com.kms.katalon.core.keyword.builtin.VerifyEqualKeyword.execute(VerifyEqualKeyword.groovy:44)&#xD;
	at com.kms.katalon.core.keyword.internal.KeywordExecutor.executeKeywordForPlatform(KeywordExecutor.groovy:56)&#xD;
	at com.kms.katalon.core.keyword.BuiltinKeywords.verifyEqual(BuiltinKeywords.groovy:141)&#xD;
	at TC_updateBillingUpdateSendNotif.run(TC_updateBillingUpdateSendNotif:104)&#xD;
	at com.kms.katalon.core.main.ScriptEngine.run(ScriptEngine.java:194)&#xD;
	at com.kms.katalon.core.main.ScriptEngine.runScriptAsRawText(ScriptEngine.java:119)&#xD;
	at com.kms.katalon.core.main.TestCaseExecutor.runScript(TestCaseExecutor.java:337)&#xD;
	at com.kms.katalon.core.main.TestCaseExecutor.doExecute(TestCaseExecutor.java:328)&#xD;
	at com.kms.katalon.core.main.TestCaseExecutor.processExecutionPhase(TestCaseExecutor.java:307)&#xD;
	at com.kms.katalon.core.main.TestCaseExecutor.accessMainPhase(TestCaseExecutor.java:299)&#xD;
	at com.kms.katalon.core.main.TestCaseExecutor.execute(TestCaseExecutor.java:233)&#xD;
	at com.kms.katalon.core.main.TestSuiteExecutor.accessTestCaseMainPhase(TestSuiteExecutor.java:133)&#xD;
	at com.kms.katalon.core.main.TestSuiteExecutor.accessTestSuiteMainPhase(TestSuiteExecutor.java:116)&#xD;
	at com.kms.katalon.core.main.TestSuiteExecutor.execute(TestSuiteExecutor.java:83)&#xD;
	at com.kms.katalon.core.main.TestCaseMain.startTestSuite(TestCaseMain.java:157)&#xD;
	at com.kms.katalon.core.main.TestCaseMain$startTestSuite$0.call(Unknown Source)&#xD;
	at TempTestSuite1576555809646.run(TempTestSuite1576555809646.groovy:35)</system-err>
        </testcase>
        <testcase name="Test Cases/E_Wallet/TC_updateBilling/TC_updateBillingUpdateSendNotif" classname="Test Cases/E_Wallet/TC_updateBilling/TC_updateBillingUpdateSendNotif" status="FAILED">
            <failure type="FAILED" message="Test Cases/E_Wallet/TC_updateBilling/TC_updateBillingUpdateSendNotif FAILED.&#xA;Reason:&#xA;com.kms.katalon.core.exception.StepFailedException: Actual object 'RC22' and expected object 'RC00' are not equal&#xD;&#xA;&#x9;at com.kms.katalon.core.keyword.builtin.VerifyEqualKeyword$_verifyEqual_closure1.doCall(VerifyEqualKeyword.groovy:58)&#xD;&#xA;&#x9;at com.kms.katalon.core.keyword.builtin.VerifyEqualKeyword$_verifyEqual_closure1.call(VerifyEqualKeyword.groovy)&#xD;&#xA;&#x9;at com.kms.katalon.core.keyword.internal.KeywordMain.runKeyword(KeywordMain.groovy:68)&#xD;&#xA;&#x9;at com.kms.katalon.core.keyword.builtin.VerifyEqualKeyword.verifyEqual(VerifyEqualKeyword.groovy:63)&#xD;&#xA;&#x9;at com.kms.katalon.core.keyword.builtin.VerifyEqualKeyword.execute(VerifyEqualKeyword.groovy:44)&#xD;&#xA;&#x9;at com.kms.katalon.core.keyword.internal.KeywordExecutor.executeKeywordForPlatform(KeywordExecutor.groovy:56)&#xD;&#xA;&#x9;at com.kms.katalon.core.keyword.BuiltinKeywords.verifyEqual(BuiltinKeywords.groovy:141)&#xD;&#xA;&#x9;at TC_updateBillingUpdateSendNotif.run(TC_updateBillingUpdateSendNotif:104)&#xD;&#xA;&#x9;at com.kms.katalon.core.main.ScriptEngine.run(ScriptEngine.java:194)&#xD;&#xA;&#x9;at com.kms.katalon.core.main.ScriptEngine.runScriptAsRawText(ScriptEngine.java:119)&#xD;&#xA;&#x9;at com.kms.katalon.core.main.TestCaseExecutor.runScript(TestCaseExecutor.java:337)&#xD;&#xA;&#x9;at com.kms.katalon.core.main.TestCaseExecutor.doExecute(TestCaseExecutor.java:328)&#xD;&#xA;&#x9;at com.kms.katalon.core.main.TestCaseExecutor.processExecutionPhase(TestCaseExecutor.java:307)&#xD;&#xA;&#x9;at com.kms.katalon.core.main.TestCaseExecutor.accessMainPhase(TestCaseExecutor.java:299)&#xD;&#xA;&#x9;at com.kms.katalon.core.main.TestCaseExecutor.execute(TestCaseExecutor.java:233)&#xD;&#xA;&#x9;at com.kms.katalon.core.main.TestSuiteExecutor.accessTestCaseMainPhase(TestSuiteExecutor.java:133)&#xD;&#xA;&#x9;at com.kms.katalon.core.main.TestSuiteExecutor.accessTestSuiteMainPhase(TestSuiteExecutor.java:116)&#xD;&#xA;&#x9;at com.kms.katalon.core.main.TestSuiteExecutor.execute(TestSuiteExecutor.java:83)&#xD;&#xA;&#x9;at com.kms.katalon.core.main.TestCaseMain.startTestSuite(TestCaseMain.java:157)&#xD;&#xA;&#x9;at com.kms.katalon.core.main.TestCaseMain$startTestSuite$0.call(Unknown Source)&#xD;&#xA;&#x9;at TempTestSuite1576555809646.run(TempTestSuite1576555809646.groovy:35)&#xD;&#xA;"/>
            <system-out>2019-12-17 11:10:22 - [TEST_CASE][FAILED] - Test Cases/E_Wallet/TC_updateBilling/TC_updateBillingUpdateSendNotif: Test Cases/E_Wallet/TC_updateBilling/TC_updateBillingUpdateSendNotif FAILED.
Reason:
com.kms.katalon.core.exception.StepFailedException: Actual object 'RC22' and expected object 'RC00' are not equal&#xD;
	at com.kms.katalon.core.keyword.builtin.VerifyEqualKeyword$_verifyEqual_closure1.doCall(VerifyEqualKeyword.groovy:58)&#xD;
	at com.kms.katalon.core.keyword.builtin.VerifyEqualKeyword$_verifyEqual_closure1.call(VerifyEqualKeyword.groovy)&#xD;
	at com.kms.katalon.core.keyword.internal.KeywordMain.runKeyword(KeywordMain.groovy:68)&#xD;
	at com.kms.katalon.core.keyword.builtin.VerifyEqualKeyword.verifyEqual(VerifyEqualKeyword.groovy:63)&#xD;
	at com.kms.katalon.core.keyword.builtin.VerifyEqualKeyword.execute(VerifyEqualKeyword.groovy:44)&#xD;
	at com.kms.katalon.core.keyword.internal.KeywordExecutor.executeKeywordForPlatform(KeywordExecutor.groovy:56)&#xD;
	at com.kms.katalon.core.keyword.BuiltinKeywords.verifyEqual(BuiltinKeywords.groovy:141)&#xD;
	at TC_updateBillingUpdateSendNotif.run(TC_updateBillingUpdateSendNotif:104)&#xD;
	at com.kms.katalon.core.main.ScriptEngine.run(ScriptEngine.java:194)&#xD;
	at com.kms.katalon.core.main.ScriptEngine.runScriptAsRawText(ScriptEngine.java:119)&#xD;
	at com.kms.katalon.core.main.TestCaseExecutor.runScript(TestCaseExecutor.java:337)&#xD;
	at com.kms.katalon.core.main.TestCaseExecutor.doExecute(TestCaseExecutor.java:328)&#xD;
	at com.kms.katalon.core.main.TestCaseExecutor.processExecutionPhase(TestCaseExecutor.java:307)&#xD;
	at com.kms.katalon.core.main.TestCaseExecutor.accessMainPhase(TestCaseExecutor.java:299)&#xD;
	at com.kms.katalon.core.main.TestCaseExecutor.execute(TestCaseExecutor.java:233)&#xD;
	at com.kms.katalon.core.main.TestSuiteExecutor.accessTestCaseMainPhase(TestSuiteExecutor.java:133)&#xD;
	at com.kms.katalon.core.main.TestSuiteExecutor.accessTestSuiteMainPhase(TestSuiteExecutor.java:116)&#xD;
	at com.kms.katalon.core.main.TestSuiteExecutor.execute(TestSuiteExecutor.java:83)&#xD;
	at com.kms.katalon.core.main.TestCaseMain.startTestSuite(TestCaseMain.java:157)&#xD;
	at com.kms.katalon.core.main.TestCaseMain$startTestSuite$0.call(Unknown Source)&#xD;
	at TempTestSuite1576555809646.run(TempTestSuite1576555809646.groovy:35)&#xD;
&#xD;
&#xD;
2019-12-17 11:10:22 - [TEST_STEP][PASSED] - plain = "{" + ""user_agent":"" + var_user_agent + ""," + ""billing_id":"" + var_billing_id + ""," + ""amount":"" + var_amount + ""," + ""billing_status":"" + var_billing_status + ""," + ""verified_flag":"" + var_verified_flag + ""," + ""wallet_id":"" + var_wallet_id + ""," + ""billing_ref1":"" + var_billing_ref1 + ""," + ""billing_ref2":"" + var_billing_ref2 + ""," + ""billing_ref3":"" + var_billing_ref3 + ""}": null&#xD;
&#xD;
2019-12-17 11:10:22 - [TEST_STEP][PASSED] - out.println(plain): null&#xD;
&#xD;
2019-12-17 11:10:22 - [TEST_STEP][PASSED] - out.println("var_customer_token" + var_customer_token): null&#xD;
&#xD;
2019-12-17 11:10:22 - [TEST_STEP][PASSED] - out.println("var_partner_token" + var_partner_token): null&#xD;
&#xD;
2019-12-17 11:10:22 - [TEST_STEP][PASSED] - encipheredData = SecureUtils.encryptAesEwallet(plain, var_aes_key): null&#xD;
&#xD;
2019-12-17 11:10:22 - [TEST_STEP][PASSED] - body = "{"organisation_id":"" + var_organisation_id + ""," + ""data":"" + encipheredData + ""," + ""lang":"" + var_lang + ""}": null&#xD;
&#xD;
2019-12-17 11:10:22 - [TEST_STEP][PASSED] - out.println(body): null&#xD;
&#xD;
2019-12-17 11:10:22 - [TEST_STEP][PASSED] - request = findTestObject("E_Wallet/obj_updateBilling2"): null&#xD;
&#xD;
2019-12-17 11:10:22 - [TEST_STEP][PASSED] - request.setBodyContent(new com.kms.katalon.core.testobject.impl.HttpTextBodyContent(body, UTF-8, application/json)): null&#xD;
&#xD;
2019-12-17 11:10:22 - [TEST_STEP][PASSED] - if (var_customer_token == 0): null&#xD;
&#xD;
2019-12-17 11:10:22 - [TEST_STEP][PASSED] - else: null&#xD;
&#xD;
2019-12-17 11:10:22 - [TEST_STEP][PASSED] - out.println("using access_token = " + access_token_customer): null&#xD;
&#xD;
2019-12-17 11:10:22 - [TEST_STEP][PASSED] - listQuery = new java.util.ArrayList(): null&#xD;
&#xD;
2019-12-17 11:10:22 - [TEST_STEP][PASSED] - listQuery.add(new com.kms.katalon.core.testobject.TestObjectProperty(token, com.kms.katalon.core.testobject.ConditionType.EQUALS, internal.GlobalVariable.access_token_customer)): null&#xD;
&#xD;
2019-12-17 11:10:22 - [TEST_STEP][PASSED] - request.setRestParameters(listQuery): null&#xD;
&#xD;
2019-12-17 11:10:22 - [TEST_STEP][PASSED] - response = sendRequest(request): Send request successfully&#xD;
&#xD;
2019-12-17 11:10:22 - [MESSAGE][INFO] - HAR: D:\katalon-ewallet\Reports\E_Wallet\TS_updateBilling\TS_updateBillingUpdateSendNotif\20191217_111009\requests\main\38.har&#xD;
&#xD;
2019-12-17 11:10:22 - [MESSAGE][PASSED] - Send request successfully&#xD;
&#xD;
2019-12-17 11:10:22 - [TEST_STEP][PASSED] - a = &lt;not implemented yet for class: org.codehaus.groovy.ast.expr.EmptyExpression&gt;: null&#xD;
&#xD;
2019-12-17 11:10:22 - [TEST_STEP][PASSED] - headerProps = request.getHttpHeaderProperties(): null&#xD;
&#xD;
2019-12-17 11:10:22 - [TEST_STEP][PASSED] - for ([a = 0, a &lt; headerProps.size(), (a++)]): null&#xD;
&#xD;
2019-12-17 11:10:22 - [TEST_STEP][PASSED] - println(get(a).getName() + ": " + get(a).getValue()): null&#xD;
&#xD;
2019-12-17 11:10:22 - [TEST_STEP][PASSED] - println(get(a).getName() + ": " + get(a).getValue()): null&#xD;
&#xD;
2019-12-17 11:10:22 - [TEST_STEP][PASSED] - println(get(a).getName() + ": " + get(a).getValue()): null&#xD;
&#xD;
2019-12-17 11:10:22 - [TEST_STEP][PASSED] - body_content = responseBodyContent: null&#xD;
&#xD;
2019-12-17 11:10:22 - [TEST_STEP][PASSED] - status_code = statusCode: null&#xD;
&#xD;
2019-12-17 11:10:22 - [TEST_STEP][PASSED] - respDataMap = JsonSlurper().parseText(body_content): null&#xD;
&#xD;
2019-12-17 11:10:22 - [TEST_STEP][PASSED] - out.println(respDataMap): null&#xD;
&#xD;
2019-12-17 11:10:22 - [TEST_STEP][PASSED] - rc_ref = ReturnCodeWrapper(var_expected_rc).getEnumRC(): null&#xD;
&#xD;
2019-12-17 11:10:22 - [TEST_STEP][PASSED] - out.println(var_expected_rc): null&#xD;
&#xD;
2019-12-17 11:10:22 - [TEST_STEP][PASSED] - out.println(rc_ref.getRCName()): null&#xD;
&#xD;
2019-12-17 11:10:22 - [TEST_STEP][PASSED] - out.println(rc_ref.getHttpResponse()): null&#xD;
&#xD;
2019-12-17 11:10:22 - [TEST_STEP][FAILED] - result = verifyEqual(response_code, rc_ref.getRCName()): Unable to verify equal between actual object 'RC22' and expected object 'RC00' (Root cause: com.kms.katalon.core.exception.StepFailedException: Actual object 'RC22' and expected object 'RC00' are not equal&#xD;
	at com.kms.katalon.core.keyword.builtin.VerifyEqualKeyword$_verifyEqual_closure1.doCall(VerifyEqualKeyword.groovy:58)&#xD;
	at com.kms.katalon.core.keyword.builtin.VerifyEqualKeyword$_verifyEqual_closure1.call(VerifyEqualKeyword.groovy)&#xD;
	at com.kms.katalon.core.keyword.internal.KeywordMain.runKeyword(KeywordMain.groovy:68)&#xD;
	at com.kms.katalon.core.keyword.builtin.VerifyEqualKeyword.verifyEqual(VerifyEqualKeyword.groovy:63)&#xD;
	at com.kms.katalon.core.keyword.builtin.VerifyEqualKeyword.execute(VerifyEqualKeyword.groovy:44)&#xD;
	at com.kms.katalon.core.keyword.internal.KeywordExecutor.executeKeywordForPlatform(KeywordExecutor.groovy:56)&#xD;
	at com.kms.katalon.core.keyword.BuiltinKeywords.verifyEqual(BuiltinKeywords.groovy:141)&#xD;
	at TC_updateBillingUpdateSendNotif.run(TC_updateBillingUpdateSendNotif:104)&#xD;
	at com.kms.katalon.core.main.ScriptEngine.run(ScriptEngine.java:194)&#xD;
	at com.kms.katalon.core.main.ScriptEngine.runScriptAsRawText(ScriptEngine.java:119)&#xD;
	at com.kms.katalon.core.main.TestCaseExecutor.runScript(TestCaseExecutor.java:337)&#xD;
	at com.kms.katalon.core.main.TestCaseExecutor.doExecute(TestCaseExecutor.java:328)&#xD;
	at com.kms.katalon.core.main.TestCaseExecutor.processExecutionPhase(TestCaseExecutor.java:307)&#xD;
	at com.kms.katalon.core.main.TestCaseExecutor.accessMainPhase(TestCaseExecutor.java:299)&#xD;
	at com.kms.katalon.core.main.TestCaseExecutor.execute(TestCaseExecutor.java:233)&#xD;
	at com.kms.katalon.core.main.TestSuiteExecutor.accessTestCaseMainPhase(TestSuiteExecutor.java:133)&#xD;
	at com.kms.katalon.core.main.TestSuiteExecutor.accessTestSuiteMainPhase(TestSuiteExecutor.java:116)&#xD;
	at com.kms.katalon.core.main.TestSuiteExecutor.execute(TestSuiteExecutor.java:83)&#xD;
	at com.kms.katalon.core.main.TestCaseMain.startTestSuite(TestCaseMain.java:157)&#xD;
	at com.kms.katalon.core.main.TestCaseMain$startTestSuite$0.call(Unknown Source)&#xD;
	at TempTestSuite1576555809646.run(TempTestSuite1576555809646.groovy:35)&#xD;
)&#xD;
&#xD;
2019-12-17 11:10:22 - [MESSAGE][FAILED] - Unable to verify equal between actual object 'RC22' and expected object 'RC00' (Root cause: com.kms.katalon.core.exception.StepFailedException: Actual object 'RC22' and expected object 'RC00' are not equal&#xD;
	at com.kms.katalon.core.keyword.builtin.VerifyEqualKeyword$_verifyEqual_closure1.doCall(VerifyEqualKeyword.groovy:58)&#xD;
	at com.kms.katalon.core.keyword.builtin.VerifyEqualKeyword$_verifyEqual_closure1.call(VerifyEqualKeyword.groovy)&#xD;
	at com.kms.katalon.core.keyword.internal.KeywordMain.runKeyword(KeywordMain.groovy:68)&#xD;
	at com.kms.katalon.core.keyword.builtin.VerifyEqualKeyword.verifyEqual(VerifyEqualKeyword.groovy:63)&#xD;
	at com.kms.katalon.core.keyword.builtin.VerifyEqualKeyword.execute(VerifyEqualKeyword.groovy:44)&#xD;
	at com.kms.katalon.core.keyword.internal.KeywordExecutor.executeKeywordForPlatform(KeywordExecutor.groovy:56)&#xD;
	at com.kms.katalon.core.keyword.BuiltinKeywords.verifyEqual(BuiltinKeywords.groovy:141)&#xD;
	at TC_updateBillingUpdateSendNotif.run(TC_updateBillingUpdateSendNotif:104)&#xD;
	at com.kms.katalon.core.main.ScriptEngine.run(ScriptEngine.java:194)&#xD;
	at com.kms.katalon.core.main.ScriptEngine.runScriptAsRawText(ScriptEngine.java:119)&#xD;
	at com.kms.katalon.core.main.TestCaseExecutor.runScript(TestCaseExecutor.java:337)&#xD;
	at com.kms.katalon.core.main.TestCaseExecutor.doExecute(TestCaseExecutor.java:328)&#xD;
	at com.kms.katalon.core.main.TestCaseExecutor.processExecutionPhase(TestCaseExecutor.java:307)&#xD;
	at com.kms.katalon.core.main.TestCaseExecutor.accessMainPhase(TestCaseExecutor.java:299)&#xD;
	at com.kms.katalon.core.main.TestCaseExecutor.execute(TestCaseExecutor.java:233)&#xD;
	at com.kms.katalon.core.main.TestSuiteExecutor.accessTestCaseMainPhase(TestSuiteExecutor.java:133)&#xD;
	at com.kms.katalon.core.main.TestSuiteExecutor.accessTestSuiteMainPhase(TestSuiteExecutor.java:116)&#xD;
	at com.kms.katalon.core.main.TestSuiteExecutor.execute(TestSuiteExecutor.java:83)&#xD;
	at com.kms.katalon.core.main.TestCaseMain.startTestSuite(TestCaseMain.java:157)&#xD;
	at com.kms.katalon.core.main.TestCaseMain$startTestSuite$0.call(Unknown Source)&#xD;
	at TempTestSuite1576555809646.run(TempTestSuite1576555809646.groovy:35)&#xD;
)</system-out>
            <system-err>2019-12-17 11:10:22 - [TEST_CASE][FAILED] - Test Cases/E_Wallet/TC_updateBilling/TC_updateBillingUpdateSendNotif: Test Cases/E_Wallet/TC_updateBilling/TC_updateBillingUpdateSendNotif FAILED.
Reason:
com.kms.katalon.core.exception.StepFailedException: Actual object 'RC22' and expected object 'RC00' are not equal&#xD;
	at com.kms.katalon.core.keyword.builtin.VerifyEqualKeyword$_verifyEqual_closure1.doCall(VerifyEqualKeyword.groovy:58)&#xD;
	at com.kms.katalon.core.keyword.builtin.VerifyEqualKeyword$_verifyEqual_closure1.call(VerifyEqualKeyword.groovy)&#xD;
	at com.kms.katalon.core.keyword.internal.KeywordMain.runKeyword(KeywordMain.groovy:68)&#xD;
	at com.kms.katalon.core.keyword.builtin.VerifyEqualKeyword.verifyEqual(VerifyEqualKeyword.groovy:63)&#xD;
	at com.kms.katalon.core.keyword.builtin.VerifyEqualKeyword.execute(VerifyEqualKeyword.groovy:44)&#xD;
	at com.kms.katalon.core.keyword.internal.KeywordExecutor.executeKeywordForPlatform(KeywordExecutor.groovy:56)&#xD;
	at com.kms.katalon.core.keyword.BuiltinKeywords.verifyEqual(BuiltinKeywords.groovy:141)&#xD;
	at TC_updateBillingUpdateSendNotif.run(TC_updateBillingUpdateSendNotif:104)&#xD;
	at com.kms.katalon.core.main.ScriptEngine.run(ScriptEngine.java:194)&#xD;
	at com.kms.katalon.core.main.ScriptEngine.runScriptAsRawText(ScriptEngine.java:119)&#xD;
	at com.kms.katalon.core.main.TestCaseExecutor.runScript(TestCaseExecutor.java:337)&#xD;
	at com.kms.katalon.core.main.TestCaseExecutor.doExecute(TestCaseExecutor.java:328)&#xD;
	at com.kms.katalon.core.main.TestCaseExecutor.processExecutionPhase(TestCaseExecutor.java:307)&#xD;
	at com.kms.katalon.core.main.TestCaseExecutor.accessMainPhase(TestCaseExecutor.java:299)&#xD;
	at com.kms.katalon.core.main.TestCaseExecutor.execute(TestCaseExecutor.java:233)&#xD;
	at com.kms.katalon.core.main.TestSuiteExecutor.accessTestCaseMainPhase(TestSuiteExecutor.java:133)&#xD;
	at com.kms.katalon.core.main.TestSuiteExecutor.accessTestSuiteMainPhase(TestSuiteExecutor.java:116)&#xD;
	at com.kms.katalon.core.main.TestSuiteExecutor.execute(TestSuiteExecutor.java:83)&#xD;
	at com.kms.katalon.core.main.TestCaseMain.startTestSuite(TestCaseMain.java:157)&#xD;
	at com.kms.katalon.core.main.TestCaseMain$startTestSuite$0.call(Unknown Source)&#xD;
	at TempTestSuite1576555809646.run(TempTestSuite1576555809646.groovy:35)</system-err>
        </testcase>
        <testcase name="Test Cases/E_Wallet/TC_updateBilling/TC_updateBillingUpdateSendNotif" classname="Test Cases/E_Wallet/TC_updateBilling/TC_updateBillingUpdateSendNotif" status="PASSED">
            <system-out>2019-12-17 11:10:22 - [TEST_CASE][PASSED] - Test Cases/E_Wallet/TC_updateBilling/TC_updateBillingUpdateSendNotif: Test Cases/E_Wallet/TC_updateBilling/TC_updateBillingUpdateSendNotif&#xD;
&#xD;
2019-12-17 11:10:22 - [TEST_STEP][PASSED] - plain = "{" + ""user_agent":"" + var_user_agent + ""," + ""billing_id":"" + var_billing_id + ""," + ""amount":"" + var_amount + ""," + ""billing_status":"" + var_billing_status + ""," + ""verified_flag":"" + var_verified_flag + ""," + ""wallet_id":"" + var_wallet_id + ""," + ""billing_ref1":"" + var_billing_ref1 + ""," + ""billing_ref2":"" + var_billing_ref2 + ""," + ""billing_ref3":"" + var_billing_ref3 + ""}": null&#xD;
&#xD;
2019-12-17 11:10:22 - [TEST_STEP][PASSED] - out.println(plain): null&#xD;
&#xD;
2019-12-17 11:10:22 - [TEST_STEP][PASSED] - out.println("var_customer_token" + var_customer_token): null&#xD;
&#xD;
2019-12-17 11:10:22 - [TEST_STEP][PASSED] - out.println("var_partner_token" + var_partner_token): null&#xD;
&#xD;
2019-12-17 11:10:22 - [TEST_STEP][PASSED] - encipheredData = SecureUtils.encryptAesEwallet(plain, var_aes_key): null&#xD;
&#xD;
2019-12-17 11:10:22 - [TEST_STEP][PASSED] - body = "{"organisation_id":"" + var_organisation_id + ""," + ""data":"" + encipheredData + ""," + ""lang":"" + var_lang + ""}": null&#xD;
&#xD;
2019-12-17 11:10:22 - [TEST_STEP][PASSED] - out.println(body): null&#xD;
&#xD;
2019-12-17 11:10:22 - [TEST_STEP][PASSED] - request = findTestObject("E_Wallet/obj_updateBilling2"): null&#xD;
&#xD;
2019-12-17 11:10:22 - [TEST_STEP][PASSED] - request.setBodyContent(new com.kms.katalon.core.testobject.impl.HttpTextBodyContent(body, UTF-8, application/json)): null&#xD;
&#xD;
2019-12-17 11:10:22 - [TEST_STEP][PASSED] - if (var_customer_token == 0): null&#xD;
&#xD;
2019-12-17 11:10:22 - [TEST_STEP][PASSED] - else: null&#xD;
&#xD;
2019-12-17 11:10:22 - [TEST_STEP][PASSED] - out.println("using access_token = " + access_token_customer): null&#xD;
&#xD;
2019-12-17 11:10:22 - [TEST_STEP][PASSED] - listQuery = new java.util.ArrayList(): null&#xD;
&#xD;
2019-12-17 11:10:22 - [TEST_STEP][PASSED] - listQuery.add(new com.kms.katalon.core.testobject.TestObjectProperty(token, com.kms.katalon.core.testobject.ConditionType.EQUALS, internal.GlobalVariable.access_token_customer)): null&#xD;
&#xD;
2019-12-17 11:10:22 - [TEST_STEP][PASSED] - request.setRestParameters(listQuery): null&#xD;
&#xD;
2019-12-17 11:10:22 - [TEST_STEP][PASSED] - response = sendRequest(request): Send request successfully&#xD;
&#xD;
2019-12-17 11:10:22 - [MESSAGE][INFO] - HAR: D:\katalon-ewallet\Reports\E_Wallet\TS_updateBilling\TS_updateBillingUpdateSendNotif\20191217_111009\requests\main\39.har&#xD;
&#xD;
2019-12-17 11:10:22 - [MESSAGE][PASSED] - Send request successfully&#xD;
&#xD;
2019-12-17 11:10:22 - [TEST_STEP][PASSED] - a = &lt;not implemented yet for class: org.codehaus.groovy.ast.expr.EmptyExpression&gt;: null&#xD;
&#xD;
2019-12-17 11:10:22 - [TEST_STEP][PASSED] - headerProps = request.getHttpHeaderProperties(): null&#xD;
&#xD;
2019-12-17 11:10:22 - [TEST_STEP][PASSED] - for ([a = 0, a &lt; headerProps.size(), (a++)]): null&#xD;
&#xD;
2019-12-17 11:10:22 - [TEST_STEP][PASSED] - println(get(a).getName() + ": " + get(a).getValue()): null&#xD;
&#xD;
2019-12-17 11:10:22 - [TEST_STEP][PASSED] - println(get(a).getName() + ": " + get(a).getValue()): null&#xD;
&#xD;
2019-12-17 11:10:22 - [TEST_STEP][PASSED] - println(get(a).getName() + ": " + get(a).getValue()): null&#xD;
&#xD;
2019-12-17 11:10:22 - [TEST_STEP][PASSED] - body_content = responseBodyContent: null&#xD;
&#xD;
2019-12-17 11:10:22 - [TEST_STEP][PASSED] - status_code = statusCode: null&#xD;
&#xD;
2019-12-17 11:10:22 - [TEST_STEP][PASSED] - respDataMap = JsonSlurper().parseText(body_content): null&#xD;
&#xD;
2019-12-17 11:10:22 - [TEST_STEP][PASSED] - out.println(respDataMap): null&#xD;
&#xD;
2019-12-17 11:10:22 - [TEST_STEP][PASSED] - rc_ref = ReturnCodeWrapper(var_expected_rc).getEnumRC(): null&#xD;
&#xD;
2019-12-17 11:10:22 - [TEST_STEP][PASSED] - out.println(var_expected_rc): null&#xD;
&#xD;
2019-12-17 11:10:22 - [TEST_STEP][PASSED] - out.println(rc_ref.getRCName()): null&#xD;
&#xD;
2019-12-17 11:10:22 - [TEST_STEP][PASSED] - out.println(rc_ref.getHttpResponse()): null&#xD;
&#xD;
2019-12-17 11:10:22 - [TEST_STEP][PASSED] - result = verifyEqual(response_code, rc_ref.getRCName()): Actual object 'RC01' and expected object 'RC01' are equal&#xD;
&#xD;
2019-12-17 11:10:22 - [MESSAGE][PASSED] - Actual object 'RC01' and expected object 'RC01' are equal&#xD;
&#xD;
2019-12-17 11:10:22 - [TEST_STEP][PASSED] - if (result == false): null&#xD;
&#xD;
2019-12-17 11:10:22 - [TEST_STEP][PASSED] - else: null&#xD;
&#xD;
2019-12-17 11:10:22 - [TEST_STEP][PASSED] - verifyEqual(statusCode, rc_ref.getHttpResponse()): Actual object '400' and expected object '400' are equal&#xD;
&#xD;
2019-12-17 11:10:22 - [MESSAGE][PASSED] - Actual object '400' and expected object '400' are equal&#xD;
&#xD;
2019-12-17 11:10:22 - [TEST_STEP][PASSED] - if (rc_ref == RC00): null</system-out>
            <system-err></system-err>
        </testcase>
        <testcase name="Test Cases/E_Wallet/TC_updateBilling/TC_updateBillingUpdateSendNotif" classname="Test Cases/E_Wallet/TC_updateBilling/TC_updateBillingUpdateSendNotif" status="PASSED">
            <system-out>2019-12-17 11:10:22 - [TEST_CASE][PASSED] - Test Cases/E_Wallet/TC_updateBilling/TC_updateBillingUpdateSendNotif: Test Cases/E_Wallet/TC_updateBilling/TC_updateBillingUpdateSendNotif&#xD;
&#xD;
2019-12-17 11:10:22 - [TEST_STEP][PASSED] - plain = "{" + ""user_agent":"" + var_user_agent + ""," + ""billing_id":"" + var_billing_id + ""," + ""amount":"" + var_amount + ""," + ""billing_status":"" + var_billing_status + ""," + ""verified_flag":"" + var_verified_flag + ""," + ""wallet_id":"" + var_wallet_id + ""," + ""billing_ref1":"" + var_billing_ref1 + ""," + ""billing_ref2":"" + var_billing_ref2 + ""," + ""billing_ref3":"" + var_billing_ref3 + ""}": null&#xD;
&#xD;
2019-12-17 11:10:22 - [TEST_STEP][PASSED] - out.println(plain): null&#xD;
&#xD;
2019-12-17 11:10:22 - [TEST_STEP][PASSED] - out.println("var_customer_token" + var_customer_token): null&#xD;
&#xD;
2019-12-17 11:10:22 - [TEST_STEP][PASSED] - out.println("var_partner_token" + var_partner_token): null&#xD;
&#xD;
2019-12-17 11:10:22 - [TEST_STEP][PASSED] - encipheredData = SecureUtils.encryptAesEwallet(plain, var_aes_key): null&#xD;
&#xD;
2019-12-17 11:10:22 - [TEST_STEP][PASSED] - body = "{"organisation_id":"" + var_organisation_id + ""," + ""data":"" + encipheredData + ""," + ""lang":"" + var_lang + ""}": null&#xD;
&#xD;
2019-12-17 11:10:22 - [TEST_STEP][PASSED] - out.println(body): null&#xD;
&#xD;
2019-12-17 11:10:22 - [TEST_STEP][PASSED] - request = findTestObject("E_Wallet/obj_updateBilling2"): null&#xD;
&#xD;
2019-12-17 11:10:22 - [TEST_STEP][PASSED] - request.setBodyContent(new com.kms.katalon.core.testobject.impl.HttpTextBodyContent(body, UTF-8, application/json)): null&#xD;
&#xD;
2019-12-17 11:10:22 - [TEST_STEP][PASSED] - if (var_customer_token == 0): null&#xD;
&#xD;
2019-12-17 11:10:22 - [TEST_STEP][PASSED] - else: null&#xD;
&#xD;
2019-12-17 11:10:22 - [TEST_STEP][PASSED] - out.println("using access_token = " + access_token_customer): null&#xD;
&#xD;
2019-12-17 11:10:22 - [TEST_STEP][PASSED] - listQuery = new java.util.ArrayList(): null&#xD;
&#xD;
2019-12-17 11:10:22 - [TEST_STEP][PASSED] - listQuery.add(new com.kms.katalon.core.testobject.TestObjectProperty(token, com.kms.katalon.core.testobject.ConditionType.EQUALS, internal.GlobalVariable.access_token_customer)): null&#xD;
&#xD;
2019-12-17 11:10:22 - [TEST_STEP][PASSED] - request.setRestParameters(listQuery): null&#xD;
&#xD;
2019-12-17 11:10:22 - [TEST_STEP][PASSED] - response = sendRequest(request): Send request successfully&#xD;
&#xD;
2019-12-17 11:10:22 - [MESSAGE][INFO] - HAR: D:\katalon-ewallet\Reports\E_Wallet\TS_updateBilling\TS_updateBillingUpdateSendNotif\20191217_111009\requests\main\40.har&#xD;
&#xD;
2019-12-17 11:10:22 - [MESSAGE][PASSED] - Send request successfully&#xD;
&#xD;
2019-12-17 11:10:22 - [TEST_STEP][PASSED] - a = &lt;not implemented yet for class: org.codehaus.groovy.ast.expr.EmptyExpression&gt;: null&#xD;
&#xD;
2019-12-17 11:10:22 - [TEST_STEP][PASSED] - headerProps = request.getHttpHeaderProperties(): null&#xD;
&#xD;
2019-12-17 11:10:22 - [TEST_STEP][PASSED] - for ([a = 0, a &lt; headerProps.size(), (a++)]): null&#xD;
&#xD;
2019-12-17 11:10:22 - [TEST_STEP][PASSED] - println(get(a).getName() + ": " + get(a).getValue()): null&#xD;
&#xD;
2019-12-17 11:10:22 - [TEST_STEP][PASSED] - println(get(a).getName() + ": " + get(a).getValue()): null&#xD;
&#xD;
2019-12-17 11:10:22 - [TEST_STEP][PASSED] - println(get(a).getName() + ": " + get(a).getValue()): null&#xD;
&#xD;
2019-12-17 11:10:22 - [TEST_STEP][PASSED] - body_content = responseBodyContent: null&#xD;
&#xD;
2019-12-17 11:10:22 - [TEST_STEP][PASSED] - status_code = statusCode: null&#xD;
&#xD;
2019-12-17 11:10:22 - [TEST_STEP][PASSED] - respDataMap = JsonSlurper().parseText(body_content): null&#xD;
&#xD;
2019-12-17 11:10:22 - [TEST_STEP][PASSED] - out.println(respDataMap): null&#xD;
&#xD;
2019-12-17 11:10:22 - [TEST_STEP][PASSED] - rc_ref = ReturnCodeWrapper(var_expected_rc).getEnumRC(): null&#xD;
&#xD;
2019-12-17 11:10:22 - [TEST_STEP][PASSED] - out.println(var_expected_rc): null&#xD;
&#xD;
2019-12-17 11:10:22 - [TEST_STEP][PASSED] - out.println(rc_ref.getRCName()): null&#xD;
&#xD;
2019-12-17 11:10:22 - [TEST_STEP][PASSED] - out.println(rc_ref.getHttpResponse()): null&#xD;
&#xD;
2019-12-17 11:10:22 - [TEST_STEP][PASSED] - result = verifyEqual(response_code, rc_ref.getRCName()): Actual object 'RC01' and expected object 'RC01' are equal&#xD;
&#xD;
2019-12-17 11:10:22 - [MESSAGE][PASSED] - Actual object 'RC01' and expected object 'RC01' are equal&#xD;
&#xD;
2019-12-17 11:10:22 - [TEST_STEP][PASSED] - if (result == false): null&#xD;
&#xD;
2019-12-17 11:10:22 - [TEST_STEP][PASSED] - else: null&#xD;
&#xD;
2019-12-17 11:10:22 - [TEST_STEP][PASSED] - verifyEqual(statusCode, rc_ref.getHttpResponse()): Actual object '400' and expected object '400' are equal&#xD;
&#xD;
2019-12-17 11:10:22 - [MESSAGE][PASSED] - Actual object '400' and expected object '400' are equal&#xD;
&#xD;
2019-12-17 11:10:22 - [TEST_STEP][PASSED] - if (rc_ref == RC00): null</system-out>
            <system-err></system-err>
        </testcase>
        <testcase name="Test Cases/E_Wallet/TC_updateBilling/TC_updateBillingUpdateSendNotif" classname="Test Cases/E_Wallet/TC_updateBilling/TC_updateBillingUpdateSendNotif" status="FAILED">
            <failure type="FAILED" message="Test Cases/E_Wallet/TC_updateBilling/TC_updateBillingUpdateSendNotif FAILED.&#xA;Reason:&#xA;com.kms.katalon.core.exception.StepFailedException: Actual object 'RC06' and expected object 'RC22' are not equal&#xD;&#xA;&#x9;at com.kms.katalon.core.keyword.builtin.VerifyEqualKeyword$_verifyEqual_closure1.doCall(VerifyEqualKeyword.groovy:58)&#xD;&#xA;&#x9;at com.kms.katalon.core.keyword.builtin.VerifyEqualKeyword$_verifyEqual_closure1.call(VerifyEqualKeyword.groovy)&#xD;&#xA;&#x9;at com.kms.katalon.core.keyword.internal.KeywordMain.runKeyword(KeywordMain.groovy:68)&#xD;&#xA;&#x9;at com.kms.katalon.core.keyword.builtin.VerifyEqualKeyword.verifyEqual(VerifyEqualKeyword.groovy:63)&#xD;&#xA;&#x9;at com.kms.katalon.core.keyword.builtin.VerifyEqualKeyword.execute(VerifyEqualKeyword.groovy:44)&#xD;&#xA;&#x9;at com.kms.katalon.core.keyword.internal.KeywordExecutor.executeKeywordForPlatform(KeywordExecutor.groovy:56)&#xD;&#xA;&#x9;at com.kms.katalon.core.keyword.BuiltinKeywords.verifyEqual(BuiltinKeywords.groovy:141)&#xD;&#xA;&#x9;at TC_updateBillingUpdateSendNotif.run(TC_updateBillingUpdateSendNotif:104)&#xD;&#xA;&#x9;at com.kms.katalon.core.main.ScriptEngine.run(ScriptEngine.java:194)&#xD;&#xA;&#x9;at com.kms.katalon.core.main.ScriptEngine.runScriptAsRawText(ScriptEngine.java:119)&#xD;&#xA;&#x9;at com.kms.katalon.core.main.TestCaseExecutor.runScript(TestCaseExecutor.java:337)&#xD;&#xA;&#x9;at com.kms.katalon.core.main.TestCaseExecutor.doExecute(TestCaseExecutor.java:328)&#xD;&#xA;&#x9;at com.kms.katalon.core.main.TestCaseExecutor.processExecutionPhase(TestCaseExecutor.java:307)&#xD;&#xA;&#x9;at com.kms.katalon.core.main.TestCaseExecutor.accessMainPhase(TestCaseExecutor.java:299)&#xD;&#xA;&#x9;at com.kms.katalon.core.main.TestCaseExecutor.execute(TestCaseExecutor.java:233)&#xD;&#xA;&#x9;at com.kms.katalon.core.main.TestSuiteExecutor.accessTestCaseMainPhase(TestSuiteExecutor.java:133)&#xD;&#xA;&#x9;at com.kms.katalon.core.main.TestSuiteExecutor.accessTestSuiteMainPhase(TestSuiteExecutor.java:116)&#xD;&#xA;&#x9;at com.kms.katalon.core.main.TestSuiteExecutor.execute(TestSuiteExecutor.java:83)&#xD;&#xA;&#x9;at com.kms.katalon.core.main.TestCaseMain.startTestSuite(TestCaseMain.java:157)&#xD;&#xA;&#x9;at com.kms.katalon.core.main.TestCaseMain$startTestSuite$0.call(Unknown Source)&#xD;&#xA;&#x9;at TempTestSuite1576555809646.run(TempTestSuite1576555809646.groovy:35)&#xD;&#xA;"/>
            <system-out>2019-12-17 11:10:22 - [TEST_CASE][FAILED] - Test Cases/E_Wallet/TC_updateBilling/TC_updateBillingUpdateSendNotif: Test Cases/E_Wallet/TC_updateBilling/TC_updateBillingUpdateSendNotif FAILED.
Reason:
com.kms.katalon.core.exception.StepFailedException: Actual object 'RC06' and expected object 'RC22' are not equal&#xD;
	at com.kms.katalon.core.keyword.builtin.VerifyEqualKeyword$_verifyEqual_closure1.doCall(VerifyEqualKeyword.groovy:58)&#xD;
	at com.kms.katalon.core.keyword.builtin.VerifyEqualKeyword$_verifyEqual_closure1.call(VerifyEqualKeyword.groovy)&#xD;
	at com.kms.katalon.core.keyword.internal.KeywordMain.runKeyword(KeywordMain.groovy:68)&#xD;
	at com.kms.katalon.core.keyword.builtin.VerifyEqualKeyword.verifyEqual(VerifyEqualKeyword.groovy:63)&#xD;
	at com.kms.katalon.core.keyword.builtin.VerifyEqualKeyword.execute(VerifyEqualKeyword.groovy:44)&#xD;
	at com.kms.katalon.core.keyword.internal.KeywordExecutor.executeKeywordForPlatform(KeywordExecutor.groovy:56)&#xD;
	at com.kms.katalon.core.keyword.BuiltinKeywords.verifyEqual(BuiltinKeywords.groovy:141)&#xD;
	at TC_updateBillingUpdateSendNotif.run(TC_updateBillingUpdateSendNotif:104)&#xD;
	at com.kms.katalon.core.main.ScriptEngine.run(ScriptEngine.java:194)&#xD;
	at com.kms.katalon.core.main.ScriptEngine.runScriptAsRawText(ScriptEngine.java:119)&#xD;
	at com.kms.katalon.core.main.TestCaseExecutor.runScript(TestCaseExecutor.java:337)&#xD;
	at com.kms.katalon.core.main.TestCaseExecutor.doExecute(TestCaseExecutor.java:328)&#xD;
	at com.kms.katalon.core.main.TestCaseExecutor.processExecutionPhase(TestCaseExecutor.java:307)&#xD;
	at com.kms.katalon.core.main.TestCaseExecutor.accessMainPhase(TestCaseExecutor.java:299)&#xD;
	at com.kms.katalon.core.main.TestCaseExecutor.execute(TestCaseExecutor.java:233)&#xD;
	at com.kms.katalon.core.main.TestSuiteExecutor.accessTestCaseMainPhase(TestSuiteExecutor.java:133)&#xD;
	at com.kms.katalon.core.main.TestSuiteExecutor.accessTestSuiteMainPhase(TestSuiteExecutor.java:116)&#xD;
	at com.kms.katalon.core.main.TestSuiteExecutor.execute(TestSuiteExecutor.java:83)&#xD;
	at com.kms.katalon.core.main.TestCaseMain.startTestSuite(TestCaseMain.java:157)&#xD;
	at com.kms.katalon.core.main.TestCaseMain$startTestSuite$0.call(Unknown Source)&#xD;
	at TempTestSuite1576555809646.run(TempTestSuite1576555809646.groovy:35)&#xD;
&#xD;
&#xD;
2019-12-17 11:10:22 - [TEST_STEP][PASSED] - plain = "{" + ""user_agent":"" + var_user_agent + ""," + ""billing_id":"" + var_billing_id + ""," + ""amount":"" + var_amount + ""," + ""billing_status":"" + var_billing_status + ""," + ""verified_flag":"" + var_verified_flag + ""," + ""wallet_id":"" + var_wallet_id + ""," + ""billing_ref1":"" + var_billing_ref1 + ""," + ""billing_ref2":"" + var_billing_ref2 + ""," + ""billing_ref3":"" + var_billing_ref3 + ""}": null&#xD;
&#xD;
2019-12-17 11:10:22 - [TEST_STEP][PASSED] - out.println(plain): null&#xD;
&#xD;
2019-12-17 11:10:22 - [TEST_STEP][PASSED] - out.println("var_customer_token" + var_customer_token): null&#xD;
&#xD;
2019-12-17 11:10:22 - [TEST_STEP][PASSED] - out.println("var_partner_token" + var_partner_token): null&#xD;
&#xD;
2019-12-17 11:10:22 - [TEST_STEP][PASSED] - encipheredData = SecureUtils.encryptAesEwallet(plain, var_aes_key): null&#xD;
&#xD;
2019-12-17 11:10:22 - [TEST_STEP][PASSED] - body = "{"organisation_id":"" + var_organisation_id + ""," + ""data":"" + encipheredData + ""," + ""lang":"" + var_lang + ""}": null&#xD;
&#xD;
2019-12-17 11:10:22 - [TEST_STEP][PASSED] - out.println(body): null&#xD;
&#xD;
2019-12-17 11:10:22 - [TEST_STEP][PASSED] - request = findTestObject("E_Wallet/obj_updateBilling2"): null&#xD;
&#xD;
2019-12-17 11:10:22 - [TEST_STEP][PASSED] - request.setBodyContent(new com.kms.katalon.core.testobject.impl.HttpTextBodyContent(body, UTF-8, application/json)): null&#xD;
&#xD;
2019-12-17 11:10:22 - [TEST_STEP][PASSED] - if (var_customer_token == 0): null&#xD;
&#xD;
2019-12-17 11:10:22 - [TEST_STEP][PASSED] - else: null&#xD;
&#xD;
2019-12-17 11:10:22 - [TEST_STEP][PASSED] - out.println("using access_token = " + access_token_customer): null&#xD;
&#xD;
2019-12-17 11:10:22 - [TEST_STEP][PASSED] - listQuery = new java.util.ArrayList(): null&#xD;
&#xD;
2019-12-17 11:10:22 - [TEST_STEP][PASSED] - listQuery.add(new com.kms.katalon.core.testobject.TestObjectProperty(token, com.kms.katalon.core.testobject.ConditionType.EQUALS, internal.GlobalVariable.access_token_customer)): null&#xD;
&#xD;
2019-12-17 11:10:22 - [TEST_STEP][PASSED] - request.setRestParameters(listQuery): null&#xD;
&#xD;
2019-12-17 11:10:22 - [TEST_STEP][PASSED] - response = sendRequest(request): Send request successfully&#xD;
&#xD;
2019-12-17 11:10:22 - [MESSAGE][INFO] - HAR: D:\katalon-ewallet\Reports\E_Wallet\TS_updateBilling\TS_updateBillingUpdateSendNotif\20191217_111009\requests\main\41.har&#xD;
&#xD;
2019-12-17 11:10:22 - [MESSAGE][PASSED] - Send request successfully&#xD;
&#xD;
2019-12-17 11:10:22 - [TEST_STEP][PASSED] - a = &lt;not implemented yet for class: org.codehaus.groovy.ast.expr.EmptyExpression&gt;: null&#xD;
&#xD;
2019-12-17 11:10:22 - [TEST_STEP][PASSED] - headerProps = request.getHttpHeaderProperties(): null&#xD;
&#xD;
2019-12-17 11:10:22 - [TEST_STEP][PASSED] - for ([a = 0, a &lt; headerProps.size(), (a++)]): null&#xD;
&#xD;
2019-12-17 11:10:22 - [TEST_STEP][PASSED] - println(get(a).getName() + ": " + get(a).getValue()): null&#xD;
&#xD;
2019-12-17 11:10:22 - [TEST_STEP][PASSED] - println(get(a).getName() + ": " + get(a).getValue()): null&#xD;
&#xD;
2019-12-17 11:10:22 - [TEST_STEP][PASSED] - println(get(a).getName() + ": " + get(a).getValue()): null&#xD;
&#xD;
2019-12-17 11:10:22 - [TEST_STEP][PASSED] - body_content = responseBodyContent: null&#xD;
&#xD;
2019-12-17 11:10:22 - [TEST_STEP][PASSED] - status_code = statusCode: null&#xD;
&#xD;
2019-12-17 11:10:22 - [TEST_STEP][PASSED] - respDataMap = JsonSlurper().parseText(body_content): null&#xD;
&#xD;
2019-12-17 11:10:22 - [TEST_STEP][PASSED] - out.println(respDataMap): null&#xD;
&#xD;
2019-12-17 11:10:22 - [TEST_STEP][PASSED] - rc_ref = ReturnCodeWrapper(var_expected_rc).getEnumRC(): null&#xD;
&#xD;
2019-12-17 11:10:22 - [TEST_STEP][PASSED] - out.println(var_expected_rc): null&#xD;
&#xD;
2019-12-17 11:10:22 - [TEST_STEP][PASSED] - out.println(rc_ref.getRCName()): null&#xD;
&#xD;
2019-12-17 11:10:22 - [TEST_STEP][PASSED] - out.println(rc_ref.getHttpResponse()): null&#xD;
&#xD;
2019-12-17 11:10:22 - [TEST_STEP][FAILED] - result = verifyEqual(response_code, rc_ref.getRCName()): Unable to verify equal between actual object 'RC06' and expected object 'RC22' (Root cause: com.kms.katalon.core.exception.StepFailedException: Actual object 'RC06' and expected object 'RC22' are not equal&#xD;
	at com.kms.katalon.core.keyword.builtin.VerifyEqualKeyword$_verifyEqual_closure1.doCall(VerifyEqualKeyword.groovy:58)&#xD;
	at com.kms.katalon.core.keyword.builtin.VerifyEqualKeyword$_verifyEqual_closure1.call(VerifyEqualKeyword.groovy)&#xD;
	at com.kms.katalon.core.keyword.internal.KeywordMain.runKeyword(KeywordMain.groovy:68)&#xD;
	at com.kms.katalon.core.keyword.builtin.VerifyEqualKeyword.verifyEqual(VerifyEqualKeyword.groovy:63)&#xD;
	at com.kms.katalon.core.keyword.builtin.VerifyEqualKeyword.execute(VerifyEqualKeyword.groovy:44)&#xD;
	at com.kms.katalon.core.keyword.internal.KeywordExecutor.executeKeywordForPlatform(KeywordExecutor.groovy:56)&#xD;
	at com.kms.katalon.core.keyword.BuiltinKeywords.verifyEqual(BuiltinKeywords.groovy:141)&#xD;
	at TC_updateBillingUpdateSendNotif.run(TC_updateBillingUpdateSendNotif:104)&#xD;
	at com.kms.katalon.core.main.ScriptEngine.run(ScriptEngine.java:194)&#xD;
	at com.kms.katalon.core.main.ScriptEngine.runScriptAsRawText(ScriptEngine.java:119)&#xD;
	at com.kms.katalon.core.main.TestCaseExecutor.runScript(TestCaseExecutor.java:337)&#xD;
	at com.kms.katalon.core.main.TestCaseExecutor.doExecute(TestCaseExecutor.java:328)&#xD;
	at com.kms.katalon.core.main.TestCaseExecutor.processExecutionPhase(TestCaseExecutor.java:307)&#xD;
	at com.kms.katalon.core.main.TestCaseExecutor.accessMainPhase(TestCaseExecutor.java:299)&#xD;
	at com.kms.katalon.core.main.TestCaseExecutor.execute(TestCaseExecutor.java:233)&#xD;
	at com.kms.katalon.core.main.TestSuiteExecutor.accessTestCaseMainPhase(TestSuiteExecutor.java:133)&#xD;
	at com.kms.katalon.core.main.TestSuiteExecutor.accessTestSuiteMainPhase(TestSuiteExecutor.java:116)&#xD;
	at com.kms.katalon.core.main.TestSuiteExecutor.execute(TestSuiteExecutor.java:83)&#xD;
	at com.kms.katalon.core.main.TestCaseMain.startTestSuite(TestCaseMain.java:157)&#xD;
	at com.kms.katalon.core.main.TestCaseMain$startTestSuite$0.call(Unknown Source)&#xD;
	at TempTestSuite1576555809646.run(TempTestSuite1576555809646.groovy:35)&#xD;
)&#xD;
&#xD;
2019-12-17 11:10:22 - [MESSAGE][FAILED] - Unable to verify equal between actual object 'RC06' and expected object 'RC22' (Root cause: com.kms.katalon.core.exception.StepFailedException: Actual object 'RC06' and expected object 'RC22' are not equal&#xD;
	at com.kms.katalon.core.keyword.builtin.VerifyEqualKeyword$_verifyEqual_closure1.doCall(VerifyEqualKeyword.groovy:58)&#xD;
	at com.kms.katalon.core.keyword.builtin.VerifyEqualKeyword$_verifyEqual_closure1.call(VerifyEqualKeyword.groovy)&#xD;
	at com.kms.katalon.core.keyword.internal.KeywordMain.runKeyword(KeywordMain.groovy:68)&#xD;
	at com.kms.katalon.core.keyword.builtin.VerifyEqualKeyword.verifyEqual(VerifyEqualKeyword.groovy:63)&#xD;
	at com.kms.katalon.core.keyword.builtin.VerifyEqualKeyword.execute(VerifyEqualKeyword.groovy:44)&#xD;
	at com.kms.katalon.core.keyword.internal.KeywordExecutor.executeKeywordForPlatform(KeywordExecutor.groovy:56)&#xD;
	at com.kms.katalon.core.keyword.BuiltinKeywords.verifyEqual(BuiltinKeywords.groovy:141)&#xD;
	at TC_updateBillingUpdateSendNotif.run(TC_updateBillingUpdateSendNotif:104)&#xD;
	at com.kms.katalon.core.main.ScriptEngine.run(ScriptEngine.java:194)&#xD;
	at com.kms.katalon.core.main.ScriptEngine.runScriptAsRawText(ScriptEngine.java:119)&#xD;
	at com.kms.katalon.core.main.TestCaseExecutor.runScript(TestCaseExecutor.java:337)&#xD;
	at com.kms.katalon.core.main.TestCaseExecutor.doExecute(TestCaseExecutor.java:328)&#xD;
	at com.kms.katalon.core.main.TestCaseExecutor.processExecutionPhase(TestCaseExecutor.java:307)&#xD;
	at com.kms.katalon.core.main.TestCaseExecutor.accessMainPhase(TestCaseExecutor.java:299)&#xD;
	at com.kms.katalon.core.main.TestCaseExecutor.execute(TestCaseExecutor.java:233)&#xD;
	at com.kms.katalon.core.main.TestSuiteExecutor.accessTestCaseMainPhase(TestSuiteExecutor.java:133)&#xD;
	at com.kms.katalon.core.main.TestSuiteExecutor.accessTestSuiteMainPhase(TestSuiteExecutor.java:116)&#xD;
	at com.kms.katalon.core.main.TestSuiteExecutor.execute(TestSuiteExecutor.java:83)&#xD;
	at com.kms.katalon.core.main.TestCaseMain.startTestSuite(TestCaseMain.java:157)&#xD;
	at com.kms.katalon.core.main.TestCaseMain$startTestSuite$0.call(Unknown Source)&#xD;
	at TempTestSuite1576555809646.run(TempTestSuite1576555809646.groovy:35)&#xD;
)</system-out>
            <system-err>2019-12-17 11:10:22 - [TEST_CASE][FAILED] - Test Cases/E_Wallet/TC_updateBilling/TC_updateBillingUpdateSendNotif: Test Cases/E_Wallet/TC_updateBilling/TC_updateBillingUpdateSendNotif FAILED.
Reason:
com.kms.katalon.core.exception.StepFailedException: Actual object 'RC06' and expected object 'RC22' are not equal&#xD;
	at com.kms.katalon.core.keyword.builtin.VerifyEqualKeyword$_verifyEqual_closure1.doCall(VerifyEqualKeyword.groovy:58)&#xD;
	at com.kms.katalon.core.keyword.builtin.VerifyEqualKeyword$_verifyEqual_closure1.call(VerifyEqualKeyword.groovy)&#xD;
	at com.kms.katalon.core.keyword.internal.KeywordMain.runKeyword(KeywordMain.groovy:68)&#xD;
	at com.kms.katalon.core.keyword.builtin.VerifyEqualKeyword.verifyEqual(VerifyEqualKeyword.groovy:63)&#xD;
	at com.kms.katalon.core.keyword.builtin.VerifyEqualKeyword.execute(VerifyEqualKeyword.groovy:44)&#xD;
	at com.kms.katalon.core.keyword.internal.KeywordExecutor.executeKeywordForPlatform(KeywordExecutor.groovy:56)&#xD;
	at com.kms.katalon.core.keyword.BuiltinKeywords.verifyEqual(BuiltinKeywords.groovy:141)&#xD;
	at TC_updateBillingUpdateSendNotif.run(TC_updateBillingUpdateSendNotif:104)&#xD;
	at com.kms.katalon.core.main.ScriptEngine.run(ScriptEngine.java:194)&#xD;
	at com.kms.katalon.core.main.ScriptEngine.runScriptAsRawText(ScriptEngine.java:119)&#xD;
	at com.kms.katalon.core.main.TestCaseExecutor.runScript(TestCaseExecutor.java:337)&#xD;
	at com.kms.katalon.core.main.TestCaseExecutor.doExecute(TestCaseExecutor.java:328)&#xD;
	at com.kms.katalon.core.main.TestCaseExecutor.processExecutionPhase(TestCaseExecutor.java:307)&#xD;
	at com.kms.katalon.core.main.TestCaseExecutor.accessMainPhase(TestCaseExecutor.java:299)&#xD;
	at com.kms.katalon.core.main.TestCaseExecutor.execute(TestCaseExecutor.java:233)&#xD;
	at com.kms.katalon.core.main.TestSuiteExecutor.accessTestCaseMainPhase(TestSuiteExecutor.java:133)&#xD;
	at com.kms.katalon.core.main.TestSuiteExecutor.accessTestSuiteMainPhase(TestSuiteExecutor.java:116)&#xD;
	at com.kms.katalon.core.main.TestSuiteExecutor.execute(TestSuiteExecutor.java:83)&#xD;
	at com.kms.katalon.core.main.TestCaseMain.startTestSuite(TestCaseMain.java:157)&#xD;
	at com.kms.katalon.core.main.TestCaseMain$startTestSuite$0.call(Unknown Source)&#xD;
	at TempTestSuite1576555809646.run(TempTestSuite1576555809646.groovy:35)</system-err>
        </testcase>
        <testcase name="Test Cases/E_Wallet/TC_updateBilling/TC_updateBillingUpdateSendNotif" classname="Test Cases/E_Wallet/TC_updateBilling/TC_updateBillingUpdateSendNotif" status="PASSED">
            <system-out>2019-12-17 11:10:22 - [TEST_CASE][PASSED] - Test Cases/E_Wallet/TC_updateBilling/TC_updateBillingUpdateSendNotif: Test Cases/E_Wallet/TC_updateBilling/TC_updateBillingUpdateSendNotif&#xD;
&#xD;
2019-12-17 11:10:22 - [TEST_STEP][PASSED] - plain = "{" + ""user_agent":"" + var_user_agent + ""," + ""billing_id":"" + var_billing_id + ""," + ""amount":"" + var_amount + ""," + ""billing_status":"" + var_billing_status + ""," + ""verified_flag":"" + var_verified_flag + ""," + ""wallet_id":"" + var_wallet_id + ""," + ""billing_ref1":"" + var_billing_ref1 + ""," + ""billing_ref2":"" + var_billing_ref2 + ""," + ""billing_ref3":"" + var_billing_ref3 + ""}": null&#xD;
&#xD;
2019-12-17 11:10:22 - [TEST_STEP][PASSED] - out.println(plain): null&#xD;
&#xD;
2019-12-17 11:10:22 - [TEST_STEP][PASSED] - out.println("var_customer_token" + var_customer_token): null&#xD;
&#xD;
2019-12-17 11:10:22 - [TEST_STEP][PASSED] - out.println("var_partner_token" + var_partner_token): null&#xD;
&#xD;
2019-12-17 11:10:22 - [TEST_STEP][PASSED] - encipheredData = SecureUtils.encryptAesEwallet(plain, var_aes_key): null&#xD;
&#xD;
2019-12-17 11:10:22 - [TEST_STEP][PASSED] - body = "{"organisation_id":"" + var_organisation_id + ""," + ""data":"" + encipheredData + ""," + ""lang":"" + var_lang + ""}": null&#xD;
&#xD;
2019-12-17 11:10:22 - [TEST_STEP][PASSED] - out.println(body): null&#xD;
&#xD;
2019-12-17 11:10:22 - [TEST_STEP][PASSED] - request = findTestObject("E_Wallet/obj_updateBilling2"): null&#xD;
&#xD;
2019-12-17 11:10:22 - [TEST_STEP][PASSED] - request.setBodyContent(new com.kms.katalon.core.testobject.impl.HttpTextBodyContent(body, UTF-8, application/json)): null&#xD;
&#xD;
2019-12-17 11:10:22 - [TEST_STEP][PASSED] - if (var_customer_token == 0): null&#xD;
&#xD;
2019-12-17 11:10:22 - [TEST_STEP][PASSED] - else: null&#xD;
&#xD;
2019-12-17 11:10:22 - [TEST_STEP][PASSED] - out.println("using access_token = " + access_token_customer): null&#xD;
&#xD;
2019-12-17 11:10:22 - [TEST_STEP][PASSED] - listQuery = new java.util.ArrayList(): null&#xD;
&#xD;
2019-12-17 11:10:22 - [TEST_STEP][PASSED] - listQuery.add(new com.kms.katalon.core.testobject.TestObjectProperty(token, com.kms.katalon.core.testobject.ConditionType.EQUALS, internal.GlobalVariable.access_token_customer)): null&#xD;
&#xD;
2019-12-17 11:10:22 - [TEST_STEP][PASSED] - request.setRestParameters(listQuery): null&#xD;
&#xD;
2019-12-17 11:10:22 - [TEST_STEP][PASSED] - response = sendRequest(request): Send request successfully&#xD;
&#xD;
2019-12-17 11:10:22 - [MESSAGE][INFO] - HAR: D:\katalon-ewallet\Reports\E_Wallet\TS_updateBilling\TS_updateBillingUpdateSendNotif\20191217_111009\requests\main\42.har&#xD;
&#xD;
2019-12-17 11:10:22 - [MESSAGE][PASSED] - Send request successfully&#xD;
&#xD;
2019-12-17 11:10:22 - [TEST_STEP][PASSED] - a = &lt;not implemented yet for class: org.codehaus.groovy.ast.expr.EmptyExpression&gt;: null&#xD;
&#xD;
2019-12-17 11:10:22 - [TEST_STEP][PASSED] - headerProps = request.getHttpHeaderProperties(): null&#xD;
&#xD;
2019-12-17 11:10:22 - [TEST_STEP][PASSED] - for ([a = 0, a &lt; headerProps.size(), (a++)]): null&#xD;
&#xD;
2019-12-17 11:10:22 - [TEST_STEP][PASSED] - println(get(a).getName() + ": " + get(a).getValue()): null&#xD;
&#xD;
2019-12-17 11:10:22 - [TEST_STEP][PASSED] - println(get(a).getName() + ": " + get(a).getValue()): null&#xD;
&#xD;
2019-12-17 11:10:22 - [TEST_STEP][PASSED] - println(get(a).getName() + ": " + get(a).getValue()): null&#xD;
&#xD;
2019-12-17 11:10:22 - [TEST_STEP][PASSED] - body_content = responseBodyContent: null&#xD;
&#xD;
2019-12-17 11:10:22 - [TEST_STEP][PASSED] - status_code = statusCode: null&#xD;
&#xD;
2019-12-17 11:10:22 - [TEST_STEP][PASSED] - respDataMap = JsonSlurper().parseText(body_content): null&#xD;
&#xD;
2019-12-17 11:10:22 - [TEST_STEP][PASSED] - out.println(respDataMap): null&#xD;
&#xD;
2019-12-17 11:10:22 - [TEST_STEP][PASSED] - rc_ref = ReturnCodeWrapper(var_expected_rc).getEnumRC(): null&#xD;
&#xD;
2019-12-17 11:10:22 - [TEST_STEP][PASSED] - out.println(var_expected_rc): null&#xD;
&#xD;
2019-12-17 11:10:22 - [TEST_STEP][PASSED] - out.println(rc_ref.getRCName()): null&#xD;
&#xD;
2019-12-17 11:10:22 - [TEST_STEP][PASSED] - out.println(rc_ref.getHttpResponse()): null&#xD;
&#xD;
2019-12-17 11:10:22 - [TEST_STEP][PASSED] - result = verifyEqual(response_code, rc_ref.getRCName()): Actual object 'RC01' and expected object 'RC01' are equal&#xD;
&#xD;
2019-12-17 11:10:22 - [MESSAGE][PASSED] - Actual object 'RC01' and expected object 'RC01' are equal&#xD;
&#xD;
2019-12-17 11:10:22 - [TEST_STEP][PASSED] - if (result == false): null&#xD;
&#xD;
2019-12-17 11:10:22 - [TEST_STEP][PASSED] - else: null&#xD;
&#xD;
2019-12-17 11:10:22 - [TEST_STEP][PASSED] - verifyEqual(statusCode, rc_ref.getHttpResponse()): Actual object '400' and expected object '400' are equal&#xD;
&#xD;
2019-12-17 11:10:22 - [MESSAGE][PASSED] - Actual object '400' and expected object '400' are equal&#xD;
&#xD;
2019-12-17 11:10:22 - [TEST_STEP][PASSED] - if (rc_ref == RC00): null</system-out>
            <system-err></system-err>
        </testcase>
        <testcase name="Test Cases/E_Wallet/TC_updateBilling/TC_updateBillingUpdateSendNotif" classname="Test Cases/E_Wallet/TC_updateBilling/TC_updateBillingUpdateSendNotif" status="FAILED">
            <failure type="FAILED" message="Test Cases/E_Wallet/TC_updateBilling/TC_updateBillingUpdateSendNotif FAILED.&#xA;Reason:&#xA;com.kms.katalon.core.exception.StepFailedException: Actual object 'RC22' and expected object 'RC00' are not equal&#xD;&#xA;&#x9;at com.kms.katalon.core.keyword.builtin.VerifyEqualKeyword$_verifyEqual_closure1.doCall(VerifyEqualKeyword.groovy:58)&#xD;&#xA;&#x9;at com.kms.katalon.core.keyword.builtin.VerifyEqualKeyword$_verifyEqual_closure1.call(VerifyEqualKeyword.groovy)&#xD;&#xA;&#x9;at com.kms.katalon.core.keyword.internal.KeywordMain.runKeyword(KeywordMain.groovy:68)&#xD;&#xA;&#x9;at com.kms.katalon.core.keyword.builtin.VerifyEqualKeyword.verifyEqual(VerifyEqualKeyword.groovy:63)&#xD;&#xA;&#x9;at com.kms.katalon.core.keyword.builtin.VerifyEqualKeyword.execute(VerifyEqualKeyword.groovy:44)&#xD;&#xA;&#x9;at com.kms.katalon.core.keyword.internal.KeywordExecutor.executeKeywordForPlatform(KeywordExecutor.groovy:56)&#xD;&#xA;&#x9;at com.kms.katalon.core.keyword.BuiltinKeywords.verifyEqual(BuiltinKeywords.groovy:141)&#xD;&#xA;&#x9;at TC_updateBillingUpdateSendNotif.run(TC_updateBillingUpdateSendNotif:104)&#xD;&#xA;&#x9;at com.kms.katalon.core.main.ScriptEngine.run(ScriptEngine.java:194)&#xD;&#xA;&#x9;at com.kms.katalon.core.main.ScriptEngine.runScriptAsRawText(ScriptEngine.java:119)&#xD;&#xA;&#x9;at com.kms.katalon.core.main.TestCaseExecutor.runScript(TestCaseExecutor.java:337)&#xD;&#xA;&#x9;at com.kms.katalon.core.main.TestCaseExecutor.doExecute(TestCaseExecutor.java:328)&#xD;&#xA;&#x9;at com.kms.katalon.core.main.TestCaseExecutor.processExecutionPhase(TestCaseExecutor.java:307)&#xD;&#xA;&#x9;at com.kms.katalon.core.main.TestCaseExecutor.accessMainPhase(TestCaseExecutor.java:299)&#xD;&#xA;&#x9;at com.kms.katalon.core.main.TestCaseExecutor.execute(TestCaseExecutor.java:233)&#xD;&#xA;&#x9;at com.kms.katalon.core.main.TestSuiteExecutor.accessTestCaseMainPhase(TestSuiteExecutor.java:133)&#xD;&#xA;&#x9;at com.kms.katalon.core.main.TestSuiteExecutor.accessTestSuiteMainPhase(TestSuiteExecutor.java:116)&#xD;&#xA;&#x9;at com.kms.katalon.core.main.TestSuiteExecutor.execute(TestSuiteExecutor.java:83)&#xD;&#xA;&#x9;at com.kms.katalon.core.main.TestCaseMain.startTestSuite(TestCaseMain.java:157)&#xD;&#xA;&#x9;at com.kms.katalon.core.main.TestCaseMain$startTestSuite$0.call(Unknown Source)&#xD;&#xA;&#x9;at TempTestSuite1576555809646.run(TempTestSuite1576555809646.groovy:35)&#xD;&#xA;"/>
            <system-out>2019-12-17 11:10:22 - [TEST_CASE][FAILED] - Test Cases/E_Wallet/TC_updateBilling/TC_updateBillingUpdateSendNotif: Test Cases/E_Wallet/TC_updateBilling/TC_updateBillingUpdateSendNotif FAILED.
Reason:
com.kms.katalon.core.exception.StepFailedException: Actual object 'RC22' and expected object 'RC00' are not equal&#xD;
	at com.kms.katalon.core.keyword.builtin.VerifyEqualKeyword$_verifyEqual_closure1.doCall(VerifyEqualKeyword.groovy:58)&#xD;
	at com.kms.katalon.core.keyword.builtin.VerifyEqualKeyword$_verifyEqual_closure1.call(VerifyEqualKeyword.groovy)&#xD;
	at com.kms.katalon.core.keyword.internal.KeywordMain.runKeyword(KeywordMain.groovy:68)&#xD;
	at com.kms.katalon.core.keyword.builtin.VerifyEqualKeyword.verifyEqual(VerifyEqualKeyword.groovy:63)&#xD;
	at com.kms.katalon.core.keyword.builtin.VerifyEqualKeyword.execute(VerifyEqualKeyword.groovy:44)&#xD;
	at com.kms.katalon.core.keyword.internal.KeywordExecutor.executeKeywordForPlatform(KeywordExecutor.groovy:56)&#xD;
	at com.kms.katalon.core.keyword.BuiltinKeywords.verifyEqual(BuiltinKeywords.groovy:141)&#xD;
	at TC_updateBillingUpdateSendNotif.run(TC_updateBillingUpdateSendNotif:104)&#xD;
	at com.kms.katalon.core.main.ScriptEngine.run(ScriptEngine.java:194)&#xD;
	at com.kms.katalon.core.main.ScriptEngine.runScriptAsRawText(ScriptEngine.java:119)&#xD;
	at com.kms.katalon.core.main.TestCaseExecutor.runScript(TestCaseExecutor.java:337)&#xD;
	at com.kms.katalon.core.main.TestCaseExecutor.doExecute(TestCaseExecutor.java:328)&#xD;
	at com.kms.katalon.core.main.TestCaseExecutor.processExecutionPhase(TestCaseExecutor.java:307)&#xD;
	at com.kms.katalon.core.main.TestCaseExecutor.accessMainPhase(TestCaseExecutor.java:299)&#xD;
	at com.kms.katalon.core.main.TestCaseExecutor.execute(TestCaseExecutor.java:233)&#xD;
	at com.kms.katalon.core.main.TestSuiteExecutor.accessTestCaseMainPhase(TestSuiteExecutor.java:133)&#xD;
	at com.kms.katalon.core.main.TestSuiteExecutor.accessTestSuiteMainPhase(TestSuiteExecutor.java:116)&#xD;
	at com.kms.katalon.core.main.TestSuiteExecutor.execute(TestSuiteExecutor.java:83)&#xD;
	at com.kms.katalon.core.main.TestCaseMain.startTestSuite(TestCaseMain.java:157)&#xD;
	at com.kms.katalon.core.main.TestCaseMain$startTestSuite$0.call(Unknown Source)&#xD;
	at TempTestSuite1576555809646.run(TempTestSuite1576555809646.groovy:35)&#xD;
&#xD;
&#xD;
2019-12-17 11:10:22 - [TEST_STEP][PASSED] - plain = "{" + ""user_agent":"" + var_user_agent + ""," + ""billing_id":"" + var_billing_id + ""," + ""amount":"" + var_amount + ""," + ""billing_status":"" + var_billing_status + ""," + ""verified_flag":"" + var_verified_flag + ""," + ""wallet_id":"" + var_wallet_id + ""," + ""billing_ref1":"" + var_billing_ref1 + ""," + ""billing_ref2":"" + var_billing_ref2 + ""," + ""billing_ref3":"" + var_billing_ref3 + ""}": null&#xD;
&#xD;
2019-12-17 11:10:22 - [TEST_STEP][PASSED] - out.println(plain): null&#xD;
&#xD;
2019-12-17 11:10:22 - [TEST_STEP][PASSED] - out.println("var_customer_token" + var_customer_token): null&#xD;
&#xD;
2019-12-17 11:10:22 - [TEST_STEP][PASSED] - out.println("var_partner_token" + var_partner_token): null&#xD;
&#xD;
2019-12-17 11:10:22 - [TEST_STEP][PASSED] - encipheredData = SecureUtils.encryptAesEwallet(plain, var_aes_key): null&#xD;
&#xD;
2019-12-17 11:10:22 - [TEST_STEP][PASSED] - body = "{"organisation_id":"" + var_organisation_id + ""," + ""data":"" + encipheredData + ""," + ""lang":"" + var_lang + ""}": null&#xD;
&#xD;
2019-12-17 11:10:22 - [TEST_STEP][PASSED] - out.println(body): null&#xD;
&#xD;
2019-12-17 11:10:22 - [TEST_STEP][PASSED] - request = findTestObject("E_Wallet/obj_updateBilling2"): null&#xD;
&#xD;
2019-12-17 11:10:22 - [TEST_STEP][PASSED] - request.setBodyContent(new com.kms.katalon.core.testobject.impl.HttpTextBodyContent(body, UTF-8, application/json)): null&#xD;
&#xD;
2019-12-17 11:10:22 - [TEST_STEP][PASSED] - if (var_customer_token == 0): null&#xD;
&#xD;
2019-12-17 11:10:22 - [TEST_STEP][PASSED] - else: null&#xD;
&#xD;
2019-12-17 11:10:22 - [TEST_STEP][PASSED] - out.println("using access_token = " + access_token_customer): null&#xD;
&#xD;
2019-12-17 11:10:22 - [TEST_STEP][PASSED] - listQuery = new java.util.ArrayList(): null&#xD;
&#xD;
2019-12-17 11:10:22 - [TEST_STEP][PASSED] - listQuery.add(new com.kms.katalon.core.testobject.TestObjectProperty(token, com.kms.katalon.core.testobject.ConditionType.EQUALS, internal.GlobalVariable.access_token_customer)): null&#xD;
&#xD;
2019-12-17 11:10:22 - [TEST_STEP][PASSED] - request.setRestParameters(listQuery): null&#xD;
&#xD;
2019-12-17 11:10:22 - [TEST_STEP][PASSED] - response = sendRequest(request): Send request successfully&#xD;
&#xD;
2019-12-17 11:10:22 - [MESSAGE][INFO] - HAR: D:\katalon-ewallet\Reports\E_Wallet\TS_updateBilling\TS_updateBillingUpdateSendNotif\20191217_111009\requests\main\43.har&#xD;
&#xD;
2019-12-17 11:10:22 - [MESSAGE][PASSED] - Send request successfully&#xD;
&#xD;
2019-12-17 11:10:22 - [TEST_STEP][PASSED] - a = &lt;not implemented yet for class: org.codehaus.groovy.ast.expr.EmptyExpression&gt;: null&#xD;
&#xD;
2019-12-17 11:10:22 - [TEST_STEP][PASSED] - headerProps = request.getHttpHeaderProperties(): null&#xD;
&#xD;
2019-12-17 11:10:22 - [TEST_STEP][PASSED] - for ([a = 0, a &lt; headerProps.size(), (a++)]): null&#xD;
&#xD;
2019-12-17 11:10:22 - [TEST_STEP][PASSED] - println(get(a).getName() + ": " + get(a).getValue()): null&#xD;
&#xD;
2019-12-17 11:10:22 - [TEST_STEP][PASSED] - println(get(a).getName() + ": " + get(a).getValue()): null&#xD;
&#xD;
2019-12-17 11:10:22 - [TEST_STEP][PASSED] - println(get(a).getName() + ": " + get(a).getValue()): null&#xD;
&#xD;
2019-12-17 11:10:22 - [TEST_STEP][PASSED] - body_content = responseBodyContent: null&#xD;
&#xD;
2019-12-17 11:10:22 - [TEST_STEP][PASSED] - status_code = statusCode: null&#xD;
&#xD;
2019-12-17 11:10:22 - [TEST_STEP][PASSED] - respDataMap = JsonSlurper().parseText(body_content): null&#xD;
&#xD;
2019-12-17 11:10:22 - [TEST_STEP][PASSED] - out.println(respDataMap): null&#xD;
&#xD;
2019-12-17 11:10:22 - [TEST_STEP][PASSED] - rc_ref = ReturnCodeWrapper(var_expected_rc).getEnumRC(): null&#xD;
&#xD;
2019-12-17 11:10:22 - [TEST_STEP][PASSED] - out.println(var_expected_rc): null&#xD;
&#xD;
2019-12-17 11:10:22 - [TEST_STEP][PASSED] - out.println(rc_ref.getRCName()): null&#xD;
&#xD;
2019-12-17 11:10:22 - [TEST_STEP][PASSED] - out.println(rc_ref.getHttpResponse()): null&#xD;
&#xD;
2019-12-17 11:10:22 - [TEST_STEP][FAILED] - result = verifyEqual(response_code, rc_ref.getRCName()): Unable to verify equal between actual object 'RC22' and expected object 'RC00' (Root cause: com.kms.katalon.core.exception.StepFailedException: Actual object 'RC22' and expected object 'RC00' are not equal&#xD;
	at com.kms.katalon.core.keyword.builtin.VerifyEqualKeyword$_verifyEqual_closure1.doCall(VerifyEqualKeyword.groovy:58)&#xD;
	at com.kms.katalon.core.keyword.builtin.VerifyEqualKeyword$_verifyEqual_closure1.call(VerifyEqualKeyword.groovy)&#xD;
	at com.kms.katalon.core.keyword.internal.KeywordMain.runKeyword(KeywordMain.groovy:68)&#xD;
	at com.kms.katalon.core.keyword.builtin.VerifyEqualKeyword.verifyEqual(VerifyEqualKeyword.groovy:63)&#xD;
	at com.kms.katalon.core.keyword.builtin.VerifyEqualKeyword.execute(VerifyEqualKeyword.groovy:44)&#xD;
	at com.kms.katalon.core.keyword.internal.KeywordExecutor.executeKeywordForPlatform(KeywordExecutor.groovy:56)&#xD;
	at com.kms.katalon.core.keyword.BuiltinKeywords.verifyEqual(BuiltinKeywords.groovy:141)&#xD;
	at TC_updateBillingUpdateSendNotif.run(TC_updateBillingUpdateSendNotif:104)&#xD;
	at com.kms.katalon.core.main.ScriptEngine.run(ScriptEngine.java:194)&#xD;
	at com.kms.katalon.core.main.ScriptEngine.runScriptAsRawText(ScriptEngine.java:119)&#xD;
	at com.kms.katalon.core.main.TestCaseExecutor.runScript(TestCaseExecutor.java:337)&#xD;
	at com.kms.katalon.core.main.TestCaseExecutor.doExecute(TestCaseExecutor.java:328)&#xD;
	at com.kms.katalon.core.main.TestCaseExecutor.processExecutionPhase(TestCaseExecutor.java:307)&#xD;
	at com.kms.katalon.core.main.TestCaseExecutor.accessMainPhase(TestCaseExecutor.java:299)&#xD;
	at com.kms.katalon.core.main.TestCaseExecutor.execute(TestCaseExecutor.java:233)&#xD;
	at com.kms.katalon.core.main.TestSuiteExecutor.accessTestCaseMainPhase(TestSuiteExecutor.java:133)&#xD;
	at com.kms.katalon.core.main.TestSuiteExecutor.accessTestSuiteMainPhase(TestSuiteExecutor.java:116)&#xD;
	at com.kms.katalon.core.main.TestSuiteExecutor.execute(TestSuiteExecutor.java:83)&#xD;
	at com.kms.katalon.core.main.TestCaseMain.startTestSuite(TestCaseMain.java:157)&#xD;
	at com.kms.katalon.core.main.TestCaseMain$startTestSuite$0.call(Unknown Source)&#xD;
	at TempTestSuite1576555809646.run(TempTestSuite1576555809646.groovy:35)&#xD;
)&#xD;
&#xD;
2019-12-17 11:10:22 - [MESSAGE][FAILED] - Unable to verify equal between actual object 'RC22' and expected object 'RC00' (Root cause: com.kms.katalon.core.exception.StepFailedException: Actual object 'RC22' and expected object 'RC00' are not equal&#xD;
	at com.kms.katalon.core.keyword.builtin.VerifyEqualKeyword$_verifyEqual_closure1.doCall(VerifyEqualKeyword.groovy:58)&#xD;
	at com.kms.katalon.core.keyword.builtin.VerifyEqualKeyword$_verifyEqual_closure1.call(VerifyEqualKeyword.groovy)&#xD;
	at com.kms.katalon.core.keyword.internal.KeywordMain.runKeyword(KeywordMain.groovy:68)&#xD;
	at com.kms.katalon.core.keyword.builtin.VerifyEqualKeyword.verifyEqual(VerifyEqualKeyword.groovy:63)&#xD;
	at com.kms.katalon.core.keyword.builtin.VerifyEqualKeyword.execute(VerifyEqualKeyword.groovy:44)&#xD;
	at com.kms.katalon.core.keyword.internal.KeywordExecutor.executeKeywordForPlatform(KeywordExecutor.groovy:56)&#xD;
	at com.kms.katalon.core.keyword.BuiltinKeywords.verifyEqual(BuiltinKeywords.groovy:141)&#xD;
	at TC_updateBillingUpdateSendNotif.run(TC_updateBillingUpdateSendNotif:104)&#xD;
	at com.kms.katalon.core.main.ScriptEngine.run(ScriptEngine.java:194)&#xD;
	at com.kms.katalon.core.main.ScriptEngine.runScriptAsRawText(ScriptEngine.java:119)&#xD;
	at com.kms.katalon.core.main.TestCaseExecutor.runScript(TestCaseExecutor.java:337)&#xD;
	at com.kms.katalon.core.main.TestCaseExecutor.doExecute(TestCaseExecutor.java:328)&#xD;
	at com.kms.katalon.core.main.TestCaseExecutor.processExecutionPhase(TestCaseExecutor.java:307)&#xD;
	at com.kms.katalon.core.main.TestCaseExecutor.accessMainPhase(TestCaseExecutor.java:299)&#xD;
	at com.kms.katalon.core.main.TestCaseExecutor.execute(TestCaseExecutor.java:233)&#xD;
	at com.kms.katalon.core.main.TestSuiteExecutor.accessTestCaseMainPhase(TestSuiteExecutor.java:133)&#xD;
	at com.kms.katalon.core.main.TestSuiteExecutor.accessTestSuiteMainPhase(TestSuiteExecutor.java:116)&#xD;
	at com.kms.katalon.core.main.TestSuiteExecutor.execute(TestSuiteExecutor.java:83)&#xD;
	at com.kms.katalon.core.main.TestCaseMain.startTestSuite(TestCaseMain.java:157)&#xD;
	at com.kms.katalon.core.main.TestCaseMain$startTestSuite$0.call(Unknown Source)&#xD;
	at TempTestSuite1576555809646.run(TempTestSuite1576555809646.groovy:35)&#xD;
)</system-out>
            <system-err>2019-12-17 11:10:22 - [TEST_CASE][FAILED] - Test Cases/E_Wallet/TC_updateBilling/TC_updateBillingUpdateSendNotif: Test Cases/E_Wallet/TC_updateBilling/TC_updateBillingUpdateSendNotif FAILED.
Reason:
com.kms.katalon.core.exception.StepFailedException: Actual object 'RC22' and expected object 'RC00' are not equal&#xD;
	at com.kms.katalon.core.keyword.builtin.VerifyEqualKeyword$_verifyEqual_closure1.doCall(VerifyEqualKeyword.groovy:58)&#xD;
	at com.kms.katalon.core.keyword.builtin.VerifyEqualKeyword$_verifyEqual_closure1.call(VerifyEqualKeyword.groovy)&#xD;
	at com.kms.katalon.core.keyword.internal.KeywordMain.runKeyword(KeywordMain.groovy:68)&#xD;
	at com.kms.katalon.core.keyword.builtin.VerifyEqualKeyword.verifyEqual(VerifyEqualKeyword.groovy:63)&#xD;
	at com.kms.katalon.core.keyword.builtin.VerifyEqualKeyword.execute(VerifyEqualKeyword.groovy:44)&#xD;
	at com.kms.katalon.core.keyword.internal.KeywordExecutor.executeKeywordForPlatform(KeywordExecutor.groovy:56)&#xD;
	at com.kms.katalon.core.keyword.BuiltinKeywords.verifyEqual(BuiltinKeywords.groovy:141)&#xD;
	at TC_updateBillingUpdateSendNotif.run(TC_updateBillingUpdateSendNotif:104)&#xD;
	at com.kms.katalon.core.main.ScriptEngine.run(ScriptEngine.java:194)&#xD;
	at com.kms.katalon.core.main.ScriptEngine.runScriptAsRawText(ScriptEngine.java:119)&#xD;
	at com.kms.katalon.core.main.TestCaseExecutor.runScript(TestCaseExecutor.java:337)&#xD;
	at com.kms.katalon.core.main.TestCaseExecutor.doExecute(TestCaseExecutor.java:328)&#xD;
	at com.kms.katalon.core.main.TestCaseExecutor.processExecutionPhase(TestCaseExecutor.java:307)&#xD;
	at com.kms.katalon.core.main.TestCaseExecutor.accessMainPhase(TestCaseExecutor.java:299)&#xD;
	at com.kms.katalon.core.main.TestCaseExecutor.execute(TestCaseExecutor.java:233)&#xD;
	at com.kms.katalon.core.main.TestSuiteExecutor.accessTestCaseMainPhase(TestSuiteExecutor.java:133)&#xD;
	at com.kms.katalon.core.main.TestSuiteExecutor.accessTestSuiteMainPhase(TestSuiteExecutor.java:116)&#xD;
	at com.kms.katalon.core.main.TestSuiteExecutor.execute(TestSuiteExecutor.java:83)&#xD;
	at com.kms.katalon.core.main.TestCaseMain.startTestSuite(TestCaseMain.java:157)&#xD;
	at com.kms.katalon.core.main.TestCaseMain$startTestSuite$0.call(Unknown Source)&#xD;
	at TempTestSuite1576555809646.run(TempTestSuite1576555809646.groovy:35)</system-err>
        </testcase>
        <testcase name="Test Cases/E_Wallet/TC_updateBilling/TC_updateBillingUpdateSendNotif" classname="Test Cases/E_Wallet/TC_updateBilling/TC_updateBillingUpdateSendNotif" status="PASSED">
            <system-out>2019-12-17 11:10:22 - [TEST_CASE][PASSED] - Test Cases/E_Wallet/TC_updateBilling/TC_updateBillingUpdateSendNotif: Test Cases/E_Wallet/TC_updateBilling/TC_updateBillingUpdateSendNotif&#xD;
&#xD;
2019-12-17 11:10:23 - [TEST_STEP][PASSED] - plain = "{" + ""user_agent":"" + var_user_agent + ""," + ""billing_id":"" + var_billing_id + ""," + ""amount":"" + var_amount + ""," + ""billing_status":"" + var_billing_status + ""," + ""verified_flag":"" + var_verified_flag + ""," + ""wallet_id":"" + var_wallet_id + ""," + ""billing_ref1":"" + var_billing_ref1 + ""," + ""billing_ref2":"" + var_billing_ref2 + ""," + ""billing_ref3":"" + var_billing_ref3 + ""}": null&#xD;
&#xD;
2019-12-17 11:10:23 - [TEST_STEP][PASSED] - out.println(plain): null&#xD;
&#xD;
2019-12-17 11:10:23 - [TEST_STEP][PASSED] - out.println("var_customer_token" + var_customer_token): null&#xD;
&#xD;
2019-12-17 11:10:23 - [TEST_STEP][PASSED] - out.println("var_partner_token" + var_partner_token): null&#xD;
&#xD;
2019-12-17 11:10:23 - [TEST_STEP][PASSED] - encipheredData = SecureUtils.encryptAesEwallet(plain, var_aes_key): null&#xD;
&#xD;
2019-12-17 11:10:23 - [TEST_STEP][PASSED] - body = "{"organisation_id":"" + var_organisation_id + ""," + ""data":"" + encipheredData + ""," + ""lang":"" + var_lang + ""}": null&#xD;
&#xD;
2019-12-17 11:10:23 - [TEST_STEP][PASSED] - out.println(body): null&#xD;
&#xD;
2019-12-17 11:10:23 - [TEST_STEP][PASSED] - request = findTestObject("E_Wallet/obj_updateBilling2"): null&#xD;
&#xD;
2019-12-17 11:10:23 - [TEST_STEP][PASSED] - request.setBodyContent(new com.kms.katalon.core.testobject.impl.HttpTextBodyContent(body, UTF-8, application/json)): null&#xD;
&#xD;
2019-12-17 11:10:23 - [TEST_STEP][PASSED] - if (var_customer_token == 0): null&#xD;
&#xD;
2019-12-17 11:10:23 - [TEST_STEP][PASSED] - else: null&#xD;
&#xD;
2019-12-17 11:10:23 - [TEST_STEP][PASSED] - out.println("using access_token = " + access_token_customer): null&#xD;
&#xD;
2019-12-17 11:10:23 - [TEST_STEP][PASSED] - listQuery = new java.util.ArrayList(): null&#xD;
&#xD;
2019-12-17 11:10:23 - [TEST_STEP][PASSED] - listQuery.add(new com.kms.katalon.core.testobject.TestObjectProperty(token, com.kms.katalon.core.testobject.ConditionType.EQUALS, internal.GlobalVariable.access_token_customer)): null&#xD;
&#xD;
2019-12-17 11:10:23 - [TEST_STEP][PASSED] - request.setRestParameters(listQuery): null&#xD;
&#xD;
2019-12-17 11:10:23 - [TEST_STEP][PASSED] - response = sendRequest(request): Send request successfully&#xD;
&#xD;
2019-12-17 11:10:23 - [MESSAGE][INFO] - HAR: D:\katalon-ewallet\Reports\E_Wallet\TS_updateBilling\TS_updateBillingUpdateSendNotif\20191217_111009\requests\main\44.har&#xD;
&#xD;
2019-12-17 11:10:23 - [MESSAGE][PASSED] - Send request successfully&#xD;
&#xD;
2019-12-17 11:10:23 - [TEST_STEP][PASSED] - a = &lt;not implemented yet for class: org.codehaus.groovy.ast.expr.EmptyExpression&gt;: null&#xD;
&#xD;
2019-12-17 11:10:23 - [TEST_STEP][PASSED] - headerProps = request.getHttpHeaderProperties(): null&#xD;
&#xD;
2019-12-17 11:10:23 - [TEST_STEP][PASSED] - for ([a = 0, a &lt; headerProps.size(), (a++)]): null&#xD;
&#xD;
2019-12-17 11:10:23 - [TEST_STEP][PASSED] - println(get(a).getName() + ": " + get(a).getValue()): null&#xD;
&#xD;
2019-12-17 11:10:23 - [TEST_STEP][PASSED] - println(get(a).getName() + ": " + get(a).getValue()): null&#xD;
&#xD;
2019-12-17 11:10:23 - [TEST_STEP][PASSED] - println(get(a).getName() + ": " + get(a).getValue()): null&#xD;
&#xD;
2019-12-17 11:10:23 - [TEST_STEP][PASSED] - body_content = responseBodyContent: null&#xD;
&#xD;
2019-12-17 11:10:23 - [TEST_STEP][PASSED] - status_code = statusCode: null&#xD;
&#xD;
2019-12-17 11:10:23 - [TEST_STEP][PASSED] - respDataMap = JsonSlurper().parseText(body_content): null&#xD;
&#xD;
2019-12-17 11:10:23 - [TEST_STEP][PASSED] - out.println(respDataMap): null&#xD;
&#xD;
2019-12-17 11:10:23 - [TEST_STEP][PASSED] - rc_ref = ReturnCodeWrapper(var_expected_rc).getEnumRC(): null&#xD;
&#xD;
2019-12-17 11:10:23 - [TEST_STEP][PASSED] - out.println(var_expected_rc): null&#xD;
&#xD;
2019-12-17 11:10:23 - [TEST_STEP][PASSED] - out.println(rc_ref.getRCName()): null&#xD;
&#xD;
2019-12-17 11:10:23 - [TEST_STEP][PASSED] - out.println(rc_ref.getHttpResponse()): null&#xD;
&#xD;
2019-12-17 11:10:23 - [TEST_STEP][PASSED] - result = verifyEqual(response_code, rc_ref.getRCName()): Actual object 'RC01' and expected object 'RC01' are equal&#xD;
&#xD;
2019-12-17 11:10:23 - [MESSAGE][PASSED] - Actual object 'RC01' and expected object 'RC01' are equal&#xD;
&#xD;
2019-12-17 11:10:23 - [TEST_STEP][PASSED] - if (result == false): null&#xD;
&#xD;
2019-12-17 11:10:23 - [TEST_STEP][PASSED] - else: null&#xD;
&#xD;
2019-12-17 11:10:23 - [TEST_STEP][PASSED] - verifyEqual(statusCode, rc_ref.getHttpResponse()): Actual object '400' and expected object '400' are equal&#xD;
&#xD;
2019-12-17 11:10:23 - [MESSAGE][PASSED] - Actual object '400' and expected object '400' are equal&#xD;
&#xD;
2019-12-17 11:10:23 - [TEST_STEP][PASSED] - if (rc_ref == RC00): null</system-out>
            <system-err></system-err>
        </testcase>
        <system-out>2019-12-17 11:10:11 - [TEST_SUITE][INCOMPLETE] - TS_updateBillingUpdateSendNotif: null</system-out>
        <system-err>2019-12-17 11:10:11 - [TEST_SUITE][INCOMPLETE] - TS_updateBillingUpdateSendNotif: null</system-err>
    </testsuite>
</testsuites>
