<?xml version="1.0" encoding="UTF-8" standalone="yes"?>
<testsuites name="TS_changePinAccessCode" time="8" tests="30" failures="0" errors="0">
    <testsuite name="TS_changePinAccessCode" tests="30" failures="0" errors="0" time="8" timestamp="2019-12-17 11:54:04" hostname="Silvi - LAPTOP-ALMT97O4" id="Test Suites/E_Wallet/TS_changePinAccessCode/TS_changePinAccessCode">
        <properties>
            <property name="deviceName" value=""/>
            <property name="devicePlatform" value=""/>
            <property name="logFolder" value="D:\\katalon-ewallet\\Reports\\E_Wallet\\TS_changePinAccessCode\\TS_changePinAccessCode\\20191217_115402"/>
            <property name="logFiles" value="D:\\katalon-ewallet\\Reports\\E_Wallet\\TS_changePinAccessCode\\TS_changePinAccessCode\\20191217_115402\\execution0.log"/>
            <property name="attachments" value=""/>
            <property name="hostName" value="Silvi - LAPTOP-ALMT97O4"/>
            <property name="hostAddress" value="172.18.4.57"/>
            <property name="os" value="Windows 10 64bit"/>
            <property name="katalonVersion" value="6.2.2.4"/>
        </properties>
        <testcase name="Test Cases/Account/TC_loginCustomer/rian_project_Login_Customer_Rian" classname="Test Cases/Account/TC_loginCustomer/rian_project_Login_Customer_Rian" status="PASSED">
            <system-out>2019-12-17 11:54:04 - [TEST_CASE][PASSED] - Test Cases/Account/TC_loginCustomer/rian_project_Login_Customer_Rian: Test Cases/Account/TC_loginCustomer/rian_project_Login_Customer_Rian&#xD;
&#xD;
2019-12-17 11:54:05 - [TEST_STEP][PASSED] - var_enciphered_pin = SecureUtils.doEncryptPinRsaEwallet(dev_public_pem_file, var_user_pin): null&#xD;
&#xD;
2019-12-17 11:54:06 - [TEST_STEP][PASSED] - plain = "{" + ""user_agent":"" + var_user_agent + ""," + ""phone_number":"" + var_phone_number + ""," + ""pin":"" + var_enciphered_pin + ""," + ""device_id":"" + var_device_id + ""," + ""fcm_token":"" + var_fcm_token + ""}": null&#xD;
&#xD;
2019-12-17 11:54:06 - [TEST_STEP][PASSED] - out.println(plain): null&#xD;
&#xD;
2019-12-17 11:54:06 - [TEST_STEP][PASSED] - encipheredData = SecureUtils.encryptAesEwallet(plain, var_aes_key): null&#xD;
&#xD;
2019-12-17 11:54:06 - [TEST_STEP][PASSED] - body = "{"organisation_id":"1","data":"" + encipheredData + "","lang":"id"}": null&#xD;
&#xD;
2019-12-17 11:54:06 - [TEST_STEP][PASSED] - out.println(body): null&#xD;
&#xD;
2019-12-17 11:54:06 - [TEST_STEP][PASSED] - request = findTestObject("Account/obj_loginCustomer"): null&#xD;
&#xD;
2019-12-17 11:54:06 - [TEST_STEP][PASSED] - request.setBodyContent(new com.kms.katalon.core.testobject.impl.HttpTextBodyContent(body, UTF-8, application/json)): null&#xD;
&#xD;
2019-12-17 11:54:06 - [TEST_STEP][PASSED] - response = sendRequest(request): Send request successfully&#xD;
&#xD;
2019-12-17 11:54:07 - [MESSAGE][INFO] - HAR: D:\katalon-ewallet\Reports\E_Wallet\TS_changePinAccessCode\TS_changePinAccessCode\20191217_115402\requests\main\0.har&#xD;
&#xD;
2019-12-17 11:54:07 - [MESSAGE][PASSED] - Send request successfully&#xD;
&#xD;
2019-12-17 11:54:07 - [TEST_STEP][PASSED] - body_content = responseBodyContent: null&#xD;
&#xD;
2019-12-17 11:54:07 - [TEST_STEP][PASSED] - status_code = statusCode: null&#xD;
&#xD;
2019-12-17 11:54:07 - [TEST_STEP][PASSED] - respDataMap = JsonSlurper().parseText(body_content): null&#xD;
&#xD;
2019-12-17 11:54:07 - [TEST_STEP][PASSED] - out.println(respDataMap): null&#xD;
&#xD;
2019-12-17 11:54:07 - [TEST_STEP][PASSED] - rc_ref = ReturnCodeWrapper(var_expected_rc).getEnumRC(): null&#xD;
&#xD;
2019-12-17 11:54:07 - [TEST_STEP][PASSED] - out.println(var_expected_rc): null&#xD;
&#xD;
2019-12-17 11:54:07 - [TEST_STEP][PASSED] - out.println(rc_ref.getRCName()): null&#xD;
&#xD;
2019-12-17 11:54:07 - [TEST_STEP][PASSED] - out.println(rc_ref.getHttpResponse()): null&#xD;
&#xD;
2019-12-17 11:54:07 - [TEST_STEP][PASSED] - rcIsTrue = verifyEqual(response_code, rc_ref.getRCName()): Actual object 'RC00' and expected object 'RC00' are equal&#xD;
&#xD;
2019-12-17 11:54:07 - [MESSAGE][PASSED] - Actual object 'RC00' and expected object 'RC00' are equal&#xD;
&#xD;
2019-12-17 11:54:07 - [TEST_STEP][PASSED] - httpRespIsTrue = verifyEqual(statusCode, rc_ref.getHttpResponse()): Actual object '200' and expected object '200' are equal&#xD;
&#xD;
2019-12-17 11:54:07 - [MESSAGE][PASSED] - Actual object '200' and expected object '200' are equal&#xD;
&#xD;
2019-12-17 11:54:07 - [TEST_STEP][PASSED] - if (rc_ref == RC00): null&#xD;
&#xD;
2019-12-17 11:54:07 - [TEST_STEP][PASSED] - decipheredResponseData = SecureUtils.decryptAesEwallet(data, var_aes_key): null&#xD;
&#xD;
2019-12-17 11:54:07 - [TEST_STEP][PASSED] - decipheredRespDataMap = JsonSlurper().parseText(decipheredResponseData): null&#xD;
&#xD;
2019-12-17 11:54:07 - [TEST_STEP][PASSED] - out.println(decipheredRespDataMap): null&#xD;
&#xD;
2019-12-17 11:54:07 - [TEST_STEP][PASSED] - access_token_customer = access_token: null</system-out>
            <system-err></system-err>
        </testcase>
        <testcase name="Test Cases/E_Wallet/TC_changePinAccessCode/TC_changePinAccessCode" classname="Test Cases/E_Wallet/TC_changePinAccessCode/TC_changePinAccessCode" status="PASSED">
            <system-out>2019-12-17 11:54:07 - [TEST_CASE][PASSED] - Test Cases/E_Wallet/TC_changePinAccessCode/TC_changePinAccessCode: Test Cases/E_Wallet/TC_changePinAccessCode/TC_changePinAccessCode&#xD;
&#xD;
2019-12-17 11:54:07 - [TEST_STEP][PASSED] - var_enciphered_pin = SecureUtils.doEncryptPinRsaEwallet(dev_public_pem_file, var_user_pin): null&#xD;
&#xD;
2019-12-17 11:54:07 - [TEST_STEP][PASSED] - var_enciphered_new_pin = SecureUtils.doEncryptPinRsaEwallet(dev_public_pem_file, var_user_new_pin): null&#xD;
&#xD;
2019-12-17 11:54:07 - [TEST_STEP][PASSED] - var_enciphered_confirm_new_pin = SecureUtils.doEncryptPinRsaEwallet(dev_public_pem_file, var_user_confirm_new_pin): null&#xD;
&#xD;
2019-12-17 11:54:07 - [TEST_STEP][PASSED] - plain = "{" + ""old_pin":"" + var_enciphered_pin + ""," + ""new_pin":"" + var_enciphered_new_pin + ""," + ""confirm_pin":"" + var_enciphered_confirm_new_pin + ""}": null&#xD;
&#xD;
2019-12-17 11:54:07 - [TEST_STEP][PASSED] - out.println(plain): null&#xD;
&#xD;
2019-12-17 11:54:07 - [TEST_STEP][PASSED] - encipheredData = SecureUtils.encryptAesEwallet(plain, var_aes_key): null&#xD;
&#xD;
2019-12-17 11:54:07 - [TEST_STEP][PASSED] - body = "{"organisation_id":"" + var_organisation_id + "","data":"" + encipheredData + "","lang":"" + var_lang + ""}": null&#xD;
&#xD;
2019-12-17 11:54:07 - [TEST_STEP][PASSED] - out.println(body): null&#xD;
&#xD;
2019-12-17 11:54:07 - [TEST_STEP][PASSED] - request = findTestObject("E_Wallet/obj_changePinAccessCode"): null&#xD;
&#xD;
2019-12-17 11:54:07 - [TEST_STEP][PASSED] - request.setBodyContent(new com.kms.katalon.core.testobject.impl.HttpTextBodyContent(body, UTF-8, application/json)): null&#xD;
&#xD;
2019-12-17 11:54:07 - [TEST_STEP][PASSED] - println(hostname): null&#xD;
&#xD;
2019-12-17 11:54:07 - [TEST_STEP][PASSED] - println(request.getRestUrl()): null&#xD;
&#xD;
2019-12-17 11:54:07 - [TEST_STEP][PASSED] - response = sendRequest(request): Send request successfully&#xD;
&#xD;
2019-12-17 11:54:07 - [MESSAGE][INFO] - HAR: D:\katalon-ewallet\Reports\E_Wallet\TS_changePinAccessCode\TS_changePinAccessCode\20191217_115402\requests\main\1.har&#xD;
&#xD;
2019-12-17 11:54:07 - [MESSAGE][PASSED] - Send request successfully&#xD;
&#xD;
2019-12-17 11:54:07 - [TEST_STEP][PASSED] - body_content = responseBodyContent: null&#xD;
&#xD;
2019-12-17 11:54:07 - [TEST_STEP][PASSED] - status_code = statusCode: null&#xD;
&#xD;
2019-12-17 11:54:07 - [TEST_STEP][PASSED] - respDataMap = JsonSlurper().parseText(body_content): null&#xD;
&#xD;
2019-12-17 11:54:07 - [TEST_STEP][PASSED] - out.println(respDataMap): null&#xD;
&#xD;
2019-12-17 11:54:07 - [TEST_STEP][PASSED] - rc_ref = ReturnCodeWrapper(var_expected_rc).getEnumRC(): null&#xD;
&#xD;
2019-12-17 11:54:07 - [TEST_STEP][PASSED] - out.println(var_expected_rc): null&#xD;
&#xD;
2019-12-17 11:54:07 - [TEST_STEP][PASSED] - out.println(rc_ref.getRCName()): null&#xD;
&#xD;
2019-12-17 11:54:07 - [TEST_STEP][PASSED] - out.println(rc_ref.getHttpResponse()): null&#xD;
&#xD;
2019-12-17 11:54:07 - [TEST_STEP][PASSED] - rcIsTrue = verifyEqual(response_code, rc_ref.getRCName()): Actual object 'RC00' and expected object 'RC00' are equal&#xD;
&#xD;
2019-12-17 11:54:07 - [MESSAGE][PASSED] - Actual object 'RC00' and expected object 'RC00' are equal&#xD;
&#xD;
2019-12-17 11:54:07 - [TEST_STEP][PASSED] - httpRespIsTrue = verifyEqual(statusCode, rc_ref.getHttpResponse()): Actual object '200' and expected object '200' are equal&#xD;
&#xD;
2019-12-17 11:54:07 - [MESSAGE][PASSED] - Actual object '200' and expected object '200' are equal&#xD;
&#xD;
2019-12-17 11:54:07 - [TEST_STEP][PASSED] - if (rc_ref.getRCName() == RC00): null</system-out>
            <system-err></system-err>
        </testcase>
        <testcase name="Test Cases/E_Wallet/TC_changePinAccessCode/TC_changePinAccessCode" classname="Test Cases/E_Wallet/TC_changePinAccessCode/TC_changePinAccessCode" status="PASSED">
            <system-out>2019-12-17 11:54:07 - [TEST_CASE][PASSED] - Test Cases/E_Wallet/TC_changePinAccessCode/TC_changePinAccessCode: Test Cases/E_Wallet/TC_changePinAccessCode/TC_changePinAccessCode&#xD;
&#xD;
2019-12-17 11:54:07 - [TEST_STEP][PASSED] - var_enciphered_pin = SecureUtils.doEncryptPinRsaEwallet(dev_public_pem_file, var_user_pin): null&#xD;
&#xD;
2019-12-17 11:54:07 - [TEST_STEP][PASSED] - var_enciphered_new_pin = SecureUtils.doEncryptPinRsaEwallet(dev_public_pem_file, var_user_new_pin): null&#xD;
&#xD;
2019-12-17 11:54:07 - [TEST_STEP][PASSED] - var_enciphered_confirm_new_pin = SecureUtils.doEncryptPinRsaEwallet(dev_public_pem_file, var_user_confirm_new_pin): null&#xD;
&#xD;
2019-12-17 11:54:07 - [TEST_STEP][PASSED] - plain = "{" + ""old_pin":"" + var_enciphered_pin + ""," + ""new_pin":"" + var_enciphered_new_pin + ""," + ""confirm_pin":"" + var_enciphered_confirm_new_pin + ""}": null&#xD;
&#xD;
2019-12-17 11:54:07 - [TEST_STEP][PASSED] - out.println(plain): null&#xD;
&#xD;
2019-12-17 11:54:07 - [TEST_STEP][PASSED] - encipheredData = SecureUtils.encryptAesEwallet(plain, var_aes_key): null&#xD;
&#xD;
2019-12-17 11:54:07 - [TEST_STEP][PASSED] - body = "{"organisation_id":"" + var_organisation_id + "","data":"" + encipheredData + "","lang":"" + var_lang + ""}": null&#xD;
&#xD;
2019-12-17 11:54:07 - [TEST_STEP][PASSED] - out.println(body): null&#xD;
&#xD;
2019-12-17 11:54:07 - [TEST_STEP][PASSED] - request = findTestObject("E_Wallet/obj_changePinAccessCode"): null&#xD;
&#xD;
2019-12-17 11:54:07 - [TEST_STEP][PASSED] - request.setBodyContent(new com.kms.katalon.core.testobject.impl.HttpTextBodyContent(body, UTF-8, application/json)): null&#xD;
&#xD;
2019-12-17 11:54:07 - [TEST_STEP][PASSED] - println(hostname): null&#xD;
&#xD;
2019-12-17 11:54:07 - [TEST_STEP][PASSED] - println(request.getRestUrl()): null&#xD;
&#xD;
2019-12-17 11:54:07 - [TEST_STEP][PASSED] - response = sendRequest(request): Send request successfully&#xD;
&#xD;
2019-12-17 11:54:08 - [MESSAGE][INFO] - HAR: D:\katalon-ewallet\Reports\E_Wallet\TS_changePinAccessCode\TS_changePinAccessCode\20191217_115402\requests\main\2.har&#xD;
&#xD;
2019-12-17 11:54:08 - [MESSAGE][PASSED] - Send request successfully&#xD;
&#xD;
2019-12-17 11:54:08 - [TEST_STEP][PASSED] - body_content = responseBodyContent: null&#xD;
&#xD;
2019-12-17 11:54:08 - [TEST_STEP][PASSED] - status_code = statusCode: null&#xD;
&#xD;
2019-12-17 11:54:08 - [TEST_STEP][PASSED] - respDataMap = JsonSlurper().parseText(body_content): null&#xD;
&#xD;
2019-12-17 11:54:08 - [TEST_STEP][PASSED] - out.println(respDataMap): null&#xD;
&#xD;
2019-12-17 11:54:08 - [TEST_STEP][PASSED] - rc_ref = ReturnCodeWrapper(var_expected_rc).getEnumRC(): null&#xD;
&#xD;
2019-12-17 11:54:08 - [TEST_STEP][PASSED] - out.println(var_expected_rc): null&#xD;
&#xD;
2019-12-17 11:54:08 - [TEST_STEP][PASSED] - out.println(rc_ref.getRCName()): null&#xD;
&#xD;
2019-12-17 11:54:08 - [TEST_STEP][PASSED] - out.println(rc_ref.getHttpResponse()): null&#xD;
&#xD;
2019-12-17 11:54:08 - [TEST_STEP][PASSED] - rcIsTrue = verifyEqual(response_code, rc_ref.getRCName()): Actual object 'RC00' and expected object 'RC00' are equal&#xD;
&#xD;
2019-12-17 11:54:08 - [MESSAGE][PASSED] - Actual object 'RC00' and expected object 'RC00' are equal&#xD;
&#xD;
2019-12-17 11:54:08 - [TEST_STEP][PASSED] - httpRespIsTrue = verifyEqual(statusCode, rc_ref.getHttpResponse()): Actual object '200' and expected object '200' are equal&#xD;
&#xD;
2019-12-17 11:54:08 - [MESSAGE][PASSED] - Actual object '200' and expected object '200' are equal&#xD;
&#xD;
2019-12-17 11:54:08 - [TEST_STEP][PASSED] - if (rc_ref.getRCName() == RC00): null</system-out>
            <system-err></system-err>
        </testcase>
        <testcase name="Test Cases/E_Wallet/TC_changePinAccessCode/TC_changePinAccessCode" classname="Test Cases/E_Wallet/TC_changePinAccessCode/TC_changePinAccessCode" status="PASSED">
            <system-out>2019-12-17 11:54:08 - [TEST_CASE][PASSED] - Test Cases/E_Wallet/TC_changePinAccessCode/TC_changePinAccessCode: Test Cases/E_Wallet/TC_changePinAccessCode/TC_changePinAccessCode&#xD;
&#xD;
2019-12-17 11:54:08 - [TEST_STEP][PASSED] - var_enciphered_pin = SecureUtils.doEncryptPinRsaEwallet(dev_public_pem_file, var_user_pin): null&#xD;
&#xD;
2019-12-17 11:54:08 - [TEST_STEP][PASSED] - var_enciphered_new_pin = SecureUtils.doEncryptPinRsaEwallet(dev_public_pem_file, var_user_new_pin): null&#xD;
&#xD;
2019-12-17 11:54:08 - [TEST_STEP][PASSED] - var_enciphered_confirm_new_pin = SecureUtils.doEncryptPinRsaEwallet(dev_public_pem_file, var_user_confirm_new_pin): null&#xD;
&#xD;
2019-12-17 11:54:08 - [TEST_STEP][PASSED] - plain = "{" + ""old_pin":"" + var_enciphered_pin + ""," + ""new_pin":"" + var_enciphered_new_pin + ""," + ""confirm_pin":"" + var_enciphered_confirm_new_pin + ""}": null&#xD;
&#xD;
2019-12-17 11:54:08 - [TEST_STEP][PASSED] - out.println(plain): null&#xD;
&#xD;
2019-12-17 11:54:08 - [TEST_STEP][PASSED] - encipheredData = SecureUtils.encryptAesEwallet(plain, var_aes_key): null&#xD;
&#xD;
2019-12-17 11:54:08 - [TEST_STEP][PASSED] - body = "{"organisation_id":"" + var_organisation_id + "","data":"" + encipheredData + "","lang":"" + var_lang + ""}": null&#xD;
&#xD;
2019-12-17 11:54:08 - [TEST_STEP][PASSED] - out.println(body): null&#xD;
&#xD;
2019-12-17 11:54:08 - [TEST_STEP][PASSED] - request = findTestObject("E_Wallet/obj_changePinAccessCode"): null&#xD;
&#xD;
2019-12-17 11:54:08 - [TEST_STEP][PASSED] - request.setBodyContent(new com.kms.katalon.core.testobject.impl.HttpTextBodyContent(body, UTF-8, application/json)): null&#xD;
&#xD;
2019-12-17 11:54:08 - [TEST_STEP][PASSED] - println(hostname): null&#xD;
&#xD;
2019-12-17 11:54:08 - [TEST_STEP][PASSED] - println(request.getRestUrl()): null&#xD;
&#xD;
2019-12-17 11:54:08 - [TEST_STEP][PASSED] - response = sendRequest(request): Send request successfully&#xD;
&#xD;
2019-12-17 11:54:08 - [MESSAGE][INFO] - HAR: D:\katalon-ewallet\Reports\E_Wallet\TS_changePinAccessCode\TS_changePinAccessCode\20191217_115402\requests\main\3.har&#xD;
&#xD;
2019-12-17 11:54:08 - [MESSAGE][PASSED] - Send request successfully&#xD;
&#xD;
2019-12-17 11:54:08 - [TEST_STEP][PASSED] - body_content = responseBodyContent: null&#xD;
&#xD;
2019-12-17 11:54:08 - [TEST_STEP][PASSED] - status_code = statusCode: null&#xD;
&#xD;
2019-12-17 11:54:08 - [TEST_STEP][PASSED] - respDataMap = JsonSlurper().parseText(body_content): null&#xD;
&#xD;
2019-12-17 11:54:08 - [TEST_STEP][PASSED] - out.println(respDataMap): null&#xD;
&#xD;
2019-12-17 11:54:08 - [TEST_STEP][PASSED] - rc_ref = ReturnCodeWrapper(var_expected_rc).getEnumRC(): null&#xD;
&#xD;
2019-12-17 11:54:08 - [TEST_STEP][PASSED] - out.println(var_expected_rc): null&#xD;
&#xD;
2019-12-17 11:54:08 - [TEST_STEP][PASSED] - out.println(rc_ref.getRCName()): null&#xD;
&#xD;
2019-12-17 11:54:08 - [TEST_STEP][PASSED] - out.println(rc_ref.getHttpResponse()): null&#xD;
&#xD;
2019-12-17 11:54:08 - [TEST_STEP][PASSED] - rcIsTrue = verifyEqual(response_code, rc_ref.getRCName()): Actual object 'RC01' and expected object 'RC01' are equal&#xD;
&#xD;
2019-12-17 11:54:08 - [MESSAGE][PASSED] - Actual object 'RC01' and expected object 'RC01' are equal&#xD;
&#xD;
2019-12-17 11:54:08 - [TEST_STEP][PASSED] - httpRespIsTrue = verifyEqual(statusCode, rc_ref.getHttpResponse()): Actual object '400' and expected object '400' are equal&#xD;
&#xD;
2019-12-17 11:54:08 - [MESSAGE][PASSED] - Actual object '400' and expected object '400' are equal&#xD;
&#xD;
2019-12-17 11:54:08 - [TEST_STEP][PASSED] - if (rc_ref.getRCName() == RC00): null</system-out>
            <system-err></system-err>
        </testcase>
        <testcase name="Test Cases/E_Wallet/TC_changePinAccessCode/TC_changePinAccessCode" classname="Test Cases/E_Wallet/TC_changePinAccessCode/TC_changePinAccessCode" status="PASSED">
            <system-out>2019-12-17 11:54:08 - [TEST_CASE][PASSED] - Test Cases/E_Wallet/TC_changePinAccessCode/TC_changePinAccessCode: Test Cases/E_Wallet/TC_changePinAccessCode/TC_changePinAccessCode&#xD;
&#xD;
2019-12-17 11:54:08 - [TEST_STEP][PASSED] - var_enciphered_pin = SecureUtils.doEncryptPinRsaEwallet(dev_public_pem_file, var_user_pin): null&#xD;
&#xD;
2019-12-17 11:54:08 - [TEST_STEP][PASSED] - var_enciphered_new_pin = SecureUtils.doEncryptPinRsaEwallet(dev_public_pem_file, var_user_new_pin): null&#xD;
&#xD;
2019-12-17 11:54:08 - [TEST_STEP][PASSED] - var_enciphered_confirm_new_pin = SecureUtils.doEncryptPinRsaEwallet(dev_public_pem_file, var_user_confirm_new_pin): null&#xD;
&#xD;
2019-12-17 11:54:08 - [TEST_STEP][PASSED] - plain = "{" + ""old_pin":"" + var_enciphered_pin + ""," + ""new_pin":"" + var_enciphered_new_pin + ""," + ""confirm_pin":"" + var_enciphered_confirm_new_pin + ""}": null&#xD;
&#xD;
2019-12-17 11:54:08 - [TEST_STEP][PASSED] - out.println(plain): null&#xD;
&#xD;
2019-12-17 11:54:08 - [TEST_STEP][PASSED] - encipheredData = SecureUtils.encryptAesEwallet(plain, var_aes_key): null&#xD;
&#xD;
2019-12-17 11:54:08 - [TEST_STEP][PASSED] - body = "{"organisation_id":"" + var_organisation_id + "","data":"" + encipheredData + "","lang":"" + var_lang + ""}": null&#xD;
&#xD;
2019-12-17 11:54:08 - [TEST_STEP][PASSED] - out.println(body): null&#xD;
&#xD;
2019-12-17 11:54:08 - [TEST_STEP][PASSED] - request = findTestObject("E_Wallet/obj_changePinAccessCode"): null&#xD;
&#xD;
2019-12-17 11:54:08 - [TEST_STEP][PASSED] - request.setBodyContent(new com.kms.katalon.core.testobject.impl.HttpTextBodyContent(body, UTF-8, application/json)): null&#xD;
&#xD;
2019-12-17 11:54:08 - [TEST_STEP][PASSED] - println(hostname): null&#xD;
&#xD;
2019-12-17 11:54:08 - [TEST_STEP][PASSED] - println(request.getRestUrl()): null&#xD;
&#xD;
2019-12-17 11:54:08 - [TEST_STEP][PASSED] - response = sendRequest(request): Send request successfully&#xD;
&#xD;
2019-12-17 11:54:08 - [MESSAGE][INFO] - HAR: D:\katalon-ewallet\Reports\E_Wallet\TS_changePinAccessCode\TS_changePinAccessCode\20191217_115402\requests\main\4.har&#xD;
&#xD;
2019-12-17 11:54:08 - [MESSAGE][PASSED] - Send request successfully&#xD;
&#xD;
2019-12-17 11:54:08 - [TEST_STEP][PASSED] - body_content = responseBodyContent: null&#xD;
&#xD;
2019-12-17 11:54:08 - [TEST_STEP][PASSED] - status_code = statusCode: null&#xD;
&#xD;
2019-12-17 11:54:08 - [TEST_STEP][PASSED] - respDataMap = JsonSlurper().parseText(body_content): null&#xD;
&#xD;
2019-12-17 11:54:08 - [TEST_STEP][PASSED] - out.println(respDataMap): null&#xD;
&#xD;
2019-12-17 11:54:08 - [TEST_STEP][PASSED] - rc_ref = ReturnCodeWrapper(var_expected_rc).getEnumRC(): null&#xD;
&#xD;
2019-12-17 11:54:08 - [TEST_STEP][PASSED] - out.println(var_expected_rc): null&#xD;
&#xD;
2019-12-17 11:54:08 - [TEST_STEP][PASSED] - out.println(rc_ref.getRCName()): null&#xD;
&#xD;
2019-12-17 11:54:08 - [TEST_STEP][PASSED] - out.println(rc_ref.getHttpResponse()): null&#xD;
&#xD;
2019-12-17 11:54:08 - [TEST_STEP][PASSED] - rcIsTrue = verifyEqual(response_code, rc_ref.getRCName()): Actual object 'RC01' and expected object 'RC01' are equal&#xD;
&#xD;
2019-12-17 11:54:08 - [MESSAGE][PASSED] - Actual object 'RC01' and expected object 'RC01' are equal&#xD;
&#xD;
2019-12-17 11:54:08 - [TEST_STEP][PASSED] - httpRespIsTrue = verifyEqual(statusCode, rc_ref.getHttpResponse()): Actual object '400' and expected object '400' are equal&#xD;
&#xD;
2019-12-17 11:54:08 - [MESSAGE][PASSED] - Actual object '400' and expected object '400' are equal&#xD;
&#xD;
2019-12-17 11:54:08 - [TEST_STEP][PASSED] - if (rc_ref.getRCName() == RC00): null</system-out>
            <system-err></system-err>
        </testcase>
        <testcase name="Test Cases/E_Wallet/TC_changePinAccessCode/TC_changePinAccessCode" classname="Test Cases/E_Wallet/TC_changePinAccessCode/TC_changePinAccessCode" status="PASSED">
            <system-out>2019-12-17 11:54:08 - [TEST_CASE][PASSED] - Test Cases/E_Wallet/TC_changePinAccessCode/TC_changePinAccessCode: Test Cases/E_Wallet/TC_changePinAccessCode/TC_changePinAccessCode&#xD;
&#xD;
2019-12-17 11:54:08 - [TEST_STEP][PASSED] - var_enciphered_pin = SecureUtils.doEncryptPinRsaEwallet(dev_public_pem_file, var_user_pin): null&#xD;
&#xD;
2019-12-17 11:54:08 - [TEST_STEP][PASSED] - var_enciphered_new_pin = SecureUtils.doEncryptPinRsaEwallet(dev_public_pem_file, var_user_new_pin): null&#xD;
&#xD;
2019-12-17 11:54:08 - [TEST_STEP][PASSED] - var_enciphered_confirm_new_pin = SecureUtils.doEncryptPinRsaEwallet(dev_public_pem_file, var_user_confirm_new_pin): null&#xD;
&#xD;
2019-12-17 11:54:08 - [TEST_STEP][PASSED] - plain = "{" + ""old_pin":"" + var_enciphered_pin + ""," + ""new_pin":"" + var_enciphered_new_pin + ""," + ""confirm_pin":"" + var_enciphered_confirm_new_pin + ""}": null&#xD;
&#xD;
2019-12-17 11:54:08 - [TEST_STEP][PASSED] - out.println(plain): null&#xD;
&#xD;
2019-12-17 11:54:08 - [TEST_STEP][PASSED] - encipheredData = SecureUtils.encryptAesEwallet(plain, var_aes_key): null&#xD;
&#xD;
2019-12-17 11:54:08 - [TEST_STEP][PASSED] - body = "{"organisation_id":"" + var_organisation_id + "","data":"" + encipheredData + "","lang":"" + var_lang + ""}": null&#xD;
&#xD;
2019-12-17 11:54:08 - [TEST_STEP][PASSED] - out.println(body): null&#xD;
&#xD;
2019-12-17 11:54:08 - [TEST_STEP][PASSED] - request = findTestObject("E_Wallet/obj_changePinAccessCode"): null&#xD;
&#xD;
2019-12-17 11:54:08 - [TEST_STEP][PASSED] - request.setBodyContent(new com.kms.katalon.core.testobject.impl.HttpTextBodyContent(body, UTF-8, application/json)): null&#xD;
&#xD;
2019-12-17 11:54:08 - [TEST_STEP][PASSED] - println(hostname): null&#xD;
&#xD;
2019-12-17 11:54:08 - [TEST_STEP][PASSED] - println(request.getRestUrl()): null&#xD;
&#xD;
2019-12-17 11:54:08 - [TEST_STEP][PASSED] - response = sendRequest(request): Send request successfully&#xD;
&#xD;
2019-12-17 11:54:08 - [MESSAGE][INFO] - HAR: D:\katalon-ewallet\Reports\E_Wallet\TS_changePinAccessCode\TS_changePinAccessCode\20191217_115402\requests\main\5.har&#xD;
&#xD;
2019-12-17 11:54:08 - [MESSAGE][PASSED] - Send request successfully&#xD;
&#xD;
2019-12-17 11:54:08 - [TEST_STEP][PASSED] - body_content = responseBodyContent: null&#xD;
&#xD;
2019-12-17 11:54:08 - [TEST_STEP][PASSED] - status_code = statusCode: null&#xD;
&#xD;
2019-12-17 11:54:08 - [TEST_STEP][PASSED] - respDataMap = JsonSlurper().parseText(body_content): null&#xD;
&#xD;
2019-12-17 11:54:08 - [TEST_STEP][PASSED] - out.println(respDataMap): null&#xD;
&#xD;
2019-12-17 11:54:08 - [TEST_STEP][PASSED] - rc_ref = ReturnCodeWrapper(var_expected_rc).getEnumRC(): null&#xD;
&#xD;
2019-12-17 11:54:08 - [TEST_STEP][PASSED] - out.println(var_expected_rc): null&#xD;
&#xD;
2019-12-17 11:54:08 - [TEST_STEP][PASSED] - out.println(rc_ref.getRCName()): null&#xD;
&#xD;
2019-12-17 11:54:08 - [TEST_STEP][PASSED] - out.println(rc_ref.getHttpResponse()): null&#xD;
&#xD;
2019-12-17 11:54:08 - [TEST_STEP][PASSED] - rcIsTrue = verifyEqual(response_code, rc_ref.getRCName()): Actual object 'RC01' and expected object 'RC01' are equal&#xD;
&#xD;
2019-12-17 11:54:08 - [MESSAGE][PASSED] - Actual object 'RC01' and expected object 'RC01' are equal&#xD;
&#xD;
2019-12-17 11:54:08 - [TEST_STEP][PASSED] - httpRespIsTrue = verifyEqual(statusCode, rc_ref.getHttpResponse()): Actual object '400' and expected object '400' are equal&#xD;
&#xD;
2019-12-17 11:54:08 - [MESSAGE][PASSED] - Actual object '400' and expected object '400' are equal&#xD;
&#xD;
2019-12-17 11:54:08 - [TEST_STEP][PASSED] - if (rc_ref.getRCName() == RC00): null</system-out>
            <system-err></system-err>
        </testcase>
        <testcase name="Test Cases/E_Wallet/TC_changePinAccessCode/TC_changePinAccessCode" classname="Test Cases/E_Wallet/TC_changePinAccessCode/TC_changePinAccessCode" status="PASSED">
            <system-out>2019-12-17 11:54:08 - [TEST_CASE][PASSED] - Test Cases/E_Wallet/TC_changePinAccessCode/TC_changePinAccessCode: Test Cases/E_Wallet/TC_changePinAccessCode/TC_changePinAccessCode&#xD;
&#xD;
2019-12-17 11:54:08 - [TEST_STEP][PASSED] - var_enciphered_pin = SecureUtils.doEncryptPinRsaEwallet(dev_public_pem_file, var_user_pin): null&#xD;
&#xD;
2019-12-17 11:54:08 - [TEST_STEP][PASSED] - var_enciphered_new_pin = SecureUtils.doEncryptPinRsaEwallet(dev_public_pem_file, var_user_new_pin): null&#xD;
&#xD;
2019-12-17 11:54:08 - [TEST_STEP][PASSED] - var_enciphered_confirm_new_pin = SecureUtils.doEncryptPinRsaEwallet(dev_public_pem_file, var_user_confirm_new_pin): null&#xD;
&#xD;
2019-12-17 11:54:08 - [TEST_STEP][PASSED] - plain = "{" + ""old_pin":"" + var_enciphered_pin + ""," + ""new_pin":"" + var_enciphered_new_pin + ""," + ""confirm_pin":"" + var_enciphered_confirm_new_pin + ""}": null&#xD;
&#xD;
2019-12-17 11:54:08 - [TEST_STEP][PASSED] - out.println(plain): null&#xD;
&#xD;
2019-12-17 11:54:08 - [TEST_STEP][PASSED] - encipheredData = SecureUtils.encryptAesEwallet(plain, var_aes_key): null&#xD;
&#xD;
2019-12-17 11:54:08 - [TEST_STEP][PASSED] - body = "{"organisation_id":"" + var_organisation_id + "","data":"" + encipheredData + "","lang":"" + var_lang + ""}": null&#xD;
&#xD;
2019-12-17 11:54:08 - [TEST_STEP][PASSED] - out.println(body): null&#xD;
&#xD;
2019-12-17 11:54:08 - [TEST_STEP][PASSED] - request = findTestObject("E_Wallet/obj_changePinAccessCode"): null&#xD;
&#xD;
2019-12-17 11:54:08 - [TEST_STEP][PASSED] - request.setBodyContent(new com.kms.katalon.core.testobject.impl.HttpTextBodyContent(body, UTF-8, application/json)): null&#xD;
&#xD;
2019-12-17 11:54:08 - [TEST_STEP][PASSED] - println(hostname): null&#xD;
&#xD;
2019-12-17 11:54:08 - [TEST_STEP][PASSED] - println(request.getRestUrl()): null&#xD;
&#xD;
2019-12-17 11:54:08 - [TEST_STEP][PASSED] - response = sendRequest(request): Send request successfully&#xD;
&#xD;
2019-12-17 11:54:08 - [MESSAGE][INFO] - HAR: D:\katalon-ewallet\Reports\E_Wallet\TS_changePinAccessCode\TS_changePinAccessCode\20191217_115402\requests\main\6.har&#xD;
&#xD;
2019-12-17 11:54:08 - [MESSAGE][PASSED] - Send request successfully&#xD;
&#xD;
2019-12-17 11:54:08 - [TEST_STEP][PASSED] - body_content = responseBodyContent: null&#xD;
&#xD;
2019-12-17 11:54:08 - [TEST_STEP][PASSED] - status_code = statusCode: null&#xD;
&#xD;
2019-12-17 11:54:08 - [TEST_STEP][PASSED] - respDataMap = JsonSlurper().parseText(body_content): null&#xD;
&#xD;
2019-12-17 11:54:08 - [TEST_STEP][PASSED] - out.println(respDataMap): null&#xD;
&#xD;
2019-12-17 11:54:08 - [TEST_STEP][PASSED] - rc_ref = ReturnCodeWrapper(var_expected_rc).getEnumRC(): null&#xD;
&#xD;
2019-12-17 11:54:08 - [TEST_STEP][PASSED] - out.println(var_expected_rc): null&#xD;
&#xD;
2019-12-17 11:54:08 - [TEST_STEP][PASSED] - out.println(rc_ref.getRCName()): null&#xD;
&#xD;
2019-12-17 11:54:08 - [TEST_STEP][PASSED] - out.println(rc_ref.getHttpResponse()): null&#xD;
&#xD;
2019-12-17 11:54:08 - [TEST_STEP][PASSED] - rcIsTrue = verifyEqual(response_code, rc_ref.getRCName()): Actual object 'RC01' and expected object 'RC01' are equal&#xD;
&#xD;
2019-12-17 11:54:08 - [MESSAGE][PASSED] - Actual object 'RC01' and expected object 'RC01' are equal&#xD;
&#xD;
2019-12-17 11:54:08 - [TEST_STEP][PASSED] - httpRespIsTrue = verifyEqual(statusCode, rc_ref.getHttpResponse()): Actual object '400' and expected object '400' are equal&#xD;
&#xD;
2019-12-17 11:54:08 - [MESSAGE][PASSED] - Actual object '400' and expected object '400' are equal&#xD;
&#xD;
2019-12-17 11:54:08 - [TEST_STEP][PASSED] - if (rc_ref.getRCName() == RC00): null</system-out>
            <system-err></system-err>
        </testcase>
        <testcase name="Test Cases/E_Wallet/TC_changePinAccessCode/TC_changePinAccessCode" classname="Test Cases/E_Wallet/TC_changePinAccessCode/TC_changePinAccessCode" status="PASSED">
            <system-out>2019-12-17 11:54:08 - [TEST_CASE][PASSED] - Test Cases/E_Wallet/TC_changePinAccessCode/TC_changePinAccessCode: Test Cases/E_Wallet/TC_changePinAccessCode/TC_changePinAccessCode&#xD;
&#xD;
2019-12-17 11:54:08 - [TEST_STEP][PASSED] - var_enciphered_pin = SecureUtils.doEncryptPinRsaEwallet(dev_public_pem_file, var_user_pin): null&#xD;
&#xD;
2019-12-17 11:54:08 - [TEST_STEP][PASSED] - var_enciphered_new_pin = SecureUtils.doEncryptPinRsaEwallet(dev_public_pem_file, var_user_new_pin): null&#xD;
&#xD;
2019-12-17 11:54:08 - [TEST_STEP][PASSED] - var_enciphered_confirm_new_pin = SecureUtils.doEncryptPinRsaEwallet(dev_public_pem_file, var_user_confirm_new_pin): null&#xD;
&#xD;
2019-12-17 11:54:08 - [TEST_STEP][PASSED] - plain = "{" + ""old_pin":"" + var_enciphered_pin + ""," + ""new_pin":"" + var_enciphered_new_pin + ""," + ""confirm_pin":"" + var_enciphered_confirm_new_pin + ""}": null&#xD;
&#xD;
2019-12-17 11:54:08 - [TEST_STEP][PASSED] - out.println(plain): null&#xD;
&#xD;
2019-12-17 11:54:08 - [TEST_STEP][PASSED] - encipheredData = SecureUtils.encryptAesEwallet(plain, var_aes_key): null&#xD;
&#xD;
2019-12-17 11:54:08 - [TEST_STEP][PASSED] - body = "{"organisation_id":"" + var_organisation_id + "","data":"" + encipheredData + "","lang":"" + var_lang + ""}": null&#xD;
&#xD;
2019-12-17 11:54:08 - [TEST_STEP][PASSED] - out.println(body): null&#xD;
&#xD;
2019-12-17 11:54:08 - [TEST_STEP][PASSED] - request = findTestObject("E_Wallet/obj_changePinAccessCode"): null&#xD;
&#xD;
2019-12-17 11:54:08 - [TEST_STEP][PASSED] - request.setBodyContent(new com.kms.katalon.core.testobject.impl.HttpTextBodyContent(body, UTF-8, application/json)): null&#xD;
&#xD;
2019-12-17 11:54:08 - [TEST_STEP][PASSED] - println(hostname): null&#xD;
&#xD;
2019-12-17 11:54:08 - [TEST_STEP][PASSED] - println(request.getRestUrl()): null&#xD;
&#xD;
2019-12-17 11:54:08 - [TEST_STEP][PASSED] - response = sendRequest(request): Send request successfully&#xD;
&#xD;
2019-12-17 11:54:09 - [MESSAGE][INFO] - HAR: D:\katalon-ewallet\Reports\E_Wallet\TS_changePinAccessCode\TS_changePinAccessCode\20191217_115402\requests\main\7.har&#xD;
&#xD;
2019-12-17 11:54:09 - [MESSAGE][PASSED] - Send request successfully&#xD;
&#xD;
2019-12-17 11:54:09 - [TEST_STEP][PASSED] - body_content = responseBodyContent: null&#xD;
&#xD;
2019-12-17 11:54:09 - [TEST_STEP][PASSED] - status_code = statusCode: null&#xD;
&#xD;
2019-12-17 11:54:09 - [TEST_STEP][PASSED] - respDataMap = JsonSlurper().parseText(body_content): null&#xD;
&#xD;
2019-12-17 11:54:09 - [TEST_STEP][PASSED] - out.println(respDataMap): null&#xD;
&#xD;
2019-12-17 11:54:09 - [TEST_STEP][PASSED] - rc_ref = ReturnCodeWrapper(var_expected_rc).getEnumRC(): null&#xD;
&#xD;
2019-12-17 11:54:09 - [TEST_STEP][PASSED] - out.println(var_expected_rc): null&#xD;
&#xD;
2019-12-17 11:54:09 - [TEST_STEP][PASSED] - out.println(rc_ref.getRCName()): null&#xD;
&#xD;
2019-12-17 11:54:09 - [TEST_STEP][PASSED] - out.println(rc_ref.getHttpResponse()): null&#xD;
&#xD;
2019-12-17 11:54:09 - [TEST_STEP][PASSED] - rcIsTrue = verifyEqual(response_code, rc_ref.getRCName()): Actual object 'RC07' and expected object 'RC07' are equal&#xD;
&#xD;
2019-12-17 11:54:09 - [MESSAGE][PASSED] - Actual object 'RC07' and expected object 'RC07' are equal&#xD;
&#xD;
2019-12-17 11:54:09 - [TEST_STEP][PASSED] - httpRespIsTrue = verifyEqual(statusCode, rc_ref.getHttpResponse()): Actual object '401' and expected object '401' are equal&#xD;
&#xD;
2019-12-17 11:54:09 - [MESSAGE][PASSED] - Actual object '401' and expected object '401' are equal&#xD;
&#xD;
2019-12-17 11:54:09 - [TEST_STEP][PASSED] - if (rc_ref.getRCName() == RC00): null</system-out>
            <system-err></system-err>
        </testcase>
        <testcase name="Test Cases/E_Wallet/TC_changePinAccessCode/TC_changePinAccessCode" classname="Test Cases/E_Wallet/TC_changePinAccessCode/TC_changePinAccessCode" status="PASSED">
            <system-out>2019-12-17 11:54:09 - [TEST_CASE][PASSED] - Test Cases/E_Wallet/TC_changePinAccessCode/TC_changePinAccessCode: Test Cases/E_Wallet/TC_changePinAccessCode/TC_changePinAccessCode&#xD;
&#xD;
2019-12-17 11:54:09 - [TEST_STEP][PASSED] - var_enciphered_pin = SecureUtils.doEncryptPinRsaEwallet(dev_public_pem_file, var_user_pin): null&#xD;
&#xD;
2019-12-17 11:54:09 - [TEST_STEP][PASSED] - var_enciphered_new_pin = SecureUtils.doEncryptPinRsaEwallet(dev_public_pem_file, var_user_new_pin): null&#xD;
&#xD;
2019-12-17 11:54:09 - [TEST_STEP][PASSED] - var_enciphered_confirm_new_pin = SecureUtils.doEncryptPinRsaEwallet(dev_public_pem_file, var_user_confirm_new_pin): null&#xD;
&#xD;
2019-12-17 11:54:09 - [TEST_STEP][PASSED] - plain = "{" + ""old_pin":"" + var_enciphered_pin + ""," + ""new_pin":"" + var_enciphered_new_pin + ""," + ""confirm_pin":"" + var_enciphered_confirm_new_pin + ""}": null&#xD;
&#xD;
2019-12-17 11:54:09 - [TEST_STEP][PASSED] - out.println(plain): null&#xD;
&#xD;
2019-12-17 11:54:09 - [TEST_STEP][PASSED] - encipheredData = SecureUtils.encryptAesEwallet(plain, var_aes_key): null&#xD;
&#xD;
2019-12-17 11:54:09 - [TEST_STEP][PASSED] - body = "{"organisation_id":"" + var_organisation_id + "","data":"" + encipheredData + "","lang":"" + var_lang + ""}": null&#xD;
&#xD;
2019-12-17 11:54:09 - [TEST_STEP][PASSED] - out.println(body): null&#xD;
&#xD;
2019-12-17 11:54:09 - [TEST_STEP][PASSED] - request = findTestObject("E_Wallet/obj_changePinAccessCode"): null&#xD;
&#xD;
2019-12-17 11:54:09 - [TEST_STEP][PASSED] - request.setBodyContent(new com.kms.katalon.core.testobject.impl.HttpTextBodyContent(body, UTF-8, application/json)): null&#xD;
&#xD;
2019-12-17 11:54:09 - [TEST_STEP][PASSED] - println(hostname): null&#xD;
&#xD;
2019-12-17 11:54:09 - [TEST_STEP][PASSED] - println(request.getRestUrl()): null&#xD;
&#xD;
2019-12-17 11:54:09 - [TEST_STEP][PASSED] - response = sendRequest(request): Send request successfully&#xD;
&#xD;
2019-12-17 11:54:09 - [MESSAGE][INFO] - HAR: D:\katalon-ewallet\Reports\E_Wallet\TS_changePinAccessCode\TS_changePinAccessCode\20191217_115402\requests\main\8.har&#xD;
&#xD;
2019-12-17 11:54:09 - [MESSAGE][PASSED] - Send request successfully&#xD;
&#xD;
2019-12-17 11:54:09 - [TEST_STEP][PASSED] - body_content = responseBodyContent: null&#xD;
&#xD;
2019-12-17 11:54:09 - [TEST_STEP][PASSED] - status_code = statusCode: null&#xD;
&#xD;
2019-12-17 11:54:09 - [TEST_STEP][PASSED] - respDataMap = JsonSlurper().parseText(body_content): null&#xD;
&#xD;
2019-12-17 11:54:09 - [TEST_STEP][PASSED] - out.println(respDataMap): null&#xD;
&#xD;
2019-12-17 11:54:09 - [TEST_STEP][PASSED] - rc_ref = ReturnCodeWrapper(var_expected_rc).getEnumRC(): null&#xD;
&#xD;
2019-12-17 11:54:09 - [TEST_STEP][PASSED] - out.println(var_expected_rc): null&#xD;
&#xD;
2019-12-17 11:54:09 - [TEST_STEP][PASSED] - out.println(rc_ref.getRCName()): null&#xD;
&#xD;
2019-12-17 11:54:09 - [TEST_STEP][PASSED] - out.println(rc_ref.getHttpResponse()): null&#xD;
&#xD;
2019-12-17 11:54:09 - [TEST_STEP][PASSED] - rcIsTrue = verifyEqual(response_code, rc_ref.getRCName()): Actual object 'RC01' and expected object 'RC01' are equal&#xD;
&#xD;
2019-12-17 11:54:09 - [MESSAGE][PASSED] - Actual object 'RC01' and expected object 'RC01' are equal&#xD;
&#xD;
2019-12-17 11:54:09 - [TEST_STEP][PASSED] - httpRespIsTrue = verifyEqual(statusCode, rc_ref.getHttpResponse()): Actual object '400' and expected object '400' are equal&#xD;
&#xD;
2019-12-17 11:54:09 - [MESSAGE][PASSED] - Actual object '400' and expected object '400' are equal&#xD;
&#xD;
2019-12-17 11:54:09 - [TEST_STEP][PASSED] - if (rc_ref.getRCName() == RC00): null</system-out>
            <system-err></system-err>
        </testcase>
        <testcase name="Test Cases/E_Wallet/TC_changePinAccessCode/TC_changePinAccessCode" classname="Test Cases/E_Wallet/TC_changePinAccessCode/TC_changePinAccessCode" status="PASSED">
            <system-out>2019-12-17 11:54:09 - [TEST_CASE][PASSED] - Test Cases/E_Wallet/TC_changePinAccessCode/TC_changePinAccessCode: Test Cases/E_Wallet/TC_changePinAccessCode/TC_changePinAccessCode&#xD;
&#xD;
2019-12-17 11:54:09 - [TEST_STEP][PASSED] - var_enciphered_pin = SecureUtils.doEncryptPinRsaEwallet(dev_public_pem_file, var_user_pin): null&#xD;
&#xD;
2019-12-17 11:54:09 - [TEST_STEP][PASSED] - var_enciphered_new_pin = SecureUtils.doEncryptPinRsaEwallet(dev_public_pem_file, var_user_new_pin): null&#xD;
&#xD;
2019-12-17 11:54:09 - [TEST_STEP][PASSED] - var_enciphered_confirm_new_pin = SecureUtils.doEncryptPinRsaEwallet(dev_public_pem_file, var_user_confirm_new_pin): null&#xD;
&#xD;
2019-12-17 11:54:09 - [TEST_STEP][PASSED] - plain = "{" + ""old_pin":"" + var_enciphered_pin + ""," + ""new_pin":"" + var_enciphered_new_pin + ""," + ""confirm_pin":"" + var_enciphered_confirm_new_pin + ""}": null&#xD;
&#xD;
2019-12-17 11:54:09 - [TEST_STEP][PASSED] - out.println(plain): null&#xD;
&#xD;
2019-12-17 11:54:09 - [TEST_STEP][PASSED] - encipheredData = SecureUtils.encryptAesEwallet(plain, var_aes_key): null&#xD;
&#xD;
2019-12-17 11:54:09 - [TEST_STEP][PASSED] - body = "{"organisation_id":"" + var_organisation_id + "","data":"" + encipheredData + "","lang":"" + var_lang + ""}": null&#xD;
&#xD;
2019-12-17 11:54:09 - [TEST_STEP][PASSED] - out.println(body): null&#xD;
&#xD;
2019-12-17 11:54:09 - [TEST_STEP][PASSED] - request = findTestObject("E_Wallet/obj_changePinAccessCode"): null&#xD;
&#xD;
2019-12-17 11:54:09 - [TEST_STEP][PASSED] - request.setBodyContent(new com.kms.katalon.core.testobject.impl.HttpTextBodyContent(body, UTF-8, application/json)): null&#xD;
&#xD;
2019-12-17 11:54:09 - [TEST_STEP][PASSED] - println(hostname): null&#xD;
&#xD;
2019-12-17 11:54:09 - [TEST_STEP][PASSED] - println(request.getRestUrl()): null&#xD;
&#xD;
2019-12-17 11:54:09 - [TEST_STEP][PASSED] - response = sendRequest(request): Send request successfully&#xD;
&#xD;
2019-12-17 11:54:09 - [MESSAGE][INFO] - HAR: D:\katalon-ewallet\Reports\E_Wallet\TS_changePinAccessCode\TS_changePinAccessCode\20191217_115402\requests\main\9.har&#xD;
&#xD;
2019-12-17 11:54:09 - [MESSAGE][PASSED] - Send request successfully&#xD;
&#xD;
2019-12-17 11:54:09 - [TEST_STEP][PASSED] - body_content = responseBodyContent: null&#xD;
&#xD;
2019-12-17 11:54:09 - [TEST_STEP][PASSED] - status_code = statusCode: null&#xD;
&#xD;
2019-12-17 11:54:09 - [TEST_STEP][PASSED] - respDataMap = JsonSlurper().parseText(body_content): null&#xD;
&#xD;
2019-12-17 11:54:09 - [TEST_STEP][PASSED] - out.println(respDataMap): null&#xD;
&#xD;
2019-12-17 11:54:09 - [TEST_STEP][PASSED] - rc_ref = ReturnCodeWrapper(var_expected_rc).getEnumRC(): null&#xD;
&#xD;
2019-12-17 11:54:09 - [TEST_STEP][PASSED] - out.println(var_expected_rc): null&#xD;
&#xD;
2019-12-17 11:54:09 - [TEST_STEP][PASSED] - out.println(rc_ref.getRCName()): null&#xD;
&#xD;
2019-12-17 11:54:09 - [TEST_STEP][PASSED] - out.println(rc_ref.getHttpResponse()): null&#xD;
&#xD;
2019-12-17 11:54:09 - [TEST_STEP][PASSED] - rcIsTrue = verifyEqual(response_code, rc_ref.getRCName()): Actual object 'RC01' and expected object 'RC01' are equal&#xD;
&#xD;
2019-12-17 11:54:09 - [MESSAGE][PASSED] - Actual object 'RC01' and expected object 'RC01' are equal&#xD;
&#xD;
2019-12-17 11:54:09 - [TEST_STEP][PASSED] - httpRespIsTrue = verifyEqual(statusCode, rc_ref.getHttpResponse()): Actual object '400' and expected object '400' are equal&#xD;
&#xD;
2019-12-17 11:54:09 - [MESSAGE][PASSED] - Actual object '400' and expected object '400' are equal&#xD;
&#xD;
2019-12-17 11:54:09 - [TEST_STEP][PASSED] - if (rc_ref.getRCName() == RC00): null</system-out>
            <system-err></system-err>
        </testcase>
        <testcase name="Test Cases/E_Wallet/TC_changePinAccessCode/TC_changePinAccessCode" classname="Test Cases/E_Wallet/TC_changePinAccessCode/TC_changePinAccessCode" status="PASSED">
            <system-out>2019-12-17 11:54:09 - [TEST_CASE][PASSED] - Test Cases/E_Wallet/TC_changePinAccessCode/TC_changePinAccessCode: Test Cases/E_Wallet/TC_changePinAccessCode/TC_changePinAccessCode&#xD;
&#xD;
2019-12-17 11:54:09 - [TEST_STEP][PASSED] - var_enciphered_pin = SecureUtils.doEncryptPinRsaEwallet(dev_public_pem_file, var_user_pin): null&#xD;
&#xD;
2019-12-17 11:54:09 - [TEST_STEP][PASSED] - var_enciphered_new_pin = SecureUtils.doEncryptPinRsaEwallet(dev_public_pem_file, var_user_new_pin): null&#xD;
&#xD;
2019-12-17 11:54:09 - [TEST_STEP][PASSED] - var_enciphered_confirm_new_pin = SecureUtils.doEncryptPinRsaEwallet(dev_public_pem_file, var_user_confirm_new_pin): null&#xD;
&#xD;
2019-12-17 11:54:09 - [TEST_STEP][PASSED] - plain = "{" + ""old_pin":"" + var_enciphered_pin + ""," + ""new_pin":"" + var_enciphered_new_pin + ""," + ""confirm_pin":"" + var_enciphered_confirm_new_pin + ""}": null&#xD;
&#xD;
2019-12-17 11:54:09 - [TEST_STEP][PASSED] - out.println(plain): null&#xD;
&#xD;
2019-12-17 11:54:09 - [TEST_STEP][PASSED] - encipheredData = SecureUtils.encryptAesEwallet(plain, var_aes_key): null&#xD;
&#xD;
2019-12-17 11:54:09 - [TEST_STEP][PASSED] - body = "{"organisation_id":"" + var_organisation_id + "","data":"" + encipheredData + "","lang":"" + var_lang + ""}": null&#xD;
&#xD;
2019-12-17 11:54:09 - [TEST_STEP][PASSED] - out.println(body): null&#xD;
&#xD;
2019-12-17 11:54:09 - [TEST_STEP][PASSED] - request = findTestObject("E_Wallet/obj_changePinAccessCode"): null&#xD;
&#xD;
2019-12-17 11:54:09 - [TEST_STEP][PASSED] - request.setBodyContent(new com.kms.katalon.core.testobject.impl.HttpTextBodyContent(body, UTF-8, application/json)): null&#xD;
&#xD;
2019-12-17 11:54:09 - [TEST_STEP][PASSED] - println(hostname): null&#xD;
&#xD;
2019-12-17 11:54:09 - [TEST_STEP][PASSED] - println(request.getRestUrl()): null&#xD;
&#xD;
2019-12-17 11:54:09 - [TEST_STEP][PASSED] - response = sendRequest(request): Send request successfully&#xD;
&#xD;
2019-12-17 11:54:09 - [MESSAGE][INFO] - HAR: D:\katalon-ewallet\Reports\E_Wallet\TS_changePinAccessCode\TS_changePinAccessCode\20191217_115402\requests\main\10.har&#xD;
&#xD;
2019-12-17 11:54:09 - [MESSAGE][PASSED] - Send request successfully&#xD;
&#xD;
2019-12-17 11:54:09 - [TEST_STEP][PASSED] - body_content = responseBodyContent: null&#xD;
&#xD;
2019-12-17 11:54:09 - [TEST_STEP][PASSED] - status_code = statusCode: null&#xD;
&#xD;
2019-12-17 11:54:09 - [TEST_STEP][PASSED] - respDataMap = JsonSlurper().parseText(body_content): null&#xD;
&#xD;
2019-12-17 11:54:09 - [TEST_STEP][PASSED] - out.println(respDataMap): null&#xD;
&#xD;
2019-12-17 11:54:09 - [TEST_STEP][PASSED] - rc_ref = ReturnCodeWrapper(var_expected_rc).getEnumRC(): null&#xD;
&#xD;
2019-12-17 11:54:09 - [TEST_STEP][PASSED] - out.println(var_expected_rc): null&#xD;
&#xD;
2019-12-17 11:54:09 - [TEST_STEP][PASSED] - out.println(rc_ref.getRCName()): null&#xD;
&#xD;
2019-12-17 11:54:09 - [TEST_STEP][PASSED] - out.println(rc_ref.getHttpResponse()): null&#xD;
&#xD;
2019-12-17 11:54:09 - [TEST_STEP][PASSED] - rcIsTrue = verifyEqual(response_code, rc_ref.getRCName()): Actual object 'RC01' and expected object 'RC01' are equal&#xD;
&#xD;
2019-12-17 11:54:09 - [MESSAGE][PASSED] - Actual object 'RC01' and expected object 'RC01' are equal&#xD;
&#xD;
2019-12-17 11:54:09 - [TEST_STEP][PASSED] - httpRespIsTrue = verifyEqual(statusCode, rc_ref.getHttpResponse()): Actual object '400' and expected object '400' are equal&#xD;
&#xD;
2019-12-17 11:54:09 - [MESSAGE][PASSED] - Actual object '400' and expected object '400' are equal&#xD;
&#xD;
2019-12-17 11:54:09 - [TEST_STEP][PASSED] - if (rc_ref.getRCName() == RC00): null</system-out>
            <system-err></system-err>
        </testcase>
        <testcase name="Test Cases/E_Wallet/TC_changePinAccessCode/TC_changePinAccessCode" classname="Test Cases/E_Wallet/TC_changePinAccessCode/TC_changePinAccessCode" status="PASSED">
            <system-out>2019-12-17 11:54:09 - [TEST_CASE][PASSED] - Test Cases/E_Wallet/TC_changePinAccessCode/TC_changePinAccessCode: Test Cases/E_Wallet/TC_changePinAccessCode/TC_changePinAccessCode&#xD;
&#xD;
2019-12-17 11:54:09 - [TEST_STEP][PASSED] - var_enciphered_pin = SecureUtils.doEncryptPinRsaEwallet(dev_public_pem_file, var_user_pin): null&#xD;
&#xD;
2019-12-17 11:54:09 - [TEST_STEP][PASSED] - var_enciphered_new_pin = SecureUtils.doEncryptPinRsaEwallet(dev_public_pem_file, var_user_new_pin): null&#xD;
&#xD;
2019-12-17 11:54:09 - [TEST_STEP][PASSED] - var_enciphered_confirm_new_pin = SecureUtils.doEncryptPinRsaEwallet(dev_public_pem_file, var_user_confirm_new_pin): null&#xD;
&#xD;
2019-12-17 11:54:09 - [TEST_STEP][PASSED] - plain = "{" + ""old_pin":"" + var_enciphered_pin + ""," + ""new_pin":"" + var_enciphered_new_pin + ""," + ""confirm_pin":"" + var_enciphered_confirm_new_pin + ""}": null&#xD;
&#xD;
2019-12-17 11:54:09 - [TEST_STEP][PASSED] - out.println(plain): null&#xD;
&#xD;
2019-12-17 11:54:09 - [TEST_STEP][PASSED] - encipheredData = SecureUtils.encryptAesEwallet(plain, var_aes_key): null&#xD;
&#xD;
2019-12-17 11:54:09 - [TEST_STEP][PASSED] - body = "{"organisation_id":"" + var_organisation_id + "","data":"" + encipheredData + "","lang":"" + var_lang + ""}": null&#xD;
&#xD;
2019-12-17 11:54:09 - [TEST_STEP][PASSED] - out.println(body): null&#xD;
&#xD;
2019-12-17 11:54:09 - [TEST_STEP][PASSED] - request = findTestObject("E_Wallet/obj_changePinAccessCode"): null&#xD;
&#xD;
2019-12-17 11:54:09 - [TEST_STEP][PASSED] - request.setBodyContent(new com.kms.katalon.core.testobject.impl.HttpTextBodyContent(body, UTF-8, application/json)): null&#xD;
&#xD;
2019-12-17 11:54:09 - [TEST_STEP][PASSED] - println(hostname): null&#xD;
&#xD;
2019-12-17 11:54:09 - [TEST_STEP][PASSED] - println(request.getRestUrl()): null&#xD;
&#xD;
2019-12-17 11:54:09 - [TEST_STEP][PASSED] - response = sendRequest(request): Send request successfully&#xD;
&#xD;
2019-12-17 11:54:09 - [MESSAGE][INFO] - HAR: D:\katalon-ewallet\Reports\E_Wallet\TS_changePinAccessCode\TS_changePinAccessCode\20191217_115402\requests\main\11.har&#xD;
&#xD;
2019-12-17 11:54:09 - [MESSAGE][PASSED] - Send request successfully&#xD;
&#xD;
2019-12-17 11:54:09 - [TEST_STEP][PASSED] - body_content = responseBodyContent: null&#xD;
&#xD;
2019-12-17 11:54:09 - [TEST_STEP][PASSED] - status_code = statusCode: null&#xD;
&#xD;
2019-12-17 11:54:09 - [TEST_STEP][PASSED] - respDataMap = JsonSlurper().parseText(body_content): null&#xD;
&#xD;
2019-12-17 11:54:09 - [TEST_STEP][PASSED] - out.println(respDataMap): null&#xD;
&#xD;
2019-12-17 11:54:09 - [TEST_STEP][PASSED] - rc_ref = ReturnCodeWrapper(var_expected_rc).getEnumRC(): null&#xD;
&#xD;
2019-12-17 11:54:09 - [TEST_STEP][PASSED] - out.println(var_expected_rc): null&#xD;
&#xD;
2019-12-17 11:54:09 - [TEST_STEP][PASSED] - out.println(rc_ref.getRCName()): null&#xD;
&#xD;
2019-12-17 11:54:09 - [TEST_STEP][PASSED] - out.println(rc_ref.getHttpResponse()): null&#xD;
&#xD;
2019-12-17 11:54:09 - [TEST_STEP][PASSED] - rcIsTrue = verifyEqual(response_code, rc_ref.getRCName()): Actual object 'RC01' and expected object 'RC01' are equal&#xD;
&#xD;
2019-12-17 11:54:09 - [MESSAGE][PASSED] - Actual object 'RC01' and expected object 'RC01' are equal&#xD;
&#xD;
2019-12-17 11:54:09 - [TEST_STEP][PASSED] - httpRespIsTrue = verifyEqual(statusCode, rc_ref.getHttpResponse()): Actual object '400' and expected object '400' are equal&#xD;
&#xD;
2019-12-17 11:54:09 - [MESSAGE][PASSED] - Actual object '400' and expected object '400' are equal&#xD;
&#xD;
2019-12-17 11:54:09 - [TEST_STEP][PASSED] - if (rc_ref.getRCName() == RC00): null</system-out>
            <system-err></system-err>
        </testcase>
        <testcase name="Test Cases/E_Wallet/TC_changePinAccessCode/TC_changePinAccessCode" classname="Test Cases/E_Wallet/TC_changePinAccessCode/TC_changePinAccessCode" status="PASSED">
            <system-out>2019-12-17 11:54:09 - [TEST_CASE][PASSED] - Test Cases/E_Wallet/TC_changePinAccessCode/TC_changePinAccessCode: Test Cases/E_Wallet/TC_changePinAccessCode/TC_changePinAccessCode&#xD;
&#xD;
2019-12-17 11:54:09 - [TEST_STEP][PASSED] - var_enciphered_pin = SecureUtils.doEncryptPinRsaEwallet(dev_public_pem_file, var_user_pin): null&#xD;
&#xD;
2019-12-17 11:54:09 - [TEST_STEP][PASSED] - var_enciphered_new_pin = SecureUtils.doEncryptPinRsaEwallet(dev_public_pem_file, var_user_new_pin): null&#xD;
&#xD;
2019-12-17 11:54:09 - [TEST_STEP][PASSED] - var_enciphered_confirm_new_pin = SecureUtils.doEncryptPinRsaEwallet(dev_public_pem_file, var_user_confirm_new_pin): null&#xD;
&#xD;
2019-12-17 11:54:09 - [TEST_STEP][PASSED] - plain = "{" + ""old_pin":"" + var_enciphered_pin + ""," + ""new_pin":"" + var_enciphered_new_pin + ""," + ""confirm_pin":"" + var_enciphered_confirm_new_pin + ""}": null&#xD;
&#xD;
2019-12-17 11:54:09 - [TEST_STEP][PASSED] - out.println(plain): null&#xD;
&#xD;
2019-12-17 11:54:09 - [TEST_STEP][PASSED] - encipheredData = SecureUtils.encryptAesEwallet(plain, var_aes_key): null&#xD;
&#xD;
2019-12-17 11:54:09 - [TEST_STEP][PASSED] - body = "{"organisation_id":"" + var_organisation_id + "","data":"" + encipheredData + "","lang":"" + var_lang + ""}": null&#xD;
&#xD;
2019-12-17 11:54:09 - [TEST_STEP][PASSED] - out.println(body): null&#xD;
&#xD;
2019-12-17 11:54:09 - [TEST_STEP][PASSED] - request = findTestObject("E_Wallet/obj_changePinAccessCode"): null&#xD;
&#xD;
2019-12-17 11:54:10 - [TEST_STEP][PASSED] - request.setBodyContent(new com.kms.katalon.core.testobject.impl.HttpTextBodyContent(body, UTF-8, application/json)): null&#xD;
&#xD;
2019-12-17 11:54:10 - [TEST_STEP][PASSED] - println(hostname): null&#xD;
&#xD;
2019-12-17 11:54:10 - [TEST_STEP][PASSED] - println(request.getRestUrl()): null&#xD;
&#xD;
2019-12-17 11:54:10 - [TEST_STEP][PASSED] - response = sendRequest(request): Send request successfully&#xD;
&#xD;
2019-12-17 11:54:10 - [MESSAGE][INFO] - HAR: D:\katalon-ewallet\Reports\E_Wallet\TS_changePinAccessCode\TS_changePinAccessCode\20191217_115402\requests\main\12.har&#xD;
&#xD;
2019-12-17 11:54:10 - [MESSAGE][PASSED] - Send request successfully&#xD;
&#xD;
2019-12-17 11:54:10 - [TEST_STEP][PASSED] - body_content = responseBodyContent: null&#xD;
&#xD;
2019-12-17 11:54:10 - [TEST_STEP][PASSED] - status_code = statusCode: null&#xD;
&#xD;
2019-12-17 11:54:10 - [TEST_STEP][PASSED] - respDataMap = JsonSlurper().parseText(body_content): null&#xD;
&#xD;
2019-12-17 11:54:10 - [TEST_STEP][PASSED] - out.println(respDataMap): null&#xD;
&#xD;
2019-12-17 11:54:10 - [TEST_STEP][PASSED] - rc_ref = ReturnCodeWrapper(var_expected_rc).getEnumRC(): null&#xD;
&#xD;
2019-12-17 11:54:10 - [TEST_STEP][PASSED] - out.println(var_expected_rc): null&#xD;
&#xD;
2019-12-17 11:54:10 - [TEST_STEP][PASSED] - out.println(rc_ref.getRCName()): null&#xD;
&#xD;
2019-12-17 11:54:10 - [TEST_STEP][PASSED] - out.println(rc_ref.getHttpResponse()): null&#xD;
&#xD;
2019-12-17 11:54:10 - [TEST_STEP][PASSED] - rcIsTrue = verifyEqual(response_code, rc_ref.getRCName()): Actual object 'RC01' and expected object 'RC01' are equal&#xD;
&#xD;
2019-12-17 11:54:10 - [MESSAGE][PASSED] - Actual object 'RC01' and expected object 'RC01' are equal&#xD;
&#xD;
2019-12-17 11:54:10 - [TEST_STEP][PASSED] - httpRespIsTrue = verifyEqual(statusCode, rc_ref.getHttpResponse()): Actual object '400' and expected object '400' are equal&#xD;
&#xD;
2019-12-17 11:54:10 - [MESSAGE][PASSED] - Actual object '400' and expected object '400' are equal&#xD;
&#xD;
2019-12-17 11:54:10 - [TEST_STEP][PASSED] - if (rc_ref.getRCName() == RC00): null</system-out>
            <system-err></system-err>
        </testcase>
        <testcase name="Test Cases/E_Wallet/TC_changePinAccessCode/TC_changePinAccessCode" classname="Test Cases/E_Wallet/TC_changePinAccessCode/TC_changePinAccessCode" status="PASSED">
            <system-out>2019-12-17 11:54:10 - [TEST_CASE][PASSED] - Test Cases/E_Wallet/TC_changePinAccessCode/TC_changePinAccessCode: Test Cases/E_Wallet/TC_changePinAccessCode/TC_changePinAccessCode&#xD;
&#xD;
2019-12-17 11:54:10 - [TEST_STEP][PASSED] - var_enciphered_pin = SecureUtils.doEncryptPinRsaEwallet(dev_public_pem_file, var_user_pin): null&#xD;
&#xD;
2019-12-17 11:54:10 - [TEST_STEP][PASSED] - var_enciphered_new_pin = SecureUtils.doEncryptPinRsaEwallet(dev_public_pem_file, var_user_new_pin): null&#xD;
&#xD;
2019-12-17 11:54:10 - [TEST_STEP][PASSED] - var_enciphered_confirm_new_pin = SecureUtils.doEncryptPinRsaEwallet(dev_public_pem_file, var_user_confirm_new_pin): null&#xD;
&#xD;
2019-12-17 11:54:10 - [TEST_STEP][PASSED] - plain = "{" + ""old_pin":"" + var_enciphered_pin + ""," + ""new_pin":"" + var_enciphered_new_pin + ""," + ""confirm_pin":"" + var_enciphered_confirm_new_pin + ""}": null&#xD;
&#xD;
2019-12-17 11:54:10 - [TEST_STEP][PASSED] - out.println(plain): null&#xD;
&#xD;
2019-12-17 11:54:10 - [TEST_STEP][PASSED] - encipheredData = SecureUtils.encryptAesEwallet(plain, var_aes_key): null&#xD;
&#xD;
2019-12-17 11:54:10 - [TEST_STEP][PASSED] - body = "{"organisation_id":"" + var_organisation_id + "","data":"" + encipheredData + "","lang":"" + var_lang + ""}": null&#xD;
&#xD;
2019-12-17 11:54:10 - [TEST_STEP][PASSED] - out.println(body): null&#xD;
&#xD;
2019-12-17 11:54:10 - [TEST_STEP][PASSED] - request = findTestObject("E_Wallet/obj_changePinAccessCode"): null&#xD;
&#xD;
2019-12-17 11:54:10 - [TEST_STEP][PASSED] - request.setBodyContent(new com.kms.katalon.core.testobject.impl.HttpTextBodyContent(body, UTF-8, application/json)): null&#xD;
&#xD;
2019-12-17 11:54:10 - [TEST_STEP][PASSED] - println(hostname): null&#xD;
&#xD;
2019-12-17 11:54:10 - [TEST_STEP][PASSED] - println(request.getRestUrl()): null&#xD;
&#xD;
2019-12-17 11:54:10 - [TEST_STEP][PASSED] - response = sendRequest(request): Send request successfully&#xD;
&#xD;
2019-12-17 11:54:10 - [MESSAGE][INFO] - HAR: D:\katalon-ewallet\Reports\E_Wallet\TS_changePinAccessCode\TS_changePinAccessCode\20191217_115402\requests\main\13.har&#xD;
&#xD;
2019-12-17 11:54:10 - [MESSAGE][PASSED] - Send request successfully&#xD;
&#xD;
2019-12-17 11:54:10 - [TEST_STEP][PASSED] - body_content = responseBodyContent: null&#xD;
&#xD;
2019-12-17 11:54:10 - [TEST_STEP][PASSED] - status_code = statusCode: null&#xD;
&#xD;
2019-12-17 11:54:10 - [TEST_STEP][PASSED] - respDataMap = JsonSlurper().parseText(body_content): null&#xD;
&#xD;
2019-12-17 11:54:10 - [TEST_STEP][PASSED] - out.println(respDataMap): null&#xD;
&#xD;
2019-12-17 11:54:10 - [TEST_STEP][PASSED] - rc_ref = ReturnCodeWrapper(var_expected_rc).getEnumRC(): null&#xD;
&#xD;
2019-12-17 11:54:10 - [TEST_STEP][PASSED] - out.println(var_expected_rc): null&#xD;
&#xD;
2019-12-17 11:54:10 - [TEST_STEP][PASSED] - out.println(rc_ref.getRCName()): null&#xD;
&#xD;
2019-12-17 11:54:10 - [TEST_STEP][PASSED] - out.println(rc_ref.getHttpResponse()): null&#xD;
&#xD;
2019-12-17 11:54:10 - [TEST_STEP][PASSED] - rcIsTrue = verifyEqual(response_code, rc_ref.getRCName()): Actual object 'RC01' and expected object 'RC01' are equal&#xD;
&#xD;
2019-12-17 11:54:10 - [MESSAGE][PASSED] - Actual object 'RC01' and expected object 'RC01' are equal&#xD;
&#xD;
2019-12-17 11:54:10 - [TEST_STEP][PASSED] - httpRespIsTrue = verifyEqual(statusCode, rc_ref.getHttpResponse()): Actual object '400' and expected object '400' are equal&#xD;
&#xD;
2019-12-17 11:54:10 - [MESSAGE][PASSED] - Actual object '400' and expected object '400' are equal&#xD;
&#xD;
2019-12-17 11:54:10 - [TEST_STEP][PASSED] - if (rc_ref.getRCName() == RC00): null</system-out>
            <system-err></system-err>
        </testcase>
        <testcase name="Test Cases/E_Wallet/TC_changePinAccessCode/TC_changePinAccessCode" classname="Test Cases/E_Wallet/TC_changePinAccessCode/TC_changePinAccessCode" status="PASSED">
            <system-out>2019-12-17 11:54:10 - [TEST_CASE][PASSED] - Test Cases/E_Wallet/TC_changePinAccessCode/TC_changePinAccessCode: Test Cases/E_Wallet/TC_changePinAccessCode/TC_changePinAccessCode&#xD;
&#xD;
2019-12-17 11:54:10 - [TEST_STEP][PASSED] - var_enciphered_pin = SecureUtils.doEncryptPinRsaEwallet(dev_public_pem_file, var_user_pin): null&#xD;
&#xD;
2019-12-17 11:54:10 - [TEST_STEP][PASSED] - var_enciphered_new_pin = SecureUtils.doEncryptPinRsaEwallet(dev_public_pem_file, var_user_new_pin): null&#xD;
&#xD;
2019-12-17 11:54:10 - [TEST_STEP][PASSED] - var_enciphered_confirm_new_pin = SecureUtils.doEncryptPinRsaEwallet(dev_public_pem_file, var_user_confirm_new_pin): null&#xD;
&#xD;
2019-12-17 11:54:10 - [TEST_STEP][PASSED] - plain = "{" + ""old_pin":"" + var_enciphered_pin + ""," + ""new_pin":"" + var_enciphered_new_pin + ""," + ""confirm_pin":"" + var_enciphered_confirm_new_pin + ""}": null&#xD;
&#xD;
2019-12-17 11:54:10 - [TEST_STEP][PASSED] - out.println(plain): null&#xD;
&#xD;
2019-12-17 11:54:10 - [TEST_STEP][PASSED] - encipheredData = SecureUtils.encryptAesEwallet(plain, var_aes_key): null&#xD;
&#xD;
2019-12-17 11:54:10 - [TEST_STEP][PASSED] - body = "{"organisation_id":"" + var_organisation_id + "","data":"" + encipheredData + "","lang":"" + var_lang + ""}": null&#xD;
&#xD;
2019-12-17 11:54:10 - [TEST_STEP][PASSED] - out.println(body): null&#xD;
&#xD;
2019-12-17 11:54:10 - [TEST_STEP][PASSED] - request = findTestObject("E_Wallet/obj_changePinAccessCode"): null&#xD;
&#xD;
2019-12-17 11:54:10 - [TEST_STEP][PASSED] - request.setBodyContent(new com.kms.katalon.core.testobject.impl.HttpTextBodyContent(body, UTF-8, application/json)): null&#xD;
&#xD;
2019-12-17 11:54:10 - [TEST_STEP][PASSED] - println(hostname): null&#xD;
&#xD;
2019-12-17 11:54:10 - [TEST_STEP][PASSED] - println(request.getRestUrl()): null&#xD;
&#xD;
2019-12-17 11:54:10 - [TEST_STEP][PASSED] - response = sendRequest(request): Send request successfully&#xD;
&#xD;
2019-12-17 11:54:10 - [MESSAGE][INFO] - HAR: D:\katalon-ewallet\Reports\E_Wallet\TS_changePinAccessCode\TS_changePinAccessCode\20191217_115402\requests\main\14.har&#xD;
&#xD;
2019-12-17 11:54:10 - [MESSAGE][PASSED] - Send request successfully&#xD;
&#xD;
2019-12-17 11:54:10 - [TEST_STEP][PASSED] - body_content = responseBodyContent: null&#xD;
&#xD;
2019-12-17 11:54:10 - [TEST_STEP][PASSED] - status_code = statusCode: null&#xD;
&#xD;
2019-12-17 11:54:10 - [TEST_STEP][PASSED] - respDataMap = JsonSlurper().parseText(body_content): null&#xD;
&#xD;
2019-12-17 11:54:10 - [TEST_STEP][PASSED] - out.println(respDataMap): null&#xD;
&#xD;
2019-12-17 11:54:10 - [TEST_STEP][PASSED] - rc_ref = ReturnCodeWrapper(var_expected_rc).getEnumRC(): null&#xD;
&#xD;
2019-12-17 11:54:10 - [TEST_STEP][PASSED] - out.println(var_expected_rc): null&#xD;
&#xD;
2019-12-17 11:54:10 - [TEST_STEP][PASSED] - out.println(rc_ref.getRCName()): null&#xD;
&#xD;
2019-12-17 11:54:10 - [TEST_STEP][PASSED] - out.println(rc_ref.getHttpResponse()): null&#xD;
&#xD;
2019-12-17 11:54:10 - [TEST_STEP][PASSED] - rcIsTrue = verifyEqual(response_code, rc_ref.getRCName()): Actual object 'RC01' and expected object 'RC01' are equal&#xD;
&#xD;
2019-12-17 11:54:10 - [MESSAGE][PASSED] - Actual object 'RC01' and expected object 'RC01' are equal&#xD;
&#xD;
2019-12-17 11:54:10 - [TEST_STEP][PASSED] - httpRespIsTrue = verifyEqual(statusCode, rc_ref.getHttpResponse()): Actual object '400' and expected object '400' are equal&#xD;
&#xD;
2019-12-17 11:54:10 - [MESSAGE][PASSED] - Actual object '400' and expected object '400' are equal&#xD;
&#xD;
2019-12-17 11:54:10 - [TEST_STEP][PASSED] - if (rc_ref.getRCName() == RC00): null</system-out>
            <system-err></system-err>
        </testcase>
        <testcase name="Test Cases/E_Wallet/TC_changePinAccessCode/TC_changePinAccessCode" classname="Test Cases/E_Wallet/TC_changePinAccessCode/TC_changePinAccessCode" status="PASSED">
            <system-out>2019-12-17 11:54:10 - [TEST_CASE][PASSED] - Test Cases/E_Wallet/TC_changePinAccessCode/TC_changePinAccessCode: Test Cases/E_Wallet/TC_changePinAccessCode/TC_changePinAccessCode&#xD;
&#xD;
2019-12-17 11:54:10 - [TEST_STEP][PASSED] - var_enciphered_pin = SecureUtils.doEncryptPinRsaEwallet(dev_public_pem_file, var_user_pin): null&#xD;
&#xD;
2019-12-17 11:54:10 - [TEST_STEP][PASSED] - var_enciphered_new_pin = SecureUtils.doEncryptPinRsaEwallet(dev_public_pem_file, var_user_new_pin): null&#xD;
&#xD;
2019-12-17 11:54:10 - [TEST_STEP][PASSED] - var_enciphered_confirm_new_pin = SecureUtils.doEncryptPinRsaEwallet(dev_public_pem_file, var_user_confirm_new_pin): null&#xD;
&#xD;
2019-12-17 11:54:10 - [TEST_STEP][PASSED] - plain = "{" + ""old_pin":"" + var_enciphered_pin + ""," + ""new_pin":"" + var_enciphered_new_pin + ""," + ""confirm_pin":"" + var_enciphered_confirm_new_pin + ""}": null&#xD;
&#xD;
2019-12-17 11:54:10 - [TEST_STEP][PASSED] - out.println(plain): null&#xD;
&#xD;
2019-12-17 11:54:10 - [TEST_STEP][PASSED] - encipheredData = SecureUtils.encryptAesEwallet(plain, var_aes_key): null&#xD;
&#xD;
2019-12-17 11:54:10 - [TEST_STEP][PASSED] - body = "{"organisation_id":"" + var_organisation_id + "","data":"" + encipheredData + "","lang":"" + var_lang + ""}": null&#xD;
&#xD;
2019-12-17 11:54:10 - [TEST_STEP][PASSED] - out.println(body): null&#xD;
&#xD;
2019-12-17 11:54:10 - [TEST_STEP][PASSED] - request = findTestObject("E_Wallet/obj_changePinAccessCode"): null&#xD;
&#xD;
2019-12-17 11:54:10 - [TEST_STEP][PASSED] - request.setBodyContent(new com.kms.katalon.core.testobject.impl.HttpTextBodyContent(body, UTF-8, application/json)): null&#xD;
&#xD;
2019-12-17 11:54:10 - [TEST_STEP][PASSED] - println(hostname): null&#xD;
&#xD;
2019-12-17 11:54:10 - [TEST_STEP][PASSED] - println(request.getRestUrl()): null&#xD;
&#xD;
2019-12-17 11:54:10 - [TEST_STEP][PASSED] - response = sendRequest(request): Send request successfully&#xD;
&#xD;
2019-12-17 11:54:10 - [MESSAGE][INFO] - HAR: D:\katalon-ewallet\Reports\E_Wallet\TS_changePinAccessCode\TS_changePinAccessCode\20191217_115402\requests\main\15.har&#xD;
&#xD;
2019-12-17 11:54:10 - [MESSAGE][PASSED] - Send request successfully&#xD;
&#xD;
2019-12-17 11:54:10 - [TEST_STEP][PASSED] - body_content = responseBodyContent: null&#xD;
&#xD;
2019-12-17 11:54:10 - [TEST_STEP][PASSED] - status_code = statusCode: null&#xD;
&#xD;
2019-12-17 11:54:10 - [TEST_STEP][PASSED] - respDataMap = JsonSlurper().parseText(body_content): null&#xD;
&#xD;
2019-12-17 11:54:10 - [TEST_STEP][PASSED] - out.println(respDataMap): null&#xD;
&#xD;
2019-12-17 11:54:10 - [TEST_STEP][PASSED] - rc_ref = ReturnCodeWrapper(var_expected_rc).getEnumRC(): null&#xD;
&#xD;
2019-12-17 11:54:10 - [TEST_STEP][PASSED] - out.println(var_expected_rc): null&#xD;
&#xD;
2019-12-17 11:54:10 - [TEST_STEP][PASSED] - out.println(rc_ref.getRCName()): null&#xD;
&#xD;
2019-12-17 11:54:10 - [TEST_STEP][PASSED] - out.println(rc_ref.getHttpResponse()): null&#xD;
&#xD;
2019-12-17 11:54:10 - [TEST_STEP][PASSED] - rcIsTrue = verifyEqual(response_code, rc_ref.getRCName()): Actual object 'RC01' and expected object 'RC01' are equal&#xD;
&#xD;
2019-12-17 11:54:10 - [MESSAGE][PASSED] - Actual object 'RC01' and expected object 'RC01' are equal&#xD;
&#xD;
2019-12-17 11:54:10 - [TEST_STEP][PASSED] - httpRespIsTrue = verifyEqual(statusCode, rc_ref.getHttpResponse()): Actual object '400' and expected object '400' are equal&#xD;
&#xD;
2019-12-17 11:54:10 - [MESSAGE][PASSED] - Actual object '400' and expected object '400' are equal&#xD;
&#xD;
2019-12-17 11:54:10 - [TEST_STEP][PASSED] - if (rc_ref.getRCName() == RC00): null</system-out>
            <system-err></system-err>
        </testcase>
        <testcase name="Test Cases/E_Wallet/TC_changePinAccessCode/TC_changePinAccessCode" classname="Test Cases/E_Wallet/TC_changePinAccessCode/TC_changePinAccessCode" status="PASSED">
            <system-out>2019-12-17 11:54:10 - [TEST_CASE][PASSED] - Test Cases/E_Wallet/TC_changePinAccessCode/TC_changePinAccessCode: Test Cases/E_Wallet/TC_changePinAccessCode/TC_changePinAccessCode&#xD;
&#xD;
2019-12-17 11:54:10 - [TEST_STEP][PASSED] - var_enciphered_pin = SecureUtils.doEncryptPinRsaEwallet(dev_public_pem_file, var_user_pin): null&#xD;
&#xD;
2019-12-17 11:54:10 - [TEST_STEP][PASSED] - var_enciphered_new_pin = SecureUtils.doEncryptPinRsaEwallet(dev_public_pem_file, var_user_new_pin): null&#xD;
&#xD;
2019-12-17 11:54:10 - [TEST_STEP][PASSED] - var_enciphered_confirm_new_pin = SecureUtils.doEncryptPinRsaEwallet(dev_public_pem_file, var_user_confirm_new_pin): null&#xD;
&#xD;
2019-12-17 11:54:10 - [TEST_STEP][PASSED] - plain = "{" + ""old_pin":"" + var_enciphered_pin + ""," + ""new_pin":"" + var_enciphered_new_pin + ""," + ""confirm_pin":"" + var_enciphered_confirm_new_pin + ""}": null&#xD;
&#xD;
2019-12-17 11:54:10 - [TEST_STEP][PASSED] - out.println(plain): null&#xD;
&#xD;
2019-12-17 11:54:10 - [TEST_STEP][PASSED] - encipheredData = SecureUtils.encryptAesEwallet(plain, var_aes_key): null&#xD;
&#xD;
2019-12-17 11:54:10 - [TEST_STEP][PASSED] - body = "{"organisation_id":"" + var_organisation_id + "","data":"" + encipheredData + "","lang":"" + var_lang + ""}": null&#xD;
&#xD;
2019-12-17 11:54:10 - [TEST_STEP][PASSED] - out.println(body): null&#xD;
&#xD;
2019-12-17 11:54:10 - [TEST_STEP][PASSED] - request = findTestObject("E_Wallet/obj_changePinAccessCode"): null&#xD;
&#xD;
2019-12-17 11:54:10 - [TEST_STEP][PASSED] - request.setBodyContent(new com.kms.katalon.core.testobject.impl.HttpTextBodyContent(body, UTF-8, application/json)): null&#xD;
&#xD;
2019-12-17 11:54:10 - [TEST_STEP][PASSED] - println(hostname): null&#xD;
&#xD;
2019-12-17 11:54:10 - [TEST_STEP][PASSED] - println(request.getRestUrl()): null&#xD;
&#xD;
2019-12-17 11:54:10 - [TEST_STEP][PASSED] - response = sendRequest(request): Send request successfully&#xD;
&#xD;
2019-12-17 11:54:10 - [MESSAGE][INFO] - HAR: D:\katalon-ewallet\Reports\E_Wallet\TS_changePinAccessCode\TS_changePinAccessCode\20191217_115402\requests\main\16.har&#xD;
&#xD;
2019-12-17 11:54:10 - [MESSAGE][PASSED] - Send request successfully&#xD;
&#xD;
2019-12-17 11:54:10 - [TEST_STEP][PASSED] - body_content = responseBodyContent: null&#xD;
&#xD;
2019-12-17 11:54:10 - [TEST_STEP][PASSED] - status_code = statusCode: null&#xD;
&#xD;
2019-12-17 11:54:10 - [TEST_STEP][PASSED] - respDataMap = JsonSlurper().parseText(body_content): null&#xD;
&#xD;
2019-12-17 11:54:10 - [TEST_STEP][PASSED] - out.println(respDataMap): null&#xD;
&#xD;
2019-12-17 11:54:10 - [TEST_STEP][PASSED] - rc_ref = ReturnCodeWrapper(var_expected_rc).getEnumRC(): null&#xD;
&#xD;
2019-12-17 11:54:10 - [TEST_STEP][PASSED] - out.println(var_expected_rc): null&#xD;
&#xD;
2019-12-17 11:54:10 - [TEST_STEP][PASSED] - out.println(rc_ref.getRCName()): null&#xD;
&#xD;
2019-12-17 11:54:10 - [TEST_STEP][PASSED] - out.println(rc_ref.getHttpResponse()): null&#xD;
&#xD;
2019-12-17 11:54:10 - [TEST_STEP][PASSED] - rcIsTrue = verifyEqual(response_code, rc_ref.getRCName()): Actual object 'RC01' and expected object 'RC01' are equal&#xD;
&#xD;
2019-12-17 11:54:10 - [MESSAGE][PASSED] - Actual object 'RC01' and expected object 'RC01' are equal&#xD;
&#xD;
2019-12-17 11:54:10 - [TEST_STEP][PASSED] - httpRespIsTrue = verifyEqual(statusCode, rc_ref.getHttpResponse()): Actual object '400' and expected object '400' are equal&#xD;
&#xD;
2019-12-17 11:54:10 - [MESSAGE][PASSED] - Actual object '400' and expected object '400' are equal&#xD;
&#xD;
2019-12-17 11:54:10 - [TEST_STEP][PASSED] - if (rc_ref.getRCName() == RC00): null</system-out>
            <system-err></system-err>
        </testcase>
        <testcase name="Test Cases/E_Wallet/TC_changePinAccessCode/TC_changePinAccessCode" classname="Test Cases/E_Wallet/TC_changePinAccessCode/TC_changePinAccessCode" status="PASSED">
            <system-out>2019-12-17 11:54:10 - [TEST_CASE][PASSED] - Test Cases/E_Wallet/TC_changePinAccessCode/TC_changePinAccessCode: Test Cases/E_Wallet/TC_changePinAccessCode/TC_changePinAccessCode&#xD;
&#xD;
2019-12-17 11:54:10 - [TEST_STEP][PASSED] - var_enciphered_pin = SecureUtils.doEncryptPinRsaEwallet(dev_public_pem_file, var_user_pin): null&#xD;
&#xD;
2019-12-17 11:54:10 - [TEST_STEP][PASSED] - var_enciphered_new_pin = SecureUtils.doEncryptPinRsaEwallet(dev_public_pem_file, var_user_new_pin): null&#xD;
&#xD;
2019-12-17 11:54:10 - [TEST_STEP][PASSED] - var_enciphered_confirm_new_pin = SecureUtils.doEncryptPinRsaEwallet(dev_public_pem_file, var_user_confirm_new_pin): null&#xD;
&#xD;
2019-12-17 11:54:10 - [TEST_STEP][PASSED] - plain = "{" + ""old_pin":"" + var_enciphered_pin + ""," + ""new_pin":"" + var_enciphered_new_pin + ""," + ""confirm_pin":"" + var_enciphered_confirm_new_pin + ""}": null&#xD;
&#xD;
2019-12-17 11:54:10 - [TEST_STEP][PASSED] - out.println(plain): null&#xD;
&#xD;
2019-12-17 11:54:10 - [TEST_STEP][PASSED] - encipheredData = SecureUtils.encryptAesEwallet(plain, var_aes_key): null&#xD;
&#xD;
2019-12-17 11:54:10 - [TEST_STEP][PASSED] - body = "{"organisation_id":"" + var_organisation_id + "","data":"" + encipheredData + "","lang":"" + var_lang + ""}": null&#xD;
&#xD;
2019-12-17 11:54:10 - [TEST_STEP][PASSED] - out.println(body): null&#xD;
&#xD;
2019-12-17 11:54:10 - [TEST_STEP][PASSED] - request = findTestObject("E_Wallet/obj_changePinAccessCode"): null&#xD;
&#xD;
2019-12-17 11:54:10 - [TEST_STEP][PASSED] - request.setBodyContent(new com.kms.katalon.core.testobject.impl.HttpTextBodyContent(body, UTF-8, application/json)): null&#xD;
&#xD;
2019-12-17 11:54:10 - [TEST_STEP][PASSED] - println(hostname): null&#xD;
&#xD;
2019-12-17 11:54:10 - [TEST_STEP][PASSED] - println(request.getRestUrl()): null&#xD;
&#xD;
2019-12-17 11:54:10 - [TEST_STEP][PASSED] - response = sendRequest(request): Send request successfully&#xD;
&#xD;
2019-12-17 11:54:11 - [MESSAGE][INFO] - HAR: D:\katalon-ewallet\Reports\E_Wallet\TS_changePinAccessCode\TS_changePinAccessCode\20191217_115402\requests\main\17.har&#xD;
&#xD;
2019-12-17 11:54:11 - [MESSAGE][PASSED] - Send request successfully&#xD;
&#xD;
2019-12-17 11:54:11 - [TEST_STEP][PASSED] - body_content = responseBodyContent: null&#xD;
&#xD;
2019-12-17 11:54:11 - [TEST_STEP][PASSED] - status_code = statusCode: null&#xD;
&#xD;
2019-12-17 11:54:11 - [TEST_STEP][PASSED] - respDataMap = JsonSlurper().parseText(body_content): null&#xD;
&#xD;
2019-12-17 11:54:11 - [TEST_STEP][PASSED] - out.println(respDataMap): null&#xD;
&#xD;
2019-12-17 11:54:11 - [TEST_STEP][PASSED] - rc_ref = ReturnCodeWrapper(var_expected_rc).getEnumRC(): null&#xD;
&#xD;
2019-12-17 11:54:11 - [TEST_STEP][PASSED] - out.println(var_expected_rc): null&#xD;
&#xD;
2019-12-17 11:54:11 - [TEST_STEP][PASSED] - out.println(rc_ref.getRCName()): null&#xD;
&#xD;
2019-12-17 11:54:11 - [TEST_STEP][PASSED] - out.println(rc_ref.getHttpResponse()): null&#xD;
&#xD;
2019-12-17 11:54:11 - [TEST_STEP][PASSED] - rcIsTrue = verifyEqual(response_code, rc_ref.getRCName()): Actual object 'RC01' and expected object 'RC01' are equal&#xD;
&#xD;
2019-12-17 11:54:11 - [MESSAGE][PASSED] - Actual object 'RC01' and expected object 'RC01' are equal&#xD;
&#xD;
2019-12-17 11:54:11 - [TEST_STEP][PASSED] - httpRespIsTrue = verifyEqual(statusCode, rc_ref.getHttpResponse()): Actual object '400' and expected object '400' are equal&#xD;
&#xD;
2019-12-17 11:54:11 - [MESSAGE][PASSED] - Actual object '400' and expected object '400' are equal&#xD;
&#xD;
2019-12-17 11:54:11 - [TEST_STEP][PASSED] - if (rc_ref.getRCName() == RC00): null</system-out>
            <system-err></system-err>
        </testcase>
        <testcase name="Test Cases/E_Wallet/TC_changePinAccessCode/TC_changePinAccessCode" classname="Test Cases/E_Wallet/TC_changePinAccessCode/TC_changePinAccessCode" status="PASSED">
            <system-out>2019-12-17 11:54:11 - [TEST_CASE][PASSED] - Test Cases/E_Wallet/TC_changePinAccessCode/TC_changePinAccessCode: Test Cases/E_Wallet/TC_changePinAccessCode/TC_changePinAccessCode&#xD;
&#xD;
2019-12-17 11:54:11 - [TEST_STEP][PASSED] - var_enciphered_pin = SecureUtils.doEncryptPinRsaEwallet(dev_public_pem_file, var_user_pin): null&#xD;
&#xD;
2019-12-17 11:54:11 - [TEST_STEP][PASSED] - var_enciphered_new_pin = SecureUtils.doEncryptPinRsaEwallet(dev_public_pem_file, var_user_new_pin): null&#xD;
&#xD;
2019-12-17 11:54:11 - [TEST_STEP][PASSED] - var_enciphered_confirm_new_pin = SecureUtils.doEncryptPinRsaEwallet(dev_public_pem_file, var_user_confirm_new_pin): null&#xD;
&#xD;
2019-12-17 11:54:11 - [TEST_STEP][PASSED] - plain = "{" + ""old_pin":"" + var_enciphered_pin + ""," + ""new_pin":"" + var_enciphered_new_pin + ""," + ""confirm_pin":"" + var_enciphered_confirm_new_pin + ""}": null&#xD;
&#xD;
2019-12-17 11:54:11 - [TEST_STEP][PASSED] - out.println(plain): null&#xD;
&#xD;
2019-12-17 11:54:11 - [TEST_STEP][PASSED] - encipheredData = SecureUtils.encryptAesEwallet(plain, var_aes_key): null&#xD;
&#xD;
2019-12-17 11:54:11 - [TEST_STEP][PASSED] - body = "{"organisation_id":"" + var_organisation_id + "","data":"" + encipheredData + "","lang":"" + var_lang + ""}": null&#xD;
&#xD;
2019-12-17 11:54:11 - [TEST_STEP][PASSED] - out.println(body): null&#xD;
&#xD;
2019-12-17 11:54:11 - [TEST_STEP][PASSED] - request = findTestObject("E_Wallet/obj_changePinAccessCode"): null&#xD;
&#xD;
2019-12-17 11:54:11 - [TEST_STEP][PASSED] - request.setBodyContent(new com.kms.katalon.core.testobject.impl.HttpTextBodyContent(body, UTF-8, application/json)): null&#xD;
&#xD;
2019-12-17 11:54:11 - [TEST_STEP][PASSED] - println(hostname): null&#xD;
&#xD;
2019-12-17 11:54:11 - [TEST_STEP][PASSED] - println(request.getRestUrl()): null&#xD;
&#xD;
2019-12-17 11:54:11 - [TEST_STEP][PASSED] - response = sendRequest(request): Send request successfully&#xD;
&#xD;
2019-12-17 11:54:11 - [MESSAGE][INFO] - HAR: D:\katalon-ewallet\Reports\E_Wallet\TS_changePinAccessCode\TS_changePinAccessCode\20191217_115402\requests\main\18.har&#xD;
&#xD;
2019-12-17 11:54:11 - [MESSAGE][PASSED] - Send request successfully&#xD;
&#xD;
2019-12-17 11:54:11 - [TEST_STEP][PASSED] - body_content = responseBodyContent: null&#xD;
&#xD;
2019-12-17 11:54:11 - [TEST_STEP][PASSED] - status_code = statusCode: null&#xD;
&#xD;
2019-12-17 11:54:11 - [TEST_STEP][PASSED] - respDataMap = JsonSlurper().parseText(body_content): null&#xD;
&#xD;
2019-12-17 11:54:11 - [TEST_STEP][PASSED] - out.println(respDataMap): null&#xD;
&#xD;
2019-12-17 11:54:11 - [TEST_STEP][PASSED] - rc_ref = ReturnCodeWrapper(var_expected_rc).getEnumRC(): null&#xD;
&#xD;
2019-12-17 11:54:11 - [TEST_STEP][PASSED] - out.println(var_expected_rc): null&#xD;
&#xD;
2019-12-17 11:54:11 - [TEST_STEP][PASSED] - out.println(rc_ref.getRCName()): null&#xD;
&#xD;
2019-12-17 11:54:11 - [TEST_STEP][PASSED] - out.println(rc_ref.getHttpResponse()): null&#xD;
&#xD;
2019-12-17 11:54:11 - [TEST_STEP][PASSED] - rcIsTrue = verifyEqual(response_code, rc_ref.getRCName()): Actual object 'RC01' and expected object 'RC01' are equal&#xD;
&#xD;
2019-12-17 11:54:11 - [MESSAGE][PASSED] - Actual object 'RC01' and expected object 'RC01' are equal&#xD;
&#xD;
2019-12-17 11:54:11 - [TEST_STEP][PASSED] - httpRespIsTrue = verifyEqual(statusCode, rc_ref.getHttpResponse()): Actual object '400' and expected object '400' are equal&#xD;
&#xD;
2019-12-17 11:54:11 - [MESSAGE][PASSED] - Actual object '400' and expected object '400' are equal&#xD;
&#xD;
2019-12-17 11:54:11 - [TEST_STEP][PASSED] - if (rc_ref.getRCName() == RC00): null</system-out>
            <system-err></system-err>
        </testcase>
        <testcase name="Test Cases/E_Wallet/TC_changePinAccessCode/TC_changePinAccessCode" classname="Test Cases/E_Wallet/TC_changePinAccessCode/TC_changePinAccessCode" status="PASSED">
            <system-out>2019-12-17 11:54:11 - [TEST_CASE][PASSED] - Test Cases/E_Wallet/TC_changePinAccessCode/TC_changePinAccessCode: Test Cases/E_Wallet/TC_changePinAccessCode/TC_changePinAccessCode&#xD;
&#xD;
2019-12-17 11:54:11 - [TEST_STEP][PASSED] - var_enciphered_pin = SecureUtils.doEncryptPinRsaEwallet(dev_public_pem_file, var_user_pin): null&#xD;
&#xD;
2019-12-17 11:54:11 - [TEST_STEP][PASSED] - var_enciphered_new_pin = SecureUtils.doEncryptPinRsaEwallet(dev_public_pem_file, var_user_new_pin): null&#xD;
&#xD;
2019-12-17 11:54:11 - [TEST_STEP][PASSED] - var_enciphered_confirm_new_pin = SecureUtils.doEncryptPinRsaEwallet(dev_public_pem_file, var_user_confirm_new_pin): null&#xD;
&#xD;
2019-12-17 11:54:11 - [TEST_STEP][PASSED] - plain = "{" + ""old_pin":"" + var_enciphered_pin + ""," + ""new_pin":"" + var_enciphered_new_pin + ""," + ""confirm_pin":"" + var_enciphered_confirm_new_pin + ""}": null&#xD;
&#xD;
2019-12-17 11:54:11 - [TEST_STEP][PASSED] - out.println(plain): null&#xD;
&#xD;
2019-12-17 11:54:11 - [TEST_STEP][PASSED] - encipheredData = SecureUtils.encryptAesEwallet(plain, var_aes_key): null&#xD;
&#xD;
2019-12-17 11:54:11 - [TEST_STEP][PASSED] - body = "{"organisation_id":"" + var_organisation_id + "","data":"" + encipheredData + "","lang":"" + var_lang + ""}": null&#xD;
&#xD;
2019-12-17 11:54:11 - [TEST_STEP][PASSED] - out.println(body): null&#xD;
&#xD;
2019-12-17 11:54:11 - [TEST_STEP][PASSED] - request = findTestObject("E_Wallet/obj_changePinAccessCode"): null&#xD;
&#xD;
2019-12-17 11:54:11 - [TEST_STEP][PASSED] - request.setBodyContent(new com.kms.katalon.core.testobject.impl.HttpTextBodyContent(body, UTF-8, application/json)): null&#xD;
&#xD;
2019-12-17 11:54:11 - [TEST_STEP][PASSED] - println(hostname): null&#xD;
&#xD;
2019-12-17 11:54:11 - [TEST_STEP][PASSED] - println(request.getRestUrl()): null&#xD;
&#xD;
2019-12-17 11:54:11 - [TEST_STEP][PASSED] - response = sendRequest(request): Send request successfully&#xD;
&#xD;
2019-12-17 11:54:11 - [MESSAGE][INFO] - HAR: D:\katalon-ewallet\Reports\E_Wallet\TS_changePinAccessCode\TS_changePinAccessCode\20191217_115402\requests\main\19.har&#xD;
&#xD;
2019-12-17 11:54:11 - [MESSAGE][PASSED] - Send request successfully&#xD;
&#xD;
2019-12-17 11:54:11 - [TEST_STEP][PASSED] - body_content = responseBodyContent: null&#xD;
&#xD;
2019-12-17 11:54:11 - [TEST_STEP][PASSED] - status_code = statusCode: null&#xD;
&#xD;
2019-12-17 11:54:11 - [TEST_STEP][PASSED] - respDataMap = JsonSlurper().parseText(body_content): null&#xD;
&#xD;
2019-12-17 11:54:11 - [TEST_STEP][PASSED] - out.println(respDataMap): null&#xD;
&#xD;
2019-12-17 11:54:11 - [TEST_STEP][PASSED] - rc_ref = ReturnCodeWrapper(var_expected_rc).getEnumRC(): null&#xD;
&#xD;
2019-12-17 11:54:11 - [TEST_STEP][PASSED] - out.println(var_expected_rc): null&#xD;
&#xD;
2019-12-17 11:54:11 - [TEST_STEP][PASSED] - out.println(rc_ref.getRCName()): null&#xD;
&#xD;
2019-12-17 11:54:11 - [TEST_STEP][PASSED] - out.println(rc_ref.getHttpResponse()): null&#xD;
&#xD;
2019-12-17 11:54:11 - [TEST_STEP][PASSED] - rcIsTrue = verifyEqual(response_code, rc_ref.getRCName()): Actual object 'RC01' and expected object 'RC01' are equal&#xD;
&#xD;
2019-12-17 11:54:11 - [MESSAGE][PASSED] - Actual object 'RC01' and expected object 'RC01' are equal&#xD;
&#xD;
2019-12-17 11:54:11 - [TEST_STEP][PASSED] - httpRespIsTrue = verifyEqual(statusCode, rc_ref.getHttpResponse()): Actual object '400' and expected object '400' are equal&#xD;
&#xD;
2019-12-17 11:54:11 - [MESSAGE][PASSED] - Actual object '400' and expected object '400' are equal&#xD;
&#xD;
2019-12-17 11:54:11 - [TEST_STEP][PASSED] - if (rc_ref.getRCName() == RC00): null</system-out>
            <system-err></system-err>
        </testcase>
        <testcase name="Test Cases/E_Wallet/TC_changePinAccessCode/TC_changePinAccessCode" classname="Test Cases/E_Wallet/TC_changePinAccessCode/TC_changePinAccessCode" status="PASSED">
            <system-out>2019-12-17 11:54:11 - [TEST_CASE][PASSED] - Test Cases/E_Wallet/TC_changePinAccessCode/TC_changePinAccessCode: Test Cases/E_Wallet/TC_changePinAccessCode/TC_changePinAccessCode&#xD;
&#xD;
2019-12-17 11:54:11 - [TEST_STEP][PASSED] - var_enciphered_pin = SecureUtils.doEncryptPinRsaEwallet(dev_public_pem_file, var_user_pin): null&#xD;
&#xD;
2019-12-17 11:54:11 - [TEST_STEP][PASSED] - var_enciphered_new_pin = SecureUtils.doEncryptPinRsaEwallet(dev_public_pem_file, var_user_new_pin): null&#xD;
&#xD;
2019-12-17 11:54:11 - [TEST_STEP][PASSED] - var_enciphered_confirm_new_pin = SecureUtils.doEncryptPinRsaEwallet(dev_public_pem_file, var_user_confirm_new_pin): null&#xD;
&#xD;
2019-12-17 11:54:11 - [TEST_STEP][PASSED] - plain = "{" + ""old_pin":"" + var_enciphered_pin + ""," + ""new_pin":"" + var_enciphered_new_pin + ""," + ""confirm_pin":"" + var_enciphered_confirm_new_pin + ""}": null&#xD;
&#xD;
2019-12-17 11:54:11 - [TEST_STEP][PASSED] - out.println(plain): null&#xD;
&#xD;
2019-12-17 11:54:11 - [TEST_STEP][PASSED] - encipheredData = SecureUtils.encryptAesEwallet(plain, var_aes_key): null&#xD;
&#xD;
2019-12-17 11:54:11 - [TEST_STEP][PASSED] - body = "{"organisation_id":"" + var_organisation_id + "","data":"" + encipheredData + "","lang":"" + var_lang + ""}": null&#xD;
&#xD;
2019-12-17 11:54:11 - [TEST_STEP][PASSED] - out.println(body): null&#xD;
&#xD;
2019-12-17 11:54:11 - [TEST_STEP][PASSED] - request = findTestObject("E_Wallet/obj_changePinAccessCode"): null&#xD;
&#xD;
2019-12-17 11:54:11 - [TEST_STEP][PASSED] - request.setBodyContent(new com.kms.katalon.core.testobject.impl.HttpTextBodyContent(body, UTF-8, application/json)): null&#xD;
&#xD;
2019-12-17 11:54:11 - [TEST_STEP][PASSED] - println(hostname): null&#xD;
&#xD;
2019-12-17 11:54:11 - [TEST_STEP][PASSED] - println(request.getRestUrl()): null&#xD;
&#xD;
2019-12-17 11:54:11 - [TEST_STEP][PASSED] - response = sendRequest(request): Send request successfully&#xD;
&#xD;
2019-12-17 11:54:11 - [MESSAGE][INFO] - HAR: D:\katalon-ewallet\Reports\E_Wallet\TS_changePinAccessCode\TS_changePinAccessCode\20191217_115402\requests\main\20.har&#xD;
&#xD;
2019-12-17 11:54:11 - [MESSAGE][PASSED] - Send request successfully&#xD;
&#xD;
2019-12-17 11:54:11 - [TEST_STEP][PASSED] - body_content = responseBodyContent: null&#xD;
&#xD;
2019-12-17 11:54:11 - [TEST_STEP][PASSED] - status_code = statusCode: null&#xD;
&#xD;
2019-12-17 11:54:11 - [TEST_STEP][PASSED] - respDataMap = JsonSlurper().parseText(body_content): null&#xD;
&#xD;
2019-12-17 11:54:11 - [TEST_STEP][PASSED] - out.println(respDataMap): null&#xD;
&#xD;
2019-12-17 11:54:11 - [TEST_STEP][PASSED] - rc_ref = ReturnCodeWrapper(var_expected_rc).getEnumRC(): null&#xD;
&#xD;
2019-12-17 11:54:11 - [TEST_STEP][PASSED] - out.println(var_expected_rc): null&#xD;
&#xD;
2019-12-17 11:54:11 - [TEST_STEP][PASSED] - out.println(rc_ref.getRCName()): null&#xD;
&#xD;
2019-12-17 11:54:11 - [TEST_STEP][PASSED] - out.println(rc_ref.getHttpResponse()): null&#xD;
&#xD;
2019-12-17 11:54:11 - [TEST_STEP][PASSED] - rcIsTrue = verifyEqual(response_code, rc_ref.getRCName()): Actual object 'RC01' and expected object 'RC01' are equal&#xD;
&#xD;
2019-12-17 11:54:11 - [MESSAGE][PASSED] - Actual object 'RC01' and expected object 'RC01' are equal&#xD;
&#xD;
2019-12-17 11:54:11 - [TEST_STEP][PASSED] - httpRespIsTrue = verifyEqual(statusCode, rc_ref.getHttpResponse()): Actual object '400' and expected object '400' are equal&#xD;
&#xD;
2019-12-17 11:54:11 - [MESSAGE][PASSED] - Actual object '400' and expected object '400' are equal&#xD;
&#xD;
2019-12-17 11:54:11 - [TEST_STEP][PASSED] - if (rc_ref.getRCName() == RC00): null</system-out>
            <system-err></system-err>
        </testcase>
        <testcase name="Test Cases/E_Wallet/TC_changePinAccessCode/TC_changePinAccessCode" classname="Test Cases/E_Wallet/TC_changePinAccessCode/TC_changePinAccessCode" status="PASSED">
            <system-out>2019-12-17 11:54:11 - [TEST_CASE][PASSED] - Test Cases/E_Wallet/TC_changePinAccessCode/TC_changePinAccessCode: Test Cases/E_Wallet/TC_changePinAccessCode/TC_changePinAccessCode&#xD;
&#xD;
2019-12-17 11:54:11 - [TEST_STEP][PASSED] - var_enciphered_pin = SecureUtils.doEncryptPinRsaEwallet(dev_public_pem_file, var_user_pin): null&#xD;
&#xD;
2019-12-17 11:54:11 - [TEST_STEP][PASSED] - var_enciphered_new_pin = SecureUtils.doEncryptPinRsaEwallet(dev_public_pem_file, var_user_new_pin): null&#xD;
&#xD;
2019-12-17 11:54:11 - [TEST_STEP][PASSED] - var_enciphered_confirm_new_pin = SecureUtils.doEncryptPinRsaEwallet(dev_public_pem_file, var_user_confirm_new_pin): null&#xD;
&#xD;
2019-12-17 11:54:11 - [TEST_STEP][PASSED] - plain = "{" + ""old_pin":"" + var_enciphered_pin + ""," + ""new_pin":"" + var_enciphered_new_pin + ""," + ""confirm_pin":"" + var_enciphered_confirm_new_pin + ""}": null&#xD;
&#xD;
2019-12-17 11:54:11 - [TEST_STEP][PASSED] - out.println(plain): null&#xD;
&#xD;
2019-12-17 11:54:11 - [TEST_STEP][PASSED] - encipheredData = SecureUtils.encryptAesEwallet(plain, var_aes_key): null&#xD;
&#xD;
2019-12-17 11:54:11 - [TEST_STEP][PASSED] - body = "{"organisation_id":"" + var_organisation_id + "","data":"" + encipheredData + "","lang":"" + var_lang + ""}": null&#xD;
&#xD;
2019-12-17 11:54:11 - [TEST_STEP][PASSED] - out.println(body): null&#xD;
&#xD;
2019-12-17 11:54:11 - [TEST_STEP][PASSED] - request = findTestObject("E_Wallet/obj_changePinAccessCode"): null&#xD;
&#xD;
2019-12-17 11:54:11 - [TEST_STEP][PASSED] - request.setBodyContent(new com.kms.katalon.core.testobject.impl.HttpTextBodyContent(body, UTF-8, application/json)): null&#xD;
&#xD;
2019-12-17 11:54:11 - [TEST_STEP][PASSED] - println(hostname): null&#xD;
&#xD;
2019-12-17 11:54:11 - [TEST_STEP][PASSED] - println(request.getRestUrl()): null&#xD;
&#xD;
2019-12-17 11:54:11 - [TEST_STEP][PASSED] - response = sendRequest(request): Send request successfully&#xD;
&#xD;
2019-12-17 11:54:11 - [MESSAGE][INFO] - HAR: D:\katalon-ewallet\Reports\E_Wallet\TS_changePinAccessCode\TS_changePinAccessCode\20191217_115402\requests\main\21.har&#xD;
&#xD;
2019-12-17 11:54:11 - [MESSAGE][PASSED] - Send request successfully&#xD;
&#xD;
2019-12-17 11:54:11 - [TEST_STEP][PASSED] - body_content = responseBodyContent: null&#xD;
&#xD;
2019-12-17 11:54:11 - [TEST_STEP][PASSED] - status_code = statusCode: null&#xD;
&#xD;
2019-12-17 11:54:11 - [TEST_STEP][PASSED] - respDataMap = JsonSlurper().parseText(body_content): null&#xD;
&#xD;
2019-12-17 11:54:11 - [TEST_STEP][PASSED] - out.println(respDataMap): null&#xD;
&#xD;
2019-12-17 11:54:11 - [TEST_STEP][PASSED] - rc_ref = ReturnCodeWrapper(var_expected_rc).getEnumRC(): null&#xD;
&#xD;
2019-12-17 11:54:11 - [TEST_STEP][PASSED] - out.println(var_expected_rc): null&#xD;
&#xD;
2019-12-17 11:54:11 - [TEST_STEP][PASSED] - out.println(rc_ref.getRCName()): null&#xD;
&#xD;
2019-12-17 11:54:11 - [TEST_STEP][PASSED] - out.println(rc_ref.getHttpResponse()): null&#xD;
&#xD;
2019-12-17 11:54:11 - [TEST_STEP][PASSED] - rcIsTrue = verifyEqual(response_code, rc_ref.getRCName()): Actual object 'RC01' and expected object 'RC01' are equal&#xD;
&#xD;
2019-12-17 11:54:11 - [MESSAGE][PASSED] - Actual object 'RC01' and expected object 'RC01' are equal&#xD;
&#xD;
2019-12-17 11:54:11 - [TEST_STEP][PASSED] - httpRespIsTrue = verifyEqual(statusCode, rc_ref.getHttpResponse()): Actual object '400' and expected object '400' are equal&#xD;
&#xD;
2019-12-17 11:54:11 - [MESSAGE][PASSED] - Actual object '400' and expected object '400' are equal&#xD;
&#xD;
2019-12-17 11:54:11 - [TEST_STEP][PASSED] - if (rc_ref.getRCName() == RC00): null</system-out>
            <system-err></system-err>
        </testcase>
        <testcase name="Test Cases/E_Wallet/TC_changePinAccessCode/TC_changePinAccessCode" classname="Test Cases/E_Wallet/TC_changePinAccessCode/TC_changePinAccessCode" status="PASSED">
            <system-out>2019-12-17 11:54:11 - [TEST_CASE][PASSED] - Test Cases/E_Wallet/TC_changePinAccessCode/TC_changePinAccessCode: Test Cases/E_Wallet/TC_changePinAccessCode/TC_changePinAccessCode&#xD;
&#xD;
2019-12-17 11:54:11 - [TEST_STEP][PASSED] - var_enciphered_pin = SecureUtils.doEncryptPinRsaEwallet(dev_public_pem_file, var_user_pin): null&#xD;
&#xD;
2019-12-17 11:54:11 - [TEST_STEP][PASSED] - var_enciphered_new_pin = SecureUtils.doEncryptPinRsaEwallet(dev_public_pem_file, var_user_new_pin): null&#xD;
&#xD;
2019-12-17 11:54:11 - [TEST_STEP][PASSED] - var_enciphered_confirm_new_pin = SecureUtils.doEncryptPinRsaEwallet(dev_public_pem_file, var_user_confirm_new_pin): null&#xD;
&#xD;
2019-12-17 11:54:11 - [TEST_STEP][PASSED] - plain = "{" + ""old_pin":"" + var_enciphered_pin + ""," + ""new_pin":"" + var_enciphered_new_pin + ""," + ""confirm_pin":"" + var_enciphered_confirm_new_pin + ""}": null&#xD;
&#xD;
2019-12-17 11:54:11 - [TEST_STEP][PASSED] - out.println(plain): null&#xD;
&#xD;
2019-12-17 11:54:11 - [TEST_STEP][PASSED] - encipheredData = SecureUtils.encryptAesEwallet(plain, var_aes_key): null&#xD;
&#xD;
2019-12-17 11:54:11 - [TEST_STEP][PASSED] - body = "{"organisation_id":"" + var_organisation_id + "","data":"" + encipheredData + "","lang":"" + var_lang + ""}": null&#xD;
&#xD;
2019-12-17 11:54:11 - [TEST_STEP][PASSED] - out.println(body): null&#xD;
&#xD;
2019-12-17 11:54:11 - [TEST_STEP][PASSED] - request = findTestObject("E_Wallet/obj_changePinAccessCode"): null&#xD;
&#xD;
2019-12-17 11:54:11 - [TEST_STEP][PASSED] - request.setBodyContent(new com.kms.katalon.core.testobject.impl.HttpTextBodyContent(body, UTF-8, application/json)): null&#xD;
&#xD;
2019-12-17 11:54:11 - [TEST_STEP][PASSED] - println(hostname): null&#xD;
&#xD;
2019-12-17 11:54:11 - [TEST_STEP][PASSED] - println(request.getRestUrl()): null&#xD;
&#xD;
2019-12-17 11:54:11 - [TEST_STEP][PASSED] - response = sendRequest(request): Send request successfully&#xD;
&#xD;
2019-12-17 11:54:11 - [MESSAGE][INFO] - HAR: D:\katalon-ewallet\Reports\E_Wallet\TS_changePinAccessCode\TS_changePinAccessCode\20191217_115402\requests\main\22.har&#xD;
&#xD;
2019-12-17 11:54:11 - [MESSAGE][PASSED] - Send request successfully&#xD;
&#xD;
2019-12-17 11:54:11 - [TEST_STEP][PASSED] - body_content = responseBodyContent: null&#xD;
&#xD;
2019-12-17 11:54:11 - [TEST_STEP][PASSED] - status_code = statusCode: null&#xD;
&#xD;
2019-12-17 11:54:11 - [TEST_STEP][PASSED] - respDataMap = JsonSlurper().parseText(body_content): null&#xD;
&#xD;
2019-12-17 11:54:11 - [TEST_STEP][PASSED] - out.println(respDataMap): null&#xD;
&#xD;
2019-12-17 11:54:11 - [TEST_STEP][PASSED] - rc_ref = ReturnCodeWrapper(var_expected_rc).getEnumRC(): null&#xD;
&#xD;
2019-12-17 11:54:11 - [TEST_STEP][PASSED] - out.println(var_expected_rc): null&#xD;
&#xD;
2019-12-17 11:54:11 - [TEST_STEP][PASSED] - out.println(rc_ref.getRCName()): null&#xD;
&#xD;
2019-12-17 11:54:11 - [TEST_STEP][PASSED] - out.println(rc_ref.getHttpResponse()): null&#xD;
&#xD;
2019-12-17 11:54:11 - [TEST_STEP][PASSED] - rcIsTrue = verifyEqual(response_code, rc_ref.getRCName()): Actual object 'RC01' and expected object 'RC01' are equal&#xD;
&#xD;
2019-12-17 11:54:11 - [MESSAGE][PASSED] - Actual object 'RC01' and expected object 'RC01' are equal&#xD;
&#xD;
2019-12-17 11:54:11 - [TEST_STEP][PASSED] - httpRespIsTrue = verifyEqual(statusCode, rc_ref.getHttpResponse()): Actual object '400' and expected object '400' are equal&#xD;
&#xD;
2019-12-17 11:54:11 - [MESSAGE][PASSED] - Actual object '400' and expected object '400' are equal&#xD;
&#xD;
2019-12-17 11:54:11 - [TEST_STEP][PASSED] - if (rc_ref.getRCName() == RC00): null</system-out>
            <system-err></system-err>
        </testcase>
        <testcase name="Test Cases/E_Wallet/TC_changePinAccessCode/TC_changePinAccessCode" classname="Test Cases/E_Wallet/TC_changePinAccessCode/TC_changePinAccessCode" status="PASSED">
            <system-out>2019-12-17 11:54:11 - [TEST_CASE][PASSED] - Test Cases/E_Wallet/TC_changePinAccessCode/TC_changePinAccessCode: Test Cases/E_Wallet/TC_changePinAccessCode/TC_changePinAccessCode&#xD;
&#xD;
2019-12-17 11:54:11 - [TEST_STEP][PASSED] - var_enciphered_pin = SecureUtils.doEncryptPinRsaEwallet(dev_public_pem_file, var_user_pin): null&#xD;
&#xD;
2019-12-17 11:54:11 - [TEST_STEP][PASSED] - var_enciphered_new_pin = SecureUtils.doEncryptPinRsaEwallet(dev_public_pem_file, var_user_new_pin): null&#xD;
&#xD;
2019-12-17 11:54:11 - [TEST_STEP][PASSED] - var_enciphered_confirm_new_pin = SecureUtils.doEncryptPinRsaEwallet(dev_public_pem_file, var_user_confirm_new_pin): null&#xD;
&#xD;
2019-12-17 11:54:11 - [TEST_STEP][PASSED] - plain = "{" + ""old_pin":"" + var_enciphered_pin + ""," + ""new_pin":"" + var_enciphered_new_pin + ""," + ""confirm_pin":"" + var_enciphered_confirm_new_pin + ""}": null&#xD;
&#xD;
2019-12-17 11:54:11 - [TEST_STEP][PASSED] - out.println(plain): null&#xD;
&#xD;
2019-12-17 11:54:11 - [TEST_STEP][PASSED] - encipheredData = SecureUtils.encryptAesEwallet(plain, var_aes_key): null&#xD;
&#xD;
2019-12-17 11:54:11 - [TEST_STEP][PASSED] - body = "{"organisation_id":"" + var_organisation_id + "","data":"" + encipheredData + "","lang":"" + var_lang + ""}": null&#xD;
&#xD;
2019-12-17 11:54:11 - [TEST_STEP][PASSED] - out.println(body): null&#xD;
&#xD;
2019-12-17 11:54:11 - [TEST_STEP][PASSED] - request = findTestObject("E_Wallet/obj_changePinAccessCode"): null&#xD;
&#xD;
2019-12-17 11:54:11 - [TEST_STEP][PASSED] - request.setBodyContent(new com.kms.katalon.core.testobject.impl.HttpTextBodyContent(body, UTF-8, application/json)): null&#xD;
&#xD;
2019-12-17 11:54:11 - [TEST_STEP][PASSED] - println(hostname): null&#xD;
&#xD;
2019-12-17 11:54:11 - [TEST_STEP][PASSED] - println(request.getRestUrl()): null&#xD;
&#xD;
2019-12-17 11:54:11 - [TEST_STEP][PASSED] - response = sendRequest(request): Send request successfully&#xD;
&#xD;
2019-12-17 11:54:11 - [MESSAGE][INFO] - HAR: D:\katalon-ewallet\Reports\E_Wallet\TS_changePinAccessCode\TS_changePinAccessCode\20191217_115402\requests\main\23.har&#xD;
&#xD;
2019-12-17 11:54:11 - [MESSAGE][PASSED] - Send request successfully&#xD;
&#xD;
2019-12-17 11:54:11 - [TEST_STEP][PASSED] - body_content = responseBodyContent: null&#xD;
&#xD;
2019-12-17 11:54:11 - [TEST_STEP][PASSED] - status_code = statusCode: null&#xD;
&#xD;
2019-12-17 11:54:11 - [TEST_STEP][PASSED] - respDataMap = JsonSlurper().parseText(body_content): null&#xD;
&#xD;
2019-12-17 11:54:11 - [TEST_STEP][PASSED] - out.println(respDataMap): null&#xD;
&#xD;
2019-12-17 11:54:11 - [TEST_STEP][PASSED] - rc_ref = ReturnCodeWrapper(var_expected_rc).getEnumRC(): null&#xD;
&#xD;
2019-12-17 11:54:11 - [TEST_STEP][PASSED] - out.println(var_expected_rc): null&#xD;
&#xD;
2019-12-17 11:54:11 - [TEST_STEP][PASSED] - out.println(rc_ref.getRCName()): null&#xD;
&#xD;
2019-12-17 11:54:11 - [TEST_STEP][PASSED] - out.println(rc_ref.getHttpResponse()): null&#xD;
&#xD;
2019-12-17 11:54:11 - [TEST_STEP][PASSED] - rcIsTrue = verifyEqual(response_code, rc_ref.getRCName()): Actual object 'RC01' and expected object 'RC01' are equal&#xD;
&#xD;
2019-12-17 11:54:11 - [MESSAGE][PASSED] - Actual object 'RC01' and expected object 'RC01' are equal&#xD;
&#xD;
2019-12-17 11:54:11 - [TEST_STEP][PASSED] - httpRespIsTrue = verifyEqual(statusCode, rc_ref.getHttpResponse()): Actual object '400' and expected object '400' are equal&#xD;
&#xD;
2019-12-17 11:54:11 - [MESSAGE][PASSED] - Actual object '400' and expected object '400' are equal&#xD;
&#xD;
2019-12-17 11:54:11 - [TEST_STEP][PASSED] - if (rc_ref.getRCName() == RC00): null</system-out>
            <system-err></system-err>
        </testcase>
        <testcase name="Test Cases/E_Wallet/TC_changePinAccessCode/TC_changePinAccessCode" classname="Test Cases/E_Wallet/TC_changePinAccessCode/TC_changePinAccessCode" status="PASSED">
            <system-out>2019-12-17 11:54:11 - [TEST_CASE][PASSED] - Test Cases/E_Wallet/TC_changePinAccessCode/TC_changePinAccessCode: Test Cases/E_Wallet/TC_changePinAccessCode/TC_changePinAccessCode&#xD;
&#xD;
2019-12-17 11:54:11 - [TEST_STEP][PASSED] - var_enciphered_pin = SecureUtils.doEncryptPinRsaEwallet(dev_public_pem_file, var_user_pin): null&#xD;
&#xD;
2019-12-17 11:54:11 - [TEST_STEP][PASSED] - var_enciphered_new_pin = SecureUtils.doEncryptPinRsaEwallet(dev_public_pem_file, var_user_new_pin): null&#xD;
&#xD;
2019-12-17 11:54:11 - [TEST_STEP][PASSED] - var_enciphered_confirm_new_pin = SecureUtils.doEncryptPinRsaEwallet(dev_public_pem_file, var_user_confirm_new_pin): null&#xD;
&#xD;
2019-12-17 11:54:11 - [TEST_STEP][PASSED] - plain = "{" + ""old_pin":"" + var_enciphered_pin + ""," + ""new_pin":"" + var_enciphered_new_pin + ""," + ""confirm_pin":"" + var_enciphered_confirm_new_pin + ""}": null&#xD;
&#xD;
2019-12-17 11:54:11 - [TEST_STEP][PASSED] - out.println(plain): null&#xD;
&#xD;
2019-12-17 11:54:11 - [TEST_STEP][PASSED] - encipheredData = SecureUtils.encryptAesEwallet(plain, var_aes_key): null&#xD;
&#xD;
2019-12-17 11:54:11 - [TEST_STEP][PASSED] - body = "{"organisation_id":"" + var_organisation_id + "","data":"" + encipheredData + "","lang":"" + var_lang + ""}": null&#xD;
&#xD;
2019-12-17 11:54:11 - [TEST_STEP][PASSED] - out.println(body): null&#xD;
&#xD;
2019-12-17 11:54:11 - [TEST_STEP][PASSED] - request = findTestObject("E_Wallet/obj_changePinAccessCode"): null&#xD;
&#xD;
2019-12-17 11:54:12 - [TEST_STEP][PASSED] - request.setBodyContent(new com.kms.katalon.core.testobject.impl.HttpTextBodyContent(body, UTF-8, application/json)): null&#xD;
&#xD;
2019-12-17 11:54:12 - [TEST_STEP][PASSED] - println(hostname): null&#xD;
&#xD;
2019-12-17 11:54:12 - [TEST_STEP][PASSED] - println(request.getRestUrl()): null&#xD;
&#xD;
2019-12-17 11:54:12 - [TEST_STEP][PASSED] - response = sendRequest(request): Send request successfully&#xD;
&#xD;
2019-12-17 11:54:12 - [MESSAGE][INFO] - HAR: D:\katalon-ewallet\Reports\E_Wallet\TS_changePinAccessCode\TS_changePinAccessCode\20191217_115402\requests\main\24.har&#xD;
&#xD;
2019-12-17 11:54:12 - [MESSAGE][PASSED] - Send request successfully&#xD;
&#xD;
2019-12-17 11:54:12 - [TEST_STEP][PASSED] - body_content = responseBodyContent: null&#xD;
&#xD;
2019-12-17 11:54:12 - [TEST_STEP][PASSED] - status_code = statusCode: null&#xD;
&#xD;
2019-12-17 11:54:12 - [TEST_STEP][PASSED] - respDataMap = JsonSlurper().parseText(body_content): null&#xD;
&#xD;
2019-12-17 11:54:12 - [TEST_STEP][PASSED] - out.println(respDataMap): null&#xD;
&#xD;
2019-12-17 11:54:12 - [TEST_STEP][PASSED] - rc_ref = ReturnCodeWrapper(var_expected_rc).getEnumRC(): null&#xD;
&#xD;
2019-12-17 11:54:12 - [TEST_STEP][PASSED] - out.println(var_expected_rc): null&#xD;
&#xD;
2019-12-17 11:54:12 - [TEST_STEP][PASSED] - out.println(rc_ref.getRCName()): null&#xD;
&#xD;
2019-12-17 11:54:12 - [TEST_STEP][PASSED] - out.println(rc_ref.getHttpResponse()): null&#xD;
&#xD;
2019-12-17 11:54:12 - [TEST_STEP][PASSED] - rcIsTrue = verifyEqual(response_code, rc_ref.getRCName()): Actual object 'RC01' and expected object 'RC01' are equal&#xD;
&#xD;
2019-12-17 11:54:12 - [MESSAGE][PASSED] - Actual object 'RC01' and expected object 'RC01' are equal&#xD;
&#xD;
2019-12-17 11:54:12 - [TEST_STEP][PASSED] - httpRespIsTrue = verifyEqual(statusCode, rc_ref.getHttpResponse()): Actual object '400' and expected object '400' are equal&#xD;
&#xD;
2019-12-17 11:54:12 - [MESSAGE][PASSED] - Actual object '400' and expected object '400' are equal&#xD;
&#xD;
2019-12-17 11:54:12 - [TEST_STEP][PASSED] - if (rc_ref.getRCName() == RC00): null</system-out>
            <system-err></system-err>
        </testcase>
        <testcase name="Test Cases/E_Wallet/TC_changePinAccessCode/TC_changePinAccessCode" classname="Test Cases/E_Wallet/TC_changePinAccessCode/TC_changePinAccessCode" status="PASSED">
            <system-out>2019-12-17 11:54:12 - [TEST_CASE][PASSED] - Test Cases/E_Wallet/TC_changePinAccessCode/TC_changePinAccessCode: Test Cases/E_Wallet/TC_changePinAccessCode/TC_changePinAccessCode&#xD;
&#xD;
2019-12-17 11:54:12 - [TEST_STEP][PASSED] - var_enciphered_pin = SecureUtils.doEncryptPinRsaEwallet(dev_public_pem_file, var_user_pin): null&#xD;
&#xD;
2019-12-17 11:54:12 - [TEST_STEP][PASSED] - var_enciphered_new_pin = SecureUtils.doEncryptPinRsaEwallet(dev_public_pem_file, var_user_new_pin): null&#xD;
&#xD;
2019-12-17 11:54:12 - [TEST_STEP][PASSED] - var_enciphered_confirm_new_pin = SecureUtils.doEncryptPinRsaEwallet(dev_public_pem_file, var_user_confirm_new_pin): null&#xD;
&#xD;
2019-12-17 11:54:12 - [TEST_STEP][PASSED] - plain = "{" + ""old_pin":"" + var_enciphered_pin + ""," + ""new_pin":"" + var_enciphered_new_pin + ""," + ""confirm_pin":"" + var_enciphered_confirm_new_pin + ""}": null&#xD;
&#xD;
2019-12-17 11:54:12 - [TEST_STEP][PASSED] - out.println(plain): null&#xD;
&#xD;
2019-12-17 11:54:12 - [TEST_STEP][PASSED] - encipheredData = SecureUtils.encryptAesEwallet(plain, var_aes_key): null&#xD;
&#xD;
2019-12-17 11:54:12 - [TEST_STEP][PASSED] - body = "{"organisation_id":"" + var_organisation_id + "","data":"" + encipheredData + "","lang":"" + var_lang + ""}": null&#xD;
&#xD;
2019-12-17 11:54:12 - [TEST_STEP][PASSED] - out.println(body): null&#xD;
&#xD;
2019-12-17 11:54:12 - [TEST_STEP][PASSED] - request = findTestObject("E_Wallet/obj_changePinAccessCode"): null&#xD;
&#xD;
2019-12-17 11:54:12 - [TEST_STEP][PASSED] - request.setBodyContent(new com.kms.katalon.core.testobject.impl.HttpTextBodyContent(body, UTF-8, application/json)): null&#xD;
&#xD;
2019-12-17 11:54:12 - [TEST_STEP][PASSED] - println(hostname): null&#xD;
&#xD;
2019-12-17 11:54:12 - [TEST_STEP][PASSED] - println(request.getRestUrl()): null&#xD;
&#xD;
2019-12-17 11:54:12 - [TEST_STEP][PASSED] - response = sendRequest(request): Send request successfully&#xD;
&#xD;
2019-12-17 11:54:12 - [MESSAGE][INFO] - HAR: D:\katalon-ewallet\Reports\E_Wallet\TS_changePinAccessCode\TS_changePinAccessCode\20191217_115402\requests\main\25.har&#xD;
&#xD;
2019-12-17 11:54:12 - [MESSAGE][PASSED] - Send request successfully&#xD;
&#xD;
2019-12-17 11:54:12 - [TEST_STEP][PASSED] - body_content = responseBodyContent: null&#xD;
&#xD;
2019-12-17 11:54:12 - [TEST_STEP][PASSED] - status_code = statusCode: null&#xD;
&#xD;
2019-12-17 11:54:12 - [TEST_STEP][PASSED] - respDataMap = JsonSlurper().parseText(body_content): null&#xD;
&#xD;
2019-12-17 11:54:12 - [TEST_STEP][PASSED] - out.println(respDataMap): null&#xD;
&#xD;
2019-12-17 11:54:12 - [TEST_STEP][PASSED] - rc_ref = ReturnCodeWrapper(var_expected_rc).getEnumRC(): null&#xD;
&#xD;
2019-12-17 11:54:12 - [TEST_STEP][PASSED] - out.println(var_expected_rc): null&#xD;
&#xD;
2019-12-17 11:54:12 - [TEST_STEP][PASSED] - out.println(rc_ref.getRCName()): null&#xD;
&#xD;
2019-12-17 11:54:12 - [TEST_STEP][PASSED] - out.println(rc_ref.getHttpResponse()): null&#xD;
&#xD;
2019-12-17 11:54:12 - [TEST_STEP][PASSED] - rcIsTrue = verifyEqual(response_code, rc_ref.getRCName()): Actual object 'RC01' and expected object 'RC01' are equal&#xD;
&#xD;
2019-12-17 11:54:12 - [MESSAGE][PASSED] - Actual object 'RC01' and expected object 'RC01' are equal&#xD;
&#xD;
2019-12-17 11:54:12 - [TEST_STEP][PASSED] - httpRespIsTrue = verifyEqual(statusCode, rc_ref.getHttpResponse()): Actual object '400' and expected object '400' are equal&#xD;
&#xD;
2019-12-17 11:54:12 - [MESSAGE][PASSED] - Actual object '400' and expected object '400' are equal&#xD;
&#xD;
2019-12-17 11:54:12 - [TEST_STEP][PASSED] - if (rc_ref.getRCName() == RC00): null</system-out>
            <system-err></system-err>
        </testcase>
        <testcase name="Test Cases/E_Wallet/TC_changePinAccessCode/TC_changePinAccessCode" classname="Test Cases/E_Wallet/TC_changePinAccessCode/TC_changePinAccessCode" status="PASSED">
            <system-out>2019-12-17 11:54:12 - [TEST_CASE][PASSED] - Test Cases/E_Wallet/TC_changePinAccessCode/TC_changePinAccessCode: Test Cases/E_Wallet/TC_changePinAccessCode/TC_changePinAccessCode&#xD;
&#xD;
2019-12-17 11:54:12 - [TEST_STEP][PASSED] - var_enciphered_pin = SecureUtils.doEncryptPinRsaEwallet(dev_public_pem_file, var_user_pin): null&#xD;
&#xD;
2019-12-17 11:54:12 - [TEST_STEP][PASSED] - var_enciphered_new_pin = SecureUtils.doEncryptPinRsaEwallet(dev_public_pem_file, var_user_new_pin): null&#xD;
&#xD;
2019-12-17 11:54:12 - [TEST_STEP][PASSED] - var_enciphered_confirm_new_pin = SecureUtils.doEncryptPinRsaEwallet(dev_public_pem_file, var_user_confirm_new_pin): null&#xD;
&#xD;
2019-12-17 11:54:12 - [TEST_STEP][PASSED] - plain = "{" + ""old_pin":"" + var_enciphered_pin + ""," + ""new_pin":"" + var_enciphered_new_pin + ""," + ""confirm_pin":"" + var_enciphered_confirm_new_pin + ""}": null&#xD;
&#xD;
2019-12-17 11:54:12 - [TEST_STEP][PASSED] - out.println(plain): null&#xD;
&#xD;
2019-12-17 11:54:12 - [TEST_STEP][PASSED] - encipheredData = SecureUtils.encryptAesEwallet(plain, var_aes_key): null&#xD;
&#xD;
2019-12-17 11:54:12 - [TEST_STEP][PASSED] - body = "{"organisation_id":"" + var_organisation_id + "","data":"" + encipheredData + "","lang":"" + var_lang + ""}": null&#xD;
&#xD;
2019-12-17 11:54:12 - [TEST_STEP][PASSED] - out.println(body): null&#xD;
&#xD;
2019-12-17 11:54:12 - [TEST_STEP][PASSED] - request = findTestObject("E_Wallet/obj_changePinAccessCode"): null&#xD;
&#xD;
2019-12-17 11:54:12 - [TEST_STEP][PASSED] - request.setBodyContent(new com.kms.katalon.core.testobject.impl.HttpTextBodyContent(body, UTF-8, application/json)): null&#xD;
&#xD;
2019-12-17 11:54:12 - [TEST_STEP][PASSED] - println(hostname): null&#xD;
&#xD;
2019-12-17 11:54:12 - [TEST_STEP][PASSED] - println(request.getRestUrl()): null&#xD;
&#xD;
2019-12-17 11:54:12 - [TEST_STEP][PASSED] - response = sendRequest(request): Send request successfully&#xD;
&#xD;
2019-12-17 11:54:12 - [MESSAGE][INFO] - HAR: D:\katalon-ewallet\Reports\E_Wallet\TS_changePinAccessCode\TS_changePinAccessCode\20191217_115402\requests\main\26.har&#xD;
&#xD;
2019-12-17 11:54:12 - [MESSAGE][PASSED] - Send request successfully&#xD;
&#xD;
2019-12-17 11:54:12 - [TEST_STEP][PASSED] - body_content = responseBodyContent: null&#xD;
&#xD;
2019-12-17 11:54:12 - [TEST_STEP][PASSED] - status_code = statusCode: null&#xD;
&#xD;
2019-12-17 11:54:12 - [TEST_STEP][PASSED] - respDataMap = JsonSlurper().parseText(body_content): null&#xD;
&#xD;
2019-12-17 11:54:12 - [TEST_STEP][PASSED] - out.println(respDataMap): null&#xD;
&#xD;
2019-12-17 11:54:12 - [TEST_STEP][PASSED] - rc_ref = ReturnCodeWrapper(var_expected_rc).getEnumRC(): null&#xD;
&#xD;
2019-12-17 11:54:12 - [TEST_STEP][PASSED] - out.println(var_expected_rc): null&#xD;
&#xD;
2019-12-17 11:54:12 - [TEST_STEP][PASSED] - out.println(rc_ref.getRCName()): null&#xD;
&#xD;
2019-12-17 11:54:12 - [TEST_STEP][PASSED] - out.println(rc_ref.getHttpResponse()): null&#xD;
&#xD;
2019-12-17 11:54:12 - [TEST_STEP][PASSED] - rcIsTrue = verifyEqual(response_code, rc_ref.getRCName()): Actual object 'RC00' and expected object 'RC00' are equal&#xD;
&#xD;
2019-12-17 11:54:12 - [MESSAGE][PASSED] - Actual object 'RC00' and expected object 'RC00' are equal&#xD;
&#xD;
2019-12-17 11:54:12 - [TEST_STEP][PASSED] - httpRespIsTrue = verifyEqual(statusCode, rc_ref.getHttpResponse()): Actual object '200' and expected object '200' are equal&#xD;
&#xD;
2019-12-17 11:54:12 - [MESSAGE][PASSED] - Actual object '200' and expected object '200' are equal&#xD;
&#xD;
2019-12-17 11:54:12 - [TEST_STEP][PASSED] - if (rc_ref.getRCName() == RC00): null</system-out>
            <system-err></system-err>
        </testcase>
        <testcase name="Test Cases/E_Wallet/TC_changePinAccessCode/TC_changePinAccessCode" classname="Test Cases/E_Wallet/TC_changePinAccessCode/TC_changePinAccessCode" status="PASSED">
            <system-out>2019-12-17 11:54:12 - [TEST_CASE][PASSED] - Test Cases/E_Wallet/TC_changePinAccessCode/TC_changePinAccessCode: Test Cases/E_Wallet/TC_changePinAccessCode/TC_changePinAccessCode&#xD;
&#xD;
2019-12-17 11:54:12 - [TEST_STEP][PASSED] - var_enciphered_pin = SecureUtils.doEncryptPinRsaEwallet(dev_public_pem_file, var_user_pin): null&#xD;
&#xD;
2019-12-17 11:54:12 - [TEST_STEP][PASSED] - var_enciphered_new_pin = SecureUtils.doEncryptPinRsaEwallet(dev_public_pem_file, var_user_new_pin): null&#xD;
&#xD;
2019-12-17 11:54:12 - [TEST_STEP][PASSED] - var_enciphered_confirm_new_pin = SecureUtils.doEncryptPinRsaEwallet(dev_public_pem_file, var_user_confirm_new_pin): null&#xD;
&#xD;
2019-12-17 11:54:12 - [TEST_STEP][PASSED] - plain = "{" + ""old_pin":"" + var_enciphered_pin + ""," + ""new_pin":"" + var_enciphered_new_pin + ""," + ""confirm_pin":"" + var_enciphered_confirm_new_pin + ""}": null&#xD;
&#xD;
2019-12-17 11:54:12 - [TEST_STEP][PASSED] - out.println(plain): null&#xD;
&#xD;
2019-12-17 11:54:12 - [TEST_STEP][PASSED] - encipheredData = SecureUtils.encryptAesEwallet(plain, var_aes_key): null&#xD;
&#xD;
2019-12-17 11:54:12 - [TEST_STEP][PASSED] - body = "{"organisation_id":"" + var_organisation_id + "","data":"" + encipheredData + "","lang":"" + var_lang + ""}": null&#xD;
&#xD;
2019-12-17 11:54:12 - [TEST_STEP][PASSED] - out.println(body): null&#xD;
&#xD;
2019-12-17 11:54:12 - [TEST_STEP][PASSED] - request = findTestObject("E_Wallet/obj_changePinAccessCode"): null&#xD;
&#xD;
2019-12-17 11:54:12 - [TEST_STEP][PASSED] - request.setBodyContent(new com.kms.katalon.core.testobject.impl.HttpTextBodyContent(body, UTF-8, application/json)): null&#xD;
&#xD;
2019-12-17 11:54:12 - [TEST_STEP][PASSED] - println(hostname): null&#xD;
&#xD;
2019-12-17 11:54:12 - [TEST_STEP][PASSED] - println(request.getRestUrl()): null&#xD;
&#xD;
2019-12-17 11:54:12 - [TEST_STEP][PASSED] - response = sendRequest(request): Send request successfully&#xD;
&#xD;
2019-12-17 11:54:12 - [MESSAGE][INFO] - HAR: D:\katalon-ewallet\Reports\E_Wallet\TS_changePinAccessCode\TS_changePinAccessCode\20191217_115402\requests\main\27.har&#xD;
&#xD;
2019-12-17 11:54:12 - [MESSAGE][PASSED] - Send request successfully&#xD;
&#xD;
2019-12-17 11:54:12 - [TEST_STEP][PASSED] - body_content = responseBodyContent: null&#xD;
&#xD;
2019-12-17 11:54:12 - [TEST_STEP][PASSED] - status_code = statusCode: null&#xD;
&#xD;
2019-12-17 11:54:12 - [TEST_STEP][PASSED] - respDataMap = JsonSlurper().parseText(body_content): null&#xD;
&#xD;
2019-12-17 11:54:12 - [TEST_STEP][PASSED] - out.println(respDataMap): null&#xD;
&#xD;
2019-12-17 11:54:12 - [TEST_STEP][PASSED] - rc_ref = ReturnCodeWrapper(var_expected_rc).getEnumRC(): null&#xD;
&#xD;
2019-12-17 11:54:12 - [TEST_STEP][PASSED] - out.println(var_expected_rc): null&#xD;
&#xD;
2019-12-17 11:54:12 - [TEST_STEP][PASSED] - out.println(rc_ref.getRCName()): null&#xD;
&#xD;
2019-12-17 11:54:12 - [TEST_STEP][PASSED] - out.println(rc_ref.getHttpResponse()): null&#xD;
&#xD;
2019-12-17 11:54:12 - [TEST_STEP][PASSED] - rcIsTrue = verifyEqual(response_code, rc_ref.getRCName()): Actual object 'RC00' and expected object 'RC00' are equal&#xD;
&#xD;
2019-12-17 11:54:12 - [MESSAGE][PASSED] - Actual object 'RC00' and expected object 'RC00' are equal&#xD;
&#xD;
2019-12-17 11:54:12 - [TEST_STEP][PASSED] - httpRespIsTrue = verifyEqual(statusCode, rc_ref.getHttpResponse()): Actual object '200' and expected object '200' are equal&#xD;
&#xD;
2019-12-17 11:54:12 - [MESSAGE][PASSED] - Actual object '200' and expected object '200' are equal&#xD;
&#xD;
2019-12-17 11:54:12 - [TEST_STEP][PASSED] - if (rc_ref.getRCName() == RC00): null</system-out>
            <system-err></system-err>
        </testcase>
        <testcase name="Test Cases/E_Wallet/TC_changePinAccessCode/TC_changePinAccessCode" classname="Test Cases/E_Wallet/TC_changePinAccessCode/TC_changePinAccessCode" status="PASSED">
            <system-out>2019-12-17 11:54:12 - [TEST_CASE][PASSED] - Test Cases/E_Wallet/TC_changePinAccessCode/TC_changePinAccessCode: Test Cases/E_Wallet/TC_changePinAccessCode/TC_changePinAccessCode&#xD;
&#xD;
2019-12-17 11:54:12 - [TEST_STEP][PASSED] - var_enciphered_pin = SecureUtils.doEncryptPinRsaEwallet(dev_public_pem_file, var_user_pin): null&#xD;
&#xD;
2019-12-17 11:54:12 - [TEST_STEP][PASSED] - var_enciphered_new_pin = SecureUtils.doEncryptPinRsaEwallet(dev_public_pem_file, var_user_new_pin): null&#xD;
&#xD;
2019-12-17 11:54:12 - [TEST_STEP][PASSED] - var_enciphered_confirm_new_pin = SecureUtils.doEncryptPinRsaEwallet(dev_public_pem_file, var_user_confirm_new_pin): null&#xD;
&#xD;
2019-12-17 11:54:12 - [TEST_STEP][PASSED] - plain = "{" + ""old_pin":"" + var_enciphered_pin + ""," + ""new_pin":"" + var_enciphered_new_pin + ""," + ""confirm_pin":"" + var_enciphered_confirm_new_pin + ""}": null&#xD;
&#xD;
2019-12-17 11:54:12 - [TEST_STEP][PASSED] - out.println(plain): null&#xD;
&#xD;
2019-12-17 11:54:12 - [TEST_STEP][PASSED] - encipheredData = SecureUtils.encryptAesEwallet(plain, var_aes_key): null&#xD;
&#xD;
2019-12-17 11:54:12 - [TEST_STEP][PASSED] - body = "{"organisation_id":"" + var_organisation_id + "","data":"" + encipheredData + "","lang":"" + var_lang + ""}": null&#xD;
&#xD;
2019-12-17 11:54:12 - [TEST_STEP][PASSED] - out.println(body): null&#xD;
&#xD;
2019-12-17 11:54:12 - [TEST_STEP][PASSED] - request = findTestObject("E_Wallet/obj_changePinAccessCode"): null&#xD;
&#xD;
2019-12-17 11:54:12 - [TEST_STEP][PASSED] - request.setBodyContent(new com.kms.katalon.core.testobject.impl.HttpTextBodyContent(body, UTF-8, application/json)): null&#xD;
&#xD;
2019-12-17 11:54:12 - [TEST_STEP][PASSED] - println(hostname): null&#xD;
&#xD;
2019-12-17 11:54:12 - [TEST_STEP][PASSED] - println(request.getRestUrl()): null&#xD;
&#xD;
2019-12-17 11:54:12 - [TEST_STEP][PASSED] - response = sendRequest(request): Send request successfully&#xD;
&#xD;
2019-12-17 11:54:12 - [MESSAGE][INFO] - HAR: D:\katalon-ewallet\Reports\E_Wallet\TS_changePinAccessCode\TS_changePinAccessCode\20191217_115402\requests\main\28.har&#xD;
&#xD;
2019-12-17 11:54:12 - [MESSAGE][PASSED] - Send request successfully&#xD;
&#xD;
2019-12-17 11:54:12 - [TEST_STEP][PASSED] - body_content = responseBodyContent: null&#xD;
&#xD;
2019-12-17 11:54:12 - [TEST_STEP][PASSED] - status_code = statusCode: null&#xD;
&#xD;
2019-12-17 11:54:12 - [TEST_STEP][PASSED] - respDataMap = JsonSlurper().parseText(body_content): null&#xD;
&#xD;
2019-12-17 11:54:12 - [TEST_STEP][PASSED] - out.println(respDataMap): null&#xD;
&#xD;
2019-12-17 11:54:12 - [TEST_STEP][PASSED] - rc_ref = ReturnCodeWrapper(var_expected_rc).getEnumRC(): null&#xD;
&#xD;
2019-12-17 11:54:12 - [TEST_STEP][PASSED] - out.println(var_expected_rc): null&#xD;
&#xD;
2019-12-17 11:54:12 - [TEST_STEP][PASSED] - out.println(rc_ref.getRCName()): null&#xD;
&#xD;
2019-12-17 11:54:12 - [TEST_STEP][PASSED] - out.println(rc_ref.getHttpResponse()): null&#xD;
&#xD;
2019-12-17 11:54:12 - [TEST_STEP][PASSED] - rcIsTrue = verifyEqual(response_code, rc_ref.getRCName()): Actual object 'RC01' and expected object 'RC01' are equal&#xD;
&#xD;
2019-12-17 11:54:12 - [MESSAGE][PASSED] - Actual object 'RC01' and expected object 'RC01' are equal&#xD;
&#xD;
2019-12-17 11:54:12 - [TEST_STEP][PASSED] - httpRespIsTrue = verifyEqual(statusCode, rc_ref.getHttpResponse()): Actual object '400' and expected object '400' are equal&#xD;
&#xD;
2019-12-17 11:54:12 - [MESSAGE][PASSED] - Actual object '400' and expected object '400' are equal&#xD;
&#xD;
2019-12-17 11:54:12 - [TEST_STEP][PASSED] - if (rc_ref.getRCName() == RC00): null</system-out>
            <system-err></system-err>
        </testcase>
        <testcase name="Test Cases/E_Wallet/TC_changePinAccessCode/TC_changePinAccessCode" classname="Test Cases/E_Wallet/TC_changePinAccessCode/TC_changePinAccessCode" status="PASSED">
            <system-out>2019-12-17 11:54:12 - [TEST_CASE][PASSED] - Test Cases/E_Wallet/TC_changePinAccessCode/TC_changePinAccessCode: Test Cases/E_Wallet/TC_changePinAccessCode/TC_changePinAccessCode&#xD;
&#xD;
2019-12-17 11:54:12 - [TEST_STEP][PASSED] - var_enciphered_pin = SecureUtils.doEncryptPinRsaEwallet(dev_public_pem_file, var_user_pin): null&#xD;
&#xD;
2019-12-17 11:54:12 - [TEST_STEP][PASSED] - var_enciphered_new_pin = SecureUtils.doEncryptPinRsaEwallet(dev_public_pem_file, var_user_new_pin): null&#xD;
&#xD;
2019-12-17 11:54:12 - [TEST_STEP][PASSED] - var_enciphered_confirm_new_pin = SecureUtils.doEncryptPinRsaEwallet(dev_public_pem_file, var_user_confirm_new_pin): null&#xD;
&#xD;
2019-12-17 11:54:12 - [TEST_STEP][PASSED] - plain = "{" + ""old_pin":"" + var_enciphered_pin + ""," + ""new_pin":"" + var_enciphered_new_pin + ""," + ""confirm_pin":"" + var_enciphered_confirm_new_pin + ""}": null&#xD;
&#xD;
2019-12-17 11:54:12 - [TEST_STEP][PASSED] - out.println(plain): null&#xD;
&#xD;
2019-12-17 11:54:12 - [TEST_STEP][PASSED] - encipheredData = SecureUtils.encryptAesEwallet(plain, var_aes_key): null&#xD;
&#xD;
2019-12-17 11:54:12 - [TEST_STEP][PASSED] - body = "{"organisation_id":"" + var_organisation_id + "","data":"" + encipheredData + "","lang":"" + var_lang + ""}": null&#xD;
&#xD;
2019-12-17 11:54:12 - [TEST_STEP][PASSED] - out.println(body): null&#xD;
&#xD;
2019-12-17 11:54:12 - [TEST_STEP][PASSED] - request = findTestObject("E_Wallet/obj_changePinAccessCode"): null&#xD;
&#xD;
2019-12-17 11:54:12 - [TEST_STEP][PASSED] - request.setBodyContent(new com.kms.katalon.core.testobject.impl.HttpTextBodyContent(body, UTF-8, application/json)): null&#xD;
&#xD;
2019-12-17 11:54:12 - [TEST_STEP][PASSED] - println(hostname): null&#xD;
&#xD;
2019-12-17 11:54:12 - [TEST_STEP][PASSED] - println(request.getRestUrl()): null&#xD;
&#xD;
2019-12-17 11:54:12 - [TEST_STEP][PASSED] - response = sendRequest(request): Send request successfully&#xD;
&#xD;
2019-12-17 11:54:12 - [MESSAGE][INFO] - HAR: D:\katalon-ewallet\Reports\E_Wallet\TS_changePinAccessCode\TS_changePinAccessCode\20191217_115402\requests\main\29.har&#xD;
&#xD;
2019-12-17 11:54:12 - [MESSAGE][PASSED] - Send request successfully&#xD;
&#xD;
2019-12-17 11:54:12 - [TEST_STEP][PASSED] - body_content = responseBodyContent: null&#xD;
&#xD;
2019-12-17 11:54:12 - [TEST_STEP][PASSED] - status_code = statusCode: null&#xD;
&#xD;
2019-12-17 11:54:12 - [TEST_STEP][PASSED] - respDataMap = JsonSlurper().parseText(body_content): null&#xD;
&#xD;
2019-12-17 11:54:12 - [TEST_STEP][PASSED] - out.println(respDataMap): null&#xD;
&#xD;
2019-12-17 11:54:12 - [TEST_STEP][PASSED] - rc_ref = ReturnCodeWrapper(var_expected_rc).getEnumRC(): null&#xD;
&#xD;
2019-12-17 11:54:12 - [TEST_STEP][PASSED] - out.println(var_expected_rc): null&#xD;
&#xD;
2019-12-17 11:54:12 - [TEST_STEP][PASSED] - out.println(rc_ref.getRCName()): null&#xD;
&#xD;
2019-12-17 11:54:12 - [TEST_STEP][PASSED] - out.println(rc_ref.getHttpResponse()): null&#xD;
&#xD;
2019-12-17 11:54:12 - [TEST_STEP][PASSED] - rcIsTrue = verifyEqual(response_code, rc_ref.getRCName()): Actual object 'RC01' and expected object 'RC01' are equal&#xD;
&#xD;
2019-12-17 11:54:12 - [MESSAGE][PASSED] - Actual object 'RC01' and expected object 'RC01' are equal&#xD;
&#xD;
2019-12-17 11:54:12 - [TEST_STEP][PASSED] - httpRespIsTrue = verifyEqual(statusCode, rc_ref.getHttpResponse()): Actual object '400' and expected object '400' are equal&#xD;
&#xD;
2019-12-17 11:54:12 - [MESSAGE][PASSED] - Actual object '400' and expected object '400' are equal&#xD;
&#xD;
2019-12-17 11:54:12 - [TEST_STEP][PASSED] - if (rc_ref.getRCName() == RC00): null</system-out>
            <system-err></system-err>
        </testcase>
        <system-out>2019-12-17 11:54:04 - [TEST_SUITE][INCOMPLETE] - TS_changePinAccessCode: null</system-out>
        <system-err>2019-12-17 11:54:04 - [TEST_SUITE][INCOMPLETE] - TS_changePinAccessCode: null</system-err>
    </testsuite>
</testsuites>
