<?xml version="1.0" encoding="UTF-8" standalone="yes"?>
<testsuites name="TS_Gamification_Update_API_Get_List_Issuer" time="6" tests="17" failures="0" errors="0">
    <testsuite name="TS_Gamification_Update_API_Get_List_Issuer" tests="17" failures="0" errors="0" time="6" timestamp="2019-12-17 11:57:44" hostname="Silvi - LAPTOP-ALMT97O4" id="Test Suites/E_Wallet/TS_Gamification_Update_API_Get_List_Issuer/TS_Gamification_Update_API_Get_List_Issuer">
        <properties>
            <property name="deviceName" value=""/>
            <property name="devicePlatform" value=""/>
            <property name="logFolder" value="D:\\katalon-ewallet\\Reports\\E_Wallet\\TS_Gamification_Update_API_Get_List_Issuer\\TS_Gamification_Update_API_Get_List_Issuer\\20191217_115742"/>
            <property name="logFiles" value="D:\\katalon-ewallet\\Reports\\E_Wallet\\TS_Gamification_Update_API_Get_List_Issuer\\TS_Gamification_Update_API_Get_List_Issuer\\20191217_115742\\execution0.log"/>
            <property name="attachments" value=""/>
            <property name="hostName" value="Silvi - LAPTOP-ALMT97O4"/>
            <property name="hostAddress" value="172.18.4.57"/>
            <property name="os" value="Windows 10 64bit"/>
            <property name="katalonVersion" value="6.2.2.4"/>
        </properties>
        <testcase name="Test Cases/Account/TC_loginCustomer/TC_login081266483909" classname="Test Cases/Account/TC_loginCustomer/TC_login081266483909" status="PASSED">
            <system-out>2019-12-17 11:57:44 - [TEST_CASE][PASSED] - Test Cases/Account/TC_loginCustomer/TC_login081266483909: Test Cases/Account/TC_loginCustomer/TC_login081266483909&#xD;
&#xD;
2019-12-17 11:57:45 - [TEST_STEP][PASSED] - var_enciphered_pin = SecureUtils.doEncryptPinRsaEwallet(dev_public_pem_file, var_user_pin): null&#xD;
&#xD;
2019-12-17 11:57:46 - [TEST_STEP][PASSED] - plain = "{" + ""user_agent":"" + var_user_agent + ""," + ""phone_number":"" + var_phone_number + ""," + ""pin":"" + var_enciphered_pin + ""," + ""device_id":"" + var_device_id + ""," + ""fcm_token":"" + var_fcm_token + ""}": null&#xD;
&#xD;
2019-12-17 11:57:46 - [TEST_STEP][PASSED] - out.println(plain): null&#xD;
&#xD;
2019-12-17 11:57:46 - [TEST_STEP][PASSED] - encipheredData = SecureUtils.encryptAesEwallet(plain, var_aes_key): null&#xD;
&#xD;
2019-12-17 11:57:46 - [TEST_STEP][PASSED] - body = "{"organisation_id":"1","data":"" + encipheredData + "","lang":"id"}": null&#xD;
&#xD;
2019-12-17 11:57:46 - [TEST_STEP][PASSED] - out.println(body): null&#xD;
&#xD;
2019-12-17 11:57:46 - [TEST_STEP][PASSED] - request = findTestObject("Account/obj_loginCustomer"): null&#xD;
&#xD;
2019-12-17 11:57:46 - [TEST_STEP][PASSED] - request.setBodyContent(new com.kms.katalon.core.testobject.impl.HttpTextBodyContent(body, UTF-8, application/json)): null&#xD;
&#xD;
2019-12-17 11:57:46 - [TEST_STEP][PASSED] - response = sendRequest(request): Send request successfully&#xD;
&#xD;
2019-12-17 11:57:47 - [MESSAGE][INFO] - HAR: D:\katalon-ewallet\Reports\E_Wallet\TS_Gamification_Update_API_Get_List_Issuer\TS_Gamification_Update_API_Get_List_Issuer\20191217_115742\requests\main\0.har&#xD;
&#xD;
2019-12-17 11:57:47 - [MESSAGE][PASSED] - Send request successfully&#xD;
&#xD;
2019-12-17 11:57:47 - [TEST_STEP][PASSED] - println(request.getRestUrl()): null&#xD;
&#xD;
2019-12-17 11:57:47 - [TEST_STEP][PASSED] - body_content = responseBodyContent: null&#xD;
&#xD;
2019-12-17 11:57:47 - [TEST_STEP][PASSED] - status_code = statusCode: null&#xD;
&#xD;
2019-12-17 11:57:47 - [TEST_STEP][PASSED] - respDataMap = JsonSlurper().parseText(body_content): null&#xD;
&#xD;
2019-12-17 11:57:47 - [TEST_STEP][PASSED] - out.println(respDataMap): null&#xD;
&#xD;
2019-12-17 11:57:47 - [TEST_STEP][PASSED] - rc_ref = ReturnCodeWrapper(var_expected_rc).getEnumRC(): null&#xD;
&#xD;
2019-12-17 11:57:47 - [TEST_STEP][PASSED] - out.println(var_expected_rc): null&#xD;
&#xD;
2019-12-17 11:57:47 - [TEST_STEP][PASSED] - out.println(rc_ref.getRCName()): null&#xD;
&#xD;
2019-12-17 11:57:47 - [TEST_STEP][PASSED] - out.println(rc_ref.getHttpResponse()): null&#xD;
&#xD;
2019-12-17 11:57:47 - [TEST_STEP][PASSED] - rcIsTrue = verifyEqual(response_code, rc_ref.getRCName()): Actual object 'RC00' and expected object 'RC00' are equal&#xD;
&#xD;
2019-12-17 11:57:47 - [MESSAGE][PASSED] - Actual object 'RC00' and expected object 'RC00' are equal&#xD;
&#xD;
2019-12-17 11:57:47 - [TEST_STEP][PASSED] - httpRespIsTrue = verifyEqual(statusCode, rc_ref.getHttpResponse()): Actual object '200' and expected object '200' are equal&#xD;
&#xD;
2019-12-17 11:57:47 - [MESSAGE][PASSED] - Actual object '200' and expected object '200' are equal&#xD;
&#xD;
2019-12-17 11:57:47 - [TEST_STEP][PASSED] - if (rc_ref == RC00): null&#xD;
&#xD;
2019-12-17 11:57:47 - [TEST_STEP][PASSED] - decipheredResponseData = SecureUtils.decryptAesEwallet(data, var_aes_key): null&#xD;
&#xD;
2019-12-17 11:57:47 - [TEST_STEP][PASSED] - decipheredRespDataMap = JsonSlurper().parseText(decipheredResponseData): null&#xD;
&#xD;
2019-12-17 11:57:47 - [TEST_STEP][PASSED] - out.println(decipheredRespDataMap): null&#xD;
&#xD;
2019-12-17 11:57:47 - [TEST_STEP][PASSED] - access_token_customer = access_token: null</system-out>
            <system-err></system-err>
        </testcase>
        <testcase name="Test Cases/E_Wallet/TC_Gamification_Update_API_Get_List_Issuer/TC_Gamification_Update_API_Get_List_Issuer" classname="Test Cases/E_Wallet/TC_Gamification_Update_API_Get_List_Issuer/TC_Gamification_Update_API_Get_List_Issuer" status="PASSED">
            <system-out>2019-12-17 11:57:47 - [TEST_CASE][PASSED] - Test Cases/E_Wallet/TC_Gamification_Update_API_Get_List_Issuer/TC_Gamification_Update_API_Get_List_Issuer: Test Cases/E_Wallet/TC_Gamification_Update_API_Get_List_Issuer/TC_Gamification_Update_API_Get_List_Issuer&#xD;
&#xD;
2019-12-17 11:57:47 - [TEST_STEP][PASSED] - out.println("var_customer_token" + var_customer_token): null&#xD;
&#xD;
2019-12-17 11:57:47 - [TEST_STEP][PASSED] - out.println("var_partner_token" + var_partner_token): null&#xD;
&#xD;
2019-12-17 11:57:47 - [TEST_STEP][PASSED] - edc_id = edc_id: null&#xD;
&#xD;
2019-12-17 11:57:47 - [TEST_STEP][PASSED] - trx_type_id = trx_type_id: null&#xD;
&#xD;
2019-12-17 11:57:47 - [TEST_STEP][PASSED] - out_id = out_id: null&#xD;
&#xD;
2019-12-17 11:57:47 - [TEST_STEP][PASSED] - request = findTestObject("E_Wallet/obj_Gamification_Update_API_Get_List_Issuer"): null&#xD;
&#xD;
2019-12-17 11:57:47 - [TEST_STEP][PASSED] - if (var_customer_token == "0"): null&#xD;
&#xD;
2019-12-17 11:57:47 - [TEST_STEP][PASSED] - out.println("using access_token = " + access_token_customer): null&#xD;
&#xD;
2019-12-17 11:57:47 - [TEST_STEP][PASSED] - listQuery = new java.util.ArrayList(): null&#xD;
&#xD;
2019-12-17 11:57:47 - [TEST_STEP][PASSED] - listQuery.add(new com.kms.katalon.core.testobject.TestObjectProperty(token, com.kms.katalon.core.testobject.ConditionType.EQUALS, internal.GlobalVariable.access_token_customer)): null&#xD;
&#xD;
2019-12-17 11:57:47 - [TEST_STEP][PASSED] - request.setRestParameters(listQuery): null&#xD;
&#xD;
2019-12-17 11:57:47 - [TEST_STEP][PASSED] - response = sendRequest(request): Send request successfully&#xD;
&#xD;
2019-12-17 11:57:47 - [MESSAGE][INFO] - HAR: D:\katalon-ewallet\Reports\E_Wallet\TS_Gamification_Update_API_Get_List_Issuer\TS_Gamification_Update_API_Get_List_Issuer\20191217_115742\requests\main\1.har&#xD;
&#xD;
2019-12-17 11:57:47 - [MESSAGE][PASSED] - Send request successfully&#xD;
&#xD;
2019-12-17 11:57:47 - [TEST_STEP][PASSED] - body_content = responseBodyContent: null&#xD;
&#xD;
2019-12-17 11:57:47 - [TEST_STEP][PASSED] - status_code = statusCode: null&#xD;
&#xD;
2019-12-17 11:57:47 - [TEST_STEP][PASSED] - respDataMap = JsonSlurper().parseText(body_content): null&#xD;
&#xD;
2019-12-17 11:57:47 - [TEST_STEP][PASSED] - out.println(respDataMap): null&#xD;
&#xD;
2019-12-17 11:57:47 - [TEST_STEP][PASSED] - println(body_content): null&#xD;
&#xD;
2019-12-17 11:57:47 - [TEST_STEP][PASSED] - rc_ref = ReturnCodeWrapper(var_expected_rc).getEnumRC(): null&#xD;
&#xD;
2019-12-17 11:57:47 - [TEST_STEP][PASSED] - out.println(var_expected_rc): null&#xD;
&#xD;
2019-12-17 11:57:47 - [TEST_STEP][PASSED] - out.println(rc_ref.getRCName()): null&#xD;
&#xD;
2019-12-17 11:57:47 - [TEST_STEP][PASSED] - out.println(rc_ref.getHttpResponse()): null&#xD;
&#xD;
2019-12-17 11:57:47 - [TEST_STEP][PASSED] - result = verifyEqual(response_code, rc_ref.getRCName()): Actual object 'RC01' and expected object 'RC01' are equal&#xD;
&#xD;
2019-12-17 11:57:47 - [MESSAGE][PASSED] - Actual object 'RC01' and expected object 'RC01' are equal&#xD;
&#xD;
2019-12-17 11:57:47 - [TEST_STEP][PASSED] - if (result == false): null&#xD;
&#xD;
2019-12-17 11:57:47 - [TEST_STEP][PASSED] - else: null&#xD;
&#xD;
2019-12-17 11:57:47 - [TEST_STEP][PASSED] - verifyEqual(statusCode, rc_ref.getHttpResponse()): Actual object '400' and expected object '400' are equal&#xD;
&#xD;
2019-12-17 11:57:47 - [MESSAGE][PASSED] - Actual object '400' and expected object '400' are equal&#xD;
&#xD;
2019-12-17 11:57:47 - [TEST_STEP][PASSED] - if (rc_ref == RC00): null</system-out>
            <system-err></system-err>
        </testcase>
        <testcase name="Test Cases/E_Wallet/TC_Gamification_Update_API_Get_List_Issuer/TC_Gamification_Update_API_Get_List_Issuer" classname="Test Cases/E_Wallet/TC_Gamification_Update_API_Get_List_Issuer/TC_Gamification_Update_API_Get_List_Issuer" status="PASSED">
            <system-out>2019-12-17 11:57:47 - [TEST_CASE][PASSED] - Test Cases/E_Wallet/TC_Gamification_Update_API_Get_List_Issuer/TC_Gamification_Update_API_Get_List_Issuer: Test Cases/E_Wallet/TC_Gamification_Update_API_Get_List_Issuer/TC_Gamification_Update_API_Get_List_Issuer&#xD;
&#xD;
2019-12-17 11:57:47 - [TEST_STEP][PASSED] - out.println("var_customer_token" + var_customer_token): null&#xD;
&#xD;
2019-12-17 11:57:47 - [TEST_STEP][PASSED] - out.println("var_partner_token" + var_partner_token): null&#xD;
&#xD;
2019-12-17 11:57:47 - [TEST_STEP][PASSED] - edc_id = edc_id: null&#xD;
&#xD;
2019-12-17 11:57:47 - [TEST_STEP][PASSED] - trx_type_id = trx_type_id: null&#xD;
&#xD;
2019-12-17 11:57:47 - [TEST_STEP][PASSED] - out_id = out_id: null&#xD;
&#xD;
2019-12-17 11:57:47 - [TEST_STEP][PASSED] - request = findTestObject("E_Wallet/obj_Gamification_Update_API_Get_List_Issuer"): null&#xD;
&#xD;
2019-12-17 11:57:47 - [TEST_STEP][PASSED] - if (var_customer_token == "0"): null&#xD;
&#xD;
2019-12-17 11:57:47 - [TEST_STEP][PASSED] - out.println("using access_token = " + access_token_customer): null&#xD;
&#xD;
2019-12-17 11:57:47 - [TEST_STEP][PASSED] - listQuery = new java.util.ArrayList(): null&#xD;
&#xD;
2019-12-17 11:57:47 - [TEST_STEP][PASSED] - listQuery.add(new com.kms.katalon.core.testobject.TestObjectProperty(token, com.kms.katalon.core.testobject.ConditionType.EQUALS, internal.GlobalVariable.access_token_customer)): null&#xD;
&#xD;
2019-12-17 11:57:47 - [TEST_STEP][PASSED] - request.setRestParameters(listQuery): null&#xD;
&#xD;
2019-12-17 11:57:47 - [TEST_STEP][PASSED] - response = sendRequest(request): Send request successfully&#xD;
&#xD;
2019-12-17 11:57:48 - [MESSAGE][INFO] - HAR: D:\katalon-ewallet\Reports\E_Wallet\TS_Gamification_Update_API_Get_List_Issuer\TS_Gamification_Update_API_Get_List_Issuer\20191217_115742\requests\main\2.har&#xD;
&#xD;
2019-12-17 11:57:48 - [MESSAGE][PASSED] - Send request successfully&#xD;
&#xD;
2019-12-17 11:57:48 - [TEST_STEP][PASSED] - body_content = responseBodyContent: null&#xD;
&#xD;
2019-12-17 11:57:48 - [TEST_STEP][PASSED] - status_code = statusCode: null&#xD;
&#xD;
2019-12-17 11:57:48 - [TEST_STEP][PASSED] - respDataMap = JsonSlurper().parseText(body_content): null&#xD;
&#xD;
2019-12-17 11:57:48 - [TEST_STEP][PASSED] - out.println(respDataMap): null&#xD;
&#xD;
2019-12-17 11:57:48 - [TEST_STEP][PASSED] - println(body_content): null&#xD;
&#xD;
2019-12-17 11:57:48 - [TEST_STEP][PASSED] - rc_ref = ReturnCodeWrapper(var_expected_rc).getEnumRC(): null&#xD;
&#xD;
2019-12-17 11:57:48 - [TEST_STEP][PASSED] - out.println(var_expected_rc): null&#xD;
&#xD;
2019-12-17 11:57:48 - [TEST_STEP][PASSED] - out.println(rc_ref.getRCName()): null&#xD;
&#xD;
2019-12-17 11:57:48 - [TEST_STEP][PASSED] - out.println(rc_ref.getHttpResponse()): null&#xD;
&#xD;
2019-12-17 11:57:48 - [TEST_STEP][PASSED] - result = verifyEqual(response_code, rc_ref.getRCName()): Actual object 'RC01' and expected object 'RC01' are equal&#xD;
&#xD;
2019-12-17 11:57:48 - [MESSAGE][PASSED] - Actual object 'RC01' and expected object 'RC01' are equal&#xD;
&#xD;
2019-12-17 11:57:48 - [TEST_STEP][PASSED] - if (result == false): null&#xD;
&#xD;
2019-12-17 11:57:48 - [TEST_STEP][PASSED] - else: null&#xD;
&#xD;
2019-12-17 11:57:48 - [TEST_STEP][PASSED] - verifyEqual(statusCode, rc_ref.getHttpResponse()): Actual object '400' and expected object '400' are equal&#xD;
&#xD;
2019-12-17 11:57:48 - [MESSAGE][PASSED] - Actual object '400' and expected object '400' are equal&#xD;
&#xD;
2019-12-17 11:57:48 - [TEST_STEP][PASSED] - if (rc_ref == RC00): null</system-out>
            <system-err></system-err>
        </testcase>
        <testcase name="Test Cases/E_Wallet/TC_Gamification_Update_API_Get_List_Issuer/TC_Gamification_Update_API_Get_List_Issuer" classname="Test Cases/E_Wallet/TC_Gamification_Update_API_Get_List_Issuer/TC_Gamification_Update_API_Get_List_Issuer" status="PASSED">
            <system-out>2019-12-17 11:57:48 - [TEST_CASE][PASSED] - Test Cases/E_Wallet/TC_Gamification_Update_API_Get_List_Issuer/TC_Gamification_Update_API_Get_List_Issuer: Test Cases/E_Wallet/TC_Gamification_Update_API_Get_List_Issuer/TC_Gamification_Update_API_Get_List_Issuer&#xD;
&#xD;
2019-12-17 11:57:48 - [TEST_STEP][PASSED] - out.println("var_customer_token" + var_customer_token): null&#xD;
&#xD;
2019-12-17 11:57:48 - [TEST_STEP][PASSED] - out.println("var_partner_token" + var_partner_token): null&#xD;
&#xD;
2019-12-17 11:57:48 - [TEST_STEP][PASSED] - edc_id = edc_id: null&#xD;
&#xD;
2019-12-17 11:57:48 - [TEST_STEP][PASSED] - trx_type_id = trx_type_id: null&#xD;
&#xD;
2019-12-17 11:57:48 - [TEST_STEP][PASSED] - out_id = out_id: null&#xD;
&#xD;
2019-12-17 11:57:48 - [TEST_STEP][PASSED] - request = findTestObject("E_Wallet/obj_Gamification_Update_API_Get_List_Issuer"): null&#xD;
&#xD;
2019-12-17 11:57:48 - [TEST_STEP][PASSED] - if (var_customer_token == "0"): null&#xD;
&#xD;
2019-12-17 11:57:48 - [TEST_STEP][PASSED] - out.println("using access_token = " + access_token_customer): null&#xD;
&#xD;
2019-12-17 11:57:48 - [TEST_STEP][PASSED] - listQuery = new java.util.ArrayList(): null&#xD;
&#xD;
2019-12-17 11:57:48 - [TEST_STEP][PASSED] - listQuery.add(new com.kms.katalon.core.testobject.TestObjectProperty(token, com.kms.katalon.core.testobject.ConditionType.EQUALS, internal.GlobalVariable.access_token_customer)): null&#xD;
&#xD;
2019-12-17 11:57:48 - [TEST_STEP][PASSED] - request.setRestParameters(listQuery): null&#xD;
&#xD;
2019-12-17 11:57:48 - [TEST_STEP][PASSED] - response = sendRequest(request): Send request successfully&#xD;
&#xD;
2019-12-17 11:57:48 - [MESSAGE][INFO] - HAR: D:\katalon-ewallet\Reports\E_Wallet\TS_Gamification_Update_API_Get_List_Issuer\TS_Gamification_Update_API_Get_List_Issuer\20191217_115742\requests\main\3.har&#xD;
&#xD;
2019-12-17 11:57:48 - [MESSAGE][PASSED] - Send request successfully&#xD;
&#xD;
2019-12-17 11:57:48 - [TEST_STEP][PASSED] - body_content = responseBodyContent: null&#xD;
&#xD;
2019-12-17 11:57:48 - [TEST_STEP][PASSED] - status_code = statusCode: null&#xD;
&#xD;
2019-12-17 11:57:48 - [TEST_STEP][PASSED] - respDataMap = JsonSlurper().parseText(body_content): null&#xD;
&#xD;
2019-12-17 11:57:48 - [TEST_STEP][PASSED] - out.println(respDataMap): null&#xD;
&#xD;
2019-12-17 11:57:48 - [TEST_STEP][PASSED] - println(body_content): null&#xD;
&#xD;
2019-12-17 11:57:48 - [TEST_STEP][PASSED] - rc_ref = ReturnCodeWrapper(var_expected_rc).getEnumRC(): null&#xD;
&#xD;
2019-12-17 11:57:48 - [TEST_STEP][PASSED] - out.println(var_expected_rc): null&#xD;
&#xD;
2019-12-17 11:57:48 - [TEST_STEP][PASSED] - out.println(rc_ref.getRCName()): null&#xD;
&#xD;
2019-12-17 11:57:48 - [TEST_STEP][PASSED] - out.println(rc_ref.getHttpResponse()): null&#xD;
&#xD;
2019-12-17 11:57:48 - [TEST_STEP][PASSED] - result = verifyEqual(response_code, rc_ref.getRCName()): Actual object 'RC06' and expected object 'RC06' are equal&#xD;
&#xD;
2019-12-17 11:57:48 - [MESSAGE][PASSED] - Actual object 'RC06' and expected object 'RC06' are equal&#xD;
&#xD;
2019-12-17 11:57:48 - [TEST_STEP][PASSED] - if (result == false): null&#xD;
&#xD;
2019-12-17 11:57:48 - [TEST_STEP][PASSED] - else: null&#xD;
&#xD;
2019-12-17 11:57:48 - [TEST_STEP][PASSED] - verifyEqual(statusCode, rc_ref.getHttpResponse()): Actual object '401' and expected object '401' are equal&#xD;
&#xD;
2019-12-17 11:57:48 - [MESSAGE][PASSED] - Actual object '401' and expected object '401' are equal&#xD;
&#xD;
2019-12-17 11:57:48 - [TEST_STEP][PASSED] - if (rc_ref == RC00): null</system-out>
            <system-err></system-err>
        </testcase>
        <testcase name="Test Cases/E_Wallet/TC_Gamification_Update_API_Get_List_Issuer/TC_Gamification_Update_API_Get_List_Issuer" classname="Test Cases/E_Wallet/TC_Gamification_Update_API_Get_List_Issuer/TC_Gamification_Update_API_Get_List_Issuer" status="PASSED">
            <system-out>2019-12-17 11:57:48 - [TEST_CASE][PASSED] - Test Cases/E_Wallet/TC_Gamification_Update_API_Get_List_Issuer/TC_Gamification_Update_API_Get_List_Issuer: Test Cases/E_Wallet/TC_Gamification_Update_API_Get_List_Issuer/TC_Gamification_Update_API_Get_List_Issuer&#xD;
&#xD;
2019-12-17 11:57:48 - [TEST_STEP][PASSED] - out.println("var_customer_token" + var_customer_token): null&#xD;
&#xD;
2019-12-17 11:57:48 - [TEST_STEP][PASSED] - out.println("var_partner_token" + var_partner_token): null&#xD;
&#xD;
2019-12-17 11:57:48 - [TEST_STEP][PASSED] - edc_id = edc_id: null&#xD;
&#xD;
2019-12-17 11:57:48 - [TEST_STEP][PASSED] - trx_type_id = trx_type_id: null&#xD;
&#xD;
2019-12-17 11:57:48 - [TEST_STEP][PASSED] - out_id = out_id: null&#xD;
&#xD;
2019-12-17 11:57:48 - [TEST_STEP][PASSED] - request = findTestObject("E_Wallet/obj_Gamification_Update_API_Get_List_Issuer"): null&#xD;
&#xD;
2019-12-17 11:57:48 - [TEST_STEP][PASSED] - if (var_customer_token == "0"): null&#xD;
&#xD;
2019-12-17 11:57:48 - [TEST_STEP][PASSED] - out.println("using access_token = " + access_token_customer): null&#xD;
&#xD;
2019-12-17 11:57:48 - [TEST_STEP][PASSED] - listQuery = new java.util.ArrayList(): null&#xD;
&#xD;
2019-12-17 11:57:48 - [TEST_STEP][PASSED] - listQuery.add(new com.kms.katalon.core.testobject.TestObjectProperty(token, com.kms.katalon.core.testobject.ConditionType.EQUALS, internal.GlobalVariable.access_token_customer)): null&#xD;
&#xD;
2019-12-17 11:57:48 - [TEST_STEP][PASSED] - request.setRestParameters(listQuery): null&#xD;
&#xD;
2019-12-17 11:57:48 - [TEST_STEP][PASSED] - response = sendRequest(request): Send request successfully&#xD;
&#xD;
2019-12-17 11:57:48 - [MESSAGE][INFO] - HAR: D:\katalon-ewallet\Reports\E_Wallet\TS_Gamification_Update_API_Get_List_Issuer\TS_Gamification_Update_API_Get_List_Issuer\20191217_115742\requests\main\4.har&#xD;
&#xD;
2019-12-17 11:57:48 - [MESSAGE][PASSED] - Send request successfully&#xD;
&#xD;
2019-12-17 11:57:48 - [TEST_STEP][PASSED] - body_content = responseBodyContent: null&#xD;
&#xD;
2019-12-17 11:57:48 - [TEST_STEP][PASSED] - status_code = statusCode: null&#xD;
&#xD;
2019-12-17 11:57:48 - [TEST_STEP][PASSED] - respDataMap = JsonSlurper().parseText(body_content): null&#xD;
&#xD;
2019-12-17 11:57:48 - [TEST_STEP][PASSED] - out.println(respDataMap): null&#xD;
&#xD;
2019-12-17 11:57:48 - [TEST_STEP][PASSED] - println(body_content): null&#xD;
&#xD;
2019-12-17 11:57:48 - [TEST_STEP][PASSED] - rc_ref = ReturnCodeWrapper(var_expected_rc).getEnumRC(): null&#xD;
&#xD;
2019-12-17 11:57:48 - [TEST_STEP][PASSED] - out.println(var_expected_rc): null&#xD;
&#xD;
2019-12-17 11:57:48 - [TEST_STEP][PASSED] - out.println(rc_ref.getRCName()): null&#xD;
&#xD;
2019-12-17 11:57:48 - [TEST_STEP][PASSED] - out.println(rc_ref.getHttpResponse()): null&#xD;
&#xD;
2019-12-17 11:57:48 - [TEST_STEP][PASSED] - result = verifyEqual(response_code, rc_ref.getRCName()): Actual object 'RC06' and expected object 'RC06' are equal&#xD;
&#xD;
2019-12-17 11:57:48 - [MESSAGE][PASSED] - Actual object 'RC06' and expected object 'RC06' are equal&#xD;
&#xD;
2019-12-17 11:57:48 - [TEST_STEP][PASSED] - if (result == false): null&#xD;
&#xD;
2019-12-17 11:57:48 - [TEST_STEP][PASSED] - else: null&#xD;
&#xD;
2019-12-17 11:57:48 - [TEST_STEP][PASSED] - verifyEqual(statusCode, rc_ref.getHttpResponse()): Actual object '401' and expected object '401' are equal&#xD;
&#xD;
2019-12-17 11:57:48 - [MESSAGE][PASSED] - Actual object '401' and expected object '401' are equal&#xD;
&#xD;
2019-12-17 11:57:48 - [TEST_STEP][PASSED] - if (rc_ref == RC00): null</system-out>
            <system-err></system-err>
        </testcase>
        <testcase name="Test Cases/E_Wallet/TC_Gamification_Update_API_Get_List_Issuer/TC_Gamification_Update_API_Get_List_Issuer" classname="Test Cases/E_Wallet/TC_Gamification_Update_API_Get_List_Issuer/TC_Gamification_Update_API_Get_List_Issuer" status="PASSED">
            <system-out>2019-12-17 11:57:48 - [TEST_CASE][PASSED] - Test Cases/E_Wallet/TC_Gamification_Update_API_Get_List_Issuer/TC_Gamification_Update_API_Get_List_Issuer: Test Cases/E_Wallet/TC_Gamification_Update_API_Get_List_Issuer/TC_Gamification_Update_API_Get_List_Issuer&#xD;
&#xD;
2019-12-17 11:57:48 - [TEST_STEP][PASSED] - out.println("var_customer_token" + var_customer_token): null&#xD;
&#xD;
2019-12-17 11:57:48 - [TEST_STEP][PASSED] - out.println("var_partner_token" + var_partner_token): null&#xD;
&#xD;
2019-12-17 11:57:48 - [TEST_STEP][PASSED] - edc_id = edc_id: null&#xD;
&#xD;
2019-12-17 11:57:48 - [TEST_STEP][PASSED] - trx_type_id = trx_type_id: null&#xD;
&#xD;
2019-12-17 11:57:48 - [TEST_STEP][PASSED] - out_id = out_id: null&#xD;
&#xD;
2019-12-17 11:57:48 - [TEST_STEP][PASSED] - request = findTestObject("E_Wallet/obj_Gamification_Update_API_Get_List_Issuer"): null&#xD;
&#xD;
2019-12-17 11:57:48 - [TEST_STEP][PASSED] - if (var_customer_token == "0"): null&#xD;
&#xD;
2019-12-17 11:57:48 - [TEST_STEP][PASSED] - out.println("using access_token = " + access_token_customer): null&#xD;
&#xD;
2019-12-17 11:57:48 - [TEST_STEP][PASSED] - listQuery = new java.util.ArrayList(): null&#xD;
&#xD;
2019-12-17 11:57:48 - [TEST_STEP][PASSED] - listQuery.add(new com.kms.katalon.core.testobject.TestObjectProperty(token, com.kms.katalon.core.testobject.ConditionType.EQUALS, internal.GlobalVariable.access_token_customer)): null&#xD;
&#xD;
2019-12-17 11:57:48 - [TEST_STEP][PASSED] - request.setRestParameters(listQuery): null&#xD;
&#xD;
2019-12-17 11:57:48 - [TEST_STEP][PASSED] - response = sendRequest(request): Send request successfully&#xD;
&#xD;
2019-12-17 11:57:48 - [MESSAGE][INFO] - HAR: D:\katalon-ewallet\Reports\E_Wallet\TS_Gamification_Update_API_Get_List_Issuer\TS_Gamification_Update_API_Get_List_Issuer\20191217_115742\requests\main\5.har&#xD;
&#xD;
2019-12-17 11:57:48 - [MESSAGE][PASSED] - Send request successfully&#xD;
&#xD;
2019-12-17 11:57:48 - [TEST_STEP][PASSED] - body_content = responseBodyContent: null&#xD;
&#xD;
2019-12-17 11:57:48 - [TEST_STEP][PASSED] - status_code = statusCode: null&#xD;
&#xD;
2019-12-17 11:57:48 - [TEST_STEP][PASSED] - respDataMap = JsonSlurper().parseText(body_content): null&#xD;
&#xD;
2019-12-17 11:57:48 - [TEST_STEP][PASSED] - out.println(respDataMap): null&#xD;
&#xD;
2019-12-17 11:57:48 - [TEST_STEP][PASSED] - println(body_content): null&#xD;
&#xD;
2019-12-17 11:57:48 - [TEST_STEP][PASSED] - rc_ref = ReturnCodeWrapper(var_expected_rc).getEnumRC(): null&#xD;
&#xD;
2019-12-17 11:57:48 - [TEST_STEP][PASSED] - out.println(var_expected_rc): null&#xD;
&#xD;
2019-12-17 11:57:48 - [TEST_STEP][PASSED] - out.println(rc_ref.getRCName()): null&#xD;
&#xD;
2019-12-17 11:57:48 - [TEST_STEP][PASSED] - out.println(rc_ref.getHttpResponse()): null&#xD;
&#xD;
2019-12-17 11:57:48 - [TEST_STEP][PASSED] - result = verifyEqual(response_code, rc_ref.getRCName()): Actual object 'RC06' and expected object 'RC06' are equal&#xD;
&#xD;
2019-12-17 11:57:48 - [MESSAGE][PASSED] - Actual object 'RC06' and expected object 'RC06' are equal&#xD;
&#xD;
2019-12-17 11:57:48 - [TEST_STEP][PASSED] - if (result == false): null&#xD;
&#xD;
2019-12-17 11:57:48 - [TEST_STEP][PASSED] - else: null&#xD;
&#xD;
2019-12-17 11:57:48 - [TEST_STEP][PASSED] - verifyEqual(statusCode, rc_ref.getHttpResponse()): Actual object '401' and expected object '401' are equal&#xD;
&#xD;
2019-12-17 11:57:48 - [MESSAGE][PASSED] - Actual object '401' and expected object '401' are equal&#xD;
&#xD;
2019-12-17 11:57:48 - [TEST_STEP][PASSED] - if (rc_ref == RC00): null</system-out>
            <system-err></system-err>
        </testcase>
        <testcase name="Test Cases/E_Wallet/TC_Gamification_Update_API_Get_List_Issuer/TC_Gamification_Update_API_Get_List_Issuer" classname="Test Cases/E_Wallet/TC_Gamification_Update_API_Get_List_Issuer/TC_Gamification_Update_API_Get_List_Issuer" status="PASSED">
            <system-out>2019-12-17 11:57:48 - [TEST_CASE][PASSED] - Test Cases/E_Wallet/TC_Gamification_Update_API_Get_List_Issuer/TC_Gamification_Update_API_Get_List_Issuer: Test Cases/E_Wallet/TC_Gamification_Update_API_Get_List_Issuer/TC_Gamification_Update_API_Get_List_Issuer&#xD;
&#xD;
2019-12-17 11:57:48 - [TEST_STEP][PASSED] - out.println("var_customer_token" + var_customer_token): null&#xD;
&#xD;
2019-12-17 11:57:48 - [TEST_STEP][PASSED] - out.println("var_partner_token" + var_partner_token): null&#xD;
&#xD;
2019-12-17 11:57:48 - [TEST_STEP][PASSED] - edc_id = edc_id: null&#xD;
&#xD;
2019-12-17 11:57:48 - [TEST_STEP][PASSED] - trx_type_id = trx_type_id: null&#xD;
&#xD;
2019-12-17 11:57:48 - [TEST_STEP][PASSED] - out_id = out_id: null&#xD;
&#xD;
2019-12-17 11:57:48 - [TEST_STEP][PASSED] - request = findTestObject("E_Wallet/obj_Gamification_Update_API_Get_List_Issuer"): null&#xD;
&#xD;
2019-12-17 11:57:48 - [TEST_STEP][PASSED] - if (var_customer_token == "0"): null&#xD;
&#xD;
2019-12-17 11:57:48 - [TEST_STEP][PASSED] - out.println("using access_token = " + access_token_customer): null&#xD;
&#xD;
2019-12-17 11:57:48 - [TEST_STEP][PASSED] - listQuery = new java.util.ArrayList(): null&#xD;
&#xD;
2019-12-17 11:57:48 - [TEST_STEP][PASSED] - listQuery.add(new com.kms.katalon.core.testobject.TestObjectProperty(token, com.kms.katalon.core.testobject.ConditionType.EQUALS, internal.GlobalVariable.access_token_customer)): null&#xD;
&#xD;
2019-12-17 11:57:48 - [TEST_STEP][PASSED] - request.setRestParameters(listQuery): null&#xD;
&#xD;
2019-12-17 11:57:48 - [TEST_STEP][PASSED] - response = sendRequest(request): Send request successfully&#xD;
&#xD;
2019-12-17 11:57:48 - [MESSAGE][INFO] - HAR: D:\katalon-ewallet\Reports\E_Wallet\TS_Gamification_Update_API_Get_List_Issuer\TS_Gamification_Update_API_Get_List_Issuer\20191217_115742\requests\main\6.har&#xD;
&#xD;
2019-12-17 11:57:48 - [MESSAGE][PASSED] - Send request successfully&#xD;
&#xD;
2019-12-17 11:57:48 - [TEST_STEP][PASSED] - body_content = responseBodyContent: null&#xD;
&#xD;
2019-12-17 11:57:48 - [TEST_STEP][PASSED] - status_code = statusCode: null&#xD;
&#xD;
2019-12-17 11:57:48 - [TEST_STEP][PASSED] - respDataMap = JsonSlurper().parseText(body_content): null&#xD;
&#xD;
2019-12-17 11:57:48 - [TEST_STEP][PASSED] - out.println(respDataMap): null&#xD;
&#xD;
2019-12-17 11:57:48 - [TEST_STEP][PASSED] - println(body_content): null&#xD;
&#xD;
2019-12-17 11:57:48 - [TEST_STEP][PASSED] - rc_ref = ReturnCodeWrapper(var_expected_rc).getEnumRC(): null&#xD;
&#xD;
2019-12-17 11:57:48 - [TEST_STEP][PASSED] - out.println(var_expected_rc): null&#xD;
&#xD;
2019-12-17 11:57:48 - [TEST_STEP][PASSED] - out.println(rc_ref.getRCName()): null&#xD;
&#xD;
2019-12-17 11:57:48 - [TEST_STEP][PASSED] - out.println(rc_ref.getHttpResponse()): null&#xD;
&#xD;
2019-12-17 11:57:48 - [TEST_STEP][PASSED] - result = verifyEqual(response_code, rc_ref.getRCName()): Actual object 'RC01' and expected object 'RC01' are equal&#xD;
&#xD;
2019-12-17 11:57:48 - [MESSAGE][PASSED] - Actual object 'RC01' and expected object 'RC01' are equal&#xD;
&#xD;
2019-12-17 11:57:48 - [TEST_STEP][PASSED] - if (result == false): null&#xD;
&#xD;
2019-12-17 11:57:48 - [TEST_STEP][PASSED] - else: null&#xD;
&#xD;
2019-12-17 11:57:48 - [TEST_STEP][PASSED] - verifyEqual(statusCode, rc_ref.getHttpResponse()): Actual object '400' and expected object '400' are equal&#xD;
&#xD;
2019-12-17 11:57:48 - [MESSAGE][PASSED] - Actual object '400' and expected object '400' are equal&#xD;
&#xD;
2019-12-17 11:57:48 - [TEST_STEP][PASSED] - if (rc_ref == RC00): null</system-out>
            <system-err></system-err>
        </testcase>
        <testcase name="Test Cases/E_Wallet/TC_Gamification_Update_API_Get_List_Issuer/TC_Gamification_Update_API_Get_List_Issuer" classname="Test Cases/E_Wallet/TC_Gamification_Update_API_Get_List_Issuer/TC_Gamification_Update_API_Get_List_Issuer" status="PASSED">
            <system-out>2019-12-17 11:57:48 - [TEST_CASE][PASSED] - Test Cases/E_Wallet/TC_Gamification_Update_API_Get_List_Issuer/TC_Gamification_Update_API_Get_List_Issuer: Test Cases/E_Wallet/TC_Gamification_Update_API_Get_List_Issuer/TC_Gamification_Update_API_Get_List_Issuer&#xD;
&#xD;
2019-12-17 11:57:49 - [TEST_STEP][PASSED] - out.println("var_customer_token" + var_customer_token): null&#xD;
&#xD;
2019-12-17 11:57:49 - [TEST_STEP][PASSED] - out.println("var_partner_token" + var_partner_token): null&#xD;
&#xD;
2019-12-17 11:57:49 - [TEST_STEP][PASSED] - edc_id = edc_id: null&#xD;
&#xD;
2019-12-17 11:57:49 - [TEST_STEP][PASSED] - trx_type_id = trx_type_id: null&#xD;
&#xD;
2019-12-17 11:57:49 - [TEST_STEP][PASSED] - out_id = out_id: null&#xD;
&#xD;
2019-12-17 11:57:49 - [TEST_STEP][PASSED] - request = findTestObject("E_Wallet/obj_Gamification_Update_API_Get_List_Issuer"): null&#xD;
&#xD;
2019-12-17 11:57:49 - [TEST_STEP][PASSED] - if (var_customer_token == "0"): null&#xD;
&#xD;
2019-12-17 11:57:49 - [TEST_STEP][PASSED] - out.println("using access_token = " + access_token_customer): null&#xD;
&#xD;
2019-12-17 11:57:49 - [TEST_STEP][PASSED] - listQuery = new java.util.ArrayList(): null&#xD;
&#xD;
2019-12-17 11:57:49 - [TEST_STEP][PASSED] - listQuery.add(new com.kms.katalon.core.testobject.TestObjectProperty(token, com.kms.katalon.core.testobject.ConditionType.EQUALS, internal.GlobalVariable.access_token_customer)): null&#xD;
&#xD;
2019-12-17 11:57:49 - [TEST_STEP][PASSED] - request.setRestParameters(listQuery): null&#xD;
&#xD;
2019-12-17 11:57:49 - [TEST_STEP][PASSED] - response = sendRequest(request): Send request successfully&#xD;
&#xD;
2019-12-17 11:57:49 - [MESSAGE][INFO] - HAR: D:\katalon-ewallet\Reports\E_Wallet\TS_Gamification_Update_API_Get_List_Issuer\TS_Gamification_Update_API_Get_List_Issuer\20191217_115742\requests\main\7.har&#xD;
&#xD;
2019-12-17 11:57:49 - [MESSAGE][PASSED] - Send request successfully&#xD;
&#xD;
2019-12-17 11:57:49 - [TEST_STEP][PASSED] - body_content = responseBodyContent: null&#xD;
&#xD;
2019-12-17 11:57:49 - [TEST_STEP][PASSED] - status_code = statusCode: null&#xD;
&#xD;
2019-12-17 11:57:49 - [TEST_STEP][PASSED] - respDataMap = JsonSlurper().parseText(body_content): null&#xD;
&#xD;
2019-12-17 11:57:49 - [TEST_STEP][PASSED] - out.println(respDataMap): null&#xD;
&#xD;
2019-12-17 11:57:49 - [TEST_STEP][PASSED] - println(body_content): null&#xD;
&#xD;
2019-12-17 11:57:49 - [TEST_STEP][PASSED] - rc_ref = ReturnCodeWrapper(var_expected_rc).getEnumRC(): null&#xD;
&#xD;
2019-12-17 11:57:49 - [TEST_STEP][PASSED] - out.println(var_expected_rc): null&#xD;
&#xD;
2019-12-17 11:57:49 - [TEST_STEP][PASSED] - out.println(rc_ref.getRCName()): null&#xD;
&#xD;
2019-12-17 11:57:49 - [TEST_STEP][PASSED] - out.println(rc_ref.getHttpResponse()): null&#xD;
&#xD;
2019-12-17 11:57:49 - [TEST_STEP][PASSED] - result = verifyEqual(response_code, rc_ref.getRCName()): Actual object 'RC06' and expected object 'RC06' are equal&#xD;
&#xD;
2019-12-17 11:57:49 - [MESSAGE][PASSED] - Actual object 'RC06' and expected object 'RC06' are equal&#xD;
&#xD;
2019-12-17 11:57:49 - [TEST_STEP][PASSED] - if (result == false): null&#xD;
&#xD;
2019-12-17 11:57:49 - [TEST_STEP][PASSED] - else: null&#xD;
&#xD;
2019-12-17 11:57:49 - [TEST_STEP][PASSED] - verifyEqual(statusCode, rc_ref.getHttpResponse()): Actual object '401' and expected object '401' are equal&#xD;
&#xD;
2019-12-17 11:57:49 - [MESSAGE][PASSED] - Actual object '401' and expected object '401' are equal&#xD;
&#xD;
2019-12-17 11:57:49 - [TEST_STEP][PASSED] - if (rc_ref == RC00): null</system-out>
            <system-err></system-err>
        </testcase>
        <testcase name="Test Cases/E_Wallet/TC_Gamification_Update_API_Get_List_Issuer/TC_Gamification_Update_API_Get_List_Issuer" classname="Test Cases/E_Wallet/TC_Gamification_Update_API_Get_List_Issuer/TC_Gamification_Update_API_Get_List_Issuer" status="PASSED">
            <system-out>2019-12-17 11:57:49 - [TEST_CASE][PASSED] - Test Cases/E_Wallet/TC_Gamification_Update_API_Get_List_Issuer/TC_Gamification_Update_API_Get_List_Issuer: Test Cases/E_Wallet/TC_Gamification_Update_API_Get_List_Issuer/TC_Gamification_Update_API_Get_List_Issuer&#xD;
&#xD;
2019-12-17 11:57:49 - [TEST_STEP][PASSED] - out.println("var_customer_token" + var_customer_token): null&#xD;
&#xD;
2019-12-17 11:57:49 - [TEST_STEP][PASSED] - out.println("var_partner_token" + var_partner_token): null&#xD;
&#xD;
2019-12-17 11:57:49 - [TEST_STEP][PASSED] - edc_id = edc_id: null&#xD;
&#xD;
2019-12-17 11:57:49 - [TEST_STEP][PASSED] - trx_type_id = trx_type_id: null&#xD;
&#xD;
2019-12-17 11:57:49 - [TEST_STEP][PASSED] - out_id = out_id: null&#xD;
&#xD;
2019-12-17 11:57:49 - [TEST_STEP][PASSED] - request = findTestObject("E_Wallet/obj_Gamification_Update_API_Get_List_Issuer"): null&#xD;
&#xD;
2019-12-17 11:57:49 - [TEST_STEP][PASSED] - if (var_customer_token == "0"): null&#xD;
&#xD;
2019-12-17 11:57:49 - [TEST_STEP][PASSED] - out.println("using access_token = " + access_token_customer): null&#xD;
&#xD;
2019-12-17 11:57:49 - [TEST_STEP][PASSED] - listQuery = new java.util.ArrayList(): null&#xD;
&#xD;
2019-12-17 11:57:49 - [TEST_STEP][PASSED] - listQuery.add(new com.kms.katalon.core.testobject.TestObjectProperty(token, com.kms.katalon.core.testobject.ConditionType.EQUALS, internal.GlobalVariable.access_token_customer)): null&#xD;
&#xD;
2019-12-17 11:57:49 - [TEST_STEP][PASSED] - request.setRestParameters(listQuery): null&#xD;
&#xD;
2019-12-17 11:57:49 - [TEST_STEP][PASSED] - response = sendRequest(request): Send request successfully&#xD;
&#xD;
2019-12-17 11:57:49 - [MESSAGE][INFO] - HAR: D:\katalon-ewallet\Reports\E_Wallet\TS_Gamification_Update_API_Get_List_Issuer\TS_Gamification_Update_API_Get_List_Issuer\20191217_115742\requests\main\8.har&#xD;
&#xD;
2019-12-17 11:57:49 - [MESSAGE][PASSED] - Send request successfully&#xD;
&#xD;
2019-12-17 11:57:49 - [TEST_STEP][PASSED] - body_content = responseBodyContent: null&#xD;
&#xD;
2019-12-17 11:57:49 - [TEST_STEP][PASSED] - status_code = statusCode: null&#xD;
&#xD;
2019-12-17 11:57:49 - [TEST_STEP][PASSED] - respDataMap = JsonSlurper().parseText(body_content): null&#xD;
&#xD;
2019-12-17 11:57:49 - [TEST_STEP][PASSED] - out.println(respDataMap): null&#xD;
&#xD;
2019-12-17 11:57:49 - [TEST_STEP][PASSED] - println(body_content): null&#xD;
&#xD;
2019-12-17 11:57:49 - [TEST_STEP][PASSED] - rc_ref = ReturnCodeWrapper(var_expected_rc).getEnumRC(): null&#xD;
&#xD;
2019-12-17 11:57:49 - [TEST_STEP][PASSED] - out.println(var_expected_rc): null&#xD;
&#xD;
2019-12-17 11:57:49 - [TEST_STEP][PASSED] - out.println(rc_ref.getRCName()): null&#xD;
&#xD;
2019-12-17 11:57:49 - [TEST_STEP][PASSED] - out.println(rc_ref.getHttpResponse()): null&#xD;
&#xD;
2019-12-17 11:57:49 - [TEST_STEP][PASSED] - result = verifyEqual(response_code, rc_ref.getRCName()): Actual object 'RC06' and expected object 'RC06' are equal&#xD;
&#xD;
2019-12-17 11:57:49 - [MESSAGE][PASSED] - Actual object 'RC06' and expected object 'RC06' are equal&#xD;
&#xD;
2019-12-17 11:57:49 - [TEST_STEP][PASSED] - if (result == false): null&#xD;
&#xD;
2019-12-17 11:57:49 - [TEST_STEP][PASSED] - else: null&#xD;
&#xD;
2019-12-17 11:57:49 - [TEST_STEP][PASSED] - verifyEqual(statusCode, rc_ref.getHttpResponse()): Actual object '401' and expected object '401' are equal&#xD;
&#xD;
2019-12-17 11:57:49 - [MESSAGE][PASSED] - Actual object '401' and expected object '401' are equal&#xD;
&#xD;
2019-12-17 11:57:49 - [TEST_STEP][PASSED] - if (rc_ref == RC00): null</system-out>
            <system-err></system-err>
        </testcase>
        <testcase name="Test Cases/E_Wallet/TC_Gamification_Update_API_Get_List_Issuer/TC_Gamification_Update_API_Get_List_Issuer" classname="Test Cases/E_Wallet/TC_Gamification_Update_API_Get_List_Issuer/TC_Gamification_Update_API_Get_List_Issuer" status="PASSED">
            <system-out>2019-12-17 11:57:49 - [TEST_CASE][PASSED] - Test Cases/E_Wallet/TC_Gamification_Update_API_Get_List_Issuer/TC_Gamification_Update_API_Get_List_Issuer: Test Cases/E_Wallet/TC_Gamification_Update_API_Get_List_Issuer/TC_Gamification_Update_API_Get_List_Issuer&#xD;
&#xD;
2019-12-17 11:57:49 - [TEST_STEP][PASSED] - out.println("var_customer_token" + var_customer_token): null&#xD;
&#xD;
2019-12-17 11:57:49 - [TEST_STEP][PASSED] - out.println("var_partner_token" + var_partner_token): null&#xD;
&#xD;
2019-12-17 11:57:49 - [TEST_STEP][PASSED] - edc_id = edc_id: null&#xD;
&#xD;
2019-12-17 11:57:49 - [TEST_STEP][PASSED] - trx_type_id = trx_type_id: null&#xD;
&#xD;
2019-12-17 11:57:49 - [TEST_STEP][PASSED] - out_id = out_id: null&#xD;
&#xD;
2019-12-17 11:57:49 - [TEST_STEP][PASSED] - request = findTestObject("E_Wallet/obj_Gamification_Update_API_Get_List_Issuer"): null&#xD;
&#xD;
2019-12-17 11:57:49 - [TEST_STEP][PASSED] - if (var_customer_token == "0"): null&#xD;
&#xD;
2019-12-17 11:57:49 - [TEST_STEP][PASSED] - out.println("using access_token = " + access_token_customer): null&#xD;
&#xD;
2019-12-17 11:57:49 - [TEST_STEP][PASSED] - listQuery = new java.util.ArrayList(): null&#xD;
&#xD;
2019-12-17 11:57:49 - [TEST_STEP][PASSED] - listQuery.add(new com.kms.katalon.core.testobject.TestObjectProperty(token, com.kms.katalon.core.testobject.ConditionType.EQUALS, internal.GlobalVariable.access_token_customer)): null&#xD;
&#xD;
2019-12-17 11:57:49 - [TEST_STEP][PASSED] - request.setRestParameters(listQuery): null&#xD;
&#xD;
2019-12-17 11:57:49 - [TEST_STEP][PASSED] - response = sendRequest(request): Send request successfully&#xD;
&#xD;
2019-12-17 11:57:49 - [MESSAGE][INFO] - HAR: D:\katalon-ewallet\Reports\E_Wallet\TS_Gamification_Update_API_Get_List_Issuer\TS_Gamification_Update_API_Get_List_Issuer\20191217_115742\requests\main\9.har&#xD;
&#xD;
2019-12-17 11:57:49 - [MESSAGE][PASSED] - Send request successfully&#xD;
&#xD;
2019-12-17 11:57:49 - [TEST_STEP][PASSED] - body_content = responseBodyContent: null&#xD;
&#xD;
2019-12-17 11:57:49 - [TEST_STEP][PASSED] - status_code = statusCode: null&#xD;
&#xD;
2019-12-17 11:57:49 - [TEST_STEP][PASSED] - respDataMap = JsonSlurper().parseText(body_content): null&#xD;
&#xD;
2019-12-17 11:57:49 - [TEST_STEP][PASSED] - out.println(respDataMap): null&#xD;
&#xD;
2019-12-17 11:57:49 - [TEST_STEP][PASSED] - println(body_content): null&#xD;
&#xD;
2019-12-17 11:57:49 - [TEST_STEP][PASSED] - rc_ref = ReturnCodeWrapper(var_expected_rc).getEnumRC(): null&#xD;
&#xD;
2019-12-17 11:57:49 - [TEST_STEP][PASSED] - out.println(var_expected_rc): null&#xD;
&#xD;
2019-12-17 11:57:49 - [TEST_STEP][PASSED] - out.println(rc_ref.getRCName()): null&#xD;
&#xD;
2019-12-17 11:57:49 - [TEST_STEP][PASSED] - out.println(rc_ref.getHttpResponse()): null&#xD;
&#xD;
2019-12-17 11:57:49 - [TEST_STEP][PASSED] - result = verifyEqual(response_code, rc_ref.getRCName()): Actual object 'RC06' and expected object 'RC06' are equal&#xD;
&#xD;
2019-12-17 11:57:49 - [MESSAGE][PASSED] - Actual object 'RC06' and expected object 'RC06' are equal&#xD;
&#xD;
2019-12-17 11:57:49 - [TEST_STEP][PASSED] - if (result == false): null&#xD;
&#xD;
2019-12-17 11:57:49 - [TEST_STEP][PASSED] - else: null&#xD;
&#xD;
2019-12-17 11:57:49 - [TEST_STEP][PASSED] - verifyEqual(statusCode, rc_ref.getHttpResponse()): Actual object '401' and expected object '401' are equal&#xD;
&#xD;
2019-12-17 11:57:49 - [MESSAGE][PASSED] - Actual object '401' and expected object '401' are equal&#xD;
&#xD;
2019-12-17 11:57:49 - [TEST_STEP][PASSED] - if (rc_ref == RC00): null</system-out>
            <system-err></system-err>
        </testcase>
        <testcase name="Test Cases/E_Wallet/TC_Gamification_Update_API_Get_List_Issuer/TC_Gamification_Update_API_Get_List_Issuer" classname="Test Cases/E_Wallet/TC_Gamification_Update_API_Get_List_Issuer/TC_Gamification_Update_API_Get_List_Issuer" status="PASSED">
            <system-out>2019-12-17 11:57:49 - [TEST_CASE][PASSED] - Test Cases/E_Wallet/TC_Gamification_Update_API_Get_List_Issuer/TC_Gamification_Update_API_Get_List_Issuer: Test Cases/E_Wallet/TC_Gamification_Update_API_Get_List_Issuer/TC_Gamification_Update_API_Get_List_Issuer&#xD;
&#xD;
2019-12-17 11:57:49 - [TEST_STEP][PASSED] - out.println("var_customer_token" + var_customer_token): null&#xD;
&#xD;
2019-12-17 11:57:49 - [TEST_STEP][PASSED] - out.println("var_partner_token" + var_partner_token): null&#xD;
&#xD;
2019-12-17 11:57:49 - [TEST_STEP][PASSED] - edc_id = edc_id: null&#xD;
&#xD;
2019-12-17 11:57:49 - [TEST_STEP][PASSED] - trx_type_id = trx_type_id: null&#xD;
&#xD;
2019-12-17 11:57:49 - [TEST_STEP][PASSED] - out_id = out_id: null&#xD;
&#xD;
2019-12-17 11:57:49 - [TEST_STEP][PASSED] - request = findTestObject("E_Wallet/obj_Gamification_Update_API_Get_List_Issuer"): null&#xD;
&#xD;
2019-12-17 11:57:49 - [TEST_STEP][PASSED] - if (var_customer_token == "0"): null&#xD;
&#xD;
2019-12-17 11:57:49 - [TEST_STEP][PASSED] - out.println("using access_token = " + access_token_customer): null&#xD;
&#xD;
2019-12-17 11:57:49 - [TEST_STEP][PASSED] - listQuery = new java.util.ArrayList(): null&#xD;
&#xD;
2019-12-17 11:57:49 - [TEST_STEP][PASSED] - listQuery.add(new com.kms.katalon.core.testobject.TestObjectProperty(token, com.kms.katalon.core.testobject.ConditionType.EQUALS, internal.GlobalVariable.access_token_customer)): null&#xD;
&#xD;
2019-12-17 11:57:49 - [TEST_STEP][PASSED] - request.setRestParameters(listQuery): null&#xD;
&#xD;
2019-12-17 11:57:49 - [TEST_STEP][PASSED] - response = sendRequest(request): Send request successfully&#xD;
&#xD;
2019-12-17 11:57:49 - [MESSAGE][INFO] - HAR: D:\katalon-ewallet\Reports\E_Wallet\TS_Gamification_Update_API_Get_List_Issuer\TS_Gamification_Update_API_Get_List_Issuer\20191217_115742\requests\main\10.har&#xD;
&#xD;
2019-12-17 11:57:49 - [MESSAGE][PASSED] - Send request successfully&#xD;
&#xD;
2019-12-17 11:57:49 - [TEST_STEP][PASSED] - body_content = responseBodyContent: null&#xD;
&#xD;
2019-12-17 11:57:49 - [TEST_STEP][PASSED] - status_code = statusCode: null&#xD;
&#xD;
2019-12-17 11:57:49 - [TEST_STEP][PASSED] - respDataMap = JsonSlurper().parseText(body_content): null&#xD;
&#xD;
2019-12-17 11:57:49 - [TEST_STEP][PASSED] - out.println(respDataMap): null&#xD;
&#xD;
2019-12-17 11:57:49 - [TEST_STEP][PASSED] - println(body_content): null&#xD;
&#xD;
2019-12-17 11:57:49 - [TEST_STEP][PASSED] - rc_ref = ReturnCodeWrapper(var_expected_rc).getEnumRC(): null&#xD;
&#xD;
2019-12-17 11:57:49 - [TEST_STEP][PASSED] - out.println(var_expected_rc): null&#xD;
&#xD;
2019-12-17 11:57:49 - [TEST_STEP][PASSED] - out.println(rc_ref.getRCName()): null&#xD;
&#xD;
2019-12-17 11:57:49 - [TEST_STEP][PASSED] - out.println(rc_ref.getHttpResponse()): null&#xD;
&#xD;
2019-12-17 11:57:49 - [TEST_STEP][PASSED] - result = verifyEqual(response_code, rc_ref.getRCName()): Actual object 'RC01' and expected object 'RC01' are equal&#xD;
&#xD;
2019-12-17 11:57:49 - [MESSAGE][PASSED] - Actual object 'RC01' and expected object 'RC01' are equal&#xD;
&#xD;
2019-12-17 11:57:49 - [TEST_STEP][PASSED] - if (result == false): null&#xD;
&#xD;
2019-12-17 11:57:49 - [TEST_STEP][PASSED] - else: null&#xD;
&#xD;
2019-12-17 11:57:49 - [TEST_STEP][PASSED] - verifyEqual(statusCode, rc_ref.getHttpResponse()): Actual object '400' and expected object '400' are equal&#xD;
&#xD;
2019-12-17 11:57:49 - [MESSAGE][PASSED] - Actual object '400' and expected object '400' are equal&#xD;
&#xD;
2019-12-17 11:57:49 - [TEST_STEP][PASSED] - if (rc_ref == RC00): null</system-out>
            <system-err></system-err>
        </testcase>
        <testcase name="Test Cases/E_Wallet/TC_Gamification_Update_API_Get_List_Issuer/TC_Gamification_Update_API_Get_List_Issuer" classname="Test Cases/E_Wallet/TC_Gamification_Update_API_Get_List_Issuer/TC_Gamification_Update_API_Get_List_Issuer" status="PASSED">
            <system-out>2019-12-17 11:57:49 - [TEST_CASE][PASSED] - Test Cases/E_Wallet/TC_Gamification_Update_API_Get_List_Issuer/TC_Gamification_Update_API_Get_List_Issuer: Test Cases/E_Wallet/TC_Gamification_Update_API_Get_List_Issuer/TC_Gamification_Update_API_Get_List_Issuer&#xD;
&#xD;
2019-12-17 11:57:49 - [TEST_STEP][PASSED] - out.println("var_customer_token" + var_customer_token): null&#xD;
&#xD;
2019-12-17 11:57:49 - [TEST_STEP][PASSED] - out.println("var_partner_token" + var_partner_token): null&#xD;
&#xD;
2019-12-17 11:57:49 - [TEST_STEP][PASSED] - edc_id = edc_id: null&#xD;
&#xD;
2019-12-17 11:57:49 - [TEST_STEP][PASSED] - trx_type_id = trx_type_id: null&#xD;
&#xD;
2019-12-17 11:57:49 - [TEST_STEP][PASSED] - out_id = out_id: null&#xD;
&#xD;
2019-12-17 11:57:49 - [TEST_STEP][PASSED] - request = findTestObject("E_Wallet/obj_Gamification_Update_API_Get_List_Issuer"): null&#xD;
&#xD;
2019-12-17 11:57:49 - [TEST_STEP][PASSED] - if (var_customer_token == "0"): null&#xD;
&#xD;
2019-12-17 11:57:49 - [TEST_STEP][PASSED] - out.println("using access_token = " + access_token_customer): null&#xD;
&#xD;
2019-12-17 11:57:49 - [TEST_STEP][PASSED] - listQuery = new java.util.ArrayList(): null&#xD;
&#xD;
2019-12-17 11:57:49 - [TEST_STEP][PASSED] - listQuery.add(new com.kms.katalon.core.testobject.TestObjectProperty(token, com.kms.katalon.core.testobject.ConditionType.EQUALS, internal.GlobalVariable.access_token_customer)): null&#xD;
&#xD;
2019-12-17 11:57:49 - [TEST_STEP][PASSED] - request.setRestParameters(listQuery): null&#xD;
&#xD;
2019-12-17 11:57:49 - [TEST_STEP][PASSED] - response = sendRequest(request): Send request successfully&#xD;
&#xD;
2019-12-17 11:57:49 - [MESSAGE][INFO] - HAR: D:\katalon-ewallet\Reports\E_Wallet\TS_Gamification_Update_API_Get_List_Issuer\TS_Gamification_Update_API_Get_List_Issuer\20191217_115742\requests\main\11.har&#xD;
&#xD;
2019-12-17 11:57:49 - [MESSAGE][PASSED] - Send request successfully&#xD;
&#xD;
2019-12-17 11:57:49 - [TEST_STEP][PASSED] - body_content = responseBodyContent: null&#xD;
&#xD;
2019-12-17 11:57:49 - [TEST_STEP][PASSED] - status_code = statusCode: null&#xD;
&#xD;
2019-12-17 11:57:49 - [TEST_STEP][PASSED] - respDataMap = JsonSlurper().parseText(body_content): null&#xD;
&#xD;
2019-12-17 11:57:49 - [TEST_STEP][PASSED] - out.println(respDataMap): null&#xD;
&#xD;
2019-12-17 11:57:49 - [TEST_STEP][PASSED] - println(body_content): null&#xD;
&#xD;
2019-12-17 11:57:49 - [TEST_STEP][PASSED] - rc_ref = ReturnCodeWrapper(var_expected_rc).getEnumRC(): null&#xD;
&#xD;
2019-12-17 11:57:49 - [TEST_STEP][PASSED] - out.println(var_expected_rc): null&#xD;
&#xD;
2019-12-17 11:57:49 - [TEST_STEP][PASSED] - out.println(rc_ref.getRCName()): null&#xD;
&#xD;
2019-12-17 11:57:49 - [TEST_STEP][PASSED] - out.println(rc_ref.getHttpResponse()): null&#xD;
&#xD;
2019-12-17 11:57:49 - [TEST_STEP][PASSED] - result = verifyEqual(response_code, rc_ref.getRCName()): Actual object 'RC06' and expected object 'RC06' are equal&#xD;
&#xD;
2019-12-17 11:57:49 - [MESSAGE][PASSED] - Actual object 'RC06' and expected object 'RC06' are equal&#xD;
&#xD;
2019-12-17 11:57:49 - [TEST_STEP][PASSED] - if (result == false): null&#xD;
&#xD;
2019-12-17 11:57:49 - [TEST_STEP][PASSED] - else: null&#xD;
&#xD;
2019-12-17 11:57:49 - [TEST_STEP][PASSED] - verifyEqual(statusCode, rc_ref.getHttpResponse()): Actual object '401' and expected object '401' are equal&#xD;
&#xD;
2019-12-17 11:57:49 - [MESSAGE][PASSED] - Actual object '401' and expected object '401' are equal&#xD;
&#xD;
2019-12-17 11:57:49 - [TEST_STEP][PASSED] - if (rc_ref == RC00): null</system-out>
            <system-err></system-err>
        </testcase>
        <testcase name="Test Cases/E_Wallet/TC_Gamification_Update_API_Get_List_Issuer/TC_Gamification_Update_API_Get_List_Issuer" classname="Test Cases/E_Wallet/TC_Gamification_Update_API_Get_List_Issuer/TC_Gamification_Update_API_Get_List_Issuer" status="PASSED">
            <system-out>2019-12-17 11:57:49 - [TEST_CASE][PASSED] - Test Cases/E_Wallet/TC_Gamification_Update_API_Get_List_Issuer/TC_Gamification_Update_API_Get_List_Issuer: Test Cases/E_Wallet/TC_Gamification_Update_API_Get_List_Issuer/TC_Gamification_Update_API_Get_List_Issuer&#xD;
&#xD;
2019-12-17 11:57:49 - [TEST_STEP][PASSED] - out.println("var_customer_token" + var_customer_token): null&#xD;
&#xD;
2019-12-17 11:57:49 - [TEST_STEP][PASSED] - out.println("var_partner_token" + var_partner_token): null&#xD;
&#xD;
2019-12-17 11:57:49 - [TEST_STEP][PASSED] - edc_id = edc_id: null&#xD;
&#xD;
2019-12-17 11:57:49 - [TEST_STEP][PASSED] - trx_type_id = trx_type_id: null&#xD;
&#xD;
2019-12-17 11:57:49 - [TEST_STEP][PASSED] - out_id = out_id: null&#xD;
&#xD;
2019-12-17 11:57:49 - [TEST_STEP][PASSED] - request = findTestObject("E_Wallet/obj_Gamification_Update_API_Get_List_Issuer"): null&#xD;
&#xD;
2019-12-17 11:57:49 - [TEST_STEP][PASSED] - if (var_customer_token == "0"): null&#xD;
&#xD;
2019-12-17 11:57:49 - [TEST_STEP][PASSED] - out.println("using access_token = " + access_token_customer): null&#xD;
&#xD;
2019-12-17 11:57:49 - [TEST_STEP][PASSED] - listQuery = new java.util.ArrayList(): null&#xD;
&#xD;
2019-12-17 11:57:49 - [TEST_STEP][PASSED] - listQuery.add(new com.kms.katalon.core.testobject.TestObjectProperty(token, com.kms.katalon.core.testobject.ConditionType.EQUALS, internal.GlobalVariable.access_token_customer)): null&#xD;
&#xD;
2019-12-17 11:57:49 - [TEST_STEP][PASSED] - request.setRestParameters(listQuery): null&#xD;
&#xD;
2019-12-17 11:57:49 - [TEST_STEP][PASSED] - response = sendRequest(request): Send request successfully&#xD;
&#xD;
2019-12-17 11:57:50 - [MESSAGE][INFO] - HAR: D:\katalon-ewallet\Reports\E_Wallet\TS_Gamification_Update_API_Get_List_Issuer\TS_Gamification_Update_API_Get_List_Issuer\20191217_115742\requests\main\12.har&#xD;
&#xD;
2019-12-17 11:57:50 - [MESSAGE][PASSED] - Send request successfully&#xD;
&#xD;
2019-12-17 11:57:50 - [TEST_STEP][PASSED] - body_content = responseBodyContent: null&#xD;
&#xD;
2019-12-17 11:57:50 - [TEST_STEP][PASSED] - status_code = statusCode: null&#xD;
&#xD;
2019-12-17 11:57:50 - [TEST_STEP][PASSED] - respDataMap = JsonSlurper().parseText(body_content): null&#xD;
&#xD;
2019-12-17 11:57:50 - [TEST_STEP][PASSED] - out.println(respDataMap): null&#xD;
&#xD;
2019-12-17 11:57:50 - [TEST_STEP][PASSED] - println(body_content): null&#xD;
&#xD;
2019-12-17 11:57:50 - [TEST_STEP][PASSED] - rc_ref = ReturnCodeWrapper(var_expected_rc).getEnumRC(): null&#xD;
&#xD;
2019-12-17 11:57:50 - [TEST_STEP][PASSED] - out.println(var_expected_rc): null&#xD;
&#xD;
2019-12-17 11:57:50 - [TEST_STEP][PASSED] - out.println(rc_ref.getRCName()): null&#xD;
&#xD;
2019-12-17 11:57:50 - [TEST_STEP][PASSED] - out.println(rc_ref.getHttpResponse()): null&#xD;
&#xD;
2019-12-17 11:57:50 - [TEST_STEP][PASSED] - result = verifyEqual(response_code, rc_ref.getRCName()): Actual object 'RC06' and expected object 'RC06' are equal&#xD;
&#xD;
2019-12-17 11:57:50 - [MESSAGE][PASSED] - Actual object 'RC06' and expected object 'RC06' are equal&#xD;
&#xD;
2019-12-17 11:57:50 - [TEST_STEP][PASSED] - if (result == false): null&#xD;
&#xD;
2019-12-17 11:57:50 - [TEST_STEP][PASSED] - else: null&#xD;
&#xD;
2019-12-17 11:57:50 - [TEST_STEP][PASSED] - verifyEqual(statusCode, rc_ref.getHttpResponse()): Actual object '401' and expected object '401' are equal&#xD;
&#xD;
2019-12-17 11:57:50 - [MESSAGE][PASSED] - Actual object '401' and expected object '401' are equal&#xD;
&#xD;
2019-12-17 11:57:50 - [TEST_STEP][PASSED] - if (rc_ref == RC00): null</system-out>
            <system-err></system-err>
        </testcase>
        <testcase name="Test Cases/E_Wallet/TC_Gamification_Update_API_Get_List_Issuer/TC_Gamification_Update_API_Get_List_Issuer" classname="Test Cases/E_Wallet/TC_Gamification_Update_API_Get_List_Issuer/TC_Gamification_Update_API_Get_List_Issuer" status="PASSED">
            <system-out>2019-12-17 11:57:50 - [TEST_CASE][PASSED] - Test Cases/E_Wallet/TC_Gamification_Update_API_Get_List_Issuer/TC_Gamification_Update_API_Get_List_Issuer: Test Cases/E_Wallet/TC_Gamification_Update_API_Get_List_Issuer/TC_Gamification_Update_API_Get_List_Issuer&#xD;
&#xD;
2019-12-17 11:57:50 - [TEST_STEP][PASSED] - out.println("var_customer_token" + var_customer_token): null&#xD;
&#xD;
2019-12-17 11:57:50 - [TEST_STEP][PASSED] - out.println("var_partner_token" + var_partner_token): null&#xD;
&#xD;
2019-12-17 11:57:50 - [TEST_STEP][PASSED] - edc_id = edc_id: null&#xD;
&#xD;
2019-12-17 11:57:50 - [TEST_STEP][PASSED] - trx_type_id = trx_type_id: null&#xD;
&#xD;
2019-12-17 11:57:50 - [TEST_STEP][PASSED] - out_id = out_id: null&#xD;
&#xD;
2019-12-17 11:57:50 - [TEST_STEP][PASSED] - request = findTestObject("E_Wallet/obj_Gamification_Update_API_Get_List_Issuer"): null&#xD;
&#xD;
2019-12-17 11:57:50 - [TEST_STEP][PASSED] - if (var_customer_token == "0"): null&#xD;
&#xD;
2019-12-17 11:57:50 - [TEST_STEP][PASSED] - out.println("using access_token = " + access_token_customer): null&#xD;
&#xD;
2019-12-17 11:57:50 - [TEST_STEP][PASSED] - listQuery = new java.util.ArrayList(): null&#xD;
&#xD;
2019-12-17 11:57:50 - [TEST_STEP][PASSED] - listQuery.add(new com.kms.katalon.core.testobject.TestObjectProperty(token, com.kms.katalon.core.testobject.ConditionType.EQUALS, internal.GlobalVariable.access_token_customer)): null&#xD;
&#xD;
2019-12-17 11:57:50 - [TEST_STEP][PASSED] - request.setRestParameters(listQuery): null&#xD;
&#xD;
2019-12-17 11:57:50 - [TEST_STEP][PASSED] - response = sendRequest(request): Send request successfully&#xD;
&#xD;
2019-12-17 11:57:50 - [MESSAGE][INFO] - HAR: D:\katalon-ewallet\Reports\E_Wallet\TS_Gamification_Update_API_Get_List_Issuer\TS_Gamification_Update_API_Get_List_Issuer\20191217_115742\requests\main\13.har&#xD;
&#xD;
2019-12-17 11:57:50 - [MESSAGE][PASSED] - Send request successfully&#xD;
&#xD;
2019-12-17 11:57:50 - [TEST_STEP][PASSED] - body_content = responseBodyContent: null&#xD;
&#xD;
2019-12-17 11:57:50 - [TEST_STEP][PASSED] - status_code = statusCode: null&#xD;
&#xD;
2019-12-17 11:57:50 - [TEST_STEP][PASSED] - respDataMap = JsonSlurper().parseText(body_content): null&#xD;
&#xD;
2019-12-17 11:57:50 - [TEST_STEP][PASSED] - out.println(respDataMap): null&#xD;
&#xD;
2019-12-17 11:57:50 - [TEST_STEP][PASSED] - println(body_content): null&#xD;
&#xD;
2019-12-17 11:57:50 - [TEST_STEP][PASSED] - rc_ref = ReturnCodeWrapper(var_expected_rc).getEnumRC(): null&#xD;
&#xD;
2019-12-17 11:57:50 - [TEST_STEP][PASSED] - out.println(var_expected_rc): null&#xD;
&#xD;
2019-12-17 11:57:50 - [TEST_STEP][PASSED] - out.println(rc_ref.getRCName()): null&#xD;
&#xD;
2019-12-17 11:57:50 - [TEST_STEP][PASSED] - out.println(rc_ref.getHttpResponse()): null&#xD;
&#xD;
2019-12-17 11:57:50 - [TEST_STEP][PASSED] - result = verifyEqual(response_code, rc_ref.getRCName()): Actual object 'RC06' and expected object 'RC06' are equal&#xD;
&#xD;
2019-12-17 11:57:50 - [MESSAGE][PASSED] - Actual object 'RC06' and expected object 'RC06' are equal&#xD;
&#xD;
2019-12-17 11:57:50 - [TEST_STEP][PASSED] - if (result == false): null&#xD;
&#xD;
2019-12-17 11:57:50 - [TEST_STEP][PASSED] - else: null&#xD;
&#xD;
2019-12-17 11:57:50 - [TEST_STEP][PASSED] - verifyEqual(statusCode, rc_ref.getHttpResponse()): Actual object '401' and expected object '401' are equal&#xD;
&#xD;
2019-12-17 11:57:50 - [MESSAGE][PASSED] - Actual object '401' and expected object '401' are equal&#xD;
&#xD;
2019-12-17 11:57:50 - [TEST_STEP][PASSED] - if (rc_ref == RC00): null</system-out>
            <system-err></system-err>
        </testcase>
        <testcase name="Test Cases/E_Wallet/TC_Gamification_Update_API_Get_List_Issuer/TC_Gamification_Update_API_Get_List_Issuer" classname="Test Cases/E_Wallet/TC_Gamification_Update_API_Get_List_Issuer/TC_Gamification_Update_API_Get_List_Issuer" status="PASSED">
            <system-out>2019-12-17 11:57:50 - [TEST_CASE][PASSED] - Test Cases/E_Wallet/TC_Gamification_Update_API_Get_List_Issuer/TC_Gamification_Update_API_Get_List_Issuer: Test Cases/E_Wallet/TC_Gamification_Update_API_Get_List_Issuer/TC_Gamification_Update_API_Get_List_Issuer&#xD;
&#xD;
2019-12-17 11:57:50 - [TEST_STEP][PASSED] - out.println("var_customer_token" + var_customer_token): null&#xD;
&#xD;
2019-12-17 11:57:50 - [TEST_STEP][PASSED] - out.println("var_partner_token" + var_partner_token): null&#xD;
&#xD;
2019-12-17 11:57:50 - [TEST_STEP][PASSED] - edc_id = edc_id: null&#xD;
&#xD;
2019-12-17 11:57:50 - [TEST_STEP][PASSED] - trx_type_id = trx_type_id: null&#xD;
&#xD;
2019-12-17 11:57:50 - [TEST_STEP][PASSED] - out_id = out_id: null&#xD;
&#xD;
2019-12-17 11:57:50 - [TEST_STEP][PASSED] - request = findTestObject("E_Wallet/obj_Gamification_Update_API_Get_List_Issuer"): null&#xD;
&#xD;
2019-12-17 11:57:50 - [TEST_STEP][PASSED] - if (var_customer_token == "0"): null&#xD;
&#xD;
2019-12-17 11:57:50 - [TEST_STEP][PASSED] - out.println("using access_token = " + access_token_customer): null&#xD;
&#xD;
2019-12-17 11:57:50 - [TEST_STEP][PASSED] - listQuery = new java.util.ArrayList(): null&#xD;
&#xD;
2019-12-17 11:57:50 - [TEST_STEP][PASSED] - listQuery.add(new com.kms.katalon.core.testobject.TestObjectProperty(token, com.kms.katalon.core.testobject.ConditionType.EQUALS, internal.GlobalVariable.access_token_customer)): null&#xD;
&#xD;
2019-12-17 11:57:50 - [TEST_STEP][PASSED] - request.setRestParameters(listQuery): null&#xD;
&#xD;
2019-12-17 11:57:50 - [TEST_STEP][PASSED] - response = sendRequest(request): Send request successfully&#xD;
&#xD;
2019-12-17 11:57:50 - [MESSAGE][INFO] - HAR: D:\katalon-ewallet\Reports\E_Wallet\TS_Gamification_Update_API_Get_List_Issuer\TS_Gamification_Update_API_Get_List_Issuer\20191217_115742\requests\main\14.har&#xD;
&#xD;
2019-12-17 11:57:50 - [MESSAGE][PASSED] - Send request successfully&#xD;
&#xD;
2019-12-17 11:57:50 - [TEST_STEP][PASSED] - body_content = responseBodyContent: null&#xD;
&#xD;
2019-12-17 11:57:50 - [TEST_STEP][PASSED] - status_code = statusCode: null&#xD;
&#xD;
2019-12-17 11:57:50 - [TEST_STEP][PASSED] - respDataMap = JsonSlurper().parseText(body_content): null&#xD;
&#xD;
2019-12-17 11:57:50 - [TEST_STEP][PASSED] - out.println(respDataMap): null&#xD;
&#xD;
2019-12-17 11:57:50 - [TEST_STEP][PASSED] - println(body_content): null&#xD;
&#xD;
2019-12-17 11:57:50 - [TEST_STEP][PASSED] - rc_ref = ReturnCodeWrapper(var_expected_rc).getEnumRC(): null&#xD;
&#xD;
2019-12-17 11:57:50 - [TEST_STEP][PASSED] - out.println(var_expected_rc): null&#xD;
&#xD;
2019-12-17 11:57:50 - [TEST_STEP][PASSED] - out.println(rc_ref.getRCName()): null&#xD;
&#xD;
2019-12-17 11:57:50 - [TEST_STEP][PASSED] - out.println(rc_ref.getHttpResponse()): null&#xD;
&#xD;
2019-12-17 11:57:50 - [TEST_STEP][PASSED] - result = verifyEqual(response_code, rc_ref.getRCName()): Actual object 'RC01' and expected object 'RC01' are equal&#xD;
&#xD;
2019-12-17 11:57:50 - [MESSAGE][PASSED] - Actual object 'RC01' and expected object 'RC01' are equal&#xD;
&#xD;
2019-12-17 11:57:50 - [TEST_STEP][PASSED] - if (result == false): null&#xD;
&#xD;
2019-12-17 11:57:50 - [TEST_STEP][PASSED] - else: null&#xD;
&#xD;
2019-12-17 11:57:50 - [TEST_STEP][PASSED] - verifyEqual(statusCode, rc_ref.getHttpResponse()): Actual object '400' and expected object '400' are equal&#xD;
&#xD;
2019-12-17 11:57:50 - [MESSAGE][PASSED] - Actual object '400' and expected object '400' are equal&#xD;
&#xD;
2019-12-17 11:57:50 - [TEST_STEP][PASSED] - if (rc_ref == RC00): null</system-out>
            <system-err></system-err>
        </testcase>
        <testcase name="Test Cases/E_Wallet/TC_Gamification_Update_API_Get_List_Issuer/TC_Gamification_Update_API_Get_List_Issuer" classname="Test Cases/E_Wallet/TC_Gamification_Update_API_Get_List_Issuer/TC_Gamification_Update_API_Get_List_Issuer" status="PASSED">
            <system-out>2019-12-17 11:57:50 - [TEST_CASE][PASSED] - Test Cases/E_Wallet/TC_Gamification_Update_API_Get_List_Issuer/TC_Gamification_Update_API_Get_List_Issuer: Test Cases/E_Wallet/TC_Gamification_Update_API_Get_List_Issuer/TC_Gamification_Update_API_Get_List_Issuer&#xD;
&#xD;
2019-12-17 11:57:50 - [TEST_STEP][PASSED] - out.println("var_customer_token" + var_customer_token): null&#xD;
&#xD;
2019-12-17 11:57:50 - [TEST_STEP][PASSED] - out.println("var_partner_token" + var_partner_token): null&#xD;
&#xD;
2019-12-17 11:57:50 - [TEST_STEP][PASSED] - edc_id = edc_id: null&#xD;
&#xD;
2019-12-17 11:57:50 - [TEST_STEP][PASSED] - trx_type_id = trx_type_id: null&#xD;
&#xD;
2019-12-17 11:57:50 - [TEST_STEP][PASSED] - out_id = out_id: null&#xD;
&#xD;
2019-12-17 11:57:50 - [TEST_STEP][PASSED] - request = findTestObject("E_Wallet/obj_Gamification_Update_API_Get_List_Issuer"): null&#xD;
&#xD;
2019-12-17 11:57:50 - [TEST_STEP][PASSED] - if (var_customer_token == "0"): null&#xD;
&#xD;
2019-12-17 11:57:50 - [TEST_STEP][PASSED] - out.println("using access_token = " + access_token_customer): null&#xD;
&#xD;
2019-12-17 11:57:50 - [TEST_STEP][PASSED] - listQuery = new java.util.ArrayList(): null&#xD;
&#xD;
2019-12-17 11:57:50 - [TEST_STEP][PASSED] - listQuery.add(new com.kms.katalon.core.testobject.TestObjectProperty(token, com.kms.katalon.core.testobject.ConditionType.EQUALS, internal.GlobalVariable.access_token_customer)): null&#xD;
&#xD;
2019-12-17 11:57:50 - [TEST_STEP][PASSED] - request.setRestParameters(listQuery): null&#xD;
&#xD;
2019-12-17 11:57:50 - [TEST_STEP][PASSED] - response = sendRequest(request): Send request successfully&#xD;
&#xD;
2019-12-17 11:57:50 - [MESSAGE][INFO] - HAR: D:\katalon-ewallet\Reports\E_Wallet\TS_Gamification_Update_API_Get_List_Issuer\TS_Gamification_Update_API_Get_List_Issuer\20191217_115742\requests\main\15.har&#xD;
&#xD;
2019-12-17 11:57:50 - [MESSAGE][PASSED] - Send request successfully&#xD;
&#xD;
2019-12-17 11:57:50 - [TEST_STEP][PASSED] - body_content = responseBodyContent: null&#xD;
&#xD;
2019-12-17 11:57:50 - [TEST_STEP][PASSED] - status_code = statusCode: null&#xD;
&#xD;
2019-12-17 11:57:50 - [TEST_STEP][PASSED] - respDataMap = JsonSlurper().parseText(body_content): null&#xD;
&#xD;
2019-12-17 11:57:50 - [TEST_STEP][PASSED] - out.println(respDataMap): null&#xD;
&#xD;
2019-12-17 11:57:50 - [TEST_STEP][PASSED] - println(body_content): null&#xD;
&#xD;
2019-12-17 11:57:50 - [TEST_STEP][PASSED] - rc_ref = ReturnCodeWrapper(var_expected_rc).getEnumRC(): null&#xD;
&#xD;
2019-12-17 11:57:50 - [TEST_STEP][PASSED] - out.println(var_expected_rc): null&#xD;
&#xD;
2019-12-17 11:57:50 - [TEST_STEP][PASSED] - out.println(rc_ref.getRCName()): null&#xD;
&#xD;
2019-12-17 11:57:50 - [TEST_STEP][PASSED] - out.println(rc_ref.getHttpResponse()): null&#xD;
&#xD;
2019-12-17 11:57:50 - [TEST_STEP][PASSED] - result = verifyEqual(response_code, rc_ref.getRCName()): Actual object 'RC01' and expected object 'RC01' are equal&#xD;
&#xD;
2019-12-17 11:57:50 - [MESSAGE][PASSED] - Actual object 'RC01' and expected object 'RC01' are equal&#xD;
&#xD;
2019-12-17 11:57:50 - [TEST_STEP][PASSED] - if (result == false): null&#xD;
&#xD;
2019-12-17 11:57:50 - [TEST_STEP][PASSED] - else: null&#xD;
&#xD;
2019-12-17 11:57:50 - [TEST_STEP][PASSED] - verifyEqual(statusCode, rc_ref.getHttpResponse()): Actual object '400' and expected object '400' are equal&#xD;
&#xD;
2019-12-17 11:57:50 - [MESSAGE][PASSED] - Actual object '400' and expected object '400' are equal&#xD;
&#xD;
2019-12-17 11:57:50 - [TEST_STEP][PASSED] - if (rc_ref == RC00): null</system-out>
            <system-err></system-err>
        </testcase>
        <testcase name="Test Cases/E_Wallet/TC_Gamification_Update_API_Get_List_Issuer/TC_Gamification_Update_API_Get_List_Issuer" classname="Test Cases/E_Wallet/TC_Gamification_Update_API_Get_List_Issuer/TC_Gamification_Update_API_Get_List_Issuer" status="PASSED">
            <system-out>2019-12-17 11:57:50 - [TEST_CASE][PASSED] - Test Cases/E_Wallet/TC_Gamification_Update_API_Get_List_Issuer/TC_Gamification_Update_API_Get_List_Issuer: Test Cases/E_Wallet/TC_Gamification_Update_API_Get_List_Issuer/TC_Gamification_Update_API_Get_List_Issuer&#xD;
&#xD;
2019-12-17 11:57:50 - [TEST_STEP][PASSED] - out.println("var_customer_token" + var_customer_token): null&#xD;
&#xD;
2019-12-17 11:57:50 - [TEST_STEP][PASSED] - out.println("var_partner_token" + var_partner_token): null&#xD;
&#xD;
2019-12-17 11:57:50 - [TEST_STEP][PASSED] - edc_id = edc_id: null&#xD;
&#xD;
2019-12-17 11:57:50 - [TEST_STEP][PASSED] - trx_type_id = trx_type_id: null&#xD;
&#xD;
2019-12-17 11:57:50 - [TEST_STEP][PASSED] - out_id = out_id: null&#xD;
&#xD;
2019-12-17 11:57:50 - [TEST_STEP][PASSED] - request = findTestObject("E_Wallet/obj_Gamification_Update_API_Get_List_Issuer"): null&#xD;
&#xD;
2019-12-17 11:57:50 - [TEST_STEP][PASSED] - if (var_customer_token == "0"): null&#xD;
&#xD;
2019-12-17 11:57:50 - [TEST_STEP][PASSED] - out.println("using access_token = " + access_token_customer): null&#xD;
&#xD;
2019-12-17 11:57:50 - [TEST_STEP][PASSED] - listQuery = new java.util.ArrayList(): null&#xD;
&#xD;
2019-12-17 11:57:50 - [TEST_STEP][PASSED] - listQuery.add(new com.kms.katalon.core.testobject.TestObjectProperty(token, com.kms.katalon.core.testobject.ConditionType.EQUALS, internal.GlobalVariable.access_token_customer)): null&#xD;
&#xD;
2019-12-17 11:57:50 - [TEST_STEP][PASSED] - request.setRestParameters(listQuery): null&#xD;
&#xD;
2019-12-17 11:57:50 - [TEST_STEP][PASSED] - response = sendRequest(request): Send request successfully&#xD;
&#xD;
2019-12-17 11:57:51 - [MESSAGE][INFO] - HAR: D:\katalon-ewallet\Reports\E_Wallet\TS_Gamification_Update_API_Get_List_Issuer\TS_Gamification_Update_API_Get_List_Issuer\20191217_115742\requests\main\16.har&#xD;
&#xD;
2019-12-17 11:57:51 - [MESSAGE][PASSED] - Send request successfully&#xD;
&#xD;
2019-12-17 11:57:51 - [TEST_STEP][PASSED] - body_content = responseBodyContent: null&#xD;
&#xD;
2019-12-17 11:57:51 - [TEST_STEP][PASSED] - status_code = statusCode: null&#xD;
&#xD;
2019-12-17 11:57:51 - [TEST_STEP][PASSED] - respDataMap = JsonSlurper().parseText(body_content): null&#xD;
&#xD;
2019-12-17 11:57:51 - [TEST_STEP][PASSED] - out.println(respDataMap): null&#xD;
&#xD;
2019-12-17 11:57:51 - [TEST_STEP][PASSED] - println(body_content): null&#xD;
&#xD;
2019-12-17 11:57:51 - [TEST_STEP][PASSED] - rc_ref = ReturnCodeWrapper(var_expected_rc).getEnumRC(): null&#xD;
&#xD;
2019-12-17 11:57:51 - [TEST_STEP][PASSED] - out.println(var_expected_rc): null&#xD;
&#xD;
2019-12-17 11:57:51 - [TEST_STEP][PASSED] - out.println(rc_ref.getRCName()): null&#xD;
&#xD;
2019-12-17 11:57:51 - [TEST_STEP][PASSED] - out.println(rc_ref.getHttpResponse()): null&#xD;
&#xD;
2019-12-17 11:57:51 - [TEST_STEP][PASSED] - result = verifyEqual(response_code, rc_ref.getRCName()): Actual object 'RC01' and expected object 'RC01' are equal&#xD;
&#xD;
2019-12-17 11:57:51 - [MESSAGE][PASSED] - Actual object 'RC01' and expected object 'RC01' are equal&#xD;
&#xD;
2019-12-17 11:57:51 - [TEST_STEP][PASSED] - if (result == false): null&#xD;
&#xD;
2019-12-17 11:57:51 - [TEST_STEP][PASSED] - else: null&#xD;
&#xD;
2019-12-17 11:57:51 - [TEST_STEP][PASSED] - verifyEqual(statusCode, rc_ref.getHttpResponse()): Actual object '400' and expected object '400' are equal&#xD;
&#xD;
2019-12-17 11:57:51 - [MESSAGE][PASSED] - Actual object '400' and expected object '400' are equal&#xD;
&#xD;
2019-12-17 11:57:51 - [TEST_STEP][PASSED] - if (rc_ref == RC00): null</system-out>
            <system-err></system-err>
        </testcase>
        <system-out>2019-12-17 11:57:44 - [TEST_SUITE][INCOMPLETE] - TS_Gamification_Update_API_Get_List_Issuer: null</system-out>
        <system-err>2019-12-17 11:57:44 - [TEST_SUITE][INCOMPLETE] - TS_Gamification_Update_API_Get_List_Issuer: null</system-err>
    </testsuite>
</testsuites>
