<?xml version="1.0" encoding="UTF-8" standalone="yes"?>
<testsuites name="TS_updateBillingUpdateSendNotif" time="2" tests="1" failures="0" errors="0">
    <testsuite name="TS_updateBillingUpdateSendNotif" tests="1" failures="0" errors="0" time="2" timestamp="2019-12-17 11:11:24" hostname="Silvi - LAPTOP-ALMT97O4" id="Test Suites/E_Wallet/TS_updateBilling/TS_updateBillingUpdateSendNotif">
        <properties>
            <property name="deviceName" value=""/>
            <property name="devicePlatform" value=""/>
            <property name="logFolder" value="D:\\katalon-ewallet\\Reports\\E_Wallet\\TS_updateBilling\\TS_updateBillingUpdateSendNotif\\20191217_111123"/>
            <property name="logFiles" value="D:\\katalon-ewallet\\Reports\\E_Wallet\\TS_updateBilling\\TS_updateBillingUpdateSendNotif\\20191217_111123\\execution0.log"/>
            <property name="attachments" value=""/>
            <property name="hostName" value="Silvi - LAPTOP-ALMT97O4"/>
            <property name="hostAddress" value="172.18.4.57"/>
            <property name="os" value="Windows 10 64bit"/>
            <property name="katalonVersion" value="6.2.2.4"/>
        </properties>
        <testcase name="Test Cases/E_Wallet/TC_updateBilling/TC_updateBillingUpdateSendNotif" classname="Test Cases/E_Wallet/TC_updateBilling/TC_updateBillingUpdateSendNotif" status="PASSED">
            <system-out>2019-12-17 11:11:24 - [TEST_CASE][PASSED] - Test Cases/E_Wallet/TC_updateBilling/TC_updateBillingUpdateSendNotif: Test Cases/E_Wallet/TC_updateBilling/TC_updateBillingUpdateSendNotif&#xD;
&#xD;
2019-12-17 11:11:25 - [TEST_STEP][PASSED] - plain = "{" + ""user_agent":"" + var_user_agent + ""," + ""billing_id":"" + var_billing_id + ""," + ""amount":"" + var_amount + ""," + ""billing_status":"" + var_billing_status + ""," + ""verified_flag":"" + var_verified_flag + ""," + ""wallet_id":"" + var_wallet_id + ""," + ""billing_ref1":"" + var_billing_ref1 + ""," + ""billing_ref2":"" + var_billing_ref2 + ""," + ""billing_ref3":"" + var_billing_ref3 + ""}": null&#xD;
&#xD;
2019-12-17 11:11:25 - [TEST_STEP][PASSED] - out.println(plain): null&#xD;
&#xD;
2019-12-17 11:11:25 - [TEST_STEP][PASSED] - out.println("var_customer_token" + var_customer_token): null&#xD;
&#xD;
2019-12-17 11:11:25 - [TEST_STEP][PASSED] - out.println("var_partner_token" + var_partner_token): null&#xD;
&#xD;
2019-12-17 11:11:25 - [TEST_STEP][PASSED] - encipheredData = SecureUtils.encryptAesEwallet(plain, var_aes_key): null&#xD;
&#xD;
2019-12-17 11:11:26 - [TEST_STEP][PASSED] - body = "{"organisation_id":"" + var_organisation_id + ""," + ""data":"" + encipheredData + ""," + ""lang":"" + var_lang + ""}": null&#xD;
&#xD;
2019-12-17 11:11:26 - [TEST_STEP][PASSED] - out.println(body): null&#xD;
&#xD;
2019-12-17 11:11:26 - [TEST_STEP][PASSED] - request = findTestObject("E_Wallet/obj_updateBilling2"): null&#xD;
&#xD;
2019-12-17 11:11:26 - [TEST_STEP][PASSED] - request.setBodyContent(new com.kms.katalon.core.testobject.impl.HttpTextBodyContent(body, UTF-8, application/json)): null&#xD;
&#xD;
2019-12-17 11:11:26 - [TEST_STEP][PASSED] - if (var_customer_token == 0): null&#xD;
&#xD;
2019-12-17 11:11:26 - [TEST_STEP][PASSED] - else: null&#xD;
&#xD;
2019-12-17 11:11:26 - [TEST_STEP][PASSED] - out.println("using access_token = " + access_token_customer): null&#xD;
&#xD;
2019-12-17 11:11:26 - [TEST_STEP][PASSED] - listQuery = new java.util.ArrayList(): null&#xD;
&#xD;
2019-12-17 11:11:26 - [TEST_STEP][PASSED] - listQuery.add(new com.kms.katalon.core.testobject.TestObjectProperty(token, com.kms.katalon.core.testobject.ConditionType.EQUALS, internal.GlobalVariable.access_token_customer)): null&#xD;
&#xD;
2019-12-17 11:11:26 - [TEST_STEP][PASSED] - request.setRestParameters(listQuery): null&#xD;
&#xD;
2019-12-17 11:11:26 - [TEST_STEP][PASSED] - response = sendRequest(request): Send request successfully&#xD;
&#xD;
2019-12-17 11:11:27 - [MESSAGE][INFO] - HAR: D:\katalon-ewallet\Reports\E_Wallet\TS_updateBilling\TS_updateBillingUpdateSendNotif\20191217_111123\requests\main\0.har&#xD;
&#xD;
2019-12-17 11:11:27 - [MESSAGE][PASSED] - Send request successfully&#xD;
&#xD;
2019-12-17 11:11:27 - [TEST_STEP][PASSED] - a = &lt;not implemented yet for class: org.codehaus.groovy.ast.expr.EmptyExpression&gt;: null&#xD;
&#xD;
2019-12-17 11:11:27 - [TEST_STEP][PASSED] - headerProps = request.getHttpHeaderProperties(): null&#xD;
&#xD;
2019-12-17 11:11:27 - [TEST_STEP][PASSED] - for ([a = 0, a &lt; headerProps.size(), (a++)]): null&#xD;
&#xD;
2019-12-17 11:11:27 - [TEST_STEP][PASSED] - println(get(a).getName() + ": " + get(a).getValue()): null&#xD;
&#xD;
2019-12-17 11:11:27 - [TEST_STEP][PASSED] - println(get(a).getName() + ": " + get(a).getValue()): null&#xD;
&#xD;
2019-12-17 11:11:27 - [TEST_STEP][PASSED] - println(get(a).getName() + ": " + get(a).getValue()): null&#xD;
&#xD;
2019-12-17 11:11:27 - [TEST_STEP][PASSED] - body_content = responseBodyContent: null&#xD;
&#xD;
2019-12-17 11:11:27 - [TEST_STEP][PASSED] - status_code = statusCode: null&#xD;
&#xD;
2019-12-17 11:11:27 - [TEST_STEP][PASSED] - respDataMap = JsonSlurper().parseText(body_content): null&#xD;
&#xD;
2019-12-17 11:11:27 - [TEST_STEP][PASSED] - out.println(respDataMap): null&#xD;
&#xD;
2019-12-17 11:11:27 - [TEST_STEP][PASSED] - rc_ref = ReturnCodeWrapper(var_expected_rc).getEnumRC(): null&#xD;
&#xD;
2019-12-17 11:11:27 - [TEST_STEP][PASSED] - out.println(var_expected_rc): null&#xD;
&#xD;
2019-12-17 11:11:27 - [TEST_STEP][PASSED] - out.println(rc_ref.getRCName()): null&#xD;
&#xD;
2019-12-17 11:11:27 - [TEST_STEP][PASSED] - out.println(rc_ref.getHttpResponse()): null&#xD;
&#xD;
2019-12-17 11:11:27 - [TEST_STEP][PASSED] - result = verifyEqual(response_code, rc_ref.getRCName()): Actual object 'RC00' and expected object 'RC00' are equal&#xD;
&#xD;
2019-12-17 11:11:27 - [MESSAGE][PASSED] - Actual object 'RC00' and expected object 'RC00' are equal&#xD;
&#xD;
2019-12-17 11:11:27 - [TEST_STEP][PASSED] - if (result == false): null&#xD;
&#xD;
2019-12-17 11:11:27 - [TEST_STEP][PASSED] - else: null&#xD;
&#xD;
2019-12-17 11:11:27 - [TEST_STEP][PASSED] - verifyEqual(statusCode, rc_ref.getHttpResponse()): Actual object '200' and expected object '200' are equal&#xD;
&#xD;
2019-12-17 11:11:27 - [MESSAGE][PASSED] - Actual object '200' and expected object '200' are equal&#xD;
&#xD;
2019-12-17 11:11:27 - [TEST_STEP][PASSED] - if (rc_ref == RC00): null&#xD;
&#xD;
2019-12-17 11:11:27 - [TEST_STEP][PASSED] - decipheredResponseData = SecureUtils.decryptAesEwallet(data, var_aes_key): null&#xD;
&#xD;
2019-12-17 11:11:27 - [TEST_STEP][PASSED] - decipheredRespDataMap = JsonSlurper().parseText(decipheredResponseData): null&#xD;
&#xD;
2019-12-17 11:11:27 - [TEST_STEP][PASSED] - out.println(decipheredRespDataMap): null</system-out>
            <system-err></system-err>
        </testcase>
        <system-out>2019-12-17 11:11:24 - [TEST_SUITE][INCOMPLETE] - TS_updateBillingUpdateSendNotif: null</system-out>
        <system-err>2019-12-17 11:11:24 - [TEST_SUITE][INCOMPLETE] - TS_updateBillingUpdateSendNotif: null</system-err>
    </testsuite>
</testsuites>
