<?xml version="1.0" encoding="UTF-8" standalone="yes"?>
<testsuites name="TS_cancelQR" time="7" tests="22" failures="0" errors="0">
    <testsuite name="TS_cancelQR" tests="22" failures="0" errors="0" time="7" timestamp="2019-12-06 10:08:52" hostname="Silvi - LAPTOP-ALMT97O4" id="Test Suites/E_Wallet/TS_cancelQR/TS_cancelQR">
        <properties>
            <property name="deviceName" value=""/>
            <property name="devicePlatform" value=""/>
            <property name="logFolder" value="D:\\katalon-ewallet\\Reports\\E_Wallet\\TS_cancelQR\\TS_cancelQR\\20191206_100850"/>
            <property name="logFiles" value="D:\\katalon-ewallet\\Reports\\E_Wallet\\TS_cancelQR\\TS_cancelQR\\20191206_100850\\execution0.log"/>
            <property name="attachments" value=""/>
            <property name="hostName" value="Silvi - LAPTOP-ALMT97O4"/>
            <property name="hostAddress" value="172.18.4.57"/>
            <property name="os" value="Windows 10 64bit"/>
            <property name="katalonVersion" value="6.2.2.4"/>
        </properties>
        <testcase name="Test Cases/E_Wallet/TC_cancelQR/TC_cancelQR" classname="Test Cases/E_Wallet/TC_cancelQR/TC_cancelQR" status="PASSED">
            <system-out>2019-12-06 10:08:53 - [TEST_CASE][PASSED] - Test Cases/E_Wallet/TC_cancelQR/TC_cancelQR: Test Cases/E_Wallet/TC_cancelQR/TC_cancelQR&#xD;
&#xD;
2019-12-06 10:08:53 - [TEST_STEP][PASSED] - plain = "{" + ""user_agent":"" + var_user_agent + ""," + ""unique_code":"" + var_unique_code + ""}": null&#xD;
&#xD;
2019-12-06 10:08:53 - [TEST_STEP][PASSED] - partner_token = partner_token: null&#xD;
&#xD;
2019-12-06 10:08:53 - [TEST_STEP][PASSED] - out.println(plain): null&#xD;
&#xD;
2019-12-06 10:08:53 - [TEST_STEP][PASSED] - encipheredData = SecureUtils.encryptAesEwallet(plain, var_aes_key): null&#xD;
&#xD;
2019-12-06 10:08:54 - [TEST_STEP][PASSED] - body = "{"organisation_id":"" + var_organisation_id + ""," + ""data":"" + encipheredData + ""," + ""lang":"" + var_lang + ""}": null&#xD;
&#xD;
2019-12-06 10:08:54 - [TEST_STEP][PASSED] - out.println(body): null&#xD;
&#xD;
2019-12-06 10:08:54 - [TEST_STEP][PASSED] - request = findTestObject("E_Wallet/obj_cancelQR"): null&#xD;
&#xD;
2019-12-06 10:08:54 - [TEST_STEP][PASSED] - request.setBodyContent(new com.kms.katalon.core.testobject.impl.HttpTextBodyContent(body, UTF-8, application/json)): null&#xD;
&#xD;
2019-12-06 10:08:54 - [TEST_STEP][PASSED] - if (var_customer_token == 0): null&#xD;
&#xD;
2019-12-06 10:08:54 - [TEST_STEP][PASSED] - else: null&#xD;
&#xD;
2019-12-06 10:08:54 - [TEST_STEP][PASSED] - out.println("using access_token = " + access_token_customer): null&#xD;
&#xD;
2019-12-06 10:08:54 - [TEST_STEP][PASSED] - listQuery = new java.util.ArrayList(): null&#xD;
&#xD;
2019-12-06 10:08:54 - [TEST_STEP][PASSED] - listQuery.add(new com.kms.katalon.core.testobject.TestObjectProperty(token, com.kms.katalon.core.testobject.ConditionType.EQUALS, internal.GlobalVariable.access_token_customer)): null&#xD;
&#xD;
2019-12-06 10:08:54 - [TEST_STEP][PASSED] - request.setRestParameters(listQuery): null&#xD;
&#xD;
2019-12-06 10:08:54 - [TEST_STEP][PASSED] - response = sendRequest(request): Send request successfully&#xD;
&#xD;
2019-12-06 10:08:55 - [MESSAGE][INFO] - HAR: D:\katalon-ewallet\Reports\E_Wallet\TS_cancelQR\TS_cancelQR\20191206_100850\requests\main\0.har&#xD;
&#xD;
2019-12-06 10:08:55 - [MESSAGE][PASSED] - Send request successfully&#xD;
&#xD;
2019-12-06 10:08:55 - [TEST_STEP][PASSED] - println(request.getRestUrl()): null&#xD;
&#xD;
2019-12-06 10:08:55 - [TEST_STEP][PASSED] - body_content = responseBodyContent: null&#xD;
&#xD;
2019-12-06 10:08:55 - [TEST_STEP][PASSED] - status_code = statusCode: null&#xD;
&#xD;
2019-12-06 10:08:55 - [TEST_STEP][PASSED] - respDataMap = JsonSlurper().parseText(body_content): null&#xD;
&#xD;
2019-12-06 10:08:55 - [TEST_STEP][PASSED] - out.println(respDataMap): null&#xD;
&#xD;
2019-12-06 10:08:55 - [TEST_STEP][PASSED] - println(body_content): null&#xD;
&#xD;
2019-12-06 10:08:55 - [TEST_STEP][PASSED] - rc_ref = ReturnCodeWrapper(var_expected_rc).getEnumRC(): null&#xD;
&#xD;
2019-12-06 10:08:55 - [TEST_STEP][PASSED] - out.println(var_expected_rc): null&#xD;
&#xD;
2019-12-06 10:08:55 - [TEST_STEP][PASSED] - out.println(rc_ref.getRCName()): null&#xD;
&#xD;
2019-12-06 10:08:55 - [TEST_STEP][PASSED] - out.println(rc_ref.getHttpResponse()): null&#xD;
&#xD;
2019-12-06 10:08:55 - [TEST_STEP][PASSED] - result = verifyEqual(response_code, rc_ref.getRCName()): Actual object 'RC01' and expected object 'RC01' are equal&#xD;
&#xD;
2019-12-06 10:08:55 - [MESSAGE][PASSED] - Actual object 'RC01' and expected object 'RC01' are equal&#xD;
&#xD;
2019-12-06 10:08:55 - [TEST_STEP][PASSED] - if (result == false): null&#xD;
&#xD;
2019-12-06 10:08:55 - [TEST_STEP][PASSED] - else: null&#xD;
&#xD;
2019-12-06 10:08:55 - [TEST_STEP][PASSED] - verifyEqual(statusCode, rc_ref.getHttpResponse()): Actual object '400' and expected object '400' are equal&#xD;
&#xD;
2019-12-06 10:08:55 - [MESSAGE][PASSED] - Actual object '400' and expected object '400' are equal&#xD;
&#xD;
2019-12-06 10:08:55 - [TEST_STEP][PASSED] - if (rc_ref == RC00): null</system-out>
            <system-err></system-err>
        </testcase>
        <testcase name="Test Cases/E_Wallet/TC_cancelQR/TC_cancelQR" classname="Test Cases/E_Wallet/TC_cancelQR/TC_cancelQR" status="PASSED">
            <system-out>2019-12-06 10:08:55 - [TEST_CASE][PASSED] - Test Cases/E_Wallet/TC_cancelQR/TC_cancelQR: Test Cases/E_Wallet/TC_cancelQR/TC_cancelQR&#xD;
&#xD;
2019-12-06 10:08:55 - [TEST_STEP][PASSED] - plain = "{" + ""user_agent":"" + var_user_agent + ""," + ""unique_code":"" + var_unique_code + ""}": null&#xD;
&#xD;
2019-12-06 10:08:55 - [TEST_STEP][PASSED] - partner_token = partner_token: null&#xD;
&#xD;
2019-12-06 10:08:55 - [TEST_STEP][PASSED] - out.println(plain): null&#xD;
&#xD;
2019-12-06 10:08:55 - [TEST_STEP][PASSED] - encipheredData = SecureUtils.encryptAesEwallet(plain, var_aes_key): null&#xD;
&#xD;
2019-12-06 10:08:55 - [TEST_STEP][PASSED] - body = "{"organisation_id":"" + var_organisation_id + ""," + ""data":"" + encipheredData + ""," + ""lang":"" + var_lang + ""}": null&#xD;
&#xD;
2019-12-06 10:08:55 - [TEST_STEP][PASSED] - out.println(body): null&#xD;
&#xD;
2019-12-06 10:08:55 - [TEST_STEP][PASSED] - request = findTestObject("E_Wallet/obj_cancelQR"): null&#xD;
&#xD;
2019-12-06 10:08:55 - [TEST_STEP][PASSED] - request.setBodyContent(new com.kms.katalon.core.testobject.impl.HttpTextBodyContent(body, UTF-8, application/json)): null&#xD;
&#xD;
2019-12-06 10:08:55 - [TEST_STEP][PASSED] - if (var_customer_token == 0): null&#xD;
&#xD;
2019-12-06 10:08:55 - [TEST_STEP][PASSED] - else: null&#xD;
&#xD;
2019-12-06 10:08:55 - [TEST_STEP][PASSED] - out.println("using access_token = " + access_token_customer): null&#xD;
&#xD;
2019-12-06 10:08:55 - [TEST_STEP][PASSED] - listQuery = new java.util.ArrayList(): null&#xD;
&#xD;
2019-12-06 10:08:55 - [TEST_STEP][PASSED] - listQuery.add(new com.kms.katalon.core.testobject.TestObjectProperty(token, com.kms.katalon.core.testobject.ConditionType.EQUALS, internal.GlobalVariable.access_token_customer)): null&#xD;
&#xD;
2019-12-06 10:08:55 - [TEST_STEP][PASSED] - request.setRestParameters(listQuery): null&#xD;
&#xD;
2019-12-06 10:08:55 - [TEST_STEP][PASSED] - response = sendRequest(request): Send request successfully&#xD;
&#xD;
2019-12-06 10:08:56 - [MESSAGE][INFO] - HAR: D:\katalon-ewallet\Reports\E_Wallet\TS_cancelQR\TS_cancelQR\20191206_100850\requests\main\1.har&#xD;
&#xD;
2019-12-06 10:08:56 - [MESSAGE][PASSED] - Send request successfully&#xD;
&#xD;
2019-12-06 10:08:56 - [TEST_STEP][PASSED] - println(request.getRestUrl()): null&#xD;
&#xD;
2019-12-06 10:08:56 - [TEST_STEP][PASSED] - body_content = responseBodyContent: null&#xD;
&#xD;
2019-12-06 10:08:56 - [TEST_STEP][PASSED] - status_code = statusCode: null&#xD;
&#xD;
2019-12-06 10:08:56 - [TEST_STEP][PASSED] - respDataMap = JsonSlurper().parseText(body_content): null&#xD;
&#xD;
2019-12-06 10:08:56 - [TEST_STEP][PASSED] - out.println(respDataMap): null&#xD;
&#xD;
2019-12-06 10:08:56 - [TEST_STEP][PASSED] - println(body_content): null&#xD;
&#xD;
2019-12-06 10:08:56 - [TEST_STEP][PASSED] - rc_ref = ReturnCodeWrapper(var_expected_rc).getEnumRC(): null&#xD;
&#xD;
2019-12-06 10:08:56 - [TEST_STEP][PASSED] - out.println(var_expected_rc): null&#xD;
&#xD;
2019-12-06 10:08:56 - [TEST_STEP][PASSED] - out.println(rc_ref.getRCName()): null&#xD;
&#xD;
2019-12-06 10:08:56 - [TEST_STEP][PASSED] - out.println(rc_ref.getHttpResponse()): null&#xD;
&#xD;
2019-12-06 10:08:56 - [TEST_STEP][PASSED] - result = verifyEqual(response_code, rc_ref.getRCName()): Actual object 'RC01' and expected object 'RC01' are equal&#xD;
&#xD;
2019-12-06 10:08:56 - [MESSAGE][PASSED] - Actual object 'RC01' and expected object 'RC01' are equal&#xD;
&#xD;
2019-12-06 10:08:56 - [TEST_STEP][PASSED] - if (result == false): null&#xD;
&#xD;
2019-12-06 10:08:56 - [TEST_STEP][PASSED] - else: null&#xD;
&#xD;
2019-12-06 10:08:56 - [TEST_STEP][PASSED] - verifyEqual(statusCode, rc_ref.getHttpResponse()): Actual object '400' and expected object '400' are equal&#xD;
&#xD;
2019-12-06 10:08:56 - [MESSAGE][PASSED] - Actual object '400' and expected object '400' are equal&#xD;
&#xD;
2019-12-06 10:08:56 - [TEST_STEP][PASSED] - if (rc_ref == RC00): null</system-out>
            <system-err></system-err>
        </testcase>
        <testcase name="Test Cases/E_Wallet/TC_cancelQR/TC_cancelQR" classname="Test Cases/E_Wallet/TC_cancelQR/TC_cancelQR" status="PASSED">
            <system-out>2019-12-06 10:08:56 - [TEST_CASE][PASSED] - Test Cases/E_Wallet/TC_cancelQR/TC_cancelQR: Test Cases/E_Wallet/TC_cancelQR/TC_cancelQR&#xD;
&#xD;
2019-12-06 10:08:56 - [TEST_STEP][PASSED] - plain = "{" + ""user_agent":"" + var_user_agent + ""," + ""unique_code":"" + var_unique_code + ""}": null&#xD;
&#xD;
2019-12-06 10:08:56 - [TEST_STEP][PASSED] - partner_token = partner_token: null&#xD;
&#xD;
2019-12-06 10:08:56 - [TEST_STEP][PASSED] - out.println(plain): null&#xD;
&#xD;
2019-12-06 10:08:56 - [TEST_STEP][PASSED] - encipheredData = SecureUtils.encryptAesEwallet(plain, var_aes_key): null&#xD;
&#xD;
2019-12-06 10:08:56 - [TEST_STEP][PASSED] - body = "{"organisation_id":"" + var_organisation_id + ""," + ""data":"" + encipheredData + ""," + ""lang":"" + var_lang + ""}": null&#xD;
&#xD;
2019-12-06 10:08:56 - [TEST_STEP][PASSED] - out.println(body): null&#xD;
&#xD;
2019-12-06 10:08:56 - [TEST_STEP][PASSED] - request = findTestObject("E_Wallet/obj_cancelQR"): null&#xD;
&#xD;
2019-12-06 10:08:56 - [TEST_STEP][PASSED] - request.setBodyContent(new com.kms.katalon.core.testobject.impl.HttpTextBodyContent(body, UTF-8, application/json)): null&#xD;
&#xD;
2019-12-06 10:08:56 - [TEST_STEP][PASSED] - if (var_customer_token == 0): null&#xD;
&#xD;
2019-12-06 10:08:56 - [TEST_STEP][PASSED] - else: null&#xD;
&#xD;
2019-12-06 10:08:56 - [TEST_STEP][PASSED] - out.println("using access_token = " + access_token_customer): null&#xD;
&#xD;
2019-12-06 10:08:56 - [TEST_STEP][PASSED] - listQuery = new java.util.ArrayList(): null&#xD;
&#xD;
2019-12-06 10:08:56 - [TEST_STEP][PASSED] - listQuery.add(new com.kms.katalon.core.testobject.TestObjectProperty(token, com.kms.katalon.core.testobject.ConditionType.EQUALS, internal.GlobalVariable.access_token_customer)): null&#xD;
&#xD;
2019-12-06 10:08:56 - [TEST_STEP][PASSED] - request.setRestParameters(listQuery): null&#xD;
&#xD;
2019-12-06 10:08:56 - [TEST_STEP][PASSED] - response = sendRequest(request): Send request successfully&#xD;
&#xD;
2019-12-06 10:08:56 - [MESSAGE][INFO] - HAR: D:\katalon-ewallet\Reports\E_Wallet\TS_cancelQR\TS_cancelQR\20191206_100850\requests\main\2.har&#xD;
&#xD;
2019-12-06 10:08:56 - [MESSAGE][PASSED] - Send request successfully&#xD;
&#xD;
2019-12-06 10:08:56 - [TEST_STEP][PASSED] - println(request.getRestUrl()): null&#xD;
&#xD;
2019-12-06 10:08:56 - [TEST_STEP][PASSED] - body_content = responseBodyContent: null&#xD;
&#xD;
2019-12-06 10:08:56 - [TEST_STEP][PASSED] - status_code = statusCode: null&#xD;
&#xD;
2019-12-06 10:08:56 - [TEST_STEP][PASSED] - respDataMap = JsonSlurper().parseText(body_content): null&#xD;
&#xD;
2019-12-06 10:08:56 - [TEST_STEP][PASSED] - out.println(respDataMap): null&#xD;
&#xD;
2019-12-06 10:08:56 - [TEST_STEP][PASSED] - println(body_content): null&#xD;
&#xD;
2019-12-06 10:08:56 - [TEST_STEP][PASSED] - rc_ref = ReturnCodeWrapper(var_expected_rc).getEnumRC(): null&#xD;
&#xD;
2019-12-06 10:08:56 - [TEST_STEP][PASSED] - out.println(var_expected_rc): null&#xD;
&#xD;
2019-12-06 10:08:56 - [TEST_STEP][PASSED] - out.println(rc_ref.getRCName()): null&#xD;
&#xD;
2019-12-06 10:08:56 - [TEST_STEP][PASSED] - out.println(rc_ref.getHttpResponse()): null&#xD;
&#xD;
2019-12-06 10:08:56 - [TEST_STEP][PASSED] - result = verifyEqual(response_code, rc_ref.getRCName()): Actual object 'RC01' and expected object 'RC01' are equal&#xD;
&#xD;
2019-12-06 10:08:56 - [MESSAGE][PASSED] - Actual object 'RC01' and expected object 'RC01' are equal&#xD;
&#xD;
2019-12-06 10:08:56 - [TEST_STEP][PASSED] - if (result == false): null&#xD;
&#xD;
2019-12-06 10:08:56 - [TEST_STEP][PASSED] - else: null&#xD;
&#xD;
2019-12-06 10:08:56 - [TEST_STEP][PASSED] - verifyEqual(statusCode, rc_ref.getHttpResponse()): Actual object '400' and expected object '400' are equal&#xD;
&#xD;
2019-12-06 10:08:56 - [MESSAGE][PASSED] - Actual object '400' and expected object '400' are equal&#xD;
&#xD;
2019-12-06 10:08:56 - [TEST_STEP][PASSED] - if (rc_ref == RC00): null</system-out>
            <system-err></system-err>
        </testcase>
        <testcase name="Test Cases/E_Wallet/TC_cancelQR/TC_cancelQR" classname="Test Cases/E_Wallet/TC_cancelQR/TC_cancelQR" status="PASSED">
            <system-out>2019-12-06 10:08:56 - [TEST_CASE][PASSED] - Test Cases/E_Wallet/TC_cancelQR/TC_cancelQR: Test Cases/E_Wallet/TC_cancelQR/TC_cancelQR&#xD;
&#xD;
2019-12-06 10:08:56 - [TEST_STEP][PASSED] - plain = "{" + ""user_agent":"" + var_user_agent + ""," + ""unique_code":"" + var_unique_code + ""}": null&#xD;
&#xD;
2019-12-06 10:08:56 - [TEST_STEP][PASSED] - partner_token = partner_token: null&#xD;
&#xD;
2019-12-06 10:08:56 - [TEST_STEP][PASSED] - out.println(plain): null&#xD;
&#xD;
2019-12-06 10:08:56 - [TEST_STEP][PASSED] - encipheredData = SecureUtils.encryptAesEwallet(plain, var_aes_key): null&#xD;
&#xD;
2019-12-06 10:08:56 - [TEST_STEP][PASSED] - body = "{"organisation_id":"" + var_organisation_id + ""," + ""data":"" + encipheredData + ""," + ""lang":"" + var_lang + ""}": null&#xD;
&#xD;
2019-12-06 10:08:56 - [TEST_STEP][PASSED] - out.println(body): null&#xD;
&#xD;
2019-12-06 10:08:56 - [TEST_STEP][PASSED] - request = findTestObject("E_Wallet/obj_cancelQR"): null&#xD;
&#xD;
2019-12-06 10:08:56 - [TEST_STEP][PASSED] - request.setBodyContent(new com.kms.katalon.core.testobject.impl.HttpTextBodyContent(body, UTF-8, application/json)): null&#xD;
&#xD;
2019-12-06 10:08:56 - [TEST_STEP][PASSED] - if (var_customer_token == 0): null&#xD;
&#xD;
2019-12-06 10:08:56 - [TEST_STEP][PASSED] - else: null&#xD;
&#xD;
2019-12-06 10:08:56 - [TEST_STEP][PASSED] - out.println("using access_token = " + access_token_customer): null&#xD;
&#xD;
2019-12-06 10:08:56 - [TEST_STEP][PASSED] - listQuery = new java.util.ArrayList(): null&#xD;
&#xD;
2019-12-06 10:08:56 - [TEST_STEP][PASSED] - listQuery.add(new com.kms.katalon.core.testobject.TestObjectProperty(token, com.kms.katalon.core.testobject.ConditionType.EQUALS, internal.GlobalVariable.access_token_customer)): null&#xD;
&#xD;
2019-12-06 10:08:56 - [TEST_STEP][PASSED] - request.setRestParameters(listQuery): null&#xD;
&#xD;
2019-12-06 10:08:56 - [TEST_STEP][PASSED] - response = sendRequest(request): Send request successfully&#xD;
&#xD;
2019-12-06 10:08:56 - [MESSAGE][INFO] - HAR: D:\katalon-ewallet\Reports\E_Wallet\TS_cancelQR\TS_cancelQR\20191206_100850\requests\main\3.har&#xD;
&#xD;
2019-12-06 10:08:56 - [MESSAGE][PASSED] - Send request successfully&#xD;
&#xD;
2019-12-06 10:08:56 - [TEST_STEP][PASSED] - println(request.getRestUrl()): null&#xD;
&#xD;
2019-12-06 10:08:56 - [TEST_STEP][PASSED] - body_content = responseBodyContent: null&#xD;
&#xD;
2019-12-06 10:08:56 - [TEST_STEP][PASSED] - status_code = statusCode: null&#xD;
&#xD;
2019-12-06 10:08:56 - [TEST_STEP][PASSED] - respDataMap = JsonSlurper().parseText(body_content): null&#xD;
&#xD;
2019-12-06 10:08:56 - [TEST_STEP][PASSED] - out.println(respDataMap): null&#xD;
&#xD;
2019-12-06 10:08:56 - [TEST_STEP][PASSED] - println(body_content): null&#xD;
&#xD;
2019-12-06 10:08:56 - [TEST_STEP][PASSED] - rc_ref = ReturnCodeWrapper(var_expected_rc).getEnumRC(): null&#xD;
&#xD;
2019-12-06 10:08:56 - [TEST_STEP][PASSED] - out.println(var_expected_rc): null&#xD;
&#xD;
2019-12-06 10:08:56 - [TEST_STEP][PASSED] - out.println(rc_ref.getRCName()): null&#xD;
&#xD;
2019-12-06 10:08:56 - [TEST_STEP][PASSED] - out.println(rc_ref.getHttpResponse()): null&#xD;
&#xD;
2019-12-06 10:08:56 - [TEST_STEP][PASSED] - result = verifyEqual(response_code, rc_ref.getRCName()): Actual object 'RC01' and expected object 'RC01' are equal&#xD;
&#xD;
2019-12-06 10:08:56 - [MESSAGE][PASSED] - Actual object 'RC01' and expected object 'RC01' are equal&#xD;
&#xD;
2019-12-06 10:08:56 - [TEST_STEP][PASSED] - if (result == false): null&#xD;
&#xD;
2019-12-06 10:08:56 - [TEST_STEP][PASSED] - else: null&#xD;
&#xD;
2019-12-06 10:08:56 - [TEST_STEP][PASSED] - verifyEqual(statusCode, rc_ref.getHttpResponse()): Actual object '400' and expected object '400' are equal&#xD;
&#xD;
2019-12-06 10:08:56 - [MESSAGE][PASSED] - Actual object '400' and expected object '400' are equal&#xD;
&#xD;
2019-12-06 10:08:56 - [TEST_STEP][PASSED] - if (rc_ref == RC00): null</system-out>
            <system-err></system-err>
        </testcase>
        <testcase name="Test Cases/E_Wallet/TC_cancelQR/TC_cancelQR" classname="Test Cases/E_Wallet/TC_cancelQR/TC_cancelQR" status="PASSED">
            <system-out>2019-12-06 10:08:56 - [TEST_CASE][PASSED] - Test Cases/E_Wallet/TC_cancelQR/TC_cancelQR: Test Cases/E_Wallet/TC_cancelQR/TC_cancelQR&#xD;
&#xD;
2019-12-06 10:08:56 - [TEST_STEP][PASSED] - plain = "{" + ""user_agent":"" + var_user_agent + ""," + ""unique_code":"" + var_unique_code + ""}": null&#xD;
&#xD;
2019-12-06 10:08:56 - [TEST_STEP][PASSED] - partner_token = partner_token: null&#xD;
&#xD;
2019-12-06 10:08:56 - [TEST_STEP][PASSED] - out.println(plain): null&#xD;
&#xD;
2019-12-06 10:08:56 - [TEST_STEP][PASSED] - encipheredData = SecureUtils.encryptAesEwallet(plain, var_aes_key): null&#xD;
&#xD;
2019-12-06 10:08:56 - [TEST_STEP][PASSED] - body = "{"organisation_id":"" + var_organisation_id + ""," + ""data":"" + encipheredData + ""," + ""lang":"" + var_lang + ""}": null&#xD;
&#xD;
2019-12-06 10:08:56 - [TEST_STEP][PASSED] - out.println(body): null&#xD;
&#xD;
2019-12-06 10:08:56 - [TEST_STEP][PASSED] - request = findTestObject("E_Wallet/obj_cancelQR"): null&#xD;
&#xD;
2019-12-06 10:08:56 - [TEST_STEP][PASSED] - request.setBodyContent(new com.kms.katalon.core.testobject.impl.HttpTextBodyContent(body, UTF-8, application/json)): null&#xD;
&#xD;
2019-12-06 10:08:56 - [TEST_STEP][PASSED] - if (var_customer_token == 0): null&#xD;
&#xD;
2019-12-06 10:08:56 - [TEST_STEP][PASSED] - else: null&#xD;
&#xD;
2019-12-06 10:08:56 - [TEST_STEP][PASSED] - out.println("using access_token = " + access_token_customer): null&#xD;
&#xD;
2019-12-06 10:08:56 - [TEST_STEP][PASSED] - listQuery = new java.util.ArrayList(): null&#xD;
&#xD;
2019-12-06 10:08:56 - [TEST_STEP][PASSED] - listQuery.add(new com.kms.katalon.core.testobject.TestObjectProperty(token, com.kms.katalon.core.testobject.ConditionType.EQUALS, internal.GlobalVariable.access_token_customer)): null&#xD;
&#xD;
2019-12-06 10:08:56 - [TEST_STEP][PASSED] - request.setRestParameters(listQuery): null&#xD;
&#xD;
2019-12-06 10:08:56 - [TEST_STEP][PASSED] - response = sendRequest(request): Send request successfully&#xD;
&#xD;
2019-12-06 10:08:56 - [MESSAGE][INFO] - HAR: D:\katalon-ewallet\Reports\E_Wallet\TS_cancelQR\TS_cancelQR\20191206_100850\requests\main\4.har&#xD;
&#xD;
2019-12-06 10:08:56 - [MESSAGE][PASSED] - Send request successfully&#xD;
&#xD;
2019-12-06 10:08:56 - [TEST_STEP][PASSED] - println(request.getRestUrl()): null&#xD;
&#xD;
2019-12-06 10:08:56 - [TEST_STEP][PASSED] - body_content = responseBodyContent: null&#xD;
&#xD;
2019-12-06 10:08:56 - [TEST_STEP][PASSED] - status_code = statusCode: null&#xD;
&#xD;
2019-12-06 10:08:56 - [TEST_STEP][PASSED] - respDataMap = JsonSlurper().parseText(body_content): null&#xD;
&#xD;
2019-12-06 10:08:56 - [TEST_STEP][PASSED] - out.println(respDataMap): null&#xD;
&#xD;
2019-12-06 10:08:56 - [TEST_STEP][PASSED] - println(body_content): null&#xD;
&#xD;
2019-12-06 10:08:56 - [TEST_STEP][PASSED] - rc_ref = ReturnCodeWrapper(var_expected_rc).getEnumRC(): null&#xD;
&#xD;
2019-12-06 10:08:56 - [TEST_STEP][PASSED] - out.println(var_expected_rc): null&#xD;
&#xD;
2019-12-06 10:08:56 - [TEST_STEP][PASSED] - out.println(rc_ref.getRCName()): null&#xD;
&#xD;
2019-12-06 10:08:56 - [TEST_STEP][PASSED] - out.println(rc_ref.getHttpResponse()): null&#xD;
&#xD;
2019-12-06 10:08:56 - [TEST_STEP][PASSED] - result = verifyEqual(response_code, rc_ref.getRCName()): Actual object 'RC01' and expected object 'RC01' are equal&#xD;
&#xD;
2019-12-06 10:08:56 - [MESSAGE][PASSED] - Actual object 'RC01' and expected object 'RC01' are equal&#xD;
&#xD;
2019-12-06 10:08:56 - [TEST_STEP][PASSED] - if (result == false): null&#xD;
&#xD;
2019-12-06 10:08:56 - [TEST_STEP][PASSED] - else: null&#xD;
&#xD;
2019-12-06 10:08:56 - [TEST_STEP][PASSED] - verifyEqual(statusCode, rc_ref.getHttpResponse()): Actual object '400' and expected object '400' are equal&#xD;
&#xD;
2019-12-06 10:08:56 - [MESSAGE][PASSED] - Actual object '400' and expected object '400' are equal&#xD;
&#xD;
2019-12-06 10:08:56 - [TEST_STEP][PASSED] - if (rc_ref == RC00): null</system-out>
            <system-err></system-err>
        </testcase>
        <testcase name="Test Cases/E_Wallet/TC_cancelQR/TC_cancelQR" classname="Test Cases/E_Wallet/TC_cancelQR/TC_cancelQR" status="PASSED">
            <system-out>2019-12-06 10:08:56 - [TEST_CASE][PASSED] - Test Cases/E_Wallet/TC_cancelQR/TC_cancelQR: Test Cases/E_Wallet/TC_cancelQR/TC_cancelQR&#xD;
&#xD;
2019-12-06 10:08:56 - [TEST_STEP][PASSED] - plain = "{" + ""user_agent":"" + var_user_agent + ""," + ""unique_code":"" + var_unique_code + ""}": null&#xD;
&#xD;
2019-12-06 10:08:56 - [TEST_STEP][PASSED] - partner_token = partner_token: null&#xD;
&#xD;
2019-12-06 10:08:56 - [TEST_STEP][PASSED] - out.println(plain): null&#xD;
&#xD;
2019-12-06 10:08:56 - [TEST_STEP][PASSED] - encipheredData = SecureUtils.encryptAesEwallet(plain, var_aes_key): null&#xD;
&#xD;
2019-12-06 10:08:56 - [TEST_STEP][PASSED] - body = "{"organisation_id":"" + var_organisation_id + ""," + ""data":"" + encipheredData + ""," + ""lang":"" + var_lang + ""}": null&#xD;
&#xD;
2019-12-06 10:08:56 - [TEST_STEP][PASSED] - out.println(body): null&#xD;
&#xD;
2019-12-06 10:08:56 - [TEST_STEP][PASSED] - request = findTestObject("E_Wallet/obj_cancelQR"): null&#xD;
&#xD;
2019-12-06 10:08:56 - [TEST_STEP][PASSED] - request.setBodyContent(new com.kms.katalon.core.testobject.impl.HttpTextBodyContent(body, UTF-8, application/json)): null&#xD;
&#xD;
2019-12-06 10:08:56 - [TEST_STEP][PASSED] - if (var_customer_token == 0): null&#xD;
&#xD;
2019-12-06 10:08:56 - [TEST_STEP][PASSED] - else: null&#xD;
&#xD;
2019-12-06 10:08:56 - [TEST_STEP][PASSED] - out.println("using access_token = " + access_token_customer): null&#xD;
&#xD;
2019-12-06 10:08:56 - [TEST_STEP][PASSED] - listQuery = new java.util.ArrayList(): null&#xD;
&#xD;
2019-12-06 10:08:56 - [TEST_STEP][PASSED] - listQuery.add(new com.kms.katalon.core.testobject.TestObjectProperty(token, com.kms.katalon.core.testobject.ConditionType.EQUALS, internal.GlobalVariable.access_token_customer)): null&#xD;
&#xD;
2019-12-06 10:08:56 - [TEST_STEP][PASSED] - request.setRestParameters(listQuery): null&#xD;
&#xD;
2019-12-06 10:08:56 - [TEST_STEP][PASSED] - response = sendRequest(request): Send request successfully&#xD;
&#xD;
2019-12-06 10:08:56 - [MESSAGE][INFO] - HAR: D:\katalon-ewallet\Reports\E_Wallet\TS_cancelQR\TS_cancelQR\20191206_100850\requests\main\5.har&#xD;
&#xD;
2019-12-06 10:08:56 - [MESSAGE][PASSED] - Send request successfully&#xD;
&#xD;
2019-12-06 10:08:56 - [TEST_STEP][PASSED] - println(request.getRestUrl()): null&#xD;
&#xD;
2019-12-06 10:08:56 - [TEST_STEP][PASSED] - body_content = responseBodyContent: null&#xD;
&#xD;
2019-12-06 10:08:56 - [TEST_STEP][PASSED] - status_code = statusCode: null&#xD;
&#xD;
2019-12-06 10:08:56 - [TEST_STEP][PASSED] - respDataMap = JsonSlurper().parseText(body_content): null&#xD;
&#xD;
2019-12-06 10:08:56 - [TEST_STEP][PASSED] - out.println(respDataMap): null&#xD;
&#xD;
2019-12-06 10:08:56 - [TEST_STEP][PASSED] - println(body_content): null&#xD;
&#xD;
2019-12-06 10:08:56 - [TEST_STEP][PASSED] - rc_ref = ReturnCodeWrapper(var_expected_rc).getEnumRC(): null&#xD;
&#xD;
2019-12-06 10:08:56 - [TEST_STEP][PASSED] - out.println(var_expected_rc): null&#xD;
&#xD;
2019-12-06 10:08:56 - [TEST_STEP][PASSED] - out.println(rc_ref.getRCName()): null&#xD;
&#xD;
2019-12-06 10:08:56 - [TEST_STEP][PASSED] - out.println(rc_ref.getHttpResponse()): null&#xD;
&#xD;
2019-12-06 10:08:56 - [TEST_STEP][PASSED] - result = verifyEqual(response_code, rc_ref.getRCName()): Actual object 'RC01' and expected object 'RC01' are equal&#xD;
&#xD;
2019-12-06 10:08:56 - [MESSAGE][PASSED] - Actual object 'RC01' and expected object 'RC01' are equal&#xD;
&#xD;
2019-12-06 10:08:56 - [TEST_STEP][PASSED] - if (result == false): null&#xD;
&#xD;
2019-12-06 10:08:56 - [TEST_STEP][PASSED] - else: null&#xD;
&#xD;
2019-12-06 10:08:56 - [TEST_STEP][PASSED] - verifyEqual(statusCode, rc_ref.getHttpResponse()): Actual object '400' and expected object '400' are equal&#xD;
&#xD;
2019-12-06 10:08:56 - [MESSAGE][PASSED] - Actual object '400' and expected object '400' are equal&#xD;
&#xD;
2019-12-06 10:08:56 - [TEST_STEP][PASSED] - if (rc_ref == RC00): null</system-out>
            <system-err></system-err>
        </testcase>
        <testcase name="Test Cases/E_Wallet/TC_cancelQR/TC_cancelQR" classname="Test Cases/E_Wallet/TC_cancelQR/TC_cancelQR" status="PASSED">
            <system-out>2019-12-06 10:08:56 - [TEST_CASE][PASSED] - Test Cases/E_Wallet/TC_cancelQR/TC_cancelQR: Test Cases/E_Wallet/TC_cancelQR/TC_cancelQR&#xD;
&#xD;
2019-12-06 10:08:57 - [TEST_STEP][PASSED] - plain = "{" + ""user_agent":"" + var_user_agent + ""," + ""unique_code":"" + var_unique_code + ""}": null&#xD;
&#xD;
2019-12-06 10:08:57 - [TEST_STEP][PASSED] - partner_token = partner_token: null&#xD;
&#xD;
2019-12-06 10:08:57 - [TEST_STEP][PASSED] - out.println(plain): null&#xD;
&#xD;
2019-12-06 10:08:57 - [TEST_STEP][PASSED] - encipheredData = SecureUtils.encryptAesEwallet(plain, var_aes_key): null&#xD;
&#xD;
2019-12-06 10:08:57 - [TEST_STEP][PASSED] - body = "{"organisation_id":"" + var_organisation_id + ""," + ""data":"" + encipheredData + ""," + ""lang":"" + var_lang + ""}": null&#xD;
&#xD;
2019-12-06 10:08:57 - [TEST_STEP][PASSED] - out.println(body): null&#xD;
&#xD;
2019-12-06 10:08:57 - [TEST_STEP][PASSED] - request = findTestObject("E_Wallet/obj_cancelQR"): null&#xD;
&#xD;
2019-12-06 10:08:57 - [TEST_STEP][PASSED] - request.setBodyContent(new com.kms.katalon.core.testobject.impl.HttpTextBodyContent(body, UTF-8, application/json)): null&#xD;
&#xD;
2019-12-06 10:08:57 - [TEST_STEP][PASSED] - if (var_customer_token == 0): null&#xD;
&#xD;
2019-12-06 10:08:57 - [TEST_STEP][PASSED] - else: null&#xD;
&#xD;
2019-12-06 10:08:57 - [TEST_STEP][PASSED] - out.println("using access_token = " + access_token_customer): null&#xD;
&#xD;
2019-12-06 10:08:57 - [TEST_STEP][PASSED] - listQuery = new java.util.ArrayList(): null&#xD;
&#xD;
2019-12-06 10:08:57 - [TEST_STEP][PASSED] - listQuery.add(new com.kms.katalon.core.testobject.TestObjectProperty(token, com.kms.katalon.core.testobject.ConditionType.EQUALS, internal.GlobalVariable.access_token_customer)): null&#xD;
&#xD;
2019-12-06 10:08:57 - [TEST_STEP][PASSED] - request.setRestParameters(listQuery): null&#xD;
&#xD;
2019-12-06 10:08:57 - [TEST_STEP][PASSED] - response = sendRequest(request): Send request successfully&#xD;
&#xD;
2019-12-06 10:08:57 - [MESSAGE][INFO] - HAR: D:\katalon-ewallet\Reports\E_Wallet\TS_cancelQR\TS_cancelQR\20191206_100850\requests\main\6.har&#xD;
&#xD;
2019-12-06 10:08:57 - [MESSAGE][PASSED] - Send request successfully&#xD;
&#xD;
2019-12-06 10:08:57 - [TEST_STEP][PASSED] - println(request.getRestUrl()): null&#xD;
&#xD;
2019-12-06 10:08:57 - [TEST_STEP][PASSED] - body_content = responseBodyContent: null&#xD;
&#xD;
2019-12-06 10:08:57 - [TEST_STEP][PASSED] - status_code = statusCode: null&#xD;
&#xD;
2019-12-06 10:08:57 - [TEST_STEP][PASSED] - respDataMap = JsonSlurper().parseText(body_content): null&#xD;
&#xD;
2019-12-06 10:08:57 - [TEST_STEP][PASSED] - out.println(respDataMap): null&#xD;
&#xD;
2019-12-06 10:08:57 - [TEST_STEP][PASSED] - println(body_content): null&#xD;
&#xD;
2019-12-06 10:08:57 - [TEST_STEP][PASSED] - rc_ref = ReturnCodeWrapper(var_expected_rc).getEnumRC(): null&#xD;
&#xD;
2019-12-06 10:08:57 - [TEST_STEP][PASSED] - out.println(var_expected_rc): null&#xD;
&#xD;
2019-12-06 10:08:57 - [TEST_STEP][PASSED] - out.println(rc_ref.getRCName()): null&#xD;
&#xD;
2019-12-06 10:08:57 - [TEST_STEP][PASSED] - out.println(rc_ref.getHttpResponse()): null&#xD;
&#xD;
2019-12-06 10:08:57 - [TEST_STEP][PASSED] - result = verifyEqual(response_code, rc_ref.getRCName()): Actual object 'RC01' and expected object 'RC01' are equal&#xD;
&#xD;
2019-12-06 10:08:57 - [MESSAGE][PASSED] - Actual object 'RC01' and expected object 'RC01' are equal&#xD;
&#xD;
2019-12-06 10:08:57 - [TEST_STEP][PASSED] - if (result == false): null&#xD;
&#xD;
2019-12-06 10:08:57 - [TEST_STEP][PASSED] - else: null&#xD;
&#xD;
2019-12-06 10:08:57 - [TEST_STEP][PASSED] - verifyEqual(statusCode, rc_ref.getHttpResponse()): Actual object '400' and expected object '400' are equal&#xD;
&#xD;
2019-12-06 10:08:57 - [MESSAGE][PASSED] - Actual object '400' and expected object '400' are equal&#xD;
&#xD;
2019-12-06 10:08:57 - [TEST_STEP][PASSED] - if (rc_ref == RC00): null</system-out>
            <system-err></system-err>
        </testcase>
        <testcase name="Test Cases/E_Wallet/TC_cancelQR/TC_cancelQR" classname="Test Cases/E_Wallet/TC_cancelQR/TC_cancelQR" status="PASSED">
            <system-out>2019-12-06 10:08:57 - [TEST_CASE][PASSED] - Test Cases/E_Wallet/TC_cancelQR/TC_cancelQR: Test Cases/E_Wallet/TC_cancelQR/TC_cancelQR&#xD;
&#xD;
2019-12-06 10:08:57 - [TEST_STEP][PASSED] - plain = "{" + ""user_agent":"" + var_user_agent + ""," + ""unique_code":"" + var_unique_code + ""}": null&#xD;
&#xD;
2019-12-06 10:08:57 - [TEST_STEP][PASSED] - partner_token = partner_token: null&#xD;
&#xD;
2019-12-06 10:08:57 - [TEST_STEP][PASSED] - out.println(plain): null&#xD;
&#xD;
2019-12-06 10:08:57 - [TEST_STEP][PASSED] - encipheredData = SecureUtils.encryptAesEwallet(plain, var_aes_key): null&#xD;
&#xD;
2019-12-06 10:08:57 - [TEST_STEP][PASSED] - body = "{"organisation_id":"" + var_organisation_id + ""," + ""data":"" + encipheredData + ""," + ""lang":"" + var_lang + ""}": null&#xD;
&#xD;
2019-12-06 10:08:57 - [TEST_STEP][PASSED] - out.println(body): null&#xD;
&#xD;
2019-12-06 10:08:57 - [TEST_STEP][PASSED] - request = findTestObject("E_Wallet/obj_cancelQR"): null&#xD;
&#xD;
2019-12-06 10:08:57 - [TEST_STEP][PASSED] - request.setBodyContent(new com.kms.katalon.core.testobject.impl.HttpTextBodyContent(body, UTF-8, application/json)): null&#xD;
&#xD;
2019-12-06 10:08:57 - [TEST_STEP][PASSED] - if (var_customer_token == 0): null&#xD;
&#xD;
2019-12-06 10:08:57 - [TEST_STEP][PASSED] - else: null&#xD;
&#xD;
2019-12-06 10:08:57 - [TEST_STEP][PASSED] - out.println("using access_token = " + access_token_customer): null&#xD;
&#xD;
2019-12-06 10:08:57 - [TEST_STEP][PASSED] - listQuery = new java.util.ArrayList(): null&#xD;
&#xD;
2019-12-06 10:08:57 - [TEST_STEP][PASSED] - listQuery.add(new com.kms.katalon.core.testobject.TestObjectProperty(token, com.kms.katalon.core.testobject.ConditionType.EQUALS, internal.GlobalVariable.access_token_customer)): null&#xD;
&#xD;
2019-12-06 10:08:57 - [TEST_STEP][PASSED] - request.setRestParameters(listQuery): null&#xD;
&#xD;
2019-12-06 10:08:57 - [TEST_STEP][PASSED] - response = sendRequest(request): Send request successfully&#xD;
&#xD;
2019-12-06 10:08:57 - [MESSAGE][INFO] - HAR: D:\katalon-ewallet\Reports\E_Wallet\TS_cancelQR\TS_cancelQR\20191206_100850\requests\main\7.har&#xD;
&#xD;
2019-12-06 10:08:57 - [MESSAGE][PASSED] - Send request successfully&#xD;
&#xD;
2019-12-06 10:08:57 - [TEST_STEP][PASSED] - println(request.getRestUrl()): null&#xD;
&#xD;
2019-12-06 10:08:57 - [TEST_STEP][PASSED] - body_content = responseBodyContent: null&#xD;
&#xD;
2019-12-06 10:08:57 - [TEST_STEP][PASSED] - status_code = statusCode: null&#xD;
&#xD;
2019-12-06 10:08:57 - [TEST_STEP][PASSED] - respDataMap = JsonSlurper().parseText(body_content): null&#xD;
&#xD;
2019-12-06 10:08:57 - [TEST_STEP][PASSED] - out.println(respDataMap): null&#xD;
&#xD;
2019-12-06 10:08:57 - [TEST_STEP][PASSED] - println(body_content): null&#xD;
&#xD;
2019-12-06 10:08:57 - [TEST_STEP][PASSED] - rc_ref = ReturnCodeWrapper(var_expected_rc).getEnumRC(): null&#xD;
&#xD;
2019-12-06 10:08:57 - [TEST_STEP][PASSED] - out.println(var_expected_rc): null&#xD;
&#xD;
2019-12-06 10:08:57 - [TEST_STEP][PASSED] - out.println(rc_ref.getRCName()): null&#xD;
&#xD;
2019-12-06 10:08:57 - [TEST_STEP][PASSED] - out.println(rc_ref.getHttpResponse()): null&#xD;
&#xD;
2019-12-06 10:08:57 - [TEST_STEP][PASSED] - result = verifyEqual(response_code, rc_ref.getRCName()): Actual object 'RC01' and expected object 'RC01' are equal&#xD;
&#xD;
2019-12-06 10:08:57 - [MESSAGE][PASSED] - Actual object 'RC01' and expected object 'RC01' are equal&#xD;
&#xD;
2019-12-06 10:08:57 - [TEST_STEP][PASSED] - if (result == false): null&#xD;
&#xD;
2019-12-06 10:08:57 - [TEST_STEP][PASSED] - else: null&#xD;
&#xD;
2019-12-06 10:08:57 - [TEST_STEP][PASSED] - verifyEqual(statusCode, rc_ref.getHttpResponse()): Actual object '400' and expected object '400' are equal&#xD;
&#xD;
2019-12-06 10:08:57 - [MESSAGE][PASSED] - Actual object '400' and expected object '400' are equal&#xD;
&#xD;
2019-12-06 10:08:57 - [TEST_STEP][PASSED] - if (rc_ref == RC00): null</system-out>
            <system-err></system-err>
        </testcase>
        <testcase name="Test Cases/E_Wallet/TC_cancelQR/TC_cancelQR" classname="Test Cases/E_Wallet/TC_cancelQR/TC_cancelQR" status="PASSED">
            <system-out>2019-12-06 10:08:57 - [TEST_CASE][PASSED] - Test Cases/E_Wallet/TC_cancelQR/TC_cancelQR: Test Cases/E_Wallet/TC_cancelQR/TC_cancelQR&#xD;
&#xD;
2019-12-06 10:08:57 - [TEST_STEP][PASSED] - plain = "{" + ""user_agent":"" + var_user_agent + ""," + ""unique_code":"" + var_unique_code + ""}": null&#xD;
&#xD;
2019-12-06 10:08:57 - [TEST_STEP][PASSED] - partner_token = partner_token: null&#xD;
&#xD;
2019-12-06 10:08:57 - [TEST_STEP][PASSED] - out.println(plain): null&#xD;
&#xD;
2019-12-06 10:08:57 - [TEST_STEP][PASSED] - encipheredData = SecureUtils.encryptAesEwallet(plain, var_aes_key): null&#xD;
&#xD;
2019-12-06 10:08:57 - [TEST_STEP][PASSED] - body = "{"organisation_id":"" + var_organisation_id + ""," + ""data":"" + encipheredData + ""," + ""lang":"" + var_lang + ""}": null&#xD;
&#xD;
2019-12-06 10:08:57 - [TEST_STEP][PASSED] - out.println(body): null&#xD;
&#xD;
2019-12-06 10:08:57 - [TEST_STEP][PASSED] - request = findTestObject("E_Wallet/obj_cancelQR"): null&#xD;
&#xD;
2019-12-06 10:08:57 - [TEST_STEP][PASSED] - request.setBodyContent(new com.kms.katalon.core.testobject.impl.HttpTextBodyContent(body, UTF-8, application/json)): null&#xD;
&#xD;
2019-12-06 10:08:57 - [TEST_STEP][PASSED] - if (var_customer_token == 0): null&#xD;
&#xD;
2019-12-06 10:08:57 - [TEST_STEP][PASSED] - else: null&#xD;
&#xD;
2019-12-06 10:08:57 - [TEST_STEP][PASSED] - out.println("using access_token = " + access_token_customer): null&#xD;
&#xD;
2019-12-06 10:08:57 - [TEST_STEP][PASSED] - listQuery = new java.util.ArrayList(): null&#xD;
&#xD;
2019-12-06 10:08:57 - [TEST_STEP][PASSED] - listQuery.add(new com.kms.katalon.core.testobject.TestObjectProperty(token, com.kms.katalon.core.testobject.ConditionType.EQUALS, internal.GlobalVariable.access_token_customer)): null&#xD;
&#xD;
2019-12-06 10:08:57 - [TEST_STEP][PASSED] - request.setRestParameters(listQuery): null&#xD;
&#xD;
2019-12-06 10:08:57 - [TEST_STEP][PASSED] - response = sendRequest(request): Send request successfully&#xD;
&#xD;
2019-12-06 10:08:57 - [MESSAGE][INFO] - HAR: D:\katalon-ewallet\Reports\E_Wallet\TS_cancelQR\TS_cancelQR\20191206_100850\requests\main\8.har&#xD;
&#xD;
2019-12-06 10:08:57 - [MESSAGE][PASSED] - Send request successfully&#xD;
&#xD;
2019-12-06 10:08:57 - [TEST_STEP][PASSED] - println(request.getRestUrl()): null&#xD;
&#xD;
2019-12-06 10:08:57 - [TEST_STEP][PASSED] - body_content = responseBodyContent: null&#xD;
&#xD;
2019-12-06 10:08:57 - [TEST_STEP][PASSED] - status_code = statusCode: null&#xD;
&#xD;
2019-12-06 10:08:57 - [TEST_STEP][PASSED] - respDataMap = JsonSlurper().parseText(body_content): null&#xD;
&#xD;
2019-12-06 10:08:57 - [TEST_STEP][PASSED] - out.println(respDataMap): null&#xD;
&#xD;
2019-12-06 10:08:57 - [TEST_STEP][PASSED] - println(body_content): null&#xD;
&#xD;
2019-12-06 10:08:57 - [TEST_STEP][PASSED] - rc_ref = ReturnCodeWrapper(var_expected_rc).getEnumRC(): null&#xD;
&#xD;
2019-12-06 10:08:57 - [TEST_STEP][PASSED] - out.println(var_expected_rc): null&#xD;
&#xD;
2019-12-06 10:08:57 - [TEST_STEP][PASSED] - out.println(rc_ref.getRCName()): null&#xD;
&#xD;
2019-12-06 10:08:57 - [TEST_STEP][PASSED] - out.println(rc_ref.getHttpResponse()): null&#xD;
&#xD;
2019-12-06 10:08:57 - [TEST_STEP][PASSED] - result = verifyEqual(response_code, rc_ref.getRCName()): Actual object 'RC01' and expected object 'RC01' are equal&#xD;
&#xD;
2019-12-06 10:08:57 - [MESSAGE][PASSED] - Actual object 'RC01' and expected object 'RC01' are equal&#xD;
&#xD;
2019-12-06 10:08:57 - [TEST_STEP][PASSED] - if (result == false): null&#xD;
&#xD;
2019-12-06 10:08:57 - [TEST_STEP][PASSED] - else: null&#xD;
&#xD;
2019-12-06 10:08:57 - [TEST_STEP][PASSED] - verifyEqual(statusCode, rc_ref.getHttpResponse()): Actual object '400' and expected object '400' are equal&#xD;
&#xD;
2019-12-06 10:08:57 - [MESSAGE][PASSED] - Actual object '400' and expected object '400' are equal&#xD;
&#xD;
2019-12-06 10:08:57 - [TEST_STEP][PASSED] - if (rc_ref == RC00): null</system-out>
            <system-err></system-err>
        </testcase>
        <testcase name="Test Cases/E_Wallet/TC_cancelQR/TC_cancelQR" classname="Test Cases/E_Wallet/TC_cancelQR/TC_cancelQR" status="PASSED">
            <system-out>2019-12-06 10:08:57 - [TEST_CASE][PASSED] - Test Cases/E_Wallet/TC_cancelQR/TC_cancelQR: Test Cases/E_Wallet/TC_cancelQR/TC_cancelQR&#xD;
&#xD;
2019-12-06 10:08:57 - [TEST_STEP][PASSED] - plain = "{" + ""user_agent":"" + var_user_agent + ""," + ""unique_code":"" + var_unique_code + ""}": null&#xD;
&#xD;
2019-12-06 10:08:57 - [TEST_STEP][PASSED] - partner_token = partner_token: null&#xD;
&#xD;
2019-12-06 10:08:57 - [TEST_STEP][PASSED] - out.println(plain): null&#xD;
&#xD;
2019-12-06 10:08:57 - [TEST_STEP][PASSED] - encipheredData = SecureUtils.encryptAesEwallet(plain, var_aes_key): null&#xD;
&#xD;
2019-12-06 10:08:57 - [TEST_STEP][PASSED] - body = "{"organisation_id":"" + var_organisation_id + ""," + ""data":"" + encipheredData + ""," + ""lang":"" + var_lang + ""}": null&#xD;
&#xD;
2019-12-06 10:08:57 - [TEST_STEP][PASSED] - out.println(body): null&#xD;
&#xD;
2019-12-06 10:08:57 - [TEST_STEP][PASSED] - request = findTestObject("E_Wallet/obj_cancelQR"): null&#xD;
&#xD;
2019-12-06 10:08:57 - [TEST_STEP][PASSED] - request.setBodyContent(new com.kms.katalon.core.testobject.impl.HttpTextBodyContent(body, UTF-8, application/json)): null&#xD;
&#xD;
2019-12-06 10:08:57 - [TEST_STEP][PASSED] - if (var_customer_token == 0): null&#xD;
&#xD;
2019-12-06 10:08:57 - [TEST_STEP][PASSED] - else: null&#xD;
&#xD;
2019-12-06 10:08:57 - [TEST_STEP][PASSED] - out.println("using access_token = " + access_token_customer): null&#xD;
&#xD;
2019-12-06 10:08:57 - [TEST_STEP][PASSED] - listQuery = new java.util.ArrayList(): null&#xD;
&#xD;
2019-12-06 10:08:57 - [TEST_STEP][PASSED] - listQuery.add(new com.kms.katalon.core.testobject.TestObjectProperty(token, com.kms.katalon.core.testobject.ConditionType.EQUALS, internal.GlobalVariable.access_token_customer)): null&#xD;
&#xD;
2019-12-06 10:08:57 - [TEST_STEP][PASSED] - request.setRestParameters(listQuery): null&#xD;
&#xD;
2019-12-06 10:08:57 - [TEST_STEP][PASSED] - response = sendRequest(request): Send request successfully&#xD;
&#xD;
2019-12-06 10:08:57 - [MESSAGE][INFO] - HAR: D:\katalon-ewallet\Reports\E_Wallet\TS_cancelQR\TS_cancelQR\20191206_100850\requests\main\9.har&#xD;
&#xD;
2019-12-06 10:08:57 - [MESSAGE][PASSED] - Send request successfully&#xD;
&#xD;
2019-12-06 10:08:57 - [TEST_STEP][PASSED] - println(request.getRestUrl()): null&#xD;
&#xD;
2019-12-06 10:08:57 - [TEST_STEP][PASSED] - body_content = responseBodyContent: null&#xD;
&#xD;
2019-12-06 10:08:57 - [TEST_STEP][PASSED] - status_code = statusCode: null&#xD;
&#xD;
2019-12-06 10:08:57 - [TEST_STEP][PASSED] - respDataMap = JsonSlurper().parseText(body_content): null&#xD;
&#xD;
2019-12-06 10:08:57 - [TEST_STEP][PASSED] - out.println(respDataMap): null&#xD;
&#xD;
2019-12-06 10:08:57 - [TEST_STEP][PASSED] - println(body_content): null&#xD;
&#xD;
2019-12-06 10:08:57 - [TEST_STEP][PASSED] - rc_ref = ReturnCodeWrapper(var_expected_rc).getEnumRC(): null&#xD;
&#xD;
2019-12-06 10:08:57 - [TEST_STEP][PASSED] - out.println(var_expected_rc): null&#xD;
&#xD;
2019-12-06 10:08:57 - [TEST_STEP][PASSED] - out.println(rc_ref.getRCName()): null&#xD;
&#xD;
2019-12-06 10:08:57 - [TEST_STEP][PASSED] - out.println(rc_ref.getHttpResponse()): null&#xD;
&#xD;
2019-12-06 10:08:57 - [TEST_STEP][PASSED] - result = verifyEqual(response_code, rc_ref.getRCName()): Actual object 'RC01' and expected object 'RC01' are equal&#xD;
&#xD;
2019-12-06 10:08:57 - [MESSAGE][PASSED] - Actual object 'RC01' and expected object 'RC01' are equal&#xD;
&#xD;
2019-12-06 10:08:57 - [TEST_STEP][PASSED] - if (result == false): null&#xD;
&#xD;
2019-12-06 10:08:57 - [TEST_STEP][PASSED] - else: null&#xD;
&#xD;
2019-12-06 10:08:57 - [TEST_STEP][PASSED] - verifyEqual(statusCode, rc_ref.getHttpResponse()): Actual object '400' and expected object '400' are equal&#xD;
&#xD;
2019-12-06 10:08:57 - [MESSAGE][PASSED] - Actual object '400' and expected object '400' are equal&#xD;
&#xD;
2019-12-06 10:08:57 - [TEST_STEP][PASSED] - if (rc_ref == RC00): null</system-out>
            <system-err></system-err>
        </testcase>
        <testcase name="Test Cases/E_Wallet/TC_cancelQR/TC_cancelQR" classname="Test Cases/E_Wallet/TC_cancelQR/TC_cancelQR" status="PASSED">
            <system-out>2019-12-06 10:08:57 - [TEST_CASE][PASSED] - Test Cases/E_Wallet/TC_cancelQR/TC_cancelQR: Test Cases/E_Wallet/TC_cancelQR/TC_cancelQR&#xD;
&#xD;
2019-12-06 10:08:57 - [TEST_STEP][PASSED] - plain = "{" + ""user_agent":"" + var_user_agent + ""," + ""unique_code":"" + var_unique_code + ""}": null&#xD;
&#xD;
2019-12-06 10:08:57 - [TEST_STEP][PASSED] - partner_token = partner_token: null&#xD;
&#xD;
2019-12-06 10:08:57 - [TEST_STEP][PASSED] - out.println(plain): null&#xD;
&#xD;
2019-12-06 10:08:57 - [TEST_STEP][PASSED] - encipheredData = SecureUtils.encryptAesEwallet(plain, var_aes_key): null&#xD;
&#xD;
2019-12-06 10:08:57 - [TEST_STEP][PASSED] - body = "{"organisation_id":"" + var_organisation_id + ""," + ""data":"" + encipheredData + ""," + ""lang":"" + var_lang + ""}": null&#xD;
&#xD;
2019-12-06 10:08:57 - [TEST_STEP][PASSED] - out.println(body): null&#xD;
&#xD;
2019-12-06 10:08:57 - [TEST_STEP][PASSED] - request = findTestObject("E_Wallet/obj_cancelQR"): null&#xD;
&#xD;
2019-12-06 10:08:57 - [TEST_STEP][PASSED] - request.setBodyContent(new com.kms.katalon.core.testobject.impl.HttpTextBodyContent(body, UTF-8, application/json)): null&#xD;
&#xD;
2019-12-06 10:08:57 - [TEST_STEP][PASSED] - if (var_customer_token == 0): null&#xD;
&#xD;
2019-12-06 10:08:57 - [TEST_STEP][PASSED] - else: null&#xD;
&#xD;
2019-12-06 10:08:57 - [TEST_STEP][PASSED] - out.println("using access_token = " + access_token_customer): null&#xD;
&#xD;
2019-12-06 10:08:57 - [TEST_STEP][PASSED] - listQuery = new java.util.ArrayList(): null&#xD;
&#xD;
2019-12-06 10:08:57 - [TEST_STEP][PASSED] - listQuery.add(new com.kms.katalon.core.testobject.TestObjectProperty(token, com.kms.katalon.core.testobject.ConditionType.EQUALS, internal.GlobalVariable.access_token_customer)): null&#xD;
&#xD;
2019-12-06 10:08:57 - [TEST_STEP][PASSED] - request.setRestParameters(listQuery): null&#xD;
&#xD;
2019-12-06 10:08:57 - [TEST_STEP][PASSED] - response = sendRequest(request): Send request successfully&#xD;
&#xD;
2019-12-06 10:08:57 - [MESSAGE][INFO] - HAR: D:\katalon-ewallet\Reports\E_Wallet\TS_cancelQR\TS_cancelQR\20191206_100850\requests\main\10.har&#xD;
&#xD;
2019-12-06 10:08:57 - [MESSAGE][PASSED] - Send request successfully&#xD;
&#xD;
2019-12-06 10:08:57 - [TEST_STEP][PASSED] - println(request.getRestUrl()): null&#xD;
&#xD;
2019-12-06 10:08:57 - [TEST_STEP][PASSED] - body_content = responseBodyContent: null&#xD;
&#xD;
2019-12-06 10:08:57 - [TEST_STEP][PASSED] - status_code = statusCode: null&#xD;
&#xD;
2019-12-06 10:08:57 - [TEST_STEP][PASSED] - respDataMap = JsonSlurper().parseText(body_content): null&#xD;
&#xD;
2019-12-06 10:08:57 - [TEST_STEP][PASSED] - out.println(respDataMap): null&#xD;
&#xD;
2019-12-06 10:08:57 - [TEST_STEP][PASSED] - println(body_content): null&#xD;
&#xD;
2019-12-06 10:08:57 - [TEST_STEP][PASSED] - rc_ref = ReturnCodeWrapper(var_expected_rc).getEnumRC(): null&#xD;
&#xD;
2019-12-06 10:08:57 - [TEST_STEP][PASSED] - out.println(var_expected_rc): null&#xD;
&#xD;
2019-12-06 10:08:57 - [TEST_STEP][PASSED] - out.println(rc_ref.getRCName()): null&#xD;
&#xD;
2019-12-06 10:08:57 - [TEST_STEP][PASSED] - out.println(rc_ref.getHttpResponse()): null&#xD;
&#xD;
2019-12-06 10:08:57 - [TEST_STEP][PASSED] - result = verifyEqual(response_code, rc_ref.getRCName()): Actual object 'RC01' and expected object 'RC01' are equal&#xD;
&#xD;
2019-12-06 10:08:57 - [MESSAGE][PASSED] - Actual object 'RC01' and expected object 'RC01' are equal&#xD;
&#xD;
2019-12-06 10:08:57 - [TEST_STEP][PASSED] - if (result == false): null&#xD;
&#xD;
2019-12-06 10:08:57 - [TEST_STEP][PASSED] - else: null&#xD;
&#xD;
2019-12-06 10:08:57 - [TEST_STEP][PASSED] - verifyEqual(statusCode, rc_ref.getHttpResponse()): Actual object '400' and expected object '400' are equal&#xD;
&#xD;
2019-12-06 10:08:57 - [MESSAGE][PASSED] - Actual object '400' and expected object '400' are equal&#xD;
&#xD;
2019-12-06 10:08:57 - [TEST_STEP][PASSED] - if (rc_ref == RC00): null</system-out>
            <system-err></system-err>
        </testcase>
        <testcase name="Test Cases/E_Wallet/TC_cancelQR/TC_cancelQR" classname="Test Cases/E_Wallet/TC_cancelQR/TC_cancelQR" status="PASSED">
            <system-out>2019-12-06 10:08:57 - [TEST_CASE][PASSED] - Test Cases/E_Wallet/TC_cancelQR/TC_cancelQR: Test Cases/E_Wallet/TC_cancelQR/TC_cancelQR&#xD;
&#xD;
2019-12-06 10:08:57 - [TEST_STEP][PASSED] - plain = "{" + ""user_agent":"" + var_user_agent + ""," + ""unique_code":"" + var_unique_code + ""}": null&#xD;
&#xD;
2019-12-06 10:08:57 - [TEST_STEP][PASSED] - partner_token = partner_token: null&#xD;
&#xD;
2019-12-06 10:08:57 - [TEST_STEP][PASSED] - out.println(plain): null&#xD;
&#xD;
2019-12-06 10:08:57 - [TEST_STEP][PASSED] - encipheredData = SecureUtils.encryptAesEwallet(plain, var_aes_key): null&#xD;
&#xD;
2019-12-06 10:08:57 - [TEST_STEP][PASSED] - body = "{"organisation_id":"" + var_organisation_id + ""," + ""data":"" + encipheredData + ""," + ""lang":"" + var_lang + ""}": null&#xD;
&#xD;
2019-12-06 10:08:57 - [TEST_STEP][PASSED] - out.println(body): null&#xD;
&#xD;
2019-12-06 10:08:57 - [TEST_STEP][PASSED] - request = findTestObject("E_Wallet/obj_cancelQR"): null&#xD;
&#xD;
2019-12-06 10:08:57 - [TEST_STEP][PASSED] - request.setBodyContent(new com.kms.katalon.core.testobject.impl.HttpTextBodyContent(body, UTF-8, application/json)): null&#xD;
&#xD;
2019-12-06 10:08:57 - [TEST_STEP][PASSED] - if (var_customer_token == 0): null&#xD;
&#xD;
2019-12-06 10:08:57 - [TEST_STEP][PASSED] - else: null&#xD;
&#xD;
2019-12-06 10:08:57 - [TEST_STEP][PASSED] - out.println("using access_token = " + access_token_customer): null&#xD;
&#xD;
2019-12-06 10:08:57 - [TEST_STEP][PASSED] - listQuery = new java.util.ArrayList(): null&#xD;
&#xD;
2019-12-06 10:08:57 - [TEST_STEP][PASSED] - listQuery.add(new com.kms.katalon.core.testobject.TestObjectProperty(token, com.kms.katalon.core.testobject.ConditionType.EQUALS, internal.GlobalVariable.access_token_customer)): null&#xD;
&#xD;
2019-12-06 10:08:57 - [TEST_STEP][PASSED] - request.setRestParameters(listQuery): null&#xD;
&#xD;
2019-12-06 10:08:57 - [TEST_STEP][PASSED] - response = sendRequest(request): Send request successfully&#xD;
&#xD;
2019-12-06 10:08:58 - [MESSAGE][INFO] - HAR: D:\katalon-ewallet\Reports\E_Wallet\TS_cancelQR\TS_cancelQR\20191206_100850\requests\main\11.har&#xD;
&#xD;
2019-12-06 10:08:58 - [MESSAGE][PASSED] - Send request successfully&#xD;
&#xD;
2019-12-06 10:08:58 - [TEST_STEP][PASSED] - println(request.getRestUrl()): null&#xD;
&#xD;
2019-12-06 10:08:58 - [TEST_STEP][PASSED] - body_content = responseBodyContent: null&#xD;
&#xD;
2019-12-06 10:08:58 - [TEST_STEP][PASSED] - status_code = statusCode: null&#xD;
&#xD;
2019-12-06 10:08:58 - [TEST_STEP][PASSED] - respDataMap = JsonSlurper().parseText(body_content): null&#xD;
&#xD;
2019-12-06 10:08:58 - [TEST_STEP][PASSED] - out.println(respDataMap): null&#xD;
&#xD;
2019-12-06 10:08:58 - [TEST_STEP][PASSED] - println(body_content): null&#xD;
&#xD;
2019-12-06 10:08:58 - [TEST_STEP][PASSED] - rc_ref = ReturnCodeWrapper(var_expected_rc).getEnumRC(): null&#xD;
&#xD;
2019-12-06 10:08:58 - [TEST_STEP][PASSED] - out.println(var_expected_rc): null&#xD;
&#xD;
2019-12-06 10:08:58 - [TEST_STEP][PASSED] - out.println(rc_ref.getRCName()): null&#xD;
&#xD;
2019-12-06 10:08:58 - [TEST_STEP][PASSED] - out.println(rc_ref.getHttpResponse()): null&#xD;
&#xD;
2019-12-06 10:08:58 - [TEST_STEP][PASSED] - result = verifyEqual(response_code, rc_ref.getRCName()): Actual object 'RC01' and expected object 'RC01' are equal&#xD;
&#xD;
2019-12-06 10:08:58 - [MESSAGE][PASSED] - Actual object 'RC01' and expected object 'RC01' are equal&#xD;
&#xD;
2019-12-06 10:08:58 - [TEST_STEP][PASSED] - if (result == false): null&#xD;
&#xD;
2019-12-06 10:08:58 - [TEST_STEP][PASSED] - else: null&#xD;
&#xD;
2019-12-06 10:08:58 - [TEST_STEP][PASSED] - verifyEqual(statusCode, rc_ref.getHttpResponse()): Actual object '400' and expected object '400' are equal&#xD;
&#xD;
2019-12-06 10:08:58 - [MESSAGE][PASSED] - Actual object '400' and expected object '400' are equal&#xD;
&#xD;
2019-12-06 10:08:58 - [TEST_STEP][PASSED] - if (rc_ref == RC00): null</system-out>
            <system-err></system-err>
        </testcase>
        <testcase name="Test Cases/E_Wallet/TC_cancelQR/TC_cancelQR" classname="Test Cases/E_Wallet/TC_cancelQR/TC_cancelQR" status="PASSED">
            <system-out>2019-12-06 10:08:58 - [TEST_CASE][PASSED] - Test Cases/E_Wallet/TC_cancelQR/TC_cancelQR: Test Cases/E_Wallet/TC_cancelQR/TC_cancelQR&#xD;
&#xD;
2019-12-06 10:08:58 - [TEST_STEP][PASSED] - plain = "{" + ""user_agent":"" + var_user_agent + ""," + ""unique_code":"" + var_unique_code + ""}": null&#xD;
&#xD;
2019-12-06 10:08:58 - [TEST_STEP][PASSED] - partner_token = partner_token: null&#xD;
&#xD;
2019-12-06 10:08:58 - [TEST_STEP][PASSED] - out.println(plain): null&#xD;
&#xD;
2019-12-06 10:08:58 - [TEST_STEP][PASSED] - encipheredData = SecureUtils.encryptAesEwallet(plain, var_aes_key): null&#xD;
&#xD;
2019-12-06 10:08:58 - [TEST_STEP][PASSED] - body = "{"organisation_id":"" + var_organisation_id + ""," + ""data":"" + encipheredData + ""," + ""lang":"" + var_lang + ""}": null&#xD;
&#xD;
2019-12-06 10:08:58 - [TEST_STEP][PASSED] - out.println(body): null&#xD;
&#xD;
2019-12-06 10:08:58 - [TEST_STEP][PASSED] - request = findTestObject("E_Wallet/obj_cancelQR"): null&#xD;
&#xD;
2019-12-06 10:08:58 - [TEST_STEP][PASSED] - request.setBodyContent(new com.kms.katalon.core.testobject.impl.HttpTextBodyContent(body, UTF-8, application/json)): null&#xD;
&#xD;
2019-12-06 10:08:58 - [TEST_STEP][PASSED] - if (var_customer_token == 0): null&#xD;
&#xD;
2019-12-06 10:08:58 - [TEST_STEP][PASSED] - else: null&#xD;
&#xD;
2019-12-06 10:08:58 - [TEST_STEP][PASSED] - out.println("using access_token = " + access_token_customer): null&#xD;
&#xD;
2019-12-06 10:08:58 - [TEST_STEP][PASSED] - listQuery = new java.util.ArrayList(): null&#xD;
&#xD;
2019-12-06 10:08:58 - [TEST_STEP][PASSED] - listQuery.add(new com.kms.katalon.core.testobject.TestObjectProperty(token, com.kms.katalon.core.testobject.ConditionType.EQUALS, internal.GlobalVariable.access_token_customer)): null&#xD;
&#xD;
2019-12-06 10:08:58 - [TEST_STEP][PASSED] - request.setRestParameters(listQuery): null&#xD;
&#xD;
2019-12-06 10:08:58 - [TEST_STEP][PASSED] - response = sendRequest(request): Send request successfully&#xD;
&#xD;
2019-12-06 10:08:58 - [MESSAGE][INFO] - HAR: D:\katalon-ewallet\Reports\E_Wallet\TS_cancelQR\TS_cancelQR\20191206_100850\requests\main\12.har&#xD;
&#xD;
2019-12-06 10:08:58 - [MESSAGE][PASSED] - Send request successfully&#xD;
&#xD;
2019-12-06 10:08:58 - [TEST_STEP][PASSED] - println(request.getRestUrl()): null&#xD;
&#xD;
2019-12-06 10:08:58 - [TEST_STEP][PASSED] - body_content = responseBodyContent: null&#xD;
&#xD;
2019-12-06 10:08:58 - [TEST_STEP][PASSED] - status_code = statusCode: null&#xD;
&#xD;
2019-12-06 10:08:58 - [TEST_STEP][PASSED] - respDataMap = JsonSlurper().parseText(body_content): null&#xD;
&#xD;
2019-12-06 10:08:58 - [TEST_STEP][PASSED] - out.println(respDataMap): null&#xD;
&#xD;
2019-12-06 10:08:58 - [TEST_STEP][PASSED] - println(body_content): null&#xD;
&#xD;
2019-12-06 10:08:58 - [TEST_STEP][PASSED] - rc_ref = ReturnCodeWrapper(var_expected_rc).getEnumRC(): null&#xD;
&#xD;
2019-12-06 10:08:58 - [TEST_STEP][PASSED] - out.println(var_expected_rc): null&#xD;
&#xD;
2019-12-06 10:08:58 - [TEST_STEP][PASSED] - out.println(rc_ref.getRCName()): null&#xD;
&#xD;
2019-12-06 10:08:58 - [TEST_STEP][PASSED] - out.println(rc_ref.getHttpResponse()): null&#xD;
&#xD;
2019-12-06 10:08:58 - [TEST_STEP][PASSED] - result = verifyEqual(response_code, rc_ref.getRCName()): Actual object 'RC01' and expected object 'RC01' are equal&#xD;
&#xD;
2019-12-06 10:08:58 - [MESSAGE][PASSED] - Actual object 'RC01' and expected object 'RC01' are equal&#xD;
&#xD;
2019-12-06 10:08:58 - [TEST_STEP][PASSED] - if (result == false): null&#xD;
&#xD;
2019-12-06 10:08:58 - [TEST_STEP][PASSED] - else: null&#xD;
&#xD;
2019-12-06 10:08:58 - [TEST_STEP][PASSED] - verifyEqual(statusCode, rc_ref.getHttpResponse()): Actual object '400' and expected object '400' are equal&#xD;
&#xD;
2019-12-06 10:08:58 - [MESSAGE][PASSED] - Actual object '400' and expected object '400' are equal&#xD;
&#xD;
2019-12-06 10:08:58 - [TEST_STEP][PASSED] - if (rc_ref == RC00): null</system-out>
            <system-err></system-err>
        </testcase>
        <testcase name="Test Cases/E_Wallet/TC_cancelQR/TC_cancelQR" classname="Test Cases/E_Wallet/TC_cancelQR/TC_cancelQR" status="PASSED">
            <system-out>2019-12-06 10:08:58 - [TEST_CASE][PASSED] - Test Cases/E_Wallet/TC_cancelQR/TC_cancelQR: Test Cases/E_Wallet/TC_cancelQR/TC_cancelQR&#xD;
&#xD;
2019-12-06 10:08:58 - [TEST_STEP][PASSED] - plain = "{" + ""user_agent":"" + var_user_agent + ""," + ""unique_code":"" + var_unique_code + ""}": null&#xD;
&#xD;
2019-12-06 10:08:58 - [TEST_STEP][PASSED] - partner_token = partner_token: null&#xD;
&#xD;
2019-12-06 10:08:58 - [TEST_STEP][PASSED] - out.println(plain): null&#xD;
&#xD;
2019-12-06 10:08:58 - [TEST_STEP][PASSED] - encipheredData = SecureUtils.encryptAesEwallet(plain, var_aes_key): null&#xD;
&#xD;
2019-12-06 10:08:58 - [TEST_STEP][PASSED] - body = "{"organisation_id":"" + var_organisation_id + ""," + ""data":"" + encipheredData + ""," + ""lang":"" + var_lang + ""}": null&#xD;
&#xD;
2019-12-06 10:08:58 - [TEST_STEP][PASSED] - out.println(body): null&#xD;
&#xD;
2019-12-06 10:08:58 - [TEST_STEP][PASSED] - request = findTestObject("E_Wallet/obj_cancelQR"): null&#xD;
&#xD;
2019-12-06 10:08:58 - [TEST_STEP][PASSED] - request.setBodyContent(new com.kms.katalon.core.testobject.impl.HttpTextBodyContent(body, UTF-8, application/json)): null&#xD;
&#xD;
2019-12-06 10:08:58 - [TEST_STEP][PASSED] - if (var_customer_token == 0): null&#xD;
&#xD;
2019-12-06 10:08:58 - [TEST_STEP][PASSED] - else: null&#xD;
&#xD;
2019-12-06 10:08:58 - [TEST_STEP][PASSED] - out.println("using access_token = " + access_token_customer): null&#xD;
&#xD;
2019-12-06 10:08:58 - [TEST_STEP][PASSED] - listQuery = new java.util.ArrayList(): null&#xD;
&#xD;
2019-12-06 10:08:58 - [TEST_STEP][PASSED] - listQuery.add(new com.kms.katalon.core.testobject.TestObjectProperty(token, com.kms.katalon.core.testobject.ConditionType.EQUALS, internal.GlobalVariable.access_token_customer)): null&#xD;
&#xD;
2019-12-06 10:08:58 - [TEST_STEP][PASSED] - request.setRestParameters(listQuery): null&#xD;
&#xD;
2019-12-06 10:08:58 - [TEST_STEP][PASSED] - response = sendRequest(request): Send request successfully&#xD;
&#xD;
2019-12-06 10:08:58 - [MESSAGE][INFO] - HAR: D:\katalon-ewallet\Reports\E_Wallet\TS_cancelQR\TS_cancelQR\20191206_100850\requests\main\13.har&#xD;
&#xD;
2019-12-06 10:08:58 - [MESSAGE][PASSED] - Send request successfully&#xD;
&#xD;
2019-12-06 10:08:58 - [TEST_STEP][PASSED] - println(request.getRestUrl()): null&#xD;
&#xD;
2019-12-06 10:08:58 - [TEST_STEP][PASSED] - body_content = responseBodyContent: null&#xD;
&#xD;
2019-12-06 10:08:58 - [TEST_STEP][PASSED] - status_code = statusCode: null&#xD;
&#xD;
2019-12-06 10:08:58 - [TEST_STEP][PASSED] - respDataMap = JsonSlurper().parseText(body_content): null&#xD;
&#xD;
2019-12-06 10:08:58 - [TEST_STEP][PASSED] - out.println(respDataMap): null&#xD;
&#xD;
2019-12-06 10:08:58 - [TEST_STEP][PASSED] - println(body_content): null&#xD;
&#xD;
2019-12-06 10:08:58 - [TEST_STEP][PASSED] - rc_ref = ReturnCodeWrapper(var_expected_rc).getEnumRC(): null&#xD;
&#xD;
2019-12-06 10:08:58 - [TEST_STEP][PASSED] - out.println(var_expected_rc): null&#xD;
&#xD;
2019-12-06 10:08:58 - [TEST_STEP][PASSED] - out.println(rc_ref.getRCName()): null&#xD;
&#xD;
2019-12-06 10:08:58 - [TEST_STEP][PASSED] - out.println(rc_ref.getHttpResponse()): null&#xD;
&#xD;
2019-12-06 10:08:58 - [TEST_STEP][PASSED] - result = verifyEqual(response_code, rc_ref.getRCName()): Actual object 'RC01' and expected object 'RC01' are equal&#xD;
&#xD;
2019-12-06 10:08:58 - [MESSAGE][PASSED] - Actual object 'RC01' and expected object 'RC01' are equal&#xD;
&#xD;
2019-12-06 10:08:58 - [TEST_STEP][PASSED] - if (result == false): null&#xD;
&#xD;
2019-12-06 10:08:58 - [TEST_STEP][PASSED] - else: null&#xD;
&#xD;
2019-12-06 10:08:58 - [TEST_STEP][PASSED] - verifyEqual(statusCode, rc_ref.getHttpResponse()): Actual object '400' and expected object '400' are equal&#xD;
&#xD;
2019-12-06 10:08:58 - [MESSAGE][PASSED] - Actual object '400' and expected object '400' are equal&#xD;
&#xD;
2019-12-06 10:08:58 - [TEST_STEP][PASSED] - if (rc_ref == RC00): null</system-out>
            <system-err></system-err>
        </testcase>
        <testcase name="Test Cases/E_Wallet/TC_cancelQR/TC_cancelQR" classname="Test Cases/E_Wallet/TC_cancelQR/TC_cancelQR" status="PASSED">
            <system-out>2019-12-06 10:08:58 - [TEST_CASE][PASSED] - Test Cases/E_Wallet/TC_cancelQR/TC_cancelQR: Test Cases/E_Wallet/TC_cancelQR/TC_cancelQR&#xD;
&#xD;
2019-12-06 10:08:58 - [TEST_STEP][PASSED] - plain = "{" + ""user_agent":"" + var_user_agent + ""," + ""unique_code":"" + var_unique_code + ""}": null&#xD;
&#xD;
2019-12-06 10:08:58 - [TEST_STEP][PASSED] - partner_token = partner_token: null&#xD;
&#xD;
2019-12-06 10:08:58 - [TEST_STEP][PASSED] - out.println(plain): null&#xD;
&#xD;
2019-12-06 10:08:58 - [TEST_STEP][PASSED] - encipheredData = SecureUtils.encryptAesEwallet(plain, var_aes_key): null&#xD;
&#xD;
2019-12-06 10:08:58 - [TEST_STEP][PASSED] - body = "{"organisation_id":"" + var_organisation_id + ""," + ""data":"" + encipheredData + ""," + ""lang":"" + var_lang + ""}": null&#xD;
&#xD;
2019-12-06 10:08:58 - [TEST_STEP][PASSED] - out.println(body): null&#xD;
&#xD;
2019-12-06 10:08:58 - [TEST_STEP][PASSED] - request = findTestObject("E_Wallet/obj_cancelQR"): null&#xD;
&#xD;
2019-12-06 10:08:58 - [TEST_STEP][PASSED] - request.setBodyContent(new com.kms.katalon.core.testobject.impl.HttpTextBodyContent(body, UTF-8, application/json)): null&#xD;
&#xD;
2019-12-06 10:08:58 - [TEST_STEP][PASSED] - if (var_customer_token == 0): null&#xD;
&#xD;
2019-12-06 10:08:58 - [TEST_STEP][PASSED] - else: null&#xD;
&#xD;
2019-12-06 10:08:58 - [TEST_STEP][PASSED] - out.println("using access_token = " + access_token_customer): null&#xD;
&#xD;
2019-12-06 10:08:58 - [TEST_STEP][PASSED] - listQuery = new java.util.ArrayList(): null&#xD;
&#xD;
2019-12-06 10:08:58 - [TEST_STEP][PASSED] - listQuery.add(new com.kms.katalon.core.testobject.TestObjectProperty(token, com.kms.katalon.core.testobject.ConditionType.EQUALS, internal.GlobalVariable.access_token_customer)): null&#xD;
&#xD;
2019-12-06 10:08:58 - [TEST_STEP][PASSED] - request.setRestParameters(listQuery): null&#xD;
&#xD;
2019-12-06 10:08:58 - [TEST_STEP][PASSED] - response = sendRequest(request): Send request successfully&#xD;
&#xD;
2019-12-06 10:08:58 - [MESSAGE][INFO] - HAR: D:\katalon-ewallet\Reports\E_Wallet\TS_cancelQR\TS_cancelQR\20191206_100850\requests\main\14.har&#xD;
&#xD;
2019-12-06 10:08:58 - [MESSAGE][PASSED] - Send request successfully&#xD;
&#xD;
2019-12-06 10:08:58 - [TEST_STEP][PASSED] - println(request.getRestUrl()): null&#xD;
&#xD;
2019-12-06 10:08:58 - [TEST_STEP][PASSED] - body_content = responseBodyContent: null&#xD;
&#xD;
2019-12-06 10:08:58 - [TEST_STEP][PASSED] - status_code = statusCode: null&#xD;
&#xD;
2019-12-06 10:08:58 - [TEST_STEP][PASSED] - respDataMap = JsonSlurper().parseText(body_content): null&#xD;
&#xD;
2019-12-06 10:08:58 - [TEST_STEP][PASSED] - out.println(respDataMap): null&#xD;
&#xD;
2019-12-06 10:08:58 - [TEST_STEP][PASSED] - println(body_content): null&#xD;
&#xD;
2019-12-06 10:08:58 - [TEST_STEP][PASSED] - rc_ref = ReturnCodeWrapper(var_expected_rc).getEnumRC(): null&#xD;
&#xD;
2019-12-06 10:08:58 - [TEST_STEP][PASSED] - out.println(var_expected_rc): null&#xD;
&#xD;
2019-12-06 10:08:58 - [TEST_STEP][PASSED] - out.println(rc_ref.getRCName()): null&#xD;
&#xD;
2019-12-06 10:08:58 - [TEST_STEP][PASSED] - out.println(rc_ref.getHttpResponse()): null&#xD;
&#xD;
2019-12-06 10:08:58 - [TEST_STEP][PASSED] - result = verifyEqual(response_code, rc_ref.getRCName()): Actual object 'RC01' and expected object 'RC01' are equal&#xD;
&#xD;
2019-12-06 10:08:58 - [MESSAGE][PASSED] - Actual object 'RC01' and expected object 'RC01' are equal&#xD;
&#xD;
2019-12-06 10:08:58 - [TEST_STEP][PASSED] - if (result == false): null&#xD;
&#xD;
2019-12-06 10:08:58 - [TEST_STEP][PASSED] - else: null&#xD;
&#xD;
2019-12-06 10:08:58 - [TEST_STEP][PASSED] - verifyEqual(statusCode, rc_ref.getHttpResponse()): Actual object '400' and expected object '400' are equal&#xD;
&#xD;
2019-12-06 10:08:58 - [MESSAGE][PASSED] - Actual object '400' and expected object '400' are equal&#xD;
&#xD;
2019-12-06 10:08:58 - [TEST_STEP][PASSED] - if (rc_ref == RC00): null</system-out>
            <system-err></system-err>
        </testcase>
        <testcase name="Test Cases/E_Wallet/TC_cancelQR/TC_cancelQR" classname="Test Cases/E_Wallet/TC_cancelQR/TC_cancelQR" status="PASSED">
            <system-out>2019-12-06 10:08:58 - [TEST_CASE][PASSED] - Test Cases/E_Wallet/TC_cancelQR/TC_cancelQR: Test Cases/E_Wallet/TC_cancelQR/TC_cancelQR&#xD;
&#xD;
2019-12-06 10:08:58 - [TEST_STEP][PASSED] - plain = "{" + ""user_agent":"" + var_user_agent + ""," + ""unique_code":"" + var_unique_code + ""}": null&#xD;
&#xD;
2019-12-06 10:08:58 - [TEST_STEP][PASSED] - partner_token = partner_token: null&#xD;
&#xD;
2019-12-06 10:08:58 - [TEST_STEP][PASSED] - out.println(plain): null&#xD;
&#xD;
2019-12-06 10:08:58 - [TEST_STEP][PASSED] - encipheredData = SecureUtils.encryptAesEwallet(plain, var_aes_key): null&#xD;
&#xD;
2019-12-06 10:08:58 - [TEST_STEP][PASSED] - body = "{"organisation_id":"" + var_organisation_id + ""," + ""data":"" + encipheredData + ""," + ""lang":"" + var_lang + ""}": null&#xD;
&#xD;
2019-12-06 10:08:58 - [TEST_STEP][PASSED] - out.println(body): null&#xD;
&#xD;
2019-12-06 10:08:58 - [TEST_STEP][PASSED] - request = findTestObject("E_Wallet/obj_cancelQR"): null&#xD;
&#xD;
2019-12-06 10:08:58 - [TEST_STEP][PASSED] - request.setBodyContent(new com.kms.katalon.core.testobject.impl.HttpTextBodyContent(body, UTF-8, application/json)): null&#xD;
&#xD;
2019-12-06 10:08:58 - [TEST_STEP][PASSED] - if (var_customer_token == 0): null&#xD;
&#xD;
2019-12-06 10:08:58 - [TEST_STEP][PASSED] - else: null&#xD;
&#xD;
2019-12-06 10:08:58 - [TEST_STEP][PASSED] - out.println("using access_token = " + access_token_customer): null&#xD;
&#xD;
2019-12-06 10:08:58 - [TEST_STEP][PASSED] - listQuery = new java.util.ArrayList(): null&#xD;
&#xD;
2019-12-06 10:08:58 - [TEST_STEP][PASSED] - listQuery.add(new com.kms.katalon.core.testobject.TestObjectProperty(token, com.kms.katalon.core.testobject.ConditionType.EQUALS, internal.GlobalVariable.access_token_customer)): null&#xD;
&#xD;
2019-12-06 10:08:58 - [TEST_STEP][PASSED] - request.setRestParameters(listQuery): null&#xD;
&#xD;
2019-12-06 10:08:58 - [TEST_STEP][PASSED] - response = sendRequest(request): Send request successfully&#xD;
&#xD;
2019-12-06 10:08:58 - [MESSAGE][INFO] - HAR: D:\katalon-ewallet\Reports\E_Wallet\TS_cancelQR\TS_cancelQR\20191206_100850\requests\main\15.har&#xD;
&#xD;
2019-12-06 10:08:58 - [MESSAGE][PASSED] - Send request successfully&#xD;
&#xD;
2019-12-06 10:08:58 - [TEST_STEP][PASSED] - println(request.getRestUrl()): null&#xD;
&#xD;
2019-12-06 10:08:58 - [TEST_STEP][PASSED] - body_content = responseBodyContent: null&#xD;
&#xD;
2019-12-06 10:08:58 - [TEST_STEP][PASSED] - status_code = statusCode: null&#xD;
&#xD;
2019-12-06 10:08:58 - [TEST_STEP][PASSED] - respDataMap = JsonSlurper().parseText(body_content): null&#xD;
&#xD;
2019-12-06 10:08:58 - [TEST_STEP][PASSED] - out.println(respDataMap): null&#xD;
&#xD;
2019-12-06 10:08:58 - [TEST_STEP][PASSED] - println(body_content): null&#xD;
&#xD;
2019-12-06 10:08:58 - [TEST_STEP][PASSED] - rc_ref = ReturnCodeWrapper(var_expected_rc).getEnumRC(): null&#xD;
&#xD;
2019-12-06 10:08:58 - [TEST_STEP][PASSED] - out.println(var_expected_rc): null&#xD;
&#xD;
2019-12-06 10:08:58 - [TEST_STEP][PASSED] - out.println(rc_ref.getRCName()): null&#xD;
&#xD;
2019-12-06 10:08:58 - [TEST_STEP][PASSED] - out.println(rc_ref.getHttpResponse()): null&#xD;
&#xD;
2019-12-06 10:08:58 - [TEST_STEP][PASSED] - result = verifyEqual(response_code, rc_ref.getRCName()): Actual object 'RC01' and expected object 'RC01' are equal&#xD;
&#xD;
2019-12-06 10:08:58 - [MESSAGE][PASSED] - Actual object 'RC01' and expected object 'RC01' are equal&#xD;
&#xD;
2019-12-06 10:08:58 - [TEST_STEP][PASSED] - if (result == false): null&#xD;
&#xD;
2019-12-06 10:08:58 - [TEST_STEP][PASSED] - else: null&#xD;
&#xD;
2019-12-06 10:08:58 - [TEST_STEP][PASSED] - verifyEqual(statusCode, rc_ref.getHttpResponse()): Actual object '400' and expected object '400' are equal&#xD;
&#xD;
2019-12-06 10:08:58 - [MESSAGE][PASSED] - Actual object '400' and expected object '400' are equal&#xD;
&#xD;
2019-12-06 10:08:58 - [TEST_STEP][PASSED] - if (rc_ref == RC00): null</system-out>
            <system-err></system-err>
        </testcase>
        <testcase name="Test Cases/E_Wallet/TC_cancelQR/TC_cancelQR" classname="Test Cases/E_Wallet/TC_cancelQR/TC_cancelQR" status="PASSED">
            <system-out>2019-12-06 10:08:58 - [TEST_CASE][PASSED] - Test Cases/E_Wallet/TC_cancelQR/TC_cancelQR: Test Cases/E_Wallet/TC_cancelQR/TC_cancelQR&#xD;
&#xD;
2019-12-06 10:08:58 - [TEST_STEP][PASSED] - plain = "{" + ""user_agent":"" + var_user_agent + ""," + ""unique_code":"" + var_unique_code + ""}": null&#xD;
&#xD;
2019-12-06 10:08:58 - [TEST_STEP][PASSED] - partner_token = partner_token: null&#xD;
&#xD;
2019-12-06 10:08:58 - [TEST_STEP][PASSED] - out.println(plain): null&#xD;
&#xD;
2019-12-06 10:08:58 - [TEST_STEP][PASSED] - encipheredData = SecureUtils.encryptAesEwallet(plain, var_aes_key): null&#xD;
&#xD;
2019-12-06 10:08:58 - [TEST_STEP][PASSED] - body = "{"organisation_id":"" + var_organisation_id + ""," + ""data":"" + encipheredData + ""," + ""lang":"" + var_lang + ""}": null&#xD;
&#xD;
2019-12-06 10:08:58 - [TEST_STEP][PASSED] - out.println(body): null&#xD;
&#xD;
2019-12-06 10:08:58 - [TEST_STEP][PASSED] - request = findTestObject("E_Wallet/obj_cancelQR"): null&#xD;
&#xD;
2019-12-06 10:08:59 - [TEST_STEP][PASSED] - request.setBodyContent(new com.kms.katalon.core.testobject.impl.HttpTextBodyContent(body, UTF-8, application/json)): null&#xD;
&#xD;
2019-12-06 10:08:59 - [TEST_STEP][PASSED] - if (var_customer_token == 0): null&#xD;
&#xD;
2019-12-06 10:08:59 - [TEST_STEP][PASSED] - else: null&#xD;
&#xD;
2019-12-06 10:08:59 - [TEST_STEP][PASSED] - out.println("using access_token = " + access_token_customer): null&#xD;
&#xD;
2019-12-06 10:08:59 - [TEST_STEP][PASSED] - listQuery = new java.util.ArrayList(): null&#xD;
&#xD;
2019-12-06 10:08:59 - [TEST_STEP][PASSED] - listQuery.add(new com.kms.katalon.core.testobject.TestObjectProperty(token, com.kms.katalon.core.testobject.ConditionType.EQUALS, internal.GlobalVariable.access_token_customer)): null&#xD;
&#xD;
2019-12-06 10:08:59 - [TEST_STEP][PASSED] - request.setRestParameters(listQuery): null&#xD;
&#xD;
2019-12-06 10:08:59 - [TEST_STEP][PASSED] - response = sendRequest(request): Send request successfully&#xD;
&#xD;
2019-12-06 10:08:59 - [MESSAGE][INFO] - HAR: D:\katalon-ewallet\Reports\E_Wallet\TS_cancelQR\TS_cancelQR\20191206_100850\requests\main\16.har&#xD;
&#xD;
2019-12-06 10:08:59 - [MESSAGE][PASSED] - Send request successfully&#xD;
&#xD;
2019-12-06 10:08:59 - [TEST_STEP][PASSED] - println(request.getRestUrl()): null&#xD;
&#xD;
2019-12-06 10:08:59 - [TEST_STEP][PASSED] - body_content = responseBodyContent: null&#xD;
&#xD;
2019-12-06 10:08:59 - [TEST_STEP][PASSED] - status_code = statusCode: null&#xD;
&#xD;
2019-12-06 10:08:59 - [TEST_STEP][PASSED] - respDataMap = JsonSlurper().parseText(body_content): null&#xD;
&#xD;
2019-12-06 10:08:59 - [TEST_STEP][PASSED] - out.println(respDataMap): null&#xD;
&#xD;
2019-12-06 10:08:59 - [TEST_STEP][PASSED] - println(body_content): null&#xD;
&#xD;
2019-12-06 10:08:59 - [TEST_STEP][PASSED] - rc_ref = ReturnCodeWrapper(var_expected_rc).getEnumRC(): null&#xD;
&#xD;
2019-12-06 10:08:59 - [TEST_STEP][PASSED] - out.println(var_expected_rc): null&#xD;
&#xD;
2019-12-06 10:08:59 - [TEST_STEP][PASSED] - out.println(rc_ref.getRCName()): null&#xD;
&#xD;
2019-12-06 10:08:59 - [TEST_STEP][PASSED] - out.println(rc_ref.getHttpResponse()): null&#xD;
&#xD;
2019-12-06 10:08:59 - [TEST_STEP][PASSED] - result = verifyEqual(response_code, rc_ref.getRCName()): Actual object 'RC02' and expected object 'RC02' are equal&#xD;
&#xD;
2019-12-06 10:08:59 - [MESSAGE][PASSED] - Actual object 'RC02' and expected object 'RC02' are equal&#xD;
&#xD;
2019-12-06 10:08:59 - [TEST_STEP][PASSED] - if (result == false): null&#xD;
&#xD;
2019-12-06 10:08:59 - [TEST_STEP][PASSED] - else: null&#xD;
&#xD;
2019-12-06 10:08:59 - [TEST_STEP][PASSED] - verifyEqual(statusCode, rc_ref.getHttpResponse()): Actual object '400' and expected object '400' are equal&#xD;
&#xD;
2019-12-06 10:08:59 - [MESSAGE][PASSED] - Actual object '400' and expected object '400' are equal&#xD;
&#xD;
2019-12-06 10:08:59 - [TEST_STEP][PASSED] - if (rc_ref == RC00): null</system-out>
            <system-err></system-err>
        </testcase>
        <testcase name="Test Cases/E_Wallet/TC_cancelQR/TC_cancelQR" classname="Test Cases/E_Wallet/TC_cancelQR/TC_cancelQR" status="PASSED">
            <system-out>2019-12-06 10:08:59 - [TEST_CASE][PASSED] - Test Cases/E_Wallet/TC_cancelQR/TC_cancelQR: Test Cases/E_Wallet/TC_cancelQR/TC_cancelQR&#xD;
&#xD;
2019-12-06 10:08:59 - [TEST_STEP][PASSED] - plain = "{" + ""user_agent":"" + var_user_agent + ""," + ""unique_code":"" + var_unique_code + ""}": null&#xD;
&#xD;
2019-12-06 10:08:59 - [TEST_STEP][PASSED] - partner_token = partner_token: null&#xD;
&#xD;
2019-12-06 10:08:59 - [TEST_STEP][PASSED] - out.println(plain): null&#xD;
&#xD;
2019-12-06 10:08:59 - [TEST_STEP][PASSED] - encipheredData = SecureUtils.encryptAesEwallet(plain, var_aes_key): null&#xD;
&#xD;
2019-12-06 10:08:59 - [TEST_STEP][PASSED] - body = "{"organisation_id":"" + var_organisation_id + ""," + ""data":"" + encipheredData + ""," + ""lang":"" + var_lang + ""}": null&#xD;
&#xD;
2019-12-06 10:08:59 - [TEST_STEP][PASSED] - out.println(body): null&#xD;
&#xD;
2019-12-06 10:08:59 - [TEST_STEP][PASSED] - request = findTestObject("E_Wallet/obj_cancelQR"): null&#xD;
&#xD;
2019-12-06 10:08:59 - [TEST_STEP][PASSED] - request.setBodyContent(new com.kms.katalon.core.testobject.impl.HttpTextBodyContent(body, UTF-8, application/json)): null&#xD;
&#xD;
2019-12-06 10:08:59 - [TEST_STEP][PASSED] - if (var_customer_token == 0): null&#xD;
&#xD;
2019-12-06 10:08:59 - [TEST_STEP][PASSED] - else: null&#xD;
&#xD;
2019-12-06 10:08:59 - [TEST_STEP][PASSED] - out.println("using access_token = " + access_token_customer): null&#xD;
&#xD;
2019-12-06 10:08:59 - [TEST_STEP][PASSED] - listQuery = new java.util.ArrayList(): null&#xD;
&#xD;
2019-12-06 10:08:59 - [TEST_STEP][PASSED] - listQuery.add(new com.kms.katalon.core.testobject.TestObjectProperty(token, com.kms.katalon.core.testobject.ConditionType.EQUALS, internal.GlobalVariable.access_token_customer)): null&#xD;
&#xD;
2019-12-06 10:08:59 - [TEST_STEP][PASSED] - request.setRestParameters(listQuery): null&#xD;
&#xD;
2019-12-06 10:08:59 - [TEST_STEP][PASSED] - response = sendRequest(request): Send request successfully&#xD;
&#xD;
2019-12-06 10:08:59 - [MESSAGE][INFO] - HAR: D:\katalon-ewallet\Reports\E_Wallet\TS_cancelQR\TS_cancelQR\20191206_100850\requests\main\17.har&#xD;
&#xD;
2019-12-06 10:08:59 - [MESSAGE][PASSED] - Send request successfully&#xD;
&#xD;
2019-12-06 10:08:59 - [TEST_STEP][PASSED] - println(request.getRestUrl()): null&#xD;
&#xD;
2019-12-06 10:08:59 - [TEST_STEP][PASSED] - body_content = responseBodyContent: null&#xD;
&#xD;
2019-12-06 10:08:59 - [TEST_STEP][PASSED] - status_code = statusCode: null&#xD;
&#xD;
2019-12-06 10:08:59 - [TEST_STEP][PASSED] - respDataMap = JsonSlurper().parseText(body_content): null&#xD;
&#xD;
2019-12-06 10:08:59 - [TEST_STEP][PASSED] - out.println(respDataMap): null&#xD;
&#xD;
2019-12-06 10:08:59 - [TEST_STEP][PASSED] - println(body_content): null&#xD;
&#xD;
2019-12-06 10:08:59 - [TEST_STEP][PASSED] - rc_ref = ReturnCodeWrapper(var_expected_rc).getEnumRC(): null&#xD;
&#xD;
2019-12-06 10:08:59 - [TEST_STEP][PASSED] - out.println(var_expected_rc): null&#xD;
&#xD;
2019-12-06 10:08:59 - [TEST_STEP][PASSED] - out.println(rc_ref.getRCName()): null&#xD;
&#xD;
2019-12-06 10:08:59 - [TEST_STEP][PASSED] - out.println(rc_ref.getHttpResponse()): null&#xD;
&#xD;
2019-12-06 10:08:59 - [TEST_STEP][PASSED] - result = verifyEqual(response_code, rc_ref.getRCName()): Actual object 'RC01' and expected object 'RC01' are equal&#xD;
&#xD;
2019-12-06 10:08:59 - [MESSAGE][PASSED] - Actual object 'RC01' and expected object 'RC01' are equal&#xD;
&#xD;
2019-12-06 10:08:59 - [TEST_STEP][PASSED] - if (result == false): null&#xD;
&#xD;
2019-12-06 10:08:59 - [TEST_STEP][PASSED] - else: null&#xD;
&#xD;
2019-12-06 10:08:59 - [TEST_STEP][PASSED] - verifyEqual(statusCode, rc_ref.getHttpResponse()): Actual object '400' and expected object '400' are equal&#xD;
&#xD;
2019-12-06 10:08:59 - [MESSAGE][PASSED] - Actual object '400' and expected object '400' are equal&#xD;
&#xD;
2019-12-06 10:08:59 - [TEST_STEP][PASSED] - if (rc_ref == RC00): null</system-out>
            <system-err></system-err>
        </testcase>
        <testcase name="Test Cases/E_Wallet/TC_cancelQR/TC_cancelQR" classname="Test Cases/E_Wallet/TC_cancelQR/TC_cancelQR" status="PASSED">
            <system-out>2019-12-06 10:08:59 - [TEST_CASE][PASSED] - Test Cases/E_Wallet/TC_cancelQR/TC_cancelQR: Test Cases/E_Wallet/TC_cancelQR/TC_cancelQR&#xD;
&#xD;
2019-12-06 10:08:59 - [TEST_STEP][PASSED] - plain = "{" + ""user_agent":"" + var_user_agent + ""," + ""unique_code":"" + var_unique_code + ""}": null&#xD;
&#xD;
2019-12-06 10:08:59 - [TEST_STEP][PASSED] - partner_token = partner_token: null&#xD;
&#xD;
2019-12-06 10:08:59 - [TEST_STEP][PASSED] - out.println(plain): null&#xD;
&#xD;
2019-12-06 10:08:59 - [TEST_STEP][PASSED] - encipheredData = SecureUtils.encryptAesEwallet(plain, var_aes_key): null&#xD;
&#xD;
2019-12-06 10:08:59 - [TEST_STEP][PASSED] - body = "{"organisation_id":"" + var_organisation_id + ""," + ""data":"" + encipheredData + ""," + ""lang":"" + var_lang + ""}": null&#xD;
&#xD;
2019-12-06 10:08:59 - [TEST_STEP][PASSED] - out.println(body): null&#xD;
&#xD;
2019-12-06 10:08:59 - [TEST_STEP][PASSED] - request = findTestObject("E_Wallet/obj_cancelQR"): null&#xD;
&#xD;
2019-12-06 10:08:59 - [TEST_STEP][PASSED] - request.setBodyContent(new com.kms.katalon.core.testobject.impl.HttpTextBodyContent(body, UTF-8, application/json)): null&#xD;
&#xD;
2019-12-06 10:08:59 - [TEST_STEP][PASSED] - if (var_customer_token == 0): null&#xD;
&#xD;
2019-12-06 10:08:59 - [TEST_STEP][PASSED] - else: null&#xD;
&#xD;
2019-12-06 10:08:59 - [TEST_STEP][PASSED] - out.println("using access_token = " + access_token_customer): null&#xD;
&#xD;
2019-12-06 10:08:59 - [TEST_STEP][PASSED] - listQuery = new java.util.ArrayList(): null&#xD;
&#xD;
2019-12-06 10:08:59 - [TEST_STEP][PASSED] - listQuery.add(new com.kms.katalon.core.testobject.TestObjectProperty(token, com.kms.katalon.core.testobject.ConditionType.EQUALS, internal.GlobalVariable.access_token_customer)): null&#xD;
&#xD;
2019-12-06 10:08:59 - [TEST_STEP][PASSED] - request.setRestParameters(listQuery): null&#xD;
&#xD;
2019-12-06 10:08:59 - [TEST_STEP][PASSED] - response = sendRequest(request): Send request successfully&#xD;
&#xD;
2019-12-06 10:08:59 - [MESSAGE][INFO] - HAR: D:\katalon-ewallet\Reports\E_Wallet\TS_cancelQR\TS_cancelQR\20191206_100850\requests\main\18.har&#xD;
&#xD;
2019-12-06 10:08:59 - [MESSAGE][PASSED] - Send request successfully&#xD;
&#xD;
2019-12-06 10:08:59 - [TEST_STEP][PASSED] - println(request.getRestUrl()): null&#xD;
&#xD;
2019-12-06 10:08:59 - [TEST_STEP][PASSED] - body_content = responseBodyContent: null&#xD;
&#xD;
2019-12-06 10:08:59 - [TEST_STEP][PASSED] - status_code = statusCode: null&#xD;
&#xD;
2019-12-06 10:08:59 - [TEST_STEP][PASSED] - respDataMap = JsonSlurper().parseText(body_content): null&#xD;
&#xD;
2019-12-06 10:08:59 - [TEST_STEP][PASSED] - out.println(respDataMap): null&#xD;
&#xD;
2019-12-06 10:08:59 - [TEST_STEP][PASSED] - println(body_content): null&#xD;
&#xD;
2019-12-06 10:08:59 - [TEST_STEP][PASSED] - rc_ref = ReturnCodeWrapper(var_expected_rc).getEnumRC(): null&#xD;
&#xD;
2019-12-06 10:08:59 - [TEST_STEP][PASSED] - out.println(var_expected_rc): null&#xD;
&#xD;
2019-12-06 10:08:59 - [TEST_STEP][PASSED] - out.println(rc_ref.getRCName()): null&#xD;
&#xD;
2019-12-06 10:08:59 - [TEST_STEP][PASSED] - out.println(rc_ref.getHttpResponse()): null&#xD;
&#xD;
2019-12-06 10:08:59 - [TEST_STEP][PASSED] - result = verifyEqual(response_code, rc_ref.getRCName()): Actual object 'RC01' and expected object 'RC01' are equal&#xD;
&#xD;
2019-12-06 10:08:59 - [MESSAGE][PASSED] - Actual object 'RC01' and expected object 'RC01' are equal&#xD;
&#xD;
2019-12-06 10:08:59 - [TEST_STEP][PASSED] - if (result == false): null&#xD;
&#xD;
2019-12-06 10:08:59 - [TEST_STEP][PASSED] - else: null&#xD;
&#xD;
2019-12-06 10:08:59 - [TEST_STEP][PASSED] - verifyEqual(statusCode, rc_ref.getHttpResponse()): Actual object '400' and expected object '400' are equal&#xD;
&#xD;
2019-12-06 10:08:59 - [MESSAGE][PASSED] - Actual object '400' and expected object '400' are equal&#xD;
&#xD;
2019-12-06 10:08:59 - [TEST_STEP][PASSED] - if (rc_ref == RC00): null</system-out>
            <system-err></system-err>
        </testcase>
        <testcase name="Test Cases/E_Wallet/TC_cancelQR/TC_cancelQR" classname="Test Cases/E_Wallet/TC_cancelQR/TC_cancelQR" status="PASSED">
            <system-out>2019-12-06 10:08:59 - [TEST_CASE][PASSED] - Test Cases/E_Wallet/TC_cancelQR/TC_cancelQR: Test Cases/E_Wallet/TC_cancelQR/TC_cancelQR&#xD;
&#xD;
2019-12-06 10:08:59 - [TEST_STEP][PASSED] - plain = "{" + ""user_agent":"" + var_user_agent + ""," + ""unique_code":"" + var_unique_code + ""}": null&#xD;
&#xD;
2019-12-06 10:08:59 - [TEST_STEP][PASSED] - partner_token = partner_token: null&#xD;
&#xD;
2019-12-06 10:08:59 - [TEST_STEP][PASSED] - out.println(plain): null&#xD;
&#xD;
2019-12-06 10:08:59 - [TEST_STEP][PASSED] - encipheredData = SecureUtils.encryptAesEwallet(plain, var_aes_key): null&#xD;
&#xD;
2019-12-06 10:08:59 - [TEST_STEP][PASSED] - body = "{"organisation_id":"" + var_organisation_id + ""," + ""data":"" + encipheredData + ""," + ""lang":"" + var_lang + ""}": null&#xD;
&#xD;
2019-12-06 10:08:59 - [TEST_STEP][PASSED] - out.println(body): null&#xD;
&#xD;
2019-12-06 10:08:59 - [TEST_STEP][PASSED] - request = findTestObject("E_Wallet/obj_cancelQR"): null&#xD;
&#xD;
2019-12-06 10:08:59 - [TEST_STEP][PASSED] - request.setBodyContent(new com.kms.katalon.core.testobject.impl.HttpTextBodyContent(body, UTF-8, application/json)): null&#xD;
&#xD;
2019-12-06 10:08:59 - [TEST_STEP][PASSED] - if (var_customer_token == 0): null&#xD;
&#xD;
2019-12-06 10:08:59 - [TEST_STEP][PASSED] - else: null&#xD;
&#xD;
2019-12-06 10:08:59 - [TEST_STEP][PASSED] - out.println("using access_token = " + access_token_customer): null&#xD;
&#xD;
2019-12-06 10:08:59 - [TEST_STEP][PASSED] - listQuery = new java.util.ArrayList(): null&#xD;
&#xD;
2019-12-06 10:08:59 - [TEST_STEP][PASSED] - listQuery.add(new com.kms.katalon.core.testobject.TestObjectProperty(token, com.kms.katalon.core.testobject.ConditionType.EQUALS, internal.GlobalVariable.access_token_customer)): null&#xD;
&#xD;
2019-12-06 10:08:59 - [TEST_STEP][PASSED] - request.setRestParameters(listQuery): null&#xD;
&#xD;
2019-12-06 10:08:59 - [TEST_STEP][PASSED] - response = sendRequest(request): Send request successfully&#xD;
&#xD;
2019-12-06 10:08:59 - [MESSAGE][INFO] - HAR: D:\katalon-ewallet\Reports\E_Wallet\TS_cancelQR\TS_cancelQR\20191206_100850\requests\main\19.har&#xD;
&#xD;
2019-12-06 10:08:59 - [MESSAGE][PASSED] - Send request successfully&#xD;
&#xD;
2019-12-06 10:08:59 - [TEST_STEP][PASSED] - println(request.getRestUrl()): null&#xD;
&#xD;
2019-12-06 10:08:59 - [TEST_STEP][PASSED] - body_content = responseBodyContent: null&#xD;
&#xD;
2019-12-06 10:08:59 - [TEST_STEP][PASSED] - status_code = statusCode: null&#xD;
&#xD;
2019-12-06 10:08:59 - [TEST_STEP][PASSED] - respDataMap = JsonSlurper().parseText(body_content): null&#xD;
&#xD;
2019-12-06 10:08:59 - [TEST_STEP][PASSED] - out.println(respDataMap): null&#xD;
&#xD;
2019-12-06 10:08:59 - [TEST_STEP][PASSED] - println(body_content): null&#xD;
&#xD;
2019-12-06 10:08:59 - [TEST_STEP][PASSED] - rc_ref = ReturnCodeWrapper(var_expected_rc).getEnumRC(): null&#xD;
&#xD;
2019-12-06 10:08:59 - [TEST_STEP][PASSED] - out.println(var_expected_rc): null&#xD;
&#xD;
2019-12-06 10:08:59 - [TEST_STEP][PASSED] - out.println(rc_ref.getRCName()): null&#xD;
&#xD;
2019-12-06 10:08:59 - [TEST_STEP][PASSED] - out.println(rc_ref.getHttpResponse()): null&#xD;
&#xD;
2019-12-06 10:08:59 - [TEST_STEP][PASSED] - result = verifyEqual(response_code, rc_ref.getRCName()): Actual object 'RC02' and expected object 'RC02' are equal&#xD;
&#xD;
2019-12-06 10:08:59 - [MESSAGE][PASSED] - Actual object 'RC02' and expected object 'RC02' are equal&#xD;
&#xD;
2019-12-06 10:08:59 - [TEST_STEP][PASSED] - if (result == false): null&#xD;
&#xD;
2019-12-06 10:08:59 - [TEST_STEP][PASSED] - else: null&#xD;
&#xD;
2019-12-06 10:08:59 - [TEST_STEP][PASSED] - verifyEqual(statusCode, rc_ref.getHttpResponse()): Actual object '400' and expected object '400' are equal&#xD;
&#xD;
2019-12-06 10:08:59 - [MESSAGE][PASSED] - Actual object '400' and expected object '400' are equal&#xD;
&#xD;
2019-12-06 10:08:59 - [TEST_STEP][PASSED] - if (rc_ref == RC00): null</system-out>
            <system-err></system-err>
        </testcase>
        <testcase name="Test Cases/E_Wallet/TC_cancelQR/TC_cancelQR" classname="Test Cases/E_Wallet/TC_cancelQR/TC_cancelQR" status="PASSED">
            <system-out>2019-12-06 10:08:59 - [TEST_CASE][PASSED] - Test Cases/E_Wallet/TC_cancelQR/TC_cancelQR: Test Cases/E_Wallet/TC_cancelQR/TC_cancelQR&#xD;
&#xD;
2019-12-06 10:08:59 - [TEST_STEP][PASSED] - plain = "{" + ""user_agent":"" + var_user_agent + ""," + ""unique_code":"" + var_unique_code + ""}": null&#xD;
&#xD;
2019-12-06 10:08:59 - [TEST_STEP][PASSED] - partner_token = partner_token: null&#xD;
&#xD;
2019-12-06 10:08:59 - [TEST_STEP][PASSED] - out.println(plain): null&#xD;
&#xD;
2019-12-06 10:08:59 - [TEST_STEP][PASSED] - encipheredData = SecureUtils.encryptAesEwallet(plain, var_aes_key): null&#xD;
&#xD;
2019-12-06 10:08:59 - [TEST_STEP][PASSED] - body = "{"organisation_id":"" + var_organisation_id + ""," + ""data":"" + encipheredData + ""," + ""lang":"" + var_lang + ""}": null&#xD;
&#xD;
2019-12-06 10:08:59 - [TEST_STEP][PASSED] - out.println(body): null&#xD;
&#xD;
2019-12-06 10:08:59 - [TEST_STEP][PASSED] - request = findTestObject("E_Wallet/obj_cancelQR"): null&#xD;
&#xD;
2019-12-06 10:08:59 - [TEST_STEP][PASSED] - request.setBodyContent(new com.kms.katalon.core.testobject.impl.HttpTextBodyContent(body, UTF-8, application/json)): null&#xD;
&#xD;
2019-12-06 10:08:59 - [TEST_STEP][PASSED] - if (var_customer_token == 0): null&#xD;
&#xD;
2019-12-06 10:08:59 - [TEST_STEP][PASSED] - else: null&#xD;
&#xD;
2019-12-06 10:08:59 - [TEST_STEP][PASSED] - out.println("using access_token = " + access_token_customer): null&#xD;
&#xD;
2019-12-06 10:08:59 - [TEST_STEP][PASSED] - listQuery = new java.util.ArrayList(): null&#xD;
&#xD;
2019-12-06 10:08:59 - [TEST_STEP][PASSED] - listQuery.add(new com.kms.katalon.core.testobject.TestObjectProperty(token, com.kms.katalon.core.testobject.ConditionType.EQUALS, internal.GlobalVariable.access_token_customer)): null&#xD;
&#xD;
2019-12-06 10:08:59 - [TEST_STEP][PASSED] - request.setRestParameters(listQuery): null&#xD;
&#xD;
2019-12-06 10:08:59 - [TEST_STEP][PASSED] - response = sendRequest(request): Send request successfully&#xD;
&#xD;
2019-12-06 10:09:00 - [MESSAGE][INFO] - HAR: D:\katalon-ewallet\Reports\E_Wallet\TS_cancelQR\TS_cancelQR\20191206_100850\requests\main\20.har&#xD;
&#xD;
2019-12-06 10:09:00 - [MESSAGE][PASSED] - Send request successfully&#xD;
&#xD;
2019-12-06 10:09:00 - [TEST_STEP][PASSED] - println(request.getRestUrl()): null&#xD;
&#xD;
2019-12-06 10:09:00 - [TEST_STEP][PASSED] - body_content = responseBodyContent: null&#xD;
&#xD;
2019-12-06 10:09:00 - [TEST_STEP][PASSED] - status_code = statusCode: null&#xD;
&#xD;
2019-12-06 10:09:00 - [TEST_STEP][PASSED] - respDataMap = JsonSlurper().parseText(body_content): null&#xD;
&#xD;
2019-12-06 10:09:00 - [TEST_STEP][PASSED] - out.println(respDataMap): null&#xD;
&#xD;
2019-12-06 10:09:00 - [TEST_STEP][PASSED] - println(body_content): null&#xD;
&#xD;
2019-12-06 10:09:00 - [TEST_STEP][PASSED] - rc_ref = ReturnCodeWrapper(var_expected_rc).getEnumRC(): null&#xD;
&#xD;
2019-12-06 10:09:00 - [TEST_STEP][PASSED] - out.println(var_expected_rc): null&#xD;
&#xD;
2019-12-06 10:09:00 - [TEST_STEP][PASSED] - out.println(rc_ref.getRCName()): null&#xD;
&#xD;
2019-12-06 10:09:00 - [TEST_STEP][PASSED] - out.println(rc_ref.getHttpResponse()): null&#xD;
&#xD;
2019-12-06 10:09:00 - [TEST_STEP][PASSED] - result = verifyEqual(response_code, rc_ref.getRCName()): Actual object 'RC02' and expected object 'RC02' are equal&#xD;
&#xD;
2019-12-06 10:09:00 - [MESSAGE][PASSED] - Actual object 'RC02' and expected object 'RC02' are equal&#xD;
&#xD;
2019-12-06 10:09:00 - [TEST_STEP][PASSED] - if (result == false): null&#xD;
&#xD;
2019-12-06 10:09:00 - [TEST_STEP][PASSED] - else: null&#xD;
&#xD;
2019-12-06 10:09:00 - [TEST_STEP][PASSED] - verifyEqual(statusCode, rc_ref.getHttpResponse()): Actual object '400' and expected object '400' are equal&#xD;
&#xD;
2019-12-06 10:09:00 - [MESSAGE][PASSED] - Actual object '400' and expected object '400' are equal&#xD;
&#xD;
2019-12-06 10:09:00 - [TEST_STEP][PASSED] - if (rc_ref == RC00): null</system-out>
            <system-err></system-err>
        </testcase>
        <testcase name="Test Cases/E_Wallet/TC_cancelQR/TC_cancelQR" classname="Test Cases/E_Wallet/TC_cancelQR/TC_cancelQR" status="PASSED">
            <system-out>2019-12-06 10:09:00 - [TEST_CASE][PASSED] - Test Cases/E_Wallet/TC_cancelQR/TC_cancelQR: Test Cases/E_Wallet/TC_cancelQR/TC_cancelQR&#xD;
&#xD;
2019-12-06 10:09:00 - [TEST_STEP][PASSED] - plain = "{" + ""user_agent":"" + var_user_agent + ""," + ""unique_code":"" + var_unique_code + ""}": null&#xD;
&#xD;
2019-12-06 10:09:00 - [TEST_STEP][PASSED] - partner_token = partner_token: null&#xD;
&#xD;
2019-12-06 10:09:00 - [TEST_STEP][PASSED] - out.println(plain): null&#xD;
&#xD;
2019-12-06 10:09:00 - [TEST_STEP][PASSED] - encipheredData = SecureUtils.encryptAesEwallet(plain, var_aes_key): null&#xD;
&#xD;
2019-12-06 10:09:00 - [TEST_STEP][PASSED] - body = "{"organisation_id":"" + var_organisation_id + ""," + ""data":"" + encipheredData + ""," + ""lang":"" + var_lang + ""}": null&#xD;
&#xD;
2019-12-06 10:09:00 - [TEST_STEP][PASSED] - out.println(body): null&#xD;
&#xD;
2019-12-06 10:09:00 - [TEST_STEP][PASSED] - request = findTestObject("E_Wallet/obj_cancelQR"): null&#xD;
&#xD;
2019-12-06 10:09:00 - [TEST_STEP][PASSED] - request.setBodyContent(new com.kms.katalon.core.testobject.impl.HttpTextBodyContent(body, UTF-8, application/json)): null&#xD;
&#xD;
2019-12-06 10:09:00 - [TEST_STEP][PASSED] - if (var_customer_token == 0): null&#xD;
&#xD;
2019-12-06 10:09:00 - [TEST_STEP][PASSED] - else: null&#xD;
&#xD;
2019-12-06 10:09:00 - [TEST_STEP][PASSED] - out.println("using access_token = " + access_token_customer): null&#xD;
&#xD;
2019-12-06 10:09:00 - [TEST_STEP][PASSED] - listQuery = new java.util.ArrayList(): null&#xD;
&#xD;
2019-12-06 10:09:00 - [TEST_STEP][PASSED] - listQuery.add(new com.kms.katalon.core.testobject.TestObjectProperty(token, com.kms.katalon.core.testobject.ConditionType.EQUALS, internal.GlobalVariable.access_token_customer)): null&#xD;
&#xD;
2019-12-06 10:09:00 - [TEST_STEP][PASSED] - request.setRestParameters(listQuery): null&#xD;
&#xD;
2019-12-06 10:09:00 - [TEST_STEP][PASSED] - response = sendRequest(request): Send request successfully&#xD;
&#xD;
2019-12-06 10:09:00 - [MESSAGE][INFO] - HAR: D:\katalon-ewallet\Reports\E_Wallet\TS_cancelQR\TS_cancelQR\20191206_100850\requests\main\21.har&#xD;
&#xD;
2019-12-06 10:09:00 - [MESSAGE][PASSED] - Send request successfully&#xD;
&#xD;
2019-12-06 10:09:00 - [TEST_STEP][PASSED] - println(request.getRestUrl()): null&#xD;
&#xD;
2019-12-06 10:09:00 - [TEST_STEP][PASSED] - body_content = responseBodyContent: null&#xD;
&#xD;
2019-12-06 10:09:00 - [TEST_STEP][PASSED] - status_code = statusCode: null&#xD;
&#xD;
2019-12-06 10:09:00 - [TEST_STEP][PASSED] - respDataMap = JsonSlurper().parseText(body_content): null&#xD;
&#xD;
2019-12-06 10:09:00 - [TEST_STEP][PASSED] - out.println(respDataMap): null&#xD;
&#xD;
2019-12-06 10:09:00 - [TEST_STEP][PASSED] - println(body_content): null&#xD;
&#xD;
2019-12-06 10:09:00 - [TEST_STEP][PASSED] - rc_ref = ReturnCodeWrapper(var_expected_rc).getEnumRC(): null&#xD;
&#xD;
2019-12-06 10:09:00 - [TEST_STEP][PASSED] - out.println(var_expected_rc): null&#xD;
&#xD;
2019-12-06 10:09:00 - [TEST_STEP][PASSED] - out.println(rc_ref.getRCName()): null&#xD;
&#xD;
2019-12-06 10:09:00 - [TEST_STEP][PASSED] - out.println(rc_ref.getHttpResponse()): null&#xD;
&#xD;
2019-12-06 10:09:00 - [TEST_STEP][PASSED] - result = verifyEqual(response_code, rc_ref.getRCName()): Actual object 'RC02' and expected object 'RC02' are equal&#xD;
&#xD;
2019-12-06 10:09:00 - [MESSAGE][PASSED] - Actual object 'RC02' and expected object 'RC02' are equal&#xD;
&#xD;
2019-12-06 10:09:00 - [TEST_STEP][PASSED] - if (result == false): null&#xD;
&#xD;
2019-12-06 10:09:00 - [TEST_STEP][PASSED] - else: null&#xD;
&#xD;
2019-12-06 10:09:00 - [TEST_STEP][PASSED] - verifyEqual(statusCode, rc_ref.getHttpResponse()): Actual object '400' and expected object '400' are equal&#xD;
&#xD;
2019-12-06 10:09:00 - [MESSAGE][PASSED] - Actual object '400' and expected object '400' are equal&#xD;
&#xD;
2019-12-06 10:09:00 - [TEST_STEP][PASSED] - if (rc_ref == RC00): null</system-out>
            <system-err></system-err>
        </testcase>
        <system-out>2019-12-06 10:08:52 - [TEST_SUITE][INCOMPLETE] - TS_cancelQR: null</system-out>
        <system-err>2019-12-06 10:08:52 - [TEST_SUITE][INCOMPLETE] - TS_cancelQR: null</system-err>
    </testsuite>
</testsuites>
